Imports completed. Initializing device...
Device used: cuda
>>> Sweeping HSIC Weight with 128x3...
    [Pre-train Seed=42] Ep 50/200 Loss=1.5317
    [Pre-train Seed=42] Ep 100/200 Loss=1.4184
    [Pre-train Seed=42] Ep 150/200 Loss=1.4011
    [Pre-train Seed=42] Ep 200/200 Loss=1.3837
    [Fine-tune Seed=42] Ep 20/100 Loss=1.7646
    [Fine-tune Seed=42] Ep 40/100 Loss=1.6056
    [Fine-tune Seed=42] Ep 60/100 Loss=1.6482
    [Fine-tune Seed=42] Ep 80/100 Loss=1.5614
    [Fine-tune Seed=42] Ep 100/100 Loss=1.6057
  -> Seed 42: AUC=0.7906, CATE=0.1739
    [Pre-train Seed=43] Ep 50/200 Loss=1.5083
    [Pre-train Seed=43] Ep 100/200 Loss=1.4175
    [Pre-train Seed=43] Ep 150/200 Loss=1.4013
    [Pre-train Seed=43] Ep 200/200 Loss=1.3835
    [Fine-tune Seed=43] Ep 20/100 Loss=1.7504
    [Fine-tune Seed=43] Ep 40/100 Loss=1.7238
    [Fine-tune Seed=43] Ep 60/100 Loss=1.6890
    [Fine-tune Seed=43] Ep 80/100 Loss=1.5754
    [Fine-tune Seed=43] Ep 100/100 Loss=1.6456
  -> Seed 43: AUC=0.7868, CATE=0.1517
    [Pre-train Seed=44] Ep 50/200 Loss=1.5010
    [Pre-train Seed=44] Ep 100/200 Loss=1.4200
    [Pre-train Seed=44] Ep 150/200 Loss=1.4041
    [Pre-train Seed=44] Ep 200/200 Loss=1.3895
    [Fine-tune Seed=44] Ep 20/100 Loss=1.8147
    [Fine-tune Seed=44] Ep 40/100 Loss=1.7243
    [Fine-tune Seed=44] Ep 60/100 Loss=1.7196
    [Fine-tune Seed=44] Ep 80/100 Loss=1.6098
    [Fine-tune Seed=44] Ep 100/100 Loss=1.7191
  -> Seed 44: AUC=0.7872, CATE=0.1855
    [Pre-train Seed=45] Ep 50/200 Loss=1.5090
    [Pre-train Seed=45] Ep 100/200 Loss=1.4146
    [Pre-train Seed=45] Ep 150/200 Loss=1.3998
    [Pre-train Seed=45] Ep 200/200 Loss=1.3794
    [Fine-tune Seed=45] Ep 20/100 Loss=1.8588
    [Fine-tune Seed=45] Ep 40/100 Loss=1.6073
    [Fine-tune Seed=45] Ep 60/100 Loss=1.6632
    [Fine-tune Seed=45] Ep 80/100 Loss=1.5131
    [Fine-tune Seed=45] Ep 100/100 Loss=1.6542
  -> Seed 45: AUC=0.7777, CATE=0.1772
    [Pre-train Seed=46] Ep 50/200 Loss=1.5157
    [Pre-train Seed=46] Ep 100/200 Loss=1.4191
    [Pre-train Seed=46] Ep 150/200 Loss=1.4003
    [Pre-train Seed=46] Ep 200/200 Loss=1.3815
    [Fine-tune Seed=46] Ep 20/100 Loss=1.7279
    [Fine-tune Seed=46] Ep 40/100 Loss=1.6766
    [Fine-tune Seed=46] Ep 60/100 Loss=1.7104
    [Fine-tune Seed=46] Ep 80/100 Loss=1.5211
    [Fine-tune Seed=46] Ep 100/100 Loss=1.6517
  -> Seed 46: AUC=0.7918, CATE=0.1730
HSIC: lambda=0.0 -> AUC=0.7868±0.0050, CATE=0.1723±0.0112
    [Pre-train Seed=42] Ep 50/200 Loss=1.5311
    [Pre-train Seed=42] Ep 100/200 Loss=1.4185
    [Pre-train Seed=42] Ep 150/200 Loss=1.4013
    [Pre-train Seed=42] Ep 200/200 Loss=1.3837
    [Fine-tune Seed=42] Ep 20/100 Loss=1.7645
    [Fine-tune Seed=42] Ep 40/100 Loss=1.6062
    [Fine-tune Seed=42] Ep 60/100 Loss=1.6490
    [Fine-tune Seed=42] Ep 80/100 Loss=1.5619
    [Fine-tune Seed=42] Ep 100/100 Loss=1.6034
  -> Seed 42: AUC=0.7910, CATE=0.1746
    [Pre-train Seed=43] Ep 50/200 Loss=1.5084
    [Pre-train Seed=43] Ep 100/200 Loss=1.4177
    [Pre-train Seed=43] Ep 150/200 Loss=1.4013
    [Pre-train Seed=43] Ep 200/200 Loss=1.3834
    [Fine-tune Seed=43] Ep 20/100 Loss=1.7504
    [Fine-tune Seed=43] Ep 40/100 Loss=1.7227
    [Fine-tune Seed=43] Ep 60/100 Loss=1.6903
    [Fine-tune Seed=43] Ep 80/100 Loss=1.5755
    [Fine-tune Seed=43] Ep 100/100 Loss=1.6458
  -> Seed 43: AUC=0.7857, CATE=0.1547
    [Pre-train Seed=44] Ep 50/200 Loss=1.5009
    [Pre-train Seed=44] Ep 100/200 Loss=1.4201
    [Pre-train Seed=44] Ep 150/200 Loss=1.4042
    [Pre-train Seed=44] Ep 200/200 Loss=1.3896
    [Fine-tune Seed=44] Ep 20/100 Loss=1.8148
    [Fine-tune Seed=44] Ep 40/100 Loss=1.7238
    [Fine-tune Seed=44] Ep 60/100 Loss=1.7195
    [Fine-tune Seed=44] Ep 80/100 Loss=1.6080
    [Fine-tune Seed=44] Ep 100/100 Loss=1.7166
  -> Seed 44: AUC=0.7864, CATE=0.1842
    [Pre-train Seed=45] Ep 50/200 Loss=1.5088
    [Pre-train Seed=45] Ep 100/200 Loss=1.4147
    [Pre-train Seed=45] Ep 150/200 Loss=1.3999
    [Pre-train Seed=45] Ep 200/200 Loss=1.3794
    [Fine-tune Seed=45] Ep 20/100 Loss=1.8558
    [Fine-tune Seed=45] Ep 40/100 Loss=1.6080
    [Fine-tune Seed=45] Ep 60/100 Loss=1.6632
    [Fine-tune Seed=45] Ep 80/100 Loss=1.5105
    [Fine-tune Seed=45] Ep 100/100 Loss=1.6525
  -> Seed 45: AUC=0.7773, CATE=0.1770
    [Pre-train Seed=46] Ep 50/200 Loss=1.5157
    [Pre-train Seed=46] Ep 100/200 Loss=1.4193
    [Pre-train Seed=46] Ep 150/200 Loss=1.4005
    [Pre-train Seed=46] Ep 200/200 Loss=1.3818
    [Fine-tune Seed=46] Ep 20/100 Loss=1.7293
    [Fine-tune Seed=46] Ep 40/100 Loss=1.6717
    [Fine-tune Seed=46] Ep 60/100 Loss=1.7077
    [Fine-tune Seed=46] Ep 80/100 Loss=1.5191
    [Fine-tune Seed=46] Ep 100/100 Loss=1.6513
  -> Seed 46: AUC=0.7918, CATE=0.1714
HSIC: lambda=0.01 -> AUC=0.7864±0.0052, CATE=0.1724±0.0098
    [Pre-train Seed=42] Ep 50/200 Loss=1.5319
    [Pre-train Seed=42] Ep 100/200 Loss=1.4192
    [Pre-train Seed=42] Ep 150/200 Loss=1.4019
    [Pre-train Seed=42] Ep 200/200 Loss=1.3843
    [Fine-tune Seed=42] Ep 20/100 Loss=1.7657
    [Fine-tune Seed=42] Ep 40/100 Loss=1.6079
    [Fine-tune Seed=42] Ep 60/100 Loss=1.6499
    [Fine-tune Seed=42] Ep 80/100 Loss=1.5635
    [Fine-tune Seed=42] Ep 100/100 Loss=1.6065
  -> Seed 42: AUC=0.7914, CATE=0.1744
    [Pre-train Seed=43] Ep 50/200 Loss=1.5087
    [Pre-train Seed=43] Ep 100/200 Loss=1.4183
    [Pre-train Seed=43] Ep 150/200 Loss=1.4022
    [Pre-train Seed=43] Ep 200/200 Loss=1.3842
    [Fine-tune Seed=43] Ep 20/100 Loss=1.7482
    [Fine-tune Seed=43] Ep 40/100 Loss=1.7263
    [Fine-tune Seed=43] Ep 60/100 Loss=1.6859
    [Fine-tune Seed=43] Ep 80/100 Loss=1.5753
    [Fine-tune Seed=43] Ep 100/100 Loss=1.6451
  -> Seed 43: AUC=0.7876, CATE=0.1508
    [Pre-train Seed=44] Ep 50/200 Loss=1.5016
    [Pre-train Seed=44] Ep 100/200 Loss=1.4209
    [Pre-train Seed=44] Ep 150/200 Loss=1.4048
    [Pre-train Seed=44] Ep 200/200 Loss=1.3903
    [Fine-tune Seed=44] Ep 20/100 Loss=1.8176
    [Fine-tune Seed=44] Ep 40/100 Loss=1.7277
    [Fine-tune Seed=44] Ep 60/100 Loss=1.7227
    [Fine-tune Seed=44] Ep 80/100 Loss=1.6087
    [Fine-tune Seed=44] Ep 100/100 Loss=1.7195
  -> Seed 44: AUC=0.7876, CATE=0.1841
    [Pre-train Seed=45] Ep 50/200 Loss=1.5092
    [Pre-train Seed=45] Ep 100/200 Loss=1.4153
    [Pre-train Seed=45] Ep 150/200 Loss=1.4006
    [Pre-train Seed=45] Ep 200/200 Loss=1.3801
    [Fine-tune Seed=45] Ep 20/100 Loss=1.8613
    [Fine-tune Seed=45] Ep 40/100 Loss=1.6099
    [Fine-tune Seed=45] Ep 60/100 Loss=1.6665
    [Fine-tune Seed=45] Ep 80/100 Loss=1.5156
    [Fine-tune Seed=45] Ep 100/100 Loss=1.6581
  -> Seed 45: AUC=0.7773, CATE=0.1776
    [Pre-train Seed=46] Ep 50/200 Loss=1.5164
    [Pre-train Seed=46] Ep 100/200 Loss=1.4201
    [Pre-train Seed=46] Ep 150/200 Loss=1.4012
    [Pre-train Seed=46] Ep 200/200 Loss=1.3824
    [Fine-tune Seed=46] Ep 20/100 Loss=1.7301
    [Fine-tune Seed=46] Ep 40/100 Loss=1.6724
    [Fine-tune Seed=46] Ep 60/100 Loss=1.7094
    [Fine-tune Seed=46] Ep 80/100 Loss=1.5219
    [Fine-tune Seed=46] Ep 100/100 Loss=1.6536
  -> Seed 46: AUC=0.7902, CATE=0.1735
HSIC: lambda=0.1 -> AUC=0.7868±0.0050, CATE=0.1721±0.0113
    [Pre-train Seed=42] Ep 50/200 Loss=1.5364
    [Pre-train Seed=42] Ep 100/200 Loss=1.4236
    [Pre-train Seed=42] Ep 150/200 Loss=1.4055
    [Pre-train Seed=42] Ep 200/200 Loss=1.3873
    [Fine-tune Seed=42] Ep 20/100 Loss=1.7819
    [Fine-tune Seed=42] Ep 40/100 Loss=1.6223
    [Fine-tune Seed=42] Ep 60/100 Loss=1.6661
    [Fine-tune Seed=42] Ep 80/100 Loss=1.5786
    [Fine-tune Seed=42] Ep 100/100 Loss=1.6225
  -> Seed 42: AUC=0.7921, CATE=0.1748
    [Pre-train Seed=43] Ep 50/200 Loss=1.5136
    [Pre-train Seed=43] Ep 100/200 Loss=1.4228
    [Pre-train Seed=43] Ep 150/200 Loss=1.4054
    [Pre-train Seed=43] Ep 200/200 Loss=1.3867
    [Fine-tune Seed=43] Ep 20/100 Loss=1.7663
    [Fine-tune Seed=43] Ep 40/100 Loss=1.7386
    [Fine-tune Seed=43] Ep 60/100 Loss=1.7036
    [Fine-tune Seed=43] Ep 80/100 Loss=1.5889
    [Fine-tune Seed=43] Ep 100/100 Loss=1.6591
  -> Seed 43: AUC=0.7860, CATE=0.1522
    [Pre-train Seed=44] Ep 50/200 Loss=1.5039
    [Pre-train Seed=44] Ep 100/200 Loss=1.4252
    [Pre-train Seed=44] Ep 150/200 Loss=1.4083
    [Pre-train Seed=44] Ep 200/200 Loss=1.3933
    [Fine-tune Seed=44] Ep 20/100 Loss=1.8311
    [Fine-tune Seed=44] Ep 40/100 Loss=1.7418
    [Fine-tune Seed=44] Ep 60/100 Loss=1.7345
    [Fine-tune Seed=44] Ep 80/100 Loss=1.6236
    [Fine-tune Seed=44] Ep 100/100 Loss=1.7349
  -> Seed 44: AUC=0.7864, CATE=0.1845
    [Pre-train Seed=45] Ep 50/200 Loss=1.5149
    [Pre-train Seed=45] Ep 100/200 Loss=1.4199
    [Pre-train Seed=45] Ep 150/200 Loss=1.4041
    [Pre-train Seed=45] Ep 200/200 Loss=1.3829
    [Fine-tune Seed=45] Ep 20/100 Loss=1.8758
    [Fine-tune Seed=45] Ep 40/100 Loss=1.6253
    [Fine-tune Seed=45] Ep 60/100 Loss=1.6804
    [Fine-tune Seed=45] Ep 80/100 Loss=1.5303
    [Fine-tune Seed=45] Ep 100/100 Loss=1.6706
  -> Seed 45: AUC=0.7769, CATE=0.1772
    [Pre-train Seed=46] Ep 50/200 Loss=1.5217
    [Pre-train Seed=46] Ep 100/200 Loss=1.4242
    [Pre-train Seed=46] Ep 150/200 Loss=1.4049
    [Pre-train Seed=46] Ep 200/200 Loss=1.3856
    [Fine-tune Seed=46] Ep 20/100 Loss=1.7424
    [Fine-tune Seed=46] Ep 40/100 Loss=1.6922
    [Fine-tune Seed=46] Ep 60/100 Loss=1.7239
    [Fine-tune Seed=46] Ep 80/100 Loss=1.5370
    [Fine-tune Seed=46] Ep 100/100 Loss=1.6651
  -> Seed 46: AUC=0.7921, CATE=0.1733
HSIC: lambda=1.0 -> AUC=0.7867±0.0056, CATE=0.1724±0.0108
    [Pre-train Seed=42] Ep 50/200 Loss=1.5602
    [Pre-train Seed=42] Ep 100/200 Loss=1.4439
    [Pre-train Seed=42] Ep 150/200 Loss=1.4246
    [Pre-train Seed=42] Ep 200/200 Loss=1.4062
    [Fine-tune Seed=42] Ep 20/100 Loss=1.9262
    [Fine-tune Seed=42] Ep 40/100 Loss=1.7678
    [Fine-tune Seed=42] Ep 60/100 Loss=1.8128
    [Fine-tune Seed=42] Ep 80/100 Loss=1.7251
    [Fine-tune Seed=42] Ep 100/100 Loss=1.7663
  -> Seed 42: AUC=0.7933, CATE=0.1752
    [Pre-train Seed=43] Ep 50/200 Loss=1.5384
    [Pre-train Seed=43] Ep 100/200 Loss=1.4428
    [Pre-train Seed=43] Ep 150/200 Loss=1.4237
    [Pre-train Seed=43] Ep 200/200 Loss=1.4040
    [Fine-tune Seed=43] Ep 20/100 Loss=1.9103
    [Fine-tune Seed=43] Ep 40/100 Loss=1.8847
    [Fine-tune Seed=43] Ep 60/100 Loss=1.8479
    [Fine-tune Seed=43] Ep 80/100 Loss=1.7363
    [Fine-tune Seed=43] Ep 100/100 Loss=1.8067
  -> Seed 43: AUC=0.7872, CATE=0.1514
    [Pre-train Seed=44] Ep 50/200 Loss=1.5322
    [Pre-train Seed=44] Ep 100/200 Loss=1.4470
    [Pre-train Seed=44] Ep 150/200 Loss=1.4282
    [Pre-train Seed=44] Ep 200/200 Loss=1.4121
    [Fine-tune Seed=44] Ep 20/100 Loss=1.9757
    [Fine-tune Seed=44] Ep 40/100 Loss=1.8856
    [Fine-tune Seed=44] Ep 60/100 Loss=1.8802
    [Fine-tune Seed=44] Ep 80/100 Loss=1.7672
    [Fine-tune Seed=44] Ep 100/100 Loss=1.8774
  -> Seed 44: AUC=0.7860, CATE=0.1837
    [Pre-train Seed=45] Ep 50/200 Loss=1.5376
    [Pre-train Seed=45] Ep 100/200 Loss=1.4414
    [Pre-train Seed=45] Ep 150/200 Loss=1.4238
    [Pre-train Seed=45] Ep 200/200 Loss=1.4015
    [Fine-tune Seed=45] Ep 20/100 Loss=2.0186
    [Fine-tune Seed=45] Ep 40/100 Loss=1.7699
    [Fine-tune Seed=45] Ep 60/100 Loss=1.8257
    [Fine-tune Seed=45] Ep 80/100 Loss=1.6785
    [Fine-tune Seed=45] Ep 100/100 Loss=1.8164
  -> Seed 45: AUC=0.7761, CATE=0.1779
    [Pre-train Seed=46] Ep 50/200 Loss=1.5454
    [Pre-train Seed=46] Ep 100/200 Loss=1.4448
    [Pre-train Seed=46] Ep 150/200 Loss=1.4237
    [Pre-train Seed=46] Ep 200/200 Loss=1.4038
    [Fine-tune Seed=46] Ep 20/100 Loss=1.8878
    [Fine-tune Seed=46] Ep 40/100 Loss=1.8374
    [Fine-tune Seed=46] Ep 60/100 Loss=1.8689
    [Fine-tune Seed=46] Ep 80/100 Loss=1.6810
    [Fine-tune Seed=46] Ep 100/100 Loss=1.8096
  -> Seed 46: AUC=0.7918, CATE=0.1702
HSIC: lambda=10.0 -> AUC=0.7869±0.0060, CATE=0.1717±0.0110

>>> Sweeping CATE Weight with 128x3...
    [Pre-train Seed=42] Ep 50/200 Loss=1.5320
    [Pre-train Seed=42] Ep 100/200 Loss=1.4177
    [Pre-train Seed=42] Ep 150/200 Loss=1.3997
    [Pre-train Seed=42] Ep 200/200 Loss=1.3815
    [Fine-tune Seed=42] Ep 20/100 Loss=1.7684
    [Fine-tune Seed=42] Ep 40/100 Loss=1.5898
    [Fine-tune Seed=42] Ep 60/100 Loss=1.6296
    [Fine-tune Seed=42] Ep 80/100 Loss=1.5421
    [Fine-tune Seed=42] Ep 100/100 Loss=1.5898
  -> Seed 42: AUC=0.7918, CATE=0.0625
    [Pre-train Seed=43] Ep 50/200 Loss=1.5075
    [Pre-train Seed=43] Ep 100/200 Loss=1.4155
    [Pre-train Seed=43] Ep 150/200 Loss=1.3993
    [Pre-train Seed=43] Ep 200/200 Loss=1.3821
    [Fine-tune Seed=43] Ep 20/100 Loss=1.7556
    [Fine-tune Seed=43] Ep 40/100 Loss=1.7129
    [Fine-tune Seed=43] Ep 60/100 Loss=1.6720
    [Fine-tune Seed=43] Ep 80/100 Loss=1.5509
    [Fine-tune Seed=43] Ep 100/100 Loss=1.6358
  -> Seed 43: AUC=0.7822, CATE=0.0376
    [Pre-train Seed=44] Ep 50/200 Loss=1.4990
    [Pre-train Seed=44] Ep 100/200 Loss=1.4200
    [Pre-train Seed=44] Ep 150/200 Loss=1.4037
    [Pre-train Seed=44] Ep 200/200 Loss=1.3887
    [Fine-tune Seed=44] Ep 20/100 Loss=1.8209
    [Fine-tune Seed=44] Ep 40/100 Loss=1.7288
    [Fine-tune Seed=44] Ep 60/100 Loss=1.7201
    [Fine-tune Seed=44] Ep 80/100 Loss=1.6031
    [Fine-tune Seed=44] Ep 100/100 Loss=1.7088
  -> Seed 44: AUC=0.7899, CATE=0.0931
    [Pre-train Seed=45] Ep 50/200 Loss=1.5082
    [Pre-train Seed=45] Ep 100/200 Loss=1.4137
    [Pre-train Seed=45] Ep 150/200 Loss=1.3984
    [Pre-train Seed=45] Ep 200/200 Loss=1.3771
    [Fine-tune Seed=45] Ep 20/100 Loss=1.8596
    [Fine-tune Seed=45] Ep 40/100 Loss=1.6099
    [Fine-tune Seed=45] Ep 60/100 Loss=1.6541
    [Fine-tune Seed=45] Ep 80/100 Loss=1.5061
    [Fine-tune Seed=45] Ep 100/100 Loss=1.6637
  -> Seed 45: AUC=0.7788, CATE=0.0726
    [Pre-train Seed=46] Ep 50/200 Loss=1.5158
    [Pre-train Seed=46] Ep 100/200 Loss=1.4181
    [Pre-train Seed=46] Ep 150/200 Loss=1.3992
    [Pre-train Seed=46] Ep 200/200 Loss=1.3818
    [Fine-tune Seed=46] Ep 20/100 Loss=1.7161
    [Fine-tune Seed=46] Ep 40/100 Loss=1.6440
    [Fine-tune Seed=46] Ep 60/100 Loss=1.7135
    [Fine-tune Seed=46] Ep 80/100 Loss=1.5198
    [Fine-tune Seed=46] Ep 100/100 Loss=1.6443
  -> Seed 46: AUC=0.7937, CATE=0.0569
CATE Weight: lambda=0.0 -> AUC=0.7873±0.0057, CATE=0.0646±0.0183
    [Pre-train Seed=42] Ep 50/200 Loss=1.5317
    [Pre-train Seed=42] Ep 100/200 Loss=1.4180
    [Pre-train Seed=42] Ep 150/200 Loss=1.4000
    [Pre-train Seed=42] Ep 200/200 Loss=1.3817
    [Fine-tune Seed=42] Ep 20/100 Loss=1.7698
    [Fine-tune Seed=42] Ep 40/100 Loss=1.5973
    [Fine-tune Seed=42] Ep 60/100 Loss=1.6409
    [Fine-tune Seed=42] Ep 80/100 Loss=1.5561
    [Fine-tune Seed=42] Ep 100/100 Loss=1.5966
  -> Seed 42: AUC=0.7914, CATE=0.1210
    [Pre-train Seed=43] Ep 50/200 Loss=1.5087
    [Pre-train Seed=43] Ep 100/200 Loss=1.4164
    [Pre-train Seed=43] Ep 150/200 Loss=1.4004
    [Pre-train Seed=43] Ep 200/200 Loss=1.3828
    [Fine-tune Seed=43] Ep 20/100 Loss=1.7543
    [Fine-tune Seed=43] Ep 40/100 Loss=1.7269
    [Fine-tune Seed=43] Ep 60/100 Loss=1.6836
    [Fine-tune Seed=43] Ep 80/100 Loss=1.5650
    [Fine-tune Seed=43] Ep 100/100 Loss=1.6455
  -> Seed 43: AUC=0.7838, CATE=0.0958
    [Pre-train Seed=44] Ep 50/200 Loss=1.5019
    [Pre-train Seed=44] Ep 100/200 Loss=1.4202
    [Pre-train Seed=44] Ep 150/200 Loss=1.4042
    [Pre-train Seed=44] Ep 200/200 Loss=1.3895
    [Fine-tune Seed=44] Ep 20/100 Loss=1.8153
    [Fine-tune Seed=44] Ep 40/100 Loss=1.7272
    [Fine-tune Seed=44] Ep 60/100 Loss=1.7262
    [Fine-tune Seed=44] Ep 80/100 Loss=1.6011
    [Fine-tune Seed=44] Ep 100/100 Loss=1.7113
  -> Seed 44: AUC=0.7899, CATE=0.1416
    [Pre-train Seed=45] Ep 50/200 Loss=1.5085
    [Pre-train Seed=45] Ep 100/200 Loss=1.4143
    [Pre-train Seed=45] Ep 150/200 Loss=1.3997
    [Pre-train Seed=45] Ep 200/200 Loss=1.3786
    [Fine-tune Seed=45] Ep 20/100 Loss=1.8577
    [Fine-tune Seed=45] Ep 40/100 Loss=1.6130
    [Fine-tune Seed=45] Ep 60/100 Loss=1.6599
    [Fine-tune Seed=45] Ep 80/100 Loss=1.5072
    [Fine-tune Seed=45] Ep 100/100 Loss=1.6602
  -> Seed 45: AUC=0.7765, CATE=0.1273
    [Pre-train Seed=46] Ep 50/200 Loss=1.5159
    [Pre-train Seed=46] Ep 100/200 Loss=1.4186
    [Pre-train Seed=46] Ep 150/200 Loss=1.3991
    [Pre-train Seed=46] Ep 200/200 Loss=1.3809
    [Fine-tune Seed=46] Ep 20/100 Loss=1.7209
    [Fine-tune Seed=46] Ep 40/100 Loss=1.6576
    [Fine-tune Seed=46] Ep 60/100 Loss=1.7094
    [Fine-tune Seed=46] Ep 80/100 Loss=1.5194
    [Fine-tune Seed=46] Ep 100/100 Loss=1.6453
  -> Seed 46: AUC=0.7914, CATE=0.1209
CATE Weight: lambda=0.5 -> AUC=0.7866±0.0058, CATE=0.1213±0.0149
    [Pre-train Seed=42] Ep 50/200 Loss=1.5325
    [Pre-train Seed=42] Ep 100/200 Loss=1.4185
    [Pre-train Seed=42] Ep 150/200 Loss=1.4008
    [Pre-train Seed=42] Ep 200/200 Loss=1.3826
    [Fine-tune Seed=42] Ep 20/100 Loss=1.7652
    [Fine-tune Seed=42] Ep 40/100 Loss=1.5995
    [Fine-tune Seed=42] Ep 60/100 Loss=1.6428
    [Fine-tune Seed=42] Ep 80/100 Loss=1.5557
    [Fine-tune Seed=42] Ep 100/100 Loss=1.5989
  -> Seed 42: AUC=0.7910, CATE=0.1446
    [Pre-train Seed=43] Ep 50/200 Loss=1.5084
    [Pre-train Seed=43] Ep 100/200 Loss=1.4174
    [Pre-train Seed=43] Ep 150/200 Loss=1.4011
    [Pre-train Seed=43] Ep 200/200 Loss=1.3833
    [Fine-tune Seed=43] Ep 20/100 Loss=1.7484
    [Fine-tune Seed=43] Ep 40/100 Loss=1.7256
    [Fine-tune Seed=43] Ep 60/100 Loss=1.6867
    [Fine-tune Seed=43] Ep 80/100 Loss=1.5700
    [Fine-tune Seed=43] Ep 100/100 Loss=1.6459
  -> Seed 43: AUC=0.7887, CATE=0.1288
    [Pre-train Seed=44] Ep 50/200 Loss=1.5021
    [Pre-train Seed=44] Ep 100/200 Loss=1.4203
    [Pre-train Seed=44] Ep 150/200 Loss=1.4048
    [Pre-train Seed=44] Ep 200/200 Loss=1.3898
    [Fine-tune Seed=44] Ep 20/100 Loss=1.8204
    [Fine-tune Seed=44] Ep 40/100 Loss=1.7294
    [Fine-tune Seed=44] Ep 60/100 Loss=1.7271
    [Fine-tune Seed=44] Ep 80/100 Loss=1.6080
    [Fine-tune Seed=44] Ep 100/100 Loss=1.7215
  -> Seed 44: AUC=0.7857, CATE=0.1595
    [Pre-train Seed=45] Ep 50/200 Loss=1.5088
    [Pre-train Seed=45] Ep 100/200 Loss=1.4147
    [Pre-train Seed=45] Ep 150/200 Loss=1.4003
    [Pre-train Seed=45] Ep 200/200 Loss=1.3798
    [Fine-tune Seed=45] Ep 20/100 Loss=1.8650
    [Fine-tune Seed=45] Ep 40/100 Loss=1.6139
    [Fine-tune Seed=45] Ep 60/100 Loss=1.6650
    [Fine-tune Seed=45] Ep 80/100 Loss=1.5119
    [Fine-tune Seed=45] Ep 100/100 Loss=1.6628
  -> Seed 45: AUC=0.7761, CATE=0.1530
    [Pre-train Seed=46] Ep 50/200 Loss=1.5160
    [Pre-train Seed=46] Ep 100/200 Loss=1.4191
    [Pre-train Seed=46] Ep 150/200 Loss=1.3999
    [Pre-train Seed=46] Ep 200/200 Loss=1.3809
    [Fine-tune Seed=46] Ep 20/100 Loss=1.7294
    [Fine-tune Seed=46] Ep 40/100 Loss=1.6667
    [Fine-tune Seed=46] Ep 60/100 Loss=1.7117
    [Fine-tune Seed=46] Ep 80/100 Loss=1.5218
    [Fine-tune Seed=46] Ep 100/100 Loss=1.6558
  -> Seed 46: AUC=0.7914, CATE=0.1480
CATE Weight: lambda=1.0 -> AUC=0.7866±0.0056, CATE=0.1468±0.0103
    [Pre-train Seed=42] Ep 50/200 Loss=1.5319
    [Pre-train Seed=42] Ep 100/200 Loss=1.4192
    [Pre-train Seed=42] Ep 150/200 Loss=1.4019
    [Pre-train Seed=42] Ep 200/200 Loss=1.3843
    [Fine-tune Seed=42] Ep 20/100 Loss=1.7657
    [Fine-tune Seed=42] Ep 40/100 Loss=1.6079
    [Fine-tune Seed=42] Ep 60/100 Loss=1.6499
    [Fine-tune Seed=42] Ep 80/100 Loss=1.5635
    [Fine-tune Seed=42] Ep 100/100 Loss=1.6065
  -> Seed 42: AUC=0.7914, CATE=0.1744
    [Pre-train Seed=43] Ep 50/200 Loss=1.5087
    [Pre-train Seed=43] Ep 100/200 Loss=1.4183
    [Pre-train Seed=43] Ep 150/200 Loss=1.4022
    [Pre-train Seed=43] Ep 200/200 Loss=1.3842
    [Fine-tune Seed=43] Ep 20/100 Loss=1.7482
    [Fine-tune Seed=43] Ep 40/100 Loss=1.7263
    [Fine-tune Seed=43] Ep 60/100 Loss=1.6859
    [Fine-tune Seed=43] Ep 80/100 Loss=1.5753
    [Fine-tune Seed=43] Ep 100/100 Loss=1.6451
  -> Seed 43: AUC=0.7876, CATE=0.1508
    [Pre-train Seed=44] Ep 50/200 Loss=1.5016
    [Pre-train Seed=44] Ep 100/200 Loss=1.4209
    [Pre-train Seed=44] Ep 150/200 Loss=1.4048
    [Pre-train Seed=44] Ep 200/200 Loss=1.3903
    [Fine-tune Seed=44] Ep 20/100 Loss=1.8176
    [Fine-tune Seed=44] Ep 40/100 Loss=1.7277
    [Fine-tune Seed=44] Ep 60/100 Loss=1.7227
    [Fine-tune Seed=44] Ep 80/100 Loss=1.6087
    [Fine-tune Seed=44] Ep 100/100 Loss=1.7195
  -> Seed 44: AUC=0.7876, CATE=0.1841
    [Pre-train Seed=45] Ep 50/200 Loss=1.5092
    [Pre-train Seed=45] Ep 100/200 Loss=1.4153
    [Pre-train Seed=45] Ep 150/200 Loss=1.4006
    [Pre-train Seed=45] Ep 200/200 Loss=1.3801
    [Fine-tune Seed=45] Ep 20/100 Loss=1.8613
    [Fine-tune Seed=45] Ep 40/100 Loss=1.6099
    [Fine-tune Seed=45] Ep 60/100 Loss=1.6665
    [Fine-tune Seed=45] Ep 80/100 Loss=1.5156
    [Fine-tune Seed=45] Ep 100/100 Loss=1.6581
  -> Seed 45: AUC=0.7773, CATE=0.1776
    [Pre-train Seed=46] Ep 50/200 Loss=1.5164
    [Pre-train Seed=46] Ep 100/200 Loss=1.4201
    [Pre-train Seed=46] Ep 150/200 Loss=1.4012
    [Pre-train Seed=46] Ep 200/200 Loss=1.3824
    [Fine-tune Seed=46] Ep 20/100 Loss=1.7301
    [Fine-tune Seed=46] Ep 40/100 Loss=1.6724
    [Fine-tune Seed=46] Ep 60/100 Loss=1.7094
    [Fine-tune Seed=46] Ep 80/100 Loss=1.5219
    [Fine-tune Seed=46] Ep 100/100 Loss=1.6536
  -> Seed 46: AUC=0.7902, CATE=0.1735
CATE Weight: lambda=2.0 -> AUC=0.7868±0.0050, CATE=0.1721±0.0113
    [Pre-train Seed=42] Ep 50/200 Loss=1.5299
    [Pre-train Seed=42] Ep 100/200 Loss=1.4211
    [Pre-train Seed=42] Ep 150/200 Loss=1.4043
    [Pre-train Seed=42] Ep 200/200 Loss=1.3865
    [Fine-tune Seed=42] Ep 20/100 Loss=1.7715
    [Fine-tune Seed=42] Ep 40/100 Loss=1.6130
    [Fine-tune Seed=42] Ep 60/100 Loss=1.6552
    [Fine-tune Seed=42] Ep 80/100 Loss=1.5724
    [Fine-tune Seed=42] Ep 100/100 Loss=1.6199
  -> Seed 42: AUC=0.7967, CATE=0.1991
    [Pre-train Seed=43] Ep 50/200 Loss=1.5093
    [Pre-train Seed=43] Ep 100/200 Loss=1.4199
    [Pre-train Seed=43] Ep 150/200 Loss=1.4060
    [Pre-train Seed=43] Ep 200/200 Loss=1.3879
    [Fine-tune Seed=43] Ep 20/100 Loss=1.7599
    [Fine-tune Seed=43] Ep 40/100 Loss=1.7313
    [Fine-tune Seed=43] Ep 60/100 Loss=1.7013
    [Fine-tune Seed=43] Ep 80/100 Loss=1.5925
    [Fine-tune Seed=43] Ep 100/100 Loss=1.6554
  -> Seed 43: AUC=0.7883, CATE=0.1782
    [Pre-train Seed=44] Ep 50/200 Loss=1.4992
    [Pre-train Seed=44] Ep 100/200 Loss=1.4224
    [Pre-train Seed=44] Ep 150/200 Loss=1.4066
    [Pre-train Seed=44] Ep 200/200 Loss=1.3930
    [Fine-tune Seed=44] Ep 20/100 Loss=1.8135
    [Fine-tune Seed=44] Ep 40/100 Loss=1.7302
    [Fine-tune Seed=44] Ep 60/100 Loss=1.7292
    [Fine-tune Seed=44] Ep 80/100 Loss=1.6286
    [Fine-tune Seed=44] Ep 100/100 Loss=1.7096
  -> Seed 44: AUC=0.7963, CATE=0.2152
    [Pre-train Seed=45] Ep 50/200 Loss=1.5098
    [Pre-train Seed=45] Ep 100/200 Loss=1.4172
    [Pre-train Seed=45] Ep 150/200 Loss=1.4038
    [Pre-train Seed=45] Ep 200/200 Loss=1.3853
    [Fine-tune Seed=45] Ep 20/100 Loss=1.8515
    [Fine-tune Seed=45] Ep 40/100 Loss=1.6087
    [Fine-tune Seed=45] Ep 60/100 Loss=1.6617
    [Fine-tune Seed=45] Ep 80/100 Loss=1.5121
    [Fine-tune Seed=45] Ep 100/100 Loss=1.6476
  -> Seed 45: AUC=0.7838, CATE=0.2020
    [Pre-train Seed=46] Ep 50/200 Loss=1.5166
    [Pre-train Seed=46] Ep 100/200 Loss=1.4218
    [Pre-train Seed=46] Ep 150/200 Loss=1.4035
    [Pre-train Seed=46] Ep 200/200 Loss=1.3842
    [Fine-tune Seed=46] Ep 20/100 Loss=1.7365
    [Fine-tune Seed=46] Ep 40/100 Loss=1.6839
    [Fine-tune Seed=46] Ep 60/100 Loss=1.7110
    [Fine-tune Seed=46] Ep 80/100 Loss=1.5277
    [Fine-tune Seed=46] Ep 100/100 Loss=1.6571
  -> Seed 46: AUC=0.7956, CATE=0.1928
CATE Weight: lambda=5.0 -> AUC=0.7921±0.0052, CATE=0.1975±0.0121
Done generating CSVs.

