Imports completed. Initializing device...
Device used: cuda
============================================================
DLC 真实训练时间测量 (SOTA 128x3)
============================================================

[Seed 42] 开始训练...
    [Pre-train Seed=42] Ep 50/200 Loss=1.5319
    [Pre-train Seed=42] Ep 100/200 Loss=1.4192
    [Pre-train Seed=42] Ep 150/200 Loss=1.4019
    [Pre-train Seed=42] Ep 200/200 Loss=1.3843
    [Fine-tune Seed=42] Ep 20/100 Loss=1.7657
    [Fine-tune Seed=42] Ep 40/100 Loss=1.6079
    [Fine-tune Seed=42] Ep 60/100 Loss=1.6499
    [Fine-tune Seed=42] Ep 80/100 Loss=1.5635
    [Fine-tune Seed=42] Ep 100/100 Loss=1.6065
  ✓ 完成 | 训练时间: 171.59s | AUC: 0.7914

[Seed 43] 开始训练...
    [Pre-train Seed=43] Ep 50/200 Loss=1.5087
    [Pre-train Seed=43] Ep 100/200 Loss=1.4183
    [Pre-train Seed=43] Ep 150/200 Loss=1.4022
    [Pre-train Seed=43] Ep 200/200 Loss=1.3842
    [Fine-tune Seed=43] Ep 20/100 Loss=1.7482
    [Fine-tune Seed=43] Ep 40/100 Loss=1.7263
    [Fine-tune Seed=43] Ep 60/100 Loss=1.6859
    [Fine-tune Seed=43] Ep 80/100 Loss=1.5753
    [Fine-tune Seed=43] Ep 100/100 Loss=1.6451
  ✓ 完成 | 训练时间: 153.68s | AUC: 0.7876

[Seed 44] 开始训练...
    [Pre-train Seed=44] Ep 50/200 Loss=1.5016
    [Pre-train Seed=44] Ep 100/200 Loss=1.4209
    [Pre-train Seed=44] Ep 150/200 Loss=1.4048
    [Pre-train Seed=44] Ep 200/200 Loss=1.3903
    [Fine-tune Seed=44] Ep 20/100 Loss=1.8176
    [Fine-tune Seed=44] Ep 40/100 Loss=1.7277
    [Fine-tune Seed=44] Ep 60/100 Loss=1.7227
    [Fine-tune Seed=44] Ep 80/100 Loss=1.6087
    [Fine-tune Seed=44] Ep 100/100 Loss=1.7195
  ✓ 完成 | 训练时间: 142.31s | AUC: 0.7876

[Seed 45] 开始训练...
    [Pre-train Seed=45] Ep 50/200 Loss=1.5092
    [Pre-train Seed=45] Ep 100/200 Loss=1.4153
    [Pre-train Seed=45] Ep 150/200 Loss=1.4006
    [Pre-train Seed=45] Ep 200/200 Loss=1.3801
    [Fine-tune Seed=45] Ep 20/100 Loss=1.8613
    [Fine-tune Seed=45] Ep 40/100 Loss=1.6099
    [Fine-tune Seed=45] Ep 60/100 Loss=1.6665
    [Fine-tune Seed=45] Ep 80/100 Loss=1.5156
    [Fine-tune Seed=45] Ep 100/100 Loss=1.6581
  ✓ 完成 | 训练时间: 142.81s | AUC: 0.7773

[Seed 46] 开始训练...
    [Pre-train Seed=46] Ep 50/200 Loss=1.5164
    [Pre-train Seed=46] Ep 100/200 Loss=1.4201
    [Pre-train Seed=46] Ep 150/200 Loss=1.4012
    [Pre-train Seed=46] Ep 200/200 Loss=1.3824
    [Fine-tune Seed=46] Ep 20/100 Loss=1.7301
    [Fine-tune Seed=46] Ep 40/100 Loss=1.6724
    [Fine-tune Seed=46] Ep 60/100 Loss=1.7094
    [Fine-tune Seed=46] Ep 80/100 Loss=1.5219
    [Fine-tune Seed=46] Ep 100/100 Loss=1.6536
  ✓ 完成 | 训练时间: 148.88s | AUC: 0.7902

============================================================
训练时间统计 (n=5)
  Mean: 151.85s
  Std:  10.72s
  Range: [142.31s, 171.59s]
============================================================

结果已保存: /home/UserData/ljx/Project_1/results/final/benchmark/dlc_training_time_results.csv
说明已保存: /home/UserData/ljx/Project_1/results/final/benchmark/dlc_training_time_notes.md
