Starting Ablation Study...
Config: SOTA Seed 46 (Hidden=128, Layers=3, Lambda_Pred=3.5)
Script started...

[Seed 42] Loading data...
[w/o HGNN] Epoch 1/30 | loss_total=2.3114 recon=0.8213 hsic=0.0160 pred=0.4253
[w/o HGNN] Epoch 2/30 | loss_total=1.7710 recon=0.5528 hsic=0.0160 pred=0.3476
[w/o HGNN] Epoch 3/30 | loss_total=1.5965 recon=0.3853 hsic=0.0161 pred=0.3456
[w/o HGNN] Epoch 4/30 | loss_total=1.4698 recon=0.2696 hsic=0.0161 pred=0.3424
[w/o HGNN] Epoch 5/30 | loss_total=1.3798 recon=0.1865 hsic=0.0161 pred=0.3405
[w/o HGNN] Epoch 6/30 | loss_total=1.3163 recon=0.1326 hsic=0.0164 pred=0.3377
[w/o HGNN] Epoch 7/30 | loss_total=1.2750 recon=0.1002 hsic=0.0171 pred=0.3352
[w/o HGNN] Epoch 8/30 | loss_total=1.2452 recon=0.0775 hsic=0.0179 pred=0.3331
[w/o HGNN] Epoch 9/30 | loss_total=1.2224 recon=0.0630 hsic=0.0184 pred=0.3307
[w/o HGNN] Epoch 10/30 | loss_total=1.2022 recon=0.0542 hsic=0.0189 pred=0.3275
[w/o HGNN] Epoch 11/30 | loss_total=1.1841 recon=0.0464 hsic=0.0194 pred=0.3245
[w/o HGNN] Epoch 12/30 | loss_total=1.1744 recon=0.0415 hsic=0.0200 pred=0.3231
[w/o HGNN] Epoch 13/30 | loss_total=1.1607 recon=0.0383 hsic=0.0201 pred=0.3201
[w/o HGNN] Epoch 14/30 | loss_total=1.1366 recon=0.0352 hsic=0.0205 pred=0.3141
[w/o HGNN] Epoch 15/30 | loss_total=1.1227 recon=0.0331 hsic=0.0206 pred=0.3107
[w/o HGNN] Epoch 16/30 | loss_total=1.1055 recon=0.0314 hsic=0.0207 pred=0.3063
[w/o HGNN] Epoch 17/30 | loss_total=1.0934 recon=0.0300 hsic=0.0207 pred=0.3032
[w/o HGNN] Epoch 18/30 | loss_total=1.0636 recon=0.0277 hsic=0.0209 pred=0.2954
[w/o HGNN] Epoch 19/30 | loss_total=1.0530 recon=0.0274 hsic=0.0210 pred=0.2924
[w/o HGNN] Epoch 20/30 | loss_total=1.0309 recon=0.0268 hsic=0.0208 pred=0.2863
[w/o HGNN] Epoch 21/30 | loss_total=1.0016 recon=0.0256 hsic=0.0208 pred=0.2782
[w/o HGNN] Epoch 22/30 | loss_total=0.9789 recon=0.0244 hsic=0.0208 pred=0.2721
[w/o HGNN] Epoch 23/30 | loss_total=0.9641 recon=0.0242 hsic=0.0208 pred=0.2679
[w/o HGNN] Epoch 24/30 | loss_total=0.9531 recon=0.0244 hsic=0.0207 pred=0.2648
[w/o HGNN] Epoch 25/30 | loss_total=0.9204 recon=0.0233 hsic=0.0207 pred=0.2557
[w/o HGNN] Epoch 26/30 | loss_total=0.9068 recon=0.0225 hsic=0.0206 pred=0.2521
[w/o HGNN] Epoch 27/30 | loss_total=0.8886 recon=0.0218 hsic=0.0206 pred=0.2471
[w/o HGNN] Epoch 28/30 | loss_total=0.8630 recon=0.0214 hsic=0.0204 pred=0.2399
[w/o HGNN] Epoch 29/30 | loss_total=0.8502 recon=0.0211 hsic=0.0205 pred=0.2363
[w/o HGNN] Epoch 30/30 | loss_total=0.8061 recon=0.0205 hsic=0.0204 pred=0.2239
[w/o VAE] Epoch 1/30 | loss_total=2.0580 recon=0.6696 hsic=0.0243 pred=0.3960
[w/o VAE] Epoch 2/30 | loss_total=1.4758 recon=0.2502 hsic=0.0236 pred=0.3495
[w/o VAE] Epoch 3/30 | loss_total=1.3354 recon=0.1101 hsic=0.0230 pred=0.3494
[w/o VAE] Epoch 4/30 | loss_total=1.2777 recon=0.0516 hsic=0.0230 pred=0.3497
[w/o VAE] Epoch 5/30 | loss_total=1.2393 recon=0.0257 hsic=0.0229 pred=0.3461
[w/o VAE] Epoch 6/30 | loss_total=1.2306 recon=0.0184 hsic=0.0228 pred=0.3457
[w/o VAE] Epoch 7/30 | loss_total=1.2308 recon=0.0149 hsic=0.0226 pred=0.3468
[w/o VAE] Epoch 8/30 | loss_total=1.2289 recon=0.0121 hsic=0.0225 pred=0.3470
[w/o VAE] Epoch 9/30 | loss_total=1.2194 recon=0.0099 hsic=0.0223 pred=0.3449
[w/o VAE] Epoch 10/30 | loss_total=1.2296 recon=0.0095 hsic=0.0221 pred=0.3480
[w/o VAE] Epoch 11/30 | loss_total=1.2152 recon=0.0089 hsic=0.0220 pred=0.3440
[w/o VAE] Epoch 12/30 | loss_total=1.2250 recon=0.0084 hsic=0.0217 pred=0.3470
[w/o VAE] Epoch 13/30 | loss_total=1.2212 recon=0.0099 hsic=0.0216 pred=0.3455
[w/o VAE] Epoch 14/30 | loss_total=1.2117 recon=0.0079 hsic=0.0212 pred=0.3433
[w/o VAE] Epoch 15/30 | loss_total=1.2091 recon=0.0076 hsic=0.0213 pred=0.3427
[w/o VAE] Epoch 16/30 | loss_total=1.2134 recon=0.0077 hsic=0.0212 pred=0.3439
[w/o VAE] Epoch 17/30 | loss_total=1.2078 recon=0.0074 hsic=0.0208 pred=0.3424
[w/o VAE] Epoch 18/30 | loss_total=1.2046 recon=0.0080 hsic=0.0208 pred=0.3413
[w/o VAE] Epoch 19/30 | loss_total=1.2028 recon=0.0083 hsic=0.0207 pred=0.3407
[w/o VAE] Epoch 20/30 | loss_total=1.2084 recon=0.0084 hsic=0.0205 pred=0.3423
[w/o VAE] Epoch 21/30 | loss_total=1.1954 recon=0.0087 hsic=0.0203 pred=0.3385
[w/o VAE] Epoch 22/30 | loss_total=1.1961 recon=0.0092 hsic=0.0203 pred=0.3385
[w/o VAE] Epoch 23/30 | loss_total=1.1884 recon=0.0095 hsic=0.0201 pred=0.3362
[w/o VAE] Epoch 24/30 | loss_total=1.1917 recon=0.0093 hsic=0.0200 pred=0.3373
[w/o VAE] Epoch 25/30 | loss_total=1.1818 recon=0.0095 hsic=0.0198 pred=0.3344
[w/o VAE] Epoch 26/30 | loss_total=1.1769 recon=0.0099 hsic=0.0198 pred=0.3329
[w/o VAE] Epoch 27/30 | loss_total=1.1681 recon=0.0098 hsic=0.0198 pred=0.3304
[w/o VAE] Epoch 28/30 | loss_total=1.1638 recon=0.0097 hsic=0.0196 pred=0.3292
[w/o VAE] Epoch 29/30 | loss_total=1.1627 recon=0.0096 hsic=0.0195 pred=0.3289
[w/o VAE] Epoch 30/30 | loss_total=1.1618 recon=0.0094 hsic=0.0195 pred=0.3287
[w/o HSIC] Epoch 1/30 | loss_total=2.1844 recon=0.7969 hsic=0.0159 pred=0.3964
[w/o HSIC] Epoch 2/30 | loss_total=1.5930 recon=0.3699 hsic=0.0182 pred=0.3495
[w/o HSIC] Epoch 3/30 | loss_total=1.3563 recon=0.1338 hsic=0.0202 pred=0.3493
[w/o HSIC] Epoch 4/30 | loss_total=1.2857 recon=0.0633 hsic=0.0206 pred=0.3492
[w/o HSIC] Epoch 5/30 | loss_total=1.2468 recon=0.0380 hsic=0.0209 pred=0.3454
[w/o HSIC] Epoch 6/30 | loss_total=1.2355 recon=0.0279 hsic=0.0211 pred=0.3450
[w/o HSIC] Epoch 7/30 | loss_total=1.2355 recon=0.0223 hsic=0.0212 pred=0.3466
[w/o HSIC] Epoch 8/30 | loss_total=1.2333 recon=0.0188 hsic=0.0213 pred=0.3470
[w/o HSIC] Epoch 9/30 | loss_total=1.2223 recon=0.0165 hsic=0.0214 pred=0.3445
[w/o HSIC] Epoch 10/30 | loss_total=1.2316 recon=0.0146 hsic=0.0213 pred=0.3477
[w/o HSIC] Epoch 11/30 | loss_total=1.2168 recon=0.0125 hsic=0.0213 pred=0.3441
[w/o HSIC] Epoch 12/30 | loss_total=1.2258 recon=0.0120 hsic=0.0212 pred=0.3468
[w/o HSIC] Epoch 13/30 | loss_total=1.2207 recon=0.0115 hsic=0.0211 pred=0.3455
[w/o HSIC] Epoch 14/30 | loss_total=1.2131 recon=0.0108 hsic=0.0208 pred=0.3435
[w/o HSIC] Epoch 15/30 | loss_total=1.2102 recon=0.0098 hsic=0.0208 pred=0.3430
[w/o HSIC] Epoch 16/30 | loss_total=1.2150 recon=0.0096 hsic=0.0209 pred=0.3444
[w/o HSIC] Epoch 17/30 | loss_total=1.2073 recon=0.0088 hsic=0.0205 pred=0.3424
[w/o HSIC] Epoch 18/30 | loss_total=1.2047 recon=0.0089 hsic=0.0205 pred=0.3416
[w/o HSIC] Epoch 19/30 | loss_total=1.2016 recon=0.0090 hsic=0.0204 pred=0.3407
[w/o HSIC] Epoch 20/30 | loss_total=1.2097 recon=0.0088 hsic=0.0200 pred=0.3431
[w/o HSIC] Epoch 21/30 | loss_total=1.1952 recon=0.0094 hsic=0.0199 pred=0.3388
[w/o HSIC] Epoch 22/30 | loss_total=1.1973 recon=0.0086 hsic=0.0198 pred=0.3396
[w/o HSIC] Epoch 23/30 | loss_total=1.1889 recon=0.0089 hsic=0.0196 pred=0.3372
[w/o HSIC] Epoch 24/30 | loss_total=1.1947 recon=0.0090 hsic=0.0195 pred=0.3388
[w/o HSIC] Epoch 25/30 | loss_total=1.1861 recon=0.0095 hsic=0.0193 pred=0.3362
[w/o HSIC] Epoch 26/30 | loss_total=1.1835 recon=0.0089 hsic=0.0192 pred=0.3356
[w/o HSIC] Epoch 27/30 | loss_total=1.1756 recon=0.0092 hsic=0.0192 pred=0.3332
[w/o HSIC] Epoch 28/30 | loss_total=1.1741 recon=0.0101 hsic=0.0190 pred=0.3326
[w/o HSIC] Epoch 29/30 | loss_total=1.1732 recon=0.0090 hsic=0.0189 pred=0.3326
[w/o HSIC] Epoch 30/30 | loss_total=1.1787 recon=0.0099 hsic=0.0190 pred=0.3339

[Seed 43] Loading data...
[w/o HGNN] Epoch 1/30 | loss_total=2.3120 recon=0.8214 hsic=0.0160 pred=0.4254
[w/o HGNN] Epoch 2/30 | loss_total=1.7598 recon=0.5448 hsic=0.0160 pred=0.3467
[w/o HGNN] Epoch 3/30 | loss_total=1.5905 recon=0.3829 hsic=0.0161 pred=0.3446
[w/o HGNN] Epoch 4/30 | loss_total=1.4708 recon=0.2757 hsic=0.0161 pred=0.3410
[w/o HGNN] Epoch 5/30 | loss_total=1.3859 recon=0.1946 hsic=0.0161 pred=0.3399
[w/o HGNN] Epoch 6/30 | loss_total=1.3220 recon=0.1427 hsic=0.0163 pred=0.3365
[w/o HGNN] Epoch 7/30 | loss_total=1.2801 recon=0.1099 hsic=0.0169 pred=0.3338
[w/o HGNN] Epoch 8/30 | loss_total=1.2495 recon=0.0890 hsic=0.0175 pred=0.3311
[w/o HGNN] Epoch 9/30 | loss_total=1.2328 recon=0.0735 hsic=0.0181 pred=0.3307
[w/o HGNN] Epoch 10/30 | loss_total=1.2086 recon=0.0606 hsic=0.0186 pred=0.3275
[w/o HGNN] Epoch 11/30 | loss_total=1.1874 recon=0.0516 hsic=0.0189 pred=0.3240
[w/o HGNN] Epoch 12/30 | loss_total=1.1754 recon=0.0446 hsic=0.0196 pred=0.3225
[w/o HGNN] Epoch 13/30 | loss_total=1.1655 recon=0.0409 hsic=0.0197 pred=0.3208
[w/o HGNN] Epoch 14/30 | loss_total=1.1449 recon=0.0368 hsic=0.0201 pred=0.3160
[w/o HGNN] Epoch 15/30 | loss_total=1.1271 recon=0.0345 hsic=0.0204 pred=0.3116
[w/o HGNN] Epoch 16/30 | loss_total=1.1086 recon=0.0328 hsic=0.0206 pred=0.3068
[w/o HGNN] Epoch 17/30 | loss_total=1.0944 recon=0.0313 hsic=0.0206 pred=0.3032
[w/o HGNN] Epoch 18/30 | loss_total=1.0728 recon=0.0296 hsic=0.0209 pred=0.2975
[w/o HGNN] Epoch 19/30 | loss_total=1.0512 recon=0.0284 hsic=0.0210 pred=0.2916
[w/o HGNN] Epoch 20/30 | loss_total=1.0422 recon=0.0283 hsic=0.0208 pred=0.2891
[w/o HGNN] Epoch 21/30 | loss_total=1.0077 recon=0.0265 hsic=0.0208 pred=0.2798
[w/o HGNN] Epoch 22/30 | loss_total=0.9836 recon=0.0254 hsic=0.0208 pred=0.2732
[w/o HGNN] Epoch 23/30 | loss_total=0.9746 recon=0.0253 hsic=0.0208 pred=0.2706
[w/o HGNN] Epoch 24/30 | loss_total=0.9497 recon=0.0244 hsic=0.0207 pred=0.2638
[w/o HGNN] Epoch 25/30 | loss_total=0.9162 recon=0.0237 hsic=0.0207 pred=0.2544
[w/o HGNN] Epoch 26/30 | loss_total=0.9102 recon=0.0236 hsic=0.0207 pred=0.2527
[w/o HGNN] Epoch 27/30 | loss_total=0.8823 recon=0.0215 hsic=0.0207 pred=0.2454
[w/o HGNN] Epoch 28/30 | loss_total=0.8637 recon=0.0216 hsic=0.0206 pred=0.2400
[w/o HGNN] Epoch 29/30 | loss_total=0.8409 recon=0.0207 hsic=0.0207 pred=0.2338
[w/o HGNN] Epoch 30/30 | loss_total=0.8185 recon=0.0205 hsic=0.0206 pred=0.2274
[w/o VAE] Epoch 1/30 | loss_total=2.0560 recon=0.6727 hsic=0.0248 pred=0.3945
[w/o VAE] Epoch 2/30 | loss_total=1.4738 recon=0.2529 hsic=0.0235 pred=0.3482
[w/o VAE] Epoch 3/30 | loss_total=1.3338 recon=0.1106 hsic=0.0228 pred=0.3488
[w/o VAE] Epoch 4/30 | loss_total=1.2751 recon=0.0526 hsic=0.0227 pred=0.3486
[w/o VAE] Epoch 5/30 | loss_total=1.2391 recon=0.0271 hsic=0.0227 pred=0.3457
[w/o VAE] Epoch 6/30 | loss_total=1.2295 recon=0.0202 hsic=0.0226 pred=0.3449
[w/o VAE] Epoch 7/30 | loss_total=1.2295 recon=0.0170 hsic=0.0225 pred=0.3458
[w/o VAE] Epoch 8/30 | loss_total=1.2260 recon=0.0147 hsic=0.0224 pred=0.3455
[w/o VAE] Epoch 9/30 | loss_total=1.2195 recon=0.0132 hsic=0.0223 pred=0.3440
[w/o VAE] Epoch 10/30 | loss_total=1.2267 recon=0.0124 hsic=0.0220 pred=0.3463
[w/o VAE] Epoch 11/30 | loss_total=1.2144 recon=0.0115 hsic=0.0218 pred=0.3431
[w/o VAE] Epoch 12/30 | loss_total=1.2243 recon=0.0102 hsic=0.0215 pred=0.3463
[w/o VAE] Epoch 13/30 | loss_total=1.2207 recon=0.0103 hsic=0.0213 pred=0.3452
[w/o VAE] Epoch 14/30 | loss_total=1.2162 recon=0.0092 hsic=0.0209 pred=0.3443
[w/o VAE] Epoch 15/30 | loss_total=1.2096 recon=0.0091 hsic=0.0208 pred=0.3424
[w/o VAE] Epoch 16/30 | loss_total=1.2059 recon=0.0085 hsic=0.0208 pred=0.3415
[w/o VAE] Epoch 17/30 | loss_total=1.2015 recon=0.0083 hsic=0.0204 pred=0.3403
[w/o VAE] Epoch 18/30 | loss_total=1.1982 recon=0.0087 hsic=0.0203 pred=0.3393
[w/o VAE] Epoch 19/30 | loss_total=1.2031 recon=0.0090 hsic=0.0203 pred=0.3406
[w/o VAE] Epoch 20/30 | loss_total=1.1996 recon=0.0088 hsic=0.0200 pred=0.3396
[w/o VAE] Epoch 21/30 | loss_total=1.1844 recon=0.0088 hsic=0.0198 pred=0.3353
[w/o VAE] Epoch 22/30 | loss_total=1.1888 recon=0.0087 hsic=0.0197 pred=0.3366
[w/o VAE] Epoch 23/30 | loss_total=1.1758 recon=0.0083 hsic=0.0196 pred=0.3330
[w/o VAE] Epoch 24/30 | loss_total=1.1824 recon=0.0087 hsic=0.0194 pred=0.3348
[w/o VAE] Epoch 25/30 | loss_total=1.1724 recon=0.0082 hsic=0.0193 pred=0.3321
[w/o VAE] Epoch 26/30 | loss_total=1.1627 recon=0.0078 hsic=0.0194 pred=0.3294
[w/o VAE] Epoch 27/30 | loss_total=1.1554 recon=0.0079 hsic=0.0194 pred=0.3273
[w/o VAE] Epoch 28/30 | loss_total=1.1513 recon=0.0078 hsic=0.0192 pred=0.3262
[w/o VAE] Epoch 29/30 | loss_total=1.1470 recon=0.0074 hsic=0.0190 pred=0.3251
[w/o VAE] Epoch 30/30 | loss_total=1.1445 recon=0.0073 hsic=0.0191 pred=0.3244
[w/o HSIC] Epoch 1/30 | loss_total=2.1764 recon=0.7939 hsic=0.0159 pred=0.3950
[w/o HSIC] Epoch 2/30 | loss_total=1.5712 recon=0.3522 hsic=0.0184 pred=0.3483
[w/o HSIC] Epoch 3/30 | loss_total=1.3543 recon=0.1337 hsic=0.0203 pred=0.3487
[w/o HSIC] Epoch 4/30 | loss_total=1.2855 recon=0.0660 hsic=0.0207 pred=0.3484
[w/o HSIC] Epoch 5/30 | loss_total=1.2420 recon=0.0344 hsic=0.0209 pred=0.3450
[w/o HSIC] Epoch 6/30 | loss_total=1.2274 recon=0.0224 hsic=0.0211 pred=0.3443
[w/o HSIC] Epoch 7/30 | loss_total=1.2273 recon=0.0170 hsic=0.0212 pred=0.3458
[w/o HSIC] Epoch 8/30 | loss_total=1.2240 recon=0.0144 hsic=0.0213 pred=0.3456
[w/o HSIC] Epoch 9/30 | loss_total=1.2172 recon=0.0135 hsic=0.0214 pred=0.3439
[w/o HSIC] Epoch 10/30 | loss_total=1.2241 recon=0.0114 hsic=0.0213 pred=0.3465
[w/o HSIC] Epoch 11/30 | loss_total=1.2114 recon=0.0103 hsic=0.0213 pred=0.3432
[w/o HSIC] Epoch 12/30 | loss_total=1.2221 recon=0.0100 hsic=0.0211 pred=0.3463
[w/o HSIC] Epoch 13/30 | loss_total=1.2192 recon=0.0102 hsic=0.0210 pred=0.3454
[w/o HSIC] Epoch 14/30 | loss_total=1.2156 recon=0.0096 hsic=0.0207 pred=0.3446
[w/o HSIC] Epoch 15/30 | loss_total=1.2082 recon=0.0088 hsic=0.0207 pred=0.3427
[w/o HSIC] Epoch 16/30 | loss_total=1.2052 recon=0.0089 hsic=0.0207 pred=0.3418
[w/o HSIC] Epoch 17/30 | loss_total=1.1997 recon=0.0084 hsic=0.0203 pred=0.3404
[w/o HSIC] Epoch 18/30 | loss_total=1.1972 recon=0.0087 hsic=0.0202 pred=0.3396
[w/o HSIC] Epoch 19/30 | loss_total=1.2001 recon=0.0086 hsic=0.0201 pred=0.3404
[w/o HSIC] Epoch 20/30 | loss_total=1.2009 recon=0.0089 hsic=0.0197 pred=0.3406
[w/o HSIC] Epoch 21/30 | loss_total=1.1854 recon=0.0090 hsic=0.0196 pred=0.3361
[w/o HSIC] Epoch 22/30 | loss_total=1.1921 recon=0.0092 hsic=0.0196 pred=0.3380
[w/o HSIC] Epoch 23/30 | loss_total=1.1788 recon=0.0087 hsic=0.0194 pred=0.3343
[w/o HSIC] Epoch 24/30 | loss_total=1.1860 recon=0.0090 hsic=0.0193 pred=0.3363
[w/o HSIC] Epoch 25/30 | loss_total=1.1760 recon=0.0092 hsic=0.0192 pred=0.3334
[w/o HSIC] Epoch 26/30 | loss_total=1.1698 recon=0.0093 hsic=0.0191 pred=0.3316
[w/o HSIC] Epoch 27/30 | loss_total=1.1666 recon=0.0091 hsic=0.0193 pred=0.3307
[w/o HSIC] Epoch 28/30 | loss_total=1.1560 recon=0.0090 hsic=0.0191 pred=0.3277
[w/o HSIC] Epoch 29/30 | loss_total=1.1544 recon=0.0091 hsic=0.0190 pred=0.3272
[w/o HSIC] Epoch 30/30 | loss_total=1.1594 recon=0.0094 hsic=0.0191 pred=0.3286

[Seed 44] Loading data...
[w/o HGNN] Epoch 1/30 | loss_total=2.3126 recon=0.8237 hsic=0.0160 pred=0.4249
[w/o HGNN] Epoch 2/30 | loss_total=1.7618 recon=0.5461 hsic=0.0160 pred=0.3469
[w/o HGNN] Epoch 3/30 | loss_total=1.5910 recon=0.3829 hsic=0.0161 pred=0.3447
[w/o HGNN] Epoch 4/30 | loss_total=1.4688 recon=0.2724 hsic=0.0161 pred=0.3414
[w/o HGNN] Epoch 5/30 | loss_total=1.3790 recon=0.1902 hsic=0.0161 pred=0.3392
[w/o HGNN] Epoch 6/30 | loss_total=1.3188 recon=0.1384 hsic=0.0163 pred=0.3368
[w/o HGNN] Epoch 7/30 | loss_total=1.2752 recon=0.1036 hsic=0.0169 pred=0.3343
[w/o HGNN] Epoch 8/30 | loss_total=1.2401 recon=0.0805 hsic=0.0176 pred=0.3308
[w/o HGNN] Epoch 9/30 | loss_total=1.2247 recon=0.0665 hsic=0.0182 pred=0.3304
[w/o HGNN] Epoch 10/30 | loss_total=1.2009 recon=0.0563 hsic=0.0187 pred=0.3265
[w/o HGNN] Epoch 11/30 | loss_total=1.1865 recon=0.0496 hsic=0.0192 pred=0.3243
[w/o HGNN] Epoch 12/30 | loss_total=1.1729 recon=0.0436 hsic=0.0198 pred=0.3221
[w/o HGNN] Epoch 13/30 | loss_total=1.1574 recon=0.0397 hsic=0.0198 pred=0.3188
[w/o HGNN] Epoch 14/30 | loss_total=1.1360 recon=0.0369 hsic=0.0201 pred=0.3134
[w/o HGNN] Epoch 15/30 | loss_total=1.1254 recon=0.0360 hsic=0.0203 pred=0.3107
[w/o HGNN] Epoch 16/30 | loss_total=1.1024 recon=0.0328 hsic=0.0204 pred=0.3050
[w/o HGNN] Epoch 17/30 | loss_total=1.0869 recon=0.0309 hsic=0.0205 pred=0.3011
[w/o HGNN] Epoch 18/30 | loss_total=1.0607 recon=0.0290 hsic=0.0207 pred=0.2942
[w/o HGNN] Epoch 19/30 | loss_total=1.0476 recon=0.0288 hsic=0.0206 pred=0.2905
[w/o HGNN] Epoch 20/30 | loss_total=1.0244 recon=0.0278 hsic=0.0205 pred=0.2842
[w/o HGNN] Epoch 21/30 | loss_total=0.9850 recon=0.0264 hsic=0.0206 pred=0.2733
[w/o HGNN] Epoch 22/30 | loss_total=0.9664 recon=0.0257 hsic=0.0205 pred=0.2682
[w/o HGNN] Epoch 23/30 | loss_total=0.9549 recon=0.0253 hsic=0.0205 pred=0.2650
[w/o HGNN] Epoch 24/30 | loss_total=0.9411 recon=0.0251 hsic=0.0204 pred=0.2611
[w/o HGNN] Epoch 25/30 | loss_total=0.8983 recon=0.0237 hsic=0.0204 pred=0.2493
[w/o HGNN] Epoch 26/30 | loss_total=0.8907 recon=0.0227 hsic=0.0205 pred=0.2474
[w/o HGNN] Epoch 27/30 | loss_total=0.8599 recon=0.0226 hsic=0.0204 pred=0.2387
[w/o HGNN] Epoch 28/30 | loss_total=0.8401 recon=0.0221 hsic=0.0203 pred=0.2331
[w/o HGNN] Epoch 29/30 | loss_total=0.8284 recon=0.0213 hsic=0.0203 pred=0.2300
[w/o HGNN] Epoch 30/30 | loss_total=0.7912 recon=0.0206 hsic=0.0202 pred=0.2196
[w/o VAE] Epoch 1/30 | loss_total=2.0552 recon=0.6713 hsic=0.0247 pred=0.3947
[w/o VAE] Epoch 2/30 | loss_total=1.4649 recon=0.2413 hsic=0.0236 pred=0.3489
[w/o VAE] Epoch 3/30 | loss_total=1.3207 recon=0.0977 hsic=0.0230 pred=0.3488
[w/o VAE] Epoch 4/30 | loss_total=1.2716 recon=0.0489 hsic=0.0228 pred=0.3487
[w/o VAE] Epoch 5/30 | loss_total=1.2365 recon=0.0251 hsic=0.0228 pred=0.3455
[w/o VAE] Epoch 6/30 | loss_total=1.2273 recon=0.0180 hsic=0.0227 pred=0.3449
[w/o VAE] Epoch 7/30 | loss_total=1.2257 recon=0.0156 hsic=0.0225 pred=0.3451
[w/o VAE] Epoch 8/30 | loss_total=1.2291 recon=0.0133 hsic=0.0224 pred=0.3468
[w/o VAE] Epoch 9/30 | loss_total=1.2183 recon=0.0124 hsic=0.0223 pred=0.3439
[w/o VAE] Epoch 10/30 | loss_total=1.2276 recon=0.0115 hsic=0.0221 pred=0.3468
[w/o VAE] Epoch 11/30 | loss_total=1.2142 recon=0.0105 hsic=0.0218 pred=0.3433
[w/o VAE] Epoch 12/30 | loss_total=1.2250 recon=0.0098 hsic=0.0216 pred=0.3466
[w/o VAE] Epoch 13/30 | loss_total=1.2198 recon=0.0104 hsic=0.0214 pred=0.3449
[w/o VAE] Epoch 14/30 | loss_total=1.2132 recon=0.0093 hsic=0.0210 pred=0.3434
[w/o VAE] Epoch 15/30 | loss_total=1.2108 recon=0.0091 hsic=0.0209 pred=0.3427
[w/o VAE] Epoch 16/30 | loss_total=1.2094 recon=0.0091 hsic=0.0208 pred=0.3423
[w/o VAE] Epoch 17/30 | loss_total=1.2048 recon=0.0083 hsic=0.0203 pred=0.3413
[w/o VAE] Epoch 18/30 | loss_total=1.1996 recon=0.0088 hsic=0.0203 pred=0.3396
[w/o VAE] Epoch 19/30 | loss_total=1.1993 recon=0.0090 hsic=0.0200 pred=0.3395
[w/o VAE] Epoch 20/30 | loss_total=1.2002 recon=0.0087 hsic=0.0197 pred=0.3399
[w/o VAE] Epoch 21/30 | loss_total=1.1892 recon=0.0085 hsic=0.0194 pred=0.3368
[w/o VAE] Epoch 22/30 | loss_total=1.1913 recon=0.0089 hsic=0.0193 pred=0.3373
[w/o VAE] Epoch 23/30 | loss_total=1.1775 recon=0.0083 hsic=0.0191 pred=0.3335
[w/o VAE] Epoch 24/30 | loss_total=1.1843 recon=0.0082 hsic=0.0189 pred=0.3355
[w/o VAE] Epoch 25/30 | loss_total=1.1806 recon=0.0084 hsic=0.0188 pred=0.3344
[w/o VAE] Epoch 26/30 | loss_total=1.1759 recon=0.0080 hsic=0.0187 pred=0.3331
[w/o VAE] Epoch 27/30 | loss_total=1.1619 recon=0.0082 hsic=0.0188 pred=0.3291
[w/o VAE] Epoch 28/30 | loss_total=1.1548 recon=0.0081 hsic=0.0187 pred=0.3271
[w/o VAE] Epoch 29/30 | loss_total=1.1522 recon=0.0079 hsic=0.0186 pred=0.3264
[w/o VAE] Epoch 30/30 | loss_total=1.1466 recon=0.0081 hsic=0.0185 pred=0.3248
[w/o HSIC] Epoch 1/30 | loss_total=2.1808 recon=0.7980 hsic=0.0159 pred=0.3951
[w/o HSIC] Epoch 2/30 | loss_total=1.5915 recon=0.3714 hsic=0.0184 pred=0.3486
[w/o HSIC] Epoch 3/30 | loss_total=1.3596 recon=0.1397 hsic=0.0204 pred=0.3485
[w/o HSIC] Epoch 4/30 | loss_total=1.2837 recon=0.0645 hsic=0.0207 pred=0.3484
[w/o HSIC] Epoch 5/30 | loss_total=1.2422 recon=0.0361 hsic=0.0210 pred=0.3446
[w/o HSIC] Epoch 6/30 | loss_total=1.2302 recon=0.0262 hsic=0.0213 pred=0.3440
[w/o HSIC] Epoch 7/30 | loss_total=1.2268 recon=0.0203 hsic=0.0213 pred=0.3447
[w/o HSIC] Epoch 8/30 | loss_total=1.2285 recon=0.0164 hsic=0.0215 pred=0.3463
[w/o HSIC] Epoch 9/30 | loss_total=1.2164 recon=0.0145 hsic=0.0215 pred=0.3434
[w/o HSIC] Epoch 10/30 | loss_total=1.2240 recon=0.0117 hsic=0.0214 pred=0.3464
[w/o HSIC] Epoch 11/30 | loss_total=1.2111 recon=0.0107 hsic=0.0214 pred=0.3430
[w/o HSIC] Epoch 12/30 | loss_total=1.2224 recon=0.0105 hsic=0.0213 pred=0.3463
[w/o HSIC] Epoch 13/30 | loss_total=1.2171 recon=0.0107 hsic=0.0212 pred=0.3447
[w/o HSIC] Epoch 14/30 | loss_total=1.2124 recon=0.0098 hsic=0.0210 pred=0.3436
[w/o HSIC] Epoch 15/30 | loss_total=1.2076 recon=0.0091 hsic=0.0209 pred=0.3424
[w/o HSIC] Epoch 16/30 | loss_total=1.2084 recon=0.0094 hsic=0.0209 pred=0.3426
[w/o HSIC] Epoch 17/30 | loss_total=1.2017 recon=0.0084 hsic=0.0206 pred=0.3409
[w/o HSIC] Epoch 18/30 | loss_total=1.1982 recon=0.0093 hsic=0.0206 pred=0.3397
[w/o HSIC] Epoch 19/30 | loss_total=1.1947 recon=0.0084 hsic=0.0205 pred=0.3389
[w/o HSIC] Epoch 20/30 | loss_total=1.2000 recon=0.0087 hsic=0.0201 pred=0.3404
[w/o HSIC] Epoch 21/30 | loss_total=1.1888 recon=0.0091 hsic=0.0200 pred=0.3371
[w/o HSIC] Epoch 22/30 | loss_total=1.1907 recon=0.0093 hsic=0.0199 pred=0.3376
[w/o HSIC] Epoch 23/30 | loss_total=1.1785 recon=0.0090 hsic=0.0197 pred=0.3341
[w/o HSIC] Epoch 24/30 | loss_total=1.1851 recon=0.0093 hsic=0.0196 pred=0.3360
[w/o HSIC] Epoch 25/30 | loss_total=1.1778 recon=0.0098 hsic=0.0195 pred=0.3337
[w/o HSIC] Epoch 26/30 | loss_total=1.1746 recon=0.0092 hsic=0.0194 pred=0.3330
[w/o HSIC] Epoch 27/30 | loss_total=1.1651 recon=0.0094 hsic=0.0195 pred=0.3302
[w/o HSIC] Epoch 28/30 | loss_total=1.1575 recon=0.0091 hsic=0.0193 pred=0.3281
[w/o HSIC] Epoch 29/30 | loss_total=1.1528 recon=0.0093 hsic=0.0191 pred=0.3267
[w/o HSIC] Epoch 30/30 | loss_total=1.1556 recon=0.0100 hsic=0.0191 pred=0.3273

[Seed 45] Loading data...
[w/o HGNN] Epoch 1/30 | loss_total=2.3131 recon=0.8227 hsic=0.0160 pred=0.4254
[w/o HGNN] Epoch 2/30 | loss_total=1.7634 recon=0.5451 hsic=0.0160 pred=0.3476
[w/o HGNN] Epoch 3/30 | loss_total=1.5936 recon=0.3855 hsic=0.0161 pred=0.3447
[w/o HGNN] Epoch 4/30 | loss_total=1.4803 recon=0.2808 hsic=0.0161 pred=0.3423
[w/o HGNN] Epoch 5/30 | loss_total=1.3927 recon=0.1987 hsic=0.0161 pred=0.3407
[w/o HGNN] Epoch 6/30 | loss_total=1.3278 recon=0.1448 hsic=0.0162 pred=0.3375
[w/o HGNN] Epoch 7/30 | loss_total=1.2847 recon=0.1116 hsic=0.0166 pred=0.3347
[w/o HGNN] Epoch 8/30 | loss_total=1.2519 recon=0.0907 hsic=0.0171 pred=0.3313
[w/o HGNN] Epoch 9/30 | loss_total=1.2383 recon=0.0776 hsic=0.0177 pred=0.3311
[w/o HGNN] Epoch 10/30 | loss_total=1.2140 recon=0.0666 hsic=0.0182 pred=0.3273
[w/o HGNN] Epoch 11/30 | loss_total=1.1920 recon=0.0580 hsic=0.0187 pred=0.3235
[w/o HGNN] Epoch 12/30 | loss_total=1.1855 recon=0.0517 hsic=0.0194 pred=0.3234
[w/o HGNN] Epoch 13/30 | loss_total=1.1707 recon=0.0466 hsic=0.0196 pred=0.3206
[w/o HGNN] Epoch 14/30 | loss_total=1.1458 recon=0.0422 hsic=0.0200 pred=0.3147
[w/o HGNN] Epoch 15/30 | loss_total=1.1306 recon=0.0391 hsic=0.0203 pred=0.3113
[w/o HGNN] Epoch 16/30 | loss_total=1.1074 recon=0.0374 hsic=0.0205 pred=0.3051
[w/o HGNN] Epoch 17/30 | loss_total=1.0936 recon=0.0339 hsic=0.0207 pred=0.3022
[w/o HGNN] Epoch 18/30 | loss_total=1.0692 recon=0.0318 hsic=0.0209 pred=0.2958
[w/o HGNN] Epoch 19/30 | loss_total=1.0500 recon=0.0311 hsic=0.0210 pred=0.2905
[w/o HGNN] Epoch 20/30 | loss_total=1.0369 recon=0.0300 hsic=0.0208 pred=0.2871
[w/o HGNN] Epoch 21/30 | loss_total=0.9995 recon=0.0284 hsic=0.0208 pred=0.2769
[w/o HGNN] Epoch 22/30 | loss_total=0.9806 recon=0.0264 hsic=0.0208 pred=0.2720
[w/o HGNN] Epoch 23/30 | loss_total=0.9658 recon=0.0262 hsic=0.0209 pred=0.2679
[w/o HGNN] Epoch 24/30 | loss_total=0.9365 recon=0.0253 hsic=0.0208 pred=0.2598
[w/o HGNN] Epoch 25/30 | loss_total=0.9063 recon=0.0243 hsic=0.0209 pred=0.2514
[w/o HGNN] Epoch 26/30 | loss_total=0.9009 recon=0.0237 hsic=0.0208 pred=0.2500
[w/o HGNN] Epoch 27/30 | loss_total=0.8748 recon=0.0231 hsic=0.0208 pred=0.2428
[w/o HGNN] Epoch 28/30 | loss_total=0.8484 recon=0.0225 hsic=0.0207 pred=0.2354
[w/o HGNN] Epoch 29/30 | loss_total=0.8343 recon=0.0219 hsic=0.0207 pred=0.2315
[w/o HGNN] Epoch 30/30 | loss_total=0.8035 recon=0.0216 hsic=0.0207 pred=0.2228
[w/o VAE] Epoch 1/30 | loss_total=2.0649 recon=0.6764 hsic=0.0244 pred=0.3960
[w/o VAE] Epoch 2/30 | loss_total=1.4731 recon=0.2496 hsic=0.0235 pred=0.3489
[w/o VAE] Epoch 3/30 | loss_total=1.3284 recon=0.1021 hsic=0.0227 pred=0.3497
[w/o VAE] Epoch 4/30 | loss_total=1.2779 recon=0.0529 hsic=0.0225 pred=0.3493
[w/o VAE] Epoch 5/30 | loss_total=1.2420 recon=0.0281 hsic=0.0225 pred=0.3462
[w/o VAE] Epoch 6/30 | loss_total=1.2318 recon=0.0193 hsic=0.0225 pred=0.3458
[w/o VAE] Epoch 7/30 | loss_total=1.2306 recon=0.0154 hsic=0.0223 pred=0.3465
[w/o VAE] Epoch 8/30 | loss_total=1.2256 recon=0.0119 hsic=0.0223 pred=0.3461
[w/o VAE] Epoch 9/30 | loss_total=1.2192 recon=0.0101 hsic=0.0221 pred=0.3448
[w/o VAE] Epoch 10/30 | loss_total=1.2303 recon=0.0096 hsic=0.0219 pred=0.3481
[w/o VAE] Epoch 11/30 | loss_total=1.2149 recon=0.0092 hsic=0.0218 pred=0.3438
[w/o VAE] Epoch 12/30 | loss_total=1.2252 recon=0.0084 hsic=0.0216 pred=0.3470
[w/o VAE] Epoch 13/30 | loss_total=1.2210 recon=0.0090 hsic=0.0215 pred=0.3457
[w/o VAE] Epoch 14/30 | loss_total=1.2119 recon=0.0088 hsic=0.0212 pred=0.3431
[w/o VAE] Epoch 15/30 | loss_total=1.2119 recon=0.0081 hsic=0.0212 pred=0.3433
[w/o VAE] Epoch 16/30 | loss_total=1.2106 recon=0.0080 hsic=0.0212 pred=0.3430
[w/o VAE] Epoch 17/30 | loss_total=1.2060 recon=0.0076 hsic=0.0209 pred=0.3418
[w/o VAE] Epoch 18/30 | loss_total=1.2023 recon=0.0077 hsic=0.0208 pred=0.3407
[w/o VAE] Epoch 19/30 | loss_total=1.2000 recon=0.0083 hsic=0.0208 pred=0.3399
[w/o VAE] Epoch 20/30 | loss_total=1.2048 recon=0.0086 hsic=0.0206 pred=0.3412
[w/o VAE] Epoch 21/30 | loss_total=1.1951 recon=0.0088 hsic=0.0203 pred=0.3384
[w/o VAE] Epoch 22/30 | loss_total=1.1942 recon=0.0092 hsic=0.0203 pred=0.3380
[w/o VAE] Epoch 23/30 | loss_total=1.1834 recon=0.0090 hsic=0.0201 pred=0.3350
[w/o VAE] Epoch 24/30 | loss_total=1.1883 recon=0.0089 hsic=0.0200 pred=0.3364
[w/o VAE] Epoch 25/30 | loss_total=1.1825 recon=0.0098 hsic=0.0199 pred=0.3345
[w/o VAE] Epoch 26/30 | loss_total=1.1723 recon=0.0095 hsic=0.0198 pred=0.3317
[w/o VAE] Epoch 27/30 | loss_total=1.1614 recon=0.0095 hsic=0.0199 pred=0.3285
[w/o VAE] Epoch 28/30 | loss_total=1.1617 recon=0.0093 hsic=0.0198 pred=0.3287
[w/o VAE] Epoch 29/30 | loss_total=1.1551 recon=0.0090 hsic=0.0196 pred=0.3269
[w/o VAE] Epoch 30/30 | loss_total=1.1583 recon=0.0092 hsic=0.0197 pred=0.3277
[w/o HSIC] Epoch 1/30 | loss_total=2.1853 recon=0.7981 hsic=0.0159 pred=0.3963
[w/o HSIC] Epoch 2/30 | loss_total=1.5837 recon=0.3631 hsic=0.0183 pred=0.3487
[w/o HSIC] Epoch 3/30 | loss_total=1.3562 recon=0.1314 hsic=0.0203 pred=0.3499
[w/o HSIC] Epoch 4/30 | loss_total=1.2813 recon=0.0592 hsic=0.0206 pred=0.3492
[w/o HSIC] Epoch 5/30 | loss_total=1.2403 recon=0.0304 hsic=0.0208 pred=0.3457
[w/o HSIC] Epoch 6/30 | loss_total=1.2327 recon=0.0237 hsic=0.0210 pred=0.3454
[w/o HSIC] Epoch 7/30 | loss_total=1.2321 recon=0.0186 hsic=0.0211 pred=0.3467
[w/o HSIC] Epoch 8/30 | loss_total=1.2286 recon=0.0161 hsic=0.0212 pred=0.3464
[w/o HSIC] Epoch 9/30 | loss_total=1.2200 recon=0.0135 hsic=0.0212 pred=0.3447
[w/o HSIC] Epoch 10/30 | loss_total=1.2323 recon=0.0123 hsic=0.0212 pred=0.3486
[w/o HSIC] Epoch 11/30 | loss_total=1.2155 recon=0.0111 hsic=0.0211 pred=0.3441
[w/o HSIC] Epoch 12/30 | loss_total=1.2264 recon=0.0103 hsic=0.0210 pred=0.3475
[w/o HSIC] Epoch 13/30 | loss_total=1.2214 recon=0.0104 hsic=0.0210 pred=0.3460
[w/o HSIC] Epoch 14/30 | loss_total=1.2131 recon=0.0090 hsic=0.0208 pred=0.3440
[w/o HSIC] Epoch 15/30 | loss_total=1.2124 recon=0.0088 hsic=0.0208 pred=0.3439
[w/o HSIC] Epoch 16/30 | loss_total=1.2119 recon=0.0083 hsic=0.0208 pred=0.3439
[w/o HSIC] Epoch 17/30 | loss_total=1.2047 recon=0.0078 hsic=0.0204 pred=0.3420
[w/o HSIC] Epoch 18/30 | loss_total=1.2032 recon=0.0079 hsic=0.0204 pred=0.3415
[w/o HSIC] Epoch 19/30 | loss_total=1.1983 recon=0.0082 hsic=0.0204 pred=0.3400
[w/o HSIC] Epoch 20/30 | loss_total=1.2056 recon=0.0078 hsic=0.0200 pred=0.3422
[w/o HSIC] Epoch 21/30 | loss_total=1.1934 recon=0.0079 hsic=0.0198 pred=0.3387
[w/o HSIC] Epoch 22/30 | loss_total=1.1942 recon=0.0078 hsic=0.0197 pred=0.3390
[w/o HSIC] Epoch 23/30 | loss_total=1.1823 recon=0.0074 hsic=0.0194 pred=0.3357
[w/o HSIC] Epoch 24/30 | loss_total=1.1868 recon=0.0076 hsic=0.0194 pred=0.3369
[w/o HSIC] Epoch 25/30 | loss_total=1.1809 recon=0.0083 hsic=0.0193 pred=0.3351
[w/o HSIC] Epoch 26/30 | loss_total=1.1723 recon=0.0078 hsic=0.0191 pred=0.3327
[w/o HSIC] Epoch 27/30 | loss_total=1.1634 recon=0.0081 hsic=0.0191 pred=0.3301
[w/o HSIC] Epoch 28/30 | loss_total=1.1610 recon=0.0084 hsic=0.0189 pred=0.3293
[w/o HSIC] Epoch 29/30 | loss_total=1.1532 recon=0.0078 hsic=0.0187 pred=0.3273
[w/o HSIC] Epoch 30/30 | loss_total=1.1644 recon=0.0104 hsic=0.0188 pred=0.3297

[Seed 46] Loading data...
[w/o HGNN] Epoch 1/30 | loss_total=2.3128 recon=0.8232 hsic=0.0160 pred=0.4252
[w/o HGNN] Epoch 2/30 | loss_total=1.7716 recon=0.5511 hsic=0.0160 pred=0.3483
[w/o HGNN] Epoch 3/30 | loss_total=1.5978 recon=0.3868 hsic=0.0161 pred=0.3455
[w/o HGNN] Epoch 4/30 | loss_total=1.4708 recon=0.2718 hsic=0.0161 pred=0.3421
[w/o HGNN] Epoch 5/30 | loss_total=1.3825 recon=0.1873 hsic=0.0161 pred=0.3410
[w/o HGNN] Epoch 6/30 | loss_total=1.3204 recon=0.1373 hsic=0.0164 pred=0.3376
[w/o HGNN] Epoch 7/30 | loss_total=1.2758 recon=0.1025 hsic=0.0169 pred=0.3347
[w/o HGNN] Epoch 8/30 | loss_total=1.2443 recon=0.0814 hsic=0.0175 pred=0.3318
[w/o HGNN] Epoch 9/30 | loss_total=1.2289 recon=0.0677 hsic=0.0182 pred=0.3313
[w/o HGNN] Epoch 10/30 | loss_total=1.2061 recon=0.0591 hsic=0.0186 pred=0.3272
[w/o HGNN] Epoch 11/30 | loss_total=1.1855 recon=0.0515 hsic=0.0190 pred=0.3235
[w/o HGNN] Epoch 12/30 | loss_total=1.1741 recon=0.0457 hsic=0.0197 pred=0.3218
[w/o HGNN] Epoch 13/30 | loss_total=1.1614 recon=0.0424 hsic=0.0198 pred=0.3191
[w/o HGNN] Epoch 14/30 | loss_total=1.1414 recon=0.0389 hsic=0.0201 pred=0.3144
[w/o HGNN] Epoch 15/30 | loss_total=1.1236 recon=0.0358 hsic=0.0204 pred=0.3102
[w/o HGNN] Epoch 16/30 | loss_total=1.1013 recon=0.0339 hsic=0.0205 pred=0.3044
[w/o HGNN] Epoch 17/30 | loss_total=1.0894 recon=0.0323 hsic=0.0206 pred=0.3014
[w/o HGNN] Epoch 18/30 | loss_total=1.0648 recon=0.0303 hsic=0.0209 pred=0.2950
[w/o HGNN] Epoch 19/30 | loss_total=1.0416 recon=0.0288 hsic=0.0209 pred=0.2888
[w/o HGNN] Epoch 20/30 | loss_total=1.0311 recon=0.0292 hsic=0.0209 pred=0.2857
[w/o HGNN] Epoch 21/30 | loss_total=0.9928 recon=0.0272 hsic=0.0210 pred=0.2753
[w/o HGNN] Epoch 22/30 | loss_total=0.9763 recon=0.0256 hsic=0.0209 pred=0.2710
[w/o HGNN] Epoch 23/30 | loss_total=0.9614 recon=0.0253 hsic=0.0210 pred=0.2668
[w/o HGNN] Epoch 24/30 | loss_total=0.9409 recon=0.0245 hsic=0.0209 pred=0.2612
[w/o HGNN] Epoch 25/30 | loss_total=0.9120 recon=0.0240 hsic=0.0208 pred=0.2531
[w/o HGNN] Epoch 26/30 | loss_total=0.8961 recon=0.0227 hsic=0.0209 pred=0.2489
[w/o HGNN] Epoch 27/30 | loss_total=0.8624 recon=0.0217 hsic=0.0208 pred=0.2396
[w/o HGNN] Epoch 28/30 | loss_total=0.8486 recon=0.0215 hsic=0.0207 pred=0.2357
[w/o HGNN] Epoch 29/30 | loss_total=0.8326 recon=0.0210 hsic=0.0208 pred=0.2313
[w/o HGNN] Epoch 30/30 | loss_total=0.7927 recon=0.0202 hsic=0.0207 pred=0.2201
[w/o VAE] Epoch 1/30 | loss_total=2.0657 recon=0.6784 hsic=0.0250 pred=0.3957
[w/o VAE] Epoch 2/30 | loss_total=1.4721 recon=0.2486 hsic=0.0238 pred=0.3489
[w/o VAE] Epoch 3/30 | loss_total=1.3349 recon=0.1081 hsic=0.0232 pred=0.3499
[w/o VAE] Epoch 4/30 | loss_total=1.2780 recon=0.0508 hsic=0.0230 pred=0.3500
[w/o VAE] Epoch 5/30 | loss_total=1.2397 recon=0.0251 hsic=0.0228 pred=0.3464
[w/o VAE] Epoch 6/30 | loss_total=1.2296 recon=0.0177 hsic=0.0226 pred=0.3456
[w/o VAE] Epoch 7/30 | loss_total=1.2298 recon=0.0146 hsic=0.0224 pred=0.3466
[w/o VAE] Epoch 8/30 | loss_total=1.2306 recon=0.0120 hsic=0.0224 pred=0.3475
[w/o VAE] Epoch 9/30 | loss_total=1.2191 recon=0.0096 hsic=0.0222 pred=0.3449
[w/o VAE] Epoch 10/30 | loss_total=1.2290 recon=0.0091 hsic=0.0221 pred=0.3479
[w/o VAE] Epoch 11/30 | loss_total=1.2156 recon=0.0089 hsic=0.0219 pred=0.3441
[w/o VAE] Epoch 12/30 | loss_total=1.2255 recon=0.0081 hsic=0.0217 pred=0.3472
[w/o VAE] Epoch 13/30 | loss_total=1.2219 recon=0.0090 hsic=0.0215 pred=0.3459
[w/o VAE] Epoch 14/30 | loss_total=1.2138 recon=0.0075 hsic=0.0212 pred=0.3440
[w/o VAE] Epoch 15/30 | loss_total=1.2126 recon=0.0074 hsic=0.0212 pred=0.3437
[w/o VAE] Epoch 16/30 | loss_total=1.2129 recon=0.0073 hsic=0.0212 pred=0.3438
[w/o VAE] Epoch 17/30 | loss_total=1.2085 recon=0.0074 hsic=0.0209 pred=0.3426
[w/o VAE] Epoch 18/30 | loss_total=1.2062 recon=0.0075 hsic=0.0208 pred=0.3419
[w/o VAE] Epoch 19/30 | loss_total=1.2047 recon=0.0076 hsic=0.0206 pred=0.3414
[w/o VAE] Epoch 20/30 | loss_total=1.2075 recon=0.0081 hsic=0.0204 pred=0.3421
[w/o VAE] Epoch 21/30 | loss_total=1.1983 recon=0.0082 hsic=0.0202 pred=0.3395
[w/o VAE] Epoch 22/30 | loss_total=1.2021 recon=0.0085 hsic=0.0201 pred=0.3405
[w/o VAE] Epoch 23/30 | loss_total=1.1918 recon=0.0083 hsic=0.0199 pred=0.3376
[w/o VAE] Epoch 24/30 | loss_total=1.1976 recon=0.0086 hsic=0.0198 pred=0.3392
[w/o VAE] Epoch 25/30 | loss_total=1.1884 recon=0.0093 hsic=0.0196 pred=0.3363
[w/o VAE] Epoch 26/30 | loss_total=1.1817 recon=0.0089 hsic=0.0195 pred=0.3345
[w/o VAE] Epoch 27/30 | loss_total=1.1782 recon=0.0095 hsic=0.0195 pred=0.3334
[w/o VAE] Epoch 28/30 | loss_total=1.1711 recon=0.0089 hsic=0.0195 pred=0.3315
[w/o VAE] Epoch 29/30 | loss_total=1.1676 recon=0.0089 hsic=0.0193 pred=0.3305
[w/o VAE] Epoch 30/30 | loss_total=1.1685 recon=0.0089 hsic=0.0193 pred=0.3308
[w/o HSIC] Epoch 1/30 | loss_total=2.1857 recon=0.8002 hsic=0.0159 pred=0.3958
[w/o HSIC] Epoch 2/30 | loss_total=1.5872 recon=0.3667 hsic=0.0183 pred=0.3487
[w/o HSIC] Epoch 3/30 | loss_total=1.3558 recon=0.1306 hsic=0.0203 pred=0.3500
[w/o HSIC] Epoch 4/30 | loss_total=1.2812 recon=0.0575 hsic=0.0205 pred=0.3496
[w/o HSIC] Epoch 5/30 | loss_total=1.2388 recon=0.0289 hsic=0.0207 pred=0.3457
[w/o HSIC] Epoch 6/30 | loss_total=1.2263 recon=0.0191 hsic=0.0210 pred=0.3449
[w/o HSIC] Epoch 7/30 | loss_total=1.2276 recon=0.0151 hsic=0.0210 pred=0.3464
[w/o HSIC] Epoch 8/30 | loss_total=1.2279 recon=0.0129 hsic=0.0211 pred=0.3472
[w/o HSIC] Epoch 9/30 | loss_total=1.2178 recon=0.0121 hsic=0.0212 pred=0.3445
[w/o HSIC] Epoch 10/30 | loss_total=1.2278 recon=0.0107 hsic=0.0212 pred=0.3477
[w/o HSIC] Epoch 11/30 | loss_total=1.2136 recon=0.0104 hsic=0.0212 pred=0.3438
[w/o HSIC] Epoch 12/30 | loss_total=1.2238 recon=0.0099 hsic=0.0211 pred=0.3468
[w/o HSIC] Epoch 13/30 | loss_total=1.2180 recon=0.0093 hsic=0.0210 pred=0.3453
[w/o HSIC] Epoch 14/30 | loss_total=1.2126 recon=0.0093 hsic=0.0207 pred=0.3438
[w/o HSIC] Epoch 15/30 | loss_total=1.2106 recon=0.0087 hsic=0.0207 pred=0.3434
[w/o HSIC] Epoch 16/30 | loss_total=1.2112 recon=0.0084 hsic=0.0207 pred=0.3437
[w/o HSIC] Epoch 17/30 | loss_total=1.2059 recon=0.0080 hsic=0.0203 pred=0.3422
[w/o HSIC] Epoch 18/30 | loss_total=1.2041 recon=0.0084 hsic=0.0203 pred=0.3416
[w/o HSIC] Epoch 19/30 | loss_total=1.1993 recon=0.0081 hsic=0.0202 pred=0.3403
[w/o HSIC] Epoch 20/30 | loss_total=1.2058 recon=0.0084 hsic=0.0197 pred=0.3421
[w/o HSIC] Epoch 21/30 | loss_total=1.1931 recon=0.0083 hsic=0.0196 pred=0.3385
[w/o HSIC] Epoch 22/30 | loss_total=1.1982 recon=0.0085 hsic=0.0194 pred=0.3399
[w/o HSIC] Epoch 23/30 | loss_total=1.1873 recon=0.0083 hsic=0.0193 pred=0.3369
[w/o HSIC] Epoch 24/30 | loss_total=1.1933 recon=0.0087 hsic=0.0192 pred=0.3385
[w/o HSIC] Epoch 25/30 | loss_total=1.1839 recon=0.0088 hsic=0.0190 pred=0.3357
[w/o HSIC] Epoch 26/30 | loss_total=1.1788 recon=0.0088 hsic=0.0188 pred=0.3343
[w/o HSIC] Epoch 27/30 | loss_total=1.1769 recon=0.0092 hsic=0.0189 pred=0.3336
[w/o HSIC] Epoch 28/30 | loss_total=1.1679 recon=0.0092 hsic=0.0188 pred=0.3311
[w/o HSIC] Epoch 29/30 | loss_total=1.1670 recon=0.0092 hsic=0.0187 pred=0.3308
[w/o HSIC] Epoch 30/30 | loss_total=1.1734 recon=0.0099 hsic=0.0187 pred=0.3324

[Done] Raw metrics: /home/UserData/ljx/Project_1/results/ablation_metrics_rigorous.json
[Done] Report: /home/UserData/ljx/Project_1/reports/task19.5_ablation_study_rigorous.md
Ablation Study Completed.
