Script started...

[Seed 42] Loading data...
Training Full DLC (SOTA) from scratch (Seed 42)
[Full DLC (SOTA)] Epoch 5/80 | loss_total=1.8594 recon=0.0577 hsic=0.0211 pred=0.3453
[Full DLC (SOTA)] Val@Ep10 | score=1003.0338 AUC=0.7973 Acc=0.8463 F1=0.5818 PEHE=0.0427 dCATE=0.1273 Sens=0.0094 thr=0.33 feasible=1
[Full DLC (SOTA)] Epoch 10/80 | loss_total=1.7723 recon=0.0176 hsic=0.0211 pred=0.3437
[Full DLC (SOTA)] Val@Ep15 | score=1003.0228 AUC=0.7994 Acc=0.8196 F1=0.5781 PEHE=0.0273 dCATE=0.1467 Sens=0.0115 thr=0.22 feasible=1
[Full DLC (SOTA)] Epoch 15/80 | loss_total=1.7451 recon=0.0125 hsic=0.0209 pred=0.3430
[Full DLC (SOTA)] Val@Ep20 | score=1003.0621 AUC=0.7999 Acc=0.8385 F1=0.5748 PEHE=0.0240 dCATE=0.1638 Sens=0.0123 thr=0.29 feasible=1
[Full DLC (SOTA)] Epoch 20/80 | loss_total=1.7060 recon=0.0115 hsic=0.0208 pred=0.3361
[Full DLC (SOTA)] Val@Ep25 | score=1003.0268 AUC=0.7947 Acc=0.8263 F1=0.5738 PEHE=0.0253 dCATE=0.1558 Sens=0.0150 thr=0.24 feasible=1
[Full DLC (SOTA)] Epoch 25/80 | loss_total=1.6759 recon=0.0095 hsic=0.0206 pred=0.3312
[Full DLC (SOTA)] Val@Ep30 | score=1003.0487 AUC=0.7983 Acc=0.8352 F1=0.5698 PEHE=0.0330 dCATE=0.1872 Sens=0.0229 thr=0.25 feasible=1
[Full DLC (SOTA)] Epoch 30/80 | loss_total=1.6477 recon=0.0096 hsic=0.0206 pred=0.3245
[Full DLC (SOTA)] Val@Ep35 | score=1003.0377 AUC=0.7968 Acc=0.8274 F1=0.5706 PEHE=0.0249 dCATE=0.1844 Sens=0.0285 thr=0.24 feasible=1
[Full DLC (SOTA)] Epoch 35/80 | loss_total=1.6182 recon=0.0098 hsic=0.0205 pred=0.3192
[Full DLC (SOTA)] Val@Ep40 | score=1003.0378 AUC=0.7959 Acc=0.8530 F1=0.5796 PEHE=0.0256 dCATE=0.1337 Sens=0.0324 thr=0.30 feasible=1
[Full DLC (SOTA)] Epoch 40/80 | loss_total=1.5879 recon=0.0095 hsic=0.0202 pred=0.3137
[Full DLC (SOTA)] Val@Ep45 | score=1003.0220 AUC=0.7955 Acc=0.8419 F1=0.5671 PEHE=0.0171 dCATE=0.1492 Sens=0.0334 thr=0.23 feasible=1
[Full DLC (SOTA)] Epoch 45/80 | loss_total=1.5611 recon=0.0081 hsic=0.0203 pred=0.3086
[Full DLC (SOTA)] Val@Ep50 | score=1003.0002 AUC=0.7952 Acc=0.8430 F1=0.5635 PEHE=0.0224 dCATE=0.1367 Sens=0.0337 thr=0.21 feasible=1
[Full DLC (SOTA)] Epoch 50/80 | loss_total=1.5411 recon=0.0080 hsic=0.0202 pred=0.3047
[Full DLC (SOTA)] Val@Ep55 | score=1002.9820 AUC=0.7907 Acc=0.8318 F1=0.5598 PEHE=0.0267 dCATE=0.1576 Sens=0.0401 thr=0.19 feasible=1
[Full DLC (SOTA)] Epoch 55/80 | loss_total=1.5258 recon=0.0078 hsic=0.0201 pred=0.3018
[Full DLC (SOTA)] Val@Ep60 | score=1002.9993 AUC=0.7929 Acc=0.8419 F1=0.5617 PEHE=0.0203 dCATE=0.1520 Sens=0.0437 thr=0.23 feasible=1
[Full DLC (SOTA)] Epoch 60/80 | loss_total=1.5263 recon=0.0076 hsic=0.0201 pred=0.3013
[Full DLC (SOTA)] Val@Ep65 | score=1002.9731 AUC=0.7934 Acc=0.8296 F1=0.5487 PEHE=0.0230 dCATE=0.1743 Sens=0.0484 thr=0.21 feasible=1
[Full DLC (SOTA)] Epoch 65/80 | loss_total=1.5034 recon=0.0071 hsic=0.0199 pred=0.2975
[Full DLC (SOTA)] Val@Ep70 | score=1002.9787 AUC=0.7929 Acc=0.8318 F1=0.5493 PEHE=0.0222 dCATE=0.1776 Sens=0.0502 thr=0.23 feasible=1
[Full DLC (SOTA)] Epoch 70/80 | loss_total=1.4881 recon=0.0070 hsic=0.0200 pred=0.2941
[Full DLC (SOTA)] Val@Ep75 | score=1002.9652 AUC=0.7924 Acc=0.8307 F1=0.5476 PEHE=0.0214 dCATE=0.1656 Sens=0.0489 thr=0.19 feasible=1
[Full DLC (SOTA)] Epoch 75/80 | loss_total=1.4942 recon=0.0069 hsic=0.0201 pred=0.2952
[Full DLC (SOTA)] Val@Ep80 | score=1002.9613 AUC=0.7906 Acc=0.8296 F1=0.5460 PEHE=0.0214 dCATE=0.1732 Sens=0.0534 thr=0.21 feasible=1
[Full DLC (SOTA)] Epoch 80/80 | loss_total=1.4710 recon=0.0068 hsic=0.0200 pred=0.2906
[Full DLC (SOTA)] Restored best checkpoint at epoch 20 (score=1003.0621, thr=0.29)
[w/o HGNN] Epoch 5/60 | loss_total=1.5824 recon=0.2293 hsic=0.0162 pred=0.3371
[w/o HGNN] Val@Ep10 | score=1002.9943 AUC=0.7889 Acc=0.8452 F1=0.5697 PEHE=0.0504 dCATE=0.1550 Sens=0.0355 thr=0.33 feasible=1
[w/o HGNN] Epoch 10/60 | loss_total=1.3757 recon=0.0670 hsic=0.0188 pred=0.3250
[w/o HGNN] Val@Ep15 | score=1002.9034 AUC=0.7744 Acc=0.8441 F1=0.5484 PEHE=0.0822 dCATE=0.1623 Sens=0.0487 thr=0.38 feasible=1
[w/o HGNN] Epoch 15/60 | loss_total=1.2870 recon=0.0399 hsic=0.0213 pred=0.3094
[w/o HGNN] Val@Ep20 | score=1002.7899 AUC=0.7603 Acc=0.8140 F1=0.5322 PEHE=0.0939 dCATE=0.1717 Sens=0.0755 thr=0.25 feasible=1
[w/o HGNN] Epoch 20/60 | loss_total=1.2172 recon=0.0316 hsic=0.0221 pred=0.2913
[w/o HGNN] Val@Ep25 | score=1.8710 AUC=0.7480 Acc=0.8085 F1=0.5249 PEHE=0.1040 dCATE=0.1867 Sens=0.0864 thr=0.26 feasible=0
[w/o HGNN] Epoch 25/60 | loss_total=1.0782 recon=0.0239 hsic=0.0226 pred=0.2588
[w/o HGNN] Val@Ep30 | score=-2.4814 AUC=0.7351 Acc=0.7840 F1=0.4921 PEHE=0.1209 dCATE=0.1881 Sens=0.1023 thr=0.26 feasible=0
[w/o HGNN] Epoch 30/60 | loss_total=1.0020 recon=0.0222 hsic=0.0225 pred=0.2399
[w/o HGNN] Val@Ep35 | score=-8.7863 AUC=0.7032 Acc=0.7884 F1=0.4837 PEHE=0.1437 dCATE=0.2203 Sens=0.1079 thr=0.22 feasible=0
[w/o HGNN] Epoch 35/60 | loss_total=0.9330 recon=0.0205 hsic=0.0224 pred=0.2207
[w/o HGNN] Val@Ep40 | score=-8.1313 AUC=0.6940 Acc=0.7929 F1=0.4593 PEHE=0.1406 dCATE=0.1968 Sens=0.1078 thr=0.24 feasible=0
[w/o HGNN] Epoch 40/60 | loss_total=0.8845 recon=0.0190 hsic=0.0227 pred=0.2079
[w/o HGNN] Val@Ep45 | score=-5.7413 AUC=0.6806 Acc=0.8196 F1=0.4706 PEHE=0.1356 dCATE=0.2093 Sens=0.1022 thr=0.33 feasible=0
[w/o HGNN] Epoch 45/60 | loss_total=0.8043 recon=0.0169 hsic=0.0225 pred=0.1896
[w/o HGNN] Val@Ep50 | score=-11.1771 AUC=0.6816 Acc=0.8185 F1=0.4759 PEHE=0.1449 dCATE=0.2163 Sens=0.1176 thr=0.40 feasible=0
[w/o HGNN] Epoch 50/60 | loss_total=0.7784 recon=0.0162 hsic=0.0226 pred=0.1831
[w/o HGNN] Val@Ep55 | score=-9.9942 AUC=0.6686 Acc=0.8140 F1=0.4665 PEHE=0.1464 dCATE=0.2171 Sens=0.1106 thr=0.34 feasible=0
[w/o HGNN] Epoch 55/60 | loss_total=0.7590 recon=0.0157 hsic=0.0226 pred=0.1779
[w/o HGNN] Val@Ep60 | score=-16.6008 AUC=0.6412 Acc=0.8140 F1=0.4560 PEHE=0.1604 dCATE=0.2095 Sens=0.1262 thr=0.40 feasible=0
[w/o HGNN] Epoch 60/60 | loss_total=0.7448 recon=0.0153 hsic=0.0225 pred=0.1728
[w/o HGNN] Restored best checkpoint at epoch 10 (score=1002.9943, thr=0.33)
[w/o VAE] Epoch 5/60 | loss_total=1.4619 recon=0.0433 hsic=0.0239 pred=0.3481
[w/o VAE] Val@Ep10 | score=1003.0155 AUC=0.7977 Acc=0.8463 F1=0.5818 PEHE=0.0705 dCATE=0.1370 Sens=0.0089 thr=0.33 feasible=1
[w/o VAE] Epoch 10/60 | loss_total=1.4098 recon=0.0159 hsic=0.0231 pred=0.3450
[w/o VAE] Val@Ep15 | score=1002.9990 AUC=0.7994 Acc=0.8341 F1=0.5755 PEHE=0.0517 dCATE=0.1273 Sens=0.0093 thr=0.24 feasible=1
[w/o VAE] Epoch 15/60 | loss_total=1.3934 recon=0.0119 hsic=0.0221 pred=0.3432
[w/o VAE] Val@Ep20 | score=1003.0198 AUC=0.7955 Acc=0.8385 F1=0.5748 PEHE=0.0455 dCATE=0.1508 Sens=0.0170 thr=0.32 feasible=1
[w/o VAE] Epoch 20/60 | loss_total=1.3561 recon=0.0105 hsic=0.0220 pred=0.3341
[w/o VAE] Val@Ep25 | score=1002.9774 AUC=0.7944 Acc=0.8140 F1=0.5662 PEHE=0.0464 dCATE=0.1584 Sens=0.0154 thr=0.20 feasible=1
[w/o VAE] Epoch 25/60 | loss_total=1.3308 recon=0.0079 hsic=0.0214 pred=0.3285
[w/o VAE] Val@Ep30 | score=1002.9857 AUC=0.7967 Acc=0.8285 F1=0.5625 PEHE=0.0753 dCATE=0.1905 Sens=0.0233 thr=0.25 feasible=1
[w/o VAE] Epoch 30/60 | loss_total=1.3046 recon=0.0078 hsic=0.0214 pred=0.3220
[w/o VAE] Val@Ep35 | score=1002.9658 AUC=0.7909 Acc=0.8263 F1=0.5543 PEHE=0.0515 dCATE=0.1740 Sens=0.0293 thr=0.26 feasible=1
[w/o VAE] Epoch 35/60 | loss_total=1.2799 recon=0.0077 hsic=0.0212 pred=0.3163
[w/o VAE] Val@Ep40 | score=1002.9196 AUC=0.7879 Acc=0.8252 F1=0.5396 PEHE=0.0348 dCATE=0.1406 Sens=0.0326 thr=0.26 feasible=1
[w/o VAE] Epoch 40/60 | loss_total=1.2583 recon=0.0076 hsic=0.0210 pred=0.3110
[w/o VAE] Val@Ep45 | score=1002.8925 AUC=0.7923 Acc=0.7984 F1=0.5441 PEHE=0.0543 dCATE=0.1610 Sens=0.0333 thr=0.13 feasible=1
[w/o VAE] Epoch 45/60 | loss_total=1.2364 recon=0.0065 hsic=0.0209 pred=0.3057
[w/o VAE] Val@Ep50 | score=1002.8540 AUC=0.7857 Acc=0.8007 F1=0.5351 PEHE=0.0496 dCATE=0.1313 Sens=0.0309 thr=0.13 feasible=1
[w/o VAE] Epoch 50/60 | loss_total=1.2195 recon=0.0067 hsic=0.0209 pred=0.3020
[w/o VAE] Val@Ep55 | score=1002.8780 AUC=0.7833 Acc=0.8263 F1=0.5273 PEHE=0.0463 dCATE=0.1418 Sens=0.0397 thr=0.19 feasible=1
[w/o VAE] Epoch 55/60 | loss_total=1.2078 recon=0.0066 hsic=0.0207 pred=0.2984
[w/o VAE] Val@Ep60 | score=1002.8922 AUC=0.7826 Acc=0.8307 F1=0.5250 PEHE=0.0332 dCATE=0.1477 Sens=0.0457 thr=0.27 feasible=1
[w/o VAE] Epoch 60/60 | loss_total=1.2106 recon=0.0067 hsic=0.0207 pred=0.2986
[w/o VAE] Restored best checkpoint at epoch 20 (score=1003.0198, thr=0.32)
[w/o HSIC] Epoch 5/60 | loss_total=1.4734 recon=0.0573 hsic=0.0208 pred=0.3479
[w/o HSIC] Val@Ep10 | score=1002.9996 AUC=0.7974 Acc=0.8408 F1=0.5782 PEHE=0.0685 dCATE=0.1355 Sens=0.0111 thr=0.32 feasible=1
[w/o HSIC] Epoch 10/60 | loss_total=1.4100 recon=0.0173 hsic=0.0205 pred=0.3447
[w/o HSIC] Val@Ep15 | score=1003.0003 AUC=0.7961 Acc=0.8396 F1=0.5789 PEHE=0.0640 dCATE=0.1401 Sens=0.0176 thr=0.25 feasible=1
[w/o HSIC] Epoch 15/60 | loss_total=1.3940 recon=0.0115 hsic=0.0197 pred=0.3434
[w/o HSIC] Val@Ep20 | score=1002.9995 AUC=0.7958 Acc=0.8352 F1=0.5747 PEHE=0.0446 dCATE=0.1372 Sens=0.0215 thr=0.26 feasible=1
[w/o HSIC] Epoch 20/60 | loss_total=1.3665 recon=0.0102 hsic=0.0193 pred=0.3365
[w/o HSIC] Val@Ep25 | score=1002.9785 AUC=0.7950 Acc=0.8263 F1=0.5667 PEHE=0.0464 dCATE=0.1484 Sens=0.0239 thr=0.23 feasible=1
[w/o HSIC] Epoch 25/60 | loss_total=1.3470 recon=0.0087 hsic=0.0190 pred=0.3327
[w/o HSIC] Val@Ep30 | score=1003.0038 AUC=0.7948 Acc=0.8330 F1=0.5665 PEHE=0.0705 dCATE=0.1993 Sens=0.0289 thr=0.26 feasible=1
[w/o HSIC] Epoch 30/60 | loss_total=1.3244 recon=0.0086 hsic=0.0190 pred=0.3270
[w/o HSIC] Val@Ep35 | score=1003.0046 AUC=0.7927 Acc=0.8296 F1=0.5714 PEHE=0.0520 dCATE=0.1791 Sens=0.0302 thr=0.24 feasible=1
[w/o HSIC] Epoch 35/60 | loss_total=1.3046 recon=0.0085 hsic=0.0191 pred=0.3222
[w/o HSIC] Val@Ep40 | score=1002.9673 AUC=0.7899 Acc=0.8307 F1=0.5632 PEHE=0.0349 dCATE=0.1456 Sens=0.0391 thr=0.25 feasible=1
[w/o HSIC] Epoch 40/60 | loss_total=1.2806 recon=0.0084 hsic=0.0191 pred=0.3166
[w/o HSIC] Val@Ep45 | score=1002.9893 AUC=0.7934 Acc=0.8307 F1=0.5706 PEHE=0.0447 dCATE=0.1661 Sens=0.0420 thr=0.19 feasible=1
[w/o HSIC] Epoch 45/60 | loss_total=1.2607 recon=0.0072 hsic=0.0191 pred=0.3117
[w/o HSIC] Val@Ep50 | score=1002.9310 AUC=0.7888 Acc=0.8218 F1=0.5531 PEHE=0.0416 dCATE=0.1488 Sens=0.0408 thr=0.16 feasible=1
[w/o HSIC] Epoch 50/60 | loss_total=1.2471 recon=0.0072 hsic=0.0191 pred=0.3083
[w/o HSIC] Val@Ep55 | score=1002.9524 AUC=0.7885 Acc=0.8229 F1=0.5620 PEHE=0.0395 dCATE=0.1574 Sens=0.0459 thr=0.16 feasible=1
[w/o HSIC] Epoch 55/60 | loss_total=1.2375 recon=0.0072 hsic=0.0190 pred=0.3059
[w/o HSIC] Val@Ep60 | score=1002.9576 AUC=0.7882 Acc=0.8174 F1=0.5638 PEHE=0.0338 dCATE=0.1679 Sens=0.0507 thr=0.15 feasible=1
[w/o HSIC] Epoch 60/60 | loss_total=1.2368 recon=0.0071 hsic=0.0191 pred=0.3055
[w/o HSIC] Restored best checkpoint at epoch 35 (score=1003.0046, thr=0.24)

[Seed 43] Loading data...
Training Full DLC (SOTA) from scratch (Seed 43)
[Full DLC (SOTA)] Epoch 5/80 | loss_total=1.8444 recon=0.0407 hsic=0.0206 pred=0.3457
[Full DLC (SOTA)] Val@Ep10 | score=1003.1191 AUC=0.8115 Acc=0.8541 F1=0.5994 PEHE=0.0396 dCATE=0.1647 Sens=0.0157 thr=0.31 feasible=1
[Full DLC (SOTA)] Epoch 10/80 | loss_total=1.7731 recon=0.0177 hsic=0.0205 pred=0.3445
[Full DLC (SOTA)] Val@Ep15 | score=1003.1092 AUC=0.8144 Acc=0.8563 F1=0.5931 PEHE=0.0282 dCATE=0.1432 Sens=0.0129 thr=0.25 feasible=1
[Full DLC (SOTA)] Epoch 15/80 | loss_total=1.7434 recon=0.0117 hsic=0.0205 pred=0.3435
[Full DLC (SOTA)] Val@Ep20 | score=1003.1395 AUC=0.8101 Acc=0.8630 F1=0.5941 PEHE=0.0362 dCATE=0.1810 Sens=0.0155 thr=0.35 feasible=1
[Full DLC (SOTA)] Epoch 20/80 | loss_total=1.7075 recon=0.0114 hsic=0.0202 pred=0.3360
[Full DLC (SOTA)] Val@Ep25 | score=1003.0920 AUC=0.8121 Acc=0.8296 F1=0.5876 PEHE=0.0238 dCATE=0.1811 Sens=0.0196 thr=0.21 feasible=1
[Full DLC (SOTA)] Epoch 25/80 | loss_total=1.6714 recon=0.0092 hsic=0.0201 pred=0.3304
[Full DLC (SOTA)] Val@Ep30 | score=1003.0794 AUC=0.8091 Acc=0.8285 F1=0.5882 PEHE=0.0192 dCATE=0.1717 Sens=0.0250 thr=0.20 feasible=1
[Full DLC (SOTA)] Epoch 30/80 | loss_total=1.6462 recon=0.0092 hsic=0.0198 pred=0.3256
[Full DLC (SOTA)] Val@Ep35 | score=1003.0430 AUC=0.8058 Acc=0.8296 F1=0.5762 PEHE=0.0208 dCATE=0.1615 Sens=0.0283 thr=0.22 feasible=1
[Full DLC (SOTA)] Epoch 35/80 | loss_total=1.6302 recon=0.0088 hsic=0.0198 pred=0.3216
[Full DLC (SOTA)] Val@Ep40 | score=1002.9996 AUC=0.8036 Acc=0.8218 F1=0.5722 PEHE=0.0234 dCATE=0.1430 Sens=0.0326 thr=0.17 feasible=1
[Full DLC (SOTA)] Epoch 40/80 | loss_total=1.6014 recon=0.0087 hsic=0.0197 pred=0.3155
[Full DLC (SOTA)] Val@Ep45 | score=1003.0095 AUC=0.8023 Acc=0.8163 F1=0.5669 PEHE=0.0272 dCATE=0.1929 Sens=0.0457 thr=0.19 feasible=1
[Full DLC (SOTA)] Epoch 45/80 | loss_total=1.5738 recon=0.0075 hsic=0.0196 pred=0.3109
[Full DLC (SOTA)] Val@Ep50 | score=1002.9988 AUC=0.8006 Acc=0.8252 F1=0.5602 PEHE=0.0228 dCATE=0.1726 Sens=0.0419 thr=0.20 feasible=1
[Full DLC (SOTA)] Epoch 50/80 | loss_total=1.5474 recon=0.0075 hsic=0.0196 pred=0.3060
[Full DLC (SOTA)] Val@Ep55 | score=1002.9781 AUC=0.8005 Acc=0.8196 F1=0.5598 PEHE=0.0262 dCATE=0.1652 Sens=0.0439 thr=0.19 feasible=1
[Full DLC (SOTA)] Epoch 55/80 | loss_total=1.5317 recon=0.0073 hsic=0.0195 pred=0.3025
[Full DLC (SOTA)] Val@Ep60 | score=1002.9525 AUC=0.7982 Acc=0.8151 F1=0.5440 PEHE=0.0232 dCATE=0.1742 Sens=0.0452 thr=0.17 feasible=1
[Full DLC (SOTA)] Epoch 60/80 | loss_total=1.5185 recon=0.0072 hsic=0.0195 pred=0.2992
[Full DLC (SOTA)] Val@Ep65 | score=1002.9366 AUC=0.7963 Acc=0.8207 F1=0.5387 PEHE=0.0217 dCATE=0.1596 Sens=0.0463 thr=0.18 feasible=1
[Full DLC (SOTA)] Epoch 65/80 | loss_total=1.4984 recon=0.0067 hsic=0.0195 pred=0.2963
[Full DLC (SOTA)] Val@Ep70 | score=1002.9431 AUC=0.7956 Acc=0.8185 F1=0.5382 PEHE=0.0218 dCATE=0.1724 Sens=0.0467 thr=0.17 feasible=1
[Full DLC (SOTA)] Epoch 70/80 | loss_total=1.4895 recon=0.0067 hsic=0.0195 pred=0.2948
[Full DLC (SOTA)] Val@Ep75 | score=1002.9280 AUC=0.7947 Acc=0.8218 F1=0.5294 PEHE=0.0220 dCATE=0.1672 Sens=0.0457 thr=0.17 feasible=1
[Full DLC (SOTA)] Epoch 75/80 | loss_total=1.4927 recon=0.0067 hsic=0.0196 pred=0.2950
[Full DLC (SOTA)] Val@Ep80 | score=1002.9005 AUC=0.7921 Acc=0.8174 F1=0.5260 PEHE=0.0226 dCATE=0.1531 Sens=0.0454 thr=0.17 feasible=1
[Full DLC (SOTA)] Epoch 80/80 | loss_total=1.4759 recon=0.0066 hsic=0.0195 pred=0.2914
[Full DLC (SOTA)] Restored best checkpoint at epoch 20 (score=1003.1395, thr=0.35)
[w/o HGNN] Epoch 5/60 | loss_total=1.6072 recon=0.2304 hsic=0.0162 pred=0.3422
[w/o HGNN] Val@Ep10 | score=1003.0627 AUC=0.7959 Acc=0.8374 F1=0.5922 PEHE=0.0393 dCATE=0.1708 Sens=0.0267 thr=0.21 feasible=1
[w/o HGNN] Epoch 10/60 | loss_total=1.3832 recon=0.0672 hsic=0.0183 pred=0.3278
[w/o HGNN] Val@Ep15 | score=1003.0534 AUC=0.7836 Acc=0.8653 F1=0.5926 PEHE=0.0692 dCATE=0.1928 Sens=0.0534 thr=0.39 feasible=1
[w/o HGNN] Epoch 15/60 | loss_total=1.2943 recon=0.0421 hsic=0.0204 pred=0.3110
[w/o HGNN] Val@Ep20 | score=1002.9156 AUC=0.7864 Acc=0.8563 F1=0.5505 PEHE=0.0797 dCATE=0.1706 Sens=0.0795 thr=0.45 feasible=1
[w/o HGNN] Epoch 20/60 | loss_total=1.2171 recon=0.0314 hsic=0.0216 pred=0.2927
[w/o HGNN] Val@Ep25 | score=-1.7626 AUC=0.7568 Acc=0.8552 F1=0.5517 PEHE=0.0986 dCATE=0.1876 Sens=0.1209 thr=0.49 feasible=0
[w/o HGNN] Epoch 25/60 | loss_total=1.0853 recon=0.0239 hsic=0.0220 pred=0.2608
[w/o HGNN] Val@Ep30 | score=-5.9454 AUC=0.7570 Acc=0.8419 F1=0.5267 PEHE=0.1130 dCATE=0.1927 Sens=0.1266 thr=0.44 feasible=0
[w/o HGNN] Epoch 30/60 | loss_total=1.0038 recon=0.0213 hsic=0.0223 pred=0.2406
[w/o HGNN] Val@Ep35 | score=-8.3943 AUC=0.7039 Acc=0.8274 F1=0.5079 PEHE=0.1198 dCATE=0.1891 Sens=0.1304 thr=0.24 feasible=0
[w/o HGNN] Epoch 35/60 | loss_total=0.9479 recon=0.0202 hsic=0.0224 pred=0.2252
[w/o HGNN] Val@Ep40 | score=-4.6752 AUC=0.6668 Acc=0.8385 F1=0.4876 PEHE=0.1114 dCATE=0.1810 Sens=0.1216 thr=0.31 feasible=0
[w/o HGNN] Epoch 40/60 | loss_total=0.8684 recon=0.0184 hsic=0.0225 pred=0.2057
[w/o HGNN] Val@Ep45 | score=-10.3995 AUC=0.6872 Acc=0.8441 F1=0.5070 PEHE=0.1341 dCATE=0.1946 Sens=0.1252 thr=0.51 feasible=0
[w/o HGNN] Epoch 45/60 | loss_total=0.8046 recon=0.0162 hsic=0.0223 pred=0.1904
[w/o HGNN] Val@Ep50 | score=-13.7873 AUC=0.6720 Acc=0.8385 F1=0.5085 PEHE=0.1442 dCATE=0.2015 Sens=0.1303 thr=0.44 feasible=0
[w/o HGNN] Epoch 50/60 | loss_total=0.7803 recon=0.0156 hsic=0.0223 pred=0.1845
[w/o HGNN] Val@Ep55 | score=-14.3188 AUC=0.6720 Acc=0.8486 F1=0.5036 PEHE=0.1460 dCATE=0.1963 Sens=0.1309 thr=0.69 feasible=0
[w/o HGNN] Epoch 55/60 | loss_total=0.7612 recon=0.0150 hsic=0.0225 pred=0.1788
[w/o HGNN] Val@Ep60 | score=-12.0507 AUC=0.6423 Acc=0.8430 F1=0.4982 PEHE=0.1450 dCATE=0.1857 Sens=0.1215 thr=0.49 feasible=0
[w/o HGNN] Epoch 60/60 | loss_total=0.7459 recon=0.0145 hsic=0.0227 pred=0.1754
[w/o HGNN] Restored best checkpoint at epoch 10 (score=1003.0627, thr=0.21)
[w/o VAE] Epoch 5/60 | loss_total=1.4711 recon=0.0448 hsic=0.0233 pred=0.3490
[w/o VAE] Val@Ep10 | score=1003.1074 AUC=0.8153 Acc=0.8541 F1=0.6018 PEHE=0.0732 dCATE=0.1792 Sens=0.0148 thr=0.28 feasible=1
[w/o VAE] Epoch 10/60 | loss_total=1.4159 recon=0.0134 hsic=0.0218 pred=0.3470
[w/o VAE] Val@Ep15 | score=1003.0800 AUC=0.8162 Acc=0.8474 F1=0.5982 PEHE=0.0445 dCATE=0.1397 Sens=0.0209 thr=0.20 feasible=1
[w/o VAE] Epoch 15/60 | loss_total=1.3975 recon=0.0103 hsic=0.0211 pred=0.3448
[w/o VAE] Val@Ep20 | score=1003.0715 AUC=0.8085 Acc=0.8519 F1=0.5933 PEHE=0.0778 dCATE=0.1858 Sens=0.0276 thr=0.29 feasible=1
[w/o VAE] Epoch 20/60 | loss_total=1.3687 recon=0.0107 hsic=0.0209 pred=0.3372
[w/o VAE] Val@Ep25 | score=1003.0407 AUC=0.8118 Acc=0.8218 F1=0.5876 PEHE=0.0569 dCATE=0.1834 Sens=0.0288 thr=0.18 feasible=1
[w/o VAE] Epoch 25/60 | loss_total=1.3321 recon=0.0078 hsic=0.0209 pred=0.3294
[w/o VAE] Val@Ep30 | score=1003.0823 AUC=0.8105 Acc=0.8352 F1=0.6000 PEHE=0.0485 dCATE=0.1793 Sens=0.0303 thr=0.19 feasible=1
[w/o VAE] Epoch 30/60 | loss_total=1.3068 recon=0.0075 hsic=0.0205 pred=0.3233
[w/o VAE] Val@Ep35 | score=1003.0422 AUC=0.8093 Acc=0.8274 F1=0.5867 PEHE=0.0374 dCATE=0.1633 Sens=0.0323 thr=0.21 feasible=1
[w/o VAE] Epoch 35/60 | loss_total=1.2912 recon=0.0076 hsic=0.0204 pred=0.3189
[w/o VAE] Val@Ep40 | score=1003.0051 AUC=0.8094 Acc=0.8241 F1=0.5753 PEHE=0.0336 dCATE=0.1536 Sens=0.0405 thr=0.15 feasible=1
[w/o VAE] Epoch 40/60 | loss_total=1.2636 recon=0.0077 hsic=0.0202 pred=0.3121
[w/o VAE] Val@Ep45 | score=1003.0186 AUC=0.8036 Acc=0.8296 F1=0.5785 PEHE=0.0381 dCATE=0.1763 Sens=0.0506 thr=0.22 feasible=1
[w/o VAE] Epoch 45/60 | loss_total=1.2446 recon=0.0068 hsic=0.0202 pred=0.3075
[w/o VAE] Val@Ep50 | score=1003.0073 AUC=0.8040 Acc=0.8330 F1=0.5763 PEHE=0.0397 dCATE=0.1669 Sens=0.0530 thr=0.20 feasible=1
[w/o VAE] Epoch 50/60 | loss_total=1.2236 recon=0.0069 hsic=0.0202 pred=0.3024
[w/o VAE] Val@Ep55 | score=1002.9940 AUC=0.8015 Acc=0.8307 F1=0.5706 PEHE=0.0370 dCATE=0.1682 Sens=0.0550 thr=0.19 feasible=1
[w/o VAE] Epoch 55/60 | loss_total=1.2097 recon=0.0070 hsic=0.0201 pred=0.2985
[w/o VAE] Val@Ep60 | score=1003.0027 AUC=0.8003 Acc=0.8341 F1=0.5755 PEHE=0.0468 dCATE=0.1760 Sens=0.0553 thr=0.18 feasible=1
[w/o VAE] Epoch 60/60 | loss_total=1.1993 recon=0.0069 hsic=0.0200 pred=0.2957
[w/o VAE] Restored best checkpoint at epoch 10 (score=1003.1074, thr=0.28)
[w/o HSIC] Epoch 5/60 | loss_total=1.4663 recon=0.0466 hsic=0.0210 pred=0.3488
[w/o HSIC] Val@Ep10 | score=1003.1026 AUC=0.8147 Acc=0.8552 F1=0.5988 PEHE=0.0720 dCATE=0.1747 Sens=0.0125 thr=0.29 feasible=1
[w/o HSIC] Epoch 10/60 | loss_total=1.4172 recon=0.0171 hsic=0.0205 pred=0.3463
[w/o HSIC] Val@Ep15 | score=1003.0676 AUC=0.8137 Acc=0.8497 F1=0.5946 PEHE=0.0516 dCATE=0.1335 Sens=0.0151 thr=0.22 feasible=1
[w/o HSIC] Epoch 15/60 | loss_total=1.4041 recon=0.0122 hsic=0.0200 pred=0.3456
[w/o HSIC] Val@Ep20 | score=1003.0612 AUC=0.8078 Acc=0.8452 F1=0.5924 PEHE=0.0996 dCATE=0.2061 Sens=0.0229 thr=0.24 feasible=1
[w/o HSIC] Epoch 20/60 | loss_total=1.3773 recon=0.0113 hsic=0.0195 pred=0.3390
[w/o HSIC] Val@Ep25 | score=1003.0712 AUC=0.8104 Acc=0.8441 F1=0.5930 PEHE=0.0626 dCATE=0.1799 Sens=0.0284 thr=0.24 feasible=1
[w/o HSIC] Epoch 25/60 | loss_total=1.3493 recon=0.0086 hsic=0.0196 pred=0.3334
[w/o HSIC] Val@Ep30 | score=1003.0344 AUC=0.8075 Acc=0.8274 F1=0.5845 PEHE=0.0560 dCATE=0.1831 Sens=0.0338 thr=0.21 feasible=1
[w/o HSIC] Epoch 30/60 | loss_total=1.3266 recon=0.0083 hsic=0.0194 pred=0.3281
[w/o HSIC] Val@Ep35 | score=1003.0142 AUC=0.8071 Acc=0.8218 F1=0.5789 PEHE=0.0447 dCATE=0.1700 Sens=0.0360 thr=0.22 feasible=1
[w/o HSIC] Epoch 35/60 | loss_total=1.3155 recon=0.0083 hsic=0.0197 pred=0.3251
[w/o HSIC] Val@Ep40 | score=1002.9923 AUC=0.8055 Acc=0.8151 F1=0.5744 PEHE=0.0358 dCATE=0.1537 Sens=0.0333 thr=0.15 feasible=1
[w/o HSIC] Epoch 40/60 | loss_total=1.2915 recon=0.0079 hsic=0.0197 pred=0.3187
[w/o HSIC] Val@Ep45 | score=1002.9808 AUC=0.8023 Acc=0.8163 F1=0.5669 PEHE=0.0469 dCATE=0.1834 Sens=0.0462 thr=0.20 feasible=1
[w/o HSIC] Epoch 45/60 | loss_total=1.2751 recon=0.0070 hsic=0.0197 pred=0.3154
[w/o HSIC] Val@Ep50 | score=1002.9495 AUC=0.8002 Acc=0.8163 F1=0.5528 PEHE=0.0421 dCATE=0.1726 Sens=0.0466 thr=0.19 feasible=1
[w/o HSIC] Epoch 50/60 | loss_total=1.2576 recon=0.0070 hsic=0.0198 pred=0.3112
[w/o HSIC] Val@Ep55 | score=1002.9170 AUC=0.7977 Acc=0.8085 F1=0.5450 PEHE=0.0379 dCATE=0.1647 Sens=0.0494 thr=0.18 feasible=1
[w/o HSIC] Epoch 55/60 | loss_total=1.2470 recon=0.0068 hsic=0.0198 pred=0.3082
[w/o HSIC] Val@Ep60 | score=1002.9823 AUC=0.7966 Acc=0.8363 F1=0.5532 PEHE=0.0504 dCATE=0.1945 Sens=0.0503 thr=0.25 feasible=1
[w/o HSIC] Epoch 60/60 | loss_total=1.2362 recon=0.0068 hsic=0.0199 pred=0.3054
[w/o HSIC] Restored best checkpoint at epoch 10 (score=1003.1026, thr=0.29)

[Seed 44] Loading data...
Training Full DLC (SOTA) from scratch (Seed 44)
[Full DLC (SOTA)] Epoch 5/80 | loss_total=1.8719 recon=0.0636 hsic=0.0208 pred=0.3468
[Full DLC (SOTA)] Val@Ep10 | score=1002.9974 AUC=0.8084 Acc=0.8218 F1=0.5604 PEHE=0.0255 dCATE=0.1351 Sens=0.0105 thr=0.23 feasible=1
[Full DLC (SOTA)] Epoch 10/80 | loss_total=1.7659 recon=0.0161 hsic=0.0206 pred=0.3448
[Full DLC (SOTA)] Val@Ep15 | score=1003.0407 AUC=0.8092 Acc=0.8241 F1=0.5707 PEHE=0.0381 dCATE=0.1789 Sens=0.0152 thr=0.23 feasible=1
[Full DLC (SOTA)] Epoch 15/80 | loss_total=1.7296 recon=0.0124 hsic=0.0205 pred=0.3405
[Full DLC (SOTA)] Val@Ep20 | score=1003.0292 AUC=0.8075 Acc=0.8318 F1=0.5673 PEHE=0.0272 dCATE=0.1465 Sens=0.0120 thr=0.22 feasible=1
[Full DLC (SOTA)] Epoch 20/80 | loss_total=1.6925 recon=0.0111 hsic=0.0199 pred=0.3340
[Full DLC (SOTA)] Val@Ep25 | score=1003.0311 AUC=0.8056 Acc=0.8396 F1=0.5663 PEHE=0.0227 dCATE=0.1384 Sens=0.0145 thr=0.28 feasible=1
[Full DLC (SOTA)] Epoch 25/80 | loss_total=1.6700 recon=0.0091 hsic=0.0198 pred=0.3302
[Full DLC (SOTA)] Val@Ep30 | score=1003.0400 AUC=0.8094 Acc=0.8196 F1=0.5781 PEHE=0.0264 dCATE=0.1606 Sens=0.0178 thr=0.19 feasible=1
[Full DLC (SOTA)] Epoch 30/80 | loss_total=1.6510 recon=0.0091 hsic=0.0195 pred=0.3263
[Full DLC (SOTA)] Val@Ep35 | score=1003.0804 AUC=0.8069 Acc=0.8430 F1=0.5865 PEHE=0.0223 dCATE=0.1587 Sens=0.0243 thr=0.26 feasible=1
[Full DLC (SOTA)] Epoch 35/80 | loss_total=1.6340 recon=0.0093 hsic=0.0195 pred=0.3228
[Full DLC (SOTA)] Val@Ep40 | score=1003.0262 AUC=0.8054 Acc=0.8363 F1=0.5812 PEHE=0.0243 dCATE=0.1263 Sens=0.0274 thr=0.20 feasible=1
[Full DLC (SOTA)] Epoch 40/80 | loss_total=1.6078 recon=0.0092 hsic=0.0193 pred=0.3169
[Full DLC (SOTA)] Val@Ep45 | score=1003.0688 AUC=0.8084 Acc=0.8430 F1=0.5937 PEHE=0.0230 dCATE=0.1436 Sens=0.0352 thr=0.19 feasible=1
[Full DLC (SOTA)] Epoch 45/80 | loss_total=1.5708 recon=0.0083 hsic=0.0192 pred=0.3101
[Full DLC (SOTA)] Val@Ep50 | score=1003.0577 AUC=0.8055 Acc=0.8452 F1=0.5826 PEHE=0.0253 dCATE=0.1608 Sens=0.0409 thr=0.22 feasible=1
[Full DLC (SOTA)] Epoch 50/80 | loss_total=1.5416 recon=0.0082 hsic=0.0192 pred=0.3047
[Full DLC (SOTA)] Val@Ep55 | score=1003.0085 AUC=0.8046 Acc=0.8352 F1=0.5747 PEHE=0.0249 dCATE=0.1394 Sens=0.0429 thr=0.18 feasible=1
[Full DLC (SOTA)] Epoch 55/80 | loss_total=1.5298 recon=0.0082 hsic=0.0191 pred=0.3016
[Full DLC (SOTA)] Val@Ep60 | score=1003.0266 AUC=0.8038 Acc=0.8441 F1=0.5758 PEHE=0.0287 dCATE=0.1577 Sens=0.0510 thr=0.24 feasible=1
[Full DLC (SOTA)] Epoch 60/80 | loss_total=1.5182 recon=0.0080 hsic=0.0191 pred=0.2989
[Full DLC (SOTA)] Val@Ep65 | score=1003.0340 AUC=0.8022 Acc=0.8474 F1=0.5759 PEHE=0.0245 dCATE=0.1589 Sens=0.0521 thr=0.25 feasible=1
[Full DLC (SOTA)] Epoch 65/80 | loss_total=1.4925 recon=0.0076 hsic=0.0190 pred=0.2948
[Full DLC (SOTA)] Val@Ep70 | score=1003.0255 AUC=0.8006 Acc=0.8441 F1=0.5732 PEHE=0.0270 dCATE=0.1649 Sens=0.0527 thr=0.23 feasible=1
[Full DLC (SOTA)] Epoch 70/80 | loss_total=1.4788 recon=0.0077 hsic=0.0189 pred=0.2921
[Full DLC (SOTA)] Val@Ep75 | score=1003.0212 AUC=0.8009 Acc=0.8441 F1=0.5732 PEHE=0.0265 dCATE=0.1595 Sens=0.0528 thr=0.21 feasible=1
[Full DLC (SOTA)] Epoch 75/80 | loss_total=1.4628 recon=0.0075 hsic=0.0189 pred=0.2888
[Full DLC (SOTA)] Val@Ep80 | score=1002.9909 AUC=0.7993 Acc=0.8408 F1=0.5680 PEHE=0.0270 dCATE=0.1439 Sens=0.0536 thr=0.19 feasible=1
[Full DLC (SOTA)] Epoch 80/80 | loss_total=1.4535 recon=0.0075 hsic=0.0189 pred=0.2868
[Full DLC (SOTA)] Restored best checkpoint at epoch 35 (score=1003.0804, thr=0.26)
[w/o HGNN] Epoch 5/60 | loss_total=1.5841 recon=0.2281 hsic=0.0162 pred=0.3379
[w/o HGNN] Val@Ep10 | score=1002.9349 AUC=0.7801 Acc=0.8185 F1=0.5583 PEHE=0.0385 dCATE=0.1399 Sens=0.0274 thr=0.20 feasible=1
[w/o HGNN] Epoch 10/60 | loss_total=1.3634 recon=0.0621 hsic=0.0182 pred=0.3236
[w/o HGNN] Val@Ep15 | score=1002.9269 AUC=0.7691 Acc=0.8430 F1=0.5607 PEHE=0.0717 dCATE=0.1658 Sens=0.0531 thr=0.36 feasible=1
[w/o HGNN] Epoch 15/60 | loss_total=1.2731 recon=0.0371 hsic=0.0206 pred=0.3071
[w/o HGNN] Val@Ep20 | score=1002.8572 AUC=0.7512 Acc=0.8318 F1=0.5465 PEHE=0.0732 dCATE=0.1747 Sens=0.0718 thr=0.30 feasible=1
[w/o HGNN] Epoch 20/60 | loss_total=1.1816 recon=0.0302 hsic=0.0219 pred=0.2847
[w/o HGNN] Val@Ep25 | score=1002.6516 AUC=0.7142 Acc=0.8040 F1=0.4913 PEHE=0.0890 dCATE=0.1733 Sens=0.0905 thr=0.23 feasible=1
[w/o HGNN] Epoch 25/60 | loss_total=1.0639 recon=0.0241 hsic=0.0221 pred=0.2555
[w/o HGNN] Val@Ep30 | score=-3.4550 AUC=0.6991 Acc=0.8051 F1=0.4898 PEHE=0.1055 dCATE=0.1918 Sens=0.1221 thr=0.32 feasible=0
[w/o HGNN] Epoch 30/60 | loss_total=0.9803 recon=0.0213 hsic=0.0223 pred=0.2355
[w/o HGNN] Val@Ep35 | score=-6.2825 AUC=0.6839 Acc=0.8185 F1=0.4858 PEHE=0.1179 dCATE=0.1825 Sens=0.1224 thr=0.35 feasible=0
[w/o HGNN] Epoch 35/60 | loss_total=0.9191 recon=0.0201 hsic=0.0224 pred=0.2199
[w/o HGNN] Val@Ep40 | score=-5.0965 AUC=0.6677 Acc=0.8274 F1=0.4710 PEHE=0.1173 dCATE=0.1711 Sens=0.1174 thr=0.41 feasible=0
[w/o HGNN] Epoch 40/60 | loss_total=0.8564 recon=0.0184 hsic=0.0225 pred=0.2031
[w/o HGNN] Val@Ep45 | score=-10.2740 AUC=0.6720 Acc=0.8051 F1=0.4776 PEHE=0.1314 dCATE=0.1905 Sens=0.1268 thr=0.28 feasible=0
[w/o HGNN] Epoch 45/60 | loss_total=0.7988 recon=0.0167 hsic=0.0222 pred=0.1904
[w/o HGNN] Val@Ep50 | score=-12.9841 AUC=0.6589 Acc=0.8051 F1=0.4713 PEHE=0.1343 dCATE=0.1726 Sens=0.1359 thr=0.31 feasible=0
[w/o HGNN] Epoch 50/60 | loss_total=0.7645 recon=0.0157 hsic=0.0223 pred=0.1818
[w/o HGNN] Val@Ep55 | score=-11.2708 AUC=0.6444 Acc=0.7962 F1=0.4404 PEHE=0.1371 dCATE=0.1821 Sens=0.1251 thr=0.24 feasible=0
[w/o HGNN] Epoch 55/60 | loss_total=0.7439 recon=0.0152 hsic=0.0225 pred=0.1761
[w/o HGNN] Val@Ep60 | score=-17.6286 AUC=0.6386 Acc=0.7973 F1=0.4551 PEHE=0.1453 dCATE=0.1884 Sens=0.1457 thr=0.32 feasible=0
[w/o HGNN] Epoch 60/60 | loss_total=0.7257 recon=0.0146 hsic=0.0224 pred=0.1714
[w/o HGNN] Restored best checkpoint at epoch 10 (score=1002.9349, thr=0.20)
[w/o VAE] Epoch 5/60 | loss_total=1.4601 recon=0.0331 hsic=0.0236 pred=0.3500
[w/o VAE] Val@Ep10 | score=1003.0078 AUC=0.8092 Acc=0.8474 F1=0.5678 PEHE=0.0633 dCATE=0.1309 Sens=0.0076 thr=0.34 feasible=1
[w/o VAE] Epoch 10/60 | loss_total=1.4172 recon=0.0145 hsic=0.0221 pred=0.3474
[w/o VAE] Val@Ep15 | score=1003.0133 AUC=0.8083 Acc=0.8396 F1=0.5663 PEHE=0.0841 dCATE=0.1804 Sens=0.0115 thr=0.32 feasible=1
[w/o VAE] Epoch 15/60 | loss_total=1.3946 recon=0.0117 hsic=0.0210 pred=0.3422
[w/o VAE] Val@Ep20 | score=1002.9805 AUC=0.8096 Acc=0.8285 F1=0.5698 PEHE=0.0655 dCATE=0.1379 Sens=0.0163 thr=0.22 feasible=1
[w/o VAE] Epoch 20/60 | loss_total=1.3600 recon=0.0109 hsic=0.0201 pred=0.3347
[w/o VAE] Val@Ep25 | score=1002.9825 AUC=0.8062 Acc=0.8341 F1=0.5630 PEHE=0.0566 dCATE=0.1455 Sens=0.0231 thr=0.28 feasible=1
[w/o VAE] Epoch 25/60 | loss_total=1.3297 recon=0.0082 hsic=0.0202 pred=0.3282
[w/o VAE] Val@Ep30 | score=1002.9630 AUC=0.8058 Acc=0.8118 F1=0.5633 PEHE=0.0593 dCATE=0.1657 Sens=0.0268 thr=0.18 feasible=1
[w/o VAE] Epoch 30/60 | loss_total=1.3136 recon=0.0079 hsic=0.0201 pred=0.3244
[w/o VAE] Val@Ep35 | score=1002.9596 AUC=0.8061 Acc=0.8174 F1=0.5661 PEHE=0.0545 dCATE=0.1534 Sens=0.0367 thr=0.19 feasible=1
[w/o VAE] Epoch 35/60 | loss_total=1.2975 recon=0.0080 hsic=0.0202 pred=0.3206
[w/o VAE] Val@Ep40 | score=1002.9717 AUC=0.8035 Acc=0.8385 F1=0.5619 PEHE=0.0429 dCATE=0.1276 Sens=0.0331 thr=0.20 feasible=1
[w/o VAE] Epoch 40/60 | loss_total=1.2733 recon=0.0075 hsic=0.0201 pred=0.3147
[w/o VAE] Val@Ep45 | score=1002.9305 AUC=0.8036 Acc=0.8140 F1=0.5570 PEHE=0.0512 dCATE=0.1441 Sens=0.0382 thr=0.14 feasible=1
[w/o VAE] Epoch 45/60 | loss_total=1.2477 recon=0.0068 hsic=0.0201 pred=0.3085
[w/o VAE] Val@Ep50 | score=1002.9658 AUC=0.8021 Acc=0.8363 F1=0.5586 PEHE=0.0520 dCATE=0.1559 Sens=0.0450 thr=0.21 feasible=1
[w/o VAE] Epoch 50/60 | loss_total=1.2335 recon=0.0068 hsic=0.0203 pred=0.3050
[w/o VAE] Val@Ep55 | score=1002.9695 AUC=0.8004 Acc=0.8385 F1=0.5646 PEHE=0.0616 dCATE=0.1590 Sens=0.0461 thr=0.18 feasible=1
[w/o VAE] Epoch 55/60 | loss_total=1.2246 recon=0.0069 hsic=0.0205 pred=0.3028
[w/o VAE] Val@Ep60 | score=1002.9140 AUC=0.7983 Acc=0.8151 F1=0.5489 PEHE=0.0596 dCATE=0.1691 Sens=0.0512 thr=0.14 feasible=1
[w/o VAE] Epoch 60/60 | loss_total=1.2117 recon=0.0068 hsic=0.0206 pred=0.2996
[w/o VAE] Restored best checkpoint at epoch 15 (score=1003.0133, thr=0.32)
[w/o HSIC] Epoch 5/60 | loss_total=1.4734 recon=0.0555 hsic=0.0210 pred=0.3490
[w/o HSIC] Val@Ep10 | score=1002.9863 AUC=0.8083 Acc=0.8341 F1=0.5630 PEHE=0.0577 dCATE=0.1327 Sens=0.0087 thr=0.29 feasible=1
[w/o HSIC] Epoch 10/60 | loss_total=1.4200 recon=0.0163 hsic=0.0206 pred=0.3475
[w/o HSIC] Val@Ep15 | score=1003.0240 AUC=0.8068 Acc=0.8486 F1=0.5669 PEHE=0.0885 dCATE=0.1834 Sens=0.0110 thr=0.35 feasible=1
[w/o HSIC] Epoch 15/60 | loss_total=1.3987 recon=0.0121 hsic=0.0200 pred=0.3430
[w/o HSIC] Val@Ep20 | score=1002.9893 AUC=0.8090 Acc=0.8408 F1=0.5706 PEHE=0.0783 dCATE=0.1381 Sens=0.0127 thr=0.25 feasible=1
[w/o HSIC] Epoch 20/60 | loss_total=1.3703 recon=0.0112 hsic=0.0193 pred=0.3372
[w/o HSIC] Val@Ep25 | score=1003.0010 AUC=0.8063 Acc=0.8430 F1=0.5662 PEHE=0.0554 dCATE=0.1374 Sens=0.0163 thr=0.31 feasible=1
[w/o HSIC] Epoch 25/60 | loss_total=1.3560 recon=0.0086 hsic=0.0195 pred=0.3345
[w/o HSIC] Val@Ep30 | score=1002.9928 AUC=0.8058 Acc=0.8352 F1=0.5673 PEHE=0.0591 dCATE=0.1434 Sens=0.0165 thr=0.23 feasible=1
[w/o HSIC] Epoch 30/60 | loss_total=1.3410 recon=0.0089 hsic=0.0196 pred=0.3311
[w/o HSIC] Val@Ep35 | score=1002.9929 AUC=0.8066 Acc=0.8285 F1=0.5698 PEHE=0.0593 dCATE=0.1550 Sens=0.0226 thr=0.23 feasible=1
[w/o HSIC] Epoch 35/60 | loss_total=1.3260 recon=0.0089 hsic=0.0198 pred=0.3272
[w/o HSIC] Val@Ep40 | score=1002.9020 AUC=0.8043 Acc=0.7984 F1=0.5531 PEHE=0.0589 dCATE=0.1341 Sens=0.0222 thr=0.16 feasible=1
[w/o HSIC] Epoch 40/60 | loss_total=1.3051 recon=0.0095 hsic=0.0197 pred=0.3216
[w/o HSIC] Val@Ep45 | score=1002.9169 AUC=0.8056 Acc=0.7951 F1=0.5598 PEHE=0.0618 dCATE=0.1526 Sens=0.0290 thr=0.15 feasible=1
[w/o HSIC] Epoch 45/60 | loss_total=1.2799 recon=0.0083 hsic=0.0197 pred=0.3159
[w/o HSIC] Val@Ep50 | score=1002.9465 AUC=0.8044 Acc=0.8107 F1=0.5685 PEHE=0.0609 dCATE=0.1494 Sens=0.0330 thr=0.16 feasible=1
[w/o HSIC] Epoch 50/60 | loss_total=1.2593 recon=0.0080 hsic=0.0197 pred=0.3106
[w/o HSIC] Val@Ep55 | score=1002.9318 AUC=0.8000 Acc=0.8140 F1=0.5640 PEHE=0.0701 dCATE=0.1563 Sens=0.0371 thr=0.16 feasible=1
[w/o HSIC] Epoch 55/60 | loss_total=1.2520 recon=0.0078 hsic=0.0198 pred=0.3086
[w/o HSIC] Val@Ep60 | score=1002.9333 AUC=0.8026 Acc=0.8107 F1=0.5619 PEHE=0.0722 dCATE=0.1689 Sens=0.0391 thr=0.15 feasible=1
[w/o HSIC] Epoch 60/60 | loss_total=1.2337 recon=0.0076 hsic=0.0198 pred=0.3040
[w/o HSIC] Restored best checkpoint at epoch 15 (score=1003.0240, thr=0.35)

[Seed 45] Loading data...
Training Full DLC (SOTA) from scratch (Seed 45)
[Full DLC (SOTA)] Epoch 5/80 | loss_total=1.8522 recon=0.0449 hsic=0.0209 pred=0.3469
[Full DLC (SOTA)] Val@Ep10 | score=1003.1810 AUC=0.8300 Acc=0.8575 F1=0.6404 PEHE=0.0426 dCATE=0.1247 Sens=0.0078 thr=0.27 feasible=1
[Full DLC (SOTA)] Epoch 10/80 | loss_total=1.7822 recon=0.0207 hsic=0.0212 pred=0.3444
[Full DLC (SOTA)] Val@Ep15 | score=1003.2343 AUC=0.8307 Acc=0.8653 F1=0.6533 PEHE=0.0238 dCATE=0.1254 Sens=0.0075 thr=0.23 feasible=1
[Full DLC (SOTA)] Epoch 15/80 | loss_total=1.7390 recon=0.0158 hsic=0.0210 pred=0.3407
[Full DLC (SOTA)] Val@Ep20 | score=1003.2574 AUC=0.8313 Acc=0.8686 F1=0.6529 PEHE=0.0273 dCATE=0.1540 Sens=0.0112 thr=0.24 feasible=1
[Full DLC (SOTA)] Epoch 20/80 | loss_total=1.7184 recon=0.0129 hsic=0.0207 pred=0.3383
[Full DLC (SOTA)] Val@Ep25 | score=1003.2112 AUC=0.8318 Acc=0.8519 F1=0.6376 PEHE=0.0270 dCATE=0.1641 Sens=0.0178 thr=0.24 feasible=1
[Full DLC (SOTA)] Epoch 25/80 | loss_total=1.6663 recon=0.0107 hsic=0.0205 pred=0.3290
[Full DLC (SOTA)] Val@Ep30 | score=1003.1978 AUC=0.8300 Acc=0.8597 F1=0.6294 PEHE=0.0254 dCATE=0.1616 Sens=0.0258 thr=0.24 feasible=1
[Full DLC (SOTA)] Epoch 30/80 | loss_total=1.6298 recon=0.0104 hsic=0.0206 pred=0.3215
[Full DLC (SOTA)] Val@Ep35 | score=1003.1742 AUC=0.8274 Acc=0.8541 F1=0.6225 PEHE=0.0293 dCATE=0.1675 Sens=0.0287 thr=0.21 feasible=1
[Full DLC (SOTA)] Epoch 35/80 | loss_total=1.6183 recon=0.0102 hsic=0.0204 pred=0.3191
[Full DLC (SOTA)] Val@Ep40 | score=1003.0908 AUC=0.8231 Acc=0.8408 F1=0.5994 PEHE=0.0240 dCATE=0.1506 Sens=0.0400 thr=0.24 feasible=1
[Full DLC (SOTA)] Epoch 40/80 | loss_total=1.5666 recon=0.0098 hsic=0.0203 pred=0.3089
[Full DLC (SOTA)] Val@Ep45 | score=1003.0762 AUC=0.8166 Acc=0.8385 F1=0.5961 PEHE=0.0269 dCATE=0.1564 Sens=0.0416 thr=0.21 feasible=1
[Full DLC (SOTA)] Epoch 45/80 | loss_total=1.5259 recon=0.0087 hsic=0.0205 pred=0.3012
[Full DLC (SOTA)] Val@Ep50 | score=1003.0298 AUC=0.8137 Acc=0.8285 F1=0.5722 PEHE=0.0300 dCATE=0.1689 Sens=0.0386 thr=0.18 feasible=1
[Full DLC (SOTA)] Epoch 50/80 | loss_total=1.5140 recon=0.0086 hsic=0.0206 pred=0.2986
[Full DLC (SOTA)] Val@Ep55 | score=1003.0306 AUC=0.8105 Acc=0.8341 F1=0.5681 PEHE=0.0345 dCATE=0.1821 Sens=0.0428 thr=0.19 feasible=1
[Full DLC (SOTA)] Epoch 55/80 | loss_total=1.5016 recon=0.0085 hsic=0.0205 pred=0.2957
[Full DLC (SOTA)] Val@Ep60 | score=1002.9603 AUC=0.8044 Acc=0.8185 F1=0.5559 PEHE=0.0270 dCATE=0.1510 Sens=0.0439 thr=0.17 feasible=1
[Full DLC (SOTA)] Epoch 60/80 | loss_total=1.4759 recon=0.0082 hsic=0.0203 pred=0.2907
[Full DLC (SOTA)] Val@Ep65 | score=1002.9168 AUC=0.7973 Acc=0.8196 F1=0.5371 PEHE=0.0259 dCATE=0.1403 Sens=0.0414 thr=0.16 feasible=1
[Full DLC (SOTA)] Epoch 65/80 | loss_total=1.4528 recon=0.0076 hsic=0.0205 pred=0.2858
[Full DLC (SOTA)] Val@Ep70 | score=1002.9399 AUC=0.7935 Acc=0.8296 F1=0.5433 PEHE=0.0248 dCATE=0.1471 Sens=0.0463 thr=0.19 feasible=1
[Full DLC (SOTA)] Epoch 70/80 | loss_total=1.4360 recon=0.0076 hsic=0.0201 pred=0.2831
[Full DLC (SOTA)] Val@Ep75 | score=1002.9497 AUC=0.7942 Acc=0.8352 F1=0.5460 PEHE=0.0236 dCATE=0.1377 Sens=0.0422 thr=0.17 feasible=1
[Full DLC (SOTA)] Epoch 75/80 | loss_total=1.4274 recon=0.0075 hsic=0.0202 pred=0.2810
[Full DLC (SOTA)] Val@Ep80 | score=1002.9344 AUC=0.7885 Acc=0.8285 F1=0.5389 PEHE=0.0257 dCATE=0.1547 Sens=0.0438 thr=0.18 feasible=1
[Full DLC (SOTA)] Epoch 80/80 | loss_total=1.4215 recon=0.0075 hsic=0.0202 pred=0.2802
[Full DLC (SOTA)] Restored best checkpoint at epoch 20 (score=1003.2574, thr=0.24)
[w/o HGNN] Epoch 5/60 | loss_total=1.6071 recon=0.2360 hsic=0.0162 pred=0.3411
[w/o HGNN] Val@Ep10 | score=1003.1727 AUC=0.8254 Acc=0.8675 F1=0.6338 PEHE=0.0449 dCATE=0.1483 Sens=0.0332 thr=0.26 feasible=1
[w/o HGNN] Epoch 10/60 | loss_total=1.3934 recon=0.0729 hsic=0.0183 pred=0.3281
[w/o HGNN] Val@Ep15 | score=1003.0725 AUC=0.8201 Acc=0.8519 F1=0.6077 PEHE=0.0639 dCATE=0.1503 Sens=0.0447 thr=0.25 feasible=1
[w/o HGNN] Epoch 15/60 | loss_total=1.2915 recon=0.0396 hsic=0.0208 pred=0.3107
[w/o HGNN] Val@Ep20 | score=1002.9523 AUC=0.7965 Acc=0.8508 F1=0.5839 PEHE=0.0914 dCATE=0.1460 Sens=0.0679 thr=0.31 feasible=1
[w/o HGNN] Epoch 20/60 | loss_total=1.1984 recon=0.0302 hsic=0.0219 pred=0.2889
[w/o HGNN] Val@Ep25 | score=0.7958 AUC=0.7788 Acc=0.8374 F1=0.5731 PEHE=0.1094 dCATE=0.1621 Sens=0.0925 thr=0.28 feasible=0
[w/o HGNN] Epoch 25/60 | loss_total=1.0721 recon=0.0238 hsic=0.0224 pred=0.2564
[w/o HGNN] Val@Ep30 | score=1.2460 AUC=0.7394 Acc=0.8408 F1=0.5460 PEHE=0.1071 dCATE=0.1703 Sens=0.0910 thr=0.27 feasible=0
[w/o HGNN] Epoch 30/60 | loss_total=1.0023 recon=0.0219 hsic=0.0225 pred=0.2399
[w/o HGNN] Val@Ep35 | score=-7.4481 AUC=0.7355 Acc=0.8163 F1=0.5352 PEHE=0.1275 dCATE=0.1685 Sens=0.1186 thr=0.26 feasible=0
[w/o HGNN] Epoch 35/60 | loss_total=0.9236 recon=0.0198 hsic=0.0227 pred=0.2196
[w/o HGNN] Val@Ep40 | score=-9.5585 AUC=0.7172 Acc=0.8474 F1=0.5479 PEHE=0.1269 dCATE=0.1545 Sens=0.1289 thr=0.51 feasible=0
[w/o HGNN] Epoch 40/60 | loss_total=0.8759 recon=0.0188 hsic=0.0227 pred=0.2078
[w/o HGNN] Val@Ep45 | score=-11.5451 AUC=0.7210 Acc=0.8229 F1=0.5282 PEHE=0.1292 dCATE=0.1729 Sens=0.1354 thr=0.32 feasible=0
[w/o HGNN] Epoch 45/60 | loss_total=0.7940 recon=0.0165 hsic=0.0227 pred=0.1875
[w/o HGNN] Val@Ep50 | score=-15.4185 AUC=0.7014 Acc=0.8285 F1=0.5217 PEHE=0.1403 dCATE=0.1822 Sens=0.1418 thr=0.38 feasible=0
[w/o HGNN] Epoch 50/60 | loss_total=0.7686 recon=0.0159 hsic=0.0228 pred=0.1816
[w/o HGNN] Val@Ep55 | score=-10.5232 AUC=0.6943 Acc=0.8352 F1=0.5195 PEHE=0.1305 dCATE=0.1787 Sens=0.1294 thr=0.36 feasible=0
[w/o HGNN] Epoch 55/60 | loss_total=0.7429 recon=0.0150 hsic=0.0227 pred=0.1752
[w/o HGNN] Val@Ep60 | score=-11.8894 AUC=0.6887 Acc=0.8363 F1=0.5273 PEHE=0.1329 dCATE=0.1746 Sens=0.1332 thr=0.36 feasible=0
[w/o HGNN] Epoch 60/60 | loss_total=0.7256 recon=0.0146 hsic=0.0227 pred=0.1706
[w/o HGNN] Restored best checkpoint at epoch 10 (score=1003.1727, thr=0.26)
[w/o VAE] Epoch 5/60 | loss_total=1.4540 recon=0.0359 hsic=0.0235 pred=0.3495
[w/o VAE] Val@Ep10 | score=1003.1288 AUC=0.8250 Acc=0.8497 F1=0.6301 PEHE=0.0825 dCATE=0.1529 Sens=0.0120 thr=0.26 feasible=1
[w/o VAE] Epoch 10/60 | loss_total=1.4167 recon=0.0161 hsic=0.0231 pred=0.3467
[w/o VAE] Val@Ep15 | score=1003.1632 AUC=0.8269 Acc=0.8608 F1=0.6418 PEHE=0.0599 dCATE=0.1242 Sens=0.0118 thr=0.23 feasible=1
[w/o VAE] Epoch 15/60 | loss_total=1.4029 recon=0.0117 hsic=0.0224 pred=0.3436
[w/o VAE] Val@Ep20 | score=1003.1916 AUC=0.8296 Acc=0.8653 F1=0.6431 PEHE=0.0573 dCATE=0.1414 Sens=0.0126 thr=0.25 feasible=1
[w/o VAE] Epoch 20/60 | loss_total=1.3908 recon=0.0104 hsic=0.0221 pred=0.3429
[w/o VAE] Val@Ep25 | score=1003.2095 AUC=0.8266 Acc=0.8697 F1=0.6486 PEHE=0.0675 dCATE=0.1598 Sens=0.0138 thr=0.28 feasible=1
[w/o VAE] Epoch 25/60 | loss_total=1.3644 recon=0.0084 hsic=0.0220 pred=0.3373
[w/o VAE] Val@Ep30 | score=1003.1942 AUC=0.8265 Acc=0.8664 F1=0.6429 PEHE=0.0525 dCATE=0.1471 Sens=0.0180 thr=0.25 feasible=1
[w/o VAE] Epoch 30/60 | loss_total=1.3503 recon=0.0088 hsic=0.0217 pred=0.3336
[w/o VAE] Val@Ep35 | score=1003.1746 AUC=0.8286 Acc=0.8630 F1=0.6306 PEHE=0.0408 dCATE=0.1414 Sens=0.0208 thr=0.21 feasible=1
[w/o VAE] Epoch 35/60 | loss_total=1.3499 recon=0.0089 hsic=0.0215 pred=0.3331
[w/o VAE] Val@Ep40 | score=1003.1218 AUC=0.8253 Acc=0.8508 F1=0.6149 PEHE=0.0638 dCATE=0.1703 Sens=0.0296 thr=0.29 feasible=1
[w/o VAE] Epoch 40/60 | loss_total=1.3237 recon=0.0086 hsic=0.0215 pred=0.3271
[w/o VAE] Val@Ep45 | score=1003.1367 AUC=0.8251 Acc=0.8653 F1=0.6109 PEHE=0.0553 dCATE=0.1622 Sens=0.0290 thr=0.36 feasible=1
[w/o VAE] Epoch 45/60 | loss_total=1.3008 recon=0.0077 hsic=0.0214 pred=0.3216
[w/o VAE] Val@Ep50 | score=1003.1000 AUC=0.8235 Acc=0.8563 F1=0.6031 PEHE=0.0567 dCATE=0.1523 Sens=0.0279 thr=0.24 feasible=1
[w/o VAE] Epoch 50/60 | loss_total=1.2919 recon=0.0074 hsic=0.0215 pred=0.3196
[w/o VAE] Val@Ep55 | score=1003.0726 AUC=0.8253 Acc=0.8486 F1=0.5928 PEHE=0.0567 dCATE=0.1555 Sens=0.0317 thr=0.21 feasible=1
[w/o VAE] Epoch 55/60 | loss_total=1.2878 recon=0.0072 hsic=0.0214 pred=0.3180
[w/o VAE] Val@Ep60 | score=1003.0604 AUC=0.8214 Acc=0.8519 F1=0.5882 PEHE=0.0603 dCATE=0.1625 Sens=0.0396 thr=0.27 feasible=1
[w/o VAE] Epoch 60/60 | loss_total=1.2670 recon=0.0070 hsic=0.0212 pred=0.3126
[w/o VAE] Restored best checkpoint at epoch 25 (score=1003.2095, thr=0.28)
[w/o HSIC] Epoch 5/60 | loss_total=1.4611 recon=0.0472 hsic=0.0206 pred=0.3491
[w/o HSIC] Val@Ep10 | score=1003.1264 AUC=0.8256 Acc=0.8463 F1=0.6310 PEHE=0.0827 dCATE=0.1506 Sens=0.0097 thr=0.24 feasible=1
[w/o HSIC] Epoch 10/60 | loss_total=1.4147 recon=0.0161 hsic=0.0207 pred=0.3459
[w/o HSIC] Val@Ep15 | score=1003.1896 AUC=0.8266 Acc=0.8686 F1=0.6509 PEHE=0.0638 dCATE=0.1276 Sens=0.0105 thr=0.23 feasible=1
[w/o HSIC] Epoch 15/60 | loss_total=1.3942 recon=0.0125 hsic=0.0203 pred=0.3414
[w/o HSIC] Val@Ep20 | score=1003.1432 AUC=0.8289 Acc=0.8552 F1=0.6286 PEHE=0.0641 dCATE=0.1437 Sens=0.0169 thr=0.23 feasible=1
[w/o HSIC] Epoch 20/60 | loss_total=1.3814 recon=0.0115 hsic=0.0201 pred=0.3401
[w/o HSIC] Val@Ep25 | score=1003.1827 AUC=0.8274 Acc=0.8697 F1=0.6355 PEHE=0.0629 dCATE=0.1576 Sens=0.0216 thr=0.33 feasible=1
[w/o HSIC] Epoch 25/60 | loss_total=1.3478 recon=0.0090 hsic=0.0200 pred=0.3326
[w/o HSIC] Val@Ep30 | score=1003.1496 AUC=0.8253 Acc=0.8664 F1=0.6203 PEHE=0.0522 dCATE=0.1486 Sens=0.0246 thr=0.30 feasible=1
[w/o HSIC] Epoch 30/60 | loss_total=1.3251 recon=0.0093 hsic=0.0199 pred=0.3269
[w/o HSIC] Val@Ep35 | score=1003.1111 AUC=0.8258 Acc=0.8575 F1=0.6098 PEHE=0.0500 dCATE=0.1444 Sens=0.0317 thr=0.23 feasible=1
[w/o HSIC] Epoch 35/60 | loss_total=1.3165 recon=0.0091 hsic=0.0197 pred=0.3246
[w/o HSIC] Val@Ep40 | score=1003.0935 AUC=0.8204 Acc=0.8608 F1=0.6032 PEHE=0.0617 dCATE=0.1693 Sens=0.0480 thr=0.35 feasible=1
[w/o HSIC] Epoch 40/60 | loss_total=1.2824 recon=0.0087 hsic=0.0197 pred=0.3164
[w/o HSIC] Val@Ep45 | score=1003.0916 AUC=0.8184 Acc=0.8608 F1=0.6082 PEHE=0.0541 dCATE=0.1598 Sens=0.0555 thr=0.32 feasible=1
[w/o HSIC] Epoch 45/60 | loss_total=1.2524 recon=0.0074 hsic=0.0198 pred=0.3092
[w/o HSIC] Val@Ep50 | score=1003.0112 AUC=0.8129 Acc=0.8430 F1=0.5816 PEHE=0.0601 dCATE=0.1514 Sens=0.0468 thr=0.20 feasible=1
[w/o HSIC] Epoch 50/60 | loss_total=1.2408 recon=0.0071 hsic=0.0199 pred=0.3067
[w/o HSIC] Val@Ep55 | score=1003.0314 AUC=0.8124 Acc=0.8385 F1=0.6006 PEHE=0.0569 dCATE=0.1524 Sens=0.0561 thr=0.19 feasible=1
[w/o HSIC] Epoch 55/60 | loss_total=1.2366 recon=0.0070 hsic=0.0198 pred=0.3048
[w/o HSIC] Val@Ep60 | score=1003.0118 AUC=0.8077 Acc=0.8385 F1=0.5869 PEHE=0.0669 dCATE=0.1763 Sens=0.0593 thr=0.21 feasible=1
[w/o HSIC] Epoch 60/60 | loss_total=1.2230 recon=0.0069 hsic=0.0196 pred=0.3012
[w/o HSIC] Restored best checkpoint at epoch 15 (score=1003.1896, thr=0.23)

[Seed 46] Loading data...
Training Full DLC (SOTA) from scratch (Seed 46)
[Full DLC (SOTA)] Epoch 5/80 | loss_total=1.8755 recon=0.0610 hsic=0.0206 pred=0.3489
[Full DLC (SOTA)] Val@Ep10 | score=1003.1385 AUC=0.8425 Acc=0.8341 F1=0.5962 PEHE=0.0695 dCATE=0.2152 Sens=0.0094 thr=0.25 feasible=1
[Full DLC (SOTA)] Epoch 10/80 | loss_total=1.7909 recon=0.0193 hsic=0.0205 pred=0.3480
[Full DLC (SOTA)] Val@Ep15 | score=1003.1411 AUC=0.8425 Acc=0.8474 F1=0.5886 PEHE=0.0229 dCATE=0.1621 Sens=0.0114 thr=0.27 feasible=1
[Full DLC (SOTA)] Epoch 15/80 | loss_total=1.7484 recon=0.0135 hsic=0.0203 pred=0.3434
[Full DLC (SOTA)] Val@Ep20 | score=1003.1260 AUC=0.8409 Acc=0.8563 F1=0.5905 PEHE=0.0309 dCATE=0.1442 Sens=0.0164 thr=0.38 feasible=1
[Full DLC (SOTA)] Epoch 20/80 | loss_total=1.7387 recon=0.0120 hsic=0.0201 pred=0.3425
[Full DLC (SOTA)] Val@Ep25 | score=1003.1050 AUC=0.8416 Acc=0.8274 F1=0.5889 PEHE=0.0247 dCATE=0.1610 Sens=0.0162 thr=0.25 feasible=1
[Full DLC (SOTA)] Epoch 25/80 | loss_total=1.7112 recon=0.0094 hsic=0.0198 pred=0.3374
[Full DLC (SOTA)] Val@Ep30 | score=1003.1132 AUC=0.8404 Acc=0.8352 F1=0.5978 PEHE=0.0336 dCATE=0.1558 Sens=0.0194 thr=0.24 feasible=1
[Full DLC (SOTA)] Epoch 30/80 | loss_total=1.7041 recon=0.0093 hsic=0.0196 pred=0.3361
[Full DLC (SOTA)] Val@Ep35 | score=1003.1024 AUC=0.8407 Acc=0.8441 F1=0.5954 PEHE=0.0277 dCATE=0.1248 Sens=0.0168 thr=0.25 feasible=1
[Full DLC (SOTA)] Epoch 35/80 | loss_total=1.6859 recon=0.0092 hsic=0.0195 pred=0.3317
[Full DLC (SOTA)] Val@Ep40 | score=1003.1110 AUC=0.8396 Acc=0.8452 F1=0.5971 PEHE=0.0377 dCATE=0.1459 Sens=0.0205 thr=0.26 feasible=1
[Full DLC (SOTA)] Epoch 40/80 | loss_total=1.6715 recon=0.0095 hsic=0.0194 pred=0.3279
[Full DLC (SOTA)] Val@Ep45 | score=1003.0982 AUC=0.8394 Acc=0.8396 F1=0.5932 PEHE=0.0383 dCATE=0.1535 Sens=0.0251 thr=0.25 feasible=1
[Full DLC (SOTA)] Epoch 45/80 | loss_total=1.6401 recon=0.0079 hsic=0.0193 pred=0.3226
[Full DLC (SOTA)] Val@Ep50 | score=1003.1121 AUC=0.8393 Acc=0.8419 F1=0.5989 PEHE=0.0379 dCATE=0.1575 Sens=0.0277 thr=0.22 feasible=1
[Full DLC (SOTA)] Epoch 50/80 | loss_total=1.6206 recon=0.0078 hsic=0.0193 pred=0.3178
[Full DLC (SOTA)] Val@Ep55 | score=1003.0540 AUC=0.8384 Acc=0.8218 F1=0.5876 PEHE=0.0353 dCATE=0.1454 Sens=0.0295 thr=0.19 feasible=1
[Full DLC (SOTA)] Epoch 55/80 | loss_total=1.5996 recon=0.0076 hsic=0.0191 pred=0.3139
[Full DLC (SOTA)] Val@Ep60 | score=1003.0898 AUC=0.8376 Acc=0.8486 F1=0.5879 PEHE=0.0365 dCATE=0.1509 Sens=0.0344 thr=0.26 feasible=1
[Full DLC (SOTA)] Epoch 60/80 | loss_total=1.5910 recon=0.0075 hsic=0.0191 pred=0.3126
[Full DLC (SOTA)] Val@Ep65 | score=1003.0780 AUC=0.8378 Acc=0.8519 F1=0.5831 PEHE=0.0339 dCATE=0.1413 Sens=0.0370 thr=0.27 feasible=1
[Full DLC (SOTA)] Epoch 65/80 | loss_total=1.5821 recon=0.0071 hsic=0.0189 pred=0.3105
[Full DLC (SOTA)] Val@Ep70 | score=1003.0264 AUC=0.8359 Acc=0.8163 F1=0.5844 PEHE=0.0380 dCATE=0.1444 Sens=0.0377 thr=0.16 feasible=1
[Full DLC (SOTA)] Epoch 70/80 | loss_total=1.5665 recon=0.0070 hsic=0.0189 pred=0.3072
[Full DLC (SOTA)] Val@Ep75 | score=1003.0194 AUC=0.8347 Acc=0.8151 F1=0.5808 PEHE=0.0360 dCATE=0.1476 Sens=0.0407 thr=0.17 feasible=1
[Full DLC (SOTA)] Epoch 75/80 | loss_total=1.5589 recon=0.0070 hsic=0.0189 pred=0.3064
[Full DLC (SOTA)] Val@Ep80 | score=1002.9783 AUC=0.8326 Acc=0.7973 F1=0.5767 PEHE=0.0345 dCATE=0.1372 Sens=0.0400 thr=0.14 feasible=1
[Full DLC (SOTA)] Epoch 80/80 | loss_total=1.5546 recon=0.0069 hsic=0.0189 pred=0.3055
[Full DLC (SOTA)] Restored best checkpoint at epoch 15 (score=1003.1411, thr=0.27)
[w/o HGNN] Epoch 5/60 | loss_total=1.5911 recon=0.2165 hsic=0.0162 pred=0.3420
[w/o HGNN] Val@Ep10 | score=1003.0942 AUC=0.8324 Acc=0.8408 F1=0.6039 PEHE=0.0516 dCATE=0.1519 Sens=0.0270 thr=0.27 feasible=1
[w/o HGNN] Epoch 10/60 | loss_total=1.3888 recon=0.0672 hsic=0.0184 pred=0.3289
[w/o HGNN] Val@Ep15 | score=1003.0368 AUC=0.8247 Acc=0.8352 F1=0.6043 PEHE=0.0597 dCATE=0.1259 Sens=0.0381 thr=0.21 feasible=1
[w/o HGNN] Epoch 15/60 | loss_total=1.3004 recon=0.0397 hsic=0.0207 pred=0.3122
[w/o HGNN] Val@Ep20 | score=1002.9203 AUC=0.8015 Acc=0.8296 F1=0.5785 PEHE=0.0969 dCATE=0.1617 Sens=0.0748 thr=0.22 feasible=1
[w/o HGNN] Epoch 20/60 | loss_total=1.2114 recon=0.0297 hsic=0.0223 pred=0.2914
[w/o HGNN] Val@Ep25 | score=-0.6695 AUC=0.7813 Acc=0.8463 F1=0.5687 PEHE=0.1137 dCATE=0.1449 Sens=0.1023 thr=0.31 feasible=0
[w/o HGNN] Epoch 25/60 | loss_total=1.0897 recon=0.0230 hsic=0.0228 pred=0.2620
[w/o HGNN] Val@Ep30 | score=-7.6801 AUC=0.7728 Acc=0.8430 F1=0.5607 PEHE=0.1280 dCATE=0.1704 Sens=0.1197 thr=0.34 feasible=0
[w/o HGNN] Epoch 30/60 | loss_total=1.0113 recon=0.0210 hsic=0.0229 pred=0.2412
[w/o HGNN] Val@Ep35 | score=-6.2508 AUC=0.7713 Acc=0.8530 F1=0.5714 PEHE=0.1328 dCATE=0.1344 Sens=0.1084 thr=0.41 feasible=0
[w/o HGNN] Epoch 35/60 | loss_total=0.9381 recon=0.0189 hsic=0.0232 pred=0.2217
[w/o HGNN] Val@Ep40 | score=-12.8729 AUC=0.7238 Acc=0.8419 F1=0.5329 PEHE=0.1514 dCATE=0.1294 Sens=0.1192 thr=0.31 feasible=0
[w/o HGNN] Epoch 40/60 | loss_total=0.8797 recon=0.0177 hsic=0.0231 pred=0.2072
[w/o HGNN] Val@Ep45 | score=-20.0037 AUC=0.7353 Acc=0.8486 F1=0.5641 PEHE=0.1561 dCATE=0.1428 Sens=0.1472 thr=0.44 feasible=0
[w/o HGNN] Epoch 45/60 | loss_total=0.8084 recon=0.0154 hsic=0.0233 pred=0.1907
[w/o HGNN] Val@Ep50 | score=-14.3965 AUC=0.7124 Acc=0.8508 F1=0.5621 PEHE=0.1473 dCATE=0.1519 Sens=0.1305 thr=0.32 feasible=0
[w/o HGNN] Epoch 50/60 | loss_total=0.7735 recon=0.0148 hsic=0.0231 pred=0.1823
[w/o HGNN] Val@Ep55 | score=-16.8201 AUC=0.7205 Acc=0.8497 F1=0.5631 PEHE=0.1542 dCATE=0.1521 Sens=0.1346 thr=0.36 feasible=0
[w/o HGNN] Epoch 55/60 | loss_total=0.7657 recon=0.0144 hsic=0.0233 pred=0.1793
[w/o HGNN] Val@Ep60 | score=-23.9963 AUC=0.7136 Acc=0.8541 F1=0.5559 PEHE=0.1640 dCATE=0.1529 Sens=0.1573 thr=0.63 feasible=0
[w/o HGNN] Epoch 60/60 | loss_total=0.7434 recon=0.0137 hsic=0.0232 pred=0.1741
[w/o HGNN] Restored best checkpoint at epoch 10 (score=1003.0942, thr=0.27)
[w/o VAE] Epoch 5/60 | loss_total=1.4656 recon=0.0397 hsic=0.0238 pred=0.3500
[w/o VAE] Val@Ep10 | score=1003.0750 AUC=0.8432 Acc=0.8341 F1=0.5940 PEHE=0.0892 dCATE=0.1691 Sens=0.0086 thr=0.27 feasible=1
[w/o VAE] Epoch 10/60 | loss_total=1.4242 recon=0.0152 hsic=0.0232 pred=0.3488
[w/o VAE] Val@Ep15 | score=1003.0743 AUC=0.8423 Acc=0.8408 F1=0.5855 PEHE=0.0562 dCATE=0.1408 Sens=0.0109 thr=0.23 feasible=1
[w/o VAE] Epoch 15/60 | loss_total=1.4010 recon=0.0107 hsic=0.0224 pred=0.3443
[w/o VAE] Val@Ep20 | score=1003.0786 AUC=0.8413 Acc=0.8497 F1=0.5897 PEHE=0.0667 dCATE=0.1381 Sens=0.0122 thr=0.33 feasible=1
[w/o VAE] Epoch 20/60 | loss_total=1.3879 recon=0.0103 hsic=0.0217 pred=0.3421
[w/o VAE] Val@Ep25 | score=1003.0918 AUC=0.8434 Acc=0.8363 F1=0.5950 PEHE=0.0604 dCATE=0.1615 Sens=0.0189 thr=0.26 feasible=1
[w/o VAE] Epoch 25/60 | loss_total=1.3602 recon=0.0083 hsic=0.0215 pred=0.3361
[w/o VAE] Val@Ep30 | score=1003.1051 AUC=0.8419 Acc=0.8486 F1=0.6000 PEHE=0.0597 dCATE=0.1536 Sens=0.0232 thr=0.26 feasible=1
[w/o VAE] Epoch 30/60 | loss_total=1.3523 recon=0.0081 hsic=0.0215 pred=0.3338
[w/o VAE] Val@Ep35 | score=1003.0875 AUC=0.8428 Acc=0.8452 F1=0.6085 PEHE=0.0579 dCATE=0.1285 Sens=0.0307 thr=0.22 feasible=1
[w/o VAE] Epoch 35/60 | loss_total=1.3275 recon=0.0083 hsic=0.0214 pred=0.3271
[w/o VAE] Val@Ep40 | score=1003.0826 AUC=0.8376 Acc=0.8441 F1=0.6045 PEHE=0.0579 dCATE=0.1412 Sens=0.0335 thr=0.22 feasible=1
[w/o VAE] Epoch 40/60 | loss_total=1.3087 recon=0.0079 hsic=0.0212 pred=0.3228
[w/o VAE] Val@Ep45 | score=1003.0888 AUC=0.8399 Acc=0.8374 F1=0.6033 PEHE=0.0555 dCATE=0.1612 Sens=0.0387 thr=0.20 feasible=1
[w/o VAE] Epoch 45/60 | loss_total=1.2871 recon=0.0070 hsic=0.0212 pred=0.3179
[w/o VAE] Val@Ep50 | score=1003.0421 AUC=0.8430 Acc=0.8218 F1=0.5939 PEHE=0.0574 dCATE=0.1528 Sens=0.0413 thr=0.16 feasible=1
[w/o VAE] Epoch 50/60 | loss_total=1.2699 recon=0.0070 hsic=0.0211 pred=0.3141
[w/o VAE] Val@Ep55 | score=1003.0390 AUC=0.8403 Acc=0.8318 F1=0.5886 PEHE=0.0467 dCATE=0.1391 Sens=0.0449 thr=0.19 feasible=1
[w/o VAE] Epoch 55/60 | loss_total=1.2579 recon=0.0070 hsic=0.0210 pred=0.3108
[w/o VAE] Val@Ep60 | score=1003.0715 AUC=0.8386 Acc=0.8575 F1=0.5871 PEHE=0.0555 dCATE=0.1539 Sens=0.0485 thr=0.38 feasible=1
[w/o VAE] Epoch 60/60 | loss_total=1.2552 recon=0.0070 hsic=0.0210 pred=0.3104
[w/o VAE] Restored best checkpoint at epoch 30 (score=1003.1051, thr=0.26)
[w/o HSIC] Epoch 5/60 | loss_total=1.4639 recon=0.0424 hsic=0.0211 pred=0.3497
[w/o HSIC] Val@Ep10 | score=1003.0918 AUC=0.8430 Acc=0.8374 F1=0.5989 PEHE=0.0924 dCATE=0.1797 Sens=0.0111 thr=0.28 feasible=1
[w/o HSIC] Epoch 10/60 | loss_total=1.4216 recon=0.0162 hsic=0.0206 pred=0.3478
[w/o HSIC] Val@Ep15 | score=1003.0712 AUC=0.8423 Acc=0.8463 F1=0.5818 PEHE=0.0632 dCATE=0.1465 Sens=0.0136 thr=0.26 feasible=1
[w/o HSIC] Epoch 15/60 | loss_total=1.4011 recon=0.0131 hsic=0.0199 pred=0.3435
[w/o HSIC] Val@Ep20 | score=1003.0801 AUC=0.8402 Acc=0.8441 F1=0.5954 PEHE=0.0659 dCATE=0.1484 Sens=0.0216 thr=0.29 feasible=1
[w/o HSIC] Epoch 20/60 | loss_total=1.3881 recon=0.0110 hsic=0.0193 pred=0.3415
[w/o HSIC] Val@Ep25 | score=1003.1001 AUC=0.8402 Acc=0.8419 F1=0.5966 PEHE=0.0670 dCATE=0.1717 Sens=0.0205 thr=0.26 feasible=1
[w/o HSIC] Epoch 25/60 | loss_total=1.3608 recon=0.0090 hsic=0.0193 pred=0.3358
[w/o HSIC] Val@Ep30 | score=1003.1020 AUC=0.8391 Acc=0.8452 F1=0.6017 PEHE=0.0644 dCATE=0.1591 Sens=0.0221 thr=0.23 feasible=1
[w/o HSIC] Epoch 30/60 | loss_total=1.3558 recon=0.0092 hsic=0.0195 pred=0.3342
[w/o HSIC] Val@Ep35 | score=1003.0862 AUC=0.8377 Acc=0.8519 F1=0.5982 PEHE=0.0646 dCATE=0.1391 Sens=0.0217 thr=0.24 feasible=1
[w/o HSIC] Epoch 35/60 | loss_total=1.3320 recon=0.0094 hsic=0.0199 pred=0.3280
[w/o HSIC] Val@Ep40 | score=1003.0870 AUC=0.8353 Acc=0.8463 F1=0.6034 PEHE=0.0619 dCATE=0.1465 Sens=0.0288 thr=0.22 feasible=1
[w/o HSIC] Epoch 40/60 | loss_total=1.3135 recon=0.0092 hsic=0.0201 pred=0.3232
[w/o HSIC] Val@Ep45 | score=1003.0917 AUC=0.8372 Acc=0.8408 F1=0.6017 PEHE=0.0634 dCATE=0.1665 Sens=0.0318 thr=0.22 feasible=1
[w/o HSIC] Epoch 45/60 | loss_total=1.2897 recon=0.0077 hsic=0.0203 pred=0.3184
[w/o HSIC] Val@Ep50 | score=1003.0562 AUC=0.8373 Acc=0.8352 F1=0.5934 PEHE=0.0628 dCATE=0.1526 Sens=0.0337 thr=0.18 feasible=1
[w/o HSIC] Epoch 50/60 | loss_total=1.2728 recon=0.0077 hsic=0.0204 pred=0.3144
[w/o HSIC] Val@Ep55 | score=1003.0691 AUC=0.8375 Acc=0.8396 F1=0.6000 PEHE=0.0559 dCATE=0.1423 Sens=0.0361 thr=0.19 feasible=1
[w/o HSIC] Epoch 55/60 | loss_total=1.2598 recon=0.0074 hsic=0.0202 pred=0.3107
[w/o HSIC] Val@Ep60 | score=1003.0725 AUC=0.8370 Acc=0.8430 F1=0.5937 PEHE=0.0651 dCATE=0.1682 Sens=0.0401 thr=0.23 feasible=1
[w/o HSIC] Epoch 60/60 | loss_total=1.2560 recon=0.0071 hsic=0.0203 pred=0.3099
[w/o HSIC] Restored best checkpoint at epoch 30 (score=1003.1020, thr=0.23)

[Done] Raw metrics: /home/UserData/ljx/Project_1/results/ablation_metrics_rigorous.json
[Done] Report: /home/UserData/ljx/Project_1/reports/task19.5_ablation_study_rigorous.md
