Script started...

[Seed 42] Loading data...
Training Full DLC (SOTA) from scratch (Seed 42)
[Full DLC (SOTA)] Epoch 5/30 | loss_total=1.6134 recon=0.0588 hsic=0.0209 pred=0.3481
[Full DLC (SOTA)] Val@Ep10 | score=-1.3456 AUC=0.7971 Acc=0.8385 F1=0.5845 PEHE=0.0733 dCATE=0.1369 Sens=0.0082 thr=0.27 feasible=0
[Full DLC (SOTA)] Epoch 10/30 | loss_total=1.5532 recon=0.0189 hsic=0.0205 pred=0.3449
[Full DLC (SOTA)] Val@Ep15 | score=-1.6633 AUC=0.7979 Acc=0.8419 F1=0.5799 PEHE=0.0634 dCATE=0.1358 Sens=0.0106 thr=0.25 feasible=0
[Full DLC (SOTA)] Epoch 15/30 | loss_total=1.5327 recon=0.0129 hsic=0.0197 pred=0.3431
[Full DLC (SOTA)] Val@Ep20 | score=1002.6064 AUC=0.7955 Acc=0.8330 F1=0.5787 PEHE=0.0491 dCATE=0.1515 Sens=0.0138 thr=0.25 feasible=1
[Full DLC (SOTA)] Epoch 20/30 | loss_total=1.4944 recon=0.0117 hsic=0.0198 pred=0.3345
[Full DLC (SOTA)] Val@Ep25 | score=1002.6022 AUC=0.7948 Acc=0.8307 F1=0.5730 PEHE=0.0470 dCATE=0.1571 Sens=0.0177 thr=0.23 feasible=1
[Full DLC (SOTA)] Epoch 25/30 | loss_total=1.7780 recon=0.0104 hsic=0.0199 pred=0.3292
[Full DLC (SOTA)] Val@Ep30 | score=1002.6458 AUC=0.7980 Acc=0.8218 F1=0.5767 PEHE=0.0552 dCATE=0.2015 Sens=0.0281 thr=0.21 feasible=1
[Full DLC (SOTA)] Epoch 30/30 | loss_total=2.0503 recon=0.0108 hsic=0.0204 pred=0.3228
[Full DLC (SOTA)] Restored best checkpoint at epoch 30 (score=1002.6458, thr=0.21)
[w/o HGNN] Epoch 5/20 | loss_total=1.5824 recon=0.2293 hsic=0.0162 pred=0.3371
[w/o HGNN] Val@Ep10 | score=1002.5812 AUC=0.7889 Acc=0.8452 F1=0.5697 PEHE=0.0504 dCATE=0.1550 Sens=0.0355 thr=0.33 feasible=1
[w/o HGNN] Epoch 10/20 | loss_total=1.3757 recon=0.0670 hsic=0.0188 pred=0.3250
[w/o HGNN] Val@Ep15 | score=1002.4956 AUC=0.7744 Acc=0.8441 F1=0.5484 PEHE=0.0822 dCATE=0.1623 Sens=0.0487 thr=0.38 feasible=1
[w/o HGNN] Epoch 15/20 | loss_total=1.2870 recon=0.0399 hsic=0.0213 pred=0.3094
[w/o HGNN] Val@Ep20 | score=1.2322 AUC=0.7603 Acc=0.8140 F1=0.5322 PEHE=0.0939 dCATE=0.1717 Sens=0.0755 thr=0.25 feasible=0
[w/o HGNN] Epoch 20/20 | loss_total=1.2172 recon=0.0316 hsic=0.0221 pred=0.2913
[w/o HGNN] Restored best checkpoint at epoch 10 (score=1002.5812, thr=0.33)
[w/o VAE] Epoch 5/20 | loss_total=1.4619 recon=0.0433 hsic=0.0239 pred=0.3481
[w/o VAE] Val@Ep10 | score=-1.3141 AUC=0.7977 Acc=0.8463 F1=0.5818 PEHE=0.0705 dCATE=0.1370 Sens=0.0089 thr=0.33 feasible=0
[w/o VAE] Epoch 10/20 | loss_total=1.4098 recon=0.0159 hsic=0.0231 pred=0.3450
[w/o VAE] Val@Ep15 | score=-4.2277 AUC=0.7994 Acc=0.8341 F1=0.5755 PEHE=0.0517 dCATE=0.1273 Sens=0.0093 thr=0.24 feasible=0
[w/o VAE] Epoch 15/20 | loss_total=1.3934 recon=0.0119 hsic=0.0221 pred=0.3432
[w/o VAE] Val@Ep20 | score=1002.6069 AUC=0.7955 Acc=0.8385 F1=0.5748 PEHE=0.0455 dCATE=0.1508 Sens=0.0170 thr=0.32 feasible=1
[w/o VAE] Epoch 20/20 | loss_total=1.3561 recon=0.0105 hsic=0.0220 pred=0.3341
[w/o VAE] Restored best checkpoint at epoch 20 (score=1002.6069, thr=0.32)
[w/o HSIC] Epoch 5/20 | loss_total=1.4734 recon=0.0573 hsic=0.0208 pred=0.3479
[w/o HSIC] Val@Ep10 | score=-1.7862 AUC=0.7974 Acc=0.8408 F1=0.5782 PEHE=0.0685 dCATE=0.1355 Sens=0.0111 thr=0.32 feasible=0
[w/o HSIC] Epoch 10/20 | loss_total=1.4100 recon=0.0173 hsic=0.0205 pred=0.3447
[w/o HSIC] Val@Ep15 | score=-0.4029 AUC=0.7961 Acc=0.8396 F1=0.5789 PEHE=0.0640 dCATE=0.1401 Sens=0.0176 thr=0.25 feasible=0
[w/o HSIC] Epoch 15/20 | loss_total=1.3940 recon=0.0115 hsic=0.0197 pred=0.3434
[w/o HSIC] Val@Ep20 | score=-1.2662 AUC=0.7958 Acc=0.8352 F1=0.5747 PEHE=0.0446 dCATE=0.1372 Sens=0.0215 thr=0.26 feasible=0
[w/o HSIC] Epoch 20/20 | loss_total=1.3665 recon=0.0102 hsic=0.0193 pred=0.3365
[w/o HSIC] Restored best checkpoint at epoch 15 (score=-0.4029, thr=0.25)

[Seed 43] Loading data...
Training Full DLC (SOTA) from scratch (Seed 43)
[Full DLC (SOTA)] Epoch 5/30 | loss_total=1.5961 recon=0.0406 hsic=0.0204 pred=0.3483
[Full DLC (SOTA)] Val@Ep10 | score=1002.7012 AUC=0.8151 Acc=0.8575 F1=0.6025 PEHE=0.0669 dCATE=0.1749 Sens=0.0107 thr=0.29 feasible=1
[Full DLC (SOTA)] Epoch 10/30 | loss_total=1.5541 recon=0.0175 hsic=0.0200 pred=0.3453
[Full DLC (SOTA)] Val@Ep15 | score=2.2630 AUC=0.8150 Acc=0.8552 F1=0.6061 PEHE=0.0580 dCATE=0.1486 Sens=0.0104 thr=0.21 feasible=0
[Full DLC (SOTA)] Epoch 15/30 | loss_total=1.5356 recon=0.0112 hsic=0.0196 pred=0.3438
[Full DLC (SOTA)] Val@Ep20 | score=1002.6951 AUC=0.8082 Acc=0.8486 F1=0.5976 PEHE=0.0871 dCATE=0.2068 Sens=0.0169 thr=0.27 feasible=1
[Full DLC (SOTA)] Epoch 20/30 | loss_total=1.5038 recon=0.0110 hsic=0.0195 pred=0.3364
[Full DLC (SOTA)] Val@Ep25 | score=1002.7009 AUC=0.8113 Acc=0.8508 F1=0.5939 PEHE=0.0535 dCATE=0.1869 Sens=0.0216 thr=0.28 feasible=1
[Full DLC (SOTA)] Epoch 25/30 | loss_total=1.7766 recon=0.0092 hsic=0.0197 pred=0.3290
[Full DLC (SOTA)] Val@Ep30 | score=1002.6628 AUC=0.8082 Acc=0.8252 F1=0.5879 PEHE=0.0335 dCATE=0.1773 Sens=0.0293 thr=0.18 feasible=1
[Full DLC (SOTA)] Epoch 30/30 | loss_total=2.0455 recon=0.0096 hsic=0.0199 pred=0.3229
[Full DLC (SOTA)] Restored best checkpoint at epoch 10 (score=1002.7012, thr=0.29)
[w/o HGNN] Epoch 5/20 | loss_total=1.6072 recon=0.2304 hsic=0.0162 pred=0.3422
[w/o HGNN] Val@Ep10 | score=1002.6564 AUC=0.7959 Acc=0.8374 F1=0.5922 PEHE=0.0393 dCATE=0.1708 Sens=0.0267 thr=0.21 feasible=1
[w/o HGNN] Epoch 10/20 | loss_total=1.3832 recon=0.0672 hsic=0.0183 pred=0.3278
[w/o HGNN] Val@Ep15 | score=1002.6437 AUC=0.7836 Acc=0.8653 F1=0.5926 PEHE=0.0692 dCATE=0.1928 Sens=0.0534 thr=0.39 feasible=1
[w/o HGNN] Epoch 15/20 | loss_total=1.2943 recon=0.0421 hsic=0.0204 pred=0.3110
[w/o HGNN] Val@Ep20 | score=1002.5051 AUC=0.7864 Acc=0.8563 F1=0.5505 PEHE=0.0797 dCATE=0.1706 Sens=0.0795 thr=0.45 feasible=1
[w/o HGNN] Epoch 20/20 | loss_total=1.2171 recon=0.0314 hsic=0.0216 pred=0.2927
[w/o HGNN] Restored best checkpoint at epoch 10 (score=1002.6564, thr=0.21)
[w/o VAE] Epoch 5/20 | loss_total=1.4711 recon=0.0448 hsic=0.0233 pred=0.3490
[w/o VAE] Val@Ep10 | score=1002.6912 AUC=0.8153 Acc=0.8541 F1=0.6018 PEHE=0.0732 dCATE=0.1792 Sens=0.0148 thr=0.28 feasible=1
[w/o VAE] Epoch 10/20 | loss_total=1.4159 recon=0.0134 hsic=0.0218 pred=0.3470
[w/o VAE] Val@Ep15 | score=-0.4376 AUC=0.8162 Acc=0.8474 F1=0.5982 PEHE=0.0445 dCATE=0.1397 Sens=0.0209 thr=0.20 feasible=0
[w/o VAE] Epoch 15/20 | loss_total=1.3975 recon=0.0103 hsic=0.0211 pred=0.3448
[w/o VAE] Val@Ep20 | score=1002.6611 AUC=0.8085 Acc=0.8519 F1=0.5933 PEHE=0.0778 dCATE=0.1858 Sens=0.0276 thr=0.29 feasible=1
[w/o VAE] Epoch 20/20 | loss_total=1.3687 recon=0.0107 hsic=0.0209 pred=0.3372
[w/o VAE] Restored best checkpoint at epoch 10 (score=1002.6912, thr=0.28)
[w/o HSIC] Epoch 5/20 | loss_total=1.4663 recon=0.0466 hsic=0.0210 pred=0.3488
[w/o HSIC] Val@Ep10 | score=1002.6849 AUC=0.8147 Acc=0.8552 F1=0.5988 PEHE=0.0720 dCATE=0.1747 Sens=0.0125 thr=0.29 feasible=1
[w/o HSIC] Epoch 10/20 | loss_total=1.4172 recon=0.0171 hsic=0.0205 pred=0.3463
[w/o HSIC] Val@Ep15 | score=-2.3086 AUC=0.8137 Acc=0.8497 F1=0.5946 PEHE=0.0516 dCATE=0.1335 Sens=0.0151 thr=0.22 feasible=0
[w/o HSIC] Epoch 15/20 | loss_total=1.4041 recon=0.0122 hsic=0.0200 pred=0.3456
[w/o HSIC] Val@Ep20 | score=-0.2067 AUC=0.8078 Acc=0.8452 F1=0.5924 PEHE=0.0996 dCATE=0.2061 Sens=0.0229 thr=0.24 feasible=0
[w/o HSIC] Epoch 20/20 | loss_total=1.3773 recon=0.0113 hsic=0.0195 pred=0.3390
[w/o HSIC] Restored best checkpoint at epoch 10 (score=1002.6849, thr=0.29)

[Done] Raw metrics: /home/UserData/ljx/Project_1/results/ablation_metrics_rigorous.json
[Done] Report: /home/UserData/ljx/Project_1/reports/task19.5_ablation_study_rigorous.md
