Script started...

[Seed 42] Loading data...
Training Full DLC (SOTA) from scratch (Seed 42)
[Full DLC (SOTA)] Epoch 5/26 | loss_total=1.9581 recon=0.0556 hsic=0.0212 pred=0.3451
[Full DLC (SOTA)] Val@Ep8 | score=1003.1042 AUC=0.7982 Acc=0.8396 F1=0.5814 PEHE=0.0505 dCATE=0.1192 Sens=0.0083 thr=0.35 feasible=1
[Full DLC (SOTA)] Epoch 10/26 | loss_total=1.8758 recon=0.0188 hsic=0.0213 pred=0.3434
[Full DLC (SOTA)] Val@Ep12 | score=1003.0785 AUC=0.7958 Acc=0.8207 F1=0.5752 PEHE=0.0394 dCATE=0.1254 Sens=0.0093 thr=0.25 feasible=1
[Full DLC (SOTA)] Epoch 15/26 | loss_total=1.8514 recon=0.0129 hsic=0.0210 pred=0.3428
[Full DLC (SOTA)] Val@Ep16 | score=1003.1164 AUC=0.8002 Acc=0.8196 F1=0.5781 PEHE=0.0234 dCATE=0.1433 Sens=0.0107 thr=0.21 feasible=1
[Full DLC (SOTA)] Val@Ep20 | score=1003.1242 AUC=0.7958 Acc=0.8252 F1=0.5768 PEHE=0.0247 dCATE=0.1537 Sens=0.0116 thr=0.22 feasible=1
[Full DLC (SOTA)] Epoch 20/26 | loss_total=1.8054 recon=0.0115 hsic=0.0209 pred=0.3359
[Full DLC (SOTA)] Val@Ep24 | score=1003.1298 AUC=0.7936 Acc=0.8263 F1=0.5738 PEHE=0.0205 dCATE=0.1652 Sens=0.0139 thr=0.25 feasible=1
[Full DLC (SOTA)] Epoch 25/26 | loss_total=1.7710 recon=0.0097 hsic=0.0206 pred=0.3304
[Full DLC (SOTA)] Restored best checkpoint at epoch 24 (score=1003.1298, thr=0.25)
[w/o HGNN] Epoch 5/18 | loss_total=1.5824 recon=0.2293 hsic=0.0162 pred=0.3371
[w/o HGNN] Val@Ep8 | score=1003.0447 AUC=0.7828 Acc=0.8252 F1=0.5577 PEHE=0.0544 dCATE=0.1805 Sens=0.0357 thr=0.25 feasible=1
[w/o HGNN] Epoch 10/18 | loss_total=1.3762 recon=0.0670 hsic=0.0188 pred=0.3249
[w/o HGNN] Val@Ep12 | score=1003.0779 AUC=0.7856 Acc=0.8486 F1=0.5696 PEHE=0.0612 dCATE=0.1681 Sens=0.0429 thr=0.42 feasible=1
[w/o HGNN] Epoch 15/18 | loss_total=1.2879 recon=0.0401 hsic=0.0212 pred=0.3096
[w/o HGNN] Val@Ep16 | score=1003.0013 AUC=0.7683 Acc=0.8408 F1=0.5545 PEHE=0.0789 dCATE=0.1783 Sens=0.0541 thr=0.35 feasible=1
[w/o HGNN] Restored best checkpoint at epoch 12 (score=1003.0779, thr=0.42)
[w/o VAE] Epoch 5/18 | loss_total=1.4619 recon=0.0433 hsic=0.0239 pred=0.3481
[w/o VAE] Val@Ep8 | score=1003.0836 AUC=0.7966 Acc=0.8396 F1=0.5789 PEHE=0.0633 dCATE=0.1163 Sens=0.0078 thr=0.32 feasible=1
[w/o VAE] Epoch 10/18 | loss_total=1.4075 recon=0.0159 hsic=0.0231 pred=0.3446
[w/o VAE] Val@Ep12 | score=1003.1107 AUC=0.7963 Acc=0.8486 F1=0.5776 PEHE=0.0650 dCATE=0.1392 Sens=0.0087 thr=0.31 feasible=1
[w/o VAE] Epoch 15/18 | loss_total=1.3931 recon=0.0119 hsic=0.0221 pred=0.3431
[w/o VAE] Val@Ep16 | score=1003.1057 AUC=0.7969 Acc=0.8363 F1=0.5788 PEHE=0.0478 dCATE=0.1339 Sens=0.0111 thr=0.25 feasible=1
[w/o VAE] Restored best checkpoint at epoch 12 (score=1003.1107, thr=0.31)
[w/o HSIC] Epoch 5/18 | loss_total=1.4734 recon=0.0573 hsic=0.0208 pred=0.3479
[w/o HSIC] Val@Ep8 | score=1003.0911 AUC=0.7974 Acc=0.8408 F1=0.5831 PEHE=0.0659 dCATE=0.1181 Sens=0.0090 thr=0.33 feasible=1
[w/o HSIC] Epoch 10/18 | loss_total=1.4099 recon=0.0174 hsic=0.0205 pred=0.3446
[w/o HSIC] Val@Ep12 | score=1003.1083 AUC=0.7956 Acc=0.8497 F1=0.5794 PEHE=0.0628 dCATE=0.1363 Sens=0.0145 thr=0.32 feasible=1
[w/o HSIC] Epoch 15/18 | loss_total=1.3943 recon=0.0115 hsic=0.0197 pred=0.3435
[w/o HSIC] Val@Ep16 | score=1003.1010 AUC=0.7956 Acc=0.8430 F1=0.5766 PEHE=0.0565 dCATE=0.1433 Sens=0.0192 thr=0.28 feasible=1
[w/o HSIC] Restored best checkpoint at epoch 12 (score=1003.1083, thr=0.32)

[Seed 43] Loading data...
Training Full DLC (SOTA) from scratch (Seed 43)
[Full DLC (SOTA)] Epoch 5/26 | loss_total=1.9492 recon=0.0405 hsic=0.0206 pred=0.3456
[Full DLC (SOTA)] Val@Ep8 | score=1003.2175 AUC=0.8154 Acc=0.8563 F1=0.6031 PEHE=0.0484 dCATE=0.1641 Sens=0.0154 thr=0.36 feasible=1
[Full DLC (SOTA)] Epoch 10/26 | loss_total=1.8711 recon=0.0189 hsic=0.0204 pred=0.3439
[Full DLC (SOTA)] Val@Ep12 | score=1003.2287 AUC=0.8129 Acc=0.8530 F1=0.6024 PEHE=0.0229 dCATE=0.1583 Sens=0.0162 thr=0.33 feasible=1
[Full DLC (SOTA)] Epoch 15/26 | loss_total=1.8451 recon=0.0126 hsic=0.0204 pred=0.3433
[Full DLC (SOTA)] Val@Ep16 | score=1003.1828 AUC=0.8118 Acc=0.8385 F1=0.5915 PEHE=0.0279 dCATE=0.1547 Sens=0.0126 thr=0.24 feasible=1
[Full DLC (SOTA)] Val@Ep20 | score=1003.2205 AUC=0.8091 Acc=0.8608 F1=0.5902 PEHE=0.0381 dCATE=0.1819 Sens=0.0148 thr=0.33 feasible=1
[Full DLC (SOTA)] Epoch 20/26 | loss_total=1.8054 recon=0.0121 hsic=0.0201 pred=0.3353
[Full DLC (SOTA)] Val@Ep24 | score=1003.1431 AUC=0.8092 Acc=0.8229 F1=0.5782 PEHE=0.0191 dCATE=0.1619 Sens=0.0178 thr=0.24 feasible=1
[Full DLC (SOTA)] Epoch 25/26 | loss_total=1.7642 recon=0.0101 hsic=0.0199 pred=0.3290
[Full DLC (SOTA)] Restored best checkpoint at epoch 12 (score=1003.2287, thr=0.33)
[w/o HGNN] Epoch 5/18 | loss_total=1.6072 recon=0.2304 hsic=0.0162 pred=0.3422
[w/o HGNN] Val@Ep8 | score=1003.2130 AUC=0.8046 Acc=0.8641 F1=0.5933 PEHE=0.0392 dCATE=0.1751 Sens=0.0212 thr=0.30 feasible=1
[w/o HGNN] Epoch 10/18 | loss_total=1.3819 recon=0.0672 hsic=0.0184 pred=0.3275
[w/o HGNN] Val@Ep12 | score=1003.1737 AUC=0.7994 Acc=0.8541 F1=0.5919 PEHE=0.0443 dCATE=0.1752 Sens=0.0326 thr=0.28 feasible=1
[w/o HGNN] Epoch 15/18 | loss_total=1.2934 recon=0.0420 hsic=0.0205 pred=0.3107
[w/o HGNN] Val@Ep16 | score=1003.1352 AUC=0.7910 Acc=0.8563 F1=0.5931 PEHE=0.0639 dCATE=0.1786 Sens=0.0504 thr=0.31 feasible=1
[w/o HGNN] Restored best checkpoint at epoch 8 (score=1003.2130, thr=0.30)
[w/o VAE] Epoch 5/18 | loss_total=1.4711 recon=0.0448 hsic=0.0233 pred=0.3490
[w/o VAE] Val@Ep8 | score=1003.1923 AUC=0.8128 Acc=0.8552 F1=0.6012 PEHE=0.0750 dCATE=0.1712 Sens=0.0128 thr=0.36 feasible=1
[w/o VAE] Epoch 10/18 | loss_total=1.4151 recon=0.0134 hsic=0.0218 pred=0.3469
[w/o VAE] Val@Ep12 | score=1003.1805 AUC=0.8152 Acc=0.8541 F1=0.5994 PEHE=0.0451 dCATE=0.1362 Sens=0.0216 thr=0.36 feasible=1
[w/o VAE] Epoch 15/18 | loss_total=1.3976 recon=0.0103 hsic=0.0211 pred=0.3447
[w/o VAE] Val@Ep16 | score=1003.2084 AUC=0.8137 Acc=0.8552 F1=0.6061 PEHE=0.0463 dCATE=0.1573 Sens=0.0226 thr=0.28 feasible=1
[w/o VAE] Restored best checkpoint at epoch 16 (score=1003.2084, thr=0.28)
[w/o HSIC] Epoch 5/18 | loss_total=1.4663 recon=0.0466 hsic=0.0210 pred=0.3488
[w/o HSIC] Val@Ep8 | score=1003.2068 AUC=0.8132 Acc=0.8563 F1=0.6031 PEHE=0.0731 dCATE=0.1778 Sens=0.0112 thr=0.36 feasible=1
[w/o HSIC] Epoch 10/18 | loss_total=1.4160 recon=0.0171 hsic=0.0205 pred=0.3462
[w/o HSIC] Val@Ep12 | score=1003.1918 AUC=0.8146 Acc=0.8541 F1=0.6042 PEHE=0.0538 dCATE=0.1431 Sens=0.0159 thr=0.34 feasible=1
[w/o HSIC] Epoch 15/18 | loss_total=1.4040 recon=0.0122 hsic=0.0200 pred=0.3455
[w/o HSIC] Val@Ep16 | score=1003.1931 AUC=0.8107 Acc=0.8575 F1=0.6000 PEHE=0.0592 dCATE=0.1600 Sens=0.0169 thr=0.28 feasible=1
[w/o HSIC] Restored best checkpoint at epoch 8 (score=1003.2068, thr=0.36)

[Done] Raw metrics: /home/UserData/ljx/Project_1/results/ablation_metrics_rigorous.json
[Done] Report: /home/UserData/ljx/Project_1/reports/task19.5_ablation_study_rigorous.md
