Script started...

[Seed 42] Loading data...
Training Full DLC (SOTA) from scratch (Seed 42)
[Full DLC (SOTA)] Epoch 5/26 | loss_total=2.0656 recon=0.0556 hsic=0.0212 pred=0.3449
[Full DLC (SOTA)] Val@Ep10 | score=1003.1839 AUC=0.7963 Acc=0.8463 F1=0.5767 PEHE=0.0418 dCATE=0.1217 Sens=0.0099 thr=0.33 feasible=1
[Full DLC (SOTA)] Epoch 10/26 | loss_total=1.9750 recon=0.0181 hsic=0.0210 pred=0.3434
[Full DLC (SOTA)] Val@Ep15 | score=1003.2003 AUC=0.7983 Acc=0.8318 F1=0.5770 PEHE=0.0234 dCATE=0.1481 Sens=0.0126 thr=0.24 feasible=1
[Full DLC (SOTA)] Epoch 15/26 | loss_total=1.9406 recon=0.0133 hsic=0.0208 pred=0.3420
[Full DLC (SOTA)] Val@Ep20 | score=1003.2203 AUC=0.7955 Acc=0.8330 F1=0.5810 PEHE=0.0199 dCATE=0.1633 Sens=0.0143 thr=0.26 feasible=1
[Full DLC (SOTA)] Epoch 20/26 | loss_total=1.8962 recon=0.0124 hsic=0.0209 pred=0.3343
[Full DLC (SOTA)] Val@Ep25 | score=1003.1524 AUC=0.7925 Acc=0.8174 F1=0.5684 PEHE=0.0273 dCATE=0.1531 Sens=0.0184 thr=0.21 feasible=1
[Full DLC (SOTA)] Epoch 25/26 | loss_total=1.8591 recon=0.0108 hsic=0.0209 pred=0.3283
[Full DLC (SOTA)] Restored best checkpoint at epoch 20 (score=1003.2203, thr=0.26)
[w/o HGNN] Epoch 5/18 | loss_total=1.5824 recon=0.2293 hsic=0.0162 pred=0.3371
[w/o HGNN] Val@Ep10 | score=1003.1591 AUC=0.7889 Acc=0.8452 F1=0.5697 PEHE=0.0504 dCATE=0.1550 Sens=0.0355 thr=0.33 feasible=1
[w/o HGNN] Epoch 10/18 | loss_total=1.3757 recon=0.0670 hsic=0.0188 pred=0.3250
[w/o HGNN] Val@Ep15 | score=1003.0695 AUC=0.7744 Acc=0.8441 F1=0.5484 PEHE=0.0822 dCATE=0.1623 Sens=0.0487 thr=0.38 feasible=1
[w/o HGNN] Epoch 15/18 | loss_total=1.2870 recon=0.0399 hsic=0.0213 pred=0.3094
[w/o HGNN] Restored best checkpoint at epoch 10 (score=1003.1591, thr=0.33)
[w/o VAE] Epoch 5/18 | loss_total=1.4619 recon=0.0433 hsic=0.0239 pred=0.3481
[w/o VAE] Val@Ep10 | score=1003.1821 AUC=0.7977 Acc=0.8463 F1=0.5818 PEHE=0.0705 dCATE=0.1370 Sens=0.0089 thr=0.33 feasible=1
[w/o VAE] Epoch 10/18 | loss_total=1.4098 recon=0.0159 hsic=0.0231 pred=0.3450
[w/o VAE] Val@Ep15 | score=1003.1626 AUC=0.7994 Acc=0.8341 F1=0.5755 PEHE=0.0517 dCATE=0.1273 Sens=0.0093 thr=0.24 feasible=1
[w/o VAE] Epoch 15/18 | loss_total=1.3934 recon=0.0119 hsic=0.0221 pred=0.3432
[w/o VAE] Restored best checkpoint at epoch 10 (score=1003.1821, thr=0.33)
[w/o HSIC] Epoch 5/18 | loss_total=1.4734 recon=0.0573 hsic=0.0208 pred=0.3479
[w/o HSIC] Val@Ep10 | score=1003.1654 AUC=0.7974 Acc=0.8408 F1=0.5782 PEHE=0.0685 dCATE=0.1355 Sens=0.0111 thr=0.32 feasible=1
[w/o HSIC] Epoch 10/18 | loss_total=1.4100 recon=0.0173 hsic=0.0205 pred=0.3447
[w/o HSIC] Val@Ep15 | score=1003.1661 AUC=0.7961 Acc=0.8396 F1=0.5789 PEHE=0.0640 dCATE=0.1401 Sens=0.0176 thr=0.25 feasible=1
[w/o HSIC] Epoch 15/18 | loss_total=1.3940 recon=0.0115 hsic=0.0197 pred=0.3434
[w/o HSIC] Restored best checkpoint at epoch 15 (score=1003.1661, thr=0.25)

[Seed 43] Loading data...
Training Full DLC (SOTA) from scratch (Seed 43)
[Full DLC (SOTA)] Epoch 5/26 | loss_total=2.0548 recon=0.0420 hsic=0.0206 pred=0.3454
[Full DLC (SOTA)] Val@Ep10 | score=1003.3038 AUC=0.8133 Acc=0.8575 F1=0.6049 PEHE=0.0433 dCATE=0.1712 Sens=0.0152 thr=0.33 feasible=1
[Full DLC (SOTA)] Epoch 10/26 | loss_total=1.9751 recon=0.0184 hsic=0.0203 pred=0.3440
[Full DLC (SOTA)] Val@Ep15 | score=1003.2734 AUC=0.8142 Acc=0.8530 F1=0.5951 PEHE=0.0271 dCATE=0.1426 Sens=0.0129 thr=0.23 feasible=1
[Full DLC (SOTA)] Epoch 15/26 | loss_total=1.9424 recon=0.0130 hsic=0.0203 pred=0.3423
[Full DLC (SOTA)] Val@Ep20 | score=1003.2480 AUC=0.8092 Acc=0.8330 F1=0.5902 PEHE=0.0427 dCATE=0.1892 Sens=0.0181 thr=0.23 feasible=1
[Full DLC (SOTA)] Epoch 20/26 | loss_total=1.8962 recon=0.0128 hsic=0.0199 pred=0.3335
[Full DLC (SOTA)] Val@Ep25 | score=1003.2032 AUC=0.8086 Acc=0.8207 F1=0.5729 PEHE=0.0272 dCATE=0.1857 Sens=0.0241 thr=0.19 feasible=1
[Full DLC (SOTA)] Epoch 25/26 | loss_total=1.8470 recon=0.0104 hsic=0.0198 pred=0.3259
[Full DLC (SOTA)] Restored best checkpoint at epoch 10 (score=1003.3038, thr=0.33)
[w/o HGNN] Epoch 5/18 | loss_total=1.6072 recon=0.2304 hsic=0.0162 pred=0.3422
[w/o HGNN] Val@Ep10 | score=1003.2261 AUC=0.7959 Acc=0.8374 F1=0.5922 PEHE=0.0393 dCATE=0.1708 Sens=0.0267 thr=0.21 feasible=1
[w/o HGNN] Epoch 10/18 | loss_total=1.3832 recon=0.0672 hsic=0.0183 pred=0.3278
[w/o HGNN] Val@Ep15 | score=1003.2244 AUC=0.7836 Acc=0.8653 F1=0.5926 PEHE=0.0692 dCATE=0.1928 Sens=0.0534 thr=0.39 feasible=1
[w/o HGNN] Epoch 15/18 | loss_total=1.2943 recon=0.0421 hsic=0.0204 pred=0.3110
[w/o HGNN] Restored best checkpoint at epoch 10 (score=1003.2261, thr=0.21)
[w/o VAE] Epoch 5/18 | loss_total=1.4711 recon=0.0448 hsic=0.0233 pred=0.3490
[w/o VAE] Val@Ep10 | score=1003.2747 AUC=0.8153 Acc=0.8541 F1=0.6018 PEHE=0.0732 dCATE=0.1792 Sens=0.0148 thr=0.28 feasible=1
[w/o VAE] Epoch 10/18 | loss_total=1.4159 recon=0.0134 hsic=0.0218 pred=0.3470
[w/o VAE] Val@Ep15 | score=1003.2480 AUC=0.8162 Acc=0.8474 F1=0.5982 PEHE=0.0445 dCATE=0.1397 Sens=0.0209 thr=0.20 feasible=1
[w/o VAE] Epoch 15/18 | loss_total=1.3975 recon=0.0103 hsic=0.0211 pred=0.3448
[w/o VAE] Restored best checkpoint at epoch 10 (score=1003.2747, thr=0.28)
[w/o HSIC] Epoch 5/18 | loss_total=1.4663 recon=0.0466 hsic=0.0210 pred=0.3488
[w/o HSIC] Val@Ep10 | score=1003.2695 AUC=0.8147 Acc=0.8552 F1=0.5988 PEHE=0.0720 dCATE=0.1747 Sens=0.0125 thr=0.29 feasible=1
[w/o HSIC] Epoch 10/18 | loss_total=1.4172 recon=0.0171 hsic=0.0205 pred=0.3463
[w/o HSIC] Val@Ep15 | score=1003.2358 AUC=0.8137 Acc=0.8497 F1=0.5946 PEHE=0.0516 dCATE=0.1335 Sens=0.0151 thr=0.22 feasible=1
[w/o HSIC] Epoch 15/18 | loss_total=1.4041 recon=0.0122 hsic=0.0200 pred=0.3456
[w/o HSIC] Restored best checkpoint at epoch 10 (score=1003.2695, thr=0.29)

[Done] Raw metrics: /home/UserData/ljx/Project_1/results/ablation_metrics_rigorous.json
[Done] Report: /home/UserData/ljx/Project_1/reports/task19.5_ablation_study_rigorous.md
