Script started...

[Seed 42] Loading data...
Training Full DLC (SOTA) from scratch (Seed 42)
[Full DLC (SOTA)] Epoch 5/26 | loss_total=1.9808 recon=0.0586 hsic=0.0213 pred=0.3453
[Full DLC (SOTA)] Val@Ep8 | score=2.7773 AUC=0.7985 Acc=0.8396 F1=0.5838 PEHE=0.0504 dCATE=0.1187 Sens=0.0078 thr=0.34 feasible=0
[Full DLC (SOTA)] Epoch 10/26 | loss_total=1.8964 recon=0.0213 hsic=0.0215 pred=0.3434
[Full DLC (SOTA)] Val@Ep12 | score=1003.0181 AUC=0.7963 Acc=0.8163 F1=0.5736 PEHE=0.0392 dCATE=0.1271 Sens=0.0093 thr=0.24 feasible=1
[Full DLC (SOTA)] Epoch 15/26 | loss_total=1.8708 recon=0.0143 hsic=0.0212 pred=0.3430
[Full DLC (SOTA)] Val@Ep16 | score=1003.0775 AUC=0.8004 Acc=0.8263 F1=0.5806 PEHE=0.0215 dCATE=0.1420 Sens=0.0115 thr=0.22 feasible=1
[Full DLC (SOTA)] Val@Ep20 | score=1003.0774 AUC=0.7972 Acc=0.8285 F1=0.5769 PEHE=0.0243 dCATE=0.1528 Sens=0.0126 thr=0.23 feasible=1
[Full DLC (SOTA)] Epoch 20/26 | loss_total=1.8247 recon=0.0125 hsic=0.0210 pred=0.3359
[Full DLC (SOTA)] Val@Ep24 | score=1003.0825 AUC=0.7955 Acc=0.8274 F1=0.5730 PEHE=0.0206 dCATE=0.1678 Sens=0.0156 thr=0.26 feasible=1
[Full DLC (SOTA)] Epoch 25/26 | loss_total=1.7894 recon=0.0104 hsic=0.0208 pred=0.3305
[Full DLC (SOTA)] Restored best checkpoint at epoch 24 (score=1003.0825, thr=0.26)
[w/o HGNN] Epoch 5/18 | loss_total=1.5824 recon=0.2293 hsic=0.0162 pred=0.3371
[w/o HGNN] Val@Ep8 | score=1003.0018 AUC=0.7828 Acc=0.8252 F1=0.5577 PEHE=0.0544 dCATE=0.1805 Sens=0.0357 thr=0.25 feasible=1
[w/o HGNN] Epoch 10/18 | loss_total=1.3762 recon=0.0670 hsic=0.0188 pred=0.3249
[w/o HGNN] Val@Ep12 | score=1003.0334 AUC=0.7856 Acc=0.8486 F1=0.5696 PEHE=0.0612 dCATE=0.1681 Sens=0.0429 thr=0.42 feasible=1
[w/o HGNN] Epoch 15/18 | loss_total=1.2879 recon=0.0401 hsic=0.0212 pred=0.3096
[w/o HGNN] Val@Ep16 | score=1002.9614 AUC=0.7683 Acc=0.8408 F1=0.5545 PEHE=0.0789 dCATE=0.1783 Sens=0.0541 thr=0.35 feasible=1
[w/o HGNN] Restored best checkpoint at epoch 12 (score=1003.0334, thr=0.42)
[w/o VAE] Epoch 5/18 | loss_total=1.4619 recon=0.0433 hsic=0.0239 pred=0.3481
[w/o VAE] Val@Ep8 | score=2.2246 AUC=0.7966 Acc=0.8396 F1=0.5789 PEHE=0.0633 dCATE=0.1163 Sens=0.0078 thr=0.32 feasible=0
[w/o VAE] Epoch 10/18 | loss_total=1.4075 recon=0.0159 hsic=0.0231 pred=0.3446
[w/o VAE] Val@Ep12 | score=1003.0579 AUC=0.7963 Acc=0.8486 F1=0.5776 PEHE=0.0650 dCATE=0.1392 Sens=0.0087 thr=0.31 feasible=1
[w/o VAE] Epoch 15/18 | loss_total=1.3931 recon=0.0119 hsic=0.0221 pred=0.3431
[w/o VAE] Val@Ep16 | score=1003.0524 AUC=0.7969 Acc=0.8363 F1=0.5788 PEHE=0.0478 dCATE=0.1339 Sens=0.0111 thr=0.25 feasible=1
[w/o VAE] Restored best checkpoint at epoch 12 (score=1003.0579, thr=0.31)
[w/o HSIC] Epoch 5/18 | loss_total=1.4734 recon=0.0573 hsic=0.0208 pred=0.3479
[w/o HSIC] Val@Ep8 | score=2.6208 AUC=0.7974 Acc=0.8408 F1=0.5831 PEHE=0.0659 dCATE=0.1181 Sens=0.0090 thr=0.33 feasible=0
[w/o HSIC] Epoch 10/18 | loss_total=1.4099 recon=0.0174 hsic=0.0205 pred=0.3446
[w/o HSIC] Val@Ep12 | score=1003.0558 AUC=0.7956 Acc=0.8497 F1=0.5794 PEHE=0.0628 dCATE=0.1363 Sens=0.0145 thr=0.32 feasible=1
[w/o HSIC] Epoch 15/18 | loss_total=1.3943 recon=0.0115 hsic=0.0197 pred=0.3435
[w/o HSIC] Val@Ep16 | score=1003.0500 AUC=0.7956 Acc=0.8430 F1=0.5766 PEHE=0.0565 dCATE=0.1433 Sens=0.0192 thr=0.28 feasible=1
[w/o HSIC] Restored best checkpoint at epoch 12 (score=1003.0558, thr=0.32)

[Seed 43] Loading data...
Training Full DLC (SOTA) from scratch (Seed 43)
[Full DLC (SOTA)] Epoch 5/26 | loss_total=1.9685 recon=0.0415 hsic=0.0205 pred=0.3455
[Full DLC (SOTA)] Val@Ep8 | score=1003.1658 AUC=0.8154 Acc=0.8575 F1=0.6025 PEHE=0.0489 dCATE=0.1650 Sens=0.0164 thr=0.37 feasible=1
[Full DLC (SOTA)] Epoch 10/26 | loss_total=1.8871 recon=0.0187 hsic=0.0202 pred=0.3438
[Full DLC (SOTA)] Val@Ep12 | score=1003.1726 AUC=0.8132 Acc=0.8530 F1=0.6000 PEHE=0.0238 dCATE=0.1619 Sens=0.0177 thr=0.34 feasible=1
[Full DLC (SOTA)] Epoch 15/26 | loss_total=1.8609 recon=0.0125 hsic=0.0202 pred=0.3431
[Full DLC (SOTA)] Val@Ep16 | score=1003.1326 AUC=0.8119 Acc=0.8385 F1=0.5938 PEHE=0.0279 dCATE=0.1549 Sens=0.0145 thr=0.23 feasible=1
[Full DLC (SOTA)] Val@Ep20 | score=1003.1854 AUC=0.8094 Acc=0.8630 F1=0.5967 PEHE=0.0400 dCATE=0.1838 Sens=0.0146 thr=0.33 feasible=1
[Full DLC (SOTA)] Epoch 20/26 | loss_total=1.8194 recon=0.0122 hsic=0.0200 pred=0.3348
[Full DLC (SOTA)] Val@Ep24 | score=1003.0984 AUC=0.8093 Acc=0.8241 F1=0.5798 PEHE=0.0190 dCATE=0.1632 Sens=0.0179 thr=0.24 feasible=1
[Full DLC (SOTA)] Epoch 25/26 | loss_total=1.7774 recon=0.0101 hsic=0.0198 pred=0.3284
[Full DLC (SOTA)] Restored best checkpoint at epoch 20 (score=1003.1854, thr=0.33)
[w/o HGNN] Epoch 5/18 | loss_total=1.6072 recon=0.2304 hsic=0.0162 pred=0.3422
[w/o HGNN] Val@Ep8 | score=1003.1627 AUC=0.8046 Acc=0.8641 F1=0.5933 PEHE=0.0392 dCATE=0.1751 Sens=0.0212 thr=0.30 feasible=1
[w/o HGNN] Epoch 10/18 | loss_total=1.3819 recon=0.0672 hsic=0.0184 pred=0.3275
[w/o HGNN] Val@Ep12 | score=1003.1260 AUC=0.7994 Acc=0.8541 F1=0.5919 PEHE=0.0443 dCATE=0.1752 Sens=0.0326 thr=0.28 feasible=1
[w/o HGNN] Epoch 15/18 | loss_total=1.2934 recon=0.0420 hsic=0.0205 pred=0.3107
[w/o HGNN] Val@Ep16 | score=1003.0913 AUC=0.7910 Acc=0.8563 F1=0.5931 PEHE=0.0639 dCATE=0.1786 Sens=0.0504 thr=0.31 feasible=1
[w/o HGNN] Restored best checkpoint at epoch 8 (score=1003.1627, thr=0.30)
[w/o VAE] Epoch 5/18 | loss_total=1.4711 recon=0.0448 hsic=0.0233 pred=0.3490
[w/o VAE] Val@Ep8 | score=1003.1423 AUC=0.8128 Acc=0.8552 F1=0.6012 PEHE=0.0750 dCATE=0.1712 Sens=0.0128 thr=0.36 feasible=1
[w/o VAE] Epoch 10/18 | loss_total=1.4151 recon=0.0134 hsic=0.0218 pred=0.3469
[w/o VAE] Val@Ep12 | score=1003.1270 AUC=0.8152 Acc=0.8541 F1=0.5994 PEHE=0.0451 dCATE=0.1362 Sens=0.0216 thr=0.36 feasible=1
[w/o VAE] Epoch 15/18 | loss_total=1.3976 recon=0.0103 hsic=0.0211 pred=0.3447
[w/o VAE] Val@Ep16 | score=1003.1568 AUC=0.8137 Acc=0.8552 F1=0.6061 PEHE=0.0463 dCATE=0.1573 Sens=0.0226 thr=0.28 feasible=1
[w/o VAE] Restored best checkpoint at epoch 16 (score=1003.1568, thr=0.28)
[w/o HSIC] Epoch 5/18 | loss_total=1.4663 recon=0.0466 hsic=0.0210 pred=0.3488
[w/o HSIC] Val@Ep8 | score=1003.1570 AUC=0.8132 Acc=0.8563 F1=0.6031 PEHE=0.0731 dCATE=0.1778 Sens=0.0112 thr=0.36 feasible=1
[w/o HSIC] Epoch 10/18 | loss_total=1.4160 recon=0.0171 hsic=0.0205 pred=0.3462
[w/o HSIC] Val@Ep12 | score=1003.1383 AUC=0.8146 Acc=0.8541 F1=0.6042 PEHE=0.0538 dCATE=0.1431 Sens=0.0159 thr=0.34 feasible=1
[w/o HSIC] Epoch 15/18 | loss_total=1.4040 recon=0.0122 hsic=0.0200 pred=0.3455
[w/o HSIC] Val@Ep16 | score=1003.1417 AUC=0.8107 Acc=0.8575 F1=0.6000 PEHE=0.0592 dCATE=0.1600 Sens=0.0169 thr=0.28 feasible=1
[w/o HSIC] Restored best checkpoint at epoch 8 (score=1003.1570, thr=0.36)

[Done] Raw metrics: /home/UserData/ljx/Project_1/results/ablation_metrics_rigorous.json
[Done] Report: /home/UserData/ljx/Project_1/reports/task19.5_ablation_study_rigorous.md
