Script started...

[Seed 42] Loading data...
Training Full DLC (SOTA) from scratch (Seed 42)
[Full DLC (SOTA)] Epoch 5/30 | loss_total=1.8594 recon=0.0577 hsic=0.0211 pred=0.3453
[Full DLC (SOTA)] Val@Ep10 | score=1003.0338 AUC=0.7973 Acc=0.8463 F1=0.5818 PEHE=0.0427 dCATE=0.1273 Sens=0.0094 thr=0.33 feasible=1
[Full DLC (SOTA)] Epoch 10/30 | loss_total=1.7723 recon=0.0176 hsic=0.0211 pred=0.3437
[Full DLC (SOTA)] Val@Ep15 | score=1003.0228 AUC=0.7994 Acc=0.8196 F1=0.5781 PEHE=0.0273 dCATE=0.1467 Sens=0.0115 thr=0.22 feasible=1
[Full DLC (SOTA)] Epoch 15/30 | loss_total=1.7451 recon=0.0125 hsic=0.0209 pred=0.3430
[Full DLC (SOTA)] Val@Ep20 | score=1003.0621 AUC=0.7999 Acc=0.8385 F1=0.5748 PEHE=0.0240 dCATE=0.1638 Sens=0.0123 thr=0.29 feasible=1
[Full DLC (SOTA)] Epoch 20/30 | loss_total=1.7060 recon=0.0115 hsic=0.0208 pred=0.3361
[Full DLC (SOTA)] Val@Ep25 | score=1003.0268 AUC=0.7947 Acc=0.8263 F1=0.5738 PEHE=0.0253 dCATE=0.1558 Sens=0.0150 thr=0.24 feasible=1
[Full DLC (SOTA)] Epoch 25/30 | loss_total=1.6759 recon=0.0095 hsic=0.0206 pred=0.3312
[Full DLC (SOTA)] Val@Ep30 | score=1003.0487 AUC=0.7983 Acc=0.8352 F1=0.5698 PEHE=0.0330 dCATE=0.1872 Sens=0.0229 thr=0.25 feasible=1
[Full DLC (SOTA)] Epoch 30/30 | loss_total=1.6477 recon=0.0096 hsic=0.0206 pred=0.3245
[Full DLC (SOTA)] Restored best checkpoint at epoch 20 (score=1003.0621, thr=0.29)
[w/o HGNN] Epoch 5/20 | loss_total=1.5824 recon=0.2293 hsic=0.0162 pred=0.3371
[w/o HGNN] Val@Ep10 | score=1002.9943 AUC=0.7889 Acc=0.8452 F1=0.5697 PEHE=0.0504 dCATE=0.1550 Sens=0.0355 thr=0.33 feasible=1
[w/o HGNN] Epoch 10/20 | loss_total=1.3757 recon=0.0670 hsic=0.0188 pred=0.3250
[w/o HGNN] Val@Ep15 | score=1002.9034 AUC=0.7744 Acc=0.8441 F1=0.5484 PEHE=0.0822 dCATE=0.1623 Sens=0.0487 thr=0.38 feasible=1
[w/o HGNN] Epoch 15/20 | loss_total=1.2870 recon=0.0399 hsic=0.0213 pred=0.3094
[w/o HGNN] Val@Ep20 | score=1002.7899 AUC=0.7603 Acc=0.8140 F1=0.5322 PEHE=0.0939 dCATE=0.1717 Sens=0.0755 thr=0.25 feasible=1
[w/o HGNN] Epoch 20/20 | loss_total=1.2172 recon=0.0316 hsic=0.0221 pred=0.2913
[w/o HGNN] Restored best checkpoint at epoch 10 (score=1002.9943, thr=0.33)
[w/o VAE] Epoch 5/20 | loss_total=1.4619 recon=0.0433 hsic=0.0239 pred=0.3481
[w/o VAE] Val@Ep10 | score=1003.0155 AUC=0.7977 Acc=0.8463 F1=0.5818 PEHE=0.0705 dCATE=0.1370 Sens=0.0089 thr=0.33 feasible=1
[w/o VAE] Epoch 10/20 | loss_total=1.4098 recon=0.0159 hsic=0.0231 pred=0.3450
[w/o VAE] Val@Ep15 | score=1002.9990 AUC=0.7994 Acc=0.8341 F1=0.5755 PEHE=0.0517 dCATE=0.1273 Sens=0.0093 thr=0.24 feasible=1
[w/o VAE] Epoch 15/20 | loss_total=1.3934 recon=0.0119 hsic=0.0221 pred=0.3432
[w/o VAE] Val@Ep20 | score=1003.0198 AUC=0.7955 Acc=0.8385 F1=0.5748 PEHE=0.0455 dCATE=0.1508 Sens=0.0170 thr=0.32 feasible=1
[w/o VAE] Epoch 20/20 | loss_total=1.3561 recon=0.0105 hsic=0.0220 pred=0.3341
[w/o VAE] Restored best checkpoint at epoch 20 (score=1003.0198, thr=0.32)
[w/o HSIC] Epoch 5/20 | loss_total=1.4734 recon=0.0573 hsic=0.0208 pred=0.3479
[w/o HSIC] Val@Ep10 | score=1002.9996 AUC=0.7974 Acc=0.8408 F1=0.5782 PEHE=0.0685 dCATE=0.1355 Sens=0.0111 thr=0.32 feasible=1
[w/o HSIC] Epoch 10/20 | loss_total=1.4100 recon=0.0173 hsic=0.0205 pred=0.3447
[w/o HSIC] Val@Ep15 | score=1003.0003 AUC=0.7961 Acc=0.8396 F1=0.5789 PEHE=0.0640 dCATE=0.1401 Sens=0.0176 thr=0.25 feasible=1
[w/o HSIC] Epoch 15/20 | loss_total=1.3940 recon=0.0115 hsic=0.0197 pred=0.3434
[w/o HSIC] Val@Ep20 | score=1002.9995 AUC=0.7958 Acc=0.8352 F1=0.5747 PEHE=0.0446 dCATE=0.1372 Sens=0.0215 thr=0.26 feasible=1
[w/o HSIC] Epoch 20/20 | loss_total=1.3665 recon=0.0102 hsic=0.0193 pred=0.3365
[w/o HSIC] Restored best checkpoint at epoch 15 (score=1003.0003, thr=0.25)

[Seed 43] Loading data...
Training Full DLC (SOTA) from scratch (Seed 43)
[Full DLC (SOTA)] Epoch 5/30 | loss_total=1.8444 recon=0.0407 hsic=0.0206 pred=0.3457
[Full DLC (SOTA)] Val@Ep10 | score=1003.1191 AUC=0.8115 Acc=0.8541 F1=0.5994 PEHE=0.0396 dCATE=0.1647 Sens=0.0157 thr=0.31 feasible=1
[Full DLC (SOTA)] Epoch 10/30 | loss_total=1.7731 recon=0.0177 hsic=0.0205 pred=0.3445
[Full DLC (SOTA)] Val@Ep15 | score=1003.1092 AUC=0.8144 Acc=0.8563 F1=0.5931 PEHE=0.0282 dCATE=0.1432 Sens=0.0129 thr=0.25 feasible=1
[Full DLC (SOTA)] Epoch 15/30 | loss_total=1.7434 recon=0.0117 hsic=0.0205 pred=0.3435
[Full DLC (SOTA)] Val@Ep20 | score=1003.1395 AUC=0.8101 Acc=0.8630 F1=0.5941 PEHE=0.0362 dCATE=0.1810 Sens=0.0155 thr=0.35 feasible=1
[Full DLC (SOTA)] Epoch 20/30 | loss_total=1.7075 recon=0.0114 hsic=0.0202 pred=0.3360
[Full DLC (SOTA)] Val@Ep25 | score=1003.0920 AUC=0.8121 Acc=0.8296 F1=0.5876 PEHE=0.0238 dCATE=0.1811 Sens=0.0196 thr=0.21 feasible=1
[Full DLC (SOTA)] Epoch 25/30 | loss_total=1.6714 recon=0.0092 hsic=0.0201 pred=0.3304
[Full DLC (SOTA)] Val@Ep30 | score=1003.0794 AUC=0.8091 Acc=0.8285 F1=0.5882 PEHE=0.0192 dCATE=0.1717 Sens=0.0250 thr=0.20 feasible=1
[Full DLC (SOTA)] Epoch 30/30 | loss_total=1.6462 recon=0.0092 hsic=0.0198 pred=0.3256
[Full DLC (SOTA)] Restored best checkpoint at epoch 20 (score=1003.1395, thr=0.35)
[w/o HGNN] Epoch 5/20 | loss_total=1.6072 recon=0.2304 hsic=0.0162 pred=0.3422
[w/o HGNN] Val@Ep10 | score=1003.0627 AUC=0.7959 Acc=0.8374 F1=0.5922 PEHE=0.0393 dCATE=0.1708 Sens=0.0267 thr=0.21 feasible=1
[w/o HGNN] Epoch 10/20 | loss_total=1.3832 recon=0.0672 hsic=0.0183 pred=0.3278
[w/o HGNN] Val@Ep15 | score=1003.0534 AUC=0.7836 Acc=0.8653 F1=0.5926 PEHE=0.0692 dCATE=0.1928 Sens=0.0534 thr=0.39 feasible=1
[w/o HGNN] Epoch 15/20 | loss_total=1.2943 recon=0.0421 hsic=0.0204 pred=0.3110
[w/o HGNN] Val@Ep20 | score=1002.9156 AUC=0.7864 Acc=0.8563 F1=0.5505 PEHE=0.0797 dCATE=0.1706 Sens=0.0795 thr=0.45 feasible=1
[w/o HGNN] Epoch 20/20 | loss_total=1.2171 recon=0.0314 hsic=0.0216 pred=0.2927
[w/o HGNN] Restored best checkpoint at epoch 10 (score=1003.0627, thr=0.21)
[w/o VAE] Epoch 5/20 | loss_total=1.4711 recon=0.0448 hsic=0.0233 pred=0.3490
[w/o VAE] Val@Ep10 | score=1003.1074 AUC=0.8153 Acc=0.8541 F1=0.6018 PEHE=0.0732 dCATE=0.1792 Sens=0.0148 thr=0.28 feasible=1
[w/o VAE] Epoch 10/20 | loss_total=1.4159 recon=0.0134 hsic=0.0218 pred=0.3470
[w/o VAE] Val@Ep15 | score=1003.0800 AUC=0.8162 Acc=0.8474 F1=0.5982 PEHE=0.0445 dCATE=0.1397 Sens=0.0209 thr=0.20 feasible=1
[w/o VAE] Epoch 15/20 | loss_total=1.3975 recon=0.0103 hsic=0.0211 pred=0.3448
[w/o VAE] Val@Ep20 | score=1003.0715 AUC=0.8085 Acc=0.8519 F1=0.5933 PEHE=0.0778 dCATE=0.1858 Sens=0.0276 thr=0.29 feasible=1
[w/o VAE] Epoch 20/20 | loss_total=1.3687 recon=0.0107 hsic=0.0209 pred=0.3372
[w/o VAE] Restored best checkpoint at epoch 10 (score=1003.1074, thr=0.28)
[w/o HSIC] Epoch 5/20 | loss_total=1.4663 recon=0.0466 hsic=0.0210 pred=0.3488
[w/o HSIC] Val@Ep10 | score=1003.1026 AUC=0.8147 Acc=0.8552 F1=0.5988 PEHE=0.0720 dCATE=0.1747 Sens=0.0125 thr=0.29 feasible=1
[w/o HSIC] Epoch 10/20 | loss_total=1.4172 recon=0.0171 hsic=0.0205 pred=0.3463
[w/o HSIC] Val@Ep15 | score=1003.0676 AUC=0.8137 Acc=0.8497 F1=0.5946 PEHE=0.0516 dCATE=0.1335 Sens=0.0151 thr=0.22 feasible=1
[w/o HSIC] Epoch 15/20 | loss_total=1.4041 recon=0.0122 hsic=0.0200 pred=0.3456
[w/o HSIC] Val@Ep20 | score=1003.0612 AUC=0.8078 Acc=0.8452 F1=0.5924 PEHE=0.0996 dCATE=0.2061 Sens=0.0229 thr=0.24 feasible=1
[w/o HSIC] Epoch 20/20 | loss_total=1.3773 recon=0.0113 hsic=0.0195 pred=0.3390
[w/o HSIC] Restored best checkpoint at epoch 10 (score=1003.1026, thr=0.29)

[Done] Raw metrics: /home/UserData/ljx/Project_1/results/ablation_metrics_rigorous.json
[Done] Report: /home/UserData/ljx/Project_1/reports/task19.5_ablation_study_rigorous.md
