Script started...

[Seed 42] Loading data...
Training Full DLC (SOTA) from scratch (Seed 42)
[Full DLC (SOTA)] Epoch 5/26 | loss_total=1.9614 recon=0.0551 hsic=0.0213 pred=0.3450
[Full DLC (SOTA)] Val@Ep10 | score=1003.1218 AUC=0.7990 Acc=0.8419 F1=0.5774 PEHE=0.0407 dCATE=0.1243 Sens=0.0087 thr=0.32 feasible=1
[Full DLC (SOTA)] Epoch 10/26 | loss_total=1.8741 recon=0.0195 hsic=0.0213 pred=0.3434
[Full DLC (SOTA)] Val@Ep15 | score=1003.1411 AUC=0.7991 Acc=0.8318 F1=0.5770 PEHE=0.0233 dCATE=0.1482 Sens=0.0120 thr=0.24 feasible=1
[Full DLC (SOTA)] Epoch 15/26 | loss_total=1.8409 recon=0.0135 hsic=0.0209 pred=0.3421
[Full DLC (SOTA)] Val@Ep20 | score=1003.1467 AUC=0.7967 Acc=0.8274 F1=0.5753 PEHE=0.0258 dCATE=0.1727 Sens=0.0139 thr=0.23 feasible=1
[Full DLC (SOTA)] Epoch 20/26 | loss_total=1.8008 recon=0.0122 hsic=0.0209 pred=0.3350
[Full DLC (SOTA)] Val@Ep25 | score=1003.1144 AUC=0.7937 Acc=0.8241 F1=0.5683 PEHE=0.0247 dCATE=0.1610 Sens=0.0166 thr=0.23 feasible=1
[Full DLC (SOTA)] Epoch 25/26 | loss_total=1.7651 recon=0.0107 hsic=0.0208 pred=0.3291
[Full DLC (SOTA)] Restored best checkpoint at epoch 20 (score=1003.1467, thr=0.23)
[w/o HGNN] Epoch 5/18 | loss_total=1.5824 recon=0.2293 hsic=0.0162 pred=0.3371
[w/o HGNN] Val@Ep10 | score=1003.0957 AUC=0.7889 Acc=0.8452 F1=0.5697 PEHE=0.0504 dCATE=0.1550 Sens=0.0355 thr=0.33 feasible=1
[w/o HGNN] Epoch 10/18 | loss_total=1.3757 recon=0.0670 hsic=0.0188 pred=0.3250
[w/o HGNN] Val@Ep15 | score=1003.0052 AUC=0.7744 Acc=0.8441 F1=0.5484 PEHE=0.0822 dCATE=0.1623 Sens=0.0487 thr=0.38 feasible=1
[w/o HGNN] Epoch 15/18 | loss_total=1.2870 recon=0.0399 hsic=0.0213 pred=0.3094
[w/o HGNN] Restored best checkpoint at epoch 10 (score=1003.0957, thr=0.33)
[w/o VAE] Epoch 5/18 | loss_total=1.4619 recon=0.0433 hsic=0.0239 pred=0.3481
[w/o VAE] Val@Ep10 | score=1003.1175 AUC=0.7977 Acc=0.8463 F1=0.5818 PEHE=0.0705 dCATE=0.1370 Sens=0.0089 thr=0.33 feasible=1
[w/o VAE] Epoch 10/18 | loss_total=1.4098 recon=0.0159 hsic=0.0231 pred=0.3450
[w/o VAE] Val@Ep15 | score=1003.0991 AUC=0.7994 Acc=0.8341 F1=0.5755 PEHE=0.0517 dCATE=0.1273 Sens=0.0093 thr=0.24 feasible=1
[w/o VAE] Epoch 15/18 | loss_total=1.3934 recon=0.0119 hsic=0.0221 pred=0.3432
[w/o VAE] Restored best checkpoint at epoch 10 (score=1003.1175, thr=0.33)
[w/o HSIC] Epoch 5/18 | loss_total=1.4734 recon=0.0573 hsic=0.0208 pred=0.3479
[w/o HSIC] Val@Ep10 | score=1003.1011 AUC=0.7974 Acc=0.8408 F1=0.5782 PEHE=0.0685 dCATE=0.1355 Sens=0.0111 thr=0.32 feasible=1
[w/o HSIC] Epoch 10/18 | loss_total=1.4100 recon=0.0173 hsic=0.0205 pred=0.3447
[w/o HSIC] Val@Ep15 | score=1003.1020 AUC=0.7961 Acc=0.8396 F1=0.5789 PEHE=0.0640 dCATE=0.1401 Sens=0.0176 thr=0.25 feasible=1
[w/o HSIC] Epoch 15/18 | loss_total=1.3940 recon=0.0115 hsic=0.0197 pred=0.3434
[w/o HSIC] Restored best checkpoint at epoch 15 (score=1003.1020, thr=0.25)

[Seed 43] Loading data...
Training Full DLC (SOTA) from scratch (Seed 43)
[Full DLC (SOTA)] Epoch 5/26 | loss_total=1.9507 recon=0.0406 hsic=0.0205 pred=0.3457
[Full DLC (SOTA)] Val@Ep10 | score=1003.2421 AUC=0.8127 Acc=0.8575 F1=0.6025 PEHE=0.0379 dCATE=0.1724 Sens=0.0153 thr=0.32 feasible=1
[Full DLC (SOTA)] Epoch 10/26 | loss_total=1.8703 recon=0.0185 hsic=0.0203 pred=0.3440
[Full DLC (SOTA)] Val@Ep15 | score=1003.2029 AUC=0.8131 Acc=0.8575 F1=0.5897 PEHE=0.0275 dCATE=0.1400 Sens=0.0132 thr=0.25 feasible=1
[Full DLC (SOTA)] Epoch 15/26 | loss_total=1.8437 recon=0.0123 hsic=0.0204 pred=0.3433
[Full DLC (SOTA)] Val@Ep20 | score=1003.2369 AUC=0.8090 Acc=0.8608 F1=0.5928 PEHE=0.0377 dCATE=0.1839 Sens=0.0145 thr=0.33 feasible=1
[Full DLC (SOTA)] Epoch 20/26 | loss_total=1.8027 recon=0.0119 hsic=0.0200 pred=0.3349
[Full DLC (SOTA)] Val@Ep25 | score=1003.1641 AUC=0.8102 Acc=0.8252 F1=0.5791 PEHE=0.0249 dCATE=0.1777 Sens=0.0192 thr=0.20 feasible=1
[Full DLC (SOTA)] Epoch 25/26 | loss_total=1.7605 recon=0.0099 hsic=0.0198 pred=0.3283
[Full DLC (SOTA)] Restored best checkpoint at epoch 10 (score=1003.2421, thr=0.32)
[w/o HGNN] Epoch 5/18 | loss_total=1.6072 recon=0.2304 hsic=0.0162 pred=0.3422
[w/o HGNN] Val@Ep10 | score=1003.1645 AUC=0.7959 Acc=0.8374 F1=0.5922 PEHE=0.0393 dCATE=0.1708 Sens=0.0267 thr=0.21 feasible=1
[w/o HGNN] Epoch 10/18 | loss_total=1.3832 recon=0.0672 hsic=0.0183 pred=0.3278
[w/o HGNN] Val@Ep15 | score=1003.1598 AUC=0.7836 Acc=0.8653 F1=0.5926 PEHE=0.0692 dCATE=0.1928 Sens=0.0534 thr=0.39 feasible=1
[w/o HGNN] Epoch 15/18 | loss_total=1.2943 recon=0.0421 hsic=0.0204 pred=0.3110
[w/o HGNN] Restored best checkpoint at epoch 10 (score=1003.1645, thr=0.21)
[w/o VAE] Epoch 5/18 | loss_total=1.4711 recon=0.0448 hsic=0.0233 pred=0.3490
[w/o VAE] Val@Ep10 | score=1003.2115 AUC=0.8153 Acc=0.8541 F1=0.6018 PEHE=0.0732 dCATE=0.1792 Sens=0.0148 thr=0.28 feasible=1
[w/o VAE] Epoch 10/18 | loss_total=1.4159 recon=0.0134 hsic=0.0218 pred=0.3470
[w/o VAE] Val@Ep15 | score=1003.1832 AUC=0.8162 Acc=0.8474 F1=0.5982 PEHE=0.0445 dCATE=0.1397 Sens=0.0209 thr=0.20 feasible=1
[w/o VAE] Epoch 15/18 | loss_total=1.3975 recon=0.0103 hsic=0.0211 pred=0.3448
[w/o VAE] Restored best checkpoint at epoch 10 (score=1003.2115, thr=0.28)
[w/o HSIC] Epoch 5/18 | loss_total=1.4663 recon=0.0466 hsic=0.0210 pred=0.3488
[w/o HSIC] Val@Ep10 | score=1003.2064 AUC=0.8147 Acc=0.8552 F1=0.5988 PEHE=0.0720 dCATE=0.1747 Sens=0.0125 thr=0.29 feasible=1
[w/o HSIC] Epoch 10/18 | loss_total=1.4172 recon=0.0171 hsic=0.0205 pred=0.3463
[w/o HSIC] Val@Ep15 | score=1003.1706 AUC=0.8137 Acc=0.8497 F1=0.5946 PEHE=0.0516 dCATE=0.1335 Sens=0.0151 thr=0.22 feasible=1
[w/o HSIC] Epoch 15/18 | loss_total=1.4041 recon=0.0122 hsic=0.0200 pred=0.3456
[w/o HSIC] Restored best checkpoint at epoch 10 (score=1003.2064, thr=0.29)

[Done] Raw metrics: /home/UserData/ljx/Project_1/results/ablation_metrics_rigorous.json
[Done] Report: /home/UserData/ljx/Project_1/reports/task19.5_ablation_study_rigorous.md
