Script started...

[Seed 42] Loading data...
Training Full DLC (SOTA) from scratch (Seed 42)
[Full DLC (SOTA)] Epoch 5/30 | loss_total=1.5744 recon=0.0561 hsic=0.0207 pred=0.3479
[Full DLC (SOTA)] Val@Ep10 | score=1002.5222 AUC=0.7972 Acc=0.8396 F1=0.5862 PEHE=0.0729 dCATE=0.1328 Sens=0.0080 thr=0.28 feasible=1
[Full DLC (SOTA)] Epoch 10/30 | loss_total=1.5177 recon=0.0169 hsic=0.0203 pred=0.3449
[Full DLC (SOTA)] Val@Ep15 | score=1002.5305 AUC=0.7971 Acc=0.8419 F1=0.5848 PEHE=0.0678 dCATE=0.1367 Sens=0.0101 thr=0.25 feasible=1
[Full DLC (SOTA)] Epoch 15/30 | loss_total=1.5010 recon=0.0122 hsic=0.0196 pred=0.3435
[Full DLC (SOTA)] Val@Ep20 | score=1002.5363 AUC=0.7956 Acc=0.8274 F1=0.5845 PEHE=0.0510 dCATE=0.1457 Sens=0.0154 thr=0.23 feasible=1
[Full DLC (SOTA)] Epoch 20/30 | loss_total=1.4632 recon=0.0114 hsic=0.0196 pred=0.3349
[Full DLC (SOTA)] Val@Ep25 | score=1002.5309 AUC=0.7952 Acc=0.8296 F1=0.5738 PEHE=0.0492 dCATE=0.1540 Sens=0.0188 thr=0.22 feasible=1
[Full DLC (SOTA)] Epoch 25/30 | loss_total=1.7544 recon=0.0098 hsic=0.0197 pred=0.3297
[Full DLC (SOTA)] Val@Ep30 | score=1002.5372 AUC=0.7957 Acc=0.8174 F1=0.5684 PEHE=0.0587 dCATE=0.2019 Sens=0.0283 thr=0.19 feasible=1
[Full DLC (SOTA)] Epoch 30/30 | loss_total=2.0320 recon=0.0103 hsic=0.0201 pred=0.3233
[Full DLC (SOTA)] Restored best checkpoint at epoch 30 (score=1002.5372, thr=0.19)
[w/o HGNN] Epoch 5/20 | loss_total=1.5824 recon=0.2293 hsic=0.0162 pred=0.3371
[w/o HGNN] Val@Ep10 | score=1002.5109 AUC=0.7889 Acc=0.8452 F1=0.5697 PEHE=0.0504 dCATE=0.1550 Sens=0.0355 thr=0.33 feasible=1
[w/o HGNN] Epoch 10/20 | loss_total=1.3757 recon=0.0670 hsic=0.0188 pred=0.3250
[w/o HGNN] Val@Ep15 | score=1002.4143 AUC=0.7744 Acc=0.8441 F1=0.5484 PEHE=0.0822 dCATE=0.1623 Sens=0.0487 thr=0.38 feasible=1
[w/o HGNN] Epoch 15/20 | loss_total=1.2870 recon=0.0399 hsic=0.0213 pred=0.3094
[w/o HGNN] Val@Ep20 | score=-0.5128 AUC=0.7603 Acc=0.8140 F1=0.5322 PEHE=0.0939 dCATE=0.1717 Sens=0.0755 thr=0.25 feasible=0
[w/o HGNN] Epoch 20/20 | loss_total=1.2172 recon=0.0316 hsic=0.0221 pred=0.2913
[w/o HGNN] Restored best checkpoint at epoch 10 (score=1002.5109, thr=0.33)
[w/o VAE] Epoch 5/20 | loss_total=1.4619 recon=0.0433 hsic=0.0239 pred=0.3481
[w/o VAE] Val@Ep10 | score=1002.5307 AUC=0.7977 Acc=0.8463 F1=0.5818 PEHE=0.0705 dCATE=0.1370 Sens=0.0089 thr=0.33 feasible=1
[w/o VAE] Epoch 10/20 | loss_total=1.4098 recon=0.0159 hsic=0.0231 pred=0.3450
[w/o VAE] Val@Ep15 | score=1.7237 AUC=0.7994 Acc=0.8341 F1=0.5755 PEHE=0.0517 dCATE=0.1273 Sens=0.0093 thr=0.24 feasible=0
[w/o VAE] Epoch 15/20 | loss_total=1.3934 recon=0.0119 hsic=0.0221 pred=0.3432
[w/o VAE] Val@Ep20 | score=1002.5463 AUC=0.7955 Acc=0.8385 F1=0.5748 PEHE=0.0455 dCATE=0.1508 Sens=0.0170 thr=0.32 feasible=1
[w/o VAE] Epoch 20/20 | loss_total=1.3561 recon=0.0105 hsic=0.0220 pred=0.3341
[w/o VAE] Restored best checkpoint at epoch 20 (score=1002.5463, thr=0.32)
[w/o HSIC] Epoch 5/20 | loss_total=1.4734 recon=0.0573 hsic=0.0208 pred=0.3479
[w/o HSIC] Val@Ep10 | score=1002.5171 AUC=0.7974 Acc=0.8408 F1=0.5782 PEHE=0.0685 dCATE=0.1355 Sens=0.0111 thr=0.32 feasible=1
[w/o HSIC] Epoch 10/20 | loss_total=1.4100 recon=0.0173 hsic=0.0205 pred=0.3447
[w/o HSIC] Val@Ep15 | score=1002.5168 AUC=0.7961 Acc=0.8396 F1=0.5789 PEHE=0.0640 dCATE=0.1401 Sens=0.0176 thr=0.25 feasible=1
[w/o HSIC] Epoch 15/20 | loss_total=1.3940 recon=0.0115 hsic=0.0197 pred=0.3434
[w/o HSIC] Val@Ep20 | score=1002.5223 AUC=0.7958 Acc=0.8352 F1=0.5747 PEHE=0.0446 dCATE=0.1372 Sens=0.0215 thr=0.26 feasible=1
[w/o HSIC] Epoch 20/20 | loss_total=1.3665 recon=0.0102 hsic=0.0193 pred=0.3365
[w/o HSIC] Restored best checkpoint at epoch 20 (score=1002.5223, thr=0.26)

[Seed 43] Loading data...
Training Full DLC (SOTA) from scratch (Seed 43)
[Full DLC (SOTA)] Epoch 5/30 | loss_total=1.5622 recon=0.0403 hsic=0.0204 pred=0.3485
[Full DLC (SOTA)] Val@Ep10 | score=1002.6217 AUC=0.8146 Acc=0.8497 F1=0.6018 PEHE=0.0681 dCATE=0.1768 Sens=0.0106 thr=0.27 feasible=1
[Full DLC (SOTA)] Epoch 10/30 | loss_total=1.5196 recon=0.0174 hsic=0.0201 pred=0.3454
[Full DLC (SOTA)] Val@Ep15 | score=1002.6068 AUC=0.8145 Acc=0.8508 F1=0.6059 PEHE=0.0573 dCATE=0.1448 Sens=0.0107 thr=0.20 feasible=1
[Full DLC (SOTA)] Epoch 15/30 | loss_total=1.5014 recon=0.0118 hsic=0.0197 pred=0.3438
[Full DLC (SOTA)] Val@Ep20 | score=1002.6006 AUC=0.8083 Acc=0.8497 F1=0.5970 PEHE=0.0889 dCATE=0.2031 Sens=0.0174 thr=0.28 feasible=1
[Full DLC (SOTA)] Epoch 20/30 | loss_total=1.4697 recon=0.0117 hsic=0.0196 pred=0.3361
[Full DLC (SOTA)] Val@Ep25 | score=1002.6088 AUC=0.8113 Acc=0.8441 F1=0.5954 PEHE=0.0547 dCATE=0.1814 Sens=0.0223 thr=0.25 feasible=1
[Full DLC (SOTA)] Epoch 25/30 | loss_total=1.7482 recon=0.0097 hsic=0.0197 pred=0.3287
[Full DLC (SOTA)] Val@Ep30 | score=1002.5635 AUC=0.8087 Acc=0.8163 F1=0.5802 PEHE=0.0351 dCATE=0.1733 Sens=0.0281 thr=0.17 feasible=1
[Full DLC (SOTA)] Epoch 30/30 | loss_total=2.0259 recon=0.0099 hsic=0.0198 pred=0.3232
[Full DLC (SOTA)] Restored best checkpoint at epoch 10 (score=1002.6217, thr=0.27)
[w/o HGNN] Epoch 5/20 | loss_total=1.6072 recon=0.2304 hsic=0.0162 pred=0.3422
[w/o HGNN] Val@Ep10 | score=1002.5836 AUC=0.7959 Acc=0.8374 F1=0.5922 PEHE=0.0393 dCATE=0.1708 Sens=0.0267 thr=0.21 feasible=1
[w/o HGNN] Epoch 10/20 | loss_total=1.3832 recon=0.0672 hsic=0.0183 pred=0.3278
[w/o HGNN] Val@Ep15 | score=1002.5479 AUC=0.7836 Acc=0.8653 F1=0.5926 PEHE=0.0692 dCATE=0.1928 Sens=0.0534 thr=0.39 feasible=1
[w/o HGNN] Epoch 15/20 | loss_total=1.2943 recon=0.0421 hsic=0.0204 pred=0.3110
[w/o HGNN] Val@Ep20 | score=-0.4413 AUC=0.7864 Acc=0.8563 F1=0.5505 PEHE=0.0797 dCATE=0.1706 Sens=0.0795 thr=0.45 feasible=0
[w/o HGNN] Epoch 20/20 | loss_total=1.2171 recon=0.0314 hsic=0.0216 pred=0.2927
[w/o HGNN] Restored best checkpoint at epoch 10 (score=1002.5836, thr=0.21)
[w/o VAE] Epoch 5/20 | loss_total=1.4711 recon=0.0448 hsic=0.0233 pred=0.3490
[w/o VAE] Val@Ep10 | score=1002.6169 AUC=0.8153 Acc=0.8541 F1=0.6018 PEHE=0.0732 dCATE=0.1792 Sens=0.0148 thr=0.28 feasible=1
[w/o VAE] Epoch 10/20 | loss_total=1.4159 recon=0.0134 hsic=0.0218 pred=0.3470
[w/o VAE] Val@Ep15 | score=1002.5906 AUC=0.8162 Acc=0.8474 F1=0.5982 PEHE=0.0445 dCATE=0.1397 Sens=0.0209 thr=0.20 feasible=1
[w/o VAE] Epoch 15/20 | loss_total=1.3975 recon=0.0103 hsic=0.0211 pred=0.3448
[w/o VAE] Val@Ep20 | score=1002.5787 AUC=0.8085 Acc=0.8519 F1=0.5933 PEHE=0.0778 dCATE=0.1858 Sens=0.0276 thr=0.29 feasible=1
[w/o VAE] Epoch 20/20 | loss_total=1.3687 recon=0.0107 hsic=0.0209 pred=0.3372
[w/o VAE] Restored best checkpoint at epoch 10 (score=1002.6169, thr=0.28)
[w/o HSIC] Epoch 5/20 | loss_total=1.4663 recon=0.0466 hsic=0.0210 pred=0.3488
[w/o HSIC] Val@Ep10 | score=1002.6136 AUC=0.8147 Acc=0.8552 F1=0.5988 PEHE=0.0720 dCATE=0.1747 Sens=0.0125 thr=0.29 feasible=1
[w/o HSIC] Epoch 10/20 | loss_total=1.4172 recon=0.0171 hsic=0.0205 pred=0.3463
[w/o HSIC] Val@Ep15 | score=1002.5785 AUC=0.8137 Acc=0.8497 F1=0.5946 PEHE=0.0516 dCATE=0.1335 Sens=0.0151 thr=0.22 feasible=1
[w/o HSIC] Epoch 15/20 | loss_total=1.4041 recon=0.0122 hsic=0.0200 pred=0.3456
[w/o HSIC] Val@Ep20 | score=-0.2974 AUC=0.8078 Acc=0.8452 F1=0.5924 PEHE=0.0996 dCATE=0.2061 Sens=0.0229 thr=0.24 feasible=0
[w/o HSIC] Epoch 20/20 | loss_total=1.3773 recon=0.0113 hsic=0.0195 pred=0.3390
[w/o HSIC] Restored best checkpoint at epoch 10 (score=1002.6136, thr=0.29)

[Done] Raw metrics: /home/UserData/ljx/Project_1/results/ablation_metrics_rigorous.json
[Done] Report: /home/UserData/ljx/Project_1/reports/task19.5_ablation_study_rigorous.md
