Script started...

[Seed 42] Loading data...
Training Full DLC (SOTA) from scratch (Seed 42)
[Full DLC (SOTA)] Epoch 5/26 | loss_total=1.9581 recon=0.0556 hsic=0.0212 pred=0.3451
[Full DLC (SOTA)] Val@Ep10 | score=1003.1203 AUC=0.7968 Acc=0.8474 F1=0.5785 PEHE=0.0435 dCATE=0.1251 Sens=0.0089 thr=0.34 feasible=1
[Full DLC (SOTA)] Epoch 10/26 | loss_total=1.8775 recon=0.0187 hsic=0.0213 pred=0.3436
[Full DLC (SOTA)] Val@Ep15 | score=1003.1145 AUC=0.8001 Acc=0.8307 F1=0.5754 PEHE=0.0303 dCATE=0.1354 Sens=0.0102 thr=0.24 feasible=1
[Full DLC (SOTA)] Epoch 15/26 | loss_total=1.8512 recon=0.0129 hsic=0.0210 pred=0.3428
[Full DLC (SOTA)] Val@Ep20 | score=1003.1260 AUC=0.7961 Acc=0.8252 F1=0.5768 PEHE=0.0252 dCATE=0.1561 Sens=0.0118 thr=0.22 feasible=1
[Full DLC (SOTA)] Epoch 20/26 | loss_total=1.8048 recon=0.0115 hsic=0.0209 pred=0.3358
[Full DLC (SOTA)] Val@Ep25 | score=1003.1116 AUC=0.7936 Acc=0.8274 F1=0.5706 PEHE=0.0255 dCATE=0.1551 Sens=0.0145 thr=0.24 feasible=1
[Full DLC (SOTA)] Epoch 25/26 | loss_total=1.7708 recon=0.0097 hsic=0.0206 pred=0.3304
[Full DLC (SOTA)] Restored best checkpoint at epoch 20 (score=1003.1260, thr=0.22)
[w/o HGNN] Epoch 5/18 | loss_total=1.5824 recon=0.2293 hsic=0.0162 pred=0.3371
[w/o HGNN] Val@Ep10 | score=1003.0839 AUC=0.7889 Acc=0.8452 F1=0.5697 PEHE=0.0504 dCATE=0.1550 Sens=0.0355 thr=0.33 feasible=1
[w/o HGNN] Epoch 10/18 | loss_total=1.3757 recon=0.0670 hsic=0.0188 pred=0.3250
[w/o HGNN] Val@Ep15 | score=1002.9899 AUC=0.7744 Acc=0.8441 F1=0.5484 PEHE=0.0822 dCATE=0.1623 Sens=0.0487 thr=0.38 feasible=1
[w/o HGNN] Epoch 15/18 | loss_total=1.2870 recon=0.0399 hsic=0.0213 pred=0.3094
[w/o HGNN] Restored best checkpoint at epoch 10 (score=1003.0839, thr=0.33)
[w/o VAE] Epoch 5/18 | loss_total=1.4619 recon=0.0433 hsic=0.0239 pred=0.3481
[w/o VAE] Val@Ep10 | score=1003.1087 AUC=0.7977 Acc=0.8463 F1=0.5818 PEHE=0.0705 dCATE=0.1370 Sens=0.0089 thr=0.33 feasible=1
[w/o VAE] Epoch 10/18 | loss_total=1.4098 recon=0.0159 hsic=0.0231 pred=0.3450
[w/o VAE] Val@Ep15 | score=1003.0915 AUC=0.7994 Acc=0.8341 F1=0.5755 PEHE=0.0517 dCATE=0.1273 Sens=0.0093 thr=0.24 feasible=1
[w/o VAE] Epoch 15/18 | loss_total=1.3934 recon=0.0119 hsic=0.0221 pred=0.3432
[w/o VAE] Restored best checkpoint at epoch 10 (score=1003.1087, thr=0.33)
[w/o HSIC] Epoch 5/18 | loss_total=1.4734 recon=0.0573 hsic=0.0208 pred=0.3479
[w/o HSIC] Val@Ep10 | score=1003.0922 AUC=0.7974 Acc=0.8408 F1=0.5782 PEHE=0.0685 dCATE=0.1355 Sens=0.0111 thr=0.32 feasible=1
[w/o HSIC] Epoch 10/18 | loss_total=1.4100 recon=0.0173 hsic=0.0205 pred=0.3447
[w/o HSIC] Val@Ep15 | score=1003.0923 AUC=0.7961 Acc=0.8396 F1=0.5789 PEHE=0.0640 dCATE=0.1401 Sens=0.0176 thr=0.25 feasible=1
[w/o HSIC] Epoch 15/18 | loss_total=1.3940 recon=0.0115 hsic=0.0197 pred=0.3434
[w/o HSIC] Restored best checkpoint at epoch 15 (score=1003.0923, thr=0.25)

[Seed 43] Loading data...
Training Full DLC (SOTA) from scratch (Seed 43)
[Full DLC (SOTA)] Epoch 5/26 | loss_total=1.9492 recon=0.0405 hsic=0.0206 pred=0.3456
[Full DLC (SOTA)] Val@Ep10 | score=1003.2257 AUC=0.8131 Acc=0.8541 F1=0.6018 PEHE=0.0393 dCATE=0.1714 Sens=0.0148 thr=0.30 feasible=1
[Full DLC (SOTA)] Epoch 10/26 | loss_total=1.8728 recon=0.0188 hsic=0.0204 pred=0.3442
[Full DLC (SOTA)] Val@Ep15 | score=1003.1764 AUC=0.8137 Acc=0.8408 F1=0.5926 PEHE=0.0281 dCATE=0.1384 Sens=0.0121 thr=0.19 feasible=1
[Full DLC (SOTA)] Epoch 15/26 | loss_total=1.8449 recon=0.0126 hsic=0.0204 pred=0.3433
[Full DLC (SOTA)] Val@Ep20 | score=1003.1896 AUC=0.8091 Acc=0.8363 F1=0.5928 PEHE=0.0384 dCATE=0.1821 Sens=0.0149 thr=0.23 feasible=1
[Full DLC (SOTA)] Epoch 20/26 | loss_total=1.8055 recon=0.0122 hsic=0.0201 pred=0.3353
[Full DLC (SOTA)] Val@Ep25 | score=1003.1678 AUC=0.8101 Acc=0.8285 F1=0.5838 PEHE=0.0246 dCATE=0.1770 Sens=0.0192 thr=0.21 feasible=1
[Full DLC (SOTA)] Epoch 25/26 | loss_total=1.7635 recon=0.0101 hsic=0.0199 pred=0.3288
[Full DLC (SOTA)] Restored best checkpoint at epoch 10 (score=1003.2257, thr=0.30)
[w/o HGNN] Epoch 5/18 | loss_total=1.6072 recon=0.2304 hsic=0.0162 pred=0.3422
[w/o HGNN] Val@Ep10 | score=1003.1539 AUC=0.7959 Acc=0.8374 F1=0.5922 PEHE=0.0393 dCATE=0.1708 Sens=0.0267 thr=0.21 feasible=1
[w/o HGNN] Epoch 10/18 | loss_total=1.3832 recon=0.0672 hsic=0.0183 pred=0.3278
[w/o HGNN] Val@Ep15 | score=1003.1436 AUC=0.7836 Acc=0.8653 F1=0.5926 PEHE=0.0692 dCATE=0.1928 Sens=0.0534 thr=0.39 feasible=1
[w/o HGNN] Epoch 15/18 | loss_total=1.2943 recon=0.0421 hsic=0.0204 pred=0.3110
[w/o HGNN] Restored best checkpoint at epoch 10 (score=1003.1539, thr=0.21)
[w/o VAE] Epoch 5/18 | loss_total=1.4711 recon=0.0448 hsic=0.0233 pred=0.3490
[w/o VAE] Val@Ep10 | score=1003.2006 AUC=0.8153 Acc=0.8541 F1=0.6018 PEHE=0.0732 dCATE=0.1792 Sens=0.0148 thr=0.28 feasible=1
[w/o VAE] Epoch 10/18 | loss_total=1.4159 recon=0.0134 hsic=0.0218 pred=0.3470
[w/o VAE] Val@Ep15 | score=1003.1741 AUC=0.8162 Acc=0.8474 F1=0.5982 PEHE=0.0445 dCATE=0.1397 Sens=0.0209 thr=0.20 feasible=1
[w/o VAE] Epoch 15/18 | loss_total=1.3975 recon=0.0103 hsic=0.0211 pred=0.3448
[w/o VAE] Restored best checkpoint at epoch 10 (score=1003.2006, thr=0.28)
[w/o HSIC] Epoch 5/18 | loss_total=1.4663 recon=0.0466 hsic=0.0210 pred=0.3488
[w/o HSIC] Val@Ep10 | score=1003.1959 AUC=0.8147 Acc=0.8552 F1=0.5988 PEHE=0.0720 dCATE=0.1747 Sens=0.0125 thr=0.29 feasible=1
[w/o HSIC] Epoch 10/18 | loss_total=1.4172 recon=0.0171 hsic=0.0205 pred=0.3463
[w/o HSIC] Val@Ep15 | score=1003.1620 AUC=0.8137 Acc=0.8497 F1=0.5946 PEHE=0.0516 dCATE=0.1335 Sens=0.0151 thr=0.22 feasible=1
[w/o HSIC] Epoch 15/18 | loss_total=1.4041 recon=0.0122 hsic=0.0200 pred=0.3456
[w/o HSIC] Restored best checkpoint at epoch 10 (score=1003.1959, thr=0.29)

[Done] Raw metrics: /home/UserData/ljx/Project_1/results/ablation_metrics_rigorous.json
[Done] Report: /home/UserData/ljx/Project_1/reports/task19.5_ablation_study_rigorous.md
