=== DLC Final SOTA Runs (Phase 3) ===
[Config] tag=n_seed_42 d_hidden=128 num_layers=3 lambda_hsic=0.05 lambda_pred=4.0 lambda_ite=1.0 lambda_cate=0.5 lambda_prob=1.2 lambda_adv=0.5 lambda_sens=0.1 sens_eps_scale=0.1
[Seed] 42
Loading data...
Applying blacklist from data/PANCAN/pancan_leakage_blacklist.csv...
Filtered 513 leaked samples. Current: 8567
Aligning PANCAN features to LUAD feature space...
PANCAN aligned shape: (8567, 25)
PANCAN: (8567, 23), LUAD: (513, 23)
Scaler vars: min=0.030960266788788313, max=214.61184717252607

[Phase 1] Pre-training on PANCAN (100 epochs)...
  Ep 1: Loss 3.7510
  Ep 2: Loss 2.8205
  Ep 3: Loss 2.7140
  Ep 4: Loss 2.6326
  Ep 5: Loss 2.5405
  Ep 6: Loss 2.4595
  Ep 7: Loss 2.3903
  Ep 8: Loss 2.3299
  Ep 9: Loss 2.2336
  Ep 10: Loss 2.1812
  Ep 11: Loss 2.1681
  Ep 12: Loss 2.1436
  Ep 13: Loss 2.1144
  Ep 14: Loss 2.0831
  Ep 15: Loss 2.0690
  Ep 16: Loss 2.0619
  Ep 17: Loss 2.0462
  Ep 18: Loss 2.0216
  Ep 19: Loss 2.0048
  Ep 20: Loss 1.9994
  Ep 21: Loss 1.9929
  Ep 22: Loss 1.9813
  Ep 23: Loss 1.9693
  Ep 24: Loss 1.9667
  Ep 25: Loss 1.9629
  Ep 26: Loss 1.9661
  Ep 27: Loss 1.9533
  Ep 28: Loss 1.9547
  Ep 29: Loss 1.9571
  Ep 30: Loss 1.9524
  Ep 31: Loss 1.9465
  Ep 32: Loss 1.9473
  Ep 33: Loss 1.9525
  Ep 34: Loss 1.9468
  Ep 35: Loss 1.9439
  Ep 36: Loss 1.9380
  Ep 37: Loss 1.9423
  Ep 38: Loss 1.9344
  Ep 39: Loss 1.9379
  Ep 40: Loss 1.9409
  Ep 41: Loss 1.9423
  Ep 42: Loss 1.9401
  Ep 43: Loss 1.9401
  Ep 44: Loss 1.9390
  Ep 45: Loss 1.9367
  Ep 46: Loss 1.9380
  Ep 47: Loss 1.9345
  Ep 48: Loss 1.9364
  Ep 49: Loss 1.9332
  Ep 50: Loss 1.9398
  Ep 51: Loss 1.9309
  Ep 52: Loss 1.9321
  Ep 53: Loss 1.9348
  Ep 54: Loss 1.9340
  Ep 55: Loss 1.9330
  Ep 56: Loss 1.9339
  Ep 57: Loss 1.9261
  Ep 58: Loss 1.9317
  Ep 59: Loss 1.9313
  Ep 60: Loss 1.9296
  Ep 61: Loss 1.9288
  Ep 62: Loss 1.9261
  Ep 63: Loss 1.9249
  Ep 64: Loss 1.9237
  Ep 65: Loss 1.9272
  Ep 66: Loss 1.9244
  Ep 67: Loss 1.9295
  Ep 68: Loss 1.9212
  Ep 69: Loss 1.9228
  Ep 70: Loss 1.9223
  Ep 71: Loss 1.9241
  Ep 72: Loss 1.9270
  Ep 73: Loss 1.9273
  Ep 74: Loss 1.9279
  Ep 75: Loss 1.9184
  Ep 76: Loss 1.9257
  Ep 77: Loss 1.9188
  Ep 78: Loss 1.9168
  Ep 79: Loss 1.9173
  Ep 80: Loss 1.9239
  Ep 81: Loss 1.9183
  Ep 82: Loss 1.9204
  Ep 83: Loss 1.9159
  Ep 84: Loss 1.9212
  Ep 85: Loss 1.9170
  Ep 86: Loss 1.9146
  Ep 87: Loss 1.9156
  Ep 88: Loss 1.9141
  Ep 89: Loss 1.9169
  Ep 90: Loss 1.9148
  Ep 91: Loss 1.9144
  Ep 92: Loss 1.9132
  Ep 93: Loss 1.9130
  Ep 94: Loss 1.9108
  Ep 95: Loss 1.9114
  Ep 96: Loss 1.9107
  Ep 97: Loss 1.9116
  Ep 98: Loss 1.9070
  Ep 99: Loss 1.9062
  Ep 100: Loss 1.9092

[Phase 2] Fine-tuning on LUAD (50 epochs)...
  Ep 1: Loss 2.4441 | AUC 0.8738 | CATE 0.0210 | PEHE 0.0726 | Sens 0.0008
  Ep 2: Loss 2.4077 | AUC 0.8753 | CATE 0.0156 | PEHE 0.0725 | Sens 0.0008
  Ep 3: Loss 2.3721 | AUC 0.8741 | CATE 0.0144 | PEHE 0.0716 | Sens 0.0008
  Ep 4: Loss 2.3801 | AUC 0.8696 | CATE 0.0159 | PEHE 0.0724 | Sens 0.0008
  Ep 5: Loss 2.3850 | AUC 0.8669 | CATE 0.0141 | PEHE 0.0750 | Sens 0.0008
  Ep 6: Loss 2.3646 | AUC 0.8677 | CATE 0.0110 | PEHE 0.0772 | Sens 0.0008
  Ep 7: Loss 2.3497 | AUC 0.8658 | CATE 0.0129 | PEHE 0.0793 | Sens 0.0008
  Ep 8: Loss 2.3462 | AUC 0.8638 | CATE 0.0115 | PEHE 0.0818 | Sens 0.0008
  Ep 9: Loss 2.3621 | AUC 0.8635 | CATE 0.0108 | PEHE 0.0828 | Sens 0.0008
  Ep 10: Loss 2.3296 | AUC 0.8627 | CATE 0.0094 | PEHE 0.0826 | Sens 0.0007
  Ep 11: Loss 2.3589 | AUC 0.8627 | CATE 0.0099 | PEHE 0.0839 | Sens 0.0008
  Ep 12: Loss 2.3358 | AUC 0.8619 | CATE 0.0090 | PEHE 0.0840 | Sens 0.0007
  Ep 13: Loss 2.3288 | AUC 0.8616 | CATE 0.0092 | PEHE 0.0845 | Sens 0.0007
  Ep 14: Loss 2.3102 | AUC 0.8619 | CATE 0.0101 | PEHE 0.0858 | Sens 0.0008
  Ep 15: Loss 2.3142 | AUC 0.8616 | CATE 0.0095 | PEHE 0.0867 | Sens 0.0008
  Ep 16: Loss 2.3102 | AUC 0.8616 | CATE 0.0098 | PEHE 0.0874 | Sens 0.0008
  Ep 17: Loss 2.3185 | AUC 0.8616 | CATE 0.0092 | PEHE 0.0860 | Sens 0.0008
  Ep 18: Loss 2.3353 | AUC 0.8616 | CATE 0.0099 | PEHE 0.0851 | Sens 0.0008
  Ep 19: Loss 2.3219 | AUC 0.8616 | CATE 0.0105 | PEHE 0.0855 | Sens 0.0008
  Ep 20: Loss 2.3077 | AUC 0.8604 | CATE 0.0100 | PEHE 0.0844 | Sens 0.0008
  Ep 21: Loss 2.3046 | AUC 0.8612 | CATE 0.0108 | PEHE 0.0836 | Sens 0.0008
  Ep 22: Loss 2.2767 | AUC 0.8589 | CATE 0.0101 | PEHE 0.0830 | Sens 0.0008
  Ep 23: Loss 2.3152 | AUC 0.8604 | CATE 0.0108 | PEHE 0.0831 | Sens 0.0008
  Ep 24: Loss 2.2982 | AUC 0.8596 | CATE 0.0108 | PEHE 0.0837 | Sens 0.0008
  Ep 25: Loss 2.2914 | AUC 0.8589 | CATE 0.0107 | PEHE 0.0835 | Sens 0.0008
  Ep 26: Loss 2.2999 | AUC 0.8581 | CATE 0.0103 | PEHE 0.0841 | Sens 0.0008
  Ep 27: Loss 2.2742 | AUC 0.8570 | CATE 0.0106 | PEHE 0.0831 | Sens 0.0008
  Ep 28: Loss 2.2970 | AUC 0.8581 | CATE 0.0108 | PEHE 0.0833 | Sens 0.0008
  Ep 29: Loss 2.2809 | AUC 0.8574 | CATE 0.0111 | PEHE 0.0822 | Sens 0.0008
  Ep 30: Loss 2.2795 | AUC 0.8577 | CATE 0.0097 | PEHE 0.0822 | Sens 0.0008
  Ep 31: Loss 2.2793 | AUC 0.8570 | CATE 0.0102 | PEHE 0.0844 | Sens 0.0008
  Ep 32: Loss 2.2695 | AUC 0.8574 | CATE 0.0102 | PEHE 0.0849 | Sens 0.0008
  Ep 33: Loss 2.2643 | AUC 0.8574 | CATE 0.0108 | PEHE 0.0838 | Sens 0.0008
  Ep 34: Loss 2.2903 | AUC 0.8574 | CATE 0.0112 | PEHE 0.0831 | Sens 0.0008
  Ep 35: Loss 2.2857 | AUC 0.8574 | CATE 0.0106 | PEHE 0.0845 | Sens 0.0008
  Ep 36: Loss 2.2741 | AUC 0.8555 | CATE 0.0100 | PEHE 0.0869 | Sens 0.0008
  Ep 37: Loss 2.2707 | AUC 0.8558 | CATE 0.0096 | PEHE 0.0875 | Sens 0.0008
  Ep 38: Loss 2.2858 | AUC 0.8555 | CATE 0.0101 | PEHE 0.0878 | Sens 0.0008
  Ep 39: Loss 2.2546 | AUC 0.8555 | CATE 0.0105 | PEHE 0.0884 | Sens 0.0008
  Ep 40: Loss 2.2770 | AUC 0.8558 | CATE 0.0108 | PEHE 0.0886 | Sens 0.0008
  Ep 41: Loss 2.2789 | AUC 0.8558 | CATE 0.0107 | PEHE 0.0870 | Sens 0.0008
  Ep 42: Loss 2.2748 | AUC 0.8551 | CATE 0.0107 | PEHE 0.0870 | Sens 0.0008
  Ep 43: Loss 2.2649 | AUC 0.8570 | CATE 0.0104 | PEHE 0.0864 | Sens 0.0008
  Ep 44: Loss 2.2575 | AUC 0.8566 | CATE 0.0101 | PEHE 0.0866 | Sens 0.0008
  Ep 45: Loss 2.2813 | AUC 0.8566 | CATE 0.0099 | PEHE 0.0840 | Sens 0.0009
  Ep 46: Loss 2.2551 | AUC 0.8566 | CATE 0.0100 | PEHE 0.0859 | Sens 0.0009
  Ep 47: Loss 2.2673 | AUC 0.8562 | CATE 0.0100 | PEHE 0.0868 | Sens 0.0009
  Ep 48: Loss 2.2652 | AUC 0.8562 | CATE 0.0099 | PEHE 0.0870 | Sens 0.0009
  Ep 49: Loss 2.2595 | AUC 0.8543 | CATE 0.0091 | PEHE 0.0877 | Sens 0.0009
  Ep 50: Loss 2.2527 | AUC 0.8543 | CATE 0.0098 | PEHE 0.0879 | Sens 0.0009

=== Final SOTA Results ===
{
    "AUC": 0.8737604881769642,
    "ACC": 0.8446601941747572,
    "F1": 0.8222222222222222,
    "PEHE": 0.07260847908905324,
    "Delta_CATE": 0.0209946446120739,
    "Sens_Age": 0.000835444254335016
}
Report saved to results/final_sota_report_n_seed_42.md

