=== DLC Final SOTA Runs (Phase 3) ===
[Config] tag=m_seed_45 d_hidden=256 num_layers=4 lambda_hsic=0.0 lambda_pred=1.0 lambda_ite=0.0 lambda_cate=0.0 lambda_prob=1.0 lambda_adv=0.0 lambda_sens=0.0 sens_eps_scale=0.0
[Seed] 45
Loading data...
Applying blacklist from data/PANCAN/pancan_leakage_blacklist.csv...
Filtered 513 leaked samples. Current: 8567
Aligning PANCAN features to LUAD feature space...
PANCAN aligned shape: (8567, 25)
PANCAN: (8567, 23), LUAD: (513, 23)
Scaler vars: min=0.030960266788788313, max=214.61184717252607

[Phase 1] Pre-training on PANCAN (50 epochs)...
  Ep 1: Loss 1.4042
  Ep 2: Loss 1.0598
  Ep 3: Loss 0.7701
  Ep 4: Loss 0.5551
  Ep 5: Loss 0.4507
  Ep 6: Loss 0.4014
  Ep 7: Loss 0.3746
  Ep 8: Loss 0.3656
  Ep 9: Loss 0.3585
  Ep 10: Loss 0.3552
  Ep 11: Loss 0.3537
  Ep 12: Loss 0.3520
  Ep 13: Loss 0.3500
  Ep 14: Loss 0.3502
  Ep 15: Loss 0.3495
  Ep 16: Loss 0.3479
  Ep 17: Loss 0.3482
  Ep 18: Loss 0.3476
  Ep 19: Loss 0.3476
  Ep 20: Loss 0.3466
  Ep 21: Loss 0.3467
  Ep 22: Loss 0.3457
  Ep 23: Loss 0.3454
  Ep 24: Loss 0.3460
  Ep 25: Loss 0.3455
  Ep 26: Loss 0.3456
  Ep 27: Loss 0.3458
  Ep 28: Loss 0.3441
  Ep 29: Loss 0.3458
  Ep 30: Loss 0.3448
  Ep 31: Loss 0.3445
  Ep 32: Loss 0.3431
  Ep 33: Loss 0.3442
  Ep 34: Loss 0.3429
  Ep 35: Loss 0.3435
  Ep 36: Loss 0.3420
  Ep 37: Loss 0.3445
  Ep 38: Loss 0.3424
  Ep 39: Loss 0.3440
  Ep 40: Loss 0.3426
  Ep 41: Loss 0.3426
  Ep 42: Loss 0.3412
  Ep 43: Loss 0.3416
  Ep 44: Loss 0.3431
  Ep 45: Loss 0.3422
  Ep 46: Loss 0.3420
  Ep 47: Loss 0.3418
  Ep 48: Loss 0.3407
  Ep 49: Loss 0.3413
  Ep 50: Loss 0.3403

[Phase 2] Fine-tuning on LUAD (50 epochs)...
  Ep 1: Loss 0.4789 | AUC 0.8680 | CATE -0.0135 | PEHE 0.0756 | Sens 0.0002
  Ep 2: Loss 0.4693 | AUC 0.8692 | CATE -0.0147 | PEHE 0.0767 | Sens 0.0002
  Ep 3: Loss 0.4692 | AUC 0.8680 | CATE -0.0146 | PEHE 0.0770 | Sens 0.0002
  Ep 4: Loss 0.4646 | AUC 0.8715 | CATE -0.0147 | PEHE 0.0787 | Sens 0.0002
  Ep 5: Loss 0.4664 | AUC 0.8719 | CATE -0.0152 | PEHE 0.0798 | Sens 0.0002
  Ep 6: Loss 0.4634 | AUC 0.8719 | CATE -0.0150 | PEHE 0.0810 | Sens 0.0002
  Ep 7: Loss 0.4619 | AUC 0.8715 | CATE -0.0145 | PEHE 0.0809 | Sens 0.0002
  Ep 8: Loss 0.4644 | AUC 0.8707 | CATE -0.0159 | PEHE 0.0815 | Sens 0.0002
  Ep 9: Loss 0.4579 | AUC 0.8707 | CATE -0.0162 | PEHE 0.0810 | Sens 0.0002
  Ep 10: Loss 0.4611 | AUC 0.8711 | CATE -0.0162 | PEHE 0.0829 | Sens 0.0002
  Ep 11: Loss 0.4600 | AUC 0.8707 | CATE -0.0178 | PEHE 0.0844 | Sens 0.0002
  Ep 12: Loss 0.4549 | AUC 0.8719 | CATE -0.0179 | PEHE 0.0855 | Sens 0.0002
  Ep 13: Loss 0.4577 | AUC 0.8715 | CATE -0.0173 | PEHE 0.0849 | Sens 0.0002
  Ep 14: Loss 0.4582 | AUC 0.8711 | CATE -0.0173 | PEHE 0.0842 | Sens 0.0002
  Ep 15: Loss 0.4573 | AUC 0.8711 | CATE -0.0173 | PEHE 0.0832 | Sens 0.0002
  Ep 16: Loss 0.4573 | AUC 0.8707 | CATE -0.0170 | PEHE 0.0837 | Sens 0.0002
  Ep 17: Loss 0.4565 | AUC 0.8711 | CATE -0.0195 | PEHE 0.0861 | Sens 0.0002
  Ep 18: Loss 0.4558 | AUC 0.8703 | CATE -0.0185 | PEHE 0.0837 | Sens 0.0002
  Ep 19: Loss 0.4580 | AUC 0.8703 | CATE -0.0183 | PEHE 0.0852 | Sens 0.0002
  Ep 20: Loss 0.4520 | AUC 0.8703 | CATE -0.0198 | PEHE 0.0859 | Sens 0.0002
  Ep 21: Loss 0.4526 | AUC 0.8696 | CATE -0.0189 | PEHE 0.0855 | Sens 0.0002
  Ep 22: Loss 0.4536 | AUC 0.8696 | CATE -0.0193 | PEHE 0.0867 | Sens 0.0002
  Ep 23: Loss 0.4522 | AUC 0.8711 | CATE -0.0178 | PEHE 0.0849 | Sens 0.0002
  Ep 24: Loss 0.4499 | AUC 0.8692 | CATE -0.0190 | PEHE 0.0867 | Sens 0.0002
  Ep 25: Loss 0.4492 | AUC 0.8692 | CATE -0.0203 | PEHE 0.0868 | Sens 0.0002
  Ep 26: Loss 0.4528 | AUC 0.8699 | CATE -0.0192 | PEHE 0.0850 | Sens 0.0002
  Ep 27: Loss 0.4512 | AUC 0.8696 | CATE -0.0189 | PEHE 0.0849 | Sens 0.0002
  Ep 28: Loss 0.4478 | AUC 0.8703 | CATE -0.0173 | PEHE 0.0839 | Sens 0.0002
  Ep 29: Loss 0.4526 | AUC 0.8703 | CATE -0.0183 | PEHE 0.0837 | Sens 0.0003
  Ep 30: Loss 0.4516 | AUC 0.8707 | CATE -0.0180 | PEHE 0.0835 | Sens 0.0003
  Ep 31: Loss 0.4477 | AUC 0.8699 | CATE -0.0193 | PEHE 0.0853 | Sens 0.0003
  Ep 32: Loss 0.4485 | AUC 0.8688 | CATE -0.0208 | PEHE 0.0870 | Sens 0.0003
  Ep 33: Loss 0.4495 | AUC 0.8696 | CATE -0.0186 | PEHE 0.0856 | Sens 0.0003
  Ep 34: Loss 0.4496 | AUC 0.8688 | CATE -0.0199 | PEHE 0.0857 | Sens 0.0003
  Ep 35: Loss 0.4513 | AUC 0.8688 | CATE -0.0187 | PEHE 0.0864 | Sens 0.0003
  Ep 36: Loss 0.4489 | AUC 0.8684 | CATE -0.0207 | PEHE 0.0895 | Sens 0.0003
  Ep 37: Loss 0.4416 | AUC 0.8696 | CATE -0.0190 | PEHE 0.0861 | Sens 0.0003
  Ep 38: Loss 0.4469 | AUC 0.8692 | CATE -0.0191 | PEHE 0.0845 | Sens 0.0003
  Ep 39: Loss 0.4399 | AUC 0.8688 | CATE -0.0188 | PEHE 0.0849 | Sens 0.0003
  Ep 40: Loss 0.4418 | AUC 0.8692 | CATE -0.0180 | PEHE 0.0840 | Sens 0.0003
  Ep 41: Loss 0.4444 | AUC 0.8692 | CATE -0.0203 | PEHE 0.0860 | Sens 0.0003
  Ep 42: Loss 0.4436 | AUC 0.8684 | CATE -0.0199 | PEHE 0.0867 | Sens 0.0003
  Ep 43: Loss 0.4403 | AUC 0.8696 | CATE -0.0196 | PEHE 0.0866 | Sens 0.0003
  Ep 44: Loss 0.4389 | AUC 0.8707 | CATE -0.0183 | PEHE 0.0862 | Sens 0.0003
  Ep 45: Loss 0.4410 | AUC 0.8688 | CATE -0.0209 | PEHE 0.0891 | Sens 0.0003
  Ep 46: Loss 0.4378 | AUC 0.8680 | CATE -0.0216 | PEHE 0.0888 | Sens 0.0003
  Ep 47: Loss 0.4391 | AUC 0.8688 | CATE -0.0202 | PEHE 0.0883 | Sens 0.0003
  Ep 48: Loss 0.4407 | AUC 0.8688 | CATE -0.0196 | PEHE 0.0855 | Sens 0.0003
  Ep 49: Loss 0.4386 | AUC 0.8696 | CATE -0.0212 | PEHE 0.0874 | Sens 0.0003
  Ep 50: Loss 0.4358 | AUC 0.8692 | CATE -0.0211 | PEHE 0.0886 | Sens 0.0003

=== Final SOTA Results ===
{
    "AUC": 0.8680396643783371,
    "ACC": 0.8155339805825242,
    "F1": 0.7865168539325843,
    "PEHE": 0.0755593928254859,
    "Delta_CATE": -0.013529963791370392,
    "Sens_Age": 0.00021941898739896715
}
Report saved to results/final_sota_report_m_seed_45.md

