=== DLC Final SOTA Runs (Phase 3) ===
[Config] tag=n_seed_44 d_hidden=128 num_layers=3 lambda_hsic=0.05 lambda_pred=4.0 lambda_ite=1.0 lambda_cate=0.5 lambda_prob=1.2 lambda_adv=0.5 lambda_sens=0.1 sens_eps_scale=0.1
[Seed] 44
Loading data...
Applying blacklist from data/PANCAN/pancan_leakage_blacklist.csv...
Filtered 513 leaked samples. Current: 8567
Aligning PANCAN features to LUAD feature space...
PANCAN aligned shape: (8567, 25)
PANCAN: (8567, 23), LUAD: (513, 23)
Scaler vars: min=0.030960266788788313, max=214.61184717252607

[Phase 1] Pre-training on PANCAN (100 epochs)...
  Ep 1: Loss 3.7510
  Ep 2: Loss 2.8205
  Ep 3: Loss 2.7140
  Ep 4: Loss 2.6326
  Ep 5: Loss 2.5405
  Ep 6: Loss 2.4595
  Ep 7: Loss 2.3903
  Ep 8: Loss 2.3299
  Ep 9: Loss 2.2336
  Ep 10: Loss 2.1812
  Ep 11: Loss 2.1681
  Ep 12: Loss 2.1436
  Ep 13: Loss 2.1144
  Ep 14: Loss 2.0831
  Ep 15: Loss 2.0690
  Ep 16: Loss 2.0619
  Ep 17: Loss 2.0462
  Ep 18: Loss 2.0216
  Ep 19: Loss 2.0048
  Ep 20: Loss 1.9994
  Ep 21: Loss 1.9929
  Ep 22: Loss 1.9813
  Ep 23: Loss 1.9693
  Ep 24: Loss 1.9667
  Ep 25: Loss 1.9629
  Ep 26: Loss 1.9661
  Ep 27: Loss 1.9533
  Ep 28: Loss 1.9547
  Ep 29: Loss 1.9571
  Ep 30: Loss 1.9524
  Ep 31: Loss 1.9465
  Ep 32: Loss 1.9473
  Ep 33: Loss 1.9525
  Ep 34: Loss 1.9468
  Ep 35: Loss 1.9439
  Ep 36: Loss 1.9380
  Ep 37: Loss 1.9423
  Ep 38: Loss 1.9344
  Ep 39: Loss 1.9379
  Ep 40: Loss 1.9409
  Ep 41: Loss 1.9423
  Ep 42: Loss 1.9401
  Ep 43: Loss 1.9401
  Ep 44: Loss 1.9390
  Ep 45: Loss 1.9367
  Ep 46: Loss 1.9380
  Ep 47: Loss 1.9345
  Ep 48: Loss 1.9364
  Ep 49: Loss 1.9332
  Ep 50: Loss 1.9398
  Ep 51: Loss 1.9309
  Ep 52: Loss 1.9321
  Ep 53: Loss 1.9348
  Ep 54: Loss 1.9340
  Ep 55: Loss 1.9330
  Ep 56: Loss 1.9339
  Ep 57: Loss 1.9261
  Ep 58: Loss 1.9317
  Ep 59: Loss 1.9313
  Ep 60: Loss 1.9296
  Ep 61: Loss 1.9288
  Ep 62: Loss 1.9261
  Ep 63: Loss 1.9249
  Ep 64: Loss 1.9237
  Ep 65: Loss 1.9272
  Ep 66: Loss 1.9244
  Ep 67: Loss 1.9295
  Ep 68: Loss 1.9212
  Ep 69: Loss 1.9228
  Ep 70: Loss 1.9223
  Ep 71: Loss 1.9241
  Ep 72: Loss 1.9270
  Ep 73: Loss 1.9273
  Ep 74: Loss 1.9279
  Ep 75: Loss 1.9184
  Ep 76: Loss 1.9257
  Ep 77: Loss 1.9188
  Ep 78: Loss 1.9168
  Ep 79: Loss 1.9173
  Ep 80: Loss 1.9239
  Ep 81: Loss 1.9183
  Ep 82: Loss 1.9204
  Ep 83: Loss 1.9159
  Ep 84: Loss 1.9212
  Ep 85: Loss 1.9170
  Ep 86: Loss 1.9146
  Ep 87: Loss 1.9156
  Ep 88: Loss 1.9141
  Ep 89: Loss 1.9169
  Ep 90: Loss 1.9148
  Ep 91: Loss 1.9144
  Ep 92: Loss 1.9132
  Ep 93: Loss 1.9130
  Ep 94: Loss 1.9108
  Ep 95: Loss 1.9114
  Ep 96: Loss 1.9107
  Ep 97: Loss 1.9116
  Ep 98: Loss 1.9070
  Ep 99: Loss 1.9062
  Ep 100: Loss 1.9092

[Phase 2] Fine-tuning on LUAD (50 epochs)...
  Ep 1: Loss 2.3495 | AUC 0.8074 | CATE 0.0002 | PEHE 0.0721 | Sens 0.0008
  Ep 2: Loss 2.3403 | AUC 0.8055 | CATE -0.0048 | PEHE 0.0730 | Sens 0.0007
  Ep 3: Loss 2.2986 | AUC 0.8070 | CATE -0.0022 | PEHE 0.0704 | Sens 0.0007
  Ep 4: Loss 2.2898 | AUC 0.8074 | CATE -0.0022 | PEHE 0.0708 | Sens 0.0008
  Ep 5: Loss 2.2725 | AUC 0.8070 | CATE -0.0043 | PEHE 0.0715 | Sens 0.0007
  Ep 6: Loss 2.2774 | AUC 0.8070 | CATE -0.0053 | PEHE 0.0721 | Sens 0.0007
  Ep 7: Loss 2.2547 | AUC 0.8070 | CATE -0.0043 | PEHE 0.0722 | Sens 0.0007
  Ep 8: Loss 2.2606 | AUC 0.8063 | CATE -0.0067 | PEHE 0.0739 | Sens 0.0007
  Ep 9: Loss 2.2777 | AUC 0.8059 | CATE -0.0062 | PEHE 0.0737 | Sens 0.0007
  Ep 10: Loss 2.2779 | AUC 0.8055 | CATE -0.0060 | PEHE 0.0740 | Sens 0.0007
  Ep 11: Loss 2.2555 | AUC 0.8063 | CATE -0.0061 | PEHE 0.0744 | Sens 0.0007
  Ep 12: Loss 2.2739 | AUC 0.8063 | CATE -0.0063 | PEHE 0.0744 | Sens 0.0007
  Ep 13: Loss 2.2628 | AUC 0.8055 | CATE -0.0065 | PEHE 0.0745 | Sens 0.0007
  Ep 14: Loss 2.2655 | AUC 0.8055 | CATE -0.0065 | PEHE 0.0748 | Sens 0.0007
  Ep 15: Loss 2.2368 | AUC 0.8055 | CATE -0.0063 | PEHE 0.0747 | Sens 0.0007
  Ep 16: Loss 2.2443 | AUC 0.8059 | CATE -0.0064 | PEHE 0.0747 | Sens 0.0007
  Ep 17: Loss 2.2433 | AUC 0.8063 | CATE -0.0066 | PEHE 0.0747 | Sens 0.0007
  Ep 18: Loss 2.2537 | AUC 0.8051 | CATE -0.0052 | PEHE 0.0750 | Sens 0.0007
  Ep 19: Loss 2.2526 | AUC 0.8059 | CATE -0.0059 | PEHE 0.0746 | Sens 0.0007
  Ep 20: Loss 2.2449 | AUC 0.8055 | CATE -0.0040 | PEHE 0.0735 | Sens 0.0007
  Ep 21: Loss 2.2323 | AUC 0.8047 | CATE -0.0027 | PEHE 0.0731 | Sens 0.0007
  Ep 22: Loss 2.2354 | AUC 0.8047 | CATE -0.0029 | PEHE 0.0730 | Sens 0.0007
  Ep 23: Loss 2.2444 | AUC 0.8043 | CATE -0.0033 | PEHE 0.0739 | Sens 0.0007
  Ep 24: Loss 2.2270 | AUC 0.8047 | CATE -0.0039 | PEHE 0.0742 | Sens 0.0007
  Ep 25: Loss 2.2352 | AUC 0.8047 | CATE -0.0042 | PEHE 0.0741 | Sens 0.0007
  Ep 26: Loss 2.2291 | AUC 0.8047 | CATE -0.0042 | PEHE 0.0737 | Sens 0.0007
  Ep 27: Loss 2.2197 | AUC 0.8043 | CATE -0.0061 | PEHE 0.0739 | Sens 0.0007
  Ep 28: Loss 2.2308 | AUC 0.8051 | CATE -0.0042 | PEHE 0.0730 | Sens 0.0007
  Ep 29: Loss 2.2337 | AUC 0.8043 | CATE -0.0035 | PEHE 0.0733 | Sens 0.0007
  Ep 30: Loss 2.2267 | AUC 0.8043 | CATE -0.0038 | PEHE 0.0729 | Sens 0.0007
  Ep 31: Loss 2.2175 | AUC 0.8043 | CATE -0.0042 | PEHE 0.0737 | Sens 0.0007
  Ep 32: Loss 2.2314 | AUC 0.8040 | CATE -0.0061 | PEHE 0.0747 | Sens 0.0007
  Ep 33: Loss 2.2071 | AUC 0.8043 | CATE -0.0034 | PEHE 0.0742 | Sens 0.0007
  Ep 34: Loss 2.2001 | AUC 0.8047 | CATE -0.0022 | PEHE 0.0740 | Sens 0.0007
  Ep 35: Loss 2.2289 | AUC 0.8040 | CATE -0.0035 | PEHE 0.0742 | Sens 0.0007
  Ep 36: Loss 2.2231 | AUC 0.8036 | CATE -0.0034 | PEHE 0.0746 | Sens 0.0007
  Ep 37: Loss 2.1923 | AUC 0.8024 | CATE -0.0052 | PEHE 0.0750 | Sens 0.0007
  Ep 38: Loss 2.2104 | AUC 0.8032 | CATE -0.0038 | PEHE 0.0747 | Sens 0.0007
  Ep 39: Loss 2.1892 | AUC 0.8024 | CATE -0.0056 | PEHE 0.0750 | Sens 0.0007
  Ep 40: Loss 2.2116 | AUC 0.8024 | CATE -0.0055 | PEHE 0.0748 | Sens 0.0007
  Ep 41: Loss 2.2072 | AUC 0.8024 | CATE -0.0074 | PEHE 0.0754 | Sens 0.0007
  Ep 42: Loss 2.2195 | AUC 0.8040 | CATE -0.0051 | PEHE 0.0749 | Sens 0.0007
  Ep 43: Loss 2.2093 | AUC 0.8032 | CATE -0.0048 | PEHE 0.0751 | Sens 0.0007
  Ep 44: Loss 2.1844 | AUC 0.8028 | CATE -0.0063 | PEHE 0.0756 | Sens 0.0007
  Ep 45: Loss 2.2003 | AUC 0.8036 | CATE -0.0058 | PEHE 0.0757 | Sens 0.0007
  Ep 46: Loss 2.1968 | AUC 0.8032 | CATE -0.0058 | PEHE 0.0750 | Sens 0.0007
  Ep 47: Loss 2.1838 | AUC 0.8040 | CATE -0.0040 | PEHE 0.0744 | Sens 0.0007
  Ep 48: Loss 2.1875 | AUC 0.8032 | CATE -0.0039 | PEHE 0.0743 | Sens 0.0007
  Ep 49: Loss 2.1955 | AUC 0.8040 | CATE -0.0037 | PEHE 0.0745 | Sens 0.0007
  Ep 50: Loss 2.1656 | AUC 0.8028 | CATE -0.0045 | PEHE 0.0746 | Sens 0.0007

=== Final SOTA Results ===
{
    "AUC": 0.8073989321128909,
    "ACC": 0.7475728155339806,
    "F1": 0.6976744186046512,
    "PEHE": 0.07210544113942409,
    "Delta_CATE": 0.0002489350736141205,
    "Sens_Age": 0.0007585368002764881
}
Report saved to results/final_sota_report_n_seed_44.md

