🚀 Taking off: Baseline Ultimate Re-test...
[Config] seeds=[42, 43, 44, 45, 46] dlc_weights=/home/UserData/ljx/Project_1/results/dlc_final_sota_tuned_sota_auc_push_20260204g.pth d_hidden=192 num_layers=4 only_dlc=True dlc_strict=True
[Data] Loading PANCAN data...
[Data] Blacklist applied: 9080 -> 8567
[Data] Loading LUAD data...
[Data] LUAD Loaded. Shape: (513, 23)

[Seed 42] Preparing data...
[Dataset] Pooled Train: (8977, 23), Test: (103, 23)

👑 Loading DLC SOTA Results...
[DLC] Loading weights from /home/UserData/ljx/Project_1/results/dlc_final_sota_tuned_sota_auc_push_20260204g.pth
[DLC] Warning: No scaler in checkpoint. Fitting scaler on provided training data...
  -> AUC: 0.8722, PEHE: 0.0651

[Seed 43] Preparing data...
[Dataset] Pooled Train: (8977, 23), Test: (103, 23)

👑 Loading DLC SOTA Results...
[DLC] Loading weights from /home/UserData/ljx/Project_1/results/dlc_final_sota_tuned_sota_auc_push_20260204g.pth
[DLC] Warning: No scaler in checkpoint. Fitting scaler on provided training data...
  -> AUC: 0.8127, PEHE: 0.0692

[Seed 44] Preparing data...
[Dataset] Pooled Train: (8977, 23), Test: (103, 23)

👑 Loading DLC SOTA Results...
[DLC] Loading weights from /home/UserData/ljx/Project_1/results/dlc_final_sota_tuned_sota_auc_push_20260204g.pth
[DLC] Warning: No scaler in checkpoint. Fitting scaler on provided training data...
  -> AUC: 0.8135, PEHE: 0.0610

[Seed 45] Preparing data...
[Dataset] Pooled Train: (8977, 23), Test: (103, 23)

👑 Loading DLC SOTA Results...
[DLC] Loading weights from /home/UserData/ljx/Project_1/results/dlc_final_sota_tuned_sota_auc_push_20260204g.pth
[DLC] Warning: No scaler in checkpoint. Fitting scaler on provided training data...
  -> AUC: 0.8432, PEHE: 0.0636

[Seed 46] Preparing data...
[Dataset] Pooled Train: (8977, 23), Test: (103, 23)

👑 Loading DLC SOTA Results...
[DLC] Loading weights from /home/UserData/ljx/Project_1/results/dlc_final_sota_tuned_sota_auc_push_20260204g.pth
[DLC] Warning: No scaler in checkpoint. Fitting scaler on provided training data...
  -> AUC: 0.8658, PEHE: 0.0748

Table generated at: /home/UserData/ljx/Project_1/results/final_comparison_matrix_dlc_sweep_auc_push_20260204g.md
Per-seed metrics saved to: /home/UserData/ljx/Project_1/results/baseline_metrics_dlc_sweep_auc_push_20260204g.json

