=== DLC Final SOTA Runs (Phase 3) ===
[Config] tag=v21_auc_push d_hidden=192 num_layers=4 lambda_hsic=0.01 lambda_pred=7.0 lambda_ite=0.3 lambda_cate=0.5 lambda_prob=2.0 lambda_adv=0.3 lambda_sens=0.05 sens_eps_scale=0.2
[Seed] 123
Loading data...
Applying blacklist from data/PANCAN/pancan_leakage_blacklist.csv...
Filtered 513 leaked samples. Current: 8567
Aligning PANCAN features to LUAD feature space...
PANCAN aligned shape: (8567, 25)
PANCAN: (8567, 23), LUAD: (513, 23)
Scaler vars: min=0.030960266788788313, max=214.61184717252607

[Phase 1] Pre-training on PANCAN (100 epochs)...
  Ep 1: Loss 4.7320
  Ep 2: Loss 3.5614
  Ep 3: Loss 3.4585
  Ep 4: Loss 3.3058
  Ep 5: Loss 3.1509
  Ep 6: Loss 3.0461
  Ep 7: Loss 2.9683
  Ep 8: Loss 2.9110
  Ep 9: Loss 2.8430
  Ep 10: Loss 2.7999
  Ep 11: Loss 2.7949
  Ep 12: Loss 2.7883
  Ep 13: Loss 2.7635
  Ep 14: Loss 2.7528
  Ep 15: Loss 2.7424
  Ep 16: Loss 2.7443
  Ep 17: Loss 2.7442
  Ep 18: Loss 2.7277
  Ep 19: Loss 2.7169
  Ep 20: Loss 2.7231
  Ep 21: Loss 2.7323
  Ep 22: Loss 2.7126
  Ep 23: Loss 2.7180
  Ep 24: Loss 2.7171
  Ep 25: Loss 2.7207
  Ep 26: Loss 2.7129
  Ep 27: Loss 2.7071
  Ep 28: Loss 2.7109
  Ep 29: Loss 2.7105
  Ep 30: Loss 2.7056
  Ep 31: Loss 2.7033
  Ep 32: Loss 2.7062
  Ep 33: Loss 2.6928
  Ep 34: Loss 2.6956
  Ep 35: Loss 2.6968
  Ep 36: Loss 2.6963
  Ep 37: Loss 2.6989
  Ep 38: Loss 2.6920
  Ep 39: Loss 2.6891
  Ep 40: Loss 2.6881
  Ep 41: Loss 2.6967
  Ep 42: Loss 2.6800
  Ep 43: Loss 2.6826
  Ep 44: Loss 2.6773
  Ep 45: Loss 2.6775
  Ep 46: Loss 2.6763
  Ep 47: Loss 2.6757
  Ep 48: Loss 2.6785
  Ep 49: Loss 2.6735
  Ep 50: Loss 2.6624
  Ep 51: Loss 2.6693
  Ep 52: Loss 2.6646
  Ep 53: Loss 2.6493
  Ep 54: Loss 2.6499
  Ep 55: Loss 2.6517
  Ep 56: Loss 2.6444
  Ep 57: Loss 2.6409
  Ep 58: Loss 2.6321
  Ep 59: Loss 2.6262
  Ep 60: Loss 2.6310
  Ep 61: Loss 2.6278
  Ep 62: Loss 2.6142
  Ep 63: Loss 2.6133
  Ep 64: Loss 2.6119
  Ep 65: Loss 2.6163
  Ep 66: Loss 2.6052
  Ep 67: Loss 2.6012
  Ep 68: Loss 2.5944
  Ep 69: Loss 2.5938
  Ep 70: Loss 2.5822
  Ep 71: Loss 2.5767
  Ep 72: Loss 2.5713
  Ep 73: Loss 2.5696
  Ep 74: Loss 2.5695
  Ep 75: Loss 2.5654
  Ep 76: Loss 2.5562
  Ep 77: Loss 2.5481
  Ep 78: Loss 2.5430
  Ep 79: Loss 2.5394
  Ep 80: Loss 2.5487
  Ep 81: Loss 2.5319
  Ep 82: Loss 2.5321
  Ep 83: Loss 2.5215
  Ep 84: Loss 2.5197
  Ep 85: Loss 2.5116
  Ep 86: Loss 2.5184
  Ep 87: Loss 2.5153
  Ep 88: Loss 2.5107
  Ep 89: Loss 2.5098
  Ep 90: Loss 2.4850
  Ep 91: Loss 2.5023
  Ep 92: Loss 2.4810
  Ep 93: Loss 2.4803
  Ep 94: Loss 2.4929
  Ep 95: Loss 2.4678
  Ep 96: Loss 2.4717
  Ep 97: Loss 2.4664
  Ep 98: Loss 2.4567
  Ep 99: Loss 2.4579
  Ep 100: Loss 2.4459

[Phase 2] Fine-tuning on LUAD (50 epochs)...
  Ep 1: Loss 4.8552 | AUC 0.8494 | CATE 0.1071 | PEHE 0.0701 | Sens 0.0049
  Ep 2: Loss 4.3181 | AUC 0.8478 | CATE 0.0701 | PEHE 0.0725 | Sens 0.0046
  Ep 3: Loss 4.0350 | AUC 0.8539 | CATE 0.0668 | PEHE 0.0771 | Sens 0.0043
  Ep 4: Loss 3.9033 | AUC 0.8524 | CATE 0.0577 | PEHE 0.0878 | Sens 0.0045
  Ep 5: Loss 3.7870 | AUC 0.8444 | CATE 0.0510 | PEHE 0.0992 | Sens 0.0041
  Ep 6: Loss 3.7225 | AUC 0.8448 | CATE 0.0498 | PEHE 0.1008 | Sens 0.0042
  Ep 7: Loss 3.6460 | AUC 0.8394 | CATE 0.0520 | PEHE 0.0967 | Sens 0.0034
  Ep 8: Loss 3.6821 | AUC 0.8383 | CATE 0.0524 | PEHE 0.1008 | Sens 0.0033
  Ep 9: Loss 3.6233 | AUC 0.8371 | CATE 0.0507 | PEHE 0.1009 | Sens 0.0034
  Ep 10: Loss 3.5668 | AUC 0.8410 | CATE 0.0524 | PEHE 0.0976 | Sens 0.0032
  Ep 11: Loss 3.5123 | AUC 0.8413 | CATE 0.0536 | PEHE 0.0983 | Sens 0.0034
  Ep 12: Loss 3.5710 | AUC 0.8398 | CATE 0.0522 | PEHE 0.0985 | Sens 0.0034
  Ep 13: Loss 3.4928 | AUC 0.8417 | CATE 0.0539 | PEHE 0.0978 | Sens 0.0037
  Ep 14: Loss 3.4498 | AUC 0.8402 | CATE 0.0536 | PEHE 0.0962 | Sens 0.0033
  Ep 15: Loss 3.5005 | AUC 0.8402 | CATE 0.0536 | PEHE 0.0947 | Sens 0.0033
  Ep 16: Loss 3.4218 | AUC 0.8406 | CATE 0.0525 | PEHE 0.0991 | Sens 0.0032
  Ep 17: Loss 3.4113 | AUC 0.8394 | CATE 0.0518 | PEHE 0.0980 | Sens 0.0035
  Ep 18: Loss 3.3920 | AUC 0.8387 | CATE 0.0538 | PEHE 0.0976 | Sens 0.0032
  Ep 19: Loss 3.3792 | AUC 0.8379 | CATE 0.0525 | PEHE 0.0950 | Sens 0.0037
  Ep 20: Loss 3.3501 | AUC 0.8375 | CATE 0.0557 | PEHE 0.0952 | Sens 0.0033
  Ep 21: Loss 3.3650 | AUC 0.8371 | CATE 0.0526 | PEHE 0.1006 | Sens 0.0038
  Ep 22: Loss 3.3162 | AUC 0.8379 | CATE 0.0531 | PEHE 0.0966 | Sens 0.0038
  Ep 23: Loss 3.3203 | AUC 0.8345 | CATE 0.0569 | PEHE 0.0938 | Sens 0.0035
  Ep 24: Loss 3.2555 | AUC 0.8364 | CATE 0.0547 | PEHE 0.0928 | Sens 0.0039
  Ep 25: Loss 3.2467 | AUC 0.8356 | CATE 0.0529 | PEHE 0.0921 | Sens 0.0038
  Ep 26: Loss 3.2648 | AUC 0.8333 | CATE 0.0561 | PEHE 0.0943 | Sens 0.0037
  Ep 27: Loss 3.2324 | AUC 0.8337 | CATE 0.0539 | PEHE 0.0942 | Sens 0.0040
  Ep 28: Loss 3.2439 | AUC 0.8310 | CATE 0.0550 | PEHE 0.0964 | Sens 0.0037
  Ep 29: Loss 3.2201 | AUC 0.8341 | CATE 0.0529 | PEHE 0.0964 | Sens 0.0039
  Ep 30: Loss 3.2171 | AUC 0.8356 | CATE 0.0499 | PEHE 0.0957 | Sens 0.0039
  Ep 31: Loss 3.1989 | AUC 0.8314 | CATE 0.0528 | PEHE 0.0957 | Sens 0.0039
  Ep 32: Loss 3.1855 | AUC 0.8310 | CATE 0.0559 | PEHE 0.0914 | Sens 0.0038
  Ep 33: Loss 3.2023 | AUC 0.8322 | CATE 0.0545 | PEHE 0.0919 | Sens 0.0040
  Ep 34: Loss 3.1319 | AUC 0.8326 | CATE 0.0538 | PEHE 0.0894 | Sens 0.0042
  Ep 35: Loss 3.1439 | AUC 0.8318 | CATE 0.0538 | PEHE 0.0885 | Sens 0.0045
  Ep 36: Loss 3.1164 | AUC 0.8291 | CATE 0.0564 | PEHE 0.0897 | Sens 0.0043
  Ep 37: Loss 3.1747 | AUC 0.8288 | CATE 0.0562 | PEHE 0.0897 | Sens 0.0038
  Ep 38: Loss 3.0894 | AUC 0.8307 | CATE 0.0523 | PEHE 0.0864 | Sens 0.0043
  Ep 39: Loss 3.0908 | AUC 0.8280 | CATE 0.0550 | PEHE 0.0890 | Sens 0.0042
  Ep 40: Loss 3.0861 | AUC 0.8280 | CATE 0.0537 | PEHE 0.0896 | Sens 0.0046
  Ep 41: Loss 3.0734 | AUC 0.8303 | CATE 0.0528 | PEHE 0.0883 | Sens 0.0044
  Ep 42: Loss 3.0459 | AUC 0.8303 | CATE 0.0526 | PEHE 0.0864 | Sens 0.0044
  Ep 43: Loss 3.0434 | AUC 0.8280 | CATE 0.0532 | PEHE 0.0872 | Sens 0.0049
  Ep 44: Loss 3.0488 | AUC 0.8280 | CATE 0.0528 | PEHE 0.0865 | Sens 0.0049
  Ep 45: Loss 3.0036 | AUC 0.8288 | CATE 0.0541 | PEHE 0.0872 | Sens 0.0044
  Ep 46: Loss 2.9904 | AUC 0.8272 | CATE 0.0541 | PEHE 0.0877 | Sens 0.0046
  Ep 47: Loss 2.9991 | AUC 0.8272 | CATE 0.0543 | PEHE 0.0862 | Sens 0.0044
  Ep 48: Loss 2.9839 | AUC 0.8284 | CATE 0.0528 | PEHE 0.0848 | Sens 0.0049
  Ep 49: Loss 2.9398 | AUC 0.8276 | CATE 0.0553 | PEHE 0.0859 | Sens 0.0040
  Ep 50: Loss 2.9561 | AUC 0.8284 | CATE 0.0536 | PEHE 0.0815 | Sens 0.0046

=== Final SOTA Results ===
{
    "AUC": 0.8493516399694889,
    "ACC": 0.8058252427184466,
    "F1": 0.7872340425531915,
    "PEHE": 0.07010819391908751,
    "Delta_CATE": 0.1071106493473053,
    "Sens_Age": 0.004878283478319645
}
Report saved to results/final_sota_report_v21_auc_push.md

