=== DLC Final SOTA Runs (Phase 3) ===
[Config] tag=k_seed_42 d_hidden=192 num_layers=4 lambda_hsic=0.01 lambda_pred=7.0 lambda_ite=0.3 lambda_cate=0.5 lambda_prob=2.0 lambda_adv=0.3 lambda_sens=0.05 sens_eps_scale=0.2
[Seed] 42
Loading data...
Applying blacklist from data/PANCAN/pancan_leakage_blacklist.csv...
Filtered 513 leaked samples. Current: 8567
Aligning PANCAN features to LUAD feature space...
PANCAN aligned shape: (8567, 25)
PANCAN: (8567, 23), LUAD: (513, 23)
Scaler vars: min=0.030960266788788313, max=214.61184717252607

[Phase 1] Pre-training on PANCAN (100 epochs)...
  Ep 1: Loss 4.7320
  Ep 2: Loss 3.5614
  Ep 3: Loss 3.4585
  Ep 4: Loss 3.3058
  Ep 5: Loss 3.1509
  Ep 6: Loss 3.0461
  Ep 7: Loss 2.9683
  Ep 8: Loss 2.9110
  Ep 9: Loss 2.8430
  Ep 10: Loss 2.7999
  Ep 11: Loss 2.7949
  Ep 12: Loss 2.7883
  Ep 13: Loss 2.7635
  Ep 14: Loss 2.7528
  Ep 15: Loss 2.7424
  Ep 16: Loss 2.7443
  Ep 17: Loss 2.7442
  Ep 18: Loss 2.7277
  Ep 19: Loss 2.7169
  Ep 20: Loss 2.7231
  Ep 21: Loss 2.7323
  Ep 22: Loss 2.7126
  Ep 23: Loss 2.7180
  Ep 24: Loss 2.7171
  Ep 25: Loss 2.7207
  Ep 26: Loss 2.7129
  Ep 27: Loss 2.7071
  Ep 28: Loss 2.7109
  Ep 29: Loss 2.7105
  Ep 30: Loss 2.7056
  Ep 31: Loss 2.7033
  Ep 32: Loss 2.7062
  Ep 33: Loss 2.6928
  Ep 34: Loss 2.6956
  Ep 35: Loss 2.6968
  Ep 36: Loss 2.6963
  Ep 37: Loss 2.6989
  Ep 38: Loss 2.6920
  Ep 39: Loss 2.6891
  Ep 40: Loss 2.6881
  Ep 41: Loss 2.6967
  Ep 42: Loss 2.6800
  Ep 43: Loss 2.6826
  Ep 44: Loss 2.6773
  Ep 45: Loss 2.6775
  Ep 46: Loss 2.6763
  Ep 47: Loss 2.6757
  Ep 48: Loss 2.6785
  Ep 49: Loss 2.6735
  Ep 50: Loss 2.6624
  Ep 51: Loss 2.6693
  Ep 52: Loss 2.6646
  Ep 53: Loss 2.6493
  Ep 54: Loss 2.6499
  Ep 55: Loss 2.6517
  Ep 56: Loss 2.6444
  Ep 57: Loss 2.6409
  Ep 58: Loss 2.6321
  Ep 59: Loss 2.6262
  Ep 60: Loss 2.6310
  Ep 61: Loss 2.6278
  Ep 62: Loss 2.6142
  Ep 63: Loss 2.6133
  Ep 64: Loss 2.6119
  Ep 65: Loss 2.6163
  Ep 66: Loss 2.6052
  Ep 67: Loss 2.6012
  Ep 68: Loss 2.5944
  Ep 69: Loss 2.5938
  Ep 70: Loss 2.5822
  Ep 71: Loss 2.5767
  Ep 72: Loss 2.5713
  Ep 73: Loss 2.5696
  Ep 74: Loss 2.5695
  Ep 75: Loss 2.5654
  Ep 76: Loss 2.5562
  Ep 77: Loss 2.5481
  Ep 78: Loss 2.5430
  Ep 79: Loss 2.5394
  Ep 80: Loss 2.5487
  Ep 81: Loss 2.5319
  Ep 82: Loss 2.5321
  Ep 83: Loss 2.5215
  Ep 84: Loss 2.5197
  Ep 85: Loss 2.5116
  Ep 86: Loss 2.5184
  Ep 87: Loss 2.5153
  Ep 88: Loss 2.5107
  Ep 89: Loss 2.5098
  Ep 90: Loss 2.4850
  Ep 91: Loss 2.5023
  Ep 92: Loss 2.4810
  Ep 93: Loss 2.4803
  Ep 94: Loss 2.4929
  Ep 95: Loss 2.4678
  Ep 96: Loss 2.4717
  Ep 97: Loss 2.4664
  Ep 98: Loss 2.4567
  Ep 99: Loss 2.4579
  Ep 100: Loss 2.4459

[Phase 2] Fine-tuning on LUAD (50 epochs)...
  Ep 1: Loss 4.7973 | AUC 0.8719 | CATE 0.0006 | PEHE 0.1035 | Sens 0.0055
  Ep 2: Loss 4.2426 | AUC 0.8776 | CATE 0.0144 | PEHE 0.0906 | Sens 0.0054
  Ep 3: Loss 4.0463 | AUC 0.8749 | CATE 0.0235 | PEHE 0.0965 | Sens 0.0050
  Ep 4: Loss 3.8942 | AUC 0.8711 | CATE 0.0264 | PEHE 0.1020 | Sens 0.0055
  Ep 5: Loss 3.8064 | AUC 0.8688 | CATE 0.0333 | PEHE 0.1087 | Sens 0.0044
  Ep 6: Loss 3.6762 | AUC 0.8673 | CATE 0.0338 | PEHE 0.1131 | Sens 0.0043
  Ep 7: Loss 3.6606 | AUC 0.8658 | CATE 0.0346 | PEHE 0.1165 | Sens 0.0040
  Ep 8: Loss 3.6125 | AUC 0.8677 | CATE 0.0353 | PEHE 0.1160 | Sens 0.0037
  Ep 9: Loss 3.5895 | AUC 0.8703 | CATE 0.0342 | PEHE 0.1140 | Sens 0.0037
  Ep 10: Loss 3.5476 | AUC 0.8719 | CATE 0.0337 | PEHE 0.1158 | Sens 0.0037
  Ep 11: Loss 3.5014 | AUC 0.8669 | CATE 0.0331 | PEHE 0.1217 | Sens 0.0033
  Ep 12: Loss 3.5213 | AUC 0.8692 | CATE 0.0342 | PEHE 0.1187 | Sens 0.0037
  Ep 13: Loss 3.4528 | AUC 0.8661 | CATE 0.0315 | PEHE 0.1215 | Sens 0.0034
  Ep 14: Loss 3.4022 | AUC 0.8661 | CATE 0.0330 | PEHE 0.1178 | Sens 0.0037
  Ep 15: Loss 3.4307 | AUC 0.8707 | CATE 0.0326 | PEHE 0.1143 | Sens 0.0038
  Ep 16: Loss 3.4357 | AUC 0.8665 | CATE 0.0300 | PEHE 0.1128 | Sens 0.0037
  Ep 17: Loss 3.4003 | AUC 0.8677 | CATE 0.0282 | PEHE 0.1088 | Sens 0.0039
  Ep 18: Loss 3.3429 | AUC 0.8661 | CATE 0.0273 | PEHE 0.1095 | Sens 0.0037
  Ep 19: Loss 3.3696 | AUC 0.8696 | CATE 0.0265 | PEHE 0.1017 | Sens 0.0039
  Ep 20: Loss 3.3207 | AUC 0.8665 | CATE 0.0270 | PEHE 0.1048 | Sens 0.0038
  Ep 21: Loss 3.2753 | AUC 0.8661 | CATE 0.0258 | PEHE 0.1096 | Sens 0.0036
  Ep 22: Loss 3.2632 | AUC 0.8661 | CATE 0.0225 | PEHE 0.1063 | Sens 0.0038
  Ep 23: Loss 3.2976 | AUC 0.8665 | CATE 0.0213 | PEHE 0.1055 | Sens 0.0039
  Ep 24: Loss 3.2225 | AUC 0.8638 | CATE 0.0195 | PEHE 0.1091 | Sens 0.0038
  Ep 25: Loss 3.2388 | AUC 0.8638 | CATE 0.0214 | PEHE 0.1042 | Sens 0.0039
  Ep 26: Loss 3.2266 | AUC 0.8650 | CATE 0.0207 | PEHE 0.1040 | Sens 0.0040
  Ep 27: Loss 3.1961 | AUC 0.8612 | CATE 0.0184 | PEHE 0.1034 | Sens 0.0041
  Ep 28: Loss 3.1918 | AUC 0.8627 | CATE 0.0152 | PEHE 0.1054 | Sens 0.0043
  Ep 29: Loss 3.1781 | AUC 0.8608 | CATE 0.0140 | PEHE 0.1153 | Sens 0.0040
  Ep 30: Loss 3.1948 | AUC 0.8619 | CATE 0.0145 | PEHE 0.1077 | Sens 0.0041
  Ep 31: Loss 3.1351 | AUC 0.8574 | CATE 0.0139 | PEHE 0.1076 | Sens 0.0042
  Ep 32: Loss 3.1111 | AUC 0.8585 | CATE 0.0120 | PEHE 0.1079 | Sens 0.0043
  Ep 33: Loss 3.1081 | AUC 0.8604 | CATE 0.0108 | PEHE 0.1047 | Sens 0.0042
  Ep 34: Loss 3.0920 | AUC 0.8600 | CATE 0.0096 | PEHE 0.1034 | Sens 0.0043
  Ep 35: Loss 3.0502 | AUC 0.8604 | CATE 0.0095 | PEHE 0.1025 | Sens 0.0042
  Ep 36: Loss 3.0444 | AUC 0.8581 | CATE 0.0079 | PEHE 0.1038 | Sens 0.0043
  Ep 37: Loss 3.0460 | AUC 0.8593 | CATE 0.0059 | PEHE 0.1021 | Sens 0.0045
  Ep 38: Loss 3.0611 | AUC 0.8581 | CATE 0.0068 | PEHE 0.1013 | Sens 0.0045
  Ep 39: Loss 3.0269 | AUC 0.8581 | CATE 0.0057 | PEHE 0.1032 | Sens 0.0044
  Ep 40: Loss 3.0058 | AUC 0.8577 | CATE 0.0060 | PEHE 0.1057 | Sens 0.0044
  Ep 41: Loss 3.0092 | AUC 0.8574 | CATE 0.0058 | PEHE 0.1081 | Sens 0.0045
  Ep 42: Loss 2.9630 | AUC 0.8566 | CATE 0.0052 | PEHE 0.1066 | Sens 0.0049
  Ep 43: Loss 2.9627 | AUC 0.8543 | CATE 0.0011 | PEHE 0.1008 | Sens 0.0046
  Ep 44: Loss 2.9431 | AUC 0.8532 | CATE 0.0017 | PEHE 0.1065 | Sens 0.0047
  Ep 45: Loss 2.9100 | AUC 0.8532 | CATE 0.0024 | PEHE 0.1057 | Sens 0.0048
  Ep 46: Loss 2.9008 | AUC 0.8528 | CATE 0.0009 | PEHE 0.1065 | Sens 0.0050
  Ep 47: Loss 2.9172 | AUC 0.8516 | CATE 0.0021 | PEHE 0.1087 | Sens 0.0052
  Ep 48: Loss 2.9127 | AUC 0.8505 | CATE -0.0009 | PEHE 0.1066 | Sens 0.0053
  Ep 49: Loss 2.8663 | AUC 0.8486 | CATE -0.0013 | PEHE 0.1040 | Sens 0.0056
  Ep 50: Loss 2.8725 | AUC 0.8524 | CATE -0.0004 | PEHE 0.1058 | Sens 0.0054

=== Final SOTA Results ===
{
    "AUC": 0.8676582761250953,
    "ACC": 0.8058252427184466,
    "F1": 0.8,
    "PEHE": 0.11604953616230426,
    "Delta_CATE": 0.035316675901412964,
    "Sens_Age": 0.003694078652188182
}
Report saved to results/final_sota_report_k_seed_42.md

