🚀 Taking off: Baseline Ultimate Re-test...
[Config] seeds=[42, 43, 44, 45, 46] dlc_weights=/home/UserData/ljx/Project_1/results/dlc_final_sota_v20.pth d_hidden=192 num_layers=4 only_dlc=True dlc_strict=False
[Data] Loading PANCAN data...
[Data] Blacklist applied: 9080 -> 8567
[Data] Loading LUAD data...
[Data] LUAD Loaded. Shape: (513, 23)

[Seed 42] Preparing data...
[Dataset] Pooled Train: (8977, 23), Test: (103, 23)

👑 Loading DLC SOTA Results...
[DLC] Loading weights from /home/UserData/ljx/Project_1/results/dlc_final_sota_v20.pth
[DLC] Warning: No scaler in checkpoint. Fitting scaler on provided training data...
  -> AUC: 0.8596, PEHE: 0.0774

[Seed 43] Preparing data...
[Dataset] Pooled Train: (8977, 23), Test: (103, 23)

👑 Loading DLC SOTA Results...
[DLC] Loading weights from /home/UserData/ljx/Project_1/results/dlc_final_sota_v20.pth
[DLC] Warning: No scaler in checkpoint. Fitting scaler on provided training data...
  -> AUC: 0.8139, PEHE: 0.0684

[Seed 44] Preparing data...
[Dataset] Pooled Train: (8977, 23), Test: (103, 23)

👑 Loading DLC SOTA Results...
[DLC] Loading weights from /home/UserData/ljx/Project_1/results/dlc_final_sota_v20.pth
[DLC] Warning: No scaler in checkpoint. Fitting scaler on provided training data...
  -> AUC: 0.8093, PEHE: 0.0580

[Seed 45] Preparing data...
[Dataset] Pooled Train: (8977, 23), Test: (103, 23)

👑 Loading DLC SOTA Results...
[DLC] Loading weights from /home/UserData/ljx/Project_1/results/dlc_final_sota_v20.pth
[DLC] Warning: No scaler in checkpoint. Fitting scaler on provided training data...
  -> AUC: 0.8654, PEHE: 0.0812

[Seed 46] Preparing data...
[Dataset] Pooled Train: (8977, 23), Test: (103, 23)

👑 Loading DLC SOTA Results...
[DLC] Loading weights from /home/UserData/ljx/Project_1/results/dlc_final_sota_v20.pth
[DLC] Warning: No scaler in checkpoint. Fitting scaler on provided training data...
  -> AUC: 0.8871, PEHE: 0.0764

Table generated at: /home/UserData/ljx/Project_1/results/final_comparison_matrix_dlc_sweep_v20_h192_l4.md
Per-seed metrics saved to: /home/UserData/ljx/Project_1/results/baseline_metrics_dlc_sweep_v20_h192_l4.json

