=== DLC Final SOTA Runs (Phase 3) ===
[Config] tag=p_seed_46 d_hidden=256 num_layers=4 lambda_hsic=0.0 lambda_pred=1.0 lambda_ite=0.0 lambda_cate=0.0 lambda_prob=0.0 lambda_adv=0.0 lambda_sens=0.0 sens_eps_scale=0.0
[Seed] 46
Loading data...
Applying blacklist from data/PANCAN/pancan_leakage_blacklist.csv...
Filtered 513 leaked samples. Current: 8567
Aligning PANCAN features to LUAD feature space...
PANCAN aligned shape: (8567, 25)
PANCAN: (8567, 23), LUAD: (513, 23)
Scaler vars: min=0.030960266788788313, max=214.61184717252607

[Phase 1] Pre-training on PANCAN (50 epochs)...
  Ep 1: Loss 1.3650
  Ep 2: Loss 1.0588
  Ep 3: Loss 0.7704
  Ep 4: Loss 0.5542
  Ep 5: Loss 0.4503
  Ep 6: Loss 0.4012
  Ep 7: Loss 0.3748
  Ep 8: Loss 0.3640
  Ep 9: Loss 0.3572
  Ep 10: Loss 0.3540
  Ep 11: Loss 0.3526
  Ep 12: Loss 0.3509
  Ep 13: Loss 0.3491
  Ep 14: Loss 0.3490
  Ep 15: Loss 0.3486
  Ep 16: Loss 0.3470
  Ep 17: Loss 0.3474
  Ep 18: Loss 0.3464
  Ep 19: Loss 0.3466
  Ep 20: Loss 0.3457
  Ep 21: Loss 0.3458
  Ep 22: Loss 0.3446
  Ep 23: Loss 0.3446
  Ep 24: Loss 0.3450
  Ep 25: Loss 0.3446
  Ep 26: Loss 0.3449
  Ep 27: Loss 0.3451
  Ep 28: Loss 0.3431
  Ep 29: Loss 0.3456
  Ep 30: Loss 0.3438
  Ep 31: Loss 0.3435
  Ep 32: Loss 0.3424
  Ep 33: Loss 0.3432
  Ep 34: Loss 0.3417
  Ep 35: Loss 0.3426
  Ep 36: Loss 0.3412
  Ep 37: Loss 0.3438
  Ep 38: Loss 0.3414
  Ep 39: Loss 0.3431
  Ep 40: Loss 0.3417
  Ep 41: Loss 0.3415
  Ep 42: Loss 0.3405
  Ep 43: Loss 0.3407
  Ep 44: Loss 0.3421
  Ep 45: Loss 0.3413
  Ep 46: Loss 0.3411
  Ep 47: Loss 0.3408
  Ep 48: Loss 0.3397
  Ep 49: Loss 0.3400
  Ep 50: Loss 0.3393

[Phase 2] Fine-tuning on LUAD (50 epochs)...
  Ep 1: Loss 0.4771 | AUC 0.8837 | CATE -0.0231 | PEHE 0.0761 | Sens 0.0003
  Ep 2: Loss 0.4714 | AUC 0.8829 | CATE -0.0193 | PEHE 0.0726 | Sens 0.0003
  Ep 3: Loss 0.4659 | AUC 0.8848 | CATE -0.0230 | PEHE 0.0743 | Sens 0.0003
  Ep 4: Loss 0.4663 | AUC 0.8848 | CATE -0.0227 | PEHE 0.0738 | Sens 0.0003
  Ep 5: Loss 0.4690 | AUC 0.8856 | CATE -0.0243 | PEHE 0.0760 | Sens 0.0003
  Ep 6: Loss 0.4635 | AUC 0.8841 | CATE -0.0220 | PEHE 0.0745 | Sens 0.0003
  Ep 7: Loss 0.4641 | AUC 0.8848 | CATE -0.0241 | PEHE 0.0763 | Sens 0.0003
  Ep 8: Loss 0.4585 | AUC 0.8837 | CATE -0.0230 | PEHE 0.0757 | Sens 0.0004
  Ep 9: Loss 0.4630 | AUC 0.8844 | CATE -0.0235 | PEHE 0.0759 | Sens 0.0004
  Ep 10: Loss 0.4657 | AUC 0.8818 | CATE -0.0208 | PEHE 0.0752 | Sens 0.0004
  Ep 11: Loss 0.4593 | AUC 0.8841 | CATE -0.0234 | PEHE 0.0772 | Sens 0.0003
  Ep 12: Loss 0.4582 | AUC 0.8825 | CATE -0.0247 | PEHE 0.0768 | Sens 0.0004
  Ep 13: Loss 0.4584 | AUC 0.8833 | CATE -0.0243 | PEHE 0.0767 | Sens 0.0004
  Ep 14: Loss 0.4551 | AUC 0.8829 | CATE -0.0228 | PEHE 0.0751 | Sens 0.0004
  Ep 15: Loss 0.4526 | AUC 0.8841 | CATE -0.0225 | PEHE 0.0757 | Sens 0.0004
  Ep 16: Loss 0.4556 | AUC 0.8841 | CATE -0.0241 | PEHE 0.0777 | Sens 0.0004
  Ep 17: Loss 0.4516 | AUC 0.8841 | CATE -0.0237 | PEHE 0.0781 | Sens 0.0004
  Ep 18: Loss 0.4529 | AUC 0.8833 | CATE -0.0236 | PEHE 0.0786 | Sens 0.0004
  Ep 19: Loss 0.4523 | AUC 0.8844 | CATE -0.0249 | PEHE 0.0793 | Sens 0.0004
  Ep 20: Loss 0.4483 | AUC 0.8841 | CATE -0.0239 | PEHE 0.0791 | Sens 0.0004
  Ep 21: Loss 0.4532 | AUC 0.8837 | CATE -0.0238 | PEHE 0.0790 | Sens 0.0004
  Ep 22: Loss 0.4519 | AUC 0.8837 | CATE -0.0240 | PEHE 0.0781 | Sens 0.0004
  Ep 23: Loss 0.4470 | AUC 0.8833 | CATE -0.0228 | PEHE 0.0785 | Sens 0.0004
  Ep 24: Loss 0.4508 | AUC 0.8837 | CATE -0.0236 | PEHE 0.0785 | Sens 0.0004
  Ep 25: Loss 0.4534 | AUC 0.8837 | CATE -0.0235 | PEHE 0.0785 | Sens 0.0004
  Ep 26: Loss 0.4477 | AUC 0.8822 | CATE -0.0225 | PEHE 0.0760 | Sens 0.0004
  Ep 27: Loss 0.4491 | AUC 0.8814 | CATE -0.0225 | PEHE 0.0769 | Sens 0.0004
  Ep 28: Loss 0.4443 | AUC 0.8829 | CATE -0.0229 | PEHE 0.0796 | Sens 0.0004
  Ep 29: Loss 0.4431 | AUC 0.8818 | CATE -0.0245 | PEHE 0.0799 | Sens 0.0004
  Ep 30: Loss 0.4541 | AUC 0.8799 | CATE -0.0242 | PEHE 0.0789 | Sens 0.0004
  Ep 31: Loss 0.4448 | AUC 0.8825 | CATE -0.0217 | PEHE 0.0782 | Sens 0.0004
  Ep 32: Loss 0.4482 | AUC 0.8818 | CATE -0.0227 | PEHE 0.0794 | Sens 0.0004
  Ep 33: Loss 0.4419 | AUC 0.8802 | CATE -0.0240 | PEHE 0.0795 | Sens 0.0004
  Ep 34: Loss 0.4467 | AUC 0.8818 | CATE -0.0227 | PEHE 0.0803 | Sens 0.0004
  Ep 35: Loss 0.4443 | AUC 0.8810 | CATE -0.0227 | PEHE 0.0788 | Sens 0.0004
  Ep 36: Loss 0.4443 | AUC 0.8814 | CATE -0.0200 | PEHE 0.0765 | Sens 0.0004
  Ep 37: Loss 0.4380 | AUC 0.8822 | CATE -0.0201 | PEHE 0.0791 | Sens 0.0004
  Ep 38: Loss 0.4373 | AUC 0.8818 | CATE -0.0202 | PEHE 0.0787 | Sens 0.0004
  Ep 39: Loss 0.4369 | AUC 0.8810 | CATE -0.0200 | PEHE 0.0780 | Sens 0.0004
  Ep 40: Loss 0.4411 | AUC 0.8802 | CATE -0.0191 | PEHE 0.0772 | Sens 0.0004
  Ep 41: Loss 0.4402 | AUC 0.8799 | CATE -0.0187 | PEHE 0.0765 | Sens 0.0004
  Ep 42: Loss 0.4337 | AUC 0.8799 | CATE -0.0210 | PEHE 0.0786 | Sens 0.0004
  Ep 43: Loss 0.4434 | AUC 0.8810 | CATE -0.0196 | PEHE 0.0780 | Sens 0.0004
  Ep 44: Loss 0.4380 | AUC 0.8802 | CATE -0.0188 | PEHE 0.0767 | Sens 0.0004
  Ep 45: Loss 0.4351 | AUC 0.8799 | CATE -0.0186 | PEHE 0.0768 | Sens 0.0004
  Ep 46: Loss 0.4354 | AUC 0.8802 | CATE -0.0174 | PEHE 0.0763 | Sens 0.0004
  Ep 47: Loss 0.4353 | AUC 0.8806 | CATE -0.0184 | PEHE 0.0774 | Sens 0.0004
  Ep 48: Loss 0.4346 | AUC 0.8818 | CATE -0.0195 | PEHE 0.0798 | Sens 0.0004
  Ep 49: Loss 0.4331 | AUC 0.8799 | CATE -0.0210 | PEHE 0.0798 | Sens 0.0005
  Ep 50: Loss 0.4324 | AUC 0.8791 | CATE -0.0192 | PEHE 0.0788 | Sens 0.0004

=== Final SOTA Results ===
{
    "AUC": 0.8802440884820748,
    "ACC": 0.7766990291262136,
    "F1": 0.7722772277227723,
    "PEHE": 0.07625113822927657,
    "Delta_CATE": -0.01742704212665558,
    "Sens_Age": 0.00042007779120467603
}
Report saved to results/final_sota_report_p_seed_46.md

