🚀 Taking off: Baseline Ultimate Re-test...
[Config] seeds=[42, 43, 44, 45, 46] dlc_weights=/home/UserData/ljx/Project_1/results/dlc_final_sota_v7.pth d_hidden=128 num_layers=3 only_dlc=True dlc_strict=False
[Data] Loading PANCAN data...
[Data] Blacklist applied: 9080 -> 8567
[Data] Loading LUAD data...
[Data] LUAD Loaded. Shape: (513, 23)

[Seed 42] Preparing data...
[Dataset] Pooled Train: (8977, 23), Test: (103, 23)

👑 Loading DLC SOTA Results...
[DLC] Loading weights from /home/UserData/ljx/Project_1/results/dlc_final_sota_v7.pth
[DLC] Warning: No scaler in checkpoint. Fitting scaler on provided training data...
  -> AUC: 0.7391, PEHE: 0.0796

[Seed 43] Preparing data...
[Dataset] Pooled Train: (8977, 23), Test: (103, 23)

👑 Loading DLC SOTA Results...
[DLC] Loading weights from /home/UserData/ljx/Project_1/results/dlc_final_sota_v7.pth
[DLC] Warning: No scaler in checkpoint. Fitting scaler on provided training data...
  -> AUC: 0.9405, PEHE: 0.0771

[Seed 44] Preparing data...
[Dataset] Pooled Train: (8977, 23), Test: (103, 23)

👑 Loading DLC SOTA Results...
[DLC] Loading weights from /home/UserData/ljx/Project_1/results/dlc_final_sota_v7.pth
[DLC] Warning: No scaler in checkpoint. Fitting scaler on provided training data...
  -> AUC: 0.9336, PEHE: 0.0773

[Seed 45] Preparing data...
[Dataset] Pooled Train: (8977, 23), Test: (103, 23)

👑 Loading DLC SOTA Results...
[DLC] Loading weights from /home/UserData/ljx/Project_1/results/dlc_final_sota_v7.pth
[DLC] Warning: No scaler in checkpoint. Fitting scaler on provided training data...
  -> AUC: 0.9005, PEHE: 0.0782

[Seed 46] Preparing data...
[Dataset] Pooled Train: (8977, 23), Test: (103, 23)

👑 Loading DLC SOTA Results...
[DLC] Loading weights from /home/UserData/ljx/Project_1/results/dlc_final_sota_v7.pth
[DLC] Warning: No scaler in checkpoint. Fitting scaler on provided training data...
  -> AUC: 0.9306, PEHE: 0.0731

Table generated at: /home/UserData/ljx/Project_1/results/final_comparison_matrix_dlc_sweep_v7_h128_l3_nostrict.md
Per-seed metrics saved to: /home/UserData/ljx/Project_1/results/baseline_metrics_dlc_sweep_v7_h128_l3_nostrict.json

