=== DLC Final SOTA Runs (Phase 3) ===
[Config] tag=k_seed_44 d_hidden=192 num_layers=4 lambda_hsic=0.01 lambda_pred=7.0 lambda_ite=0.3 lambda_cate=0.5 lambda_prob=2.0 lambda_adv=0.3 lambda_sens=0.05 sens_eps_scale=0.2
[Seed] 44
Loading data...
Applying blacklist from data/PANCAN/pancan_leakage_blacklist.csv...
Filtered 513 leaked samples. Current: 8567
Aligning PANCAN features to LUAD feature space...
PANCAN aligned shape: (8567, 25)
PANCAN: (8567, 23), LUAD: (513, 23)
Scaler vars: min=0.030960266788788313, max=214.61184717252607

[Phase 1] Pre-training on PANCAN (100 epochs)...
  Ep 1: Loss 4.7320
  Ep 2: Loss 3.5614
  Ep 3: Loss 3.4585
  Ep 4: Loss 3.3058
  Ep 5: Loss 3.1509
  Ep 6: Loss 3.0461
  Ep 7: Loss 2.9683
  Ep 8: Loss 2.9110
  Ep 9: Loss 2.8430
  Ep 10: Loss 2.7999
  Ep 11: Loss 2.7949
  Ep 12: Loss 2.7883
  Ep 13: Loss 2.7635
  Ep 14: Loss 2.7528
  Ep 15: Loss 2.7424
  Ep 16: Loss 2.7443
  Ep 17: Loss 2.7442
  Ep 18: Loss 2.7277
  Ep 19: Loss 2.7169
  Ep 20: Loss 2.7231
  Ep 21: Loss 2.7323
  Ep 22: Loss 2.7126
  Ep 23: Loss 2.7180
  Ep 24: Loss 2.7171
  Ep 25: Loss 2.7207
  Ep 26: Loss 2.7129
  Ep 27: Loss 2.7071
  Ep 28: Loss 2.7109
  Ep 29: Loss 2.7105
  Ep 30: Loss 2.7056
  Ep 31: Loss 2.7033
  Ep 32: Loss 2.7062
  Ep 33: Loss 2.6928
  Ep 34: Loss 2.6956
  Ep 35: Loss 2.6968
  Ep 36: Loss 2.6963
  Ep 37: Loss 2.6989
  Ep 38: Loss 2.6920
  Ep 39: Loss 2.6891
  Ep 40: Loss 2.6881
  Ep 41: Loss 2.6967
  Ep 42: Loss 2.6800
  Ep 43: Loss 2.6826
  Ep 44: Loss 2.6773
  Ep 45: Loss 2.6775
  Ep 46: Loss 2.6763
  Ep 47: Loss 2.6757
  Ep 48: Loss 2.6785
  Ep 49: Loss 2.6735
  Ep 50: Loss 2.6624
  Ep 51: Loss 2.6693
  Ep 52: Loss 2.6646
  Ep 53: Loss 2.6493
  Ep 54: Loss 2.6499
  Ep 55: Loss 2.6517
  Ep 56: Loss 2.6444
  Ep 57: Loss 2.6409
  Ep 58: Loss 2.6321
  Ep 59: Loss 2.6262
  Ep 60: Loss 2.6310
  Ep 61: Loss 2.6278
  Ep 62: Loss 2.6142
  Ep 63: Loss 2.6133
  Ep 64: Loss 2.6119
  Ep 65: Loss 2.6163
  Ep 66: Loss 2.6052
  Ep 67: Loss 2.6012
  Ep 68: Loss 2.5944
  Ep 69: Loss 2.5938
  Ep 70: Loss 2.5822
  Ep 71: Loss 2.5767
  Ep 72: Loss 2.5713
  Ep 73: Loss 2.5696
  Ep 74: Loss 2.5695
  Ep 75: Loss 2.5654
  Ep 76: Loss 2.5562
  Ep 77: Loss 2.5481
  Ep 78: Loss 2.5430
  Ep 79: Loss 2.5394
  Ep 80: Loss 2.5487
  Ep 81: Loss 2.5319
  Ep 82: Loss 2.5321
  Ep 83: Loss 2.5215
  Ep 84: Loss 2.5197
  Ep 85: Loss 2.5116
  Ep 86: Loss 2.5184
  Ep 87: Loss 2.5153
  Ep 88: Loss 2.5107
  Ep 89: Loss 2.5098
  Ep 90: Loss 2.4850
  Ep 91: Loss 2.5023
  Ep 92: Loss 2.4810
  Ep 93: Loss 2.4803
  Ep 94: Loss 2.4929
  Ep 95: Loss 2.4678
  Ep 96: Loss 2.4717
  Ep 97: Loss 2.4664
  Ep 98: Loss 2.4567
  Ep 99: Loss 2.4579
  Ep 100: Loss 2.4459

[Phase 2] Fine-tuning on LUAD (50 epochs)...
  Ep 1: Loss 4.5375 | AUC 0.7990 | CATE 0.0252 | PEHE 0.0772 | Sens 0.0041
  Ep 2: Loss 4.1165 | AUC 0.8097 | CATE 0.0174 | PEHE 0.0736 | Sens 0.0044
  Ep 3: Loss 4.0027 | AUC 0.8105 | CATE 0.0282 | PEHE 0.0712 | Sens 0.0040
  Ep 4: Loss 3.8074 | AUC 0.8196 | CATE 0.0225 | PEHE 0.0797 | Sens 0.0048
  Ep 5: Loss 3.7310 | AUC 0.8207 | CATE 0.0260 | PEHE 0.0798 | Sens 0.0047
  Ep 6: Loss 3.6562 | AUC 0.8204 | CATE 0.0232 | PEHE 0.0784 | Sens 0.0042
  Ep 7: Loss 3.5844 | AUC 0.8204 | CATE 0.0280 | PEHE 0.0850 | Sens 0.0044
  Ep 8: Loss 3.5106 | AUC 0.8196 | CATE 0.0304 | PEHE 0.0824 | Sens 0.0042
  Ep 9: Loss 3.4896 | AUC 0.8181 | CATE 0.0328 | PEHE 0.0859 | Sens 0.0040
  Ep 10: Loss 3.4330 | AUC 0.8181 | CATE 0.0317 | PEHE 0.0850 | Sens 0.0040
  Ep 11: Loss 3.4469 | AUC 0.8131 | CATE 0.0334 | PEHE 0.0827 | Sens 0.0038
  Ep 12: Loss 3.4087 | AUC 0.8158 | CATE 0.0309 | PEHE 0.0821 | Sens 0.0038
  Ep 13: Loss 3.3742 | AUC 0.8135 | CATE 0.0311 | PEHE 0.0803 | Sens 0.0037
  Ep 14: Loss 3.3539 | AUC 0.8108 | CATE 0.0319 | PEHE 0.0786 | Sens 0.0036
  Ep 15: Loss 3.3292 | AUC 0.8127 | CATE 0.0312 | PEHE 0.0785 | Sens 0.0037
  Ep 16: Loss 3.2877 | AUC 0.8124 | CATE 0.0323 | PEHE 0.0815 | Sens 0.0035
  Ep 17: Loss 3.2950 | AUC 0.8112 | CATE 0.0305 | PEHE 0.0796 | Sens 0.0036
  Ep 18: Loss 3.2600 | AUC 0.8143 | CATE 0.0310 | PEHE 0.0815 | Sens 0.0034
  Ep 19: Loss 3.2688 | AUC 0.8124 | CATE 0.0297 | PEHE 0.0781 | Sens 0.0035
  Ep 20: Loss 3.2258 | AUC 0.8108 | CATE 0.0309 | PEHE 0.0779 | Sens 0.0035
  Ep 21: Loss 3.2200 | AUC 0.8112 | CATE 0.0306 | PEHE 0.0797 | Sens 0.0035
  Ep 22: Loss 3.2422 | AUC 0.8108 | CATE 0.0315 | PEHE 0.0792 | Sens 0.0035
  Ep 23: Loss 3.2107 | AUC 0.8108 | CATE 0.0315 | PEHE 0.0794 | Sens 0.0034
  Ep 24: Loss 3.1603 | AUC 0.8097 | CATE 0.0288 | PEHE 0.0790 | Sens 0.0035
  Ep 25: Loss 3.1643 | AUC 0.8085 | CATE 0.0266 | PEHE 0.0777 | Sens 0.0034
  Ep 26: Loss 3.1309 | AUC 0.8093 | CATE 0.0262 | PEHE 0.0754 | Sens 0.0036
  Ep 27: Loss 3.1138 | AUC 0.8093 | CATE 0.0256 | PEHE 0.0789 | Sens 0.0033
  Ep 28: Loss 3.0737 | AUC 0.8074 | CATE 0.0252 | PEHE 0.0788 | Sens 0.0036
  Ep 29: Loss 3.0503 | AUC 0.8070 | CATE 0.0212 | PEHE 0.0789 | Sens 0.0038
  Ep 30: Loss 3.0528 | AUC 0.8074 | CATE 0.0196 | PEHE 0.0782 | Sens 0.0038
  Ep 31: Loss 3.0495 | AUC 0.8078 | CATE 0.0194 | PEHE 0.0827 | Sens 0.0037
  Ep 32: Loss 3.0284 | AUC 0.8082 | CATE 0.0185 | PEHE 0.0811 | Sens 0.0038
  Ep 33: Loss 3.0275 | AUC 0.8089 | CATE 0.0170 | PEHE 0.0838 | Sens 0.0035
  Ep 34: Loss 2.9910 | AUC 0.8085 | CATE 0.0155 | PEHE 0.0868 | Sens 0.0040
  Ep 35: Loss 2.9916 | AUC 0.8093 | CATE 0.0169 | PEHE 0.0863 | Sens 0.0039
  Ep 36: Loss 2.9645 | AUC 0.8097 | CATE 0.0140 | PEHE 0.0874 | Sens 0.0035
  Ep 37: Loss 2.9327 | AUC 0.8089 | CATE 0.0116 | PEHE 0.0853 | Sens 0.0041
  Ep 38: Loss 2.9487 | AUC 0.8105 | CATE 0.0118 | PEHE 0.0852 | Sens 0.0039
  Ep 39: Loss 2.9067 | AUC 0.8089 | CATE 0.0103 | PEHE 0.0855 | Sens 0.0035
  Ep 40: Loss 2.8771 | AUC 0.8105 | CATE 0.0113 | PEHE 0.0837 | Sens 0.0037
  Ep 41: Loss 2.9131 | AUC 0.8093 | CATE 0.0108 | PEHE 0.0851 | Sens 0.0034
  Ep 42: Loss 2.9085 | AUC 0.8093 | CATE 0.0114 | PEHE 0.0882 | Sens 0.0036
  Ep 43: Loss 2.9009 | AUC 0.8108 | CATE 0.0083 | PEHE 0.0911 | Sens 0.0038
  Ep 44: Loss 2.8571 | AUC 0.8108 | CATE 0.0042 | PEHE 0.0903 | Sens 0.0037
  Ep 45: Loss 2.8384 | AUC 0.8116 | CATE 0.0020 | PEHE 0.0902 | Sens 0.0037
  Ep 46: Loss 2.8387 | AUC 0.8112 | CATE 0.0025 | PEHE 0.0944 | Sens 0.0038
  Ep 47: Loss 2.8243 | AUC 0.8101 | CATE 0.0053 | PEHE 0.0913 | Sens 0.0036
  Ep 48: Loss 2.8195 | AUC 0.8101 | CATE 0.0033 | PEHE 0.0924 | Sens 0.0039
  Ep 49: Loss 2.8082 | AUC 0.8112 | CATE 0.0017 | PEHE 0.0917 | Sens 0.0037
  Ep 50: Loss 2.7688 | AUC 0.8105 | CATE 0.0004 | PEHE 0.0950 | Sens 0.0038

=== Final SOTA Results ===
{
    "AUC": 0.8131197559115179,
    "ACC": 0.7378640776699029,
    "F1": 0.6896551724137931,
    "PEHE": 0.08267229945208115,
    "Delta_CATE": 0.03342263400554657,
    "Sens_Age": 0.003766703885048628
}
Report saved to results/final_sota_report_k_seed_44.md

