PyTorch Version: 2.10.0+cu128
CUDA Version: 12.8
CuDNN Version: 91002
训练设备: cuda

============================================================
阶段一: PANCAN 预训练 (50 epochs, lr=1e-3)
============================================================
Epoch 001/50 - Loss: 1.6824, Val AUC: 0.8215
Epoch 002/50 - Loss: 1.6566, Val AUC: 0.8215
Epoch 003/50 - Loss: 1.6403, Val AUC: 0.8215
Epoch 004/50 - Loss: 1.6271, Val AUC: 0.8215
Epoch 005/50 - Loss: 1.6096, Val AUC: 0.8245
Epoch 006/50 - Loss: 1.5876, Val AUC: 0.8245
Epoch 007/50 - Loss: 1.5621, Val AUC: 0.8245
Epoch 008/50 - Loss: 1.5319, Val AUC: 0.8245
Epoch 009/50 - Loss: 1.4989, Val AUC: 0.8245
Epoch 010/50 - Loss: 1.4598, Val AUC: 0.8232
Epoch 011/50 - Loss: 1.4148, Val AUC: 0.8245
Epoch 012/50 - Loss: 1.3658, Val AUC: 0.8245
Epoch 013/50 - Loss: 1.3121, Val AUC: 0.8245
Epoch 014/50 - Loss: 1.2577, Val AUC: 0.8245
Epoch 015/50 - Loss: 1.2161, Val AUC: 0.8236
Epoch 016/50 - Loss: 1.1866, Val AUC: 0.8245
Epoch 017/50 - Loss: 1.1681, Val AUC: 0.8245
Epoch 018/50 - Loss: 1.1609, Val AUC: 0.8245
Epoch 019/50 - Loss: 1.1533, Val AUC: 0.8245
Epoch 020/50 - Loss: 1.1567, Val AUC: 0.8238
Epoch 021/50 - Loss: 1.1538, Val AUC: 0.8245
Epoch 022/50 - Loss: 1.1445, Val AUC: 0.8245
Epoch 023/50 - Loss: 1.1319, Val AUC: 0.8245
Epoch 024/50 - Loss: 1.1260, Val AUC: 0.8245
Epoch 025/50 - Loss: 1.1219, Val AUC: 0.8249
Epoch 026/50 - Loss: 1.1171, Val AUC: 0.8249
Epoch 027/50 - Loss: 1.1114, Val AUC: 0.8249
Epoch 028/50 - Loss: 1.1021, Val AUC: 0.8249
Epoch 029/50 - Loss: 1.0976, Val AUC: 0.8249
Epoch 030/50 - Loss: 1.0900, Val AUC: 0.8239
Epoch 031/50 - Loss: 1.0756, Val AUC: 0.8249
Epoch 032/50 - Loss: 1.0696, Val AUC: 0.8249
Epoch 033/50 - Loss: 1.0603, Val AUC: 0.8249
Epoch 034/50 - Loss: 1.0535, Val AUC: 0.8249
Epoch 035/50 - Loss: 1.0460, Val AUC: 0.8242
Epoch 036/50 - Loss: 1.0362, Val AUC: 0.8249
Epoch 037/50 - Loss: 1.0269, Val AUC: 0.8249
Epoch 038/50 - Loss: 1.0145, Val AUC: 0.8249
Epoch 039/50 - Loss: 1.0000, Val AUC: 0.8249
Epoch 040/50 - Loss: 0.9871, Val AUC: 0.8246
Epoch 041/50 - Loss: 0.9747, Val AUC: 0.8249
Epoch 042/50 - Loss: 0.9615, Val AUC: 0.8249
Epoch 043/50 - Loss: 0.9470, Val AUC: 0.8249
Epoch 044/50 - Loss: 0.9343, Val AUC: 0.8249
Epoch 045/50 - Loss: 0.9173, Val AUC: 0.8253
Epoch 046/50 - Loss: 0.9053, Val AUC: 0.8253
Epoch 047/50 - Loss: 0.8905, Val AUC: 0.8253
Epoch 048/50 - Loss: 0.8806, Val AUC: 0.8253
Epoch 049/50 - Loss: 0.8681, Val AUC: 0.8253
Epoch 050/50 - Loss: 0.8554, Val AUC: 0.8252
✅ 预训练权重已保存: /home/UserData/ljx/Project_1/results/dlc_pancan_clean.pth

============================================================
阶段二: LUAD Head Tuning (20 epochs, lr=1e-3)
============================================================
Epoch 001/20 - Loss: 0.7435, Val AUC: 0.9522
Epoch 002/20 - Loss: 0.7107, Val AUC: 0.9522
Epoch 003/20 - Loss: 0.7050, Val AUC: 0.9522
Epoch 004/20 - Loss: 0.6892, Val AUC: 0.9522
Epoch 005/20 - Loss: 0.6806, Val AUC: 0.9522
Epoch 006/20 - Loss: 0.6531, Val AUC: 0.9522
Epoch 007/20 - Loss: 0.6314, Val AUC: 0.9522
Epoch 008/20 - Loss: 0.6224, Val AUC: 0.9522
Epoch 009/20 - Loss: 0.6009, Val AUC: 0.9522
Epoch 010/20 - Loss: 0.5904, Val AUC: 0.9522
Epoch 011/20 - Loss: 0.5791, Val AUC: 0.9522
Epoch 012/20 - Loss: 0.5712, Val AUC: 0.9522
Epoch 013/20 - Loss: 0.5489, Val AUC: 0.9522
Epoch 014/20 - Loss: 0.5564, Val AUC: 0.9522
Epoch 015/20 - Loss: 0.5362, Val AUC: 0.9545
Epoch 016/20 - Loss: 0.5452, Val AUC: 0.9545
Epoch 017/20 - Loss: 0.5241, Val AUC: 0.9545
Epoch 018/20 - Loss: 0.5237, Val AUC: 0.9545
Epoch 019/20 - Loss: 0.5209, Val AUC: 0.9545
Epoch 020/20 - Loss: 0.5231, Val AUC: 0.9522

============================================================
阶段三: LUAD 全量微调 (30 epochs, lr=1e-4, patience=10)
============================================================
Epoch 001/30 - Loss: 1.1616, Val AUC: 0.9545
Epoch 002/30 - Loss: 1.1544, Val AUC: 0.9545
Epoch 003/30 - Loss: 1.1609, Val AUC: 0.9545
Epoch 004/30 - Loss: 1.1561, Val AUC: 0.9545
Epoch 005/30 - Loss: 1.1473, Val AUC: 0.9522
Epoch 006/30 - Loss: 1.1578, Val AUC: 0.9545
Epoch 007/30 - Loss: 1.1442, Val AUC: 0.9545
Epoch 008/30 - Loss: 1.1344, Val AUC: 0.9545
Epoch 009/30 - Loss: 1.1421, Val AUC: 0.9545
Epoch 010/30 - Loss: 1.1253, Val AUC: 0.9545
Epoch 011/30 - Loss: 1.1310, Val AUC: 0.9545
Early Stopping 触发 (epoch=11)
✅ 最终权重已保存: /home/UserData/ljx/Project_1/results/dlc_golden_final.pth

============================================================
Golden Run Summary
============================================================
{
  "AUC_ROC": 0.8539282990083906,
  "Accuracy": 0.7572815533980582,
  "F1_Weighted": 0.7372026551390168,
  "Precision": 0.8145631067961165,
  "Recall": 0.7572815533980582,
  "PEHE": 0.22023873884381623,
  "Delta_CATE_EGFR": 3.6486622058983957e-06,
  "Sensitivity_Age": 0.0015769907040521502,
  "Trainable_Params": 52441,
  "Inference_Time_ms": 0.03670117183751201
}

✅ 报告已生成: /home/UserData/ljx/Project_1/results/golden_run_report.md
