🚀 启动 DLC Final SOTA 训练 (Device: cuda)

[Config] 加载原始最佳参数: {'d_hidden': 128, 'num_layers': 3, 'lambda_hsic': 0.5599048080164395, 'lr_fine_tune': 0.0006401255757337557, 'dropout': 0.005694665146369515}
[Config] ⚡ 强制覆盖 lambda_hsic: 0.5599 -> 0.05 (释放 CATE 信号)

[Data] 加载 PANCAN 数据...
[Data] 加载黑名单: 包含 641 个泄露样本 ID
[Data] 应用黑名单过滤: 剔除 513 个样本 (剩余 8567)
[Data] PANCAN 加载完毕: X shape=(8567, 23), y shape=(8567,)

[Data] 加载 LUAD 数据...
[Data] LUAD 加载完毕: X shape=(513, 23) (已修复 String ID 问题)

[Model] 初始化 DLCNet...

==================================================
Phase 1: Pre-training on Clean PANCAN (N=8567)
==================================================
训练设备: cuda
训练集大小: 6853, 验证集大小: 1714

==================================================
阶段 1: VAE Warmup (20 epochs)
==================================================
Epoch 1/20 - Loss: 0.7229, Train HSIC: 0.0178, Val HSIC: 0.0178
Epoch 2/20 - Loss: 0.2590, Train HSIC: 0.0217, Val HSIC: 0.0204
Epoch 3/20 - Loss: 0.0904, Train HSIC: 0.0222, Val HSIC: 0.0210
Epoch 4/20 - Loss: 0.0410, Train HSIC: 0.0227, Val HSIC: 0.0214
Epoch 5/20 - Loss: 0.0273, Train HSIC: 0.0229, Val HSIC: 0.0215
Epoch 6/20 - Loss: 0.0207, Train HSIC: 0.0234, Val HSIC: 0.0214
Epoch 7/20 - Loss: 0.0162, Train HSIC: 0.0229, Val HSIC: 0.0215
Epoch 8/20 - Loss: 0.0147, Train HSIC: 0.0229, Val HSIC: 0.0215
Epoch 9/20 - Loss: 0.0122, Train HSIC: 0.0228, Val HSIC: 0.0215
Epoch 10/20 - Loss: 0.0103, Train HSIC: 0.0233, Val HSIC: 0.0214
Epoch 11/20 - Loss: 0.0102, Train HSIC: 0.0229, Val HSIC: 0.0214
Epoch 12/20 - Loss: 0.0104, Train HSIC: 0.0228, Val HSIC: 0.0212
Epoch 13/20 - Loss: 0.0085, Train HSIC: 0.0228, Val HSIC: 0.0212
Epoch 14/20 - Loss: 0.0078, Train HSIC: 0.0226, Val HSIC: 0.0211
Epoch 15/20 - Loss: 0.0078, Train HSIC: 0.0225, Val HSIC: 0.0211
Epoch 16/20 - Loss: 0.0086, Train HSIC: 0.0222, Val HSIC: 0.0210
Epoch 17/20 - Loss: 0.0073, Train HSIC: 0.0227, Val HSIC: 0.0209
Epoch 18/20 - Loss: 0.0080, Train HSIC: 0.0225, Val HSIC: 0.0209
Epoch 19/20 - Loss: 0.0071, Train HSIC: 0.0223, Val HSIC: 0.0209
Epoch 20/20 - Loss: 0.0063, Train HSIC: 0.0223, Val HSIC: 0.0208

==================================================
阶段 2: Interaction Learning (30 epochs)
==================================================
Epoch 1/30 - Loss: 0.4195, Val AUC: 0.8227
Epoch 2/30 - Loss: 0.3512, Val AUC: 0.8227
Epoch 3/30 - Loss: 0.3444, Val AUC: 0.8227
Epoch 4/30 - Loss: 0.3444, Val AUC: 0.8229
Epoch 5/30 - Loss: 0.3445, Val AUC: 0.8229
Epoch 6/30 - Loss: 0.3408, Val AUC: 0.8229
Epoch 7/30 - Loss: 0.3411, Val AUC: 0.8231
Epoch 8/30 - Loss: 0.3421, Val AUC: 0.8233
Epoch 9/30 - Loss: 0.3438, Val AUC: 0.8235
Epoch 10/30 - Loss: 0.3429, Val AUC: 0.8236
Epoch 11/30 - Loss: 0.3440, Val AUC: 0.8236
Epoch 12/30 - Loss: 0.3399, Val AUC: 0.8237
Epoch 13/30 - Loss: 0.3409, Val AUC: 0.8238
Epoch 14/30 - Loss: 0.3474, Val AUC: 0.8237
Epoch 15/30 - Loss: 0.3410, Val AUC: 0.8238
Epoch 16/30 - Loss: 0.3469, Val AUC: 0.8238
Epoch 17/30 - Loss: 0.3394, Val AUC: 0.8238
Epoch 18/30 - Loss: 0.3385, Val AUC: 0.8238
Epoch 19/30 - Loss: 0.3406, Val AUC: 0.8239
Epoch 20/30 - Loss: 0.3374, Val AUC: 0.8238
Epoch 21/30 - Loss: 0.3397, Val AUC: 0.8239
Epoch 22/30 - Loss: 0.3400, Val AUC: 0.8238
Epoch 23/30 - Loss: 0.3400, Val AUC: 0.8240
Epoch 24/30 - Loss: 0.3382, Val AUC: 0.8239
Epoch 25/30 - Loss: 0.3407, Val AUC: 0.8237
Epoch 26/30 - Loss: 0.3415, Val AUC: 0.8239
Epoch 27/30 - Loss: 0.3356, Val AUC: 0.8237
Epoch 28/30 - Loss: 0.3364, Val AUC: 0.8238
Epoch 29/30 - Loss: 0.3390, Val AUC: 0.8240
Epoch 30/30 - Loss: 0.3368, Val AUC: 0.8240

==================================================
阶段 3: Joint Fine-tuning (50 epochs)
==================================================
Epoch 1/50 - Train Loss: 0.3389, Val Loss: 0.3666, Val AUC: 0.8239
Epoch 2/50 - Train Loss: 0.3381, Val Loss: 0.3665, Val AUC: 0.8239
Epoch 3/50 - Train Loss: 0.3383, Val Loss: 0.3681, Val AUC: 0.8239
Epoch 4/50 - Train Loss: 0.3413, Val Loss: 0.3685, Val AUC: 0.8239
Epoch 5/50 - Train Loss: 0.3373, Val Loss: 0.3678, Val AUC: 0.8239
Epoch 6/50 - Train Loss: 0.3366, Val Loss: 0.3680, Val AUC: 0.8238
Epoch 7/50 - Train Loss: 0.3373, Val Loss: 0.3669, Val AUC: 0.8238
Epoch 8/50 - Train Loss: 0.3355, Val Loss: 0.3687, Val AUC: 0.8238
Epoch 9/50 - Train Loss: 0.3353, Val Loss: 0.3688, Val AUC: 0.8237
Epoch 10/50 - Train Loss: 0.3365, Val Loss: 0.3689, Val AUC: 0.8238
Epoch 11/50 - Train Loss: 0.3365, Val Loss: 0.3678, Val AUC: 0.8237
Epoch 12/50 - Train Loss: 0.3356, Val Loss: 0.3678, Val AUC: 0.8237

Early stopping triggered at epoch 12

已加载最佳模型 (Val Loss: 0.3665)

==================================================
Phase 2: Fine-tuning on LUAD Train Split (N=410)
==================================================
训练设备: cuda
训练集大小: 328, 验证集大小: 82

==================================================
阶段 1: VAE Warmup (20 epochs)
==================================================
Epoch 1/20 - Loss: 0.0474, Train HSIC: 0.0422, Val HSIC: 0.0412
Epoch 2/20 - Loss: 0.0236, Train HSIC: 0.0427, Val HSIC: 0.0412
Epoch 3/20 - Loss: 0.0179, Train HSIC: 0.0426, Val HSIC: 0.0412
Epoch 4/20 - Loss: 0.0132, Train HSIC: 0.0426, Val HSIC: 0.0412
Epoch 5/20 - Loss: 0.0123, Train HSIC: 0.0426, Val HSIC: 0.0412
Epoch 6/20 - Loss: 0.0104, Train HSIC: 0.0429, Val HSIC: 0.0412
Epoch 7/20 - Loss: 0.0089, Train HSIC: 0.0426, Val HSIC: 0.0412
Epoch 8/20 - Loss: 0.0088, Train HSIC: 0.0427, Val HSIC: 0.0412
Epoch 9/20 - Loss: 0.0090, Train HSIC: 0.0426, Val HSIC: 0.0412
Epoch 10/20 - Loss: 0.0083, Train HSIC: 0.0427, Val HSIC: 0.0412
Epoch 11/20 - Loss: 0.0078, Train HSIC: 0.0422, Val HSIC: 0.0412
Epoch 12/20 - Loss: 0.0078, Train HSIC: 0.0425, Val HSIC: 0.0412
Epoch 13/20 - Loss: 0.0073, Train HSIC: 0.0425, Val HSIC: 0.0412
Epoch 14/20 - Loss: 0.0070, Train HSIC: 0.0427, Val HSIC: 0.0412
Epoch 15/20 - Loss: 0.0068, Train HSIC: 0.0425, Val HSIC: 0.0412
Epoch 16/20 - Loss: 0.0068, Train HSIC: 0.0423, Val HSIC: 0.0412
Epoch 17/20 - Loss: 0.0060, Train HSIC: 0.0429, Val HSIC: 0.0412
Epoch 18/20 - Loss: 0.0056, Train HSIC: 0.0427, Val HSIC: 0.0412
Epoch 19/20 - Loss: 0.0052, Train HSIC: 0.0425, Val HSIC: 0.0412
Epoch 20/20 - Loss: 0.0054, Train HSIC: 0.0428, Val HSIC: 0.0412

==================================================
阶段 2: Interaction Learning (30 epochs)
==================================================
Epoch 1/30 - Loss: 0.5960, Val AUC: 0.8625
Epoch 2/30 - Loss: 0.4833, Val AUC: 0.8644
Epoch 3/30 - Loss: 0.4867, Val AUC: 0.8638
Epoch 4/30 - Loss: 0.4538, Val AUC: 0.8638
Epoch 5/30 - Loss: 0.4488, Val AUC: 0.8638
Epoch 6/30 - Loss: 0.4490, Val AUC: 0.8631
Epoch 7/30 - Loss: 0.4645, Val AUC: 0.8631
Epoch 8/30 - Loss: 0.4869, Val AUC: 0.8625
Epoch 9/30 - Loss: 0.4706, Val AUC: 0.8625
Epoch 10/30 - Loss: 0.4499, Val AUC: 0.8625
Epoch 11/30 - Loss: 0.4577, Val AUC: 0.8625
Epoch 12/30 - Loss: 0.4316, Val AUC: 0.8612
Epoch 13/30 - Loss: 0.4619, Val AUC: 0.8600
Epoch 14/30 - Loss: 0.4280, Val AUC: 0.8600
Epoch 15/30 - Loss: 0.4464, Val AUC: 0.8600
Epoch 16/30 - Loss: 0.4453, Val AUC: 0.8594
Epoch 17/30 - Loss: 0.4326, Val AUC: 0.8612
Epoch 18/30 - Loss: 0.4394, Val AUC: 0.8612
Epoch 19/30 - Loss: 0.4561, Val AUC: 0.8612
Epoch 20/30 - Loss: 0.4562, Val AUC: 0.8625
Epoch 21/30 - Loss: 0.4340, Val AUC: 0.8631
Epoch 22/30 - Loss: 0.4647, Val AUC: 0.8638
Epoch 23/30 - Loss: 0.4490, Val AUC: 0.8638
Epoch 24/30 - Loss: 0.4398, Val AUC: 0.8644
Epoch 25/30 - Loss: 0.4384, Val AUC: 0.8656
Epoch 26/30 - Loss: 0.4301, Val AUC: 0.8663
Epoch 27/30 - Loss: 0.4295, Val AUC: 0.8669
Epoch 28/30 - Loss: 0.4244, Val AUC: 0.8669
Epoch 29/30 - Loss: 0.4095, Val AUC: 0.8675
Epoch 30/30 - Loss: 0.4335, Val AUC: 0.8675

==================================================
阶段 3: Joint Fine-tuning (50 epochs)
==================================================
Epoch 1/50 - Train Loss: 0.4403, Val Loss: 0.5169, Val AUC: 0.8694
Epoch 2/50 - Train Loss: 0.4507, Val Loss: 0.5179, Val AUC: 0.8706
Epoch 3/50 - Train Loss: 0.4058, Val Loss: 0.5136, Val AUC: 0.8700
Epoch 4/50 - Train Loss: 0.4093, Val Loss: 0.5328, Val AUC: 0.8688
Epoch 5/50 - Train Loss: 0.4203, Val Loss: 0.5229, Val AUC: 0.8700
Epoch 6/50 - Train Loss: 0.4487, Val Loss: 0.5186, Val AUC: 0.8700
Epoch 7/50 - Train Loss: 0.4165, Val Loss: 0.5265, Val AUC: 0.8706
Epoch 8/50 - Train Loss: 0.4154, Val Loss: 0.5343, Val AUC: 0.8712
Epoch 9/50 - Train Loss: 0.4251, Val Loss: 0.5332, Val AUC: 0.8700
Epoch 10/50 - Train Loss: 0.4103, Val Loss: 0.5242, Val AUC: 0.8719
Epoch 11/50 - Train Loss: 0.4155, Val Loss: 0.5327, Val AUC: 0.8706
Epoch 12/50 - Train Loss: 0.4027, Val Loss: 0.5371, Val AUC: 0.8706
Epoch 13/50 - Train Loss: 0.4122, Val Loss: 0.5404, Val AUC: 0.8706

Early stopping triggered at epoch 13

已加载最佳模型 (Val Loss: 0.5136)

==================================================
Phase 3: Final Evaluation on LUAD Test Set (N=103)
==================================================
AUC-ROC: 0.8509
F1-Score: 0.6400
PEHE: 0.2967
PEHE: 0.3278
Delta CATE (Mutant - Wild): 0.020949
Sensitivity (Age): 0.003591

[Save] 模型已保存: /home/UserData/ljx/Project_1/results/dlc_final_sota.pth
[Save] 报告已生成: /home/UserData/ljx/Project_1/results/final_sota_report.md
