=== DLC Final SOTA Runs (Phase 3) ===
[Config] tag=tuned_sota_auc_push_20260204j d_hidden=192 num_layers=4 lambda_hsic=0.03 lambda_pred=3.8 lambda_ite=0.8 lambda_cate=1.6 lambda_prob=2.2 lambda_adv=0.5 lambda_sens=0.2 sens_eps_scale=0.5
[Seed] 42
Loading data...
Applying blacklist from data/PANCAN/pancan_leakage_blacklist.csv...
Filtered 513 leaked samples. Current: 8567
Aligning PANCAN features to LUAD feature space...
PANCAN aligned shape: (8567, 25)
PANCAN: (8567, 23), LUAD: (513, 23)
Scaler vars: min=0.030960266788788313, max=214.61184717252607

[Phase 1] Pre-training on PANCAN (100 epochs)...
  Ep 1: Loss 3.4900
  Ep 2: Loss 2.6975
  Ep 3: Loss 2.5904
  Ep 4: Loss 2.4435
  Ep 5: Loss 2.3324
  Ep 6: Loss 2.2025
  Ep 7: Loss 2.1188
  Ep 8: Loss 2.0703
  Ep 9: Loss 2.0244
  Ep 10: Loss 1.9592
  Ep 11: Loss 1.9696
  Ep 12: Loss 1.9242
  Ep 13: Loss 1.9093
  Ep 14: Loss 1.9186
  Ep 15: Loss 1.9032
  Ep 16: Loss 1.8845
  Ep 17: Loss 1.8970
  Ep 18: Loss 1.8852
  Ep 19: Loss 1.8733
  Ep 20: Loss 1.8773
  Ep 21: Loss 1.8924
  Ep 22: Loss 1.8698
  Ep 23: Loss 1.8688
  Ep 24: Loss 1.8760
  Ep 25: Loss 1.8629
  Ep 26: Loss 1.8663
  Ep 27: Loss 1.8604
  Ep 28: Loss 1.8660
  Ep 29: Loss 1.8677
  Ep 30: Loss 1.8542
  Ep 31: Loss 1.8523
  Ep 32: Loss 1.8612
  Ep 33: Loss 1.8452
  Ep 34: Loss 1.8567
  Ep 35: Loss 1.8519
  Ep 36: Loss 1.8571
  Ep 37: Loss 1.8590
  Ep 38: Loss 1.8522
  Ep 39: Loss 1.8441
  Ep 40: Loss 1.8486
  Ep 41: Loss 1.8546
  Ep 42: Loss 1.8463
  Ep 43: Loss 1.8594
  Ep 44: Loss 1.8476
  Ep 45: Loss 1.8457
  Ep 46: Loss 1.8559
  Ep 47: Loss 1.8531
  Ep 48: Loss 1.8509
  Ep 49: Loss 1.8467
  Ep 50: Loss 1.8466
  Ep 51: Loss 1.8500
  Ep 52: Loss 1.8531
  Ep 53: Loss 1.8415
  Ep 54: Loss 1.8423
  Ep 55: Loss 1.8450
  Ep 56: Loss 1.8468
  Ep 57: Loss 1.8408
  Ep 58: Loss 1.8433
  Ep 59: Loss 1.8402
  Ep 60: Loss 1.8451
  Ep 61: Loss 1.8392
  Ep 62: Loss 1.8321
  Ep 63: Loss 1.8355
  Ep 64: Loss 1.8345
  Ep 65: Loss 1.8344
  Ep 66: Loss 1.8325
  Ep 67: Loss 1.8330
  Ep 68: Loss 1.8336
  Ep 69: Loss 1.8318
  Ep 70: Loss 1.8293
  Ep 71: Loss 1.8278
  Ep 72: Loss 1.8278
  Ep 73: Loss 1.8340
  Ep 74: Loss 1.8337
  Ep 75: Loss 1.8319
  Ep 76: Loss 1.8357
  Ep 77: Loss 1.8309
  Ep 78: Loss 1.8272
  Ep 79: Loss 1.8200
  Ep 80: Loss 1.8239
  Ep 81: Loss 1.8194
  Ep 82: Loss 1.8199
  Ep 83: Loss 1.8138
  Ep 84: Loss 1.8161
  Ep 85: Loss 1.8173
  Ep 86: Loss 1.8174
  Ep 87: Loss 1.8127
  Ep 88: Loss 1.8163
  Ep 89: Loss 1.8117
  Ep 90: Loss 1.8056
  Ep 91: Loss 1.8103
  Ep 92: Loss 1.8041
  Ep 93: Loss 1.8025
  Ep 94: Loss 1.8067
  Ep 95: Loss 1.8008
  Ep 96: Loss 1.8025
  Ep 97: Loss 1.8015
  Ep 98: Loss 1.7998
  Ep 99: Loss 1.8001
  Ep 100: Loss 1.7952

[Phase 2] Fine-tuning on LUAD (50 epochs)...
  Ep 1: Loss 2.3964 | AUC 0.8692 | CATE 0.1438 | PEHE 0.0691 | Sens 0.0024
  Ep 2: Loss 2.3323 | AUC 0.8650 | CATE 0.1428 | PEHE 0.0610 | Sens 0.0024
  Ep 3: Loss 2.3046 | AUC 0.8669 | CATE 0.1377 | PEHE 0.0648 | Sens 0.0023
  Ep 4: Loss 2.3031 | AUC 0.8638 | CATE 0.1390 | PEHE 0.0653 | Sens 0.0022
  Ep 5: Loss 2.2889 | AUC 0.8596 | CATE 0.1390 | PEHE 0.0664 | Sens 0.0021
  Ep 6: Loss 2.2573 | AUC 0.8585 | CATE 0.1346 | PEHE 0.0673 | Sens 0.0021
  Ep 7: Loss 2.2676 | AUC 0.8566 | CATE 0.1318 | PEHE 0.0699 | Sens 0.0022
  Ep 8: Loss 2.2551 | AUC 0.8566 | CATE 0.1314 | PEHE 0.0727 | Sens 0.0021
  Ep 9: Loss 2.2537 | AUC 0.8570 | CATE 0.1295 | PEHE 0.0714 | Sens 0.0021
  Ep 10: Loss 2.2426 | AUC 0.8570 | CATE 0.1291 | PEHE 0.0713 | Sens 0.0021
  Ep 11: Loss 2.2264 | AUC 0.8543 | CATE 0.1270 | PEHE 0.0734 | Sens 0.0020
  Ep 12: Loss 2.2452 | AUC 0.8551 | CATE 0.1279 | PEHE 0.0688 | Sens 0.0020
  Ep 13: Loss 2.2180 | AUC 0.8543 | CATE 0.1253 | PEHE 0.0719 | Sens 0.0020
  Ep 14: Loss 2.2107 | AUC 0.8543 | CATE 0.1272 | PEHE 0.0708 | Sens 0.0020
  Ep 15: Loss 2.2192 | AUC 0.8528 | CATE 0.1286 | PEHE 0.0717 | Sens 0.0020
  Ep 16: Loss 2.2144 | AUC 0.8520 | CATE 0.1280 | PEHE 0.0707 | Sens 0.0020
  Ep 17: Loss 2.2067 | AUC 0.8524 | CATE 0.1281 | PEHE 0.0691 | Sens 0.0020
  Ep 18: Loss 2.1936 | AUC 0.8532 | CATE 0.1290 | PEHE 0.0657 | Sens 0.0020
  Ep 19: Loss 2.2107 | AUC 0.8535 | CATE 0.1298 | PEHE 0.0645 | Sens 0.0020
  Ep 20: Loss 2.1963 | AUC 0.8516 | CATE 0.1295 | PEHE 0.0652 | Sens 0.0020
  Ep 21: Loss 2.1768 | AUC 0.8516 | CATE 0.1283 | PEHE 0.0675 | Sens 0.0020
  Ep 22: Loss 2.1788 | AUC 0.8505 | CATE 0.1268 | PEHE 0.0683 | Sens 0.0020
  Ep 23: Loss 2.1793 | AUC 0.8486 | CATE 0.1290 | PEHE 0.0675 | Sens 0.0020
  Ep 24: Loss 2.1654 | AUC 0.8490 | CATE 0.1242 | PEHE 0.0688 | Sens 0.0019
  Ep 25: Loss 2.1751 | AUC 0.8471 | CATE 0.1313 | PEHE 0.0663 | Sens 0.0020
  Ep 26: Loss 2.1761 | AUC 0.8467 | CATE 0.1284 | PEHE 0.0652 | Sens 0.0020
  Ep 27: Loss 2.1625 | AUC 0.8467 | CATE 0.1276 | PEHE 0.0674 | Sens 0.0020
  Ep 28: Loss 2.1504 | AUC 0.8452 | CATE 0.1298 | PEHE 0.0701 | Sens 0.0020
  Ep 29: Loss 2.1487 | AUC 0.8467 | CATE 0.1236 | PEHE 0.0737 | Sens 0.0020
  Ep 30: Loss 2.1598 | AUC 0.8448 | CATE 0.1251 | PEHE 0.0702 | Sens 0.0020
  Ep 31: Loss 2.1375 | AUC 0.8448 | CATE 0.1251 | PEHE 0.0720 | Sens 0.0020
  Ep 32: Loss 2.1223 | AUC 0.8444 | CATE 0.1249 | PEHE 0.0705 | Sens 0.0020
  Ep 33: Loss 2.1409 | AUC 0.8455 | CATE 0.1240 | PEHE 0.0696 | Sens 0.0020
  Ep 34: Loss 2.1338 | AUC 0.8467 | CATE 0.1269 | PEHE 0.0677 | Sens 0.0020
  Ep 35: Loss 2.1196 | AUC 0.8463 | CATE 0.1285 | PEHE 0.0649 | Sens 0.0020
  Ep 36: Loss 2.1160 | AUC 0.8467 | CATE 0.1272 | PEHE 0.0660 | Sens 0.0021
  Ep 37: Loss 2.1209 | AUC 0.8459 | CATE 0.1299 | PEHE 0.0653 | Sens 0.0020
  Ep 38: Loss 2.1203 | AUC 0.8463 | CATE 0.1286 | PEHE 0.0666 | Sens 0.0020
  Ep 39: Loss 2.1197 | AUC 0.8429 | CATE 0.1277 | PEHE 0.0694 | Sens 0.0021
  Ep 40: Loss 2.1204 | AUC 0.8432 | CATE 0.1298 | PEHE 0.0684 | Sens 0.0021
  Ep 41: Loss 2.1060 | AUC 0.8452 | CATE 0.1277 | PEHE 0.0691 | Sens 0.0021
  Ep 42: Loss 2.0886 | AUC 0.8436 | CATE 0.1279 | PEHE 0.0691 | Sens 0.0021
  Ep 43: Loss 2.1078 | AUC 0.8448 | CATE 0.1300 | PEHE 0.0669 | Sens 0.0021
  Ep 44: Loss 2.0988 | AUC 0.8436 | CATE 0.1331 | PEHE 0.0680 | Sens 0.0022
  Ep 45: Loss 2.0884 | AUC 0.8436 | CATE 0.1246 | PEHE 0.0698 | Sens 0.0021
  Ep 46: Loss 2.0890 | AUC 0.8417 | CATE 0.1333 | PEHE 0.0680 | Sens 0.0022
  Ep 47: Loss 2.0918 | AUC 0.8417 | CATE 0.1308 | PEHE 0.0685 | Sens 0.0022
  Ep 48: Loss 2.0847 | AUC 0.8402 | CATE 0.1261 | PEHE 0.0696 | Sens 0.0021
  Ep 49: Loss 2.0822 | AUC 0.8398 | CATE 0.1381 | PEHE 0.0664 | Sens 0.0023
  Ep 50: Loss 2.0751 | AUC 0.8387 | CATE 0.1339 | PEHE 0.0681 | Sens 0.0023

=== Final SOTA Results ===
{
    "AUC": 0.8649885583524027,
    "ACC": 0.8058252427184466,
    "F1": 0.7916666666666666,
    "PEHE": 0.06103776719891038,
    "Delta_CATE": 0.1427711546421051,
    "Sens_Age": 0.0023584787268191576
}
Report saved to results/final_sota_report_tuned_sota_auc_push_20260204j.md

