=== DLC Final SOTA Runs (Phase 3) ===
[Config] tag=tuned_sota_auc_push_20260203d d_hidden=192 num_layers=4 lambda_hsic=0.02 lambda_pred=4.0 lambda_ite=0.6 lambda_cate=1.0 lambda_prob=2.0 lambda_adv=0.5 lambda_sens=0.2 sens_eps_scale=0.5
Loading data...
Applying blacklist from data/PANCAN/pancan_leakage_blacklist.csv...
Filtered 513 leaked samples. Current: 8567
Aligning PANCAN features to LUAD feature space...
PANCAN aligned shape: (8567, 25)
PANCAN: (8567, 23), LUAD: (513, 23)
Scaler vars: min=0.030960266788788313, max=214.61184717252607

[Phase 1] Pre-training on PANCAN (100 epochs)...
  Ep 1: Loss 3.5592
  Ep 2: Loss 2.7578
  Ep 3: Loss 2.6520
  Ep 4: Loss 2.5052
  Ep 5: Loss 2.3927
  Ep 6: Loss 2.2647
  Ep 7: Loss 2.1835
  Ep 8: Loss 2.1366
  Ep 9: Loss 2.0860
  Ep 10: Loss 2.0263
  Ep 11: Loss 2.0338
  Ep 12: Loss 1.9913
  Ep 13: Loss 1.9747
  Ep 14: Loss 1.9819
  Ep 15: Loss 1.9653
  Ep 16: Loss 1.9545
  Ep 17: Loss 1.9572
  Ep 18: Loss 1.9498
  Ep 19: Loss 1.9458
  Ep 20: Loss 1.9506
  Ep 21: Loss 1.9481
  Ep 22: Loss 1.9371
  Ep 23: Loss 1.9433
  Ep 24: Loss 1.9362
  Ep 25: Loss 1.9362
  Ep 26: Loss 1.9379
  Ep 27: Loss 1.9323
  Ep 28: Loss 1.9357
  Ep 29: Loss 1.9363
  Ep 30: Loss 1.9298
  Ep 31: Loss 1.9244
  Ep 32: Loss 1.9308
  Ep 33: Loss 1.9242
  Ep 34: Loss 1.9198
  Ep 35: Loss 1.9226
  Ep 36: Loss 1.9206
  Ep 37: Loss 1.9212
  Ep 38: Loss 1.9209
  Ep 39: Loss 1.9211
  Ep 40: Loss 1.9163
  Ep 41: Loss 1.9208
  Ep 42: Loss 1.9173
  Ep 43: Loss 1.9169
  Ep 44: Loss 1.9078
  Ep 45: Loss 1.9184
  Ep 46: Loss 1.9207
  Ep 47: Loss 1.9154
  Ep 48: Loss 1.9163
  Ep 49: Loss 1.9138
  Ep 50: Loss 1.9150
  Ep 51: Loss 1.9168
  Ep 52: Loss 1.9098
  Ep 53: Loss 1.9028
  Ep 54: Loss 1.9089
  Ep 55: Loss 1.9073
  Ep 56: Loss 1.9022
  Ep 57: Loss 1.9039
  Ep 58: Loss 1.9023
  Ep 59: Loss 1.9006
  Ep 60: Loss 1.9057
  Ep 61: Loss 1.9046
  Ep 62: Loss 1.9033
  Ep 63: Loss 1.9083
  Ep 64: Loss 1.8989
  Ep 65: Loss 1.9018
  Ep 66: Loss 1.9004
  Ep 67: Loss 1.8996
  Ep 68: Loss 1.8986
  Ep 69: Loss 1.9010
  Ep 70: Loss 1.8958
  Ep 71: Loss 1.8949
  Ep 72: Loss 1.8961
  Ep 73: Loss 1.8917
  Ep 74: Loss 1.8930
  Ep 75: Loss 1.8935
  Ep 76: Loss 1.8943
  Ep 77: Loss 1.8887
  Ep 78: Loss 1.8869
  Ep 79: Loss 1.8852
  Ep 80: Loss 1.8894
  Ep 81: Loss 1.8830
  Ep 82: Loss 1.8831
  Ep 83: Loss 1.8800
  Ep 84: Loss 1.8834
  Ep 85: Loss 1.8829
  Ep 86: Loss 1.8854
  Ep 87: Loss 1.8755
  Ep 88: Loss 1.8832
  Ep 89: Loss 1.8835
  Ep 90: Loss 1.8738
  Ep 91: Loss 1.8789
  Ep 92: Loss 1.8716
  Ep 93: Loss 1.8714
  Ep 94: Loss 1.8800
  Ep 95: Loss 1.8717
  Ep 96: Loss 1.8685
  Ep 97: Loss 1.8651
  Ep 98: Loss 1.8643
  Ep 99: Loss 1.8671
  Ep 100: Loss 1.8645

[Phase 2] Fine-tuning on LUAD (50 epochs)...
  Ep 1: Loss 2.5023 | AUC 0.8692 | CATE 0.1561 | PEHE 0.0624 | Sens 0.0029
  Ep 2: Loss 2.4289 | AUC 0.8673 | CATE 0.1551 | PEHE 0.0602 | Sens 0.0028
  Ep 3: Loss 2.3888 | AUC 0.8654 | CATE 0.1491 | PEHE 0.0717 | Sens 0.0027
  Ep 4: Loss 2.3857 | AUC 0.8638 | CATE 0.1490 | PEHE 0.0722 | Sens 0.0027
  Ep 5: Loss 2.3717 | AUC 0.8608 | CATE 0.1496 | PEHE 0.0734 | Sens 0.0027
  Ep 6: Loss 2.3345 | AUC 0.8616 | CATE 0.1431 | PEHE 0.0736 | Sens 0.0026
  Ep 7: Loss 2.3557 | AUC 0.8623 | CATE 0.1385 | PEHE 0.0771 | Sens 0.0025
  Ep 8: Loss 2.3312 | AUC 0.8600 | CATE 0.1386 | PEHE 0.0816 | Sens 0.0026
  Ep 9: Loss 2.3348 | AUC 0.8608 | CATE 0.1347 | PEHE 0.0765 | Sens 0.0025
  Ep 10: Loss 2.3225 | AUC 0.8596 | CATE 0.1338 | PEHE 0.0771 | Sens 0.0025
  Ep 11: Loss 2.3008 | AUC 0.8600 | CATE 0.1309 | PEHE 0.0781 | Sens 0.0024
  Ep 12: Loss 2.3230 | AUC 0.8585 | CATE 0.1295 | PEHE 0.0728 | Sens 0.0024
  Ep 13: Loss 2.3018 | AUC 0.8593 | CATE 0.1245 | PEHE 0.0776 | Sens 0.0024
  Ep 14: Loss 2.2883 | AUC 0.8589 | CATE 0.1249 | PEHE 0.0771 | Sens 0.0024
  Ep 15: Loss 2.3047 | AUC 0.8585 | CATE 0.1265 | PEHE 0.0789 | Sens 0.0025
  Ep 16: Loss 2.2993 | AUC 0.8589 | CATE 0.1218 | PEHE 0.0752 | Sens 0.0024
  Ep 17: Loss 2.2904 | AUC 0.8585 | CATE 0.1210 | PEHE 0.0730 | Sens 0.0024
  Ep 18: Loss 2.2754 | AUC 0.8581 | CATE 0.1215 | PEHE 0.0693 | Sens 0.0024
  Ep 19: Loss 2.2927 | AUC 0.8593 | CATE 0.1216 | PEHE 0.0679 | Sens 0.0024
  Ep 20: Loss 2.2774 | AUC 0.8577 | CATE 0.1217 | PEHE 0.0687 | Sens 0.0024
  Ep 21: Loss 2.2589 | AUC 0.8574 | CATE 0.1182 | PEHE 0.0715 | Sens 0.0024
  Ep 22: Loss 2.2650 | AUC 0.8581 | CATE 0.1152 | PEHE 0.0723 | Sens 0.0024
  Ep 23: Loss 2.2634 | AUC 0.8562 | CATE 0.1183 | PEHE 0.0718 | Sens 0.0024
  Ep 24: Loss 2.2491 | AUC 0.8581 | CATE 0.1123 | PEHE 0.0711 | Sens 0.0024
  Ep 25: Loss 2.2616 | AUC 0.8562 | CATE 0.1200 | PEHE 0.0704 | Sens 0.0023
  Ep 26: Loss 2.2639 | AUC 0.8577 | CATE 0.1146 | PEHE 0.0661 | Sens 0.0024
  Ep 27: Loss 2.2430 | AUC 0.8566 | CATE 0.1153 | PEHE 0.0674 | Sens 0.0024
  Ep 28: Loss 2.2322 | AUC 0.8539 | CATE 0.1171 | PEHE 0.0737 | Sens 0.0024
  Ep 29: Loss 2.2336 | AUC 0.8535 | CATE 0.1120 | PEHE 0.0777 | Sens 0.0024
  Ep 30: Loss 2.2448 | AUC 0.8532 | CATE 0.1134 | PEHE 0.0735 | Sens 0.0024
  Ep 31: Loss 2.2244 | AUC 0.8494 | CATE 0.1128 | PEHE 0.0776 | Sens 0.0024
  Ep 32: Loss 2.2090 | AUC 0.8524 | CATE 0.1115 | PEHE 0.0725 | Sens 0.0024
  Ep 33: Loss 2.2236 | AUC 0.8528 | CATE 0.1106 | PEHE 0.0698 | Sens 0.0024
  Ep 34: Loss 2.2199 | AUC 0.8524 | CATE 0.1117 | PEHE 0.0681 | Sens 0.0024
  Ep 35: Loss 2.2086 | AUC 0.8520 | CATE 0.1129 | PEHE 0.0644 | Sens 0.0024
  Ep 36: Loss 2.2023 | AUC 0.8516 | CATE 0.1127 | PEHE 0.0663 | Sens 0.0024
  Ep 37: Loss 2.2038 | AUC 0.8513 | CATE 0.1132 | PEHE 0.0657 | Sens 0.0024
  Ep 38: Loss 2.2083 | AUC 0.8509 | CATE 0.1114 | PEHE 0.0673 | Sens 0.0025
  Ep 39: Loss 2.2064 | AUC 0.8501 | CATE 0.1102 | PEHE 0.0719 | Sens 0.0025
  Ep 40: Loss 2.2093 | AUC 0.8482 | CATE 0.1125 | PEHE 0.0703 | Sens 0.0025
  Ep 41: Loss 2.1959 | AUC 0.8494 | CATE 0.1100 | PEHE 0.0705 | Sens 0.0025
  Ep 42: Loss 2.1725 | AUC 0.8482 | CATE 0.1079 | PEHE 0.0683 | Sens 0.0025
  Ep 43: Loss 2.1974 | AUC 0.8505 | CATE 0.1072 | PEHE 0.0646 | Sens 0.0025
  Ep 44: Loss 2.1884 | AUC 0.8482 | CATE 0.1105 | PEHE 0.0679 | Sens 0.0025
  Ep 45: Loss 2.1766 | AUC 0.8494 | CATE 0.1045 | PEHE 0.0698 | Sens 0.0026
  Ep 46: Loss 2.1762 | AUC 0.8471 | CATE 0.1113 | PEHE 0.0702 | Sens 0.0025
  Ep 47: Loss 2.1761 | AUC 0.8478 | CATE 0.1098 | PEHE 0.0705 | Sens 0.0025
  Ep 48: Loss 2.1702 | AUC 0.8486 | CATE 0.1075 | PEHE 0.0666 | Sens 0.0026
  Ep 49: Loss 2.1605 | AUC 0.8471 | CATE 0.1132 | PEHE 0.0668 | Sens 0.0026
  Ep 50: Loss 2.1603 | AUC 0.8459 | CATE 0.1100 | PEHE 0.0681 | Sens 0.0026

=== Final SOTA Results ===
{
    "AUC": 0.8691838291380626,
    "ACC": 0.7864077669902912,
    "F1": 0.78,
    "PEHE": 0.06244509611555193,
    "Delta_CATE": 0.15607640147209167,
    "Sens_Age": 0.002941901795566082
}
Report saved to results/final_sota_report_tuned_sota_auc_push_20260203d.md

