=== DLC Final SOTA Runs (Phase 3) ===
[Config] tag=tuned_sota_auc_push_20260204h d_hidden=256 num_layers=4 lambda_hsic=0.04 lambda_pred=3.5 lambda_ite=0.8 lambda_cate=1.2 lambda_prob=1.8 lambda_adv=0.5 lambda_sens=0.1 sens_eps_scale=0.5
[Seed] 42
Loading data...
Applying blacklist from data/PANCAN/pancan_leakage_blacklist.csv...
Filtered 513 leaked samples. Current: 8567
Aligning PANCAN features to LUAD feature space...
PANCAN aligned shape: (8567, 25)
PANCAN: (8567, 23), LUAD: (513, 23)
Scaler vars: min=0.030960266788788313, max=214.61184717252607

[Phase 1] Pre-training on PANCAN (100 epochs)...
  Ep 1: Loss 3.1594
  Ep 2: Loss 2.5266
  Ep 3: Loss 2.3444
  Ep 4: Loss 2.2080
  Ep 5: Loss 2.0787
  Ep 6: Loss 1.9691
  Ep 7: Loss 1.9355
  Ep 8: Loss 1.8940
  Ep 9: Loss 1.8339
  Ep 10: Loss 1.8385
  Ep 11: Loss 1.8183
  Ep 12: Loss 1.7976
  Ep 13: Loss 1.8117
  Ep 14: Loss 1.7867
  Ep 15: Loss 1.7938
  Ep 16: Loss 1.7882
  Ep 17: Loss 1.7805
  Ep 18: Loss 1.7794
  Ep 19: Loss 1.7800
  Ep 20: Loss 1.7799
  Ep 21: Loss 1.7760
  Ep 22: Loss 1.7750
  Ep 23: Loss 1.7746
  Ep 24: Loss 1.7763
  Ep 25: Loss 1.7723
  Ep 26: Loss 1.7747
  Ep 27: Loss 1.7721
  Ep 28: Loss 1.7676
  Ep 29: Loss 1.7731
  Ep 30: Loss 1.7689
  Ep 31: Loss 1.7667
  Ep 32: Loss 1.7697
  Ep 33: Loss 1.7702
  Ep 34: Loss 1.7700
  Ep 35: Loss 1.7593
  Ep 36: Loss 1.7684
  Ep 37: Loss 1.7693
  Ep 38: Loss 1.7616
  Ep 39: Loss 1.7590
  Ep 40: Loss 1.7545
  Ep 41: Loss 1.7523
  Ep 42: Loss 1.7494
  Ep 43: Loss 1.7480
  Ep 44: Loss 1.7506
  Ep 45: Loss 1.7486
  Ep 46: Loss 1.7449
  Ep 47: Loss 1.7429
  Ep 48: Loss 1.7448
  Ep 49: Loss 1.7423
  Ep 50: Loss 1.7387
  Ep 51: Loss 1.7434
  Ep 52: Loss 1.7364
  Ep 53: Loss 1.7513
  Ep 54: Loss 1.7363
  Ep 55: Loss 1.7354
  Ep 56: Loss 1.7379
  Ep 57: Loss 1.7319
  Ep 58: Loss 1.7321
  Ep 59: Loss 1.7306
  Ep 60: Loss 1.7283
  Ep 61: Loss 1.7304
  Ep 62: Loss 1.7234
  Ep 63: Loss 1.7267
  Ep 64: Loss 1.7203
  Ep 65: Loss 1.7286
  Ep 66: Loss 1.7199
  Ep 67: Loss 1.7145
  Ep 68: Loss 1.7160
  Ep 69: Loss 1.7110
  Ep 70: Loss 1.7088
  Ep 71: Loss 1.7071
  Ep 72: Loss 1.7098
  Ep 73: Loss 1.7016
  Ep 74: Loss 1.7015
  Ep 75: Loss 1.6978
  Ep 76: Loss 1.6945
  Ep 77: Loss 1.6880
  Ep 78: Loss 1.6886
  Ep 79: Loss 1.6896
  Ep 80: Loss 1.6883
  Ep 81: Loss 1.6842
  Ep 82: Loss 1.6843
  Ep 83: Loss 1.6858
  Ep 84: Loss 1.6768
  Ep 85: Loss 1.6803
  Ep 86: Loss 1.6747
  Ep 87: Loss 1.6760
  Ep 88: Loss 1.6696
  Ep 89: Loss 1.6728
  Ep 90: Loss 1.6706
  Ep 91: Loss 1.6617
  Ep 92: Loss 1.6606
  Ep 93: Loss 1.6573
  Ep 94: Loss 1.6535
  Ep 95: Loss 1.6465
  Ep 96: Loss 1.6479
  Ep 97: Loss 1.6407
  Ep 98: Loss 1.6448
  Ep 99: Loss 1.6554
  Ep 100: Loss 1.6538

[Phase 2] Fine-tuning on LUAD (50 epochs)...
  Ep 1: Loss 2.7629 | AUC 0.8661 | CATE 0.1177 | PEHE 0.0543 | Sens 0.0067
  Ep 2: Loss 2.4829 | AUC 0.8619 | CATE 0.1330 | PEHE 0.0646 | Sens 0.0057
  Ep 3: Loss 2.3328 | AUC 0.8627 | CATE 0.1186 | PEHE 0.0621 | Sens 0.0049
  Ep 4: Loss 2.3274 | AUC 0.8642 | CATE 0.1028 | PEHE 0.0645 | Sens 0.0040
  Ep 5: Loss 2.2599 | AUC 0.8619 | CATE 0.0922 | PEHE 0.0705 | Sens 0.0039
  Ep 6: Loss 2.1931 | AUC 0.8596 | CATE 0.0906 | PEHE 0.0737 | Sens 0.0036
  Ep 7: Loss 2.1930 | AUC 0.8570 | CATE 0.0852 | PEHE 0.0764 | Sens 0.0034
  Ep 8: Loss 2.1767 | AUC 0.8604 | CATE 0.0776 | PEHE 0.0777 | Sens 0.0033
  Ep 9: Loss 2.1699 | AUC 0.8566 | CATE 0.0786 | PEHE 0.0774 | Sens 0.0031
  Ep 10: Loss 2.1227 | AUC 0.8543 | CATE 0.0739 | PEHE 0.0808 | Sens 0.0030
  Ep 11: Loss 2.1234 | AUC 0.8539 | CATE 0.0752 | PEHE 0.0790 | Sens 0.0029
  Ep 12: Loss 2.1222 | AUC 0.8539 | CATE 0.0790 | PEHE 0.0786 | Sens 0.0031
  Ep 13: Loss 2.1261 | AUC 0.8520 | CATE 0.0788 | PEHE 0.0811 | Sens 0.0030
  Ep 14: Loss 2.1024 | AUC 0.8535 | CATE 0.0789 | PEHE 0.0786 | Sens 0.0030
  Ep 15: Loss 2.0942 | AUC 0.8539 | CATE 0.0862 | PEHE 0.0749 | Sens 0.0033
  Ep 16: Loss 2.0962 | AUC 0.8574 | CATE 0.0851 | PEHE 0.0704 | Sens 0.0031
  Ep 17: Loss 2.0933 | AUC 0.8543 | CATE 0.0860 | PEHE 0.0744 | Sens 0.0034
  Ep 18: Loss 2.0768 | AUC 0.8520 | CATE 0.0831 | PEHE 0.0768 | Sens 0.0034
  Ep 19: Loss 2.0528 | AUC 0.8524 | CATE 0.0851 | PEHE 0.0758 | Sens 0.0034
  Ep 20: Loss 2.0650 | AUC 0.8528 | CATE 0.0889 | PEHE 0.0712 | Sens 0.0035
  Ep 21: Loss 2.0405 | AUC 0.8535 | CATE 0.0957 | PEHE 0.0676 | Sens 0.0035
  Ep 22: Loss 2.0338 | AUC 0.8501 | CATE 0.0965 | PEHE 0.0702 | Sens 0.0034
  Ep 23: Loss 2.0350 | AUC 0.8478 | CATE 0.0924 | PEHE 0.0731 | Sens 0.0036
  Ep 24: Loss 2.0228 | AUC 0.8471 | CATE 0.0943 | PEHE 0.0761 | Sens 0.0031
  Ep 25: Loss 2.0134 | AUC 0.8471 | CATE 0.0943 | PEHE 0.0717 | Sens 0.0036
  Ep 26: Loss 2.0011 | AUC 0.8455 | CATE 0.1000 | PEHE 0.0733 | Sens 0.0031
  Ep 27: Loss 1.9954 | AUC 0.8467 | CATE 0.1019 | PEHE 0.0684 | Sens 0.0035
  Ep 28: Loss 1.9819 | AUC 0.8467 | CATE 0.1040 | PEHE 0.0673 | Sens 0.0032
  Ep 29: Loss 1.9717 | AUC 0.8425 | CATE 0.1019 | PEHE 0.0734 | Sens 0.0030
  Ep 30: Loss 1.9592 | AUC 0.8413 | CATE 0.0999 | PEHE 0.0761 | Sens 0.0032
  Ep 31: Loss 1.9732 | AUC 0.8413 | CATE 0.1021 | PEHE 0.0773 | Sens 0.0032
  Ep 32: Loss 1.9526 | AUC 0.8406 | CATE 0.1085 | PEHE 0.0734 | Sens 0.0029
  Ep 33: Loss 1.9510 | AUC 0.8448 | CATE 0.1089 | PEHE 0.0714 | Sens 0.0033
  Ep 34: Loss 1.9526 | AUC 0.8444 | CATE 0.1145 | PEHE 0.0679 | Sens 0.0026
  Ep 35: Loss 1.9240 | AUC 0.8452 | CATE 0.1075 | PEHE 0.0745 | Sens 0.0033
  Ep 36: Loss 1.9268 | AUC 0.8406 | CATE 0.1148 | PEHE 0.0704 | Sens 0.0024
  Ep 37: Loss 1.9001 | AUC 0.8429 | CATE 0.1134 | PEHE 0.0702 | Sens 0.0030
  Ep 38: Loss 1.8953 | AUC 0.8413 | CATE 0.1155 | PEHE 0.0720 | Sens 0.0026
  Ep 39: Loss 1.9237 | AUC 0.8406 | CATE 0.1094 | PEHE 0.0774 | Sens 0.0028
  Ep 40: Loss 1.9156 | AUC 0.8410 | CATE 0.1086 | PEHE 0.0782 | Sens 0.0025
  Ep 41: Loss 1.9082 | AUC 0.8364 | CATE 0.1110 | PEHE 0.0802 | Sens 0.0025
  Ep 42: Loss 1.8875 | AUC 0.8356 | CATE 0.1136 | PEHE 0.0741 | Sens 0.0034
  Ep 43: Loss 1.8726 | AUC 0.8345 | CATE 0.1196 | PEHE 0.0717 | Sens 0.0023
  Ep 44: Loss 1.8698 | AUC 0.8371 | CATE 0.1199 | PEHE 0.0693 | Sens 0.0023
  Ep 45: Loss 1.8766 | AUC 0.8375 | CATE 0.1172 | PEHE 0.0698 | Sens 0.0025
  Ep 46: Loss 1.8719 | AUC 0.8379 | CATE 0.1142 | PEHE 0.0757 | Sens 0.0026
  Ep 47: Loss 1.8659 | AUC 0.8341 | CATE 0.1141 | PEHE 0.0763 | Sens 0.0022
  Ep 48: Loss 1.8620 | AUC 0.8318 | CATE 0.1219 | PEHE 0.0678 | Sens 0.0022
  Ep 49: Loss 1.8465 | AUC 0.8326 | CATE 0.1205 | PEHE 0.0695 | Sens 0.0026
  Ep 50: Loss 1.8524 | AUC 0.8322 | CATE 0.1147 | PEHE 0.0753 | Sens 0.0033

=== Final SOTA Results ===
{
    "AUC": 0.8661327231121281,
    "ACC": 0.8058252427184466,
    "F1": 0.7674418604651163,
    "PEHE": 0.05430793344167746,
    "Delta_CATE": 0.11772959679365158,
    "Sens_Age": 0.006746390368789434
}
Report saved to results/final_sota_report_tuned_sota_auc_push_20260204h.md

