=== DLC Final SOTA Runs (Phase 3) ===
[Config] tag=tuned_sota_auc_push_20260203a d_hidden=192 num_layers=4 lambda_hsic=0.06 lambda_pred=3.0 lambda_ite=0.8 lambda_cate=1.5 lambda_prob=1.2 lambda_adv=0.5
Loading data...
Applying blacklist from data/PANCAN/pancan_leakage_blacklist.csv...
Filtered 513 leaked samples. Current: 8567
Aligning PANCAN features to LUAD feature space...
PANCAN aligned shape: (8567, 25)
PANCAN: (8567, 23), LUAD: (513, 23)
Scaler vars: min=0.030960266788788313, max=214.61184717252607

[Phase 1] Pre-training on PANCAN (100 epochs)...
  Ep 1: Loss 3.0557
  Ep 2: Loss 2.4113
  Ep 3: Loss 2.3133
  Ep 4: Loss 2.1706
  Ep 5: Loss 2.0524
  Ep 6: Loss 1.9168
  Ep 7: Loss 1.8326
  Ep 8: Loss 1.7765
  Ep 9: Loss 1.7380
  Ep 10: Loss 1.6936
  Ep 11: Loss 1.6778
  Ep 12: Loss 1.6502
  Ep 13: Loss 1.6434
  Ep 14: Loss 1.6298
  Ep 15: Loss 1.6200
  Ep 16: Loss 1.6248
  Ep 17: Loss 1.6079
  Ep 18: Loss 1.6156
  Ep 19: Loss 1.6084
  Ep 20: Loss 1.6010
  Ep 21: Loss 1.6034
  Ep 22: Loss 1.5957
  Ep 23: Loss 1.5959
  Ep 24: Loss 1.5997
  Ep 25: Loss 1.5985
  Ep 26: Loss 1.5941
  Ep 27: Loss 1.5860
  Ep 28: Loss 1.5869
  Ep 29: Loss 1.5865
  Ep 30: Loss 1.5857
  Ep 31: Loss 1.5791
  Ep 32: Loss 1.5829
  Ep 33: Loss 1.5810
  Ep 34: Loss 1.5781
  Ep 35: Loss 1.5792
  Ep 36: Loss 1.5809
  Ep 37: Loss 1.5801
  Ep 38: Loss 1.5813
  Ep 39: Loss 1.5783
  Ep 40: Loss 1.5783
  Ep 41: Loss 1.5763
  Ep 42: Loss 1.5712
  Ep 43: Loss 1.5768
  Ep 44: Loss 1.5723
  Ep 45: Loss 1.5777
  Ep 46: Loss 1.5737
  Ep 47: Loss 1.5735
  Ep 48: Loss 1.5815
  Ep 49: Loss 1.5742
  Ep 50: Loss 1.5769
  Ep 51: Loss 1.5729
  Ep 52: Loss 1.5751
  Ep 53: Loss 1.5722
  Ep 54: Loss 1.5730
  Ep 55: Loss 1.5717
  Ep 56: Loss 1.5690
  Ep 57: Loss 1.5716
  Ep 58: Loss 1.5701
  Ep 59: Loss 1.5697
  Ep 60: Loss 1.5700
  Ep 61: Loss 1.5698
  Ep 62: Loss 1.5633
  Ep 63: Loss 1.5650
  Ep 64: Loss 1.5599
  Ep 65: Loss 1.5658
  Ep 66: Loss 1.5653
  Ep 67: Loss 1.5661
  Ep 68: Loss 1.5662
  Ep 69: Loss 1.5626
  Ep 70: Loss 1.5629
  Ep 71: Loss 1.5657
  Ep 72: Loss 1.5671
  Ep 73: Loss 1.5600
  Ep 74: Loss 1.5645
  Ep 75: Loss 1.5640
  Ep 76: Loss 1.5625
  Ep 77: Loss 1.5619
  Ep 78: Loss 1.5634
  Ep 79: Loss 1.5603
  Ep 80: Loss 1.5623
  Ep 81: Loss 1.5595
  Ep 82: Loss 1.5565
  Ep 83: Loss 1.5555
  Ep 84: Loss 1.5550
  Ep 85: Loss 1.5517
  Ep 86: Loss 1.5553
  Ep 87: Loss 1.5494
  Ep 88: Loss 1.5540
  Ep 89: Loss 1.5507
  Ep 90: Loss 1.5499
  Ep 91: Loss 1.5532
  Ep 92: Loss 1.5532
  Ep 93: Loss 1.5463
  Ep 94: Loss 1.5502
  Ep 95: Loss 1.5485
  Ep 96: Loss 1.5442
  Ep 97: Loss 1.5452
  Ep 98: Loss 1.5423
  Ep 99: Loss 1.5440
  Ep 100: Loss 1.5406

[Phase 2] Fine-tuning on LUAD (50 epochs)...
  Ep 1: Loss 2.0124 | AUC 0.8890 | CATE 0.1629 | PEHE 0.0495 | Sens 0.0021
  Ep 2: Loss 1.9476 | AUC 0.8822 | CATE 0.1626 | PEHE 0.0594 | Sens 0.0021
  Ep 3: Loss 1.9189 | AUC 0.8768 | CATE 0.1587 | PEHE 0.0724 | Sens 0.0020
  Ep 4: Loss 1.9156 | AUC 0.8764 | CATE 0.1574 | PEHE 0.0708 | Sens 0.0020
  Ep 5: Loss 1.9050 | AUC 0.8753 | CATE 0.1599 | PEHE 0.0725 | Sens 0.0020
  Ep 6: Loss 1.8913 | AUC 0.8749 | CATE 0.1536 | PEHE 0.0695 | Sens 0.0020
  Ep 7: Loss 1.8892 | AUC 0.8753 | CATE 0.1479 | PEHE 0.0706 | Sens 0.0019
  Ep 8: Loss 1.8858 | AUC 0.8738 | CATE 0.1487 | PEHE 0.0764 | Sens 0.0019
  Ep 9: Loss 1.8795 | AUC 0.8764 | CATE 0.1453 | PEHE 0.0688 | Sens 0.0019
  Ep 10: Loss 1.8752 | AUC 0.8753 | CATE 0.1441 | PEHE 0.0690 | Sens 0.0019
  Ep 11: Loss 1.8534 | AUC 0.8722 | CATE 0.1438 | PEHE 0.0721 | Sens 0.0019
  Ep 12: Loss 1.8511 | AUC 0.8730 | CATE 0.1440 | PEHE 0.0668 | Sens 0.0019
  Ep 13: Loss 1.8496 | AUC 0.8707 | CATE 0.1404 | PEHE 0.0693 | Sens 0.0019
  Ep 14: Loss 1.8603 | AUC 0.8707 | CATE 0.1416 | PEHE 0.0696 | Sens 0.0018
  Ep 15: Loss 1.8569 | AUC 0.8680 | CATE 0.1458 | PEHE 0.0727 | Sens 0.0019
  Ep 16: Loss 1.8490 | AUC 0.8707 | CATE 0.1412 | PEHE 0.0672 | Sens 0.0018
  Ep 17: Loss 1.8485 | AUC 0.8692 | CATE 0.1405 | PEHE 0.0643 | Sens 0.0018
  Ep 18: Loss 1.8382 | AUC 0.8696 | CATE 0.1417 | PEHE 0.0612 | Sens 0.0018
  Ep 19: Loss 1.8557 | AUC 0.8692 | CATE 0.1411 | PEHE 0.0590 | Sens 0.0018
  Ep 20: Loss 1.8380 | AUC 0.8673 | CATE 0.1398 | PEHE 0.0626 | Sens 0.0018
  Ep 21: Loss 1.8172 | AUC 0.8665 | CATE 0.1387 | PEHE 0.0652 | Sens 0.0018
  Ep 22: Loss 1.8191 | AUC 0.8654 | CATE 0.1352 | PEHE 0.0651 | Sens 0.0018
  Ep 23: Loss 1.8200 | AUC 0.8650 | CATE 0.1378 | PEHE 0.0630 | Sens 0.0019
  Ep 24: Loss 1.8240 | AUC 0.8650 | CATE 0.1337 | PEHE 0.0639 | Sens 0.0018
  Ep 25: Loss 1.8224 | AUC 0.8646 | CATE 0.1415 | PEHE 0.0650 | Sens 0.0019
  Ep 26: Loss 1.8180 | AUC 0.8642 | CATE 0.1353 | PEHE 0.0619 | Sens 0.0019
  Ep 27: Loss 1.8025 | AUC 0.8635 | CATE 0.1361 | PEHE 0.0646 | Sens 0.0019
  Ep 28: Loss 1.8063 | AUC 0.8635 | CATE 0.1420 | PEHE 0.0690 | Sens 0.0020
  Ep 29: Loss 1.8012 | AUC 0.8619 | CATE 0.1367 | PEHE 0.0714 | Sens 0.0020
  Ep 30: Loss 1.8085 | AUC 0.8608 | CATE 0.1375 | PEHE 0.0648 | Sens 0.0020
  Ep 31: Loss 1.7912 | AUC 0.8604 | CATE 0.1402 | PEHE 0.0716 | Sens 0.0021
  Ep 32: Loss 1.7884 | AUC 0.8593 | CATE 0.1369 | PEHE 0.0680 | Sens 0.0020
  Ep 33: Loss 1.7892 | AUC 0.8581 | CATE 0.1352 | PEHE 0.0655 | Sens 0.0020
  Ep 34: Loss 1.7938 | AUC 0.8577 | CATE 0.1391 | PEHE 0.0641 | Sens 0.0021
  Ep 35: Loss 1.7779 | AUC 0.8577 | CATE 0.1380 | PEHE 0.0588 | Sens 0.0020
  Ep 36: Loss 1.7633 | AUC 0.8570 | CATE 0.1395 | PEHE 0.0605 | Sens 0.0021
  Ep 37: Loss 1.7762 | AUC 0.8566 | CATE 0.1408 | PEHE 0.0593 | Sens 0.0021
  Ep 38: Loss 1.7687 | AUC 0.8555 | CATE 0.1389 | PEHE 0.0624 | Sens 0.0020
  Ep 39: Loss 1.7688 | AUC 0.8558 | CATE 0.1403 | PEHE 0.0665 | Sens 0.0021
  Ep 40: Loss 1.7702 | AUC 0.8543 | CATE 0.1435 | PEHE 0.0661 | Sens 0.0022
  Ep 41: Loss 1.7668 | AUC 0.8528 | CATE 0.1403 | PEHE 0.0650 | Sens 0.0021
  Ep 42: Loss 1.7512 | AUC 0.8532 | CATE 0.1401 | PEHE 0.0615 | Sens 0.0021
  Ep 43: Loss 1.7633 | AUC 0.8543 | CATE 0.1386 | PEHE 0.0587 | Sens 0.0022
  Ep 44: Loss 1.7550 | AUC 0.8539 | CATE 0.1435 | PEHE 0.0632 | Sens 0.0024
  Ep 45: Loss 1.7632 | AUC 0.8524 | CATE 0.1372 | PEHE 0.0641 | Sens 0.0021
  Ep 46: Loss 1.7420 | AUC 0.8513 | CATE 0.1452 | PEHE 0.0646 | Sens 0.0024
  Ep 47: Loss 1.7600 | AUC 0.8516 | CATE 0.1432 | PEHE 0.0650 | Sens 0.0023
  Ep 48: Loss 1.7560 | AUC 0.8516 | CATE 0.1419 | PEHE 0.0637 | Sens 0.0022
  Ep 49: Loss 1.7383 | AUC 0.8509 | CATE 0.1493 | PEHE 0.0604 | Sens 0.0025
  Ep 50: Loss 1.7374 | AUC 0.8505 | CATE 0.1447 | PEHE 0.0614 | Sens 0.0024

=== Final SOTA Results ===
{
    "AUC": 0.8890160183066361,
    "ACC": 0.8446601941747572,
    "F1": 0.8260869565217391,
    "PEHE": 0.04954768375845138,
    "Delta_CATE": 0.16287857294082642,
    "Sens_Age": 0.002110075205564499
}
Report saved to results/final_sota_report_tuned_sota_auc_push_20260203a.md

