=== DLC Final SOTA Runs (Phase 3) ===
[Config] tag=tuned_sota_auc_push_20260203c d_hidden=128 num_layers=3 lambda_hsic=0.08 lambda_pred=3.2 lambda_ite=1.0 lambda_cate=2.0 lambda_prob=1.2 lambda_adv=0.5
Loading data...
Applying blacklist from data/PANCAN/pancan_leakage_blacklist.csv...
Filtered 513 leaked samples. Current: 8567
Aligning PANCAN features to LUAD feature space...
PANCAN aligned shape: (8567, 25)
PANCAN: (8567, 23), LUAD: (513, 23)
Scaler vars: min=0.030960266788788313, max=214.61184717252607

[Phase 1] Pre-training on PANCAN (100 epochs)...
  Ep 1: Loss 3.3672
  Ep 2: Loss 2.5586
  Ep 3: Loss 2.4610
  Ep 4: Loss 2.3761
  Ep 5: Loss 2.2839
  Ep 6: Loss 2.2044
  Ep 7: Loss 2.1361
  Ep 8: Loss 2.0745
  Ep 9: Loss 1.9928
  Ep 10: Loss 1.9331
  Ep 11: Loss 1.9070
  Ep 12: Loss 1.8950
  Ep 13: Loss 1.8661
  Ep 14: Loss 1.8230
  Ep 15: Loss 1.8052
  Ep 16: Loss 1.7981
  Ep 17: Loss 1.7944
  Ep 18: Loss 1.7719
  Ep 19: Loss 1.7551
  Ep 20: Loss 1.7477
  Ep 21: Loss 1.7410
  Ep 22: Loss 1.7343
  Ep 23: Loss 1.7262
  Ep 24: Loss 1.7178
  Ep 25: Loss 1.7121
  Ep 26: Loss 1.7050
  Ep 27: Loss 1.7014
  Ep 28: Loss 1.7026
  Ep 29: Loss 1.6986
  Ep 30: Loss 1.6987
  Ep 31: Loss 1.6985
  Ep 32: Loss 1.6943
  Ep 33: Loss 1.6877
  Ep 34: Loss 1.6876
  Ep 35: Loss 1.6820
  Ep 36: Loss 1.6798
  Ep 37: Loss 1.6798
  Ep 38: Loss 1.6800
  Ep 39: Loss 1.6780
  Ep 40: Loss 1.6785
  Ep 41: Loss 1.6817
  Ep 42: Loss 1.6792
  Ep 43: Loss 1.6740
  Ep 44: Loss 1.6752
  Ep 45: Loss 1.6778
  Ep 46: Loss 1.6781
  Ep 47: Loss 1.6706
  Ep 48: Loss 1.6722
  Ep 49: Loss 1.6680
  Ep 50: Loss 1.6657
  Ep 51: Loss 1.6642
  Ep 52: Loss 1.6629
  Ep 53: Loss 1.6650
  Ep 54: Loss 1.6670
  Ep 55: Loss 1.6639
  Ep 56: Loss 1.6589
  Ep 57: Loss 1.6604
  Ep 58: Loss 1.6561
  Ep 59: Loss 1.6622
  Ep 60: Loss 1.6635
  Ep 61: Loss 1.6624
  Ep 62: Loss 1.6586
  Ep 63: Loss 1.6521
  Ep 64: Loss 1.6512
  Ep 65: Loss 1.6541
  Ep 66: Loss 1.6573
  Ep 67: Loss 1.6582
  Ep 68: Loss 1.6554
  Ep 69: Loss 1.6501
  Ep 70: Loss 1.6539
  Ep 71: Loss 1.6552
  Ep 72: Loss 1.6555
  Ep 73: Loss 1.6534
  Ep 74: Loss 1.6572
  Ep 75: Loss 1.6558
  Ep 76: Loss 1.6520
  Ep 77: Loss 1.6506
  Ep 78: Loss 1.6497
  Ep 79: Loss 1.6499
  Ep 80: Loss 1.6451
  Ep 81: Loss 1.6444
  Ep 82: Loss 1.6457
  Ep 83: Loss 1.6401
  Ep 84: Loss 1.6414
  Ep 85: Loss 1.6438
  Ep 86: Loss 1.6402
  Ep 87: Loss 1.6464
  Ep 88: Loss 1.6438
  Ep 89: Loss 1.6397
  Ep 90: Loss 1.6367
  Ep 91: Loss 1.6372
  Ep 92: Loss 1.6399
  Ep 93: Loss 1.6398
  Ep 94: Loss 1.6386
  Ep 95: Loss 1.6362
  Ep 96: Loss 1.6331
  Ep 97: Loss 1.6328
  Ep 98: Loss 1.6339
  Ep 99: Loss 1.6321
  Ep 100: Loss 1.6295

[Phase 2] Fine-tuning on LUAD (50 epochs)...
  Ep 1: Loss 2.0693 | AUC 0.8547 | CATE 0.1270 | PEHE 0.0583 | Sens 0.0015
  Ep 2: Loss 2.0222 | AUC 0.8589 | CATE 0.0982 | PEHE 0.0607 | Sens 0.0014
  Ep 3: Loss 2.0215 | AUC 0.8566 | CATE 0.0870 | PEHE 0.0648 | Sens 0.0014
  Ep 4: Loss 2.0044 | AUC 0.8562 | CATE 0.0930 | PEHE 0.0646 | Sens 0.0014
  Ep 5: Loss 1.9905 | AUC 0.8570 | CATE 0.0881 | PEHE 0.0691 | Sens 0.0013
  Ep 6: Loss 1.9790 | AUC 0.8577 | CATE 0.0742 | PEHE 0.0757 | Sens 0.0013
  Ep 7: Loss 1.9886 | AUC 0.8577 | CATE 0.0819 | PEHE 0.0712 | Sens 0.0013
  Ep 8: Loss 1.9663 | AUC 0.8570 | CATE 0.0758 | PEHE 0.0747 | Sens 0.0012
  Ep 9: Loss 1.9818 | AUC 0.8555 | CATE 0.0772 | PEHE 0.0734 | Sens 0.0012
  Ep 10: Loss 1.9684 | AUC 0.8574 | CATE 0.0663 | PEHE 0.0767 | Sens 0.0012
  Ep 11: Loss 1.9862 | AUC 0.8562 | CATE 0.0784 | PEHE 0.0699 | Sens 0.0012
  Ep 12: Loss 1.9907 | AUC 0.8558 | CATE 0.0816 | PEHE 0.0667 | Sens 0.0012
  Ep 13: Loss 1.9804 | AUC 0.8555 | CATE 0.0791 | PEHE 0.0664 | Sens 0.0012
  Ep 14: Loss 1.9735 | AUC 0.8555 | CATE 0.0832 | PEHE 0.0641 | Sens 0.0012
  Ep 15: Loss 1.9613 | AUC 0.8558 | CATE 0.0844 | PEHE 0.0646 | Sens 0.0012
  Ep 16: Loss 1.9531 | AUC 0.8547 | CATE 0.0909 | PEHE 0.0631 | Sens 0.0012
  Ep 17: Loss 1.9612 | AUC 0.8558 | CATE 0.0841 | PEHE 0.0658 | Sens 0.0012
  Ep 18: Loss 1.9592 | AUC 0.8555 | CATE 0.0923 | PEHE 0.0618 | Sens 0.0012
  Ep 19: Loss 1.9615 | AUC 0.8547 | CATE 0.0940 | PEHE 0.0614 | Sens 0.0012
  Ep 20: Loss 1.9462 | AUC 0.8558 | CATE 0.0881 | PEHE 0.0639 | Sens 0.0012
  Ep 21: Loss 1.9434 | AUC 0.8535 | CATE 0.0952 | PEHE 0.0615 | Sens 0.0012
  Ep 22: Loss 1.9423 | AUC 0.8547 | CATE 0.0901 | PEHE 0.0639 | Sens 0.0012
  Ep 23: Loss 1.9640 | AUC 0.8539 | CATE 0.0975 | PEHE 0.0614 | Sens 0.0012
  Ep 24: Loss 1.9475 | AUC 0.8543 | CATE 0.0923 | PEHE 0.0637 | Sens 0.0012
  Ep 25: Loss 1.9527 | AUC 0.8543 | CATE 0.0944 | PEHE 0.0634 | Sens 0.0012
  Ep 26: Loss 1.9430 | AUC 0.8543 | CATE 0.0934 | PEHE 0.0642 | Sens 0.0012
  Ep 27: Loss 1.9388 | AUC 0.8528 | CATE 0.0952 | PEHE 0.0633 | Sens 0.0012
  Ep 28: Loss 1.9400 | AUC 0.8528 | CATE 0.0991 | PEHE 0.0626 | Sens 0.0012
  Ep 29: Loss 1.9370 | AUC 0.8520 | CATE 0.0983 | PEHE 0.0629 | Sens 0.0012
  Ep 30: Loss 1.9325 | AUC 0.8528 | CATE 0.0883 | PEHE 0.0666 | Sens 0.0011
  Ep 31: Loss 1.9248 | AUC 0.8532 | CATE 0.0997 | PEHE 0.0642 | Sens 0.0012
  Ep 32: Loss 1.9281 | AUC 0.8528 | CATE 0.1004 | PEHE 0.0639 | Sens 0.0012
  Ep 33: Loss 1.9257 | AUC 0.8532 | CATE 0.0961 | PEHE 0.0648 | Sens 0.0012
  Ep 34: Loss 1.9363 | AUC 0.8524 | CATE 0.1049 | PEHE 0.0626 | Sens 0.0012
  Ep 35: Loss 1.9393 | AUC 0.8524 | CATE 0.1018 | PEHE 0.0646 | Sens 0.0012
  Ep 36: Loss 1.9205 | AUC 0.8524 | CATE 0.0950 | PEHE 0.0680 | Sens 0.0011
  Ep 37: Loss 1.9263 | AUC 0.8516 | CATE 0.0963 | PEHE 0.0677 | Sens 0.0011
  Ep 38: Loss 1.9333 | AUC 0.8501 | CATE 0.1099 | PEHE 0.0630 | Sens 0.0013
  Ep 39: Loss 1.9201 | AUC 0.8516 | CATE 0.0991 | PEHE 0.0664 | Sens 0.0011
  Ep 40: Loss 1.9148 | AUC 0.8505 | CATE 0.1033 | PEHE 0.0656 | Sens 0.0012
  Ep 41: Loss 1.9153 | AUC 0.8505 | CATE 0.0936 | PEHE 0.0689 | Sens 0.0011
  Ep 42: Loss 1.9234 | AUC 0.8509 | CATE 0.0893 | PEHE 0.0711 | Sens 0.0011
  Ep 43: Loss 1.9119 | AUC 0.8494 | CATE 0.0991 | PEHE 0.0683 | Sens 0.0011
  Ep 44: Loss 1.9054 | AUC 0.8482 | CATE 0.1014 | PEHE 0.0683 | Sens 0.0011
  Ep 45: Loss 1.9160 | AUC 0.8494 | CATE 0.0943 | PEHE 0.0700 | Sens 0.0011
  Ep 46: Loss 1.9053 | AUC 0.8478 | CATE 0.0988 | PEHE 0.0692 | Sens 0.0011
  Ep 47: Loss 1.9146 | AUC 0.8490 | CATE 0.0958 | PEHE 0.0702 | Sens 0.0011
  Ep 48: Loss 1.9240 | AUC 0.8478 | CATE 0.0978 | PEHE 0.0699 | Sens 0.0010
  Ep 49: Loss 1.9057 | AUC 0.8474 | CATE 0.0988 | PEHE 0.0706 | Sens 0.0010
  Ep 50: Loss 1.9048 | AUC 0.8471 | CATE 0.0976 | PEHE 0.0710 | Sens 0.0011

=== Final SOTA Results ===
{
    "AUC": 0.8546910755148742,
    "ACC": 0.8155339805825242,
    "F1": 0.7956989247311828,
    "PEHE": 0.05827608905224356,
    "Delta_CATE": 0.12698248028755188,
    "Sens_Age": 0.0015216332394629717
}
Report saved to results/final_sota_report_tuned_sota_auc_push_20260203c.md

