=== DLC Final SOTA Runs (Phase 3) ===
[Config] tag=tuned_sota_auc_push_20260203e d_hidden=192 num_layers=4 lambda_hsic=0.01 lambda_pred=5.0 lambda_ite=0.5 lambda_cate=1.0 lambda_prob=2.5 lambda_adv=0.5 lambda_sens=0.2 sens_eps_scale=0.5
Loading data...
Applying blacklist from data/PANCAN/pancan_leakage_blacklist.csv...
Filtered 513 leaked samples. Current: 8567
Aligning PANCAN features to LUAD feature space...
PANCAN aligned shape: (8567, 25)
PANCAN: (8567, 23), LUAD: (513, 23)
Scaler vars: min=0.030960266788788313, max=214.61184717252607

[Phase 1] Pre-training on PANCAN (100 epochs)...
  Ep 1: Loss 4.0555
  Ep 2: Loss 3.1043
  Ep 3: Loss 2.9997
  Ep 4: Loss 2.8561
  Ep 5: Loss 2.7419
  Ep 6: Loss 2.6165
  Ep 7: Loss 2.5363
  Ep 8: Loss 2.4829
  Ep 9: Loss 2.4291
  Ep 10: Loss 2.3657
  Ep 11: Loss 2.3807
  Ep 12: Loss 2.3426
  Ep 13: Loss 2.3182
  Ep 14: Loss 2.3252
  Ep 15: Loss 2.3094
  Ep 16: Loss 2.2949
  Ep 17: Loss 2.3061
  Ep 18: Loss 2.2970
  Ep 19: Loss 2.2877
  Ep 20: Loss 2.2903
  Ep 21: Loss 2.2904
  Ep 22: Loss 2.2742
  Ep 23: Loss 2.2806
  Ep 24: Loss 2.2766
  Ep 25: Loss 2.2739
  Ep 26: Loss 2.2727
  Ep 27: Loss 2.2705
  Ep 28: Loss 2.2719
  Ep 29: Loss 2.2700
  Ep 30: Loss 2.2651
  Ep 31: Loss 2.2621
  Ep 32: Loss 2.2632
  Ep 33: Loss 2.2515
  Ep 34: Loss 2.2558
  Ep 35: Loss 2.2575
  Ep 36: Loss 2.2560
  Ep 37: Loss 2.2563
  Ep 38: Loss 2.2546
  Ep 39: Loss 2.2523
  Ep 40: Loss 2.2496
  Ep 41: Loss 2.2555
  Ep 42: Loss 2.2421
  Ep 43: Loss 2.2441
  Ep 44: Loss 2.2422
  Ep 45: Loss 2.2448
  Ep 46: Loss 2.2447
  Ep 47: Loss 2.2416
  Ep 48: Loss 2.2441
  Ep 49: Loss 2.2400
  Ep 50: Loss 2.2362
  Ep 51: Loss 2.2411
  Ep 52: Loss 2.2378
  Ep 53: Loss 2.2302
  Ep 54: Loss 2.2324
  Ep 55: Loss 2.2331
  Ep 56: Loss 2.2279
  Ep 57: Loss 2.2258
  Ep 58: Loss 2.2248
  Ep 59: Loss 2.2226
  Ep 60: Loss 2.2256
  Ep 61: Loss 2.2267
  Ep 62: Loss 2.2137
  Ep 63: Loss 2.2163
  Ep 64: Loss 2.2166
  Ep 65: Loss 2.2233
  Ep 66: Loss 2.2148
  Ep 67: Loss 2.2164
  Ep 68: Loss 2.2162
  Ep 69: Loss 2.2117
  Ep 70: Loss 2.2077
  Ep 71: Loss 2.2098
  Ep 72: Loss 2.2098
  Ep 73: Loss 2.1988
  Ep 74: Loss 2.2022
  Ep 75: Loss 2.2077
  Ep 76: Loss 2.2073
  Ep 77: Loss 2.1994
  Ep 78: Loss 2.2000
  Ep 79: Loss 2.1942
  Ep 80: Loss 2.1978
  Ep 81: Loss 2.1881
  Ep 82: Loss 2.1879
  Ep 83: Loss 2.1849
  Ep 84: Loss 2.1833
  Ep 85: Loss 2.1805
  Ep 86: Loss 2.1859
  Ep 87: Loss 2.1763
  Ep 88: Loss 2.1816
  Ep 89: Loss 2.1780
  Ep 90: Loss 2.1645
  Ep 91: Loss 2.1736
  Ep 92: Loss 2.1647
  Ep 93: Loss 2.1613
  Ep 94: Loss 2.1645
  Ep 95: Loss 2.1558
  Ep 96: Loss 2.1564
  Ep 97: Loss 2.1512
  Ep 98: Loss 2.1518
  Ep 99: Loss 2.1525
  Ep 100: Loss 2.1486

[Phase 2] Fine-tuning on LUAD (50 epochs)...
  Ep 1: Loss 3.1324 | AUC 0.8711 | CATE 0.1362 | PEHE 0.0866 | Sens 0.0042
  Ep 2: Loss 2.9864 | AUC 0.8661 | CATE 0.1364 | PEHE 0.0817 | Sens 0.0041
  Ep 3: Loss 2.9407 | AUC 0.8646 | CATE 0.1323 | PEHE 0.0854 | Sens 0.0039
  Ep 4: Loss 2.9149 | AUC 0.8600 | CATE 0.1375 | PEHE 0.0847 | Sens 0.0040
  Ep 5: Loss 2.8948 | AUC 0.8589 | CATE 0.1359 | PEHE 0.0860 | Sens 0.0040
  Ep 6: Loss 2.8370 | AUC 0.8623 | CATE 0.1280 | PEHE 0.0877 | Sens 0.0039
  Ep 7: Loss 2.8517 | AUC 0.8619 | CATE 0.1225 | PEHE 0.0923 | Sens 0.0037
  Ep 8: Loss 2.8285 | AUC 0.8604 | CATE 0.1204 | PEHE 0.0962 | Sens 0.0036
  Ep 9: Loss 2.8287 | AUC 0.8604 | CATE 0.1172 | PEHE 0.0915 | Sens 0.0036
  Ep 10: Loss 2.8036 | AUC 0.8589 | CATE 0.1156 | PEHE 0.0913 | Sens 0.0037
  Ep 11: Loss 2.7686 | AUC 0.8577 | CATE 0.1127 | PEHE 0.0937 | Sens 0.0036
  Ep 12: Loss 2.7897 | AUC 0.8589 | CATE 0.1112 | PEHE 0.0895 | Sens 0.0036
  Ep 13: Loss 2.7635 | AUC 0.8589 | CATE 0.1060 | PEHE 0.0924 | Sens 0.0035
  Ep 14: Loss 2.7440 | AUC 0.8581 | CATE 0.1069 | PEHE 0.0894 | Sens 0.0036
  Ep 15: Loss 2.7604 | AUC 0.8562 | CATE 0.1083 | PEHE 0.0898 | Sens 0.0037
  Ep 16: Loss 2.7518 | AUC 0.8562 | CATE 0.1046 | PEHE 0.0873 | Sens 0.0036
  Ep 17: Loss 2.7343 | AUC 0.8562 | CATE 0.1038 | PEHE 0.0861 | Sens 0.0037
  Ep 18: Loss 2.7160 | AUC 0.8562 | CATE 0.1042 | PEHE 0.0822 | Sens 0.0037
  Ep 19: Loss 2.7345 | AUC 0.8577 | CATE 0.1038 | PEHE 0.0813 | Sens 0.0037
  Ep 20: Loss 2.7134 | AUC 0.8581 | CATE 0.1047 | PEHE 0.0816 | Sens 0.0037
  Ep 21: Loss 2.6834 | AUC 0.8566 | CATE 0.1017 | PEHE 0.0854 | Sens 0.0036
  Ep 22: Loss 2.6939 | AUC 0.8562 | CATE 0.0991 | PEHE 0.0857 | Sens 0.0036
  Ep 23: Loss 2.6912 | AUC 0.8562 | CATE 0.1018 | PEHE 0.0839 | Sens 0.0037
  Ep 24: Loss 2.6710 | AUC 0.8562 | CATE 0.0968 | PEHE 0.0839 | Sens 0.0037
  Ep 25: Loss 2.6929 | AUC 0.8524 | CATE 0.1060 | PEHE 0.0809 | Sens 0.0037
  Ep 26: Loss 2.6840 | AUC 0.8543 | CATE 0.1010 | PEHE 0.0796 | Sens 0.0036
  Ep 27: Loss 2.6550 | AUC 0.8532 | CATE 0.1000 | PEHE 0.0821 | Sens 0.0037
  Ep 28: Loss 2.6406 | AUC 0.8501 | CATE 0.1025 | PEHE 0.0858 | Sens 0.0037
  Ep 29: Loss 2.6444 | AUC 0.8486 | CATE 0.0971 | PEHE 0.0921 | Sens 0.0038
  Ep 30: Loss 2.6546 | AUC 0.8482 | CATE 0.0991 | PEHE 0.0877 | Sens 0.0037
  Ep 31: Loss 2.6258 | AUC 0.8494 | CATE 0.0992 | PEHE 0.0925 | Sens 0.0038
  Ep 32: Loss 2.6026 | AUC 0.8474 | CATE 0.0993 | PEHE 0.0863 | Sens 0.0038
  Ep 33: Loss 2.6238 | AUC 0.8471 | CATE 0.0986 | PEHE 0.0820 | Sens 0.0038
  Ep 34: Loss 2.6155 | AUC 0.8459 | CATE 0.1010 | PEHE 0.0810 | Sens 0.0038
  Ep 35: Loss 2.6010 | AUC 0.8448 | CATE 0.1016 | PEHE 0.0791 | Sens 0.0038
  Ep 36: Loss 2.5831 | AUC 0.8444 | CATE 0.1012 | PEHE 0.0821 | Sens 0.0038
  Ep 37: Loss 2.5858 | AUC 0.8444 | CATE 0.1019 | PEHE 0.0820 | Sens 0.0038
  Ep 38: Loss 2.5856 | AUC 0.8429 | CATE 0.1009 | PEHE 0.0828 | Sens 0.0039
  Ep 39: Loss 2.5919 | AUC 0.8413 | CATE 0.0996 | PEHE 0.0851 | Sens 0.0040
  Ep 40: Loss 2.5923 | AUC 0.8410 | CATE 0.1013 | PEHE 0.0833 | Sens 0.0039
  Ep 41: Loss 2.5714 | AUC 0.8410 | CATE 0.0993 | PEHE 0.0851 | Sens 0.0040
  Ep 42: Loss 2.5400 | AUC 0.8406 | CATE 0.0984 | PEHE 0.0837 | Sens 0.0040
  Ep 43: Loss 2.5598 | AUC 0.8402 | CATE 0.0993 | PEHE 0.0808 | Sens 0.0040
  Ep 44: Loss 2.5554 | AUC 0.8398 | CATE 0.1029 | PEHE 0.0832 | Sens 0.0040
  Ep 45: Loss 2.5332 | AUC 0.8402 | CATE 0.0963 | PEHE 0.0846 | Sens 0.0041
  Ep 46: Loss 2.5318 | AUC 0.8387 | CATE 0.1044 | PEHE 0.0836 | Sens 0.0040
  Ep 47: Loss 2.5278 | AUC 0.8391 | CATE 0.1026 | PEHE 0.0843 | Sens 0.0041
  Ep 48: Loss 2.5180 | AUC 0.8383 | CATE 0.0994 | PEHE 0.0808 | Sens 0.0042
  Ep 49: Loss 2.5037 | AUC 0.8379 | CATE 0.1088 | PEHE 0.0815 | Sens 0.0042
  Ep 50: Loss 2.5015 | AUC 0.8371 | CATE 0.1046 | PEHE 0.0825 | Sens 0.0043

=== Final SOTA Results ===
{
    "AUC": 0.8710907704042716,
    "ACC": 0.8155339805825242,
    "F1": 0.7912087912087912,
    "PEHE": 0.08657873758942863,
    "Delta_CATE": 0.13615262508392334,
    "Sens_Age": 0.0042491573840379715
}
Report saved to results/final_sota_report_tuned_sota_auc_push_20260203e.md

