=== DLC Final SOTA Runs (Phase 3) ===
[Config] tag=tuned_sota_auc_push_20260204g d_hidden=192 num_layers=4 lambda_hsic=0.04 lambda_pred=3.5 lambda_ite=0.8 lambda_cate=1.2 lambda_prob=1.8 lambda_adv=0.5 lambda_sens=0.2 sens_eps_scale=0.5
[Seed] 42
Loading data...
Applying blacklist from data/PANCAN/pancan_leakage_blacklist.csv...
Filtered 513 leaked samples. Current: 8567
Aligning PANCAN features to LUAD feature space...
PANCAN aligned shape: (8567, 25)
PANCAN: (8567, 23), LUAD: (513, 23)
Scaler vars: min=0.030960266788788313, max=214.61184717252607

[Phase 1] Pre-training on PANCAN (100 epochs)...
  Ep 1: Loss 3.3192
  Ep 2: Loss 2.5884
  Ep 3: Loss 2.4816
  Ep 4: Loss 2.3337
  Ep 5: Loss 2.2212
  Ep 6: Loss 2.0913
  Ep 7: Loss 2.0084
  Ep 8: Loss 1.9636
  Ep 9: Loss 1.9167
  Ep 10: Loss 1.8572
  Ep 11: Loss 1.8629
  Ep 12: Loss 1.8181
  Ep 13: Loss 1.8022
  Ep 14: Loss 1.8160
  Ep 15: Loss 1.7934
  Ep 16: Loss 1.7784
  Ep 17: Loss 1.7942
  Ep 18: Loss 1.7777
  Ep 19: Loss 1.7747
  Ep 20: Loss 1.7809
  Ep 21: Loss 1.7764
  Ep 22: Loss 1.7670
  Ep 23: Loss 1.7784
  Ep 24: Loss 1.7678
  Ep 25: Loss 1.7613
  Ep 26: Loss 1.7619
  Ep 27: Loss 1.7576
  Ep 28: Loss 1.7655
  Ep 29: Loss 1.7606
  Ep 30: Loss 1.7534
  Ep 31: Loss 1.7626
  Ep 32: Loss 1.7517
  Ep 33: Loss 1.7489
  Ep 34: Loss 1.7621
  Ep 35: Loss 1.7483
  Ep 36: Loss 1.7494
  Ep 37: Loss 1.7590
  Ep 38: Loss 1.7469
  Ep 39: Loss 1.7495
  Ep 40: Loss 1.7508
  Ep 41: Loss 1.7511
  Ep 42: Loss 1.7425
  Ep 43: Loss 1.7458
  Ep 44: Loss 1.7470
  Ep 45: Loss 1.7405
  Ep 46: Loss 1.7416
  Ep 47: Loss 1.7443
  Ep 48: Loss 1.7446
  Ep 49: Loss 1.7380
  Ep 50: Loss 1.7468
  Ep 51: Loss 1.7395
  Ep 52: Loss 1.7415
  Ep 53: Loss 1.7356
  Ep 54: Loss 1.7351
  Ep 55: Loss 1.7368
  Ep 56: Loss 1.7333
  Ep 57: Loss 1.7340
  Ep 58: Loss 1.7359
  Ep 59: Loss 1.7348
  Ep 60: Loss 1.7362
  Ep 61: Loss 1.7349
  Ep 62: Loss 1.7354
  Ep 63: Loss 1.7367
  Ep 64: Loss 1.7306
  Ep 65: Loss 1.7284
  Ep 66: Loss 1.7287
  Ep 67: Loss 1.7350
  Ep 68: Loss 1.7307
  Ep 69: Loss 1.7274
  Ep 70: Loss 1.7261
  Ep 71: Loss 1.7243
  Ep 72: Loss 1.7269
  Ep 73: Loss 1.7267
  Ep 74: Loss 1.7245
  Ep 75: Loss 1.7249
  Ep 76: Loss 1.7262
  Ep 77: Loss 1.7259
  Ep 78: Loss 1.7229
  Ep 79: Loss 1.7174
  Ep 80: Loss 1.7215
  Ep 81: Loss 1.7214
  Ep 82: Loss 1.7202
  Ep 83: Loss 1.7136
  Ep 84: Loss 1.7156
  Ep 85: Loss 1.7148
  Ep 86: Loss 1.7192
  Ep 87: Loss 1.7134
  Ep 88: Loss 1.7160
  Ep 89: Loss 1.7133
  Ep 90: Loss 1.7066
  Ep 91: Loss 1.7118
  Ep 92: Loss 1.7058
  Ep 93: Loss 1.7038
  Ep 94: Loss 1.7076
  Ep 95: Loss 1.6995
  Ep 96: Loss 1.7010
  Ep 97: Loss 1.6983
  Ep 98: Loss 1.6981
  Ep 99: Loss 1.6992
  Ep 100: Loss 1.6959

[Phase 2] Fine-tuning on LUAD (50 epochs)...
  Ep 1: Loss 2.2599 | AUC 0.8722 | CATE 0.1461 | PEHE 0.0651 | Sens 0.0026
  Ep 2: Loss 2.1874 | AUC 0.8715 | CATE 0.1452 | PEHE 0.0685 | Sens 0.0026
  Ep 3: Loss 2.1587 | AUC 0.8722 | CATE 0.1388 | PEHE 0.0802 | Sens 0.0024
  Ep 4: Loss 2.1524 | AUC 0.8696 | CATE 0.1402 | PEHE 0.0767 | Sens 0.0024
  Ep 5: Loss 2.1390 | AUC 0.8703 | CATE 0.1421 | PEHE 0.0757 | Sens 0.0024
  Ep 6: Loss 2.1077 | AUC 0.8688 | CATE 0.1334 | PEHE 0.0744 | Sens 0.0023
  Ep 7: Loss 2.1153 | AUC 0.8688 | CATE 0.1280 | PEHE 0.0781 | Sens 0.0023
  Ep 8: Loss 2.1042 | AUC 0.8654 | CATE 0.1279 | PEHE 0.0832 | Sens 0.0023
  Ep 9: Loss 2.1046 | AUC 0.8680 | CATE 0.1236 | PEHE 0.0775 | Sens 0.0022
  Ep 10: Loss 2.0877 | AUC 0.8677 | CATE 0.1222 | PEHE 0.0760 | Sens 0.0023
  Ep 11: Loss 2.0682 | AUC 0.8673 | CATE 0.1191 | PEHE 0.0777 | Sens 0.0023
  Ep 12: Loss 2.0864 | AUC 0.8661 | CATE 0.1171 | PEHE 0.0719 | Sens 0.0022
  Ep 13: Loss 2.0643 | AUC 0.8658 | CATE 0.1127 | PEHE 0.0764 | Sens 0.0022
  Ep 14: Loss 2.0588 | AUC 0.8646 | CATE 0.1138 | PEHE 0.0762 | Sens 0.0022
  Ep 15: Loss 2.0634 | AUC 0.8650 | CATE 0.1163 | PEHE 0.0770 | Sens 0.0023
  Ep 16: Loss 2.0637 | AUC 0.8646 | CATE 0.1124 | PEHE 0.0738 | Sens 0.0023
  Ep 17: Loss 2.0570 | AUC 0.8635 | CATE 0.1114 | PEHE 0.0720 | Sens 0.0023
  Ep 18: Loss 2.0408 | AUC 0.8650 | CATE 0.1118 | PEHE 0.0673 | Sens 0.0023
  Ep 19: Loss 2.0600 | AUC 0.8646 | CATE 0.1112 | PEHE 0.0665 | Sens 0.0023
  Ep 20: Loss 2.0477 | AUC 0.8646 | CATE 0.1113 | PEHE 0.0676 | Sens 0.0023
  Ep 21: Loss 2.0275 | AUC 0.8627 | CATE 0.1091 | PEHE 0.0698 | Sens 0.0022
  Ep 22: Loss 2.0313 | AUC 0.8631 | CATE 0.1060 | PEHE 0.0707 | Sens 0.0022
  Ep 23: Loss 2.0321 | AUC 0.8631 | CATE 0.1091 | PEHE 0.0702 | Sens 0.0022
  Ep 24: Loss 2.0206 | AUC 0.8635 | CATE 0.1036 | PEHE 0.0702 | Sens 0.0021
  Ep 25: Loss 2.0340 | AUC 0.8623 | CATE 0.1131 | PEHE 0.0682 | Sens 0.0022
  Ep 26: Loss 2.0305 | AUC 0.8646 | CATE 0.1065 | PEHE 0.0652 | Sens 0.0022
  Ep 27: Loss 2.0106 | AUC 0.8635 | CATE 0.1076 | PEHE 0.0669 | Sens 0.0022
  Ep 28: Loss 2.0038 | AUC 0.8623 | CATE 0.1106 | PEHE 0.0711 | Sens 0.0022
  Ep 29: Loss 2.0030 | AUC 0.8616 | CATE 0.1044 | PEHE 0.0765 | Sens 0.0021
  Ep 30: Loss 2.0167 | AUC 0.8604 | CATE 0.1058 | PEHE 0.0727 | Sens 0.0022
  Ep 31: Loss 1.9943 | AUC 0.8600 | CATE 0.1064 | PEHE 0.0748 | Sens 0.0022
  Ep 32: Loss 1.9825 | AUC 0.8616 | CATE 0.1061 | PEHE 0.0696 | Sens 0.0022
  Ep 33: Loss 1.9956 | AUC 0.8600 | CATE 0.1052 | PEHE 0.0675 | Sens 0.0022
  Ep 34: Loss 1.9903 | AUC 0.8600 | CATE 0.1069 | PEHE 0.0669 | Sens 0.0022
  Ep 35: Loss 1.9811 | AUC 0.8596 | CATE 0.1084 | PEHE 0.0643 | Sens 0.0022
  Ep 36: Loss 1.9710 | AUC 0.8600 | CATE 0.1073 | PEHE 0.0663 | Sens 0.0022
  Ep 37: Loss 1.9812 | AUC 0.8585 | CATE 0.1089 | PEHE 0.0655 | Sens 0.0022
  Ep 38: Loss 1.9777 | AUC 0.8574 | CATE 0.1071 | PEHE 0.0666 | Sens 0.0022
  Ep 39: Loss 1.9738 | AUC 0.8581 | CATE 0.1061 | PEHE 0.0697 | Sens 0.0022
  Ep 40: Loss 1.9796 | AUC 0.8574 | CATE 0.1084 | PEHE 0.0682 | Sens 0.0023
  Ep 41: Loss 1.9673 | AUC 0.8574 | CATE 0.1067 | PEHE 0.0685 | Sens 0.0023
  Ep 42: Loss 1.9460 | AUC 0.8562 | CATE 0.1056 | PEHE 0.0675 | Sens 0.0023
  Ep 43: Loss 1.9727 | AUC 0.8558 | CATE 0.1062 | PEHE 0.0649 | Sens 0.0023
  Ep 44: Loss 1.9611 | AUC 0.8555 | CATE 0.1096 | PEHE 0.0667 | Sens 0.0024
  Ep 45: Loss 1.9436 | AUC 0.8555 | CATE 0.1038 | PEHE 0.0691 | Sens 0.0023
  Ep 46: Loss 1.9508 | AUC 0.8555 | CATE 0.1089 | PEHE 0.0691 | Sens 0.0023
  Ep 47: Loss 1.9443 | AUC 0.8555 | CATE 0.1079 | PEHE 0.0702 | Sens 0.0023
  Ep 48: Loss 1.9483 | AUC 0.8543 | CATE 0.1061 | PEHE 0.0684 | Sens 0.0023
  Ep 49: Loss 1.9365 | AUC 0.8551 | CATE 0.1135 | PEHE 0.0670 | Sens 0.0024
  Ep 50: Loss 1.9338 | AUC 0.8535 | CATE 0.1098 | PEHE 0.0680 | Sens 0.0023

=== Final SOTA Results ===
{
    "AUC": 0.872234935163997,
    "ACC": 0.7961165048543689,
    "F1": 0.7692307692307693,
    "PEHE": 0.06507108581631994,
    "Delta_CATE": 0.14605939388275146,
    "Sens_Age": 0.002555481158196926
}
Report saved to results/final_sota_report_tuned_sota_auc_push_20260204g.md

