=== DLC Final SOTA Runs (Phase 3) ===
[Config] tag=tuned_sota_sens_push_20260203a_seed43 d_hidden=192 num_layers=4 lambda_hsic=0.06 lambda_pred=3.0 lambda_ite=0.8 lambda_cate=1.5 lambda_prob=1.2 lambda_adv=0.5 lambda_sens=0.5 sens_eps_scale=0.5
[Seed] 43
Loading data...
Applying blacklist from data/PANCAN/pancan_leakage_blacklist.csv...
Filtered 513 leaked samples. Current: 8567
Aligning PANCAN features to LUAD feature space...
PANCAN aligned shape: (8567, 25)
PANCAN: (8567, 23), LUAD: (513, 23)
Scaler vars: min=0.030960266788788313, max=214.61184717252607

[Phase 1] Pre-training on PANCAN (100 epochs)...
  Ep 1: Loss 3.0643
  Ep 2: Loss 2.4240
  Ep 3: Loss 2.3150
  Ep 4: Loss 2.1640
  Ep 5: Loss 2.0534
  Ep 6: Loss 1.9212
  Ep 7: Loss 1.8350
  Ep 8: Loss 1.7993
  Ep 9: Loss 1.7445
  Ep 10: Loss 1.6908
  Ep 11: Loss 1.6801
  Ep 12: Loss 1.6476
  Ep 13: Loss 1.6386
  Ep 14: Loss 1.6394
  Ep 15: Loss 1.6140
  Ep 16: Loss 1.6201
  Ep 17: Loss 1.6186
  Ep 18: Loss 1.6094
  Ep 19: Loss 1.6054
  Ep 20: Loss 1.6134
  Ep 21: Loss 1.6039
  Ep 22: Loss 1.5949
  Ep 23: Loss 1.6042
  Ep 24: Loss 1.6016
  Ep 25: Loss 1.5918
  Ep 26: Loss 1.5904
  Ep 27: Loss 1.5976
  Ep 28: Loss 1.6044
  Ep 29: Loss 1.5895
  Ep 30: Loss 1.5874
  Ep 31: Loss 1.5842
  Ep 32: Loss 1.5926
  Ep 33: Loss 1.5829
  Ep 34: Loss 1.5863
  Ep 35: Loss 1.5907
  Ep 36: Loss 1.5872
  Ep 37: Loss 1.5838
  Ep 38: Loss 1.5873
  Ep 39: Loss 1.5900
  Ep 40: Loss 1.5853
  Ep 41: Loss 1.5841
  Ep 42: Loss 1.5827
  Ep 43: Loss 1.5830
  Ep 44: Loss 1.5844
  Ep 45: Loss 1.5837
  Ep 46: Loss 1.5825
  Ep 47: Loss 1.5792
  Ep 48: Loss 1.5804
  Ep 49: Loss 1.5814
  Ep 50: Loss 1.5771
  Ep 51: Loss 1.5818
  Ep 52: Loss 1.5819
  Ep 53: Loss 1.5743
  Ep 54: Loss 1.5744
  Ep 55: Loss 1.5795
  Ep 56: Loss 1.5784
  Ep 57: Loss 1.5726
  Ep 58: Loss 1.5767
  Ep 59: Loss 1.5750
  Ep 60: Loss 1.5793
  Ep 61: Loss 1.5755
  Ep 62: Loss 1.5692
  Ep 63: Loss 1.5731
  Ep 64: Loss 1.5716
  Ep 65: Loss 1.5756
  Ep 66: Loss 1.5694
  Ep 67: Loss 1.5676
  Ep 68: Loss 1.5708
  Ep 69: Loss 1.5672
  Ep 70: Loss 1.5657
  Ep 71: Loss 1.5674
  Ep 72: Loss 1.5686
  Ep 73: Loss 1.5640
  Ep 74: Loss 1.5677
  Ep 75: Loss 1.5710
  Ep 76: Loss 1.5685
  Ep 77: Loss 1.5624
  Ep 78: Loss 1.5637
  Ep 79: Loss 1.5645
  Ep 80: Loss 1.5680
  Ep 81: Loss 1.5659
  Ep 82: Loss 1.5698
  Ep 83: Loss 1.5597
  Ep 84: Loss 1.5599
  Ep 85: Loss 1.5621
  Ep 86: Loss 1.5636
  Ep 87: Loss 1.5575
  Ep 88: Loss 1.5621
  Ep 89: Loss 1.5605
  Ep 90: Loss 1.5569
  Ep 91: Loss 1.5611
  Ep 92: Loss 1.5580
  Ep 93: Loss 1.5574
  Ep 94: Loss 1.5641
  Ep 95: Loss 1.5550
  Ep 96: Loss 1.5554
  Ep 97: Loss 1.5549
  Ep 98: Loss 1.5543
  Ep 99: Loss 1.5525
  Ep 100: Loss 1.5535

[Phase 2] Fine-tuning on LUAD (50 epochs)...
  Ep 1: Loss 1.9563 | AUC 0.8097 | CATE 0.1406 | PEHE 0.0716 | Sens 0.0014
  Ep 2: Loss 1.9104 | AUC 0.8124 | CATE 0.1440 | PEHE 0.0677 | Sens 0.0014
  Ep 3: Loss 1.8903 | AUC 0.8112 | CATE 0.1419 | PEHE 0.0666 | Sens 0.0014
  Ep 4: Loss 1.8774 | AUC 0.8135 | CATE 0.1327 | PEHE 0.0671 | Sens 0.0012
  Ep 5: Loss 1.8784 | AUC 0.8162 | CATE 0.1271 | PEHE 0.0671 | Sens 0.0012
  Ep 6: Loss 1.8566 | AUC 0.8177 | CATE 0.1248 | PEHE 0.0673 | Sens 0.0012
  Ep 7: Loss 1.8489 | AUC 0.8173 | CATE 0.1230 | PEHE 0.0658 | Sens 0.0012
  Ep 8: Loss 1.8493 | AUC 0.8169 | CATE 0.1192 | PEHE 0.0654 | Sens 0.0012
  Ep 9: Loss 1.8427 | AUC 0.8185 | CATE 0.1170 | PEHE 0.0674 | Sens 0.0012
  Ep 10: Loss 1.8243 | AUC 0.8188 | CATE 0.1133 | PEHE 0.0677 | Sens 0.0012
  Ep 11: Loss 1.8493 | AUC 0.8192 | CATE 0.1163 | PEHE 0.0657 | Sens 0.0011
  Ep 12: Loss 1.8270 | AUC 0.8196 | CATE 0.1180 | PEHE 0.0656 | Sens 0.0012
  Ep 13: Loss 1.8240 | AUC 0.8188 | CATE 0.1183 | PEHE 0.0669 | Sens 0.0012
  Ep 14: Loss 1.8128 | AUC 0.8188 | CATE 0.1222 | PEHE 0.0655 | Sens 0.0012
  Ep 15: Loss 1.8091 | AUC 0.8185 | CATE 0.1260 | PEHE 0.0650 | Sens 0.0012
  Ep 16: Loss 1.8024 | AUC 0.8192 | CATE 0.1269 | PEHE 0.0661 | Sens 0.0012
  Ep 17: Loss 1.8187 | AUC 0.8188 | CATE 0.1253 | PEHE 0.0677 | Sens 0.0012
  Ep 18: Loss 1.8231 | AUC 0.8200 | CATE 0.1286 | PEHE 0.0673 | Sens 0.0011
  Ep 19: Loss 1.8092 | AUC 0.8185 | CATE 0.1279 | PEHE 0.0692 | Sens 0.0012
  Ep 20: Loss 1.8007 | AUC 0.8185 | CATE 0.1269 | PEHE 0.0694 | Sens 0.0012
  Ep 21: Loss 1.7794 | AUC 0.8173 | CATE 0.1263 | PEHE 0.0702 | Sens 0.0011
  Ep 22: Loss 1.8001 | AUC 0.8162 | CATE 0.1319 | PEHE 0.0687 | Sens 0.0011
  Ep 23: Loss 1.7937 | AUC 0.8158 | CATE 0.1314 | PEHE 0.0696 | Sens 0.0011
  Ep 24: Loss 1.7856 | AUC 0.8158 | CATE 0.1295 | PEHE 0.0701 | Sens 0.0011
  Ep 25: Loss 1.7754 | AUC 0.8154 | CATE 0.1311 | PEHE 0.0704 | Sens 0.0011
  Ep 26: Loss 1.7878 | AUC 0.8154 | CATE 0.1316 | PEHE 0.0708 | Sens 0.0011
  Ep 27: Loss 1.7736 | AUC 0.8166 | CATE 0.1343 | PEHE 0.0720 | Sens 0.0011
  Ep 28: Loss 1.7685 | AUC 0.8154 | CATE 0.1314 | PEHE 0.0738 | Sens 0.0011
  Ep 29: Loss 1.7648 | AUC 0.8158 | CATE 0.1325 | PEHE 0.0744 | Sens 0.0011
  Ep 30: Loss 1.7791 | AUC 0.8166 | CATE 0.1342 | PEHE 0.0735 | Sens 0.0011
  Ep 31: Loss 1.7675 | AUC 0.8158 | CATE 0.1283 | PEHE 0.0757 | Sens 0.0011
  Ep 32: Loss 1.7637 | AUC 0.8158 | CATE 0.1328 | PEHE 0.0753 | Sens 0.0011
  Ep 33: Loss 1.7620 | AUC 0.8150 | CATE 0.1328 | PEHE 0.0748 | Sens 0.0011
  Ep 34: Loss 1.7524 | AUC 0.8173 | CATE 0.1316 | PEHE 0.0768 | Sens 0.0011
  Ep 35: Loss 1.7555 | AUC 0.8158 | CATE 0.1346 | PEHE 0.0774 | Sens 0.0011
  Ep 36: Loss 1.7641 | AUC 0.8158 | CATE 0.1375 | PEHE 0.0742 | Sens 0.0011
  Ep 37: Loss 1.7619 | AUC 0.8162 | CATE 0.1277 | PEHE 0.0791 | Sens 0.0012
  Ep 38: Loss 1.7521 | AUC 0.8166 | CATE 0.1336 | PEHE 0.0782 | Sens 0.0012
  Ep 39: Loss 1.7543 | AUC 0.8162 | CATE 0.1359 | PEHE 0.0759 | Sens 0.0012
  Ep 40: Loss 1.7429 | AUC 0.8158 | CATE 0.1371 | PEHE 0.0770 | Sens 0.0012
  Ep 41: Loss 1.7458 | AUC 0.8166 | CATE 0.1307 | PEHE 0.0786 | Sens 0.0012
  Ep 42: Loss 1.7599 | AUC 0.8185 | CATE 0.1377 | PEHE 0.0779 | Sens 0.0012
  Ep 43: Loss 1.7631 | AUC 0.8173 | CATE 0.1434 | PEHE 0.0755 | Sens 0.0012
  Ep 44: Loss 1.7309 | AUC 0.8162 | CATE 0.1385 | PEHE 0.0782 | Sens 0.0012
  Ep 45: Loss 1.7418 | AUC 0.8150 | CATE 0.1360 | PEHE 0.0797 | Sens 0.0013
  Ep 46: Loss 1.7304 | AUC 0.8143 | CATE 0.1419 | PEHE 0.0812 | Sens 0.0013
  Ep 47: Loss 1.7412 | AUC 0.8146 | CATE 0.1448 | PEHE 0.0797 | Sens 0.0013
  Ep 48: Loss 1.7454 | AUC 0.8127 | CATE 0.1329 | PEHE 0.0815 | Sens 0.0013
  Ep 49: Loss 1.7370 | AUC 0.8158 | CATE 0.1481 | PEHE 0.0806 | Sens 0.0013
  Ep 50: Loss 1.7241 | AUC 0.8177 | CATE 0.1449 | PEHE 0.0790 | Sens 0.0013

=== Final SOTA Results ===
{
    "AUC": 0.8196033562166285,
    "ACC": 0.7475728155339806,
    "F1": 0.7450980392156863,
    "PEHE": 0.06563003044438177,
    "Delta_CATE": 0.11803166568279266,
    "Sens_Age": 0.0011615107068791986
}
Report saved to results/final_sota_report_tuned_sota_sens_push_20260203a_seed43.md

