=== DLC Final SOTA Runs (Phase 3) ===
[Config] tag=tuned_sota_auc_push_20260203b d_hidden=192 num_layers=4 lambda_hsic=0.08 lambda_pred=3.2 lambda_ite=1.0 lambda_cate=2.0 lambda_prob=1.2 lambda_adv=0.5
Loading data...
Applying blacklist from data/PANCAN/pancan_leakage_blacklist.csv...
Filtered 513 leaked samples. Current: 8567
Aligning PANCAN features to LUAD feature space...
PANCAN aligned shape: (8567, 25)
PANCAN: (8567, 23), LUAD: (513, 23)
Scaler vars: min=0.030960266788788313, max=214.61184717252607

[Phase 1] Pre-training on PANCAN (100 epochs)...
  Ep 1: Loss 3.1635
  Ep 2: Loss 2.4884
  Ep 3: Loss 2.3912
  Ep 4: Loss 2.2486
  Ep 5: Loss 2.1300
  Ep 6: Loss 1.9966
  Ep 7: Loss 1.9098
  Ep 8: Loss 1.8525
  Ep 9: Loss 1.8119
  Ep 10: Loss 1.7659
  Ep 11: Loss 1.7559
  Ep 12: Loss 1.7270
  Ep 13: Loss 1.7114
  Ep 14: Loss 1.7079
  Ep 15: Loss 1.6919
  Ep 16: Loss 1.6762
  Ep 17: Loss 1.6907
  Ep 18: Loss 1.6839
  Ep 19: Loss 1.6614
  Ep 20: Loss 1.6701
  Ep 21: Loss 1.6755
  Ep 22: Loss 1.6602
  Ep 23: Loss 1.6579
  Ep 24: Loss 1.6654
  Ep 25: Loss 1.6600
  Ep 26: Loss 1.6593
  Ep 27: Loss 1.6568
  Ep 28: Loss 1.6551
  Ep 29: Loss 1.6555
  Ep 30: Loss 1.6519
  Ep 31: Loss 1.6464
  Ep 32: Loss 1.6534
  Ep 33: Loss 1.6521
  Ep 34: Loss 1.6484
  Ep 35: Loss 1.6484
  Ep 36: Loss 1.6495
  Ep 37: Loss 1.6523
  Ep 38: Loss 1.6534
  Ep 39: Loss 1.6473
  Ep 40: Loss 1.6485
  Ep 41: Loss 1.6504
  Ep 42: Loss 1.6453
  Ep 43: Loss 1.6478
  Ep 44: Loss 1.6464
  Ep 45: Loss 1.6496
  Ep 46: Loss 1.6430
  Ep 47: Loss 1.6446
  Ep 48: Loss 1.6460
  Ep 49: Loss 1.6433
  Ep 50: Loss 1.6426
  Ep 51: Loss 1.6397
  Ep 52: Loss 1.6444
  Ep 53: Loss 1.6408
  Ep 54: Loss 1.6410
  Ep 55: Loss 1.6406
  Ep 56: Loss 1.6414
  Ep 57: Loss 1.6383
  Ep 58: Loss 1.6350
  Ep 59: Loss 1.6377
  Ep 60: Loss 1.6390
  Ep 61: Loss 1.6356
  Ep 62: Loss 1.6323
  Ep 63: Loss 1.6350
  Ep 64: Loss 1.6335
  Ep 65: Loss 1.6359
  Ep 66: Loss 1.6332
  Ep 67: Loss 1.6353
  Ep 68: Loss 1.6348
  Ep 69: Loss 1.6319
  Ep 70: Loss 1.6339
  Ep 71: Loss 1.6315
  Ep 72: Loss 1.6359
  Ep 73: Loss 1.6263
  Ep 74: Loss 1.6387
  Ep 75: Loss 1.6293
  Ep 76: Loss 1.6312
  Ep 77: Loss 1.6304
  Ep 78: Loss 1.6315
  Ep 79: Loss 1.6280
  Ep 80: Loss 1.6252
  Ep 81: Loss 1.6306
  Ep 82: Loss 1.6331
  Ep 83: Loss 1.6286
  Ep 84: Loss 1.6257
  Ep 85: Loss 1.6252
  Ep 86: Loss 1.6271
  Ep 87: Loss 1.6212
  Ep 88: Loss 1.6237
  Ep 89: Loss 1.6241
  Ep 90: Loss 1.6232
  Ep 91: Loss 1.6211
  Ep 92: Loss 1.6200
  Ep 93: Loss 1.6194
  Ep 94: Loss 1.6276
  Ep 95: Loss 1.6215
  Ep 96: Loss 1.6164
  Ep 97: Loss 1.6173
  Ep 98: Loss 1.6192
  Ep 99: Loss 1.6204
  Ep 100: Loss 1.6138

[Phase 2] Fine-tuning on LUAD (50 epochs)...
  Ep 1: Loss 2.0751 | AUC 0.8673 | CATE 0.1532 | PEHE 0.0472 | Sens 0.0014
  Ep 2: Loss 2.0273 | AUC 0.8680 | CATE 0.1493 | PEHE 0.0529 | Sens 0.0013
  Ep 3: Loss 2.0059 | AUC 0.8623 | CATE 0.1454 | PEHE 0.0654 | Sens 0.0013
  Ep 4: Loss 2.0047 | AUC 0.8619 | CATE 0.1438 | PEHE 0.0654 | Sens 0.0013
  Ep 5: Loss 1.9936 | AUC 0.8638 | CATE 0.1455 | PEHE 0.0644 | Sens 0.0013
  Ep 6: Loss 1.9810 | AUC 0.8642 | CATE 0.1410 | PEHE 0.0631 | Sens 0.0013
  Ep 7: Loss 1.9738 | AUC 0.8631 | CATE 0.1376 | PEHE 0.0650 | Sens 0.0013
  Ep 8: Loss 1.9703 | AUC 0.8623 | CATE 0.1370 | PEHE 0.0683 | Sens 0.0013
  Ep 9: Loss 1.9615 | AUC 0.8635 | CATE 0.1362 | PEHE 0.0654 | Sens 0.0013
  Ep 10: Loss 1.9585 | AUC 0.8623 | CATE 0.1364 | PEHE 0.0660 | Sens 0.0013
  Ep 11: Loss 1.9391 | AUC 0.8596 | CATE 0.1366 | PEHE 0.0682 | Sens 0.0013
  Ep 12: Loss 1.9357 | AUC 0.8593 | CATE 0.1398 | PEHE 0.0639 | Sens 0.0014
  Ep 13: Loss 1.9348 | AUC 0.8600 | CATE 0.1392 | PEHE 0.0657 | Sens 0.0014
  Ep 14: Loss 1.9384 | AUC 0.8570 | CATE 0.1417 | PEHE 0.0654 | Sens 0.0014
  Ep 15: Loss 1.9391 | AUC 0.8566 | CATE 0.1465 | PEHE 0.0664 | Sens 0.0014
  Ep 16: Loss 1.9286 | AUC 0.8562 | CATE 0.1473 | PEHE 0.0640 | Sens 0.0014
  Ep 17: Loss 1.9268 | AUC 0.8562 | CATE 0.1494 | PEHE 0.0601 | Sens 0.0015
  Ep 18: Loss 1.9209 | AUC 0.8555 | CATE 0.1514 | PEHE 0.0561 | Sens 0.0015
  Ep 19: Loss 1.9341 | AUC 0.8574 | CATE 0.1515 | PEHE 0.0555 | Sens 0.0015
  Ep 20: Loss 1.9141 | AUC 0.8562 | CATE 0.1499 | PEHE 0.0588 | Sens 0.0015
  Ep 21: Loss 1.8965 | AUC 0.8570 | CATE 0.1497 | PEHE 0.0605 | Sens 0.0015
  Ep 22: Loss 1.9040 | AUC 0.8577 | CATE 0.1477 | PEHE 0.0598 | Sens 0.0015
  Ep 23: Loss 1.8978 | AUC 0.8543 | CATE 0.1507 | PEHE 0.0576 | Sens 0.0015
  Ep 24: Loss 1.9034 | AUC 0.8562 | CATE 0.1477 | PEHE 0.0582 | Sens 0.0015
  Ep 25: Loss 1.9073 | AUC 0.8516 | CATE 0.1561 | PEHE 0.0577 | Sens 0.0015
  Ep 26: Loss 1.8965 | AUC 0.8555 | CATE 0.1511 | PEHE 0.0576 | Sens 0.0015
  Ep 27: Loss 1.8863 | AUC 0.8558 | CATE 0.1519 | PEHE 0.0596 | Sens 0.0015
  Ep 28: Loss 1.8900 | AUC 0.8516 | CATE 0.1560 | PEHE 0.0605 | Sens 0.0015
  Ep 29: Loss 1.8837 | AUC 0.8532 | CATE 0.1503 | PEHE 0.0631 | Sens 0.0015
  Ep 30: Loss 1.8940 | AUC 0.8543 | CATE 0.1503 | PEHE 0.0580 | Sens 0.0015
  Ep 31: Loss 1.8837 | AUC 0.8524 | CATE 0.1523 | PEHE 0.0614 | Sens 0.0015
  Ep 32: Loss 1.8785 | AUC 0.8524 | CATE 0.1514 | PEHE 0.0609 | Sens 0.0015
  Ep 33: Loss 1.8817 | AUC 0.8528 | CATE 0.1514 | PEHE 0.0605 | Sens 0.0015
  Ep 34: Loss 1.8905 | AUC 0.8520 | CATE 0.1549 | PEHE 0.0585 | Sens 0.0015
  Ep 35: Loss 1.8777 | AUC 0.8532 | CATE 0.1548 | PEHE 0.0557 | Sens 0.0015
  Ep 36: Loss 1.8614 | AUC 0.8543 | CATE 0.1527 | PEHE 0.0566 | Sens 0.0015
  Ep 37: Loss 1.8772 | AUC 0.8528 | CATE 0.1546 | PEHE 0.0543 | Sens 0.0015
  Ep 38: Loss 1.8703 | AUC 0.8528 | CATE 0.1538 | PEHE 0.0559 | Sens 0.0015
  Ep 39: Loss 1.8782 | AUC 0.8505 | CATE 0.1549 | PEHE 0.0606 | Sens 0.0015
  Ep 40: Loss 1.8710 | AUC 0.8486 | CATE 0.1576 | PEHE 0.0612 | Sens 0.0015
  Ep 41: Loss 1.8720 | AUC 0.8520 | CATE 0.1541 | PEHE 0.0627 | Sens 0.0015
  Ep 42: Loss 1.8576 | AUC 0.8516 | CATE 0.1527 | PEHE 0.0612 | Sens 0.0015
  Ep 43: Loss 1.8718 | AUC 0.8516 | CATE 0.1523 | PEHE 0.0576 | Sens 0.0014
  Ep 44: Loss 1.8650 | AUC 0.8486 | CATE 0.1606 | PEHE 0.0589 | Sens 0.0015
  Ep 45: Loss 1.8719 | AUC 0.8509 | CATE 0.1528 | PEHE 0.0616 | Sens 0.0014
  Ep 46: Loss 1.8531 | AUC 0.8482 | CATE 0.1595 | PEHE 0.0598 | Sens 0.0015
  Ep 47: Loss 1.8730 | AUC 0.8467 | CATE 0.1572 | PEHE 0.0620 | Sens 0.0015
  Ep 48: Loss 1.8691 | AUC 0.8490 | CATE 0.1557 | PEHE 0.0626 | Sens 0.0014
  Ep 49: Loss 1.8541 | AUC 0.8448 | CATE 0.1613 | PEHE 0.0598 | Sens 0.0014
  Ep 50: Loss 1.8557 | AUC 0.8455 | CATE 0.1605 | PEHE 0.0623 | Sens 0.0015

=== Final SOTA Results ===
{
    "AUC": 0.8672768878718535,
    "ACC": 0.8252427184466019,
    "F1": 0.7857142857142857,
    "PEHE": 0.047184163775223255,
    "Delta_CATE": 0.15315689146518707,
    "Sens_Age": 0.0013506151735782623
}
Report saved to results/final_sota_report_tuned_sota_auc_push_20260203b.md

