Script started...

[Seed 42] Loading data...
Training w/o HGNN teacher for distillation (Seed 42)
[w/o HGNN (Teacher)] Epoch 5/35 | loss_total=1.5824 recon=0.2293 hsic=0.0162 pred=0.3371 distill=0.0000
[w/o HGNN (Teacher)] Val@Ep8 | score=1003.4138 AUC=0.7828 Acc=0.8252 F1=0.5577 PEHE=0.0544 dCATE=0.1805 Sens=0.0357 thr=0.25 feasible=1
[w/o HGNN (Teacher)] Epoch 10/35 | loss_total=1.3762 recon=0.0670 hsic=0.0188 pred=0.3249 distill=0.0000
[w/o HGNN (Teacher)] Val@Ep12 | score=1003.4584 AUC=0.7856 Acc=0.8486 F1=0.5696 PEHE=0.0612 dCATE=0.1681 Sens=0.0429 thr=0.42 feasible=1
[w/o HGNN (Teacher)] Epoch 15/35 | loss_total=1.2879 recon=0.0401 hsic=0.0212 pred=0.3096 distill=0.0000
[w/o HGNN (Teacher)] Val@Ep16 | score=1003.3832 AUC=0.7683 Acc=0.8408 F1=0.5545 PEHE=0.0789 dCATE=0.1783 Sens=0.0541 thr=0.35 feasible=1
[w/o HGNN (Teacher)] Val@Ep20 | score=1003.2328 AUC=0.7599 Acc=0.8096 F1=0.5210 PEHE=0.0907 dCATE=0.1722 Sens=0.0768 thr=0.25 feasible=1
[w/o HGNN (Teacher)] Epoch 20/35 | loss_total=1.2209 recon=0.0316 hsic=0.0221 pred=0.2922 distill=0.0000
[w/o HGNN (Teacher)] Val@Ep24 | score=1003.2621 AUC=0.7407 Acc=0.8352 F1=0.5163 PEHE=0.1001 dCATE=0.2049 Sens=0.0823 thr=0.37 feasible=1
[w/o HGNN (Teacher)] Epoch 25/35 | loss_total=1.0810 recon=0.0239 hsic=0.0226 pred=0.2593 distill=0.0000
[w/o HGNN (Teacher)] Val@Ep28 | score=1003.1686 AUC=0.7368 Acc=0.8107 F1=0.5198 PEHE=0.1197 dCATE=0.1746 Sens=0.0912 thr=0.25 feasible=1
[w/o HGNN (Teacher)] Epoch 30/35 | loss_total=1.0036 recon=0.0221 hsic=0.0226 pred=0.2403 distill=0.0000
[w/o HGNN (Teacher)] Val@Ep32 | score=1.4840 AUC=0.7187 Acc=0.7873 F1=0.5013 PEHE=0.1288 dCATE=0.2081 Sens=0.1096 thr=0.23 feasible=0
[w/o HGNN (Teacher)] Epoch 35/35 | loss_total=0.9288 recon=0.0203 hsic=0.0225 pred=0.2201 distill=0.0000
[w/o HGNN (Teacher)] Restored best checkpoint at epoch 12 (score=1003.4584, thr=0.42)
Training Full DLC (SOTA) from scratch (Seed 42)
[Full DLC (SOTA)] Epoch 5/50 | loss_total=2.3614 recon=0.0551 hsic=0.0212 pred=0.3443 distill=0.3559
[Full DLC (SOTA)] Val@Ep8 | score=1.4532 AUC=0.7993 Acc=0.8374 F1=0.5780 PEHE=0.0393 dCATE=0.0889 Sens=0.0093 thr=0.31 feasible=0
[Full DLC (SOTA)] Epoch 10/50 | loss_total=2.2641 recon=0.0206 hsic=0.0210 pred=0.3419 distill=0.3544
[Full DLC (SOTA)] Val@Ep12 | score=1003.4747 AUC=0.7960 Acc=0.8285 F1=0.5769 PEHE=0.0299 dCATE=0.1398 Sens=0.0130 thr=0.26 feasible=1
[Full DLC (SOTA)] Epoch 15/50 | loss_total=2.2274 recon=0.0147 hsic=0.0208 pred=0.3404 distill=0.3519
[Full DLC (SOTA)] Val@Ep16 | score=1003.4972 AUC=0.7975 Acc=0.8307 F1=0.5801 PEHE=0.0207 dCATE=0.1455 Sens=0.0129 thr=0.23 feasible=1
[Full DLC (SOTA)] Val@Ep20 | score=1003.4934 AUC=0.7934 Acc=0.8307 F1=0.5778 PEHE=0.0223 dCATE=0.1580 Sens=0.0161 thr=0.27 feasible=1
[Full DLC (SOTA)] Epoch 20/50 | loss_total=2.1784 recon=0.0138 hsic=0.0211 pred=0.3326 distill=0.3494
[Full DLC (SOTA)] Val@Ep24 | score=1003.4456 AUC=0.7932 Acc=0.8163 F1=0.5646 PEHE=0.0232 dCATE=0.1607 Sens=0.0193 thr=0.22 feasible=1
[Full DLC (SOTA)] Epoch 25/50 | loss_total=2.1354 recon=0.0121 hsic=0.0212 pred=0.3262 distill=0.3481
[Full DLC (SOTA)] Val@Ep28 | score=1003.4852 AUC=0.7967 Acc=0.8330 F1=0.5665 PEHE=0.0304 dCATE=0.1803 Sens=0.0281 thr=0.27 feasible=1
[Full DLC (SOTA)] Epoch 30/50 | loss_total=2.1016 recon=0.0113 hsic=0.0213 pred=0.3203 distill=0.3510
[Full DLC (SOTA)] Val@Ep32 | score=1003.4587 AUC=0.7963 Acc=0.8218 F1=0.5652 PEHE=0.0219 dCATE=0.1678 Sens=0.0294 thr=0.23 feasible=1
[Full DLC (SOTA)] Epoch 35/50 | loss_total=2.0748 recon=0.0108 hsic=0.0212 pred=0.3156 distill=0.3536
[Full DLC (SOTA)] Val@Ep36 | score=1003.4064 AUC=0.7922 Acc=0.8040 F1=0.5578 PEHE=0.0228 dCATE=0.1745 Sens=0.0367 thr=0.17 feasible=1
[Full DLC (SOTA)] Val@Ep40 | score=1003.3772 AUC=0.7919 Acc=0.8151 F1=0.5514 PEHE=0.0314 dCATE=0.1266 Sens=0.0379 thr=0.19 feasible=1
[Full DLC (SOTA)] Epoch 40/50 | loss_total=2.0421 recon=0.0104 hsic=0.0208 pred=0.3104 distill=0.3558
[Full DLC (SOTA)] Val@Ep44 | score=1003.4101 AUC=0.7929 Acc=0.8163 F1=0.5479 PEHE=0.0201 dCATE=0.1672 Sens=0.0425 thr=0.20 feasible=1
[Full DLC (SOTA)] Epoch 45/50 | loss_total=2.0127 recon=0.0089 hsic=0.0210 pred=0.3054 distill=0.3575
[Full DLC (SOTA)] Val@Ep48 | score=1003.3790 AUC=0.7899 Acc=0.8107 F1=0.5430 PEHE=0.0215 dCATE=0.1521 Sens=0.0402 thr=0.16 feasible=1
[Full DLC (SOTA)] Epoch 50/50 | loss_total=1.9915 recon=0.0087 hsic=0.0209 pred=0.3019 distill=0.3601
[Full DLC (SOTA)] Restored best checkpoint at epoch 16 (score=1003.4972, thr=0.23)
[w/o VAE] Epoch 5/35 | loss_total=1.4619 recon=0.0433 hsic=0.0239 pred=0.3481 distill=0.0000
[w/o VAE] Val@Ep8 | score=1003.4595 AUC=0.7966 Acc=0.8396 F1=0.5789 PEHE=0.0633 dCATE=0.1163 Sens=0.0078 thr=0.32 feasible=1
[w/o VAE] Epoch 10/35 | loss_total=1.4075 recon=0.0159 hsic=0.0231 pred=0.3446 distill=0.0000
[w/o VAE] Val@Ep12 | score=1003.4886 AUC=0.7963 Acc=0.8486 F1=0.5776 PEHE=0.0650 dCATE=0.1392 Sens=0.0087 thr=0.31 feasible=1
[w/o VAE] Epoch 15/35 | loss_total=1.3931 recon=0.0119 hsic=0.0221 pred=0.3431 distill=0.0000
[w/o VAE] Val@Ep16 | score=1003.4758 AUC=0.7969 Acc=0.8363 F1=0.5788 PEHE=0.0478 dCATE=0.1339 Sens=0.0111 thr=0.25 feasible=1
[w/o VAE] Val@Ep20 | score=1003.4866 AUC=0.7955 Acc=0.8396 F1=0.5765 PEHE=0.0448 dCATE=0.1502 Sens=0.0168 thr=0.32 feasible=1
[w/o VAE] Epoch 20/35 | loss_total=1.3556 recon=0.0106 hsic=0.0220 pred=0.3341 distill=0.0000
[w/o VAE] Val@Ep24 | score=1003.4782 AUC=0.7947 Acc=0.8352 F1=0.5723 PEHE=0.0504 dCATE=0.1649 Sens=0.0150 thr=0.28 feasible=1
[w/o VAE] Epoch 25/35 | loss_total=1.3311 recon=0.0079 hsic=0.0214 pred=0.3286 distill=0.0000
[w/o VAE] Val@Ep28 | score=1003.4369 AUC=0.7935 Acc=0.8252 F1=0.5651 PEHE=0.0551 dCATE=0.1621 Sens=0.0204 thr=0.22 feasible=1
[w/o VAE] Epoch 30/35 | loss_total=1.3046 recon=0.0078 hsic=0.0215 pred=0.3219 distill=0.0000
[w/o VAE] Val@Ep32 | score=1003.4387 AUC=0.7936 Acc=0.8252 F1=0.5602 PEHE=0.0516 dCATE=0.1750 Sens=0.0250 thr=0.25 feasible=1
[w/o VAE] Epoch 35/35 | loss_total=1.2798 recon=0.0077 hsic=0.0211 pred=0.3163 distill=0.0000
[w/o VAE] Restored best checkpoint at epoch 12 (score=1003.4886, thr=0.31)
[w/o HSIC] Epoch 5/35 | loss_total=1.4734 recon=0.0573 hsic=0.0208 pred=0.3479 distill=0.0000
[w/o HSIC] Val@Ep8 | score=1003.4663 AUC=0.7974 Acc=0.8408 F1=0.5831 PEHE=0.0659 dCATE=0.1181 Sens=0.0090 thr=0.33 feasible=1
[w/o HSIC] Epoch 10/35 | loss_total=1.4099 recon=0.0174 hsic=0.0205 pred=0.3446 distill=0.0000
[w/o HSIC] Val@Ep12 | score=1003.4871 AUC=0.7956 Acc=0.8497 F1=0.5794 PEHE=0.0628 dCATE=0.1363 Sens=0.0145 thr=0.32 feasible=1
[w/o HSIC] Epoch 15/35 | loss_total=1.3943 recon=0.0115 hsic=0.0197 pred=0.3435 distill=0.0000
[w/o HSIC] Val@Ep16 | score=1003.4766 AUC=0.7956 Acc=0.8430 F1=0.5766 PEHE=0.0565 dCATE=0.1433 Sens=0.0192 thr=0.28 feasible=1
[w/o HSIC] Val@Ep20 | score=1003.4629 AUC=0.7957 Acc=0.8352 F1=0.5747 PEHE=0.0445 dCATE=0.1372 Sens=0.0215 thr=0.26 feasible=1
[w/o HSIC] Epoch 20/35 | loss_total=1.3667 recon=0.0102 hsic=0.0193 pred=0.3365 distill=0.0000
[w/o HSIC] Val@Ep24 | score=1003.4823 AUC=0.7951 Acc=0.8408 F1=0.5731 PEHE=0.0509 dCATE=0.1619 Sens=0.0221 thr=0.30 feasible=1
[w/o HSIC] Epoch 25/35 | loss_total=1.3471 recon=0.0087 hsic=0.0190 pred=0.3327 distill=0.0000
[w/o HSIC] Val@Ep28 | score=1003.4799 AUC=0.7938 Acc=0.8452 F1=0.5670 PEHE=0.0654 dCATE=0.1837 Sens=0.0268 thr=0.38 feasible=1
[w/o HSIC] Epoch 30/35 | loss_total=1.3247 recon=0.0086 hsic=0.0190 pred=0.3270 distill=0.0000
[w/o HSIC] Val@Ep32 | score=1003.4379 AUC=0.7947 Acc=0.8229 F1=0.5644 PEHE=0.0554 dCATE=0.1845 Sens=0.0331 thr=0.26 feasible=1
[w/o HSIC] Epoch 35/35 | loss_total=1.3050 recon=0.0085 hsic=0.0191 pred=0.3224 distill=0.0000
[w/o HSIC] Restored best checkpoint at epoch 12 (score=1003.4871, thr=0.32)

[Done] Raw metrics: /home/UserData/ljx/Project_1/results/ablation_metrics_rigorous.json
[Done] Report: /home/UserData/ljx/Project_1/reports/task19.5_ablation_study_rigorous.md
