Script started...

[Seed 42] Loading data...
Training w/o HGNN teacher for distillation (Seed 42)
[w/o HGNN (Teacher)] Epoch 5/45 | loss_total=1.5824 recon=0.2293 hsic=0.0162 pred=0.3371 distill=0.0000
[w/o HGNN (Teacher)] Val@Ep8 | score=1003.7117 AUC=0.7828 Acc=0.8252 F1=0.5577 PEHE=0.0544 dCATE=0.1805 Sens=0.0357 thr=0.25 feasible=1
[w/o HGNN (Teacher)] Epoch 10/45 | loss_total=1.3762 recon=0.0670 hsic=0.0188 pred=0.3249 distill=0.0000
[w/o HGNN (Teacher)] Val@Ep12 | score=1003.7620 AUC=0.7856 Acc=0.8486 F1=0.5696 PEHE=0.0612 dCATE=0.1681 Sens=0.0429 thr=0.42 feasible=1
[w/o HGNN (Teacher)] Epoch 15/45 | loss_total=1.2879 recon=0.0401 hsic=0.0212 pred=0.3096 distill=0.0000
[w/o HGNN (Teacher)] Val@Ep16 | score=1003.6807 AUC=0.7683 Acc=0.8408 F1=0.5545 PEHE=0.0789 dCATE=0.1783 Sens=0.0541 thr=0.35 feasible=1
[w/o HGNN (Teacher)] Val@Ep20 | score=1003.5214 AUC=0.7599 Acc=0.8096 F1=0.5210 PEHE=0.0907 dCATE=0.1722 Sens=0.0768 thr=0.25 feasible=1
[w/o HGNN (Teacher)] Epoch 20/45 | loss_total=1.2209 recon=0.0316 hsic=0.0221 pred=0.2922 distill=0.0000
[w/o HGNN (Teacher)] Val@Ep24 | score=1003.5516 AUC=0.7407 Acc=0.8352 F1=0.5163 PEHE=0.1001 dCATE=0.2049 Sens=0.0823 thr=0.37 feasible=1
[w/o HGNN (Teacher)] Epoch 25/45 | loss_total=1.0810 recon=0.0239 hsic=0.0226 pred=0.2593 distill=0.0000
[w/o HGNN (Teacher)] Val@Ep28 | score=1003.4512 AUC=0.7368 Acc=0.8107 F1=0.5198 PEHE=0.1197 dCATE=0.1746 Sens=0.0912 thr=0.25 feasible=1
[w/o HGNN (Teacher)] Epoch 30/45 | loss_total=1.0036 recon=0.0221 hsic=0.0226 pred=0.2403 distill=0.0000
[w/o HGNN (Teacher)] Val@Ep32 | score=1.7556 AUC=0.7187 Acc=0.7873 F1=0.5013 PEHE=0.1288 dCATE=0.2081 Sens=0.1096 thr=0.23 feasible=0
[w/o HGNN (Teacher)] Epoch 35/45 | loss_total=0.9288 recon=0.0203 hsic=0.0225 pred=0.2201 distill=0.0000
[w/o HGNN (Teacher)] Val@Ep36 | score=2.5167 AUC=0.6849 Acc=0.7806 F1=0.4690 PEHE=0.1241 dCATE=0.2078 Sens=0.0905 thr=0.16 feasible=0
[w/o HGNN (Teacher)] Val@Ep40 | score=-0.6825 AUC=0.6886 Acc=0.7929 F1=0.4804 PEHE=0.1418 dCATE=0.1686 Sens=0.1162 thr=0.24 feasible=0
[w/o HGNN (Teacher)] Epoch 40/45 | loss_total=0.8884 recon=0.0188 hsic=0.0227 pred=0.2088 distill=0.0000
[w/o HGNN (Teacher)] Val@Ep44 | score=-1.1835 AUC=0.6648 Acc=0.8118 F1=0.4566 PEHE=0.1447 dCATE=0.2229 Sens=0.1139 thr=0.37 feasible=0
[w/o HGNN (Teacher)] Epoch 45/45 | loss_total=0.8083 recon=0.0168 hsic=0.0225 pred=0.1897 distill=0.0000
[w/o HGNN (Teacher)] Restored best checkpoint at epoch 12 (score=1003.7620, thr=0.42)
Training w/o HSIC teacher for dual distillation (Seed 42)
[w/o HSIC (Teacher)] Epoch 5/45 | loss_total=1.4734 recon=0.0573 hsic=0.0208 pred=0.3479 distill=0.0000
[w/o HSIC (Teacher)] Val@Ep8 | score=1003.7733 AUC=0.7974 Acc=0.8408 F1=0.5831 PEHE=0.0659 dCATE=0.1181 Sens=0.0090 thr=0.33 feasible=1
[w/o HSIC (Teacher)] Epoch 10/45 | loss_total=1.4099 recon=0.0174 hsic=0.0205 pred=0.3446 distill=0.0000
[w/o HSIC (Teacher)] Val@Ep12 | score=1003.7951 AUC=0.7956 Acc=0.8497 F1=0.5794 PEHE=0.0628 dCATE=0.1363 Sens=0.0145 thr=0.32 feasible=1
[w/o HSIC (Teacher)] Epoch 15/45 | loss_total=1.3943 recon=0.0115 hsic=0.0197 pred=0.3435 distill=0.0000
[w/o HSIC (Teacher)] Val@Ep16 | score=1003.7828 AUC=0.7956 Acc=0.8430 F1=0.5766 PEHE=0.0565 dCATE=0.1433 Sens=0.0192 thr=0.28 feasible=1
[w/o HSIC (Teacher)] Val@Ep20 | score=1003.7681 AUC=0.7957 Acc=0.8352 F1=0.5747 PEHE=0.0445 dCATE=0.1372 Sens=0.0215 thr=0.26 feasible=1
[w/o HSIC (Teacher)] Epoch 20/45 | loss_total=1.3667 recon=0.0102 hsic=0.0193 pred=0.3365 distill=0.0000
[w/o HSIC (Teacher)] Val@Ep24 | score=1003.7872 AUC=0.7951 Acc=0.8408 F1=0.5731 PEHE=0.0509 dCATE=0.1619 Sens=0.0221 thr=0.30 feasible=1
[w/o HSIC (Teacher)] Epoch 25/45 | loss_total=1.3471 recon=0.0087 hsic=0.0190 pred=0.3327 distill=0.0000
[w/o HSIC (Teacher)] Val@Ep28 | score=1003.7839 AUC=0.7938 Acc=0.8452 F1=0.5670 PEHE=0.0654 dCATE=0.1837 Sens=0.0268 thr=0.38 feasible=1
[w/o HSIC (Teacher)] Epoch 30/45 | loss_total=1.3247 recon=0.0086 hsic=0.0190 pred=0.3270 distill=0.0000
[w/o HSIC (Teacher)] Val@Ep32 | score=1003.7369 AUC=0.7947 Acc=0.8229 F1=0.5644 PEHE=0.0554 dCATE=0.1845 Sens=0.0331 thr=0.26 feasible=1
[w/o HSIC (Teacher)] Epoch 35/45 | loss_total=1.3050 recon=0.0085 hsic=0.0191 pred=0.3224 distill=0.0000
[w/o HSIC (Teacher)] Val@Ep36 | score=1003.7497 AUC=0.7907 Acc=0.8285 F1=0.5674 PEHE=0.0482 dCATE=0.1756 Sens=0.0311 thr=0.24 feasible=1
[w/o HSIC (Teacher)] Val@Ep40 | score=1003.7217 AUC=0.7893 Acc=0.8263 F1=0.5618 PEHE=0.0343 dCATE=0.1441 Sens=0.0376 thr=0.23 feasible=1
[w/o HSIC (Teacher)] Epoch 40/45 | loss_total=1.2810 recon=0.0084 hsic=0.0190 pred=0.3168 distill=0.0000
[w/o HSIC (Teacher)] Val@Ep44 | score=1003.7220 AUC=0.7898 Acc=0.8241 F1=0.5611 PEHE=0.0403 dCATE=0.1702 Sens=0.0444 thr=0.24 feasible=1
[w/o HSIC (Teacher)] Epoch 45/45 | loss_total=1.2613 recon=0.0072 hsic=0.0191 pred=0.3119 distill=0.0000
[w/o HSIC (Teacher)] Restored best checkpoint at epoch 12 (score=1003.7951, thr=0.32)
Training Full DLC (SOTA) from scratch (Seed 42)
[Full DLC (SOTA)] Epoch 5/65 | loss_total=2.5414 recon=0.0595 hsic=0.0211 pred=0.3442 distill=0.3601
[Full DLC (SOTA)] Val@Ep8 | score=1.4316 AUC=0.7987 Acc=0.8374 F1=0.5805 PEHE=0.0404 dCATE=0.0870 Sens=0.0092 thr=0.30 feasible=0
[Full DLC (SOTA)] Epoch 10/65 | loss_total=2.4402 recon=0.0224 hsic=0.0210 pred=0.3416 distill=0.3590
[Full DLC (SOTA)] Val@Ep12 | score=1003.7925 AUC=0.7960 Acc=0.8352 F1=0.5771 PEHE=0.0301 dCATE=0.1372 Sens=0.0127 thr=0.28 feasible=1
[Full DLC (SOTA)] Epoch 15/65 | loss_total=2.4012 recon=0.0164 hsic=0.0209 pred=0.3399 distill=0.3575
[Full DLC (SOTA)] Val@Ep16 | score=1003.8074 AUC=0.7977 Acc=0.8318 F1=0.5817 PEHE=0.0211 dCATE=0.1466 Sens=0.0131 thr=0.23 feasible=1
[Full DLC (SOTA)] Val@Ep20 | score=1003.7968 AUC=0.7934 Acc=0.8341 F1=0.5779 PEHE=0.0236 dCATE=0.1491 Sens=0.0173 thr=0.28 feasible=1
[Full DLC (SOTA)] Epoch 20/65 | loss_total=2.3477 recon=0.0155 hsic=0.0213 pred=0.3318 distill=0.3560
[Full DLC (SOTA)] Val@Ep24 | score=1003.7718 AUC=0.7941 Acc=0.8252 F1=0.5722 PEHE=0.0247 dCATE=0.1568 Sens=0.0205 thr=0.23 feasible=1
[Full DLC (SOTA)] Epoch 25/65 | loss_total=2.2991 recon=0.0131 hsic=0.0212 pred=0.3249 distill=0.3562
[Full DLC (SOTA)] Val@Ep28 | score=1003.7956 AUC=0.7976 Acc=0.8318 F1=0.5722 PEHE=0.0331 dCATE=0.1862 Sens=0.0290 thr=0.26 feasible=1
[Full DLC (SOTA)] Epoch 30/65 | loss_total=2.2624 recon=0.0122 hsic=0.0212 pred=0.3188 distill=0.3600
[Full DLC (SOTA)] Val@Ep32 | score=1003.7734 AUC=0.7969 Acc=0.8263 F1=0.5691 PEHE=0.0235 dCATE=0.1658 Sens=0.0291 thr=0.23 feasible=1
[Full DLC (SOTA)] Epoch 35/65 | loss_total=2.2357 recon=0.0113 hsic=0.0210 pred=0.3145 distill=0.3628
[Full DLC (SOTA)] Val@Ep36 | score=1003.7295 AUC=0.7931 Acc=0.8185 F1=0.5534 PEHE=0.0257 dCATE=0.1766 Sens=0.0359 thr=0.23 feasible=1
[Full DLC (SOTA)] Val@Ep40 | score=1003.7108 AUC=0.7929 Acc=0.8318 F1=0.5546 PEHE=0.0348 dCATE=0.1145 Sens=0.0367 thr=0.24 feasible=1
[Full DLC (SOTA)] Epoch 40/65 | loss_total=2.2001 recon=0.0108 hsic=0.0206 pred=0.3089 distill=0.3662
[Full DLC (SOTA)] Val@Ep44 | score=1003.7374 AUC=0.7934 Acc=0.8318 F1=0.5438 PEHE=0.0213 dCATE=0.1640 Sens=0.0417 thr=0.27 feasible=1
[Full DLC (SOTA)] Epoch 45/65 | loss_total=2.1666 recon=0.0093 hsic=0.0208 pred=0.3038 distill=0.3682
[Full DLC (SOTA)] Val@Ep48 | score=1003.7216 AUC=0.7909 Acc=0.8318 F1=0.5438 PEHE=0.0223 dCATE=0.1438 Sens=0.0397 thr=0.23 feasible=1
[Full DLC (SOTA)] Epoch 50/65 | loss_total=2.1452 recon=0.0090 hsic=0.0206 pred=0.3003 distill=0.3721
[Full DLC (SOTA)] Val@Ep52 | score=1003.6669 AUC=0.7914 Acc=0.8107 F1=0.5430 PEHE=0.0241 dCATE=0.1371 Sens=0.0417 thr=0.16 feasible=1
[Full DLC (SOTA)] Epoch 55/65 | loss_total=2.1301 recon=0.0089 hsic=0.0205 pred=0.2975 distill=0.3744
[Full DLC (SOTA)] Val@Ep56 | score=1003.6436 AUC=0.7898 Acc=0.8062 F1=0.5348 PEHE=0.0226 dCATE=0.1343 Sens=0.0418 thr=0.15 feasible=1
[Full DLC (SOTA)] Val@Ep60 | score=1003.6669 AUC=0.7885 Acc=0.8151 F1=0.5389 PEHE=0.0239 dCATE=0.1421 Sens=0.0456 thr=0.16 feasible=1
[Full DLC (SOTA)] Epoch 60/65 | loss_total=2.1335 recon=0.0088 hsic=0.0205 pred=0.2977 distill=0.3779
[Full DLC (SOTA)] Val@Ep64 | score=1003.6436 AUC=0.7892 Acc=0.8018 F1=0.5365 PEHE=0.0218 dCATE=0.1553 Sens=0.0483 thr=0.15 feasible=1
[Full DLC (SOTA)] Early stop at epoch 64 (best_epoch=16, best_score=1003.8074)
[Full DLC (SOTA)] Restored best checkpoint at epoch 16 (score=1003.8074, thr=0.23)
[w/o VAE] Epoch 5/45 | loss_total=1.4619 recon=0.0433 hsic=0.0239 pred=0.3481 distill=0.0000
[w/o VAE] Val@Ep8 | score=1003.7665 AUC=0.7966 Acc=0.8396 F1=0.5789 PEHE=0.0633 dCATE=0.1163 Sens=0.0078 thr=0.32 feasible=1
[w/o VAE] Epoch 10/45 | loss_total=1.4075 recon=0.0159 hsic=0.0231 pred=0.3446 distill=0.0000
[w/o VAE] Val@Ep12 | score=1003.7966 AUC=0.7963 Acc=0.8486 F1=0.5776 PEHE=0.0650 dCATE=0.1392 Sens=0.0087 thr=0.31 feasible=1
[w/o VAE] Epoch 15/45 | loss_total=1.3931 recon=0.0119 hsic=0.0221 pred=0.3431 distill=0.0000
[w/o VAE] Val@Ep16 | score=1003.7817 AUC=0.7969 Acc=0.8363 F1=0.5788 PEHE=0.0478 dCATE=0.1339 Sens=0.0111 thr=0.25 feasible=1
[w/o VAE] Val@Ep20 | score=1003.7923 AUC=0.7955 Acc=0.8396 F1=0.5765 PEHE=0.0448 dCATE=0.1502 Sens=0.0168 thr=0.32 feasible=1
[w/o VAE] Epoch 20/45 | loss_total=1.3556 recon=0.0106 hsic=0.0220 pred=0.3341 distill=0.0000
[w/o VAE] Val@Ep24 | score=1003.7820 AUC=0.7947 Acc=0.8352 F1=0.5723 PEHE=0.0504 dCATE=0.1649 Sens=0.0150 thr=0.28 feasible=1
[w/o VAE] Epoch 25/45 | loss_total=1.3311 recon=0.0079 hsic=0.0214 pred=0.3286 distill=0.0000
[w/o VAE] Val@Ep28 | score=1003.7379 AUC=0.7935 Acc=0.8252 F1=0.5651 PEHE=0.0551 dCATE=0.1621 Sens=0.0204 thr=0.22 feasible=1
[w/o VAE] Epoch 30/45 | loss_total=1.3046 recon=0.0078 hsic=0.0215 pred=0.3219 distill=0.0000
[w/o VAE] Val@Ep32 | score=1003.7393 AUC=0.7936 Acc=0.8252 F1=0.5602 PEHE=0.0516 dCATE=0.1750 Sens=0.0250 thr=0.25 feasible=1
[w/o VAE] Epoch 35/45 | loss_total=1.2798 recon=0.0077 hsic=0.0211 pred=0.3163 distill=0.0000
[w/o VAE] Val@Ep36 | score=1003.6878 AUC=0.7895 Acc=0.8073 F1=0.5530 PEHE=0.0435 dCATE=0.1738 Sens=0.0287 thr=0.18 feasible=1
[w/o VAE] Val@Ep40 | score=1003.7094 AUC=0.7879 Acc=0.8318 F1=0.5438 PEHE=0.0351 dCATE=0.1406 Sens=0.0331 thr=0.28 feasible=1
[w/o VAE] Epoch 40/45 | loss_total=1.2575 recon=0.0076 hsic=0.0210 pred=0.3108 distill=0.0000
[w/o VAE] Val@Ep44 | score=1003.7092 AUC=0.7883 Acc=0.8352 F1=0.5404 PEHE=0.0448 dCATE=0.1554 Sens=0.0382 thr=0.37 feasible=1
[w/o VAE] Epoch 45/45 | loss_total=1.2359 recon=0.0066 hsic=0.0209 pred=0.3056 distill=0.0000
[w/o VAE] Restored best checkpoint at epoch 12 (score=1003.7966, thr=0.31)

[Seed 43] Loading data...
Training w/o HGNN teacher for distillation (Seed 43)
[w/o HGNN (Teacher)] Epoch 5/45 | loss_total=1.6072 recon=0.2304 hsic=0.0162 pred=0.3422 distill=0.0000
[w/o HGNN (Teacher)] Val@Ep8 | score=1003.8986 AUC=0.8046 Acc=0.8641 F1=0.5933 PEHE=0.0392 dCATE=0.1751 Sens=0.0212 thr=0.30 feasible=1
[w/o HGNN (Teacher)] Epoch 10/45 | loss_total=1.3819 recon=0.0672 hsic=0.0184 pred=0.3275 distill=0.0000
[w/o HGNN (Teacher)] Val@Ep12 | score=1003.8524 AUC=0.7994 Acc=0.8541 F1=0.5919 PEHE=0.0443 dCATE=0.1752 Sens=0.0326 thr=0.28 feasible=1
[w/o HGNN (Teacher)] Epoch 15/45 | loss_total=1.2934 recon=0.0420 hsic=0.0205 pred=0.3107 distill=0.0000
[w/o HGNN (Teacher)] Val@Ep16 | score=1003.8151 AUC=0.7910 Acc=0.8563 F1=0.5931 PEHE=0.0639 dCATE=0.1786 Sens=0.0504 thr=0.31 feasible=1
[w/o HGNN (Teacher)] Val@Ep20 | score=1003.6798 AUC=0.7862 Acc=0.8396 F1=0.5583 PEHE=0.0827 dCATE=0.1727 Sens=0.0788 thr=0.30 feasible=1
[w/o HGNN (Teacher)] Epoch 20/45 | loss_total=1.2141 recon=0.0316 hsic=0.0216 pred=0.2920 distill=0.0000
[w/o HGNN (Teacher)] Val@Ep24 | score=1003.6001 AUC=0.7545 Acc=0.8508 F1=0.5442 PEHE=0.0888 dCATE=0.1604 Sens=0.1082 thr=0.40 feasible=1
[w/o HGNN (Teacher)] Epoch 25/45 | loss_total=1.0836 recon=0.0240 hsic=0.0221 pred=0.2604 distill=0.0000
[w/o HGNN (Teacher)] Val@Ep28 | score=0.2808 AUC=0.7629 Acc=0.8541 F1=0.5467 PEHE=0.1095 dCATE=0.1791 Sens=0.1384 thr=0.57 feasible=0
[w/o HGNN (Teacher)] Epoch 30/45 | loss_total=1.0054 recon=0.0214 hsic=0.0224 pred=0.2408 distill=0.0000
[w/o HGNN (Teacher)] Val@Ep32 | score=1003.5112 AUC=0.7267 Acc=0.8430 F1=0.5253 PEHE=0.1090 dCATE=0.1906 Sens=0.1175 thr=0.43 feasible=1
[w/o HGNN (Teacher)] Epoch 35/45 | loss_total=0.9407 recon=0.0201 hsic=0.0223 pred=0.2231 distill=0.0000
[w/o HGNN (Teacher)] Val@Ep36 | score=1003.3730 AUC=0.6932 Acc=0.8129 F1=0.4940 PEHE=0.1053 dCATE=0.1846 Sens=0.0977 thr=0.17 feasible=1
[w/o HGNN (Teacher)] Val@Ep40 | score=1003.3143 AUC=0.6739 Acc=0.8085 F1=0.4850 PEHE=0.1039 dCATE=0.1890 Sens=0.1127 thr=0.16 feasible=1
[w/o HGNN (Teacher)] Epoch 40/45 | loss_total=0.8725 recon=0.0185 hsic=0.0225 pred=0.2064 distill=0.0000
[w/o HGNN (Teacher)] Val@Ep44 | score=-2.5669 AUC=0.6689 Acc=0.8218 F1=0.5062 PEHE=0.1354 dCATE=0.1930 Sens=0.1373 thr=0.26 feasible=0
[w/o HGNN (Teacher)] Epoch 45/45 | loss_total=0.8069 recon=0.0162 hsic=0.0223 pred=0.1909 distill=0.0000
[w/o HGNN (Teacher)] Restored best checkpoint at epoch 8 (score=1003.8986, thr=0.30)
Training w/o HSIC teacher for dual distillation (Seed 43)
[w/o HSIC (Teacher)] Epoch 5/45 | loss_total=1.4663 recon=0.0466 hsic=0.0210 pred=0.3488 distill=0.0000
[w/o HSIC (Teacher)] Val@Ep8 | score=1003.8869 AUC=0.8132 Acc=0.8563 F1=0.6031 PEHE=0.0731 dCATE=0.1778 Sens=0.0112 thr=0.36 feasible=1
[w/o HSIC (Teacher)] Epoch 10/45 | loss_total=1.4160 recon=0.0171 hsic=0.0205 pred=0.3462 distill=0.0000
[w/o HSIC (Teacher)] Val@Ep12 | score=1003.8760 AUC=0.8146 Acc=0.8541 F1=0.6042 PEHE=0.0538 dCATE=0.1431 Sens=0.0159 thr=0.34 feasible=1
[w/o HSIC (Teacher)] Epoch 15/45 | loss_total=1.4040 recon=0.0122 hsic=0.0200 pred=0.3455 distill=0.0000
[w/o HSIC (Teacher)] Val@Ep16 | score=1003.8774 AUC=0.8107 Acc=0.8575 F1=0.6000 PEHE=0.0592 dCATE=0.1600 Sens=0.0169 thr=0.28 feasible=1
[w/o HSIC (Teacher)] Val@Ep20 | score=1003.8361 AUC=0.8077 Acc=0.8486 F1=0.5952 PEHE=0.1007 dCATE=0.2088 Sens=0.0231 thr=0.25 feasible=1
[w/o HSIC (Teacher)] Epoch 20/45 | loss_total=1.3778 recon=0.0113 hsic=0.0195 pred=0.3390 distill=0.0000
[w/o HSIC (Teacher)] Val@Ep24 | score=1003.8408 AUC=0.8094 Acc=0.8441 F1=0.5930 PEHE=0.0610 dCATE=0.1824 Sens=0.0271 thr=0.28 feasible=1
[w/o HSIC (Teacher)] Epoch 25/45 | loss_total=1.3497 recon=0.0086 hsic=0.0195 pred=0.3335 distill=0.0000
[w/o HSIC (Teacher)] Val@Ep28 | score=1003.8076 AUC=0.8099 Acc=0.8330 F1=0.5902 PEHE=0.0721 dCATE=0.1950 Sens=0.0315 thr=0.23 feasible=1
[w/o HSIC (Teacher)] Epoch 30/45 | loss_total=1.3269 recon=0.0083 hsic=0.0193 pred=0.3282 distill=0.0000
[w/o HSIC (Teacher)] Val@Ep32 | score=1003.7955 AUC=0.8093 Acc=0.8263 F1=0.5895 PEHE=0.0494 dCATE=0.1780 Sens=0.0371 thr=0.24 feasible=1
[w/o HSIC (Teacher)] Epoch 35/45 | loss_total=1.3155 recon=0.0083 hsic=0.0197 pred=0.3250 distill=0.0000
[w/o HSIC (Teacher)] Val@Ep36 | score=1003.7760 AUC=0.8076 Acc=0.8218 F1=0.5855 PEHE=0.0442 dCATE=0.1623 Sens=0.0333 thr=0.19 feasible=1
[w/o HSIC (Teacher)] Val@Ep40 | score=1003.7645 AUC=0.8054 Acc=0.8229 F1=0.5760 PEHE=0.0356 dCATE=0.1531 Sens=0.0333 thr=0.16 feasible=1
[w/o HSIC (Teacher)] Epoch 40/45 | loss_total=1.2914 recon=0.0079 hsic=0.0197 pred=0.3187 distill=0.0000
[w/o HSIC (Teacher)] Val@Ep44 | score=1003.7371 AUC=0.8019 Acc=0.8185 F1=0.5699 PEHE=0.0477 dCATE=0.1780 Sens=0.0445 thr=0.18 feasible=1
[w/o HSIC (Teacher)] Epoch 45/45 | loss_total=1.2752 recon=0.0070 hsic=0.0197 pred=0.3154 distill=0.0000
[w/o HSIC (Teacher)] Restored best checkpoint at epoch 8 (score=1003.8869, thr=0.36)
Training Full DLC (SOTA) from scratch (Seed 43)
[Full DLC (SOTA)] Epoch 5/65 | loss_total=2.5176 recon=0.0425 hsic=0.0205 pred=0.3449 distill=0.3436
[Full DLC (SOTA)] Val@Ep8 | score=1003.8779 AUC=0.8166 Acc=0.8575 F1=0.6025 PEHE=0.0495 dCATE=0.1237 Sens=0.0130 thr=0.40 feasible=1
[Full DLC (SOTA)] Epoch 10/65 | loss_total=2.4412 recon=0.0202 hsic=0.0200 pred=0.3433 distill=0.3432
[Full DLC (SOTA)] Val@Ep12 | score=1003.9041 AUC=0.8130 Acc=0.8563 F1=0.6006 PEHE=0.0266 dCATE=0.1542 Sens=0.0176 thr=0.36 feasible=1
[Full DLC (SOTA)] Epoch 15/65 | loss_total=2.4024 recon=0.0146 hsic=0.0200 pred=0.3416 distill=0.3424
[Full DLC (SOTA)] Val@Ep16 | score=1003.8610 AUC=0.8128 Acc=0.8385 F1=0.5915 PEHE=0.0286 dCATE=0.1664 Sens=0.0153 thr=0.23 feasible=1
[Full DLC (SOTA)] Val@Ep20 | score=1003.8652 AUC=0.8089 Acc=0.8441 F1=0.5906 PEHE=0.0453 dCATE=0.1934 Sens=0.0193 thr=0.27 feasible=1
[Full DLC (SOTA)] Epoch 20/65 | loss_total=2.3432 recon=0.0144 hsic=0.0197 pred=0.3320 distill=0.3431
[Full DLC (SOTA)] Val@Ep24 | score=1003.8783 AUC=0.8085 Acc=0.8563 F1=0.5825 PEHE=0.0198 dCATE=0.1598 Sens=0.0236 thr=0.34 feasible=1
[Full DLC (SOTA)] Epoch 25/65 | loss_total=2.2809 recon=0.0114 hsic=0.0197 pred=0.3233 distill=0.3449
[Full DLC (SOTA)] Val@Ep28 | score=1003.8193 AUC=0.8035 Acc=0.8341 F1=0.5803 PEHE=0.0370 dCATE=0.1900 Sens=0.0280 thr=0.22 feasible=1
[Full DLC (SOTA)] Epoch 30/65 | loss_total=2.2371 recon=0.0109 hsic=0.0195 pred=0.3165 distill=0.3494
[Full DLC (SOTA)] Val@Ep32 | score=1003.7844 AUC=0.8052 Acc=0.8274 F1=0.5609 PEHE=0.0268 dCATE=0.1916 Sens=0.0367 thr=0.29 feasible=1
[Full DLC (SOTA)] Epoch 35/65 | loss_total=2.2140 recon=0.0102 hsic=0.0196 pred=0.3122 distill=0.3550
[Full DLC (SOTA)] Val@Ep36 | score=1003.8036 AUC=0.8028 Acc=0.8330 F1=0.5739 PEHE=0.0292 dCATE=0.1845 Sens=0.0362 thr=0.21 feasible=1
[Full DLC (SOTA)] Val@Ep40 | score=1003.7204 AUC=0.8004 Acc=0.8096 F1=0.5558 PEHE=0.0204 dCATE=0.1633 Sens=0.0352 thr=0.14 feasible=1
[Full DLC (SOTA)] Epoch 40/65 | loss_total=2.1771 recon=0.0100 hsic=0.0195 pred=0.3061 distill=0.3593
[Full DLC (SOTA)] Val@Ep44 | score=1003.7465 AUC=0.7993 Acc=0.8218 F1=0.5556 PEHE=0.0208 dCATE=0.1774 Sens=0.0437 thr=0.18 feasible=1
[Full DLC (SOTA)] Epoch 45/65 | loss_total=2.1388 recon=0.0088 hsic=0.0193 pred=0.3001 distill=0.3639
[Full DLC (SOTA)] Val@Ep48 | score=1003.7372 AUC=0.7977 Acc=0.8185 F1=0.5510 PEHE=0.0232 dCATE=0.1931 Sens=0.0454 thr=0.18 feasible=1
[Full DLC (SOTA)] Epoch 50/65 | loss_total=2.1137 recon=0.0088 hsic=0.0194 pred=0.2957 distill=0.3686
[Full DLC (SOTA)] Val@Ep52 | score=1003.7350 AUC=0.7961 Acc=0.8207 F1=0.5465 PEHE=0.0290 dCATE=0.2056 Sens=0.0475 thr=0.19 feasible=1
[Full DLC (SOTA)] Epoch 55/65 | loss_total=2.0917 recon=0.0086 hsic=0.0193 pred=0.2918 distill=0.3712
[Full DLC (SOTA)] Val@Ep56 | score=1003.6680 AUC=0.7917 Acc=0.8151 F1=0.5337 PEHE=0.0309 dCATE=0.1603 Sens=0.0484 thr=0.18 feasible=1
[Full DLC (SOTA)] Val@Ep60 | score=1003.7121 AUC=0.7898 Acc=0.8196 F1=0.5424 PEHE=0.0270 dCATE=0.1950 Sens=0.0486 thr=0.17 feasible=1
[Full DLC (SOTA)] Early stop at epoch 60 (best_epoch=12, best_score=1003.9041)
[Full DLC (SOTA)] Restored best checkpoint at epoch 12 (score=1003.9041, thr=0.36)
[w/o VAE] Epoch 5/45 | loss_total=1.4711 recon=0.0448 hsic=0.0233 pred=0.3490 distill=0.0000
[w/o VAE] Val@Ep8 | score=1003.8740 AUC=0.8128 Acc=0.8552 F1=0.6012 PEHE=0.0750 dCATE=0.1712 Sens=0.0128 thr=0.36 feasible=1
[w/o VAE] Epoch 10/45 | loss_total=1.4151 recon=0.0134 hsic=0.0218 pred=0.3469 distill=0.0000
[w/o VAE] Val@Ep12 | score=1003.8688 AUC=0.8152 Acc=0.8541 F1=0.5994 PEHE=0.0451 dCATE=0.1362 Sens=0.0216 thr=0.36 feasible=1
[w/o VAE] Epoch 15/45 | loss_total=1.3976 recon=0.0103 hsic=0.0211 pred=0.3447 distill=0.0000
[w/o VAE] Val@Ep16 | score=1003.8895 AUC=0.8137 Acc=0.8552 F1=0.6061 PEHE=0.0463 dCATE=0.1573 Sens=0.0226 thr=0.28 feasible=1
[w/o VAE] Val@Ep20 | score=1003.8363 AUC=0.8085 Acc=0.8486 F1=0.5928 PEHE=0.0789 dCATE=0.1885 Sens=0.0278 thr=0.27 feasible=1
[w/o VAE] Epoch 20/45 | loss_total=1.3684 recon=0.0107 hsic=0.0209 pred=0.3371 distill=0.0000
[w/o VAE] Val@Ep24 | score=1003.8217 AUC=0.8118 Acc=0.8307 F1=0.5936 PEHE=0.0410 dCATE=0.1671 Sens=0.0293 thr=0.23 feasible=1
[w/o VAE] Epoch 25/45 | loss_total=1.3321 recon=0.0078 hsic=0.0210 pred=0.3293 distill=0.0000
[w/o VAE] Val@Ep28 | score=1003.8264 AUC=0.8090 Acc=0.8374 F1=0.5922 PEHE=0.0615 dCATE=0.1877 Sens=0.0284 thr=0.23 feasible=1
[w/o VAE] Epoch 30/45 | loss_total=1.3070 recon=0.0075 hsic=0.0206 pred=0.3233 distill=0.0000
[w/o VAE] Val@Ep32 | score=1003.8249 AUC=0.8113 Acc=0.8274 F1=0.5932 PEHE=0.0429 dCATE=0.1919 Sens=0.0323 thr=0.21 feasible=1
[w/o VAE] Epoch 35/45 | loss_total=1.2909 recon=0.0076 hsic=0.0204 pred=0.3188 distill=0.0000
[w/o VAE] Val@Ep36 | score=1003.8035 AUC=0.8089 Acc=0.8341 F1=0.5779 PEHE=0.0509 dCATE=0.1820 Sens=0.0314 thr=0.24 feasible=1
[w/o VAE] Val@Ep40 | score=1003.7726 AUC=0.8093 Acc=0.8252 F1=0.5768 PEHE=0.0335 dCATE=0.1525 Sens=0.0391 thr=0.15 feasible=1
[w/o VAE] Epoch 40/45 | loss_total=1.2633 recon=0.0078 hsic=0.0202 pred=0.3120 distill=0.0000
[w/o VAE] Val@Ep44 | score=1003.7972 AUC=0.8069 Acc=0.8363 F1=0.5882 PEHE=0.0427 dCATE=0.1593 Sens=0.0473 thr=0.18 feasible=1
[w/o VAE] Epoch 45/45 | loss_total=1.2440 recon=0.0068 hsic=0.0203 pred=0.3073 distill=0.0000
[w/o VAE] Restored best checkpoint at epoch 16 (score=1003.8895, thr=0.28)

[Seed 44] Loading data...
Training w/o HGNN teacher for distillation (Seed 44)
[w/o HGNN (Teacher)] Epoch 5/45 | loss_total=1.5841 recon=0.2281 hsic=0.0162 pred=0.3379 distill=0.0000
[w/o HGNN (Teacher)] Val@Ep8 | score=1003.7809 AUC=0.7916 Acc=0.8385 F1=0.5646 PEHE=0.0335 dCATE=0.1557 Sens=0.0187 thr=0.28 feasible=1
[w/o HGNN (Teacher)] Epoch 10/45 | loss_total=1.3654 recon=0.0619 hsic=0.0183 pred=0.3242 distill=0.0000
[w/o HGNN (Teacher)] Val@Ep12 | score=1003.7118 AUC=0.7863 Acc=0.8207 F1=0.5565 PEHE=0.0424 dCATE=0.1795 Sens=0.0399 thr=0.28 feasible=1
[w/o HGNN (Teacher)] Epoch 15/45 | loss_total=1.2739 recon=0.0369 hsic=0.0207 pred=0.3074 distill=0.0000
[w/o HGNN (Teacher)] Val@Ep16 | score=1003.6063 AUC=0.7725 Acc=0.8107 F1=0.5430 PEHE=0.0601 dCATE=0.1479 Sens=0.0504 thr=0.20 feasible=1
[w/o HGNN (Teacher)] Val@Ep20 | score=1003.6010 AUC=0.7487 Acc=0.8274 F1=0.5481 PEHE=0.0719 dCATE=0.1719 Sens=0.0715 thr=0.27 feasible=1
[w/o HGNN (Teacher)] Epoch 20/45 | loss_total=1.1826 recon=0.0301 hsic=0.0219 pred=0.2848 distill=0.0000
[w/o HGNN (Teacher)] Val@Ep24 | score=1003.5305 AUC=0.7211 Acc=0.8318 F1=0.5354 PEHE=0.0864 dCATE=0.1757 Sens=0.0863 thr=0.26 feasible=1
[w/o HGNN (Teacher)] Epoch 25/45 | loss_total=1.0616 recon=0.0241 hsic=0.0221 pred=0.2550 distill=0.0000
[w/o HGNN (Teacher)] Val@Ep28 | score=1003.3351 AUC=0.6922 Acc=0.8073 F1=0.4836 PEHE=0.0970 dCATE=0.1817 Sens=0.1159 thr=0.26 feasible=1
[w/o HGNN (Teacher)] Epoch 30/45 | loss_total=0.9745 recon=0.0213 hsic=0.0222 pred=0.2338 distill=0.0000
[w/o HGNN (Teacher)] Val@Ep32 | score=1003.2563 AUC=0.6967 Acc=0.7739 F1=0.4835 PEHE=0.1071 dCATE=0.1660 Sens=0.1073 thr=0.16 feasible=1
[w/o HGNN (Teacher)] Epoch 35/45 | loss_total=0.9196 recon=0.0202 hsic=0.0223 pred=0.2197 distill=0.0000
[w/o HGNN (Teacher)] Val@Ep36 | score=0.6987 AUC=0.6831 Acc=0.7673 F1=0.4682 PEHE=0.1156 dCATE=0.1770 Sens=0.1338 thr=0.19 feasible=0
[w/o HGNN (Teacher)] Val@Ep40 | score=1003.3121 AUC=0.6718 Acc=0.8218 F1=0.4872 PEHE=0.1130 dCATE=0.1602 Sens=0.1176 thr=0.31 feasible=1
[w/o HGNN (Teacher)] Epoch 40/45 | loss_total=0.8540 recon=0.0185 hsic=0.0223 pred=0.2026 distill=0.0000
[w/o HGNN (Teacher)] Val@Ep44 | score=2.0417 AUC=0.6611 Acc=0.7739 F1=0.4587 PEHE=0.1226 dCATE=0.1814 Sens=0.1236 thr=0.16 feasible=0
[w/o HGNN (Teacher)] Epoch 45/45 | loss_total=0.7974 recon=0.0167 hsic=0.0221 pred=0.1901 distill=0.0000
[w/o HGNN (Teacher)] Restored best checkpoint at epoch 8 (score=1003.7809, thr=0.28)
Training w/o HSIC teacher for dual distillation (Seed 44)
[w/o HSIC (Teacher)] Epoch 5/45 | loss_total=1.4734 recon=0.0555 hsic=0.0210 pred=0.3490 distill=0.0000
[w/o HSIC (Teacher)] Val@Ep8 | score=1003.7745 AUC=0.8077 Acc=0.8363 F1=0.5664 PEHE=0.0605 dCATE=0.1352 Sens=0.0069 thr=0.26 feasible=1
[w/o HSIC (Teacher)] Epoch 10/45 | loss_total=1.4187 recon=0.0162 hsic=0.0206 pred=0.3473 distill=0.0000
[w/o HSIC (Teacher)] Val@Ep12 | score=1003.7695 AUC=0.8013 Acc=0.8385 F1=0.5593 PEHE=0.0560 dCATE=0.1459 Sens=0.0096 thr=0.33 feasible=1
[w/o HSIC (Teacher)] Epoch 15/45 | loss_total=1.3982 recon=0.0122 hsic=0.0199 pred=0.3429 distill=0.0000
[w/o HSIC (Teacher)] Val@Ep16 | score=1003.8020 AUC=0.8072 Acc=0.8474 F1=0.5678 PEHE=0.0681 dCATE=0.1562 Sens=0.0125 thr=0.35 feasible=1
[w/o HSIC (Teacher)] Val@Ep20 | score=1003.7787 AUC=0.8095 Acc=0.8419 F1=0.5723 PEHE=0.0774 dCATE=0.1389 Sens=0.0131 thr=0.25 feasible=1
[w/o HSIC (Teacher)] Epoch 20/45 | loss_total=1.3699 recon=0.0112 hsic=0.0193 pred=0.3372 distill=0.0000
[w/o HSIC (Teacher)] Val@Ep24 | score=1003.7691 AUC=0.8074 Acc=0.8318 F1=0.5673 PEHE=0.0593 dCATE=0.1492 Sens=0.0142 thr=0.23 feasible=1
[w/o HSIC (Teacher)] Epoch 25/45 | loss_total=1.3552 recon=0.0086 hsic=0.0195 pred=0.3344 distill=0.0000
[w/o HSIC (Teacher)] Val@Ep28 | score=1003.7656 AUC=0.8075 Acc=0.8307 F1=0.5682 PEHE=0.0614 dCATE=0.1531 Sens=0.0175 thr=0.24 feasible=1
[w/o HSIC (Teacher)] Epoch 30/45 | loss_total=1.3402 recon=0.0090 hsic=0.0196 pred=0.3309 distill=0.0000
[w/o HSIC (Teacher)] Val@Ep32 | score=1003.7704 AUC=0.8056 Acc=0.8396 F1=0.5689 PEHE=0.0477 dCATE=0.1108 Sens=0.0151 thr=0.21 feasible=1
[w/o HSIC (Teacher)] Epoch 35/45 | loss_total=1.3242 recon=0.0090 hsic=0.0198 pred=0.3268 distill=0.0000
[w/o HSIC (Teacher)] Val@Ep36 | score=1003.7693 AUC=0.8054 Acc=0.8374 F1=0.5629 PEHE=0.0479 dCATE=0.1377 Sens=0.0211 thr=0.21 feasible=1
[w/o HSIC (Teacher)] Val@Ep40 | score=1003.7487 AUC=0.8046 Acc=0.8341 F1=0.5630 PEHE=0.0574 dCATE=0.1340 Sens=0.0227 thr=0.19 feasible=1
[w/o HSIC (Teacher)] Epoch 40/45 | loss_total=1.3033 recon=0.0095 hsic=0.0197 pred=0.3212 distill=0.0000
[w/o HSIC (Teacher)] Val@Ep44 | score=1003.6851 AUC=0.8052 Acc=0.8018 F1=0.5659 PEHE=0.0644 dCATE=0.1572 Sens=0.0291 thr=0.16 feasible=1
[w/o HSIC (Teacher)] Epoch 45/45 | loss_total=1.2776 recon=0.0083 hsic=0.0197 pred=0.3154 distill=0.0000
[w/o HSIC (Teacher)] Restored best checkpoint at epoch 16 (score=1003.8020, thr=0.35)
Training Full DLC (SOTA) from scratch (Seed 44)
[Full DLC (SOTA)] Epoch 5/65 | loss_total=2.5469 recon=0.0630 hsic=0.0208 pred=0.3462 distill=0.3371
[Full DLC (SOTA)] Val@Ep8 | score=1003.7653 AUC=0.8075 Acc=0.8374 F1=0.5629 PEHE=0.0501 dCATE=0.1121 Sens=0.0083 thr=0.28 feasible=1
[Full DLC (SOTA)] Epoch 10/65 | loss_total=2.4447 recon=0.0214 hsic=0.0203 pred=0.3441 distill=0.3335
[Full DLC (SOTA)] Val@Ep12 | score=1003.8045 AUC=0.8065 Acc=0.8363 F1=0.5638 PEHE=0.0310 dCATE=0.1566 Sens=0.0129 thr=0.29 feasible=1
[Full DLC (SOTA)] Epoch 15/65 | loss_total=2.3806 recon=0.0142 hsic=0.0202 pred=0.3385 distill=0.3330
[Full DLC (SOTA)] Val@Ep16 | score=1003.8301 AUC=0.8060 Acc=0.8430 F1=0.5662 PEHE=0.0220 dCATE=0.1592 Sens=0.0142 thr=0.31 feasible=1
[Full DLC (SOTA)] Val@Ep20 | score=1003.8068 AUC=0.8097 Acc=0.8352 F1=0.5771 PEHE=0.0329 dCATE=0.1354 Sens=0.0148 thr=0.22 feasible=1
[Full DLC (SOTA)] Epoch 20/65 | loss_total=2.3223 recon=0.0138 hsic=0.0194 pred=0.3303 distill=0.3329
[Full DLC (SOTA)] Val@Ep24 | score=1003.7531 AUC=0.8081 Acc=0.8107 F1=0.5729 PEHE=0.0195 dCATE=0.1382 Sens=0.0213 thr=0.18 feasible=1
[Full DLC (SOTA)] Epoch 25/65 | loss_total=2.2771 recon=0.0112 hsic=0.0195 pred=0.3236 distill=0.3353
[Full DLC (SOTA)] Val@Ep28 | score=1003.7860 AUC=0.8066 Acc=0.8241 F1=0.5775 PEHE=0.0195 dCATE=0.1510 Sens=0.0309 thr=0.22 feasible=1
[Full DLC (SOTA)] Epoch 30/65 | loss_total=2.2466 recon=0.0110 hsic=0.0192 pred=0.3186 distill=0.3376
[Full DLC (SOTA)] Val@Ep32 | score=1003.7598 AUC=0.8058 Acc=0.8274 F1=0.5753 PEHE=0.0235 dCATE=0.1057 Sens=0.0271 thr=0.18 feasible=1
[Full DLC (SOTA)] Epoch 35/65 | loss_total=2.2238 recon=0.0102 hsic=0.0193 pred=0.3149 distill=0.3409
[Full DLC (SOTA)] Val@Ep36 | score=1003.7776 AUC=0.8056 Acc=0.8296 F1=0.5854 PEHE=0.0268 dCATE=0.1196 Sens=0.0336 thr=0.18 feasible=1
[Full DLC (SOTA)] Val@Ep40 | score=1003.7435 AUC=0.8044 Acc=0.8196 F1=0.5737 PEHE=0.0248 dCATE=0.1262 Sens=0.0351 thr=0.17 feasible=1
[Full DLC (SOTA)] Epoch 40/65 | loss_total=2.1881 recon=0.0100 hsic=0.0190 pred=0.3083 distill=0.3462
[Full DLC (SOTA)] Val@Ep44 | score=1003.7939 AUC=0.8048 Acc=0.8374 F1=0.5805 PEHE=0.0242 dCATE=0.1372 Sens=0.0415 thr=0.19 feasible=1
[Full DLC (SOTA)] Epoch 45/65 | loss_total=2.1431 recon=0.0091 hsic=0.0189 pred=0.3018 distill=0.3505
[Full DLC (SOTA)] Val@Ep48 | score=1003.8177 AUC=0.8047 Acc=0.8396 F1=0.5862 PEHE=0.0328 dCATE=0.1780 Sens=0.0494 thr=0.22 feasible=1
[Full DLC (SOTA)] Epoch 50/65 | loss_total=2.1165 recon=0.0091 hsic=0.0190 pred=0.2972 distill=0.3528
[Full DLC (SOTA)] Val@Ep52 | score=1003.7966 AUC=0.8037 Acc=0.8374 F1=0.5876 PEHE=0.0260 dCATE=0.1408 Sens=0.0478 thr=0.19 feasible=1
[Full DLC (SOTA)] Epoch 55/65 | loss_total=2.1022 recon=0.0090 hsic=0.0189 pred=0.2947 distill=0.3580
[Full DLC (SOTA)] Val@Ep56 | score=1003.8028 AUC=0.8028 Acc=0.8396 F1=0.5838 PEHE=0.0344 dCATE=0.1678 Sens=0.0507 thr=0.20 feasible=1
[Full DLC (SOTA)] Val@Ep60 | score=1003.7636 AUC=0.8022 Acc=0.8330 F1=0.5763 PEHE=0.0300 dCATE=0.1479 Sens=0.0559 thr=0.18 feasible=1
[Full DLC (SOTA)] Epoch 60/65 | loss_total=2.0788 recon=0.0088 hsic=0.0190 pred=0.2904 distill=0.3617
[Full DLC (SOTA)] Val@Ep64 | score=1003.7574 AUC=0.7998 Acc=0.8318 F1=0.5746 PEHE=0.0293 dCATE=0.1470 Sens=0.0541 thr=0.17 feasible=1
[Full DLC (SOTA)] Early stop at epoch 64 (best_epoch=16, best_score=1003.8301)
[Full DLC (SOTA)] Restored best checkpoint at epoch 16 (score=1003.8301, thr=0.31)
[w/o VAE] Epoch 5/45 | loss_total=1.4601 recon=0.0331 hsic=0.0236 pred=0.3500 distill=0.0000
[w/o VAE] Val@Ep8 | score=1003.8014 AUC=0.8088 Acc=0.8486 F1=0.5696 PEHE=0.0686 dCATE=0.1387 Sens=0.0079 thr=0.31 feasible=1
[w/o VAE] Epoch 10/45 | loss_total=1.4166 recon=0.0145 hsic=0.0221 pred=0.3473 distill=0.0000
[w/o VAE] Val@Ep12 | score=1003.7848 AUC=0.8033 Acc=0.8430 F1=0.5635 PEHE=0.0593 dCATE=0.1461 Sens=0.0095 thr=0.37 feasible=1
[w/o VAE] Epoch 15/45 | loss_total=1.3943 recon=0.0117 hsic=0.0210 pred=0.3423 distill=0.0000
[w/o VAE] Val@Ep16 | score=1003.7799 AUC=0.8086 Acc=0.8341 F1=0.5706 PEHE=0.0645 dCATE=0.1544 Sens=0.0130 thr=0.29 feasible=1
[w/o VAE] Val@Ep20 | score=1003.8020 AUC=0.8097 Acc=0.8497 F1=0.5714 PEHE=0.0645 dCATE=0.1361 Sens=0.0163 thr=0.28 feasible=1
[w/o VAE] Epoch 20/45 | loss_total=1.3600 recon=0.0109 hsic=0.0200 pred=0.3346 distill=0.0000
[w/o VAE] Val@Ep24 | score=1003.7457 AUC=0.8065 Acc=0.8285 F1=0.5625 PEHE=0.0526 dCATE=0.1369 Sens=0.0216 thr=0.22 feasible=1
[w/o VAE] Epoch 25/45 | loss_total=1.3302 recon=0.0082 hsic=0.0201 pred=0.3284 distill=0.0000
[w/o VAE] Val@Ep28 | score=1003.7302 AUC=0.8072 Acc=0.8196 F1=0.5668 PEHE=0.0599 dCATE=0.1518 Sens=0.0278 thr=0.21 feasible=1
[w/o VAE] Epoch 30/45 | loss_total=1.3135 recon=0.0079 hsic=0.0201 pred=0.3244 distill=0.0000
[w/o VAE] Val@Ep32 | score=1003.7394 AUC=0.8067 Acc=0.8285 F1=0.5674 PEHE=0.0582 dCATE=0.1272 Sens=0.0232 thr=0.18 feasible=1
[w/o VAE] Epoch 35/45 | loss_total=1.2979 recon=0.0080 hsic=0.0202 pred=0.3206 distill=0.0000
[w/o VAE] Val@Ep36 | score=1003.6906 AUC=0.8043 Acc=0.8096 F1=0.5558 PEHE=0.0442 dCATE=0.1388 Sens=0.0331 thr=0.16 feasible=1
[w/o VAE] Val@Ep40 | score=1003.7006 AUC=0.8042 Acc=0.8151 F1=0.5561 PEHE=0.0416 dCATE=0.1304 Sens=0.0324 thr=0.16 feasible=1
[w/o VAE] Epoch 40/45 | loss_total=1.2743 recon=0.0075 hsic=0.0201 pred=0.3149 distill=0.0000
[w/o VAE] Val@Ep44 | score=1003.6790 AUC=0.8046 Acc=0.8073 F1=0.5598 PEHE=0.0557 dCATE=0.1411 Sens=0.0369 thr=0.14 feasible=1
[w/o VAE] Epoch 45/45 | loss_total=1.2487 recon=0.0068 hsic=0.0200 pred=0.3088 distill=0.0000
[w/o VAE] Restored best checkpoint at epoch 20 (score=1003.8020, thr=0.28)

[Seed 45] Loading data...
Training w/o HGNN teacher for distillation (Seed 45)
[w/o HGNN (Teacher)] Epoch 5/45 | loss_total=1.6071 recon=0.2360 hsic=0.0162 pred=0.3411 distill=0.0000
[w/o HGNN (Teacher)] Val@Ep8 | score=1003.9771 AUC=0.8218 Acc=0.8675 F1=0.6338 PEHE=0.0400 dCATE=0.1792 Sens=0.0305 thr=0.29 feasible=1
[w/o HGNN (Teacher)] Epoch 10/45 | loss_total=1.3930 recon=0.0729 hsic=0.0183 pred=0.3281 distill=0.0000
[w/o HGNN (Teacher)] Val@Ep12 | score=1003.8873 AUC=0.8181 Acc=0.8552 F1=0.6131 PEHE=0.0511 dCATE=0.1535 Sens=0.0348 thr=0.22 feasible=1
[w/o HGNN (Teacher)] Epoch 15/45 | loss_total=1.2932 recon=0.0396 hsic=0.0207 pred=0.3111 distill=0.0000
[w/o HGNN (Teacher)] Val@Ep16 | score=1003.8914 AUC=0.8182 Acc=0.8641 F1=0.6211 PEHE=0.0684 dCATE=0.1572 Sens=0.0491 thr=0.30 feasible=1
[w/o HGNN (Teacher)] Val@Ep20 | score=1003.7606 AUC=0.7959 Acc=0.8586 F1=0.5890 PEHE=0.0915 dCATE=0.1464 Sens=0.0676 thr=0.37 feasible=1
[w/o HGNN (Teacher)] Epoch 20/45 | loss_total=1.2003 recon=0.0305 hsic=0.0217 pred=0.2891 distill=0.0000
[w/o HGNN (Teacher)] Val@Ep24 | score=1003.6915 AUC=0.7731 Acc=0.8552 F1=0.5833 PEHE=0.0897 dCATE=0.1329 Sens=0.0833 thr=0.31 feasible=1
[w/o HGNN (Teacher)] Epoch 25/45 | loss_total=1.0751 recon=0.0239 hsic=0.0222 pred=0.2572 distill=0.0000
[w/o HGNN (Teacher)] Val@Ep28 | score=1003.6043 AUC=0.7696 Acc=0.8452 F1=0.5443 PEHE=0.1114 dCATE=0.1661 Sens=0.0959 thr=0.36 feasible=1
[w/o HGNN (Teacher)] Epoch 30/45 | loss_total=1.0058 recon=0.0221 hsic=0.0222 pred=0.2406 distill=0.0000
[w/o HGNN (Teacher)] Val@Ep32 | score=1003.6073 AUC=0.7459 Acc=0.8508 F1=0.5592 PEHE=0.1110 dCATE=0.1782 Sens=0.0988 thr=0.38 feasible=1
[w/o HGNN (Teacher)] Epoch 35/45 | loss_total=0.9268 recon=0.0201 hsic=0.0224 pred=0.2201 distill=0.0000
[w/o HGNN (Teacher)] Val@Ep36 | score=1.0864 AUC=0.7250 Acc=0.8452 F1=0.5413 PEHE=0.1315 dCATE=0.1638 Sens=0.1218 thr=0.43 feasible=0
[w/o HGNN (Teacher)] Val@Ep40 | score=-0.5656 AUC=0.7191 Acc=0.8352 F1=0.5460 PEHE=0.1281 dCATE=0.1495 Sens=0.1342 thr=0.37 feasible=0
[w/o HGNN (Teacher)] Epoch 40/45 | loss_total=0.8990 recon=0.0191 hsic=0.0225 pred=0.2113 distill=0.0000
[w/o HGNN (Teacher)] Val@Ep44 | score=-0.0136 AUC=0.7061 Acc=0.8497 F1=0.5196 PEHE=0.1295 dCATE=0.1685 Sens=0.1298 thr=0.55 feasible=0
[w/o HGNN (Teacher)] Epoch 45/45 | loss_total=0.7960 recon=0.0166 hsic=0.0226 pred=0.1881 distill=0.0000
[w/o HGNN (Teacher)] Restored best checkpoint at epoch 8 (score=1003.9771, thr=0.29)
Training w/o HSIC teacher for dual distillation (Seed 45)
[w/o HSIC (Teacher)] Epoch 5/45 | loss_total=1.4611 recon=0.0472 hsic=0.0206 pred=0.3491 distill=0.0000
[w/o HSIC (Teacher)] Val@Ep8 | score=1003.9379 AUC=0.8245 Acc=0.8597 F1=0.6400 PEHE=0.0496 dCATE=0.1076 Sens=0.0069 thr=0.26 feasible=1
[w/o HSIC (Teacher)] Epoch 10/45 | loss_total=1.4117 recon=0.0161 hsic=0.0207 pred=0.3454 distill=0.0000
[w/o HSIC (Teacher)] Val@Ep12 | score=1003.9514 AUC=0.8244 Acc=0.8641 F1=0.6412 PEHE=0.0616 dCATE=0.1322 Sens=0.0100 thr=0.30 feasible=1
[w/o HSIC (Teacher)] Epoch 15/45 | loss_total=1.3943 recon=0.0125 hsic=0.0203 pred=0.3415 distill=0.0000
[w/o HSIC (Teacher)] Val@Ep16 | score=1003.9894 AUC=0.8266 Acc=0.8719 F1=0.6526 PEHE=0.0537 dCATE=0.1281 Sens=0.0119 thr=0.27 feasible=1
[w/o HSIC (Teacher)] Val@Ep20 | score=1003.9053 AUC=0.8289 Acc=0.8508 F1=0.6236 PEHE=0.0634 dCATE=0.1438 Sens=0.0171 thr=0.22 feasible=1
[w/o HSIC (Teacher)] Epoch 20/45 | loss_total=1.3814 recon=0.0116 hsic=0.0201 pred=0.3402 distill=0.0000
[w/o HSIC (Teacher)] Val@Ep24 | score=1003.9656 AUC=0.8260 Acc=0.8653 F1=0.6409 PEHE=0.0541 dCATE=0.1480 Sens=0.0182 thr=0.24 feasible=1
[w/o HSIC (Teacher)] Epoch 25/45 | loss_total=1.3477 recon=0.0090 hsic=0.0200 pred=0.3326 distill=0.0000
[w/o HSIC (Teacher)] Val@Ep28 | score=1003.9413 AUC=0.8261 Acc=0.8630 F1=0.6306 PEHE=0.0440 dCATE=0.1301 Sens=0.0222 thr=0.24 feasible=1
[w/o HSIC (Teacher)] Epoch 30/45 | loss_total=1.3252 recon=0.0093 hsic=0.0198 pred=0.3269 distill=0.0000
[w/o HSIC (Teacher)] Val@Ep32 | score=1003.9282 AUC=0.8255 Acc=0.8641 F1=0.6235 PEHE=0.0493 dCATE=0.1391 Sens=0.0293 thr=0.25 feasible=1
[w/o HSIC (Teacher)] Epoch 35/45 | loss_total=1.3157 recon=0.0091 hsic=0.0197 pred=0.3245 distill=0.0000
[w/o HSIC (Teacher)] Val@Ep36 | score=1003.8755 AUC=0.8248 Acc=0.8486 F1=0.6092 PEHE=0.0648 dCATE=0.1701 Sens=0.0350 thr=0.23 feasible=1
[w/o HSIC (Teacher)] Val@Ep40 | score=1003.8832 AUC=0.8204 Acc=0.8619 F1=0.6051 PEHE=0.0615 dCATE=0.1688 Sens=0.0484 thr=0.36 feasible=1
[w/o HSIC (Teacher)] Epoch 40/45 | loss_total=1.2824 recon=0.0087 hsic=0.0197 pred=0.3164 distill=0.0000
[w/o HSIC (Teacher)] Val@Ep44 | score=1003.8682 AUC=0.8195 Acc=0.8597 F1=0.6062 PEHE=0.0558 dCATE=0.1574 Sens=0.0573 thr=0.36 feasible=1
[w/o HSIC (Teacher)] Epoch 45/45 | loss_total=1.2518 recon=0.0074 hsic=0.0197 pred=0.3090 distill=0.0000
[w/o HSIC (Teacher)] Restored best checkpoint at epoch 16 (score=1003.9894, thr=0.27)
Training Full DLC (SOTA) from scratch (Seed 45)
[Full DLC (SOTA)] Epoch 5/65 | loss_total=2.5210 recon=0.0469 hsic=0.0210 pred=0.3461 distill=0.3364
[Full DLC (SOTA)] Val@Ep8 | score=0.6238 AUC=0.8252 Acc=0.8508 F1=0.6278 PEHE=0.0339 dCATE=0.0818 Sens=0.0060 thr=0.26 feasible=0
[Full DLC (SOTA)] Epoch 10/65 | loss_total=2.4481 recon=0.0204 hsic=0.0214 pred=0.3438 distill=0.3341
[Full DLC (SOTA)] Val@Ep12 | score=1003.9590 AUC=0.8266 Acc=0.8597 F1=0.6400 PEHE=0.0390 dCATE=0.1213 Sens=0.0073 thr=0.29 feasible=1
[Full DLC (SOTA)] Epoch 15/65 | loss_total=2.3979 recon=0.0161 hsic=0.0212 pred=0.3396 distill=0.3329
[Full DLC (SOTA)] Val@Ep16 | score=1004.0172 AUC=0.8309 Acc=0.8697 F1=0.6549 PEHE=0.0263 dCATE=0.1230 Sens=0.0097 thr=0.25 feasible=1
[Full DLC (SOTA)] Val@Ep20 | score=1004.0051 AUC=0.8311 Acc=0.8664 F1=0.6491 PEHE=0.0325 dCATE=0.1446 Sens=0.0163 thr=0.24 feasible=1
[Full DLC (SOTA)] Epoch 20/65 | loss_total=2.3680 recon=0.0142 hsic=0.0207 pred=0.3368 distill=0.3311
[Full DLC (SOTA)] Val@Ep24 | score=1003.9991 AUC=0.8287 Acc=0.8630 F1=0.6496 PEHE=0.0296 dCATE=0.1524 Sens=0.0200 thr=0.23 feasible=1
[Full DLC (SOTA)] Epoch 25/65 | loss_total=2.2966 recon=0.0118 hsic=0.0207 pred=0.3264 distill=0.3336
[Full DLC (SOTA)] Val@Ep28 | score=1003.9197 AUC=0.8302 Acc=0.8508 F1=0.6278 PEHE=0.0280 dCATE=0.1184 Sens=0.0262 thr=0.21 feasible=1
[Full DLC (SOTA)] Epoch 30/65 | loss_total=2.2459 recon=0.0114 hsic=0.0207 pred=0.3178 distill=0.3380
[Full DLC (SOTA)] Val@Ep32 | score=1003.9060 AUC=0.8288 Acc=0.8497 F1=0.6110 PEHE=0.0271 dCATE=0.1384 Sens=0.0276 thr=0.21 feasible=1
[Full DLC (SOTA)] Epoch 35/65 | loss_total=2.2302 recon=0.0113 hsic=0.0207 pred=0.3148 distill=0.3443
[Full DLC (SOTA)] Val@Ep36 | score=1003.8879 AUC=0.8239 Acc=0.8441 F1=0.6111 PEHE=0.0328 dCATE=0.1580 Sens=0.0349 thr=0.21 feasible=1
[Full DLC (SOTA)] Val@Ep40 | score=1003.8346 AUC=0.8230 Acc=0.8363 F1=0.5950 PEHE=0.0292 dCATE=0.1385 Sens=0.0400 thr=0.21 feasible=1
[Full DLC (SOTA)] Epoch 40/65 | loss_total=2.1754 recon=0.0108 hsic=0.0205 pred=0.3056 distill=0.3524
[Full DLC (SOTA)] Val@Ep44 | score=1003.8295 AUC=0.8218 Acc=0.8330 F1=0.5924 PEHE=0.0326 dCATE=0.1559 Sens=0.0408 thr=0.20 feasible=1
[Full DLC (SOTA)] Epoch 45/65 | loss_total=2.1291 recon=0.0097 hsic=0.0206 pred=0.2983 distill=0.3575
[Full DLC (SOTA)] Val@Ep48 | score=1003.7807 AUC=0.8085 Acc=0.8341 F1=0.5755 PEHE=0.0324 dCATE=0.1357 Sens=0.0376 thr=0.19 feasible=1
[Full DLC (SOTA)] Epoch 50/65 | loss_total=2.1182 recon=0.0095 hsic=0.0206 pred=0.2961 distill=0.3629
[Full DLC (SOTA)] Val@Ep52 | score=1003.7905 AUC=0.8149 Acc=0.8318 F1=0.5770 PEHE=0.0318 dCATE=0.1521 Sens=0.0461 thr=0.20 feasible=1
[Full DLC (SOTA)] Epoch 55/65 | loss_total=2.1133 recon=0.0094 hsic=0.0206 pred=0.2951 distill=0.3662
[Full DLC (SOTA)] Val@Ep56 | score=1003.7231 AUC=0.8104 Acc=0.8196 F1=0.5525 PEHE=0.0282 dCATE=0.1388 Sens=0.0423 thr=0.18 feasible=1
[Full DLC (SOTA)] Val@Ep60 | score=1003.7820 AUC=0.8115 Acc=0.8341 F1=0.5731 PEHE=0.0356 dCATE=0.1529 Sens=0.0465 thr=0.20 feasible=1
[Full DLC (SOTA)] Epoch 60/65 | loss_total=2.0915 recon=0.0092 hsic=0.0203 pred=0.2911 distill=0.3716
[Full DLC (SOTA)] Val@Ep64 | score=1003.7296 AUC=0.8036 Acc=0.8296 F1=0.5487 PEHE=0.0313 dCATE=0.1439 Sens=0.0438 thr=0.19 feasible=1
[Full DLC (SOTA)] Early stop at epoch 64 (best_epoch=16, best_score=1004.0172)
[Full DLC (SOTA)] Restored best checkpoint at epoch 16 (score=1004.0172, thr=0.25)
[w/o VAE] Epoch 5/45 | loss_total=1.4540 recon=0.0359 hsic=0.0235 pred=0.3495 distill=0.0000
[w/o VAE] Val@Ep8 | score=1003.9304 AUC=0.8241 Acc=0.8575 F1=0.6384 PEHE=0.0510 dCATE=0.1129 Sens=0.0093 thr=0.27 feasible=1
[w/o VAE] Epoch 10/45 | loss_total=1.4156 recon=0.0161 hsic=0.0230 pred=0.3466 distill=0.0000
[w/o VAE] Val@Ep12 | score=1003.9373 AUC=0.8234 Acc=0.8619 F1=0.6331 PEHE=0.0596 dCATE=0.1355 Sens=0.0116 thr=0.30 feasible=1
[w/o VAE] Epoch 15/45 | loss_total=1.4023 recon=0.0117 hsic=0.0224 pred=0.3436 distill=0.0000
[w/o VAE] Val@Ep16 | score=1003.9620 AUC=0.8258 Acc=0.8664 F1=0.6407 PEHE=0.0472 dCATE=0.1216 Sens=0.0121 thr=0.27 feasible=1
[w/o VAE] Val@Ep20 | score=1003.9382 AUC=0.8295 Acc=0.8586 F1=0.6297 PEHE=0.0599 dCATE=0.1432 Sens=0.0125 thr=0.25 feasible=1
[w/o VAE] Epoch 20/45 | loss_total=1.3908 recon=0.0105 hsic=0.0221 pred=0.3429 distill=0.0000
[w/o VAE] Val@Ep24 | score=1003.9680 AUC=0.8257 Acc=0.8641 F1=0.6433 PEHE=0.0544 dCATE=0.1479 Sens=0.0153 thr=0.24 feasible=1
[w/o VAE] Epoch 25/45 | loss_total=1.3643 recon=0.0084 hsic=0.0219 pred=0.3373 distill=0.0000
[w/o VAE] Val@Ep28 | score=1003.9677 AUC=0.8263 Acc=0.8664 F1=0.6386 PEHE=0.0462 dCATE=0.1391 Sens=0.0171 thr=0.26 feasible=1
[w/o VAE] Epoch 30/45 | loss_total=1.3501 recon=0.0088 hsic=0.0217 pred=0.3335 distill=0.0000
[w/o VAE] Val@Ep32 | score=1003.9547 AUC=0.8271 Acc=0.8608 F1=0.6398 PEHE=0.0499 dCATE=0.1416 Sens=0.0192 thr=0.23 feasible=1
[w/o VAE] Epoch 35/45 | loss_total=1.3493 recon=0.0090 hsic=0.0214 pred=0.3328 distill=0.0000
[w/o VAE] Val@Ep36 | score=1003.9587 AUC=0.8291 Acc=0.8641 F1=0.6303 PEHE=0.0596 dCATE=0.1691 Sens=0.0225 thr=0.23 feasible=1
[w/o VAE] Val@Ep40 | score=1003.8994 AUC=0.8251 Acc=0.8552 F1=0.6131 PEHE=0.0642 dCATE=0.1672 Sens=0.0294 thr=0.31 feasible=1
[w/o VAE] Epoch 40/45 | loss_total=1.3234 recon=0.0086 hsic=0.0214 pred=0.3268 distill=0.0000
[w/o VAE] Val@Ep44 | score=1003.9190 AUC=0.8245 Acc=0.8608 F1=0.6177 PEHE=0.0626 dCATE=0.1695 Sens=0.0303 thr=0.31 feasible=1
[w/o VAE] Epoch 45/45 | loss_total=1.3000 recon=0.0077 hsic=0.0214 pred=0.3213 distill=0.0000
[w/o VAE] Restored best checkpoint at epoch 24 (score=1003.9680, thr=0.24)

[Seed 46] Loading data...
Training w/o HGNN teacher for distillation (Seed 46)
[w/o HGNN (Teacher)] Epoch 5/45 | loss_total=1.5911 recon=0.2165 hsic=0.0162 pred=0.3420 distill=0.0000
[w/o HGNN (Teacher)] Val@Ep8 | score=1003.8371 AUC=0.8413 Acc=0.8263 F1=0.5938 PEHE=0.0348 dCATE=0.1223 Sens=0.0229 thr=0.25 feasible=1
[w/o HGNN (Teacher)] Epoch 10/45 | loss_total=1.3891 recon=0.0675 hsic=0.0183 pred=0.3290 distill=0.0000
[w/o HGNN (Teacher)] Val@Ep12 | score=1003.8532 AUC=0.8260 Acc=0.8463 F1=0.6057 PEHE=0.0545 dCATE=0.1152 Sens=0.0218 thr=0.20 feasible=1
[w/o HGNN (Teacher)] Epoch 15/45 | loss_total=1.3025 recon=0.0400 hsic=0.0207 pred=0.3123 distill=0.0000
[w/o HGNN (Teacher)] Val@Ep16 | score=1003.7992 AUC=0.8296 Acc=0.8352 F1=0.6085 PEHE=0.0629 dCATE=0.1268 Sens=0.0644 thr=0.20 feasible=1
[w/o HGNN (Teacher)] Val@Ep20 | score=1003.7080 AUC=0.8040 Acc=0.8307 F1=0.5847 PEHE=0.0984 dCATE=0.1712 Sens=0.0757 thr=0.21 feasible=1
[w/o HGNN (Teacher)] Epoch 20/45 | loss_total=1.2094 recon=0.0297 hsic=0.0224 pred=0.2909 distill=0.0000
[w/o HGNN (Teacher)] Val@Ep24 | score=1003.6439 AUC=0.7901 Acc=0.8374 F1=0.5805 PEHE=0.1042 dCATE=0.1226 Sens=0.0939 thr=0.20 feasible=1
[w/o HGNN (Teacher)] Epoch 25/45 | loss_total=1.0847 recon=0.0228 hsic=0.0229 pred=0.2606 distill=0.0000
[w/o HGNN (Teacher)] Val@Ep28 | score=3.4260 AUC=0.7877 Acc=0.8452 F1=0.5670 PEHE=0.1210 dCATE=0.1305 Sens=0.1111 thr=0.30 feasible=0
[w/o HGNN (Teacher)] Epoch 30/45 | loss_total=1.0064 recon=0.0208 hsic=0.0230 pred=0.2404 distill=0.0000
[w/o HGNN (Teacher)] Val@Ep32 | score=1.3848 AUC=0.7672 Acc=0.8318 F1=0.5598 PEHE=0.1276 dCATE=0.1324 Sens=0.1244 thr=0.25 feasible=0
[w/o HGNN (Teacher)] Epoch 35/45 | loss_total=0.9433 recon=0.0190 hsic=0.0232 pred=0.2225 distill=0.0000
[w/o HGNN (Teacher)] Val@Ep36 | score=-3.4522 AUC=0.7457 Acc=0.8497 F1=0.5659 PEHE=0.1408 dCATE=0.1254 Sens=0.1380 thr=0.30 feasible=0
[w/o HGNN (Teacher)] Val@Ep40 | score=-2.6173 AUC=0.7338 Acc=0.8497 F1=0.5424 PEHE=0.1526 dCATE=0.1296 Sens=0.1213 thr=0.36 feasible=0
[w/o HGNN (Teacher)] Epoch 40/45 | loss_total=0.8854 recon=0.0179 hsic=0.0232 pred=0.2081 distill=0.0000
[w/o HGNN (Teacher)] Val@Ep44 | score=-5.9378 AUC=0.7394 Acc=0.8430 F1=0.5688 PEHE=0.1531 dCATE=0.1331 Sens=0.1392 thr=0.32 feasible=0
[w/o HGNN (Teacher)] Epoch 45/45 | loss_total=0.8079 recon=0.0154 hsic=0.0234 pred=0.1904 distill=0.0000
[w/o HGNN (Teacher)] Restored best checkpoint at epoch 12 (score=1003.8532, thr=0.20)
Training w/o HSIC teacher for dual distillation (Seed 46)
[w/o HSIC (Teacher)] Epoch 5/45 | loss_total=1.4639 recon=0.0424 hsic=0.0211 pred=0.3497 distill=0.0000
[w/o HSIC (Teacher)] Val@Ep8 | score=1003.8545 AUC=0.8434 Acc=0.8419 F1=0.5848 PEHE=0.0570 dCATE=0.1194 Sens=0.0078 thr=0.30 feasible=1
[w/o HSIC (Teacher)] Epoch 10/45 | loss_total=1.4213 recon=0.0162 hsic=0.0206 pred=0.3478 distill=0.0000
[w/o HSIC (Teacher)] Val@Ep12 | score=1003.8600 AUC=0.8435 Acc=0.8452 F1=0.5875 PEHE=0.0550 dCATE=0.1137 Sens=0.0120 thr=0.29 feasible=1
[w/o HSIC (Teacher)] Epoch 15/45 | loss_total=1.4010 recon=0.0131 hsic=0.0199 pred=0.3435 distill=0.0000
[w/o HSIC (Teacher)] Val@Ep16 | score=1003.8834 AUC=0.8430 Acc=0.8474 F1=0.5910 PEHE=0.0511 dCATE=0.1359 Sens=0.0155 thr=0.30 feasible=1
[w/o HSIC (Teacher)] Val@Ep20 | score=1003.8597 AUC=0.8401 Acc=0.8430 F1=0.5913 PEHE=0.0658 dCATE=0.1487 Sens=0.0213 thr=0.29 feasible=1
[w/o HSIC (Teacher)] Epoch 20/45 | loss_total=1.3886 recon=0.0110 hsic=0.0193 pred=0.3415 distill=0.0000
[w/o HSIC (Teacher)] Val@Ep24 | score=1003.8796 AUC=0.8419 Acc=0.8463 F1=0.5965 PEHE=0.0650 dCATE=0.1534 Sens=0.0218 thr=0.25 feasible=1
[w/o HSIC (Teacher)] Epoch 25/45 | loss_total=1.3609 recon=0.0089 hsic=0.0193 pred=0.3359 distill=0.0000
[w/o HSIC (Teacher)] Val@Ep28 | score=1003.8627 AUC=0.8405 Acc=0.8363 F1=0.5973 PEHE=0.0641 dCATE=0.1625 Sens=0.0224 thr=0.25 feasible=1
[w/o HSIC (Teacher)] Epoch 30/45 | loss_total=1.3561 recon=0.0092 hsic=0.0196 pred=0.3343 distill=0.0000
[w/o HSIC (Teacher)] Val@Ep32 | score=1003.8709 AUC=0.8417 Acc=0.8408 F1=0.5994 PEHE=0.0559 dCATE=0.1392 Sens=0.0208 thr=0.23 feasible=1
[w/o HSIC (Teacher)] Epoch 35/45 | loss_total=1.3327 recon=0.0094 hsic=0.0199 pred=0.3282 distill=0.0000
[w/o HSIC (Teacher)] Val@Ep36 | score=1003.8992 AUC=0.8401 Acc=0.8486 F1=0.6069 PEHE=0.0591 dCATE=0.1518 Sens=0.0224 thr=0.25 feasible=1
[w/o HSIC (Teacher)] Val@Ep40 | score=1003.8790 AUC=0.8350 Acc=0.8474 F1=0.6074 PEHE=0.0622 dCATE=0.1476 Sens=0.0286 thr=0.22 feasible=1
[w/o HSIC (Teacher)] Epoch 40/45 | loss_total=1.3142 recon=0.0093 hsic=0.0202 pred=0.3234 distill=0.0000
[w/o HSIC (Teacher)] Val@Ep44 | score=1003.8361 AUC=0.8396 Acc=0.8352 F1=0.5934 PEHE=0.0668 dCATE=0.1509 Sens=0.0312 thr=0.20 feasible=1
[w/o HSIC (Teacher)] Epoch 45/45 | loss_total=1.2907 recon=0.0078 hsic=0.0203 pred=0.3186 distill=0.0000
[w/o HSIC (Teacher)] Restored best checkpoint at epoch 36 (score=1003.8992, thr=0.25)
Training Full DLC (SOTA) from scratch (Seed 46)
[Full DLC (SOTA)] Epoch 5/65 | loss_total=2.5390 recon=0.0588 hsic=0.0207 pred=0.3480 distill=0.3258
[Full DLC (SOTA)] Val@Ep8 | score=3.7993 AUC=0.8444 Acc=0.8552 F1=0.5886 PEHE=0.0356 dCATE=0.0995 Sens=0.0068 thr=0.33 feasible=0
[Full DLC (SOTA)] Epoch 10/65 | loss_total=2.4578 recon=0.0224 hsic=0.0206 pred=0.3468 distill=0.3246
[Full DLC (SOTA)] Val@Ep12 | score=1003.9309 AUC=0.8422 Acc=0.8541 F1=0.5969 PEHE=0.0226 dCATE=0.1261 Sens=0.0077 thr=0.32 feasible=1
[Full DLC (SOTA)] Epoch 15/65 | loss_total=2.4011 recon=0.0155 hsic=0.0202 pred=0.3413 distill=0.3213
[Full DLC (SOTA)] Val@Ep16 | score=1003.9414 AUC=0.8429 Acc=0.8552 F1=0.5988 PEHE=0.0284 dCATE=0.1445 Sens=0.0101 thr=0.33 feasible=1
[Full DLC (SOTA)] Val@Ep20 | score=1003.9242 AUC=0.8411 Acc=0.8630 F1=0.5886 PEHE=0.0374 dCATE=0.1337 Sens=0.0140 thr=0.43 feasible=1
[Full DLC (SOTA)] Epoch 20/65 | loss_total=2.3803 recon=0.0134 hsic=0.0199 pred=0.3390 distill=0.3211
[Full DLC (SOTA)] Val@Ep24 | score=1003.8257 AUC=0.8418 Acc=0.8151 F1=0.5911 PEHE=0.0355 dCATE=0.1394 Sens=0.0170 thr=0.19 feasible=1
[Full DLC (SOTA)] Epoch 25/65 | loss_total=2.3248 recon=0.0107 hsic=0.0196 pred=0.3312 distill=0.3201
[Full DLC (SOTA)] Val@Ep28 | score=1003.8379 AUC=0.8402 Acc=0.8185 F1=0.5935 PEHE=0.0432 dCATE=0.1623 Sens=0.0214 thr=0.21 feasible=1
[Full DLC (SOTA)] Epoch 30/65 | loss_total=2.3096 recon=0.0104 hsic=0.0195 pred=0.3282 distill=0.3207
[Full DLC (SOTA)] Val@Ep32 | score=1003.8952 AUC=0.8423 Acc=0.8508 F1=0.5964 PEHE=0.0295 dCATE=0.1135 Sens=0.0227 thr=0.26 feasible=1
[Full DLC (SOTA)] Epoch 35/65 | loss_total=2.2680 recon=0.0100 hsic=0.0194 pred=0.3210 distill=0.3233
[Full DLC (SOTA)] Val@Ep36 | score=1003.8865 AUC=0.8403 Acc=0.8419 F1=0.5966 PEHE=0.0378 dCATE=0.1555 Sens=0.0296 thr=0.24 feasible=1
[Full DLC (SOTA)] Val@Ep40 | score=1003.8558 AUC=0.8377 Acc=0.8419 F1=0.5896 PEHE=0.0488 dCATE=0.1501 Sens=0.0345 thr=0.23 feasible=1
[Full DLC (SOTA)] Epoch 40/65 | loss_total=2.2305 recon=0.0101 hsic=0.0191 pred=0.3150 distill=0.3269
[Full DLC (SOTA)] Val@Ep44 | score=1003.8439 AUC=0.8388 Acc=0.8408 F1=0.5855 PEHE=0.0451 dCATE=0.1407 Sens=0.0378 thr=0.22 feasible=1
[Full DLC (SOTA)] Epoch 45/65 | loss_total=2.1964 recon=0.0088 hsic=0.0191 pred=0.3102 distill=0.3296
[Full DLC (SOTA)] Val@Ep48 | score=1003.8679 AUC=0.8376 Acc=0.8497 F1=0.5897 PEHE=0.0380 dCATE=0.1344 Sens=0.0396 thr=0.25 feasible=1
[Full DLC (SOTA)] Epoch 50/65 | loss_total=2.1713 recon=0.0089 hsic=0.0191 pred=0.3054 distill=0.3330
[Full DLC (SOTA)] Val@Ep52 | score=1003.8812 AUC=0.8369 Acc=0.8575 F1=0.5924 PEHE=0.0394 dCATE=0.1316 Sens=0.0432 thr=0.31 feasible=1
[Full DLC (SOTA)] Epoch 55/65 | loss_total=2.1449 recon=0.0087 hsic=0.0189 pred=0.3014 distill=0.3361
[Full DLC (SOTA)] Val@Ep56 | score=1003.7616 AUC=0.8301 Acc=0.8196 F1=0.5759 PEHE=0.0457 dCATE=0.1294 Sens=0.0409 thr=0.15 feasible=1
[Full DLC (SOTA)] Val@Ep60 | score=1003.8166 AUC=0.8345 Acc=0.8274 F1=0.5889 PEHE=0.0415 dCATE=0.1530 Sens=0.0459 thr=0.17 feasible=1
[Full DLC (SOTA)] Epoch 60/65 | loss_total=2.1420 recon=0.0085 hsic=0.0189 pred=0.3011 distill=0.3395
[Full DLC (SOTA)] Val@Ep64 | score=1003.8361 AUC=0.8331 Acc=0.8396 F1=0.5886 PEHE=0.0452 dCATE=0.1556 Sens=0.0497 thr=0.21 feasible=1
[Full DLC (SOTA)] Early stop at epoch 64 (best_epoch=16, best_score=1003.9414)
[Full DLC (SOTA)] Restored best checkpoint at epoch 16 (score=1003.9414, thr=0.33)
[w/o VAE] Epoch 5/45 | loss_total=1.4656 recon=0.0397 hsic=0.0238 pred=0.3500 distill=0.0000
[w/o VAE] Val@Ep8 | score=1003.8644 AUC=0.8451 Acc=0.8441 F1=0.5882 PEHE=0.0602 dCATE=0.1203 Sens=0.0075 thr=0.30 feasible=1
[w/o VAE] Epoch 10/45 | loss_total=1.4241 recon=0.0152 hsic=0.0232 pred=0.3488 distill=0.0000
[w/o VAE] Val@Ep12 | score=1003.8558 AUC=0.8428 Acc=0.8441 F1=0.5858 PEHE=0.0563 dCATE=0.1141 Sens=0.0092 thr=0.29 feasible=1
[w/o VAE] Epoch 15/45 | loss_total=1.4009 recon=0.0107 hsic=0.0224 pred=0.3443 distill=0.0000
[w/o VAE] Val@Ep16 | score=1003.8814 AUC=0.8429 Acc=0.8452 F1=0.5900 PEHE=0.0487 dCATE=0.1327 Sens=0.0107 thr=0.30 feasible=1
[w/o VAE] Val@Ep20 | score=1003.8704 AUC=0.8413 Acc=0.8486 F1=0.5879 PEHE=0.0666 dCATE=0.1387 Sens=0.0119 thr=0.33 feasible=1
[w/o VAE] Epoch 20/45 | loss_total=1.3879 recon=0.0103 hsic=0.0216 pred=0.3422 distill=0.0000
[w/o VAE] Val@Ep24 | score=1003.8632 AUC=0.8438 Acc=0.8374 F1=0.5922 PEHE=0.0609 dCATE=0.1499 Sens=0.0168 thr=0.23 feasible=1
[w/o VAE] Epoch 25/45 | loss_total=1.3599 recon=0.0084 hsic=0.0214 pred=0.3360 distill=0.0000
[w/o VAE] Val@Ep28 | score=1003.8958 AUC=0.8431 Acc=0.8452 F1=0.6017 PEHE=0.0577 dCATE=0.1580 Sens=0.0213 thr=0.28 feasible=1
[w/o VAE] Epoch 30/45 | loss_total=1.3516 recon=0.0081 hsic=0.0215 pred=0.3337 distill=0.0000
[w/o VAE] Val@Ep32 | score=1003.8979 AUC=0.8446 Acc=0.8452 F1=0.6106 PEHE=0.0530 dCATE=0.1400 Sens=0.0259 thr=0.25 feasible=1
[w/o VAE] Epoch 35/45 | loss_total=1.3269 recon=0.0083 hsic=0.0214 pred=0.3269 distill=0.0000
[w/o VAE] Val@Ep36 | score=1003.8756 AUC=0.8425 Acc=0.8385 F1=0.6049 PEHE=0.0564 dCATE=0.1590 Sens=0.0331 thr=0.23 feasible=1
[w/o VAE] Val@Ep40 | score=1003.8694 AUC=0.8384 Acc=0.8452 F1=0.6040 PEHE=0.0574 dCATE=0.1408 Sens=0.0341 thr=0.22 feasible=1
[w/o VAE] Epoch 40/45 | loss_total=1.3073 recon=0.0079 hsic=0.0212 pred=0.3225 distill=0.0000
[w/o VAE] Val@Ep44 | score=1003.8635 AUC=0.8432 Acc=0.8430 F1=0.6028 PEHE=0.0636 dCATE=0.1437 Sens=0.0373 thr=0.20 feasible=1
[w/o VAE] Epoch 45/45 | loss_total=1.2860 recon=0.0070 hsic=0.0212 pred=0.3178 distill=0.0000
[w/o VAE] Restored best checkpoint at epoch 32 (score=1003.8979, thr=0.25)

[Done] Raw metrics: /home/UserData/ljx/Project_1/results/ablation_metrics_rigorous.json
[Done] Report: /home/UserData/ljx/Project_1/reports/task19.5_ablation_study_rigorous.md
