Script started...

[Seed 42] Loading data...
Training w/o HGNN teacher for distillation (Seed 42)
[w/o HGNN (Teacher)] Epoch 5/40 | loss_total=1.5824 recon=0.2293 hsic=0.0162 pred=0.3371 distill=0.0000
[w/o HGNN (Teacher)] Val@Ep8 | score=1003.7117 AUC=0.7828 Acc=0.8252 F1=0.5577 PEHE=0.0544 dCATE=0.1805 Sens=0.0357 thr=0.25 feasible=1
[w/o HGNN (Teacher)] Epoch 10/40 | loss_total=1.3762 recon=0.0670 hsic=0.0188 pred=0.3249 distill=0.0000
[w/o HGNN (Teacher)] Val@Ep12 | score=1003.7620 AUC=0.7856 Acc=0.8486 F1=0.5696 PEHE=0.0612 dCATE=0.1681 Sens=0.0429 thr=0.42 feasible=1
[w/o HGNN (Teacher)] Epoch 15/40 | loss_total=1.2879 recon=0.0401 hsic=0.0212 pred=0.3096 distill=0.0000
[w/o HGNN (Teacher)] Val@Ep16 | score=1003.6807 AUC=0.7683 Acc=0.8408 F1=0.5545 PEHE=0.0789 dCATE=0.1783 Sens=0.0541 thr=0.35 feasible=1
[w/o HGNN (Teacher)] Val@Ep20 | score=1003.5214 AUC=0.7599 Acc=0.8096 F1=0.5210 PEHE=0.0907 dCATE=0.1722 Sens=0.0768 thr=0.25 feasible=1
[w/o HGNN (Teacher)] Epoch 20/40 | loss_total=1.2209 recon=0.0316 hsic=0.0221 pred=0.2922 distill=0.0000
[w/o HGNN (Teacher)] Val@Ep24 | score=1003.5516 AUC=0.7407 Acc=0.8352 F1=0.5163 PEHE=0.1001 dCATE=0.2049 Sens=0.0823 thr=0.37 feasible=1
[w/o HGNN (Teacher)] Epoch 25/40 | loss_total=1.0810 recon=0.0239 hsic=0.0226 pred=0.2593 distill=0.0000
[w/o HGNN (Teacher)] Val@Ep28 | score=1003.4512 AUC=0.7368 Acc=0.8107 F1=0.5198 PEHE=0.1197 dCATE=0.1746 Sens=0.0912 thr=0.25 feasible=1
[w/o HGNN (Teacher)] Epoch 30/40 | loss_total=1.0036 recon=0.0221 hsic=0.0226 pred=0.2403 distill=0.0000
[w/o HGNN (Teacher)] Val@Ep32 | score=1.7556 AUC=0.7187 Acc=0.7873 F1=0.5013 PEHE=0.1288 dCATE=0.2081 Sens=0.1096 thr=0.23 feasible=0
[w/o HGNN (Teacher)] Epoch 35/40 | loss_total=0.9288 recon=0.0203 hsic=0.0225 pred=0.2201 distill=0.0000
[w/o HGNN (Teacher)] Val@Ep36 | score=2.5167 AUC=0.6849 Acc=0.7806 F1=0.4690 PEHE=0.1241 dCATE=0.2078 Sens=0.0905 thr=0.16 feasible=0
[w/o HGNN (Teacher)] Val@Ep40 | score=-0.6825 AUC=0.6886 Acc=0.7929 F1=0.4804 PEHE=0.1418 dCATE=0.1686 Sens=0.1162 thr=0.24 feasible=0
[w/o HGNN (Teacher)] Epoch 40/40 | loss_total=0.8884 recon=0.0188 hsic=0.0227 pred=0.2088 distill=0.0000
[w/o HGNN (Teacher)] Restored best checkpoint at epoch 12 (score=1003.7620, thr=0.42)
Training w/o HSIC teacher for dual distillation (Seed 42)
[w/o HSIC (Teacher)] Epoch 5/40 | loss_total=1.4734 recon=0.0573 hsic=0.0208 pred=0.3479 distill=0.0000
[w/o HSIC (Teacher)] Val@Ep8 | score=1003.7733 AUC=0.7974 Acc=0.8408 F1=0.5831 PEHE=0.0659 dCATE=0.1181 Sens=0.0090 thr=0.33 feasible=1
[w/o HSIC (Teacher)] Epoch 10/40 | loss_total=1.4099 recon=0.0174 hsic=0.0205 pred=0.3446 distill=0.0000
[w/o HSIC (Teacher)] Val@Ep12 | score=1003.7951 AUC=0.7956 Acc=0.8497 F1=0.5794 PEHE=0.0628 dCATE=0.1363 Sens=0.0145 thr=0.32 feasible=1
[w/o HSIC (Teacher)] Epoch 15/40 | loss_total=1.3943 recon=0.0115 hsic=0.0197 pred=0.3435 distill=0.0000
[w/o HSIC (Teacher)] Val@Ep16 | score=1003.7828 AUC=0.7956 Acc=0.8430 F1=0.5766 PEHE=0.0565 dCATE=0.1433 Sens=0.0192 thr=0.28 feasible=1
[w/o HSIC (Teacher)] Val@Ep20 | score=1003.7681 AUC=0.7957 Acc=0.8352 F1=0.5747 PEHE=0.0445 dCATE=0.1372 Sens=0.0215 thr=0.26 feasible=1
[w/o HSIC (Teacher)] Epoch 20/40 | loss_total=1.3667 recon=0.0102 hsic=0.0193 pred=0.3365 distill=0.0000
[w/o HSIC (Teacher)] Val@Ep24 | score=1003.7872 AUC=0.7951 Acc=0.8408 F1=0.5731 PEHE=0.0509 dCATE=0.1619 Sens=0.0221 thr=0.30 feasible=1
[w/o HSIC (Teacher)] Epoch 25/40 | loss_total=1.3471 recon=0.0087 hsic=0.0190 pred=0.3327 distill=0.0000
[w/o HSIC (Teacher)] Val@Ep28 | score=1003.7839 AUC=0.7938 Acc=0.8452 F1=0.5670 PEHE=0.0654 dCATE=0.1837 Sens=0.0268 thr=0.38 feasible=1
[w/o HSIC (Teacher)] Epoch 30/40 | loss_total=1.3247 recon=0.0086 hsic=0.0190 pred=0.3270 distill=0.0000
[w/o HSIC (Teacher)] Val@Ep32 | score=1003.7369 AUC=0.7947 Acc=0.8229 F1=0.5644 PEHE=0.0554 dCATE=0.1845 Sens=0.0331 thr=0.26 feasible=1
[w/o HSIC (Teacher)] Epoch 35/40 | loss_total=1.3050 recon=0.0085 hsic=0.0191 pred=0.3224 distill=0.0000
[w/o HSIC (Teacher)] Val@Ep36 | score=1003.7497 AUC=0.7907 Acc=0.8285 F1=0.5674 PEHE=0.0482 dCATE=0.1756 Sens=0.0311 thr=0.24 feasible=1
[w/o HSIC (Teacher)] Val@Ep40 | score=1003.7217 AUC=0.7893 Acc=0.8263 F1=0.5618 PEHE=0.0343 dCATE=0.1441 Sens=0.0376 thr=0.23 feasible=1
[w/o HSIC (Teacher)] Epoch 40/40 | loss_total=1.2810 recon=0.0084 hsic=0.0190 pred=0.3168 distill=0.0000
[w/o HSIC (Teacher)] Restored best checkpoint at epoch 12 (score=1003.7951, thr=0.32)
Training Full DLC (SOTA) from scratch (Seed 42)
[Full DLC (SOTA)] Epoch 5/60 | loss_total=2.5390 recon=0.0575 hsic=0.0212 pred=0.3442 distill=0.3603
[Full DLC (SOTA)] Val@Ep8 | score=1.5230 AUC=0.7989 Acc=0.8374 F1=0.5780 PEHE=0.0395 dCATE=0.0875 Sens=0.0095 thr=0.31 feasible=0
[Full DLC (SOTA)] Epoch 10/60 | loss_total=2.4423 recon=0.0215 hsic=0.0210 pred=0.3419 distill=0.3592
[Full DLC (SOTA)] Val@Ep12 | score=1003.7607 AUC=0.7961 Acc=0.8229 F1=0.5782 PEHE=0.0347 dCATE=0.1345 Sens=0.0133 thr=0.24 feasible=1
[Full DLC (SOTA)] Epoch 15/60 | loss_total=2.4034 recon=0.0156 hsic=0.0207 pred=0.3402 distill=0.3576
[Full DLC (SOTA)] Val@Ep16 | score=1003.8077 AUC=0.7963 Acc=0.8318 F1=0.5840 PEHE=0.0215 dCATE=0.1467 Sens=0.0136 thr=0.23 feasible=1
[Full DLC (SOTA)] Val@Ep20 | score=1003.7919 AUC=0.7930 Acc=0.8341 F1=0.5731 PEHE=0.0228 dCATE=0.1502 Sens=0.0166 thr=0.28 feasible=1
[Full DLC (SOTA)] Epoch 20/60 | loss_total=2.3490 recon=0.0145 hsic=0.0210 pred=0.3321 distill=0.3560
[Full DLC (SOTA)] Val@Ep24 | score=1003.7772 AUC=0.7934 Acc=0.8296 F1=0.5690 PEHE=0.0249 dCATE=0.1588 Sens=0.0210 thr=0.24 feasible=1
[Full DLC (SOTA)] Epoch 25/60 | loss_total=2.3003 recon=0.0125 hsic=0.0209 pred=0.3252 distill=0.3559
[Full DLC (SOTA)] Val@Ep28 | score=1003.7866 AUC=0.7973 Acc=0.8318 F1=0.5673 PEHE=0.0307 dCATE=0.1812 Sens=0.0304 thr=0.26 feasible=1
[Full DLC (SOTA)] Epoch 30/60 | loss_total=2.2650 recon=0.0115 hsic=0.0210 pred=0.3194 distill=0.3593
[Full DLC (SOTA)] Val@Ep32 | score=1003.7562 AUC=0.7965 Acc=0.8218 F1=0.5652 PEHE=0.0241 dCATE=0.1653 Sens=0.0304 thr=0.23 feasible=1
[Full DLC (SOTA)] Epoch 35/60 | loss_total=2.2341 recon=0.0111 hsic=0.0207 pred=0.3144 distill=0.3623
[Full DLC (SOTA)] Val@Ep36 | score=1003.7123 AUC=0.7934 Acc=0.8085 F1=0.5567 PEHE=0.0254 dCATE=0.1797 Sens=0.0383 thr=0.19 feasible=1
[Full DLC (SOTA)] Val@Ep40 | score=1003.7210 AUC=0.7925 Acc=0.8330 F1=0.5536 PEHE=0.0296 dCATE=0.1255 Sens=0.0392 thr=0.25 feasible=1
[Full DLC (SOTA)] Epoch 40/60 | loss_total=2.1966 recon=0.0109 hsic=0.0203 pred=0.3084 distill=0.3660
[Full DLC (SOTA)] Val@Ep44 | score=1003.6814 AUC=0.7939 Acc=0.8040 F1=0.5487 PEHE=0.0215 dCATE=0.1654 Sens=0.0446 thr=0.16 feasible=1
[Full DLC (SOTA)] Epoch 45/60 | loss_total=2.1654 recon=0.0092 hsic=0.0204 pred=0.3036 distill=0.3681
[Full DLC (SOTA)] Val@Ep48 | score=1003.7202 AUC=0.7923 Acc=0.8341 F1=0.5387 PEHE=0.0223 dCATE=0.1440 Sens=0.0417 thr=0.25 feasible=1
[Full DLC (SOTA)] Epoch 50/60 | loss_total=2.1422 recon=0.0089 hsic=0.0203 pred=0.2997 distill=0.3721
[Full DLC (SOTA)] Val@Ep52 | score=1003.6990 AUC=0.7924 Acc=0.8274 F1=0.5428 PEHE=0.0254 dCATE=0.1315 Sens=0.0427 thr=0.20 feasible=1
[Full DLC (SOTA)] Epoch 55/60 | loss_total=2.1249 recon=0.0089 hsic=0.0202 pred=0.2967 distill=0.3750
[Full DLC (SOTA)] Val@Ep56 | score=1003.7083 AUC=0.7915 Acc=0.8396 F1=0.5325 PEHE=0.0241 dCATE=0.1266 Sens=0.0438 thr=0.25 feasible=1
[Full DLC (SOTA)] Val@Ep60 | score=1003.6665 AUC=0.7879 Acc=0.8207 F1=0.5333 PEHE=0.0246 dCATE=0.1398 Sens=0.0485 thr=0.17 feasible=1
[Full DLC (SOTA)] Epoch 60/60 | loss_total=2.1290 recon=0.0088 hsic=0.0203 pred=0.2967 distill=0.3785
[Full DLC (SOTA)] Restored best checkpoint at epoch 16 (score=1003.8077, thr=0.23)
[w/o VAE] Epoch 5/40 | loss_total=1.4619 recon=0.0433 hsic=0.0239 pred=0.3481 distill=0.0000
[w/o VAE] Val@Ep8 | score=1003.7665 AUC=0.7966 Acc=0.8396 F1=0.5789 PEHE=0.0633 dCATE=0.1163 Sens=0.0078 thr=0.32 feasible=1
[w/o VAE] Epoch 10/40 | loss_total=1.4075 recon=0.0159 hsic=0.0231 pred=0.3446 distill=0.0000
[w/o VAE] Val@Ep12 | score=1003.7966 AUC=0.7963 Acc=0.8486 F1=0.5776 PEHE=0.0650 dCATE=0.1392 Sens=0.0087 thr=0.31 feasible=1
[w/o VAE] Epoch 15/40 | loss_total=1.3931 recon=0.0119 hsic=0.0221 pred=0.3431 distill=0.0000
[w/o VAE] Val@Ep16 | score=1003.7817 AUC=0.7969 Acc=0.8363 F1=0.5788 PEHE=0.0478 dCATE=0.1339 Sens=0.0111 thr=0.25 feasible=1
[w/o VAE] Val@Ep20 | score=1003.7923 AUC=0.7955 Acc=0.8396 F1=0.5765 PEHE=0.0448 dCATE=0.1502 Sens=0.0168 thr=0.32 feasible=1
[w/o VAE] Epoch 20/40 | loss_total=1.3556 recon=0.0106 hsic=0.0220 pred=0.3341 distill=0.0000
[w/o VAE] Val@Ep24 | score=1003.7820 AUC=0.7947 Acc=0.8352 F1=0.5723 PEHE=0.0504 dCATE=0.1649 Sens=0.0150 thr=0.28 feasible=1
[w/o VAE] Epoch 25/40 | loss_total=1.3311 recon=0.0079 hsic=0.0214 pred=0.3286 distill=0.0000
[w/o VAE] Val@Ep28 | score=1003.7379 AUC=0.7935 Acc=0.8252 F1=0.5651 PEHE=0.0551 dCATE=0.1621 Sens=0.0204 thr=0.22 feasible=1
[w/o VAE] Epoch 30/40 | loss_total=1.3046 recon=0.0078 hsic=0.0215 pred=0.3219 distill=0.0000
[w/o VAE] Val@Ep32 | score=1003.7393 AUC=0.7936 Acc=0.8252 F1=0.5602 PEHE=0.0516 dCATE=0.1750 Sens=0.0250 thr=0.25 feasible=1
[w/o VAE] Epoch 35/40 | loss_total=1.2798 recon=0.0077 hsic=0.0211 pred=0.3163 distill=0.0000
[w/o VAE] Val@Ep36 | score=1003.6878 AUC=0.7895 Acc=0.8073 F1=0.5530 PEHE=0.0435 dCATE=0.1738 Sens=0.0287 thr=0.18 feasible=1
[w/o VAE] Val@Ep40 | score=1003.7094 AUC=0.7879 Acc=0.8318 F1=0.5438 PEHE=0.0351 dCATE=0.1406 Sens=0.0331 thr=0.28 feasible=1
[w/o VAE] Epoch 40/40 | loss_total=1.2575 recon=0.0076 hsic=0.0210 pred=0.3108 distill=0.0000
[w/o VAE] Restored best checkpoint at epoch 12 (score=1003.7966, thr=0.31)

[Seed 43] Loading data...
Training w/o HGNN teacher for distillation (Seed 43)
[w/o HGNN (Teacher)] Epoch 5/40 | loss_total=1.6072 recon=0.2304 hsic=0.0162 pred=0.3422 distill=0.0000
[w/o HGNN (Teacher)] Val@Ep8 | score=1003.8986 AUC=0.8046 Acc=0.8641 F1=0.5933 PEHE=0.0392 dCATE=0.1751 Sens=0.0212 thr=0.30 feasible=1
[w/o HGNN (Teacher)] Epoch 10/40 | loss_total=1.3819 recon=0.0672 hsic=0.0184 pred=0.3275 distill=0.0000
[w/o HGNN (Teacher)] Val@Ep12 | score=1003.8524 AUC=0.7994 Acc=0.8541 F1=0.5919 PEHE=0.0443 dCATE=0.1752 Sens=0.0326 thr=0.28 feasible=1
[w/o HGNN (Teacher)] Epoch 15/40 | loss_total=1.2934 recon=0.0420 hsic=0.0205 pred=0.3107 distill=0.0000
[w/o HGNN (Teacher)] Val@Ep16 | score=1003.8151 AUC=0.7910 Acc=0.8563 F1=0.5931 PEHE=0.0639 dCATE=0.1786 Sens=0.0504 thr=0.31 feasible=1
[w/o HGNN (Teacher)] Val@Ep20 | score=1003.6798 AUC=0.7862 Acc=0.8396 F1=0.5583 PEHE=0.0827 dCATE=0.1727 Sens=0.0788 thr=0.30 feasible=1
[w/o HGNN (Teacher)] Epoch 20/40 | loss_total=1.2141 recon=0.0316 hsic=0.0216 pred=0.2920 distill=0.0000
[w/o HGNN (Teacher)] Val@Ep24 | score=1003.6001 AUC=0.7545 Acc=0.8508 F1=0.5442 PEHE=0.0888 dCATE=0.1604 Sens=0.1082 thr=0.40 feasible=1
[w/o HGNN (Teacher)] Epoch 25/40 | loss_total=1.0836 recon=0.0240 hsic=0.0221 pred=0.2604 distill=0.0000
[w/o HGNN (Teacher)] Val@Ep28 | score=0.2808 AUC=0.7629 Acc=0.8541 F1=0.5467 PEHE=0.1095 dCATE=0.1791 Sens=0.1384 thr=0.57 feasible=0
[w/o HGNN (Teacher)] Epoch 30/40 | loss_total=1.0054 recon=0.0214 hsic=0.0224 pred=0.2408 distill=0.0000
[w/o HGNN (Teacher)] Val@Ep32 | score=1003.5112 AUC=0.7267 Acc=0.8430 F1=0.5253 PEHE=0.1090 dCATE=0.1906 Sens=0.1175 thr=0.43 feasible=1
[w/o HGNN (Teacher)] Epoch 35/40 | loss_total=0.9407 recon=0.0201 hsic=0.0223 pred=0.2231 distill=0.0000
[w/o HGNN (Teacher)] Val@Ep36 | score=1003.3730 AUC=0.6932 Acc=0.8129 F1=0.4940 PEHE=0.1053 dCATE=0.1846 Sens=0.0977 thr=0.17 feasible=1
[w/o HGNN (Teacher)] Val@Ep40 | score=1003.3143 AUC=0.6739 Acc=0.8085 F1=0.4850 PEHE=0.1039 dCATE=0.1890 Sens=0.1127 thr=0.16 feasible=1
[w/o HGNN (Teacher)] Epoch 40/40 | loss_total=0.8725 recon=0.0185 hsic=0.0225 pred=0.2064 distill=0.0000
[w/o HGNN (Teacher)] Restored best checkpoint at epoch 8 (score=1003.8986, thr=0.30)
Training w/o HSIC teacher for dual distillation (Seed 43)
[w/o HSIC (Teacher)] Epoch 5/40 | loss_total=1.4663 recon=0.0466 hsic=0.0210 pred=0.3488 distill=0.0000
[w/o HSIC (Teacher)] Val@Ep8 | score=1003.8869 AUC=0.8132 Acc=0.8563 F1=0.6031 PEHE=0.0731 dCATE=0.1778 Sens=0.0112 thr=0.36 feasible=1
[w/o HSIC (Teacher)] Epoch 10/40 | loss_total=1.4160 recon=0.0171 hsic=0.0205 pred=0.3462 distill=0.0000
[w/o HSIC (Teacher)] Val@Ep12 | score=1003.8760 AUC=0.8146 Acc=0.8541 F1=0.6042 PEHE=0.0538 dCATE=0.1431 Sens=0.0159 thr=0.34 feasible=1
[w/o HSIC (Teacher)] Epoch 15/40 | loss_total=1.4040 recon=0.0122 hsic=0.0200 pred=0.3455 distill=0.0000
[w/o HSIC (Teacher)] Val@Ep16 | score=1003.8774 AUC=0.8107 Acc=0.8575 F1=0.6000 PEHE=0.0592 dCATE=0.1600 Sens=0.0169 thr=0.28 feasible=1
[w/o HSIC (Teacher)] Val@Ep20 | score=1003.8361 AUC=0.8077 Acc=0.8486 F1=0.5952 PEHE=0.1007 dCATE=0.2088 Sens=0.0231 thr=0.25 feasible=1
[w/o HSIC (Teacher)] Epoch 20/40 | loss_total=1.3778 recon=0.0113 hsic=0.0195 pred=0.3390 distill=0.0000
[w/o HSIC (Teacher)] Val@Ep24 | score=1003.8408 AUC=0.8094 Acc=0.8441 F1=0.5930 PEHE=0.0610 dCATE=0.1824 Sens=0.0271 thr=0.28 feasible=1
[w/o HSIC (Teacher)] Epoch 25/40 | loss_total=1.3497 recon=0.0086 hsic=0.0195 pred=0.3335 distill=0.0000
[w/o HSIC (Teacher)] Val@Ep28 | score=1003.8076 AUC=0.8099 Acc=0.8330 F1=0.5902 PEHE=0.0721 dCATE=0.1950 Sens=0.0315 thr=0.23 feasible=1
[w/o HSIC (Teacher)] Epoch 30/40 | loss_total=1.3269 recon=0.0083 hsic=0.0193 pred=0.3282 distill=0.0000
[w/o HSIC (Teacher)] Val@Ep32 | score=1003.7955 AUC=0.8093 Acc=0.8263 F1=0.5895 PEHE=0.0494 dCATE=0.1780 Sens=0.0371 thr=0.24 feasible=1
[w/o HSIC (Teacher)] Epoch 35/40 | loss_total=1.3155 recon=0.0083 hsic=0.0197 pred=0.3250 distill=0.0000
[w/o HSIC (Teacher)] Val@Ep36 | score=1003.7760 AUC=0.8076 Acc=0.8218 F1=0.5855 PEHE=0.0442 dCATE=0.1623 Sens=0.0333 thr=0.19 feasible=1
[w/o HSIC (Teacher)] Val@Ep40 | score=1003.7645 AUC=0.8054 Acc=0.8229 F1=0.5760 PEHE=0.0356 dCATE=0.1531 Sens=0.0333 thr=0.16 feasible=1
[w/o HSIC (Teacher)] Epoch 40/40 | loss_total=1.2914 recon=0.0079 hsic=0.0197 pred=0.3187 distill=0.0000
[w/o HSIC (Teacher)] Restored best checkpoint at epoch 8 (score=1003.8869, thr=0.36)
Training Full DLC (SOTA) from scratch (Seed 43)
[Full DLC (SOTA)] Epoch 5/60 | loss_total=2.5173 recon=0.0427 hsic=0.0207 pred=0.3447 distill=0.3434
[Full DLC (SOTA)] Val@Ep8 | score=1003.8777 AUC=0.8165 Acc=0.8586 F1=0.6019 PEHE=0.0491 dCATE=0.1212 Sens=0.0134 thr=0.41 feasible=1
[Full DLC (SOTA)] Epoch 10/60 | loss_total=2.4403 recon=0.0198 hsic=0.0202 pred=0.3433 distill=0.3431
[Full DLC (SOTA)] Val@Ep12 | score=1003.9179 AUC=0.8129 Acc=0.8586 F1=0.6068 PEHE=0.0267 dCATE=0.1578 Sens=0.0190 thr=0.35 feasible=1
[Full DLC (SOTA)] Epoch 15/60 | loss_total=2.4002 recon=0.0144 hsic=0.0202 pred=0.3413 distill=0.3423
[Full DLC (SOTA)] Val@Ep16 | score=1003.8513 AUC=0.8121 Acc=0.8374 F1=0.5876 PEHE=0.0270 dCATE=0.1622 Sens=0.0151 thr=0.23 feasible=1
[Full DLC (SOTA)] Val@Ep20 | score=1003.8348 AUC=0.8085 Acc=0.8318 F1=0.5886 PEHE=0.0503 dCATE=0.1997 Sens=0.0191 thr=0.23 feasible=1
[Full DLC (SOTA)] Epoch 20/60 | loss_total=2.3407 recon=0.0144 hsic=0.0199 pred=0.3317 distill=0.3432
[Full DLC (SOTA)] Val@Ep24 | score=1003.8629 AUC=0.8079 Acc=0.8519 F1=0.5778 PEHE=0.0190 dCATE=0.1606 Sens=0.0235 thr=0.33 feasible=1
[Full DLC (SOTA)] Epoch 25/60 | loss_total=2.2786 recon=0.0112 hsic=0.0198 pred=0.3231 distill=0.3449
[Full DLC (SOTA)] Val@Ep28 | score=1003.8173 AUC=0.8017 Acc=0.8352 F1=0.5771 PEHE=0.0372 dCATE=0.1939 Sens=0.0283 thr=0.22 feasible=1
[Full DLC (SOTA)] Epoch 30/60 | loss_total=2.2361 recon=0.0105 hsic=0.0196 pred=0.3165 distill=0.3488
[Full DLC (SOTA)] Val@Ep32 | score=1003.7900 AUC=0.8056 Acc=0.8296 F1=0.5616 PEHE=0.0263 dCATE=0.1913 Sens=0.0379 thr=0.30 feasible=1
[Full DLC (SOTA)] Epoch 35/60 | loss_total=2.2157 recon=0.0100 hsic=0.0196 pred=0.3126 distill=0.3544
[Full DLC (SOTA)] Val@Ep36 | score=1003.7612 AUC=0.8034 Acc=0.8185 F1=0.5653 PEHE=0.0274 dCATE=0.1812 Sens=0.0362 thr=0.18 feasible=1
[Full DLC (SOTA)] Val@Ep40 | score=1003.7394 AUC=0.8004 Acc=0.8207 F1=0.5540 PEHE=0.0213 dCATE=0.1603 Sens=0.0355 thr=0.16 feasible=1
[Full DLC (SOTA)] Epoch 40/60 | loss_total=2.1828 recon=0.0096 hsic=0.0195 pred=0.3072 distill=0.3587
[Full DLC (SOTA)] Val@Ep44 | score=1003.7100 AUC=0.7995 Acc=0.8096 F1=0.5488 PEHE=0.0209 dCATE=0.1776 Sens=0.0449 thr=0.16 feasible=1
[Full DLC (SOTA)] Epoch 45/60 | loss_total=2.1458 recon=0.0086 hsic=0.0193 pred=0.3013 distill=0.3628
[Full DLC (SOTA)] Val@Ep48 | score=1003.7332 AUC=0.7987 Acc=0.8185 F1=0.5485 PEHE=0.0227 dCATE=0.1886 Sens=0.0453 thr=0.18 feasible=1
[Full DLC (SOTA)] Epoch 50/60 | loss_total=2.1219 recon=0.0086 hsic=0.0194 pred=0.2972 distill=0.3669
[Full DLC (SOTA)] Val@Ep52 | score=1003.7370 AUC=0.7952 Acc=0.8218 F1=0.5480 PEHE=0.0287 dCATE=0.2052 Sens=0.0489 thr=0.20 feasible=1
[Full DLC (SOTA)] Epoch 55/60 | loss_total=2.1007 recon=0.0084 hsic=0.0193 pred=0.2936 distill=0.3689
[Full DLC (SOTA)] Val@Ep56 | score=1003.6582 AUC=0.7929 Acc=0.8129 F1=0.5281 PEHE=0.0299 dCATE=0.1629 Sens=0.0505 thr=0.19 feasible=1
[Full DLC (SOTA)] Val@Ep60 | score=1003.7346 AUC=0.7909 Acc=0.8274 F1=0.5455 PEHE=0.0267 dCATE=0.1963 Sens=0.0501 thr=0.19 feasible=1
[Full DLC (SOTA)] Early stop at epoch 60 (best_epoch=12, best_score=1003.9179)
[Full DLC (SOTA)] Restored best checkpoint at epoch 12 (score=1003.9179, thr=0.35)
[w/o VAE] Epoch 5/40 | loss_total=1.4711 recon=0.0448 hsic=0.0233 pred=0.3490 distill=0.0000
[w/o VAE] Val@Ep8 | score=1003.8740 AUC=0.8128 Acc=0.8552 F1=0.6012 PEHE=0.0750 dCATE=0.1712 Sens=0.0128 thr=0.36 feasible=1
[w/o VAE] Epoch 10/40 | loss_total=1.4151 recon=0.0134 hsic=0.0218 pred=0.3469 distill=0.0000
[w/o VAE] Val@Ep12 | score=1003.8688 AUC=0.8152 Acc=0.8541 F1=0.5994 PEHE=0.0451 dCATE=0.1362 Sens=0.0216 thr=0.36 feasible=1
[w/o VAE] Epoch 15/40 | loss_total=1.3976 recon=0.0103 hsic=0.0211 pred=0.3447 distill=0.0000
[w/o VAE] Val@Ep16 | score=1003.8895 AUC=0.8137 Acc=0.8552 F1=0.6061 PEHE=0.0463 dCATE=0.1573 Sens=0.0226 thr=0.28 feasible=1
[w/o VAE] Val@Ep20 | score=1003.8363 AUC=0.8085 Acc=0.8486 F1=0.5928 PEHE=0.0789 dCATE=0.1885 Sens=0.0278 thr=0.27 feasible=1
[w/o VAE] Epoch 20/40 | loss_total=1.3684 recon=0.0107 hsic=0.0209 pred=0.3371 distill=0.0000
[w/o VAE] Val@Ep24 | score=1003.8217 AUC=0.8118 Acc=0.8307 F1=0.5936 PEHE=0.0410 dCATE=0.1671 Sens=0.0293 thr=0.23 feasible=1
[w/o VAE] Epoch 25/40 | loss_total=1.3321 recon=0.0078 hsic=0.0210 pred=0.3293 distill=0.0000
[w/o VAE] Val@Ep28 | score=1003.8264 AUC=0.8090 Acc=0.8374 F1=0.5922 PEHE=0.0615 dCATE=0.1877 Sens=0.0284 thr=0.23 feasible=1
[w/o VAE] Epoch 30/40 | loss_total=1.3070 recon=0.0075 hsic=0.0206 pred=0.3233 distill=0.0000
[w/o VAE] Val@Ep32 | score=1003.8249 AUC=0.8113 Acc=0.8274 F1=0.5932 PEHE=0.0429 dCATE=0.1919 Sens=0.0323 thr=0.21 feasible=1
[w/o VAE] Epoch 35/40 | loss_total=1.2909 recon=0.0076 hsic=0.0204 pred=0.3188 distill=0.0000
[w/o VAE] Val@Ep36 | score=1003.8035 AUC=0.8089 Acc=0.8341 F1=0.5779 PEHE=0.0509 dCATE=0.1820 Sens=0.0314 thr=0.24 feasible=1
[w/o VAE] Val@Ep40 | score=1003.7726 AUC=0.8093 Acc=0.8252 F1=0.5768 PEHE=0.0335 dCATE=0.1525 Sens=0.0391 thr=0.15 feasible=1
[w/o VAE] Epoch 40/40 | loss_total=1.2633 recon=0.0078 hsic=0.0202 pred=0.3120 distill=0.0000
[w/o VAE] Restored best checkpoint at epoch 16 (score=1003.8895, thr=0.28)

[Done] Raw metrics: /home/UserData/ljx/Project_1/results/ablation_metrics_rigorous.json
[Done] Report: /home/UserData/ljx/Project_1/reports/task19.5_ablation_study_rigorous.md
