开始监控后台任务...
训练时间测量 PID: 3700193
性能验证 PID: 3701322

[Tue Mar 10 03:00:29 UTC 2026] ✓ 性能验证已完成
验证结果:
    [Fine-tune Seed=42] Ep 60/100 Loss=1.6499
    [Fine-tune Seed=42] Ep 80/100 Loss=1.5635
    [Fine-tune Seed=42] Ep 100/100 Loss=1.6065

结果:
  AUC: 0.7914
  Delta CATE: 0.1744
  PEHE: 0.1215

历史SOTA参考 (seed=42):
  AUC: ~0.787
  Delta CATE: ~0.172
  PEHE: ~0.118

✓ 性能接近历史SOTA,代码可复现

[Tue Mar 10 03:06:59 UTC 2026] ✓ 训练时间测量已完成
结果文件已生成:
seed,training_time_s,AUC,Delta_CATE
42,171.58624386787415,0.7913806254767354,0.17441633
43,153.6777491569519,0.7875667429443174,0.15076262
44,142.3128674030304,0.7875667429443173,0.18405117
45,142.807288646698,0.7772692601067888,0.17759193
46,148.8782889842987,0.7902364607170099,0.17348129

说明文档:
# DLC 训练时间测量结果

## 测量协议

- **架构**: d_hidden=128, num_layers=3
- **超参数**: lambda_cate=2.0, lambda_hsic=0.1
- **训练流程**: 完整的 pre-train (200 epochs) + fine-tune (100 epochs)
- **计时范围**: 从训练开始到生成最终checkpoint结束
- **硬件同步**: 使用 torch.cuda.synchronize() 确保准确计时

## 结果

- **平均训练时间**: 151.85 ± 10.72 秒
- **测试种子数**: 5
- **时间范围**: [142.31s, 171.59s]

## 说明

这是DLC模型从零开始训练到生成最终SOTA checkpoint的真实时间成本。
与benchmark中的"Training Time = 0"不同,后者是部署态推理基准(使用预训练权重)。

==========================================
所有后台任务已完成!
==========================================
