>>> Sweeping Architecture...
    [Pre-train Seed=42] Ep 50/200 Loss=1.8966
    [Pre-train Seed=42] Ep 100/200 Loss=1.6154
    [Pre-train Seed=42] Ep 150/200 Loss=1.5123
    [Pre-train Seed=42] Ep 200/200 Loss=1.4873
    [Fine-tune Seed=42] Ep 20/100 Loss=2.1626
    [Fine-tune Seed=42] Ep 40/100 Loss=1.9278
    [Fine-tune Seed=42] Ep 60/100 Loss=2.0186
    [Fine-tune Seed=42] Ep 80/100 Loss=1.8934
    [Fine-tune Seed=42] Ep 100/100 Loss=1.9136
  -> Seed 42: AUC=0.8211, CATE=0.0120
    [Pre-train Seed=43] Ep 50/200 Loss=1.8857
    [Pre-train Seed=43] Ep 100/200 Loss=1.6200
    [Pre-train Seed=43] Ep 150/200 Loss=1.5178
    [Pre-train Seed=43] Ep 200/200 Loss=1.4776
    [Fine-tune Seed=43] Ep 20/100 Loss=1.9251
    [Fine-tune Seed=43] Ep 40/100 Loss=2.0457
    [Fine-tune Seed=43] Ep 60/100 Loss=1.8570
    [Fine-tune Seed=43] Ep 80/100 Loss=1.8702
    [Fine-tune Seed=43] Ep 100/100 Loss=1.7908
  -> Seed 43: AUC=0.8101, CATE=0.0225
    [Pre-train Seed=44] Ep 50/200 Loss=1.8979
    [Pre-train Seed=44] Ep 100/200 Loss=1.6329
    [Pre-train Seed=44] Ep 150/200 Loss=1.5194
    [Pre-train Seed=44] Ep 200/200 Loss=1.4862
    [Fine-tune Seed=44] Ep 20/100 Loss=2.1109
    [Fine-tune Seed=44] Ep 40/100 Loss=2.0545
    [Fine-tune Seed=44] Ep 60/100 Loss=2.0391
    [Fine-tune Seed=44] Ep 80/100 Loss=1.9965
    [Fine-tune Seed=44] Ep 100/100 Loss=2.0094
  -> Seed 44: AUC=0.8261, CATE=0.0250
    [Pre-train Seed=45] Ep 50/200 Loss=1.8521
    [Pre-train Seed=45] Ep 100/200 Loss=1.6026
    [Pre-train Seed=45] Ep 150/200 Loss=1.5120
    [Pre-train Seed=45] Ep 200/200 Loss=1.4857
    [Fine-tune Seed=45] Ep 20/100 Loss=2.0661
    [Fine-tune Seed=45] Ep 40/100 Loss=2.0303
    [Fine-tune Seed=45] Ep 60/100 Loss=2.0069
    [Fine-tune Seed=45] Ep 80/100 Loss=1.9855
    [Fine-tune Seed=45] Ep 100/100 Loss=1.9613
  -> Seed 45: AUC=0.8242, CATE=0.0165
    [Pre-train Seed=46] Ep 50/200 Loss=1.8883
    [Pre-train Seed=46] Ep 100/200 Loss=1.6333
    [Pre-train Seed=46] Ep 150/200 Loss=1.5349
    [Pre-train Seed=46] Ep 200/200 Loss=1.4867
    [Fine-tune Seed=46] Ep 20/100 Loss=1.9326
    [Fine-tune Seed=46] Ep 40/100 Loss=2.0163
    [Fine-tune Seed=46] Ep 60/100 Loss=1.9465
    [Fine-tune Seed=46] Ep 80/100 Loss=1.9159
    [Fine-tune Seed=46] Ep 100/100 Loss=2.0393
  -> Seed 46: AUC=0.8124, CATE=0.0232
Arch: Hidden=64, Layers=2 -> AUC=0.8188±0.0064, CATE=0.0199±0.0048
    [Pre-train Seed=42] Ep 50/200 Loss=1.8990
    [Pre-train Seed=42] Ep 100/200 Loss=1.6093
    [Pre-train Seed=42] Ep 150/200 Loss=1.5232
    [Pre-train Seed=42] Ep 200/200 Loss=1.4758
    [Fine-tune Seed=42] Ep 20/100 Loss=2.0454
    [Fine-tune Seed=42] Ep 40/100 Loss=1.9785
    [Fine-tune Seed=42] Ep 60/100 Loss=1.9098
    [Fine-tune Seed=42] Ep 80/100 Loss=1.9872
    [Fine-tune Seed=42] Ep 100/100 Loss=1.9538
  -> Seed 42: AUC=0.8242, CATE=0.0139
    [Pre-train Seed=43] Ep 50/200 Loss=1.9002
    [Pre-train Seed=43] Ep 100/200 Loss=1.6274
    [Pre-train Seed=43] Ep 150/200 Loss=1.5236
    [Pre-train Seed=43] Ep 200/200 Loss=1.4692
    [Fine-tune Seed=43] Ep 20/100 Loss=1.8906
    [Fine-tune Seed=43] Ep 40/100 Loss=1.9288
    [Fine-tune Seed=43] Ep 60/100 Loss=2.0178
    [Fine-tune Seed=43] Ep 80/100 Loss=2.0202
    [Fine-tune Seed=43] Ep 100/100 Loss=1.7609
  -> Seed 43: AUC=0.8085, CATE=0.0384
    [Pre-train Seed=44] Ep 50/200 Loss=1.9185
    [Pre-train Seed=44] Ep 100/200 Loss=1.6417
    [Pre-train Seed=44] Ep 150/200 Loss=1.5105
    [Pre-train Seed=44] Ep 200/200 Loss=1.4794
    [Fine-tune Seed=44] Ep 20/100 Loss=1.9956
    [Fine-tune Seed=44] Ep 40/100 Loss=2.0523
    [Fine-tune Seed=44] Ep 60/100 Loss=1.8848
    [Fine-tune Seed=44] Ep 80/100 Loss=1.8833
    [Fine-tune Seed=44] Ep 100/100 Loss=1.9430
  -> Seed 44: AUC=0.8215, CATE=0.0665
    [Pre-train Seed=45] Ep 50/200 Loss=1.8642
    [Pre-train Seed=45] Ep 100/200 Loss=1.5979
    [Pre-train Seed=45] Ep 150/200 Loss=1.4974
    [Pre-train Seed=45] Ep 200/200 Loss=1.4752
    [Fine-tune Seed=45] Ep 20/100 Loss=1.8002
    [Fine-tune Seed=45] Ep 40/100 Loss=1.9136
    [Fine-tune Seed=45] Ep 60/100 Loss=1.9005
    [Fine-tune Seed=45] Ep 80/100 Loss=1.8500
    [Fine-tune Seed=45] Ep 100/100 Loss=1.9583
  -> Seed 45: AUC=0.8192, CATE=0.0944
    [Pre-train Seed=46] Ep 50/200 Loss=1.8772
    [Pre-train Seed=46] Ep 100/200 Loss=1.6125
    [Pre-train Seed=46] Ep 150/200 Loss=1.5229
    [Pre-train Seed=46] Ep 200/200 Loss=1.4712
    [Fine-tune Seed=46] Ep 20/100 Loss=2.0227
    [Fine-tune Seed=46] Ep 40/100 Loss=1.9211
    [Fine-tune Seed=46] Ep 60/100 Loss=1.9003
    [Fine-tune Seed=46] Ep 80/100 Loss=1.8724
    [Fine-tune Seed=46] Ep 100/100 Loss=1.8655
  -> Seed 46: AUC=0.8131, CATE=0.0545
Arch: Hidden=64, Layers=3 -> AUC=0.8173±0.0057, CATE=0.0535±0.0270
    [Pre-train Seed=42] Ep 50/200 Loss=1.9186
    [Pre-train Seed=42] Ep 100/200 Loss=1.6167
    [Pre-train Seed=42] Ep 150/200 Loss=1.5176
    [Pre-train Seed=42] Ep 200/200 Loss=1.4817
    [Fine-tune Seed=42] Ep 20/100 Loss=1.9886
    [Fine-tune Seed=42] Ep 40/100 Loss=1.9386
    [Fine-tune Seed=42] Ep 60/100 Loss=2.0053
    [Fine-tune Seed=42] Ep 80/100 Loss=1.8530
    [Fine-tune Seed=42] Ep 100/100 Loss=1.8577
  -> Seed 42: AUC=0.8181, CATE=0.0552
    [Pre-train Seed=43] Ep 50/200 Loss=1.8897
    [Pre-train Seed=43] Ep 100/200 Loss=1.6202
    [Pre-train Seed=43] Ep 150/200 Loss=1.5226
    [Pre-train Seed=43] Ep 200/200 Loss=1.4796
    [Fine-tune Seed=43] Ep 20/100 Loss=2.0404
    [Fine-tune Seed=43] Ep 40/100 Loss=1.9553
    [Fine-tune Seed=43] Ep 60/100 Loss=1.8975
    [Fine-tune Seed=43] Ep 80/100 Loss=1.8535
    [Fine-tune Seed=43] Ep 100/100 Loss=1.9237
  -> Seed 43: AUC=0.8074, CATE=0.0350
    [Pre-train Seed=44] Ep 50/200 Loss=1.9176
    [Pre-train Seed=44] Ep 100/200 Loss=1.6376
    [Pre-train Seed=44] Ep 150/200 Loss=1.5194
    [Pre-train Seed=44] Ep 200/200 Loss=1.4872
    [Fine-tune Seed=44] Ep 20/100 Loss=2.0702
    [Fine-tune Seed=44] Ep 40/100 Loss=2.0215
    [Fine-tune Seed=44] Ep 60/100 Loss=1.8631
    [Fine-tune Seed=44] Ep 80/100 Loss=2.0018
    [Fine-tune Seed=44] Ep 100/100 Loss=2.0088
  -> Seed 44: AUC=0.8169, CATE=0.0295
    [Pre-train Seed=45] Ep 50/200 Loss=1.8590
    [Pre-train Seed=45] Ep 100/200 Loss=1.6047
    [Pre-train Seed=45] Ep 150/200 Loss=1.5070
    [Pre-train Seed=45] Ep 200/200 Loss=1.4735
    [Fine-tune Seed=45] Ep 20/100 Loss=1.9434
    [Fine-tune Seed=45] Ep 40/100 Loss=1.9547
    [Fine-tune Seed=45] Ep 60/100 Loss=1.9758
    [Fine-tune Seed=45] Ep 80/100 Loss=1.8279
    [Fine-tune Seed=45] Ep 100/100 Loss=1.9432
  -> Seed 45: AUC=0.8257, CATE=0.0262
    [Pre-train Seed=46] Ep 50/200 Loss=1.8914
    [Pre-train Seed=46] Ep 100/200 Loss=1.6256
    [Pre-train Seed=46] Ep 150/200 Loss=1.5332
    [Pre-train Seed=46] Ep 200/200 Loss=1.4874
    [Fine-tune Seed=46] Ep 20/100 Loss=1.9729
    [Fine-tune Seed=46] Ep 40/100 Loss=1.9040
    [Fine-tune Seed=46] Ep 60/100 Loss=1.8972
    [Fine-tune Seed=46] Ep 80/100 Loss=1.9034
    [Fine-tune Seed=46] Ep 100/100 Loss=2.0024
  -> Seed 46: AUC=0.8089, CATE=0.0544
Arch: Hidden=64, Layers=4 -> AUC=0.8154±0.0067, CATE=0.0400±0.0124
    [Pre-train Seed=42] Ep 50/200 Loss=1.9083
    [Pre-train Seed=42] Ep 100/200 Loss=1.6083
    [Pre-train Seed=42] Ep 150/200 Loss=1.5189
    [Pre-train Seed=42] Ep 200/200 Loss=1.4791
    [Fine-tune Seed=42] Ep 20/100 Loss=2.0335
    [Fine-tune Seed=42] Ep 40/100 Loss=1.9804
    [Fine-tune Seed=42] Ep 60/100 Loss=1.9223
    [Fine-tune Seed=42] Ep 80/100 Loss=1.9820
    [Fine-tune Seed=42] Ep 100/100 Loss=2.0457
  -> Seed 42: AUC=0.8154, CATE=0.0171
    [Pre-train Seed=43] Ep 50/200 Loss=1.8957
    [Pre-train Seed=43] Ep 100/200 Loss=1.6303
    [Pre-train Seed=43] Ep 150/200 Loss=1.5277
    [Pre-train Seed=43] Ep 200/200 Loss=1.4873
    [Fine-tune Seed=43] Ep 20/100 Loss=1.9797
    [Fine-tune Seed=43] Ep 40/100 Loss=1.9394
    [Fine-tune Seed=43] Ep 60/100 Loss=1.9589
    [Fine-tune Seed=43] Ep 80/100 Loss=1.8665
    [Fine-tune Seed=43] Ep 100/100 Loss=1.9378
  -> Seed 43: AUC=0.8200, CATE=0.0119
    [Pre-train Seed=44] Ep 50/200 Loss=1.9005
    [Pre-train Seed=44] Ep 100/200 Loss=1.6311
    [Pre-train Seed=44] Ep 150/200 Loss=1.5187
    [Pre-train Seed=44] Ep 200/200 Loss=1.4798
    [Fine-tune Seed=44] Ep 20/100 Loss=2.0981
    [Fine-tune Seed=44] Ep 40/100 Loss=2.0407
    [Fine-tune Seed=44] Ep 60/100 Loss=1.8512
    [Fine-tune Seed=44] Ep 80/100 Loss=2.0581
    [Fine-tune Seed=44] Ep 100/100 Loss=1.8176
  -> Seed 44: AUC=0.8139, CATE=0.0600
    [Pre-train Seed=45] Ep 50/200 Loss=1.8566
    [Pre-train Seed=45] Ep 100/200 Loss=1.5953
    [Pre-train Seed=45] Ep 150/200 Loss=1.5038
    [Pre-train Seed=45] Ep 200/200 Loss=1.4726
    [Fine-tune Seed=45] Ep 20/100 Loss=1.9312
    [Fine-tune Seed=45] Ep 40/100 Loss=1.9125
    [Fine-tune Seed=45] Ep 60/100 Loss=1.8828
    [Fine-tune Seed=45] Ep 80/100 Loss=1.8864
    [Fine-tune Seed=45] Ep 100/100 Loss=1.8929
  -> Seed 45: AUC=0.8188, CATE=0.0251
    [Pre-train Seed=46] Ep 50/200 Loss=1.8839
    [Pre-train Seed=46] Ep 100/200 Loss=1.6088
    [Pre-train Seed=46] Ep 150/200 Loss=1.5149
    [Pre-train Seed=46] Ep 200/200 Loss=1.4606
    [Fine-tune Seed=46] Ep 20/100 Loss=1.9764
    [Fine-tune Seed=46] Ep 40/100 Loss=1.9478
    [Fine-tune Seed=46] Ep 60/100 Loss=1.9796
    [Fine-tune Seed=46] Ep 80/100 Loss=1.8954
    [Fine-tune Seed=46] Ep 100/100 Loss=1.9395
  -> Seed 46: AUC=0.8070, CATE=0.0629
Arch: Hidden=64, Layers=5 -> AUC=0.8150±0.0046, CATE=0.0354±0.0217
    [Pre-train Seed=42] Ep 50/200 Loss=1.5756
    [Pre-train Seed=42] Ep 100/200 Loss=1.4665
    [Pre-train Seed=42] Ep 150/200 Loss=1.4582
    [Pre-train Seed=42] Ep 200/200 Loss=1.4401
    [Fine-tune Seed=42] Ep 20/100 Loss=2.0553
    [Fine-tune Seed=42] Ep 40/100 Loss=1.9219
    [Fine-tune Seed=42] Ep 60/100 Loss=1.9259
    [Fine-tune Seed=42] Ep 80/100 Loss=1.7151
    [Fine-tune Seed=42] Ep 100/100 Loss=1.8728
  -> Seed 42: AUC=0.8181, CATE=0.0653
    [Pre-train Seed=43] Ep 50/200 Loss=1.5695
    [Pre-train Seed=43] Ep 100/200 Loss=1.4717
    [Pre-train Seed=43] Ep 150/200 Loss=1.4498
    [Pre-train Seed=43] Ep 200/200 Loss=1.4199
    [Fine-tune Seed=43] Ep 20/100 Loss=1.7876
    [Fine-tune Seed=43] Ep 40/100 Loss=1.7619
    [Fine-tune Seed=43] Ep 60/100 Loss=1.9610
    [Fine-tune Seed=43] Ep 80/100 Loss=1.8587
    [Fine-tune Seed=43] Ep 100/100 Loss=1.6962
  -> Seed 43: AUC=0.7986, CATE=0.0853
    [Pre-train Seed=44] Ep 50/200 Loss=1.5541
    [Pre-train Seed=44] Ep 100/200 Loss=1.4673
    [Pre-train Seed=44] Ep 150/200 Loss=1.4536
    [Pre-train Seed=44] Ep 200/200 Loss=1.4396
    [Fine-tune Seed=44] Ep 20/100 Loss=1.8261
    [Fine-tune Seed=44] Ep 40/100 Loss=1.9132
    [Fine-tune Seed=44] Ep 60/100 Loss=1.8627
    [Fine-tune Seed=44] Ep 80/100 Loss=1.6776
    [Fine-tune Seed=44] Ep 100/100 Loss=1.7191
  -> Seed 44: AUC=0.8135, CATE=0.1275
    [Pre-train Seed=45] Ep 50/200 Loss=1.5664
    [Pre-train Seed=45] Ep 100/200 Loss=1.4735
    [Pre-train Seed=45] Ep 150/200 Loss=1.4544
    [Pre-train Seed=45] Ep 200/200 Loss=1.4368
    [Fine-tune Seed=45] Ep 20/100 Loss=1.8988
    [Fine-tune Seed=45] Ep 40/100 Loss=1.7960
    [Fine-tune Seed=45] Ep 60/100 Loss=1.8327
    [Fine-tune Seed=45] Ep 80/100 Loss=1.7315
    [Fine-tune Seed=45] Ep 100/100 Loss=1.7449
  -> Seed 45: AUC=0.8066, CATE=0.1017
    [Pre-train Seed=46] Ep 50/200 Loss=1.5749
    [Pre-train Seed=46] Ep 100/200 Loss=1.4832
    [Pre-train Seed=46] Ep 150/200 Loss=1.4572
    [Pre-train Seed=46] Ep 200/200 Loss=1.4484
    [Fine-tune Seed=46] Ep 20/100 Loss=1.8407
    [Fine-tune Seed=46] Ep 40/100 Loss=1.9331
    [Fine-tune Seed=46] Ep 60/100 Loss=1.9846
    [Fine-tune Seed=46] Ep 80/100 Loss=1.8699
    [Fine-tune Seed=46] Ep 100/100 Loss=1.7750
  -> Seed 46: AUC=0.8272, CATE=0.0891
Arch: Hidden=128, Layers=2 -> AUC=0.8128±0.0098, CATE=0.0938±0.0205
    [Pre-train Seed=42] Ep 50/200 Loss=1.5812
    [Pre-train Seed=42] Ep 100/200 Loss=1.4725
    [Pre-train Seed=42] Ep 150/200 Loss=1.4475
    [Pre-train Seed=42] Ep 200/200 Loss=1.4329
    [Fine-tune Seed=42] Ep 20/100 Loss=1.9015
    [Fine-tune Seed=42] Ep 40/100 Loss=1.8646
    [Fine-tune Seed=42] Ep 60/100 Loss=1.7200
    [Fine-tune Seed=42] Ep 80/100 Loss=1.8651
    [Fine-tune Seed=42] Ep 100/100 Loss=1.7574
  -> Seed 42: AUC=0.8143, CATE=0.1069
    [Pre-train Seed=43] Ep 50/200 Loss=1.5681
    [Pre-train Seed=43] Ep 100/200 Loss=1.4678
    [Pre-train Seed=43] Ep 150/200 Loss=1.4386
    [Pre-train Seed=43] Ep 200/200 Loss=1.4074
    [Fine-tune Seed=43] Ep 20/100 Loss=1.9406
    [Fine-tune Seed=43] Ep 40/100 Loss=1.7871
    [Fine-tune Seed=43] Ep 60/100 Loss=1.8099
    [Fine-tune Seed=43] Ep 80/100 Loss=1.7273
    [Fine-tune Seed=43] Ep 100/100 Loss=1.7313
  -> Seed 43: AUC=0.7982, CATE=0.0908
    [Pre-train Seed=44] Ep 50/200 Loss=1.5544
    [Pre-train Seed=44] Ep 100/200 Loss=1.4689
    [Pre-train Seed=44] Ep 150/200 Loss=1.4468
    [Pre-train Seed=44] Ep 200/200 Loss=1.4325
    [Fine-tune Seed=44] Ep 20/100 Loss=1.7279
    [Fine-tune Seed=44] Ep 40/100 Loss=1.7308
    [Fine-tune Seed=44] Ep 60/100 Loss=1.7623
    [Fine-tune Seed=44] Ep 80/100 Loss=1.7948
    [Fine-tune Seed=44] Ep 100/100 Loss=1.9144
  -> Seed 44: AUC=0.8173, CATE=0.1188
    [Pre-train Seed=45] Ep 50/200 Loss=1.5644
    [Pre-train Seed=45] Ep 100/200 Loss=1.4616
    [Pre-train Seed=45] Ep 150/200 Loss=1.4427
    [Pre-train Seed=45] Ep 200/200 Loss=1.4248
    [Fine-tune Seed=45] Ep 20/100 Loss=1.7853
    [Fine-tune Seed=45] Ep 40/100 Loss=1.9367
    [Fine-tune Seed=45] Ep 60/100 Loss=1.8185
    [Fine-tune Seed=45] Ep 80/100 Loss=1.8258
    [Fine-tune Seed=45] Ep 100/100 Loss=1.8863
  -> Seed 45: AUC=0.8047, CATE=0.0985
    [Pre-train Seed=46] Ep 50/200 Loss=1.5710
    [Pre-train Seed=46] Ep 100/200 Loss=1.4738
    [Pre-train Seed=46] Ep 150/200 Loss=1.4523
    [Pre-train Seed=46] Ep 200/200 Loss=1.4351
    [Fine-tune Seed=46] Ep 20/100 Loss=1.8484
    [Fine-tune Seed=46] Ep 40/100 Loss=1.8165
    [Fine-tune Seed=46] Ep 60/100 Loss=1.8273
    [Fine-tune Seed=46] Ep 80/100 Loss=1.7537
    [Fine-tune Seed=46] Ep 100/100 Loss=1.8532
  -> Seed 46: AUC=0.8181, CATE=0.1149
Arch: Hidden=128, Layers=3 -> AUC=0.8105±0.0078, CATE=0.1060±0.0103
    [Pre-train Seed=42] Ep 50/200 Loss=1.5703
    [Pre-train Seed=42] Ep 100/200 Loss=1.4676
    [Pre-train Seed=42] Ep 150/200 Loss=1.4550
    [Pre-train Seed=42] Ep 200/200 Loss=1.4317
    [Fine-tune Seed=42] Ep 20/100 Loss=1.7693
    [Fine-tune Seed=42] Ep 40/100 Loss=1.8048
    [Fine-tune Seed=42] Ep 60/100 Loss=1.7612
    [Fine-tune Seed=42] Ep 80/100 Loss=1.8050
    [Fine-tune Seed=42] Ep 100/100 Loss=1.8921
  -> Seed 42: AUC=0.8162, CATE=0.1015
    [Pre-train Seed=43] Ep 50/200 Loss=1.5696
    [Pre-train Seed=43] Ep 100/200 Loss=1.4691
    [Pre-train Seed=43] Ep 150/200 Loss=1.4446
    [Pre-train Seed=43] Ep 200/200 Loss=1.4090
    [Fine-tune Seed=43] Ep 20/100 Loss=1.8700
    [Fine-tune Seed=43] Ep 40/100 Loss=1.8216
    [Fine-tune Seed=43] Ep 60/100 Loss=1.8448
    [Fine-tune Seed=43] Ep 80/100 Loss=1.8793
    [Fine-tune Seed=43] Ep 100/100 Loss=1.8341
  -> Seed 43: AUC=0.8028, CATE=0.0841
    [Pre-train Seed=44] Ep 50/200 Loss=1.5517
    [Pre-train Seed=44] Ep 100/200 Loss=1.4636
    [Pre-train Seed=44] Ep 150/200 Loss=1.4458
    [Pre-train Seed=44] Ep 200/200 Loss=1.4367
    [Fine-tune Seed=44] Ep 20/100 Loss=1.8152
    [Fine-tune Seed=44] Ep 40/100 Loss=1.8065
    [Fine-tune Seed=44] Ep 60/100 Loss=1.7274
    [Fine-tune Seed=44] Ep 80/100 Loss=1.7856
    [Fine-tune Seed=44] Ep 100/100 Loss=1.6036
  -> Seed 44: AUC=0.8207, CATE=0.1190
    [Pre-train Seed=45] Ep 50/200 Loss=1.5740
    [Pre-train Seed=45] Ep 100/200 Loss=1.4807
    [Pre-train Seed=45] Ep 150/200 Loss=1.4593
    [Pre-train Seed=45] Ep 200/200 Loss=1.4351
    [Fine-tune Seed=45] Ep 20/100 Loss=1.9488
    [Fine-tune Seed=45] Ep 40/100 Loss=1.7911
    [Fine-tune Seed=45] Ep 60/100 Loss=1.7015
    [Fine-tune Seed=45] Ep 80/100 Loss=1.9042
    [Fine-tune Seed=45] Ep 100/100 Loss=1.6934
  -> Seed 45: AUC=0.8181, CATE=0.1151
    [Pre-train Seed=46] Ep 50/200 Loss=1.5788
    [Pre-train Seed=46] Ep 100/200 Loss=1.4758
    [Pre-train Seed=46] Ep 150/200 Loss=1.4537
    [Pre-train Seed=46] Ep 200/200 Loss=1.4308
    [Fine-tune Seed=46] Ep 20/100 Loss=1.8599
    [Fine-tune Seed=46] Ep 40/100 Loss=1.8250
    [Fine-tune Seed=46] Ep 60/100 Loss=1.8921
    [Fine-tune Seed=46] Ep 80/100 Loss=1.8333
    [Fine-tune Seed=46] Ep 100/100 Loss=1.8698
  -> Seed 46: AUC=0.7963, CATE=0.1061
Arch: Hidden=128, Layers=4 -> AUC=0.8108±0.0095, CATE=0.1052±0.0122
    [Pre-train Seed=42] Ep 50/200 Loss=1.5837
    [Pre-train Seed=42] Ep 100/200 Loss=1.4745
    [Pre-train Seed=42] Ep 150/200 Loss=1.4541
    [Pre-train Seed=42] Ep 200/200 Loss=1.4365
    [Fine-tune Seed=42] Ep 20/100 Loss=1.8887
    [Fine-tune Seed=42] Ep 40/100 Loss=1.8787
    [Fine-tune Seed=42] Ep 60/100 Loss=1.8918
    [Fine-tune Seed=42] Ep 80/100 Loss=1.6740
    [Fine-tune Seed=42] Ep 100/100 Loss=1.7634
  -> Seed 42: AUC=0.8158, CATE=0.0849
    [Pre-train Seed=43] Ep 50/200 Loss=1.5745
    [Pre-train Seed=43] Ep 100/200 Loss=1.4580
    [Pre-train Seed=43] Ep 150/200 Loss=1.4307
    [Pre-train Seed=43] Ep 200/200 Loss=1.3997
    [Fine-tune Seed=43] Ep 20/100 Loss=1.9550
    [Fine-tune Seed=43] Ep 40/100 Loss=1.8475
    [Fine-tune Seed=43] Ep 60/100 Loss=1.7332
    [Fine-tune Seed=43] Ep 80/100 Loss=1.9468
    [Fine-tune Seed=43] Ep 100/100 Loss=1.7737
  -> Seed 43: AUC=0.7979, CATE=0.0854
    [Pre-train Seed=44] Ep 50/200 Loss=1.5531
    [Pre-train Seed=44] Ep 100/200 Loss=1.4584
    [Pre-train Seed=44] Ep 150/200 Loss=1.4420
    [Pre-train Seed=44] Ep 200/200 Loss=1.4276
    [Fine-tune Seed=44] Ep 20/100 Loss=1.7638
    [Fine-tune Seed=44] Ep 40/100 Loss=1.8566
    [Fine-tune Seed=44] Ep 60/100 Loss=1.7132
    [Fine-tune Seed=44] Ep 80/100 Loss=1.7482
    [Fine-tune Seed=44] Ep 100/100 Loss=1.7709
  -> Seed 44: AUC=0.8120, CATE=0.1179
    [Pre-train Seed=45] Ep 50/200 Loss=1.5592
    [Pre-train Seed=45] Ep 100/200 Loss=1.4695
    [Pre-train Seed=45] Ep 150/200 Loss=1.4405
    [Pre-train Seed=45] Ep 200/200 Loss=1.4235
    [Fine-tune Seed=45] Ep 20/100 Loss=1.8843
    [Fine-tune Seed=45] Ep 40/100 Loss=1.8394
    [Fine-tune Seed=45] Ep 60/100 Loss=1.7818
    [Fine-tune Seed=45] Ep 80/100 Loss=1.7783
    [Fine-tune Seed=45] Ep 100/100 Loss=1.8663
  -> Seed 45: AUC=0.8093, CATE=0.1211
    [Pre-train Seed=46] Ep 50/200 Loss=1.5697
    [Pre-train Seed=46] Ep 100/200 Loss=1.4634
    [Pre-train Seed=46] Ep 150/200 Loss=1.4415
    [Pre-train Seed=46] Ep 200/200 Loss=1.4253
    [Fine-tune Seed=46] Ep 20/100 Loss=1.7736
    [Fine-tune Seed=46] Ep 40/100 Loss=1.8159
    [Fine-tune Seed=46] Ep 60/100 Loss=1.8670
    [Fine-tune Seed=46] Ep 80/100 Loss=1.8198
    [Fine-tune Seed=46] Ep 100/100 Loss=1.6223
  -> Seed 46: AUC=0.8093, CATE=0.1248
Arch: Hidden=128, Layers=5 -> AUC=0.8088±0.0060, CATE=0.1068±0.0178
    [Pre-train Seed=42] Ep 50/200 Loss=1.4706
    [Pre-train Seed=42] Ep 100/200 Loss=1.4427
    [Pre-train Seed=42] Ep 150/200 Loss=1.4104
    [Pre-train Seed=42] Ep 200/200 Loss=1.3393
    [Fine-tune Seed=42] Ep 20/100 Loss=1.9482
    [Fine-tune Seed=42] Ep 40/100 Loss=1.7104
    [Fine-tune Seed=42] Ep 60/100 Loss=1.6432
    [Fine-tune Seed=42] Ep 80/100 Loss=1.8852
    [Fine-tune Seed=42] Ep 100/100 Loss=1.6001
  -> Seed 42: AUC=0.7624, CATE=0.1471
    [Pre-train Seed=43] Ep 50/200 Loss=1.4756
    [Pre-train Seed=43] Ep 100/200 Loss=1.4527
    [Pre-train Seed=43] Ep 150/200 Loss=1.4126
    [Pre-train Seed=43] Ep 200/200 Loss=1.3382
    [Fine-tune Seed=43] Ep 20/100 Loss=1.9267
    [Fine-tune Seed=43] Ep 40/100 Loss=1.7252
    [Fine-tune Seed=43] Ep 60/100 Loss=1.7511
    [Fine-tune Seed=43] Ep 80/100 Loss=1.8362
    [Fine-tune Seed=43] Ep 100/100 Loss=1.7310
  -> Seed 43: AUC=0.7754, CATE=0.1247
    [Pre-train Seed=44] Ep 50/200 Loss=1.4727
    [Pre-train Seed=44] Ep 100/200 Loss=1.4502
    [Pre-train Seed=44] Ep 150/200 Loss=1.4276
    [Pre-train Seed=44] Ep 200/200 Loss=1.3848
    [Fine-tune Seed=44] Ep 20/100 Loss=1.8534
    [Fine-tune Seed=44] Ep 40/100 Loss=1.7871
    [Fine-tune Seed=44] Ep 60/100 Loss=1.8078
    [Fine-tune Seed=44] Ep 80/100 Loss=1.6975
    [Fine-tune Seed=44] Ep 100/100 Loss=1.7406
  -> Seed 44: AUC=0.7967, CATE=0.0984
    [Pre-train Seed=45] Ep 50/200 Loss=1.4763
    [Pre-train Seed=45] Ep 100/200 Loss=1.4460
    [Pre-train Seed=45] Ep 150/200 Loss=1.4147
    [Pre-train Seed=45] Ep 200/200 Loss=1.3254
    [Fine-tune Seed=45] Ep 20/100 Loss=2.0372
    [Fine-tune Seed=45] Ep 40/100 Loss=1.8228
    [Fine-tune Seed=45] Ep 60/100 Loss=1.7893
    [Fine-tune Seed=45] Ep 80/100 Loss=1.7187
    [Fine-tune Seed=45] Ep 100/100 Loss=1.7324
  -> Seed 45: AUC=0.7765, CATE=0.0950
    [Pre-train Seed=46] Ep 50/200 Loss=1.4682
    [Pre-train Seed=46] Ep 100/200 Loss=1.4261
    [Pre-train Seed=46] Ep 150/200 Loss=1.3704
    [Pre-train Seed=46] Ep 200/200 Loss=1.3050
    [Fine-tune Seed=46] Ep 20/100 Loss=2.1653
    [Fine-tune Seed=46] Ep 40/100 Loss=1.8591
    [Fine-tune Seed=46] Ep 60/100 Loss=1.8173
    [Fine-tune Seed=46] Ep 80/100 Loss=1.8439
    [Fine-tune Seed=46] Ep 100/100 Loss=1.7697
  -> Seed 46: AUC=0.7761, CATE=0.1305
Arch: Hidden=256, Layers=2 -> AUC=0.7774±0.0110, CATE=0.1191±0.0198
    [Pre-train Seed=42] Ep 50/200 Loss=1.4712
    [Pre-train Seed=42] Ep 100/200 Loss=1.4389
    [Pre-train Seed=42] Ep 150/200 Loss=1.3934
    [Pre-train Seed=42] Ep 200/200 Loss=1.3000
    [Fine-tune Seed=42] Ep 20/100 Loss=2.0422
    [Fine-tune Seed=42] Ep 40/100 Loss=1.7441
    [Fine-tune Seed=42] Ep 60/100 Loss=1.6375
    [Fine-tune Seed=42] Ep 80/100 Loss=1.8496
    [Fine-tune Seed=42] Ep 100/100 Loss=1.6390
  -> Seed 42: AUC=0.7513, CATE=0.1250
    [Pre-train Seed=43] Ep 50/200 Loss=1.4700
    [Pre-train Seed=43] Ep 100/200 Loss=1.4518
    [Pre-train Seed=43] Ep 150/200 Loss=1.3897
    [Pre-train Seed=43] Ep 200/200 Loss=1.3066
    [Fine-tune Seed=43] Ep 20/100 Loss=1.8963
    [Fine-tune Seed=43] Ep 40/100 Loss=1.7934
    [Fine-tune Seed=43] Ep 60/100 Loss=1.8952
    [Fine-tune Seed=43] Ep 80/100 Loss=1.5890
    [Fine-tune Seed=43] Ep 100/100 Loss=1.6950
  -> Seed 43: AUC=0.7742, CATE=0.1256
    [Pre-train Seed=44] Ep 50/200 Loss=1.4673
    [Pre-train Seed=44] Ep 100/200 Loss=1.4348
    [Pre-train Seed=44] Ep 150/200 Loss=1.3951
    [Pre-train Seed=44] Ep 200/200 Loss=1.3222
    [Fine-tune Seed=44] Ep 20/100 Loss=1.9782
    [Fine-tune Seed=44] Ep 40/100 Loss=1.7927
    [Fine-tune Seed=44] Ep 60/100 Loss=1.7279
    [Fine-tune Seed=44] Ep 80/100 Loss=1.6774
    [Fine-tune Seed=44] Ep 100/100 Loss=1.7788
  -> Seed 44: AUC=0.7532, CATE=0.0755
    [Pre-train Seed=45] Ep 50/200 Loss=1.4793
    [Pre-train Seed=45] Ep 100/200 Loss=1.4437
    [Pre-train Seed=45] Ep 150/200 Loss=1.4009
    [Pre-train Seed=45] Ep 200/200 Loss=1.3097
    [Fine-tune Seed=45] Ep 20/100 Loss=1.9178
    [Fine-tune Seed=45] Ep 40/100 Loss=1.8818
    [Fine-tune Seed=45] Ep 60/100 Loss=1.6961
    [Fine-tune Seed=45] Ep 80/100 Loss=1.7340
    [Fine-tune Seed=45] Ep 100/100 Loss=1.5868
  -> Seed 45: AUC=0.7685, CATE=0.0916
    [Pre-train Seed=46] Ep 50/200 Loss=1.4708
    [Pre-train Seed=46] Ep 100/200 Loss=1.4331
    [Pre-train Seed=46] Ep 150/200 Loss=1.3634
    [Pre-train Seed=46] Ep 200/200 Loss=1.2913
    [Fine-tune Seed=46] Ep 20/100 Loss=2.0036
    [Fine-tune Seed=46] Ep 40/100 Loss=1.8579
    [Fine-tune Seed=46] Ep 60/100 Loss=1.7856
    [Fine-tune Seed=46] Ep 80/100 Loss=1.7414
    [Fine-tune Seed=46] Ep 100/100 Loss=1.6599
  -> Seed 46: AUC=0.7784, CATE=0.1289
Arch: Hidden=256, Layers=3 -> AUC=0.7651±0.0110, CATE=0.1093±0.0217
    [Pre-train Seed=42] Ep 50/200 Loss=1.4648
    [Pre-train Seed=42] Ep 100/200 Loss=1.4352
    [Pre-train Seed=42] Ep 150/200 Loss=1.3726
    [Pre-train Seed=42] Ep 200/200 Loss=1.2815
    [Fine-tune Seed=42] Ep 20/100 Loss=1.8715
    [Fine-tune Seed=42] Ep 40/100 Loss=1.8547
    [Fine-tune Seed=42] Ep 60/100 Loss=1.8698
    [Fine-tune Seed=42] Ep 80/100 Loss=1.6443
    [Fine-tune Seed=42] Ep 100/100 Loss=1.7053
  -> Seed 42: AUC=0.7715, CATE=0.1056
    [Pre-train Seed=43] Ep 50/200 Loss=1.4721
    [Pre-train Seed=43] Ep 100/200 Loss=1.4463
    [Pre-train Seed=43] Ep 150/200 Loss=1.3803
    [Pre-train Seed=43] Ep 200/200 Loss=1.2949
    [Fine-tune Seed=43] Ep 20/100 Loss=1.8530
    [Fine-tune Seed=43] Ep 40/100 Loss=1.7375
    [Fine-tune Seed=43] Ep 60/100 Loss=1.6641
    [Fine-tune Seed=43] Ep 80/100 Loss=1.6928
    [Fine-tune Seed=43] Ep 100/100 Loss=1.8007
  -> Seed 43: AUC=0.7681, CATE=0.1249
    [Pre-train Seed=44] Ep 50/200 Loss=1.4711
    [Pre-train Seed=44] Ep 100/200 Loss=1.4329
    [Pre-train Seed=44] Ep 150/200 Loss=1.3835
    [Pre-train Seed=44] Ep 200/200 Loss=1.3047
    [Fine-tune Seed=44] Ep 20/100 Loss=1.9991
    [Fine-tune Seed=44] Ep 40/100 Loss=1.8990
    [Fine-tune Seed=44] Ep 60/100 Loss=1.7106
    [Fine-tune Seed=44] Ep 80/100 Loss=1.6503
    [Fine-tune Seed=44] Ep 100/100 Loss=1.6179
  -> Seed 44: AUC=0.7639, CATE=0.0597
    [Pre-train Seed=45] Ep 50/200 Loss=1.4728
    [Pre-train Seed=45] Ep 100/200 Loss=1.4375
    [Pre-train Seed=45] Ep 150/200 Loss=1.3945
    [Pre-train Seed=45] Ep 200/200 Loss=1.3019
    [Fine-tune Seed=45] Ep 20/100 Loss=1.9342
    [Fine-tune Seed=45] Ep 40/100 Loss=1.8687
    [Fine-tune Seed=45] Ep 60/100 Loss=1.6918
    [Fine-tune Seed=45] Ep 80/100 Loss=1.6106
    [Fine-tune Seed=45] Ep 100/100 Loss=1.5527
  -> Seed 45: AUC=0.7712, CATE=0.0809
    [Pre-train Seed=46] Ep 50/200 Loss=1.4736
    [Pre-train Seed=46] Ep 100/200 Loss=1.4377
    [Pre-train Seed=46] Ep 150/200 Loss=1.3825
    [Pre-train Seed=46] Ep 200/200 Loss=1.2900
    [Fine-tune Seed=46] Ep 20/100 Loss=2.0102
    [Fine-tune Seed=46] Ep 40/100 Loss=1.7559
    [Fine-tune Seed=46] Ep 60/100 Loss=1.7261
    [Fine-tune Seed=46] Ep 80/100 Loss=1.6502
    [Fine-tune Seed=46] Ep 100/100 Loss=1.6530
  -> Seed 46: AUC=0.7857, CATE=0.1573
Arch: Hidden=256, Layers=4 -> AUC=0.7721±0.0073, CATE=0.1057±0.0340
    [Pre-train Seed=42] Ep 50/200 Loss=1.4727
    [Pre-train Seed=42] Ep 100/200 Loss=1.4455
    [Pre-train Seed=42] Ep 150/200 Loss=1.3788
    [Pre-train Seed=42] Ep 200/200 Loss=1.2483
    [Fine-tune Seed=42] Ep 20/100 Loss=1.8383
    [Fine-tune Seed=42] Ep 40/100 Loss=1.7707
    [Fine-tune Seed=42] Ep 60/100 Loss=1.7940
    [Fine-tune Seed=42] Ep 80/100 Loss=1.6499
    [Fine-tune Seed=42] Ep 100/100 Loss=1.5419
  -> Seed 42: AUC=0.7422, CATE=0.0928
    [Pre-train Seed=43] Ep 50/200 Loss=1.4794
    [Pre-train Seed=43] Ep 100/200 Loss=1.4479
    [Pre-train Seed=43] Ep 150/200 Loss=1.3860
    [Pre-train Seed=43] Ep 200/200 Loss=1.2953
    [Fine-tune Seed=43] Ep 20/100 Loss=1.8791
    [Fine-tune Seed=43] Ep 40/100 Loss=1.8406
    [Fine-tune Seed=43] Ep 60/100 Loss=1.5939
    [Fine-tune Seed=43] Ep 80/100 Loss=1.6653
    [Fine-tune Seed=43] Ep 100/100 Loss=1.5539
  -> Seed 43: AUC=0.7384, CATE=0.1561
    [Pre-train Seed=44] Ep 50/200 Loss=1.4613
    [Pre-train Seed=44] Ep 100/200 Loss=1.4316
    [Pre-train Seed=44] Ep 150/200 Loss=1.3671
    [Pre-train Seed=44] Ep 200/200 Loss=1.2782
    [Fine-tune Seed=44] Ep 20/100 Loss=1.9712
    [Fine-tune Seed=44] Ep 40/100 Loss=1.8251
    [Fine-tune Seed=44] Ep 60/100 Loss=1.6331
    [Fine-tune Seed=44] Ep 80/100 Loss=1.6617
    [Fine-tune Seed=44] Ep 100/100 Loss=1.6866
  -> Seed 44: AUC=0.7563, CATE=0.0650
    [Pre-train Seed=45] Ep 50/200 Loss=1.4703
    [Pre-train Seed=45] Ep 100/200 Loss=1.4381
    [Pre-train Seed=45] Ep 150/200 Loss=1.3886
    [Pre-train Seed=45] Ep 200/200 Loss=1.2968
    [Fine-tune Seed=45] Ep 20/100 Loss=2.0304
    [Fine-tune Seed=45] Ep 40/100 Loss=1.9527
    [Fine-tune Seed=45] Ep 60/100 Loss=1.8993
    [Fine-tune Seed=45] Ep 80/100 Loss=1.7936
    [Fine-tune Seed=45] Ep 100/100 Loss=1.7033
  -> Seed 45: AUC=0.7788, CATE=0.0904
    [Pre-train Seed=46] Ep 50/200 Loss=1.4691
    [Pre-train Seed=46] Ep 100/200 Loss=1.4319
    [Pre-train Seed=46] Ep 150/200 Loss=1.3693
    [Pre-train Seed=46] Ep 200/200 Loss=1.2726
    [Fine-tune Seed=46] Ep 20/100 Loss=1.8720
    [Fine-tune Seed=46] Ep 40/100 Loss=1.7652
    [Fine-tune Seed=46] Ep 60/100 Loss=1.6855
    [Fine-tune Seed=46] Ep 80/100 Loss=1.6472
    [Fine-tune Seed=46] Ep 100/100 Loss=1.5308
  -> Seed 46: AUC=0.7765, CATE=0.1530
Arch: Hidden=256, Layers=5 -> AUC=0.7584±0.0168, CATE=0.1115±0.0365

>>> Sweeping HSIC...
    [Pre-train Seed=42] Ep 50/200 Loss=1.5695
    [Pre-train Seed=42] Ep 100/200 Loss=1.4670
    [Pre-train Seed=42] Ep 150/200 Loss=1.4549
    [Pre-train Seed=42] Ep 200/200 Loss=1.4316
    [Fine-tune Seed=42] Ep 20/100 Loss=1.7704
    [Fine-tune Seed=42] Ep 40/100 Loss=1.8092
    [Fine-tune Seed=42] Ep 60/100 Loss=1.7617
    [Fine-tune Seed=42] Ep 80/100 Loss=1.8059
    [Fine-tune Seed=42] Ep 100/100 Loss=1.8958
  -> Seed 42: AUC=0.8158, CATE=0.0974
    [Pre-train Seed=43] Ep 50/200 Loss=1.5686
    [Pre-train Seed=43] Ep 100/200 Loss=1.4679
    [Pre-train Seed=43] Ep 150/200 Loss=1.4437
    [Pre-train Seed=43] Ep 200/200 Loss=1.4078
    [Fine-tune Seed=43] Ep 20/100 Loss=1.8690
    [Fine-tune Seed=43] Ep 40/100 Loss=1.8201
    [Fine-tune Seed=43] Ep 60/100 Loss=1.8430
    [Fine-tune Seed=43] Ep 80/100 Loss=1.8773
    [Fine-tune Seed=43] Ep 100/100 Loss=1.8296
  -> Seed 43: AUC=0.8032, CATE=0.0866
    [Pre-train Seed=44] Ep 50/200 Loss=1.5510
    [Pre-train Seed=44] Ep 100/200 Loss=1.4631
    [Pre-train Seed=44] Ep 150/200 Loss=1.4448
    [Pre-train Seed=44] Ep 200/200 Loss=1.4365
    [Fine-tune Seed=44] Ep 20/100 Loss=1.8179
    [Fine-tune Seed=44] Ep 40/100 Loss=1.8077
    [Fine-tune Seed=44] Ep 60/100 Loss=1.7295
    [Fine-tune Seed=44] Ep 80/100 Loss=1.7873
    [Fine-tune Seed=44] Ep 100/100 Loss=1.6057
  -> Seed 44: AUC=0.8181, CATE=0.1210
    [Pre-train Seed=45] Ep 50/200 Loss=1.5732
    [Pre-train Seed=45] Ep 100/200 Loss=1.4787
    [Pre-train Seed=45] Ep 150/200 Loss=1.4583
    [Pre-train Seed=45] Ep 200/200 Loss=1.4343
    [Fine-tune Seed=45] Ep 20/100 Loss=1.9460
    [Fine-tune Seed=45] Ep 40/100 Loss=1.7951
    [Fine-tune Seed=45] Ep 60/100 Loss=1.6942
    [Fine-tune Seed=45] Ep 80/100 Loss=1.9010
    [Fine-tune Seed=45] Ep 100/100 Loss=1.6845
  -> Seed 45: AUC=0.8131, CATE=0.1241
    [Pre-train Seed=46] Ep 50/200 Loss=1.5782
    [Pre-train Seed=46] Ep 100/200 Loss=1.4756
    [Pre-train Seed=46] Ep 150/200 Loss=1.4541
    [Pre-train Seed=46] Ep 200/200 Loss=1.4310
    [Fine-tune Seed=46] Ep 20/100 Loss=1.8623
    [Fine-tune Seed=46] Ep 40/100 Loss=1.8292
    [Fine-tune Seed=46] Ep 60/100 Loss=1.8919
    [Fine-tune Seed=46] Ep 80/100 Loss=1.8384
    [Fine-tune Seed=46] Ep 100/100 Loss=1.8762
  -> Seed 46: AUC=0.8032, CATE=0.0978
HSIC: lambda=0.0 -> AUC=0.8107±0.0063, CATE=0.1054±0.0146
    [Pre-train Seed=42] Ep 50/200 Loss=1.5693
    [Pre-train Seed=42] Ep 100/200 Loss=1.4671
    [Pre-train Seed=42] Ep 150/200 Loss=1.4554
    [Pre-train Seed=42] Ep 200/200 Loss=1.4314
    [Fine-tune Seed=42] Ep 20/100 Loss=1.7712
    [Fine-tune Seed=42] Ep 40/100 Loss=1.8088
    [Fine-tune Seed=42] Ep 60/100 Loss=1.7612
    [Fine-tune Seed=42] Ep 80/100 Loss=1.8050
    [Fine-tune Seed=42] Ep 100/100 Loss=1.8963
  -> Seed 42: AUC=0.8146, CATE=0.0967
    [Pre-train Seed=43] Ep 50/200 Loss=1.5688
    [Pre-train Seed=43] Ep 100/200 Loss=1.4677
    [Pre-train Seed=43] Ep 150/200 Loss=1.4436
    [Pre-train Seed=43] Ep 200/200 Loss=1.4080
    [Fine-tune Seed=43] Ep 20/100 Loss=1.8695
    [Fine-tune Seed=43] Ep 40/100 Loss=1.8242
    [Fine-tune Seed=43] Ep 60/100 Loss=1.8481
    [Fine-tune Seed=43] Ep 80/100 Loss=1.8816
    [Fine-tune Seed=43] Ep 100/100 Loss=1.8356
  -> Seed 43: AUC=0.8036, CATE=0.0773
    [Pre-train Seed=44] Ep 50/200 Loss=1.5512
    [Pre-train Seed=44] Ep 100/200 Loss=1.4630
    [Pre-train Seed=44] Ep 150/200 Loss=1.4452
    [Pre-train Seed=44] Ep 200/200 Loss=1.4367
    [Fine-tune Seed=44] Ep 20/100 Loss=1.8183
    [Fine-tune Seed=44] Ep 40/100 Loss=1.8101
    [Fine-tune Seed=44] Ep 60/100 Loss=1.7332
    [Fine-tune Seed=44] Ep 80/100 Loss=1.7893
    [Fine-tune Seed=44] Ep 100/100 Loss=1.6074
  -> Seed 44: AUC=0.8188, CATE=0.1184
    [Pre-train Seed=45] Ep 50/200 Loss=1.5733
    [Pre-train Seed=45] Ep 100/200 Loss=1.4788
    [Pre-train Seed=45] Ep 150/200 Loss=1.4611
    [Pre-train Seed=45] Ep 200/200 Loss=1.4359
    [Fine-tune Seed=45] Ep 20/100 Loss=1.9432
    [Fine-tune Seed=45] Ep 40/100 Loss=1.7864
    [Fine-tune Seed=45] Ep 60/100 Loss=1.6871
    [Fine-tune Seed=45] Ep 80/100 Loss=1.8978
    [Fine-tune Seed=45] Ep 100/100 Loss=1.6705
  -> Seed 45: AUC=0.8127, CATE=0.1041
    [Pre-train Seed=46] Ep 50/200 Loss=1.5782
    [Pre-train Seed=46] Ep 100/200 Loss=1.4756
    [Pre-train Seed=46] Ep 150/200 Loss=1.4541
    [Pre-train Seed=46] Ep 200/200 Loss=1.4306
    [Fine-tune Seed=46] Ep 20/100 Loss=1.8623
    [Fine-tune Seed=46] Ep 40/100 Loss=1.8276
    [Fine-tune Seed=46] Ep 60/100 Loss=1.8900
    [Fine-tune Seed=46] Ep 80/100 Loss=1.8347
    [Fine-tune Seed=46] Ep 100/100 Loss=1.8728
  -> Seed 46: AUC=0.8002, CATE=0.1040
HSIC: lambda=0.01 -> AUC=0.8100±0.0070, CATE=0.1001±0.0134
    [Pre-train Seed=42] Ep 50/200 Loss=1.5703
    [Pre-train Seed=42] Ep 100/200 Loss=1.4676
    [Pre-train Seed=42] Ep 150/200 Loss=1.4550
    [Pre-train Seed=42] Ep 200/200 Loss=1.4317
    [Fine-tune Seed=42] Ep 20/100 Loss=1.7693
    [Fine-tune Seed=42] Ep 40/100 Loss=1.8048
    [Fine-tune Seed=42] Ep 60/100 Loss=1.7612
    [Fine-tune Seed=42] Ep 80/100 Loss=1.8050
    [Fine-tune Seed=42] Ep 100/100 Loss=1.8921
  -> Seed 42: AUC=0.8162, CATE=0.1015
    [Pre-train Seed=43] Ep 50/200 Loss=1.5696
    [Pre-train Seed=43] Ep 100/200 Loss=1.4691
    [Pre-train Seed=43] Ep 150/200 Loss=1.4446
    [Pre-train Seed=43] Ep 200/200 Loss=1.4090
    [Fine-tune Seed=43] Ep 20/100 Loss=1.8700
    [Fine-tune Seed=43] Ep 40/100 Loss=1.8216
    [Fine-tune Seed=43] Ep 60/100 Loss=1.8448
    [Fine-tune Seed=43] Ep 80/100 Loss=1.8793
    [Fine-tune Seed=43] Ep 100/100 Loss=1.8341
  -> Seed 43: AUC=0.8028, CATE=0.0841
    [Pre-train Seed=44] Ep 50/200 Loss=1.5517
    [Pre-train Seed=44] Ep 100/200 Loss=1.4636
    [Pre-train Seed=44] Ep 150/200 Loss=1.4458
    [Pre-train Seed=44] Ep 200/200 Loss=1.4367
    [Fine-tune Seed=44] Ep 20/100 Loss=1.8152
    [Fine-tune Seed=44] Ep 40/100 Loss=1.8065
    [Fine-tune Seed=44] Ep 60/100 Loss=1.7274
    [Fine-tune Seed=44] Ep 80/100 Loss=1.7856
    [Fine-tune Seed=44] Ep 100/100 Loss=1.6036
  -> Seed 44: AUC=0.8207, CATE=0.1190
    [Pre-train Seed=45] Ep 50/200 Loss=1.5740
    [Pre-train Seed=45] Ep 100/200 Loss=1.4807
    [Pre-train Seed=45] Ep 150/200 Loss=1.4593
    [Pre-train Seed=45] Ep 200/200 Loss=1.4351
    [Fine-tune Seed=45] Ep 20/100 Loss=1.9488
    [Fine-tune Seed=45] Ep 40/100 Loss=1.7911
    [Fine-tune Seed=45] Ep 60/100 Loss=1.7015
    [Fine-tune Seed=45] Ep 80/100 Loss=1.9042
    [Fine-tune Seed=45] Ep 100/100 Loss=1.6934
  -> Seed 45: AUC=0.8181, CATE=0.1151
    [Pre-train Seed=46] Ep 50/200 Loss=1.5788
    [Pre-train Seed=46] Ep 100/200 Loss=1.4758
    [Pre-train Seed=46] Ep 150/200 Loss=1.4537
    [Pre-train Seed=46] Ep 200/200 Loss=1.4308
    [Fine-tune Seed=46] Ep 20/100 Loss=1.8599
    [Fine-tune Seed=46] Ep 40/100 Loss=1.8250
    [Fine-tune Seed=46] Ep 60/100 Loss=1.8921
    [Fine-tune Seed=46] Ep 80/100 Loss=1.8333
    [Fine-tune Seed=46] Ep 100/100 Loss=1.8698
  -> Seed 46: AUC=0.7963, CATE=0.1061
HSIC: lambda=0.1 -> AUC=0.8108±0.0095, CATE=0.1052±0.0122
    [Pre-train Seed=42] Ep 50/200 Loss=1.5755
    [Pre-train Seed=42] Ep 100/200 Loss=1.4717
    [Pre-train Seed=42] Ep 150/200 Loss=1.4577
    [Pre-train Seed=42] Ep 200/200 Loss=1.4333
    [Fine-tune Seed=42] Ep 20/100 Loss=1.7837
    [Fine-tune Seed=42] Ep 40/100 Loss=1.8173
    [Fine-tune Seed=42] Ep 60/100 Loss=1.7719
    [Fine-tune Seed=42] Ep 80/100 Loss=1.8203
    [Fine-tune Seed=42] Ep 100/100 Loss=1.9021
  -> Seed 42: AUC=0.8146, CATE=0.1048
    [Pre-train Seed=43] Ep 50/200 Loss=1.5750
    [Pre-train Seed=43] Ep 100/200 Loss=1.4725
    [Pre-train Seed=43] Ep 150/200 Loss=1.4476
    [Pre-train Seed=43] Ep 200/200 Loss=1.4115
    [Fine-tune Seed=43] Ep 20/100 Loss=1.8923
    [Fine-tune Seed=43] Ep 40/100 Loss=1.8406
    [Fine-tune Seed=43] Ep 60/100 Loss=1.8625
    [Fine-tune Seed=43] Ep 80/100 Loss=1.8971
    [Fine-tune Seed=43] Ep 100/100 Loss=1.8498
  -> Seed 43: AUC=0.8032, CATE=0.0788
    [Pre-train Seed=44] Ep 50/200 Loss=1.5576
    [Pre-train Seed=44] Ep 100/200 Loss=1.4690
    [Pre-train Seed=44] Ep 150/200 Loss=1.4494
    [Pre-train Seed=44] Ep 200/200 Loss=1.4401
    [Fine-tune Seed=44] Ep 20/100 Loss=1.8339
    [Fine-tune Seed=44] Ep 40/100 Loss=1.8220
    [Fine-tune Seed=44] Ep 60/100 Loss=1.7375
    [Fine-tune Seed=44] Ep 80/100 Loss=1.8006
    [Fine-tune Seed=44] Ep 100/100 Loss=1.6198
  -> Seed 44: AUC=0.8169, CATE=0.1222
    [Pre-train Seed=45] Ep 50/200 Loss=1.5798
    [Pre-train Seed=45] Ep 100/200 Loss=1.4837
    [Pre-train Seed=45] Ep 150/200 Loss=1.4646
    [Pre-train Seed=45] Ep 200/200 Loss=1.4398
    [Fine-tune Seed=45] Ep 20/100 Loss=1.9650
    [Fine-tune Seed=45] Ep 40/100 Loss=1.8085
    [Fine-tune Seed=45] Ep 60/100 Loss=1.7067
    [Fine-tune Seed=45] Ep 80/100 Loss=1.9134
    [Fine-tune Seed=45] Ep 100/100 Loss=1.6977
  -> Seed 45: AUC=0.8101, CATE=0.0930
    [Pre-train Seed=46] Ep 50/200 Loss=1.5841
    [Pre-train Seed=46] Ep 100/200 Loss=1.4810
    [Pre-train Seed=46] Ep 150/200 Loss=1.4588
    [Pre-train Seed=46] Ep 200/200 Loss=1.4349
    [Fine-tune Seed=46] Ep 20/100 Loss=1.8807
    [Fine-tune Seed=46] Ep 40/100 Loss=1.8411
    [Fine-tune Seed=46] Ep 60/100 Loss=1.9126
    [Fine-tune Seed=46] Ep 80/100 Loss=1.8520
    [Fine-tune Seed=46] Ep 100/100 Loss=1.8851
  -> Seed 46: AUC=0.8002, CATE=0.0987
HSIC: lambda=1.0 -> AUC=0.8090±0.0064, CATE=0.0995±0.0143
    [Pre-train Seed=42] Ep 50/200 Loss=1.5977
    [Pre-train Seed=42] Ep 100/200 Loss=1.4925
    [Pre-train Seed=42] Ep 150/200 Loss=1.4781
    [Pre-train Seed=42] Ep 200/200 Loss=1.4551
    [Fine-tune Seed=42] Ep 20/100 Loss=1.9277
    [Fine-tune Seed=42] Ep 40/100 Loss=1.9605
    [Fine-tune Seed=42] Ep 60/100 Loss=1.9193
    [Fine-tune Seed=42] Ep 80/100 Loss=1.9594
    [Fine-tune Seed=42] Ep 100/100 Loss=2.0469
  -> Seed 42: AUC=0.8185, CATE=0.1088
    [Pre-train Seed=43] Ep 50/200 Loss=1.6019
    [Pre-train Seed=43] Ep 100/200 Loss=1.4927
    [Pre-train Seed=43] Ep 150/200 Loss=1.4639
    [Pre-train Seed=43] Ep 200/200 Loss=1.4263
    [Fine-tune Seed=43] Ep 20/100 Loss=2.0275
    [Fine-tune Seed=43] Ep 40/100 Loss=1.9690
    [Fine-tune Seed=43] Ep 60/100 Loss=1.9949
    [Fine-tune Seed=43] Ep 80/100 Loss=2.0422
    [Fine-tune Seed=43] Ep 100/100 Loss=1.9844
  -> Seed 43: AUC=0.8028, CATE=0.0890
    [Pre-train Seed=44] Ep 50/200 Loss=1.5829
    [Pre-train Seed=44] Ep 100/200 Loss=1.4881
    [Pre-train Seed=44] Ep 150/200 Loss=1.4666
    [Pre-train Seed=44] Ep 200/200 Loss=1.4580
    [Fine-tune Seed=44] Ep 20/100 Loss=1.9817
    [Fine-tune Seed=44] Ep 40/100 Loss=1.9743
    [Fine-tune Seed=44] Ep 60/100 Loss=1.8812
    [Fine-tune Seed=44] Ep 80/100 Loss=1.9407
    [Fine-tune Seed=44] Ep 100/100 Loss=1.7654
  -> Seed 44: AUC=0.8143, CATE=0.1264
    [Pre-train Seed=45] Ep 50/200 Loss=1.6049
    [Pre-train Seed=45] Ep 100/200 Loss=1.5045
    [Pre-train Seed=45] Ep 150/200 Loss=1.4827
    [Pre-train Seed=45] Ep 200/200 Loss=1.4573
    [Fine-tune Seed=45] Ep 20/100 Loss=2.1077
    [Fine-tune Seed=45] Ep 40/100 Loss=1.9522
    [Fine-tune Seed=45] Ep 60/100 Loss=1.8532
    [Fine-tune Seed=45] Ep 80/100 Loss=2.0570
    [Fine-tune Seed=45] Ep 100/100 Loss=1.8431
  -> Seed 45: AUC=0.8101, CATE=0.1127
    [Pre-train Seed=46] Ep 50/200 Loss=1.6045
    [Pre-train Seed=46] Ep 100/200 Loss=1.4998
    [Pre-train Seed=46] Ep 150/200 Loss=1.4754
    [Pre-train Seed=46] Ep 200/200 Loss=1.4497
    [Fine-tune Seed=46] Ep 20/100 Loss=2.0087
    [Fine-tune Seed=46] Ep 40/100 Loss=1.9713
    [Fine-tune Seed=46] Ep 60/100 Loss=2.0317
    [Fine-tune Seed=46] Ep 80/100 Loss=1.9843
    [Fine-tune Seed=46] Ep 100/100 Loss=2.0129
  -> Seed 46: AUC=0.7963, CATE=0.1147
HSIC: lambda=10.0 -> AUC=0.8084±0.0079, CATE=0.1103±0.0122

>>> Sweeping CATE Weight...
    [Pre-train Seed=42] Ep 50/200 Loss=1.5441
    [Pre-train Seed=42] Ep 100/200 Loss=1.4483
    [Pre-train Seed=42] Ep 150/200 Loss=1.4400
    [Pre-train Seed=42] Ep 200/200 Loss=1.4303
    [Fine-tune Seed=42] Ep 20/100 Loss=1.7091
    [Fine-tune Seed=42] Ep 40/100 Loss=1.7478
    [Fine-tune Seed=42] Ep 60/100 Loss=1.7135
    [Fine-tune Seed=42] Ep 80/100 Loss=1.7637
    [Fine-tune Seed=42] Ep 100/100 Loss=1.8553
  -> Seed 42: AUC=0.8204, CATE=-0.0232
    [Pre-train Seed=43] Ep 50/200 Loss=1.5501
    [Pre-train Seed=43] Ep 100/200 Loss=1.4468
    [Pre-train Seed=43] Ep 150/200 Loss=1.4301
    [Pre-train Seed=43] Ep 200/200 Loss=1.4036
    [Fine-tune Seed=43] Ep 20/100 Loss=1.7870
    [Fine-tune Seed=43] Ep 40/100 Loss=1.7768
    [Fine-tune Seed=43] Ep 60/100 Loss=1.7914
    [Fine-tune Seed=43] Ep 80/100 Loss=1.8588
    [Fine-tune Seed=43] Ep 100/100 Loss=1.7817
  -> Seed 43: AUC=0.8158, CATE=-0.0300
    [Pre-train Seed=44] Ep 50/200 Loss=1.5326
    [Pre-train Seed=44] Ep 100/200 Loss=1.4520
    [Pre-train Seed=44] Ep 150/200 Loss=1.4408
    [Pre-train Seed=44] Ep 200/200 Loss=1.4347
    [Fine-tune Seed=44] Ep 20/100 Loss=1.7575
    [Fine-tune Seed=44] Ep 40/100 Loss=1.7825
    [Fine-tune Seed=44] Ep 60/100 Loss=1.7260
    [Fine-tune Seed=44] Ep 80/100 Loss=1.7521
    [Fine-tune Seed=44] Ep 100/100 Loss=1.5761
  -> Seed 44: AUC=0.8215, CATE=-0.0244
    [Pre-train Seed=45] Ep 50/200 Loss=1.5516
    [Pre-train Seed=45] Ep 100/200 Loss=1.4577
    [Pre-train Seed=45] Ep 150/200 Loss=1.4449
    [Pre-train Seed=45] Ep 200/200 Loss=1.4289
    [Fine-tune Seed=45] Ep 20/100 Loss=1.8861
    [Fine-tune Seed=45] Ep 40/100 Loss=1.7407
    [Fine-tune Seed=45] Ep 60/100 Loss=1.6482
    [Fine-tune Seed=45] Ep 80/100 Loss=1.8458
    [Fine-tune Seed=45] Ep 100/100 Loss=1.6078
  -> Seed 45: AUC=0.8154, CATE=-0.0265
    [Pre-train Seed=46] Ep 50/200 Loss=1.5495
    [Pre-train Seed=46] Ep 100/200 Loss=1.4586
    [Pre-train Seed=46] Ep 150/200 Loss=1.4460
    [Pre-train Seed=46] Ep 200/200 Loss=1.4327
    [Fine-tune Seed=46] Ep 20/100 Loss=1.8217
    [Fine-tune Seed=46] Ep 40/100 Loss=1.7837
    [Fine-tune Seed=46] Ep 60/100 Loss=1.8389
    [Fine-tune Seed=46] Ep 80/100 Loss=1.7911
    [Fine-tune Seed=46] Ep 100/100 Loss=1.8351
  -> Seed 46: AUC=0.8154, CATE=-0.0197
CATE Weight: lambda=0.0 -> AUC=0.8177±0.0027, CATE=-0.0248±0.0034
    [Pre-train Seed=42] Ep 50/200 Loss=1.5532
    [Pre-train Seed=42] Ep 100/200 Loss=1.4574
    [Pre-train Seed=42] Ep 150/200 Loss=1.4511
    [Pre-train Seed=42] Ep 200/200 Loss=1.4402
    [Fine-tune Seed=42] Ep 20/100 Loss=1.7231
    [Fine-tune Seed=42] Ep 40/100 Loss=1.7803
    [Fine-tune Seed=42] Ep 60/100 Loss=1.7386
    [Fine-tune Seed=42] Ep 80/100 Loss=1.7880
    [Fine-tune Seed=42] Ep 100/100 Loss=1.8927
  -> Seed 42: AUC=0.8181, CATE=-0.0112
    [Pre-train Seed=43] Ep 50/200 Loss=1.5572
    [Pre-train Seed=43] Ep 100/200 Loss=1.4557
    [Pre-train Seed=43] Ep 150/200 Loss=1.4395
    [Pre-train Seed=43] Ep 200/200 Loss=1.4146
    [Fine-tune Seed=43] Ep 20/100 Loss=1.8029
    [Fine-tune Seed=43] Ep 40/100 Loss=1.7879
    [Fine-tune Seed=43] Ep 60/100 Loss=1.8049
    [Fine-tune Seed=43] Ep 80/100 Loss=1.8776
    [Fine-tune Seed=43] Ep 100/100 Loss=1.8056
  -> Seed 43: AUC=0.8101, CATE=-0.0146
    [Pre-train Seed=44] Ep 50/200 Loss=1.5416
    [Pre-train Seed=44] Ep 100/200 Loss=1.4624
    [Pre-train Seed=44] Ep 150/200 Loss=1.4497
    [Pre-train Seed=44] Ep 200/200 Loss=1.4427
    [Fine-tune Seed=44] Ep 20/100 Loss=1.7855
    [Fine-tune Seed=44] Ep 40/100 Loss=1.8118
    [Fine-tune Seed=44] Ep 60/100 Loss=1.7616
    [Fine-tune Seed=44] Ep 80/100 Loss=1.7630
    [Fine-tune Seed=44] Ep 100/100 Loss=1.5936
  -> Seed 44: AUC=0.8181, CATE=-0.0092
    [Pre-train Seed=45] Ep 50/200 Loss=1.5605
    [Pre-train Seed=45] Ep 100/200 Loss=1.4671
    [Pre-train Seed=45] Ep 150/200 Loss=1.4553
    [Pre-train Seed=45] Ep 200/200 Loss=1.4399
    [Fine-tune Seed=45] Ep 20/100 Loss=1.9063
    [Fine-tune Seed=45] Ep 40/100 Loss=1.7632
    [Fine-tune Seed=45] Ep 60/100 Loss=1.6683
    [Fine-tune Seed=45] Ep 80/100 Loss=1.8765
    [Fine-tune Seed=45] Ep 100/100 Loss=1.6331
  -> Seed 45: AUC=0.8188, CATE=-0.0086
    [Pre-train Seed=46] Ep 50/200 Loss=1.5601
    [Pre-train Seed=46] Ep 100/200 Loss=1.4683
    [Pre-train Seed=46] Ep 150/200 Loss=1.4551
    [Pre-train Seed=46] Ep 200/200 Loss=1.4407
    [Fine-tune Seed=46] Ep 20/100 Loss=1.8469
    [Fine-tune Seed=46] Ep 40/100 Loss=1.8081
    [Fine-tune Seed=46] Ep 60/100 Loss=1.8495
    [Fine-tune Seed=46] Ep 80/100 Loss=1.8090
    [Fine-tune Seed=46] Ep 100/100 Loss=1.8573
  -> Seed 46: AUC=0.8158, CATE=-0.0001
CATE Weight: lambda=0.5 -> AUC=0.8162±0.0032, CATE=-0.0087±0.0048
    [Pre-train Seed=42] Ep 50/200 Loss=1.5603
    [Pre-train Seed=42] Ep 100/200 Loss=1.4642
    [Pre-train Seed=42] Ep 150/200 Loss=1.4574
    [Pre-train Seed=42] Ep 200/200 Loss=1.4434
    [Fine-tune Seed=42] Ep 20/100 Loss=1.7522
    [Fine-tune Seed=42] Ep 40/100 Loss=1.8040
    [Fine-tune Seed=42] Ep 60/100 Loss=1.7583
    [Fine-tune Seed=42] Ep 80/100 Loss=1.8082
    [Fine-tune Seed=42] Ep 100/100 Loss=1.9213
  -> Seed 42: AUC=0.8204, CATE=0.0099
    [Pre-train Seed=43] Ep 50/200 Loss=1.5634
    [Pre-train Seed=43] Ep 100/200 Loss=1.4635
    [Pre-train Seed=43] Ep 150/200 Loss=1.4463
    [Pre-train Seed=43] Ep 200/200 Loss=1.4157
    [Fine-tune Seed=43] Ep 20/100 Loss=1.8262
    [Fine-tune Seed=43] Ep 40/100 Loss=1.8141
    [Fine-tune Seed=43] Ep 60/100 Loss=1.8229
    [Fine-tune Seed=43] Ep 80/100 Loss=1.8972
    [Fine-tune Seed=43] Ep 100/100 Loss=1.8307
  -> Seed 43: AUC=0.8078, CATE=0.0123
    [Pre-train Seed=44] Ep 50/200 Loss=1.5475
    [Pre-train Seed=44] Ep 100/200 Loss=1.4690
    [Pre-train Seed=44] Ep 150/200 Loss=1.4531
    [Pre-train Seed=44] Ep 200/200 Loss=1.4415
    [Fine-tune Seed=44] Ep 20/100 Loss=1.8104
    [Fine-tune Seed=44] Ep 40/100 Loss=1.8273
    [Fine-tune Seed=44] Ep 60/100 Loss=1.7659
    [Fine-tune Seed=44] Ep 80/100 Loss=1.7803
    [Fine-tune Seed=44] Ep 100/100 Loss=1.6075
  -> Seed 44: AUC=0.8158, CATE=0.0435
    [Pre-train Seed=45] Ep 50/200 Loss=1.5668
    [Pre-train Seed=45] Ep 100/200 Loss=1.4743
    [Pre-train Seed=45] Ep 150/200 Loss=1.4619
    [Pre-train Seed=45] Ep 200/200 Loss=1.4443
    [Fine-tune Seed=45] Ep 20/100 Loss=1.9299
    [Fine-tune Seed=45] Ep 40/100 Loss=1.7840
    [Fine-tune Seed=45] Ep 60/100 Loss=1.6754
    [Fine-tune Seed=45] Ep 80/100 Loss=1.9067
    [Fine-tune Seed=45] Ep 100/100 Loss=1.6584
  -> Seed 45: AUC=0.8215, CATE=0.0137
    [Pre-train Seed=46] Ep 50/200 Loss=1.5680
    [Pre-train Seed=46] Ep 100/200 Loss=1.4746
    [Pre-train Seed=46] Ep 150/200 Loss=1.4577
    [Pre-train Seed=46] Ep 200/200 Loss=1.4355
    [Fine-tune Seed=46] Ep 20/100 Loss=1.8564
    [Fine-tune Seed=46] Ep 40/100 Loss=1.8212
    [Fine-tune Seed=46] Ep 60/100 Loss=1.8643
    [Fine-tune Seed=46] Ep 80/100 Loss=1.8266
    [Fine-tune Seed=46] Ep 100/100 Loss=1.8784
  -> Seed 46: AUC=0.8173, CATE=0.0657
CATE Weight: lambda=1.0 -> AUC=0.8166±0.0048, CATE=0.0290±0.0221
    [Pre-train Seed=42] Ep 50/200 Loss=1.5703
    [Pre-train Seed=42] Ep 100/200 Loss=1.4676
    [Pre-train Seed=42] Ep 150/200 Loss=1.4550
    [Pre-train Seed=42] Ep 200/200 Loss=1.4317
    [Fine-tune Seed=42] Ep 20/100 Loss=1.7693
    [Fine-tune Seed=42] Ep 40/100 Loss=1.8048
    [Fine-tune Seed=42] Ep 60/100 Loss=1.7612
    [Fine-tune Seed=42] Ep 80/100 Loss=1.8050
    [Fine-tune Seed=42] Ep 100/100 Loss=1.8921
  -> Seed 42: AUC=0.8162, CATE=0.1015
    [Pre-train Seed=43] Ep 50/200 Loss=1.5696
    [Pre-train Seed=43] Ep 100/200 Loss=1.4691
    [Pre-train Seed=43] Ep 150/200 Loss=1.4446
    [Pre-train Seed=43] Ep 200/200 Loss=1.4090
    [Fine-tune Seed=43] Ep 20/100 Loss=1.8700
    [Fine-tune Seed=43] Ep 40/100 Loss=1.8216
    [Fine-tune Seed=43] Ep 60/100 Loss=1.8448
    [Fine-tune Seed=43] Ep 80/100 Loss=1.8793
    [Fine-tune Seed=43] Ep 100/100 Loss=1.8341
  -> Seed 43: AUC=0.8028, CATE=0.0841
    [Pre-train Seed=44] Ep 50/200 Loss=1.5517
    [Pre-train Seed=44] Ep 100/200 Loss=1.4636
    [Pre-train Seed=44] Ep 150/200 Loss=1.4458
    [Pre-train Seed=44] Ep 200/200 Loss=1.4367
    [Fine-tune Seed=44] Ep 20/100 Loss=1.8152
    [Fine-tune Seed=44] Ep 40/100 Loss=1.8065
    [Fine-tune Seed=44] Ep 60/100 Loss=1.7274
    [Fine-tune Seed=44] Ep 80/100 Loss=1.7856
    [Fine-tune Seed=44] Ep 100/100 Loss=1.6036
  -> Seed 44: AUC=0.8207, CATE=0.1190
    [Pre-train Seed=45] Ep 50/200 Loss=1.5740
    [Pre-train Seed=45] Ep 100/200 Loss=1.4807
    [Pre-train Seed=45] Ep 150/200 Loss=1.4593
    [Pre-train Seed=45] Ep 200/200 Loss=1.4351
    [Fine-tune Seed=45] Ep 20/100 Loss=1.9488
    [Fine-tune Seed=45] Ep 40/100 Loss=1.7911
    [Fine-tune Seed=45] Ep 60/100 Loss=1.7015
    [Fine-tune Seed=45] Ep 80/100 Loss=1.9042
    [Fine-tune Seed=45] Ep 100/100 Loss=1.6934
  -> Seed 45: AUC=0.8181, CATE=0.1151
    [Pre-train Seed=46] Ep 50/200 Loss=1.5788
    [Pre-train Seed=46] Ep 100/200 Loss=1.4758
    [Pre-train Seed=46] Ep 150/200 Loss=1.4537
    [Pre-train Seed=46] Ep 200/200 Loss=1.4308
    [Fine-tune Seed=46] Ep 20/100 Loss=1.8599
    [Fine-tune Seed=46] Ep 40/100 Loss=1.8250
    [Fine-tune Seed=46] Ep 60/100 Loss=1.8921
    [Fine-tune Seed=46] Ep 80/100 Loss=1.8333
    [Fine-tune Seed=46] Ep 100/100 Loss=1.8698
  -> Seed 46: AUC=0.7963, CATE=0.1061
CATE Weight: lambda=2.0 -> AUC=0.8108±0.0095, CATE=0.1052±0.0122
    [Pre-train Seed=42] Ep 50/200 Loss=1.5809
    [Pre-train Seed=42] Ep 100/200 Loss=1.4567
    [Pre-train Seed=42] Ep 150/200 Loss=1.4461
    [Pre-train Seed=42] Ep 200/200 Loss=1.4216
    [Fine-tune Seed=42] Ep 20/100 Loss=1.7818
    [Fine-tune Seed=42] Ep 40/100 Loss=1.8167
    [Fine-tune Seed=42] Ep 60/100 Loss=1.7656
    [Fine-tune Seed=42] Ep 80/100 Loss=1.8207
    [Fine-tune Seed=42] Ep 100/100 Loss=1.9079
  -> Seed 42: AUC=0.8108, CATE=0.1844
    [Pre-train Seed=43] Ep 50/200 Loss=1.5804
    [Pre-train Seed=43] Ep 100/200 Loss=1.4642
    [Pre-train Seed=43] Ep 150/200 Loss=1.4369
    [Pre-train Seed=43] Ep 200/200 Loss=1.4033
    [Fine-tune Seed=43] Ep 20/100 Loss=1.9016
    [Fine-tune Seed=43] Ep 40/100 Loss=1.8302
    [Fine-tune Seed=43] Ep 60/100 Loss=1.8706
    [Fine-tune Seed=43] Ep 80/100 Loss=1.9201
    [Fine-tune Seed=43] Ep 100/100 Loss=1.8105
  -> Seed 43: AUC=0.7956, CATE=0.1706
    [Pre-train Seed=44] Ep 50/200 Loss=1.5472
    [Pre-train Seed=44] Ep 100/200 Loss=1.4601
    [Pre-train Seed=44] Ep 150/200 Loss=1.4446
    [Pre-train Seed=44] Ep 200/200 Loss=1.4337
    [Fine-tune Seed=44] Ep 20/100 Loss=1.8289
    [Fine-tune Seed=44] Ep 40/100 Loss=1.8026
    [Fine-tune Seed=44] Ep 60/100 Loss=1.7136
    [Fine-tune Seed=44] Ep 80/100 Loss=1.7747
    [Fine-tune Seed=44] Ep 100/100 Loss=1.5910
  -> Seed 44: AUC=0.8143, CATE=0.1733
    [Pre-train Seed=45] Ep 50/200 Loss=1.5876
    [Pre-train Seed=45] Ep 100/200 Loss=1.4809
    [Pre-train Seed=45] Ep 150/200 Loss=1.4523
    [Pre-train Seed=45] Ep 200/200 Loss=1.4263
    [Fine-tune Seed=45] Ep 20/100 Loss=1.9490
    [Fine-tune Seed=45] Ep 40/100 Loss=1.7860
    [Fine-tune Seed=45] Ep 60/100 Loss=1.6814
    [Fine-tune Seed=45] Ep 80/100 Loss=1.8978
    [Fine-tune Seed=45] Ep 100/100 Loss=1.6935
  -> Seed 45: AUC=0.8070, CATE=0.1651
    [Pre-train Seed=46] Ep 50/200 Loss=1.5846
    [Pre-train Seed=46] Ep 100/200 Loss=1.4640
    [Pre-train Seed=46] Ep 150/200 Loss=1.4515
    [Pre-train Seed=46] Ep 200/200 Loss=1.4319
    [Fine-tune Seed=46] Ep 20/100 Loss=1.8838
    [Fine-tune Seed=46] Ep 40/100 Loss=1.8278
    [Fine-tune Seed=46] Ep 60/100 Loss=1.8786
    [Fine-tune Seed=46] Ep 80/100 Loss=1.8115
    [Fine-tune Seed=46] Ep 100/100 Loss=1.8537
  -> Seed 46: AUC=0.7963, CATE=0.1673
CATE Weight: lambda=5.0 -> AUC=0.8048±0.0076, CATE=0.1721±0.0067
Done. Saved to results/parameter_sensitivity_results_final.csv
