=== DLC Final SOTA Runs (Phase 3) ===
[Config] tag=p_seed_46 d_hidden=128 num_layers=4 lambda_hsic=0.1 lambda_pred=2.0 lambda_ite=1.0 lambda_cate=2.0 lambda_prob=1.0 lambda_adv=0.5 lambda_sens=0.0 sens_eps_scale=0.0
[Seed] 46
Loading data...
Applying blacklist from data/PANCAN/pancan_leakage_blacklist.csv...
Filtered 513 leaked samples. Current: 8567
Aligning PANCAN features to LUAD feature space...
PANCAN aligned shape: (8567, 25)
PANCAN: (8567, 23), LUAD: (513, 23)
Scaler vars: min=0.030960266788788313, max=214.61184717252607

[Phase 1] Pre-training on PANCAN (130 epochs)...
  Ep 1: Loss 3.1758
  Ep 2: Loss 3.1274
  Ep 3: Loss 3.0554
  Ep 4: Loss 2.8935
  Ep 5: Loss 2.6198
  Ep 6: Loss 2.3472
  Ep 7: Loss 2.2075
  Ep 8: Loss 2.1376
  Ep 9: Loss 2.1111
  Ep 10: Loss 2.0906
  Ep 11: Loss 2.0807
  Ep 12: Loss 2.0598
  Ep 13: Loss 2.0445
  Ep 14: Loss 2.0295
  Ep 15: Loss 2.0073
  Ep 16: Loss 1.9805
  Ep 17: Loss 1.9594
  Ep 18: Loss 1.9433
  Ep 19: Loss 1.9191
  Ep 20: Loss 1.8986
  Ep 21: Loss 1.8816
  Ep 22: Loss 1.8561
  Ep 23: Loss 1.8264
  Ep 24: Loss 1.8031
  Ep 25: Loss 1.7769
  Ep 26: Loss 1.7558
  Ep 27: Loss 1.7289
  Ep 28: Loss 1.7024
  Ep 29: Loss 1.6786
  Ep 30: Loss 1.6545
  Ep 31: Loss 1.6386
  Ep 32: Loss 1.6244
  Ep 33: Loss 1.6124
  Ep 34: Loss 1.5968
  Ep 35: Loss 1.5810
  Ep 36: Loss 1.5723
  Ep 37: Loss 1.5582
  Ep 38: Loss 1.5430
  Ep 39: Loss 1.5288
  Ep 40: Loss 1.5126
  Ep 41: Loss 1.5000
  Ep 42: Loss 1.4907
  Ep 43: Loss 1.4796
  Ep 44: Loss 1.4688
  Ep 45: Loss 1.4596
  Ep 46: Loss 1.4540
  Ep 47: Loss 1.4452
  Ep 48: Loss 1.4393
  Ep 49: Loss 1.4368
  Ep 50: Loss 1.4337
  Ep 51: Loss 1.4265
  Ep 52: Loss 1.4220
  Ep 53: Loss 1.4147
  Ep 54: Loss 1.4111
  Ep 55: Loss 1.3985
  Ep 56: Loss 1.3895
  Ep 57: Loss 1.3822
  Ep 58: Loss 1.3787
  Ep 59: Loss 1.3798
  Ep 60: Loss 1.3793
  Ep 61: Loss 1.3833
  Ep 62: Loss 1.3828
  Ep 63: Loss 1.3779
  Ep 64: Loss 1.3750
  Ep 65: Loss 1.3668
  Ep 66: Loss 1.3593
  Ep 67: Loss 1.3486
  Ep 68: Loss 1.3346
  Ep 69: Loss 1.3271
  Ep 70: Loss 1.3204
  Ep 71: Loss 1.3162
  Ep 72: Loss 1.3191
  Ep 73: Loss 1.3170
  Ep 74: Loss 1.3203
  Ep 75: Loss 1.3236
  Ep 76: Loss 1.3222
  Ep 77: Loss 1.3270
  Ep 78: Loss 1.3217
  Ep 79: Loss 1.3152
  Ep 80: Loss 1.3153
  Ep 81: Loss 1.3169
  Ep 82: Loss 1.3105
  Ep 83: Loss 1.3096
  Ep 84: Loss 1.3025
  Ep 85: Loss 1.3039
  Ep 86: Loss 1.2969
  Ep 87: Loss 1.2929
  Ep 88: Loss 1.2903
  Ep 89: Loss 1.2871
  Ep 90: Loss 1.2873
  Ep 91: Loss 1.2876
  Ep 92: Loss 1.2881
  Ep 93: Loss 1.2872
  Ep 94: Loss 1.2895
  Ep 95: Loss 1.2886
  Ep 96: Loss 1.2868
  Ep 97: Loss 1.2927
  Ep 98: Loss 1.2912
  Ep 99: Loss 1.2898
  Ep 100: Loss 1.2848
  Ep 101: Loss 1.2861
  Ep 102: Loss 1.2840
  Ep 103: Loss 1.2844
  Ep 104: Loss 1.2825
  Ep 105: Loss 1.2829
  Ep 106: Loss 1.2773
  Ep 107: Loss 1.2779
  Ep 108: Loss 1.2741
  Ep 109: Loss 1.2700
  Ep 110: Loss 1.2660
  Ep 111: Loss 1.2661
  Ep 112: Loss 1.2616
  Ep 113: Loss 1.2689
  Ep 114: Loss 1.2644
  Ep 115: Loss 1.2678
  Ep 116: Loss 1.2704
  Ep 117: Loss 1.2733
  Ep 118: Loss 1.2749
  Ep 119: Loss 1.2772
  Ep 120: Loss 1.2809
  Ep 121: Loss 1.2812
  Ep 122: Loss 1.2770
  Ep 123: Loss 1.2732
  Ep 124: Loss 1.2711
  Ep 125: Loss 1.2702
  Ep 126: Loss 1.2668
  Ep 127: Loss 1.2634
  Ep 128: Loss 1.2639
  Ep 129: Loss 1.2615
  Ep 130: Loss 1.2611

[Phase 2] Fine-tuning on LUAD (60 epochs)...
  Ep 1: Loss 1.4881 | AUC 0.8589 | CATE 0.0727 | PEHE 0.0766 | Sens 0.0004
  Ep 2: Loss 1.5942 | AUC 0.8619 | CATE 0.0663 | PEHE 0.0742 | Sens 0.0004
  Ep 3: Loss 1.5185 | AUC 0.8623 | CATE 0.0640 | PEHE 0.0737 | Sens 0.0004
  Ep 4: Loss 1.5023 | AUC 0.8623 | CATE 0.0628 | PEHE 0.0737 | Sens 0.0004
  Ep 5: Loss 1.5387 | AUC 0.8623 | CATE 0.0634 | PEHE 0.0735 | Sens 0.0004
  Ep 6: Loss 1.5314 | AUC 0.8631 | CATE 0.0641 | PEHE 0.0729 | Sens 0.0004
  Ep 7: Loss 1.5294 | AUC 0.8638 | CATE 0.0662 | PEHE 0.0717 | Sens 0.0004
  Ep 8: Loss 1.4766 | AUC 0.8642 | CATE 0.0659 | PEHE 0.0712 | Sens 0.0004
  Ep 9: Loss 1.4741 | AUC 0.8638 | CATE 0.0642 | PEHE 0.0707 | Sens 0.0004
  Ep 10: Loss 1.4759 | AUC 0.8642 | CATE 0.0629 | PEHE 0.0697 | Sens 0.0004
  Ep 11: Loss 1.5101 | AUC 0.8635 | CATE 0.0613 | PEHE 0.0689 | Sens 0.0004
  Ep 12: Loss 1.5376 | AUC 0.8638 | CATE 0.0608 | PEHE 0.0686 | Sens 0.0004
  Ep 13: Loss 1.4633 | AUC 0.8642 | CATE 0.0600 | PEHE 0.0686 | Sens 0.0004
  Ep 14: Loss 1.4838 | AUC 0.8631 | CATE 0.0583 | PEHE 0.0687 | Sens 0.0003
  Ep 15: Loss 1.4623 | AUC 0.8646 | CATE 0.0569 | PEHE 0.0684 | Sens 0.0003
  Ep 16: Loss 1.4776 | AUC 0.8642 | CATE 0.0583 | PEHE 0.0673 | Sens 0.0003
  Ep 17: Loss 1.5248 | AUC 0.8638 | CATE 0.0614 | PEHE 0.0661 | Sens 0.0003
  Ep 18: Loss 1.5133 | AUC 0.8638 | CATE 0.0638 | PEHE 0.0654 | Sens 0.0003
  Ep 19: Loss 1.6582 | AUC 0.8638 | CATE 0.0660 | PEHE 0.0650 | Sens 0.0003
  Ep 20: Loss 1.5812 | AUC 0.8638 | CATE 0.0689 | PEHE 0.0649 | Sens 0.0003
  Ep 21: Loss 1.5510 | AUC 0.8642 | CATE 0.0706 | PEHE 0.0651 | Sens 0.0003
  Ep 22: Loss 1.5453 | AUC 0.8650 | CATE 0.0707 | PEHE 0.0651 | Sens 0.0003
  Ep 23: Loss 1.4929 | AUC 0.8650 | CATE 0.0715 | PEHE 0.0649 | Sens 0.0003
  Ep 24: Loss 1.4767 | AUC 0.8650 | CATE 0.0722 | PEHE 0.0649 | Sens 0.0003
  Ep 25: Loss 1.5248 | AUC 0.8650 | CATE 0.0745 | PEHE 0.0646 | Sens 0.0003
  Ep 26: Loss 1.4557 | AUC 0.8650 | CATE 0.0754 | PEHE 0.0644 | Sens 0.0003
  Ep 27: Loss 1.5218 | AUC 0.8646 | CATE 0.0754 | PEHE 0.0642 | Sens 0.0003
  Ep 28: Loss 1.5530 | AUC 0.8646 | CATE 0.0787 | PEHE 0.0644 | Sens 0.0003
  Ep 29: Loss 1.4633 | AUC 0.8646 | CATE 0.0802 | PEHE 0.0645 | Sens 0.0003
  Ep 30: Loss 1.5336 | AUC 0.8646 | CATE 0.0810 | PEHE 0.0645 | Sens 0.0003
  Ep 31: Loss 1.5272 | AUC 0.8642 | CATE 0.0819 | PEHE 0.0646 | Sens 0.0003
  Ep 32: Loss 1.4869 | AUC 0.8623 | CATE 0.0822 | PEHE 0.0647 | Sens 0.0003
  Ep 33: Loss 1.5444 | AUC 0.8623 | CATE 0.0832 | PEHE 0.0652 | Sens 0.0003
  Ep 34: Loss 1.5138 | AUC 0.8623 | CATE 0.0850 | PEHE 0.0654 | Sens 0.0003
  Ep 35: Loss 1.4518 | AUC 0.8627 | CATE 0.0866 | PEHE 0.0658 | Sens 0.0003
  Ep 36: Loss 1.5465 | AUC 0.8627 | CATE 0.0878 | PEHE 0.0660 | Sens 0.0003
  Ep 37: Loss 1.5071 | AUC 0.8627 | CATE 0.0873 | PEHE 0.0660 | Sens 0.0003
  Ep 38: Loss 1.5122 | AUC 0.8627 | CATE 0.0859 | PEHE 0.0657 | Sens 0.0004
  Ep 39: Loss 1.5052 | AUC 0.8623 | CATE 0.0861 | PEHE 0.0657 | Sens 0.0004
  Ep 40: Loss 1.4847 | AUC 0.8631 | CATE 0.0873 | PEHE 0.0660 | Sens 0.0004
  Ep 41: Loss 1.4458 | AUC 0.8631 | CATE 0.0888 | PEHE 0.0663 | Sens 0.0004
  Ep 42: Loss 1.4866 | AUC 0.8627 | CATE 0.0908 | PEHE 0.0664 | Sens 0.0004
  Ep 43: Loss 1.4332 | AUC 0.8623 | CATE 0.0921 | PEHE 0.0665 | Sens 0.0003
  Ep 44: Loss 1.4300 | AUC 0.8619 | CATE 0.0926 | PEHE 0.0665 | Sens 0.0004
  Ep 45: Loss 1.5985 | AUC 0.8616 | CATE 0.0909 | PEHE 0.0664 | Sens 0.0004
  Ep 46: Loss 1.5292 | AUC 0.8619 | CATE 0.0908 | PEHE 0.0667 | Sens 0.0003
  Ep 47: Loss 1.4877 | AUC 0.8642 | CATE 0.0915 | PEHE 0.0681 | Sens 0.0003
  Ep 48: Loss 1.4904 | AUC 0.8627 | CATE 0.0949 | PEHE 0.0680 | Sens 0.0003
  Ep 49: Loss 1.5189 | AUC 0.8616 | CATE 0.0988 | PEHE 0.0676 | Sens 0.0004
  Ep 50: Loss 1.5117 | AUC 0.8612 | CATE 0.0999 | PEHE 0.0676 | Sens 0.0004
  Ep 51: Loss 1.4590 | AUC 0.8612 | CATE 0.1012 | PEHE 0.0680 | Sens 0.0004
  Ep 52: Loss 1.4999 | AUC 0.8612 | CATE 0.1004 | PEHE 0.0679 | Sens 0.0004
  Ep 53: Loss 1.4462 | AUC 0.8608 | CATE 0.0974 | PEHE 0.0678 | Sens 0.0004
  Ep 54: Loss 1.5079 | AUC 0.8623 | CATE 0.0963 | PEHE 0.0679 | Sens 0.0004
  Ep 55: Loss 1.4993 | AUC 0.8612 | CATE 0.0979 | PEHE 0.0677 | Sens 0.0004
  Ep 56: Loss 1.4731 | AUC 0.8623 | CATE 0.0988 | PEHE 0.0681 | Sens 0.0004
  Ep 57: Loss 1.4182 | AUC 0.8608 | CATE 0.1014 | PEHE 0.0677 | Sens 0.0004
  Ep 58: Loss 1.5299 | AUC 0.8608 | CATE 0.1020 | PEHE 0.0675 | Sens 0.0004
  Ep 59: Loss 1.4792 | AUC 0.8608 | CATE 0.1052 | PEHE 0.0680 | Sens 0.0004
  Ep 60: Loss 1.5483 | AUC 0.8612 | CATE 0.1060 | PEHE 0.0683 | Sens 0.0004

=== Final SOTA Results ===
{
    "AUC": 0.8611746758199847,
    "ACC": 0.7961165048543689,
    "F1": 0.7835051546391752,
    "PEHE": 0.06790365388540141,
    "Delta_CATE": 0.10039378702640533,
    "Sens_Age": 0.0003547913220245391
}
Report saved to results/final_sota_report_p_seed_46.md
