=== DLC Final SOTA Runs (Phase 3) ===
[Config] tag=s_seed_44 d_hidden=128 num_layers=3 lambda_hsic=0.1 lambda_pred=3.5 lambda_ite=1.0 lambda_cate=2.0 lambda_prob=1.0 lambda_adv=0.5 lambda_sens=0.0 sens_eps_scale=0.0
[Seed] 44
Loading data...
Applying blacklist from data/PANCAN/pancan_leakage_blacklist.csv...
Filtered 513 leaked samples. Current: 8567
Aligning PANCAN features to LUAD feature space...
PANCAN aligned shape: (8567, 25)
PANCAN: (8567, 23), LUAD: (513, 23)
Scaler vars: min=0.030960266788788313, max=214.61184717252607

[Phase 1] Pre-training on PANCAN (200 epochs)...
  Ep 1: Loss 4.1185
  Ep 2: Loss 4.0050
  Ep 3: Loss 3.8549
  Ep 4: Loss 3.6137
  Ep 5: Loss 3.2819
  Ep 6: Loss 2.9544
  Ep 7: Loss 2.7390
  Ep 8: Loss 2.6444
  Ep 9: Loss 2.6052
  Ep 10: Loss 2.5895
  Ep 11: Loss 2.5766
  Ep 12: Loss 2.5572
  Ep 13: Loss 2.5474
  Ep 14: Loss 2.5264
  Ep 15: Loss 2.5088
  Ep 16: Loss 2.4832
  Ep 17: Loss 2.4534
  Ep 18: Loss 2.4297
  Ep 19: Loss 2.4138
  Ep 20: Loss 2.3851
  Ep 21: Loss 2.3617
  Ep 22: Loss 2.3345
  Ep 23: Loss 2.2986
  Ep 24: Loss 2.2804
  Ep 25: Loss 2.2526
  Ep 26: Loss 2.2339
  Ep 27: Loss 2.2086
  Ep 28: Loss 2.1847
  Ep 29: Loss 2.1620
  Ep 30: Loss 2.1437
  Ep 31: Loss 2.1263
  Ep 32: Loss 2.1198
  Ep 33: Loss 2.1036
  Ep 34: Loss 2.0896
  Ep 35: Loss 2.0791
  Ep 36: Loss 2.0646
  Ep 37: Loss 2.0546
  Ep 38: Loss 2.0398
  Ep 39: Loss 2.0260
  Ep 40: Loss 2.0067
  Ep 41: Loss 1.9980
  Ep 42: Loss 1.9842
  Ep 43: Loss 1.9843
  Ep 44: Loss 1.9840
  Ep 45: Loss 1.9816
  Ep 46: Loss 1.9691
  Ep 47: Loss 1.9651
  Ep 48: Loss 1.9589
  Ep 49: Loss 1.9547
  Ep 50: Loss 1.9509
  Ep 51: Loss 1.9399
  Ep 52: Loss 1.9290
  Ep 53: Loss 1.9214
  Ep 54: Loss 1.9200
  Ep 55: Loss 1.9153
  Ep 56: Loss 1.9113
  Ep 57: Loss 1.9125
  Ep 58: Loss 1.9081
  Ep 59: Loss 1.9081
  Ep 60: Loss 1.9025
  Ep 61: Loss 1.8939
  Ep 62: Loss 1.8910
  Ep 63: Loss 1.8782
  Ep 64: Loss 1.8737
  Ep 65: Loss 1.8650
  Ep 66: Loss 1.8543
  Ep 67: Loss 1.8513
  Ep 68: Loss 1.8420
  Ep 69: Loss 1.8330
  Ep 70: Loss 1.8325
  Ep 71: Loss 1.8320
  Ep 72: Loss 1.8338
  Ep 73: Loss 1.8314
  Ep 74: Loss 1.8325
  Ep 75: Loss 1.8368
  Ep 76: Loss 1.8372
  Ep 77: Loss 1.8365
  Ep 78: Loss 1.8396
  Ep 79: Loss 1.8382
  Ep 80: Loss 1.8331
  Ep 81: Loss 1.8328
  Ep 82: Loss 1.8312
  Ep 83: Loss 1.8174
  Ep 84: Loss 1.8161
  Ep 85: Loss 1.8081
  Ep 86: Loss 1.8082
  Ep 87: Loss 1.8129
  Ep 88: Loss 1.8065
  Ep 89: Loss 1.7988
  Ep 90: Loss 1.8023
  Ep 91: Loss 1.7965
  Ep 92: Loss 1.7920
  Ep 93: Loss 1.7979
  Ep 94: Loss 1.7949
  Ep 95: Loss 1.7943
  Ep 96: Loss 1.7974
  Ep 97: Loss 1.7953
  Ep 98: Loss 1.7979
  Ep 99: Loss 1.8020
  Ep 100: Loss 1.8018
  Ep 101: Loss 1.7988
  Ep 102: Loss 1.7909
  Ep 103: Loss 1.7966
  Ep 104: Loss 1.7834
  Ep 105: Loss 1.7763
  Ep 106: Loss 1.7795
  Ep 107: Loss 1.7728
  Ep 108: Loss 1.7767
  Ep 109: Loss 1.7722
  Ep 110: Loss 1.7767
  Ep 111: Loss 1.7734
  Ep 112: Loss 1.7766
  Ep 113: Loss 1.7722
  Ep 114: Loss 1.7789
  Ep 115: Loss 1.7823
  Ep 116: Loss 1.7784
  Ep 117: Loss 1.7850
  Ep 118: Loss 1.7835
  Ep 119: Loss 1.7802
  Ep 120: Loss 1.7779
  Ep 121: Loss 1.7755
  Ep 122: Loss 1.7772
  Ep 123: Loss 1.7803
  Ep 124: Loss 1.7769
  Ep 125: Loss 1.7808
  Ep 126: Loss 1.7847
  Ep 127: Loss 1.7867
  Ep 128: Loss 1.7818
  Ep 129: Loss 1.7812
  Ep 130: Loss 1.7756
  Ep 131: Loss 1.7733
  Ep 132: Loss 1.7706
  Ep 133: Loss 1.7688
  Ep 134: Loss 1.7622
  Ep 135: Loss 1.7646
  Ep 136: Loss 1.7636
  Ep 137: Loss 1.7633
  Ep 138: Loss 1.7623
  Ep 139: Loss 1.7673
  Ep 140: Loss 1.7622
  Ep 141: Loss 1.7689
  Ep 142: Loss 1.7632
  Ep 143: Loss 1.7625
  Ep 144: Loss 1.7648
  Ep 145: Loss 1.7702
  Ep 146: Loss 1.7655
  Ep 147: Loss 1.7664
  Ep 148: Loss 1.7660
  Ep 149: Loss 1.7653
  Ep 150: Loss 1.7649
  Ep 151: Loss 1.7668
  Ep 152: Loss 1.7624
  Ep 153: Loss 1.7588
  Ep 154: Loss 1.7570
  Ep 155: Loss 1.7590
  Ep 156: Loss 1.7602
  Ep 157: Loss 1.7559
  Ep 158: Loss 1.7600
  Ep 159: Loss 1.7582
  Ep 160: Loss 1.7592
  Ep 161: Loss 1.7588
  Ep 162: Loss 1.7577
  Ep 163: Loss 1.7626
  Ep 164: Loss 1.7586
  Ep 165: Loss 1.7630
  Ep 166: Loss 1.7586
  Ep 167: Loss 1.7581
  Ep 168: Loss 1.7554
  Ep 169: Loss 1.7532
  Ep 170: Loss 1.7573
  Ep 171: Loss 1.7522
  Ep 172: Loss 1.7552
  Ep 173: Loss 1.7597
  Ep 174: Loss 1.7547
  Ep 175: Loss 1.7561
  Ep 176: Loss 1.7562
  Ep 177: Loss 1.7661
  Ep 178: Loss 1.7576
  Ep 179: Loss 1.7593
  Ep 180: Loss 1.7605
  Ep 181: Loss 1.7532
  Ep 182: Loss 1.7594
  Ep 183: Loss 1.7532
  Ep 184: Loss 1.7487
  Ep 185: Loss 1.7488
  Ep 186: Loss 1.7489
  Ep 187: Loss 1.7499
  Ep 188: Loss 1.7540
  Ep 189: Loss 1.7490
  Ep 190: Loss 1.7509
  Ep 191: Loss 1.7510
  Ep 192: Loss 1.7505
  Ep 193: Loss 1.7550
  Ep 194: Loss 1.7522
  Ep 195: Loss 1.7514
  Ep 196: Loss 1.7522
  Ep 197: Loss 1.7511
  Ep 198: Loss 1.7506
  Ep 199: Loss 1.7494
  Ep 200: Loss 1.7503

[Phase 2] Fine-tuning on LUAD (100 epochs)...
  Ep 1: Loss 2.0861 | AUC 0.8074 | CATE 0.1016 | PEHE 0.0689 | Sens 0.0006
  Ep 2: Loss 2.2429 | AUC 0.8089 | CATE 0.0941 | PEHE 0.0626 | Sens 0.0006
  Ep 3: Loss 2.0493 | AUC 0.8085 | CATE 0.0892 | PEHE 0.0606 | Sens 0.0006
  Ep 4: Loss 2.3634 | AUC 0.8078 | CATE 0.0841 | PEHE 0.0604 | Sens 0.0006
  Ep 5: Loss 1.9917 | AUC 0.8089 | CATE 0.0798 | PEHE 0.0615 | Sens 0.0006
  Ep 6: Loss 2.1237 | AUC 0.8101 | CATE 0.0755 | PEHE 0.0635 | Sens 0.0006
  Ep 7: Loss 2.0955 | AUC 0.8097 | CATE 0.0723 | PEHE 0.0660 | Sens 0.0005
  Ep 8: Loss 2.0551 | AUC 0.8101 | CATE 0.0698 | PEHE 0.0676 | Sens 0.0005
  Ep 9: Loss 2.2484 | AUC 0.8116 | CATE 0.0690 | PEHE 0.0684 | Sens 0.0005
  Ep 10: Loss 2.1714 | AUC 0.8127 | CATE 0.0679 | PEHE 0.0693 | Sens 0.0005
  Ep 11: Loss 2.1009 | AUC 0.8124 | CATE 0.0670 | PEHE 0.0700 | Sens 0.0005
  Ep 12: Loss 2.0860 | AUC 0.8120 | CATE 0.0659 | PEHE 0.0700 | Sens 0.0005
  Ep 13: Loss 2.0746 | AUC 0.8116 | CATE 0.0639 | PEHE 0.0701 | Sens 0.0005
  Ep 14: Loss 2.0325 | AUC 0.8116 | CATE 0.0620 | PEHE 0.0698 | Sens 0.0005
  Ep 15: Loss 2.0986 | AUC 0.8124 | CATE 0.0594 | PEHE 0.0704 | Sens 0.0005
  Ep 16: Loss 2.0277 | AUC 0.8124 | CATE 0.0579 | PEHE 0.0701 | Sens 0.0005
  Ep 17: Loss 2.0969 | AUC 0.8124 | CATE 0.0569 | PEHE 0.0690 | Sens 0.0005
  Ep 18: Loss 2.1230 | AUC 0.8127 | CATE 0.0560 | PEHE 0.0682 | Sens 0.0005
  Ep 19: Loss 2.1178 | AUC 0.8127 | CATE 0.0547 | PEHE 0.0679 | Sens 0.0005
  Ep 20: Loss 2.0393 | AUC 0.8127 | CATE 0.0533 | PEHE 0.0679 | Sens 0.0005
  Ep 21: Loss 2.0980 | AUC 0.8108 | CATE 0.0530 | PEHE 0.0667 | Sens 0.0005
  Ep 22: Loss 2.1307 | AUC 0.8101 | CATE 0.0531 | PEHE 0.0656 | Sens 0.0005
  Ep 23: Loss 2.0154 | AUC 0.8097 | CATE 0.0536 | PEHE 0.0650 | Sens 0.0005
  Ep 24: Loss 2.1984 | AUC 0.8101 | CATE 0.0542 | PEHE 0.0643 | Sens 0.0005
  Ep 25: Loss 2.0737 | AUC 0.8097 | CATE 0.0547 | PEHE 0.0638 | Sens 0.0005
  Ep 26: Loss 2.2313 | AUC 0.8097 | CATE 0.0550 | PEHE 0.0634 | Sens 0.0005
  Ep 27: Loss 2.0989 | AUC 0.8085 | CATE 0.0560 | PEHE 0.0625 | Sens 0.0005
  Ep 28: Loss 2.0507 | AUC 0.8089 | CATE 0.0568 | PEHE 0.0622 | Sens 0.0005
  Ep 29: Loss 2.1050 | AUC 0.8093 | CATE 0.0576 | PEHE 0.0621 | Sens 0.0005
  Ep 30: Loss 2.1048 | AUC 0.8101 | CATE 0.0586 | PEHE 0.0621 | Sens 0.0005
  Ep 31: Loss 2.0435 | AUC 0.8101 | CATE 0.0596 | PEHE 0.0619 | Sens 0.0005
  Ep 32: Loss 2.1159 | AUC 0.8101 | CATE 0.0603 | PEHE 0.0618 | Sens 0.0005
  Ep 33: Loss 2.1822 | AUC 0.8105 | CATE 0.0609 | PEHE 0.0611 | Sens 0.0005
  Ep 34: Loss 2.0584 | AUC 0.8108 | CATE 0.0607 | PEHE 0.0610 | Sens 0.0005
  Ep 35: Loss 2.0148 | AUC 0.8108 | CATE 0.0602 | PEHE 0.0614 | Sens 0.0005
  Ep 36: Loss 2.1546 | AUC 0.8108 | CATE 0.0601 | PEHE 0.0616 | Sens 0.0005
  Ep 37: Loss 2.0001 | AUC 0.8108 | CATE 0.0594 | PEHE 0.0621 | Sens 0.0005
  Ep 38: Loss 2.0020 | AUC 0.8101 | CATE 0.0586 | PEHE 0.0629 | Sens 0.0005
  Ep 39: Loss 2.0882 | AUC 0.8105 | CATE 0.0581 | PEHE 0.0637 | Sens 0.0005
  Ep 40: Loss 2.1319 | AUC 0.8108 | CATE 0.0588 | PEHE 0.0639 | Sens 0.0005
  Ep 41: Loss 2.2306 | AUC 0.8112 | CATE 0.0592 | PEHE 0.0639 | Sens 0.0005
  Ep 42: Loss 2.0551 | AUC 0.8108 | CATE 0.0605 | PEHE 0.0630 | Sens 0.0005
  Ep 43: Loss 2.1850 | AUC 0.8105 | CATE 0.0607 | PEHE 0.0625 | Sens 0.0005
  Ep 44: Loss 2.0329 | AUC 0.8101 | CATE 0.0615 | PEHE 0.0619 | Sens 0.0005
  Ep 45: Loss 2.0544 | AUC 0.8097 | CATE 0.0618 | PEHE 0.0613 | Sens 0.0005
  Ep 46: Loss 2.1448 | AUC 0.8105 | CATE 0.0627 | PEHE 0.0609 | Sens 0.0005
  Ep 47: Loss 2.1317 | AUC 0.8108 | CATE 0.0621 | PEHE 0.0609 | Sens 0.0005
  Ep 48: Loss 2.1483 | AUC 0.8108 | CATE 0.0613 | PEHE 0.0613 | Sens 0.0005
  Ep 49: Loss 2.0284 | AUC 0.8108 | CATE 0.0607 | PEHE 0.0622 | Sens 0.0005
  Ep 50: Loss 2.1370 | AUC 0.8116 | CATE 0.0605 | PEHE 0.0628 | Sens 0.0005
  Ep 51: Loss 2.1980 | AUC 0.8112 | CATE 0.0603 | PEHE 0.0623 | Sens 0.0005
  Ep 52: Loss 2.0170 | AUC 0.8116 | CATE 0.0599 | PEHE 0.0627 | Sens 0.0005
  Ep 53: Loss 2.0787 | AUC 0.8127 | CATE 0.0595 | PEHE 0.0636 | Sens 0.0005
  Ep 54: Loss 2.0035 | AUC 0.8127 | CATE 0.0598 | PEHE 0.0636 | Sens 0.0005
  Ep 55: Loss 2.1639 | AUC 0.8124 | CATE 0.0603 | PEHE 0.0634 | Sens 0.0005
  Ep 56: Loss 2.0177 | AUC 0.8120 | CATE 0.0614 | PEHE 0.0631 | Sens 0.0005
  Ep 57: Loss 2.1624 | AUC 0.8116 | CATE 0.0617 | PEHE 0.0626 | Sens 0.0005
  Ep 58: Loss 2.1224 | AUC 0.8112 | CATE 0.0617 | PEHE 0.0627 | Sens 0.0005
  Ep 59: Loss 2.1261 | AUC 0.8124 | CATE 0.0614 | PEHE 0.0634 | Sens 0.0005
  Ep 60: Loss 2.0923 | AUC 0.8131 | CATE 0.0611 | PEHE 0.0642 | Sens 0.0005
  Ep 61: Loss 2.1760 | AUC 0.8131 | CATE 0.0614 | PEHE 0.0645 | Sens 0.0005
  Ep 62: Loss 2.1825 | AUC 0.8135 | CATE 0.0618 | PEHE 0.0643 | Sens 0.0005
  Ep 63: Loss 2.1034 | AUC 0.8135 | CATE 0.0623 | PEHE 0.0639 | Sens 0.0005
  Ep 64: Loss 1.9956 | AUC 0.8131 | CATE 0.0624 | PEHE 0.0637 | Sens 0.0005
  Ep 65: Loss 2.1150 | AUC 0.8124 | CATE 0.0632 | PEHE 0.0626 | Sens 0.0005
  Ep 66: Loss 2.0135 | AUC 0.8116 | CATE 0.0639 | PEHE 0.0618 | Sens 0.0005
  Ep 67: Loss 2.0686 | AUC 0.8116 | CATE 0.0646 | PEHE 0.0613 | Sens 0.0005
  Ep 68: Loss 1.9893 | AUC 0.8116 | CATE 0.0653 | PEHE 0.0611 | Sens 0.0005
  Ep 69: Loss 2.2395 | AUC 0.8112 | CATE 0.0652 | PEHE 0.0614 | Sens 0.0005
  Ep 70: Loss 2.2116 | AUC 0.8116 | CATE 0.0645 | PEHE 0.0618 | Sens 0.0005
  Ep 71: Loss 2.0552 | AUC 0.8124 | CATE 0.0642 | PEHE 0.0626 | Sens 0.0005
  Ep 72: Loss 1.9841 | AUC 0.8131 | CATE 0.0633 | PEHE 0.0638 | Sens 0.0005
  Ep 73: Loss 2.1549 | AUC 0.8135 | CATE 0.0631 | PEHE 0.0644 | Sens 0.0005
  Ep 74: Loss 2.1011 | AUC 0.8139 | CATE 0.0628 | PEHE 0.0653 | Sens 0.0005
  Ep 75: Loss 2.1113 | AUC 0.8135 | CATE 0.0639 | PEHE 0.0647 | Sens 0.0005
  Ep 76: Loss 2.0407 | AUC 0.8127 | CATE 0.0648 | PEHE 0.0640 | Sens 0.0005
  Ep 77: Loss 2.0415 | AUC 0.8127 | CATE 0.0649 | PEHE 0.0639 | Sens 0.0005
  Ep 78: Loss 2.1094 | AUC 0.8124 | CATE 0.0656 | PEHE 0.0629 | Sens 0.0005
  Ep 79: Loss 2.0200 | AUC 0.8116 | CATE 0.0663 | PEHE 0.0626 | Sens 0.0005
  Ep 80: Loss 2.1063 | AUC 0.8120 | CATE 0.0663 | PEHE 0.0628 | Sens 0.0005
  Ep 81: Loss 1.9769 | AUC 0.8124 | CATE 0.0651 | PEHE 0.0635 | Sens 0.0005
  Ep 82: Loss 2.0899 | AUC 0.8116 | CATE 0.0643 | PEHE 0.0635 | Sens 0.0005
  Ep 83: Loss 2.0440 | AUC 0.8120 | CATE 0.0642 | PEHE 0.0635 | Sens 0.0005
  Ep 84: Loss 2.0686 | AUC 0.8116 | CATE 0.0631 | PEHE 0.0639 | Sens 0.0005
  Ep 85: Loss 2.0831 | AUC 0.8116 | CATE 0.0631 | PEHE 0.0640 | Sens 0.0005
  Ep 86: Loss 2.0806 | AUC 0.8116 | CATE 0.0635 | PEHE 0.0638 | Sens 0.0005
  Ep 87: Loss 2.1095 | AUC 0.8116 | CATE 0.0641 | PEHE 0.0632 | Sens 0.0005
  Ep 88: Loss 2.0475 | AUC 0.8116 | CATE 0.0640 | PEHE 0.0631 | Sens 0.0005
  Ep 89: Loss 2.0204 | AUC 0.8120 | CATE 0.0636 | PEHE 0.0629 | Sens 0.0005
  Ep 90: Loss 2.1184 | AUC 0.8120 | CATE 0.0630 | PEHE 0.0632 | Sens 0.0005
  Ep 91: Loss 2.0936 | AUC 0.8120 | CATE 0.0629 | PEHE 0.0633 | Sens 0.0005
  Ep 92: Loss 1.9684 | AUC 0.8116 | CATE 0.0635 | PEHE 0.0631 | Sens 0.0005
  Ep 93: Loss 2.1922 | AUC 0.8116 | CATE 0.0647 | PEHE 0.0627 | Sens 0.0005
  Ep 94: Loss 2.0461 | AUC 0.8116 | CATE 0.0660 | PEHE 0.0626 | Sens 0.0005
  Ep 95: Loss 2.1018 | AUC 0.8112 | CATE 0.0685 | PEHE 0.0620 | Sens 0.0005
  Ep 96: Loss 2.0578 | AUC 0.8116 | CATE 0.0694 | PEHE 0.0622 | Sens 0.0006
  Ep 97: Loss 2.0193 | AUC 0.8112 | CATE 0.0685 | PEHE 0.0628 | Sens 0.0005
  Ep 98: Loss 2.0850 | AUC 0.8116 | CATE 0.0672 | PEHE 0.0637 | Sens 0.0005
  Ep 99: Loss 1.9527 | AUC 0.8105 | CATE 0.0658 | PEHE 0.0650 | Sens 0.0005
  Ep 100: Loss 2.2561 | AUC 0.8097 | CATE 0.0649 | PEHE 0.0662 | Sens 0.0005

=== Final SOTA Results ===
{
    "AUC": 0.8073989321128909,
    "ACC": 0.7475728155339806,
    "F1": 0.7045454545454546,
    "PEHE": 0.06888214342696898,
    "Delta_CATE": 0.10154949873685837,
    "Sens_Age": 0.0006401267019100487
}
Report saved to results/final_sota_report_s_seed_44.md
