=== DLC Final SOTA Runs (Phase 3) ===
[Config] tag=q_seed_43 d_hidden=128 num_layers=3 lambda_hsic=0.1 lambda_pred=5.0 lambda_ite=1.0 lambda_cate=1.2 lambda_prob=0.8 lambda_adv=0.5 lambda_sens=0.0 sens_eps_scale=0.0
[Seed] 43
Loading data...
Applying blacklist from data/PANCAN/pancan_leakage_blacklist.csv...
Filtered 513 leaked samples. Current: 8567
Aligning PANCAN features to LUAD feature space...
PANCAN aligned shape: (8567, 25)
PANCAN: (8567, 23), LUAD: (513, 23)
Scaler vars: min=0.030960266788788313, max=214.61184717252607

[Phase 1] Pre-training on PANCAN (150 epochs)...
  Ep 1: Loss 5.0805
  Ep 2: Loss 4.9355
  Ep 3: Loss 4.7400
  Ep 4: Loss 4.4223
  Ep 5: Loss 3.9853
  Ep 6: Loss 3.5488
  Ep 7: Loss 3.2647
  Ep 8: Loss 3.1558
  Ep 9: Loss 3.1165
  Ep 10: Loss 3.0989
  Ep 11: Loss 3.0844
  Ep 12: Loss 3.0613
  Ep 13: Loss 3.0516
  Ep 14: Loss 3.0262
  Ep 15: Loss 3.0058
  Ep 16: Loss 2.9787
  Ep 17: Loss 2.9471
  Ep 18: Loss 2.9227
  Ep 19: Loss 2.9082
  Ep 20: Loss 2.8788
  Ep 21: Loss 2.8569
  Ep 22: Loss 2.8297
  Ep 23: Loss 2.7906
  Ep 24: Loss 2.7743
  Ep 25: Loss 2.7449
  Ep 26: Loss 2.7285
  Ep 27: Loss 2.7020
  Ep 28: Loss 2.6788
  Ep 29: Loss 2.6578
  Ep 30: Loss 2.6404
  Ep 31: Loss 2.6234
  Ep 32: Loss 2.6233
  Ep 33: Loss 2.6044
  Ep 34: Loss 2.5904
  Ep 35: Loss 2.5782
  Ep 36: Loss 2.5617
  Ep 37: Loss 2.5496
  Ep 38: Loss 2.5359
  Ep 39: Loss 2.5253
  Ep 40: Loss 2.5040
  Ep 41: Loss 2.4991
  Ep 42: Loss 2.4827
  Ep 43: Loss 2.4862
  Ep 44: Loss 2.4878
  Ep 45: Loss 2.4840
  Ep 46: Loss 2.4679
  Ep 47: Loss 2.4617
  Ep 48: Loss 2.4559
  Ep 49: Loss 2.4516
  Ep 50: Loss 2.4476
  Ep 51: Loss 2.4383
  Ep 52: Loss 2.4258
  Ep 53: Loss 2.4224
  Ep 54: Loss 2.4234
  Ep 55: Loss 2.4205
  Ep 56: Loss 2.4147
  Ep 57: Loss 2.4174
  Ep 58: Loss 2.4112
  Ep 59: Loss 2.4075
  Ep 60: Loss 2.3969
  Ep 61: Loss 2.3835
  Ep 62: Loss 2.3799
  Ep 63: Loss 2.3654
  Ep 64: Loss 2.3619
  Ep 65: Loss 2.3542
  Ep 66: Loss 2.3471
  Ep 67: Loss 2.3505
  Ep 68: Loss 2.3473
  Ep 69: Loss 2.3406
  Ep 70: Loss 2.3425
  Ep 71: Loss 2.3458
  Ep 72: Loss 2.3481
  Ep 73: Loss 2.3460
  Ep 74: Loss 2.3458
  Ep 75: Loss 2.3475
  Ep 76: Loss 2.3457
  Ep 77: Loss 2.3402
  Ep 78: Loss 2.3395
  Ep 79: Loss 2.3372
  Ep 80: Loss 2.3289
  Ep 81: Loss 2.3289
  Ep 82: Loss 2.3322
  Ep 83: Loss 2.3203
  Ep 84: Loss 2.3215
  Ep 85: Loss 2.3187
  Ep 86: Loss 2.3242
  Ep 87: Loss 2.3383
  Ep 88: Loss 2.3350
  Ep 89: Loss 2.3291
  Ep 90: Loss 2.3386
  Ep 91: Loss 2.3305
  Ep 92: Loss 2.3241
  Ep 93: Loss 2.3271
  Ep 94: Loss 2.3154
  Ep 95: Loss 2.3096
  Ep 96: Loss 2.3040
  Ep 97: Loss 2.2908
  Ep 98: Loss 2.2846
  Ep 99: Loss 2.2842
  Ep 100: Loss 2.2798
  Ep 101: Loss 2.2777
  Ep 102: Loss 2.2692
  Ep 103: Loss 2.2827
  Ep 104: Loss 2.2744
  Ep 105: Loss 2.2742
  Ep 106: Loss 2.2856
  Ep 107: Loss 2.2841
  Ep 108: Loss 2.2964
  Ep 109: Loss 2.2925
  Ep 110: Loss 2.3039
  Ep 111: Loss 2.3001
  Ep 112: Loss 2.3025
  Ep 113: Loss 2.2922
  Ep 114: Loss 2.2962
  Ep 115: Loss 2.2932
  Ep 116: Loss 2.2856
  Ep 117: Loss 2.2912
  Ep 118: Loss 2.2891
  Ep 119: Loss 2.2877
  Ep 120: Loss 2.2874
  Ep 121: Loss 2.2876
  Ep 122: Loss 2.2890
  Ep 123: Loss 2.2883
  Ep 124: Loss 2.2800
  Ep 125: Loss 2.2807
  Ep 126: Loss 2.2804
  Ep 127: Loss 2.2805
  Ep 128: Loss 2.2749
  Ep 129: Loss 2.2761
  Ep 130: Loss 2.2709
  Ep 131: Loss 2.2719
  Ep 132: Loss 2.2747
  Ep 133: Loss 2.2771
  Ep 134: Loss 2.2731
  Ep 135: Loss 2.2810
  Ep 136: Loss 2.2822
  Ep 137: Loss 2.2825
  Ep 138: Loss 2.2829
  Ep 139: Loss 2.2886
  Ep 140: Loss 2.2793
  Ep 141: Loss 2.2878
  Ep 142: Loss 2.2763
  Ep 143: Loss 2.2741
  Ep 144: Loss 2.2744
  Ep 145: Loss 2.2791
  Ep 146: Loss 2.2705
  Ep 147: Loss 2.2715
  Ep 148: Loss 2.2743
  Ep 149: Loss 2.2724
  Ep 150: Loss 2.2732

[Phase 2] Fine-tuning on LUAD (80 epochs)...
  Ep 1: Loss 2.7206 | AUC 0.8040 | CATE -0.0002 | PEHE 0.0901 | Sens 0.0003
  Ep 2: Loss 2.7752 | AUC 0.8066 | CATE -0.0011 | PEHE 0.0888 | Sens 0.0003
  Ep 3: Loss 2.8527 | AUC 0.8085 | CATE -0.0014 | PEHE 0.0880 | Sens 0.0004
  Ep 4: Loss 2.7380 | AUC 0.8089 | CATE -0.0007 | PEHE 0.0873 | Sens 0.0004
  Ep 5: Loss 2.6761 | AUC 0.8093 | CATE -0.0006 | PEHE 0.0871 | Sens 0.0004
  Ep 6: Loss 2.7857 | AUC 0.8097 | CATE -0.0011 | PEHE 0.0868 | Sens 0.0004
  Ep 7: Loss 2.8662 | AUC 0.8101 | CATE -0.0019 | PEHE 0.0872 | Sens 0.0004
  Ep 8: Loss 2.5937 | AUC 0.8101 | CATE -0.0027 | PEHE 0.0872 | Sens 0.0004
  Ep 9: Loss 2.8043 | AUC 0.8108 | CATE -0.0039 | PEHE 0.0877 | Sens 0.0004
  Ep 10: Loss 2.6582 | AUC 0.8112 | CATE -0.0045 | PEHE 0.0881 | Sens 0.0004
  Ep 11: Loss 2.8103 | AUC 0.8120 | CATE -0.0056 | PEHE 0.0887 | Sens 0.0004
  Ep 12: Loss 2.7043 | AUC 0.8124 | CATE -0.0058 | PEHE 0.0886 | Sens 0.0004
  Ep 13: Loss 2.5616 | AUC 0.8127 | CATE -0.0049 | PEHE 0.0881 | Sens 0.0004
  Ep 14: Loss 2.7507 | AUC 0.8135 | CATE -0.0045 | PEHE 0.0877 | Sens 0.0004
  Ep 15: Loss 2.5571 | AUC 0.8143 | CATE -0.0040 | PEHE 0.0874 | Sens 0.0004
  Ep 16: Loss 2.7340 | AUC 0.8143 | CATE -0.0038 | PEHE 0.0872 | Sens 0.0004
  Ep 17: Loss 2.6892 | AUC 0.8143 | CATE -0.0042 | PEHE 0.0876 | Sens 0.0004
  Ep 18: Loss 2.6513 | AUC 0.8135 | CATE -0.0046 | PEHE 0.0881 | Sens 0.0004
  Ep 19: Loss 2.6493 | AUC 0.8139 | CATE -0.0046 | PEHE 0.0881 | Sens 0.0004
  Ep 20: Loss 2.7760 | AUC 0.8127 | CATE -0.0059 | PEHE 0.0891 | Sens 0.0004
  Ep 21: Loss 2.6528 | AUC 0.8124 | CATE -0.0065 | PEHE 0.0895 | Sens 0.0004
  Ep 22: Loss 2.7408 | AUC 0.8124 | CATE -0.0060 | PEHE 0.0891 | Sens 0.0004
  Ep 23: Loss 2.6117 | AUC 0.8135 | CATE -0.0056 | PEHE 0.0886 | Sens 0.0004
  Ep 24: Loss 2.6837 | AUC 0.8131 | CATE -0.0054 | PEHE 0.0884 | Sens 0.0004
  Ep 25: Loss 2.7346 | AUC 0.8120 | CATE -0.0049 | PEHE 0.0880 | Sens 0.0004
  Ep 26: Loss 2.7976 | AUC 0.8116 | CATE -0.0039 | PEHE 0.0873 | Sens 0.0004
  Ep 27: Loss 2.6446 | AUC 0.8108 | CATE -0.0032 | PEHE 0.0868 | Sens 0.0004
  Ep 28: Loss 2.6621 | AUC 0.8112 | CATE -0.0026 | PEHE 0.0863 | Sens 0.0004
  Ep 29: Loss 2.6047 | AUC 0.8105 | CATE -0.0027 | PEHE 0.0866 | Sens 0.0004
  Ep 30: Loss 2.7380 | AUC 0.8112 | CATE -0.0036 | PEHE 0.0871 | Sens 0.0004
  Ep 31: Loss 2.6521 | AUC 0.8082 | CATE -0.0042 | PEHE 0.0877 | Sens 0.0004
  Ep 32: Loss 2.6564 | AUC 0.8078 | CATE -0.0043 | PEHE 0.0878 | Sens 0.0004
  Ep 33: Loss 2.9624 | AUC 0.8078 | CATE -0.0043 | PEHE 0.0880 | Sens 0.0004
  Ep 34: Loss 2.8245 | AUC 0.8085 | CATE -0.0038 | PEHE 0.0875 | Sens 0.0004
  Ep 35: Loss 3.0101 | AUC 0.8101 | CATE -0.0028 | PEHE 0.0867 | Sens 0.0004
  Ep 36: Loss 2.6740 | AUC 0.8101 | CATE -0.0026 | PEHE 0.0865 | Sens 0.0004
  Ep 37: Loss 2.8418 | AUC 0.8093 | CATE -0.0032 | PEHE 0.0869 | Sens 0.0004
  Ep 38: Loss 2.6445 | AUC 0.8097 | CATE -0.0028 | PEHE 0.0867 | Sens 0.0004
  Ep 39: Loss 2.6702 | AUC 0.8101 | CATE -0.0026 | PEHE 0.0865 | Sens 0.0004
  Ep 40: Loss 2.6498 | AUC 0.8097 | CATE -0.0029 | PEHE 0.0868 | Sens 0.0004
  Ep 41: Loss 2.7873 | AUC 0.8089 | CATE -0.0034 | PEHE 0.0871 | Sens 0.0004
  Ep 42: Loss 2.5841 | AUC 0.8105 | CATE -0.0034 | PEHE 0.0870 | Sens 0.0004
  Ep 43: Loss 2.6550 | AUC 0.8101 | CATE -0.0031 | PEHE 0.0867 | Sens 0.0004
  Ep 44: Loss 2.7504 | AUC 0.8108 | CATE -0.0030 | PEHE 0.0864 | Sens 0.0004
  Ep 45: Loss 2.6796 | AUC 0.8120 | CATE -0.0036 | PEHE 0.0867 | Sens 0.0004
  Ep 46: Loss 2.7154 | AUC 0.8120 | CATE -0.0035 | PEHE 0.0865 | Sens 0.0004
  Ep 47: Loss 2.5811 | AUC 0.8124 | CATE -0.0029 | PEHE 0.0862 | Sens 0.0004
  Ep 48: Loss 2.7854 | AUC 0.8143 | CATE -0.0032 | PEHE 0.0862 | Sens 0.0004
  Ep 49: Loss 2.7323 | AUC 0.8143 | CATE -0.0035 | PEHE 0.0863 | Sens 0.0004
  Ep 50: Loss 2.7422 | AUC 0.8139 | CATE -0.0033 | PEHE 0.0862 | Sens 0.0004
  Ep 51: Loss 2.6564 | AUC 0.8120 | CATE -0.0035 | PEHE 0.0865 | Sens 0.0004
  Ep 52: Loss 2.8161 | AUC 0.8112 | CATE -0.0034 | PEHE 0.0865 | Sens 0.0004
  Ep 53: Loss 2.5804 | AUC 0.8105 | CATE -0.0032 | PEHE 0.0865 | Sens 0.0004
  Ep 54: Loss 2.5773 | AUC 0.8097 | CATE -0.0032 | PEHE 0.0867 | Sens 0.0005
  Ep 55: Loss 2.6646 | AUC 0.8097 | CATE -0.0037 | PEHE 0.0870 | Sens 0.0004
  Ep 56: Loss 2.8741 | AUC 0.8108 | CATE -0.0035 | PEHE 0.0867 | Sens 0.0004
  Ep 57: Loss 2.7290 | AUC 0.8116 | CATE -0.0037 | PEHE 0.0868 | Sens 0.0004
  Ep 58: Loss 2.6262 | AUC 0.8127 | CATE -0.0038 | PEHE 0.0869 | Sens 0.0004
  Ep 59: Loss 2.6392 | AUC 0.8127 | CATE -0.0040 | PEHE 0.0869 | Sens 0.0004
  Ep 60: Loss 2.5601 | AUC 0.8131 | CATE -0.0038 | PEHE 0.0867 | Sens 0.0004
  Ep 61: Loss 2.7638 | AUC 0.8131 | CATE -0.0043 | PEHE 0.0870 | Sens 0.0005
  Ep 62: Loss 2.7950 | AUC 0.8131 | CATE -0.0050 | PEHE 0.0875 | Sens 0.0004
  Ep 63: Loss 2.8086 | AUC 0.8127 | CATE -0.0051 | PEHE 0.0876 | Sens 0.0004
  Ep 64: Loss 2.6719 | AUC 0.8127 | CATE -0.0044 | PEHE 0.0871 | Sens 0.0005
  Ep 65: Loss 2.6478 | AUC 0.8131 | CATE -0.0036 | PEHE 0.0867 | Sens 0.0005
  Ep 66: Loss 2.9075 | AUC 0.8120 | CATE -0.0026 | PEHE 0.0862 | Sens 0.0005
  Ep 67: Loss 2.6847 | AUC 0.8116 | CATE -0.0030 | PEHE 0.0864 | Sens 0.0005
  Ep 68: Loss 2.6255 | AUC 0.8116 | CATE -0.0030 | PEHE 0.0865 | Sens 0.0005
  Ep 69: Loss 2.6722 | AUC 0.8089 | CATE -0.0035 | PEHE 0.0870 | Sens 0.0005
  Ep 70: Loss 2.7454 | AUC 0.8093 | CATE -0.0040 | PEHE 0.0873 | Sens 0.0004
  Ep 71: Loss 2.5943 | AUC 0.8097 | CATE -0.0046 | PEHE 0.0876 | Sens 0.0004
  Ep 72: Loss 2.7691 | AUC 0.8101 | CATE -0.0049 | PEHE 0.0878 | Sens 0.0004
  Ep 73: Loss 2.4949 | AUC 0.8089 | CATE -0.0046 | PEHE 0.0878 | Sens 0.0005
  Ep 74: Loss 2.5497 | AUC 0.8085 | CATE -0.0037 | PEHE 0.0875 | Sens 0.0004
  Ep 75: Loss 2.7683 | AUC 0.8074 | CATE -0.0036 | PEHE 0.0877 | Sens 0.0005
  Ep 76: Loss 2.7356 | AUC 0.8074 | CATE -0.0031 | PEHE 0.0875 | Sens 0.0005
  Ep 77: Loss 2.6015 | AUC 0.8074 | CATE -0.0031 | PEHE 0.0875 | Sens 0.0005
  Ep 78: Loss 2.8136 | AUC 0.8085 | CATE -0.0040 | PEHE 0.0878 | Sens 0.0004
  Ep 79: Loss 2.6300 | AUC 0.8097 | CATE -0.0045 | PEHE 0.0877 | Sens 0.0004
  Ep 80: Loss 2.6393 | AUC 0.8101 | CATE -0.0049 | PEHE 0.0879 | Sens 0.0004

=== Final SOTA Results ===
{
    "AUC": 0.8093058733791,
    "ACC": 0.7766990291262136,
    "F1": 0.7294117647058823,
    "PEHE": 0.08713846114344326,
    "Delta_CATE": -0.0006293803453445435,
    "Sens_Age": 0.00036745393299497664
}
Report saved to results/final_sota_report_q_seed_43.md
