=== DLC Final SOTA Runs (Phase 3) ===
[Config] tag=p_seed_43 d_hidden=128 num_layers=4 lambda_hsic=0.1 lambda_pred=2.0 lambda_ite=1.0 lambda_cate=2.0 lambda_prob=1.0 lambda_adv=0.5 lambda_sens=0.0 sens_eps_scale=0.0
[Seed] 43
Loading data...
Applying blacklist from data/PANCAN/pancan_leakage_blacklist.csv...
Filtered 513 leaked samples. Current: 8567
Aligning PANCAN features to LUAD feature space...
PANCAN aligned shape: (8567, 25)
PANCAN: (8567, 23), LUAD: (513, 23)
Scaler vars: min=0.030960266788788313, max=214.61184717252607

[Phase 1] Pre-training on PANCAN (130 epochs)...
  Ep 1: Loss 3.1758
  Ep 2: Loss 3.1274
  Ep 3: Loss 3.0554
  Ep 4: Loss 2.8935
  Ep 5: Loss 2.6198
  Ep 6: Loss 2.3472
  Ep 7: Loss 2.2075
  Ep 8: Loss 2.1376
  Ep 9: Loss 2.1111
  Ep 10: Loss 2.0906
  Ep 11: Loss 2.0807
  Ep 12: Loss 2.0598
  Ep 13: Loss 2.0445
  Ep 14: Loss 2.0295
  Ep 15: Loss 2.0073
  Ep 16: Loss 1.9805
  Ep 17: Loss 1.9594
  Ep 18: Loss 1.9433
  Ep 19: Loss 1.9191
  Ep 20: Loss 1.8986
  Ep 21: Loss 1.8816
  Ep 22: Loss 1.8561
  Ep 23: Loss 1.8264
  Ep 24: Loss 1.8031
  Ep 25: Loss 1.7769
  Ep 26: Loss 1.7558
  Ep 27: Loss 1.7289
  Ep 28: Loss 1.7024
  Ep 29: Loss 1.6786
  Ep 30: Loss 1.6545
  Ep 31: Loss 1.6386
  Ep 32: Loss 1.6244
  Ep 33: Loss 1.6124
  Ep 34: Loss 1.5968
  Ep 35: Loss 1.5810
  Ep 36: Loss 1.5723
  Ep 37: Loss 1.5582
  Ep 38: Loss 1.5430
  Ep 39: Loss 1.5288
  Ep 40: Loss 1.5126
  Ep 41: Loss 1.5000
  Ep 42: Loss 1.4907
  Ep 43: Loss 1.4796
  Ep 44: Loss 1.4688
  Ep 45: Loss 1.4596
  Ep 46: Loss 1.4540
  Ep 47: Loss 1.4452
  Ep 48: Loss 1.4393
  Ep 49: Loss 1.4368
  Ep 50: Loss 1.4337
  Ep 51: Loss 1.4265
  Ep 52: Loss 1.4220
  Ep 53: Loss 1.4147
  Ep 54: Loss 1.4111
  Ep 55: Loss 1.3985
  Ep 56: Loss 1.3895
  Ep 57: Loss 1.3822
  Ep 58: Loss 1.3787
  Ep 59: Loss 1.3798
  Ep 60: Loss 1.3793
  Ep 61: Loss 1.3833
  Ep 62: Loss 1.3828
  Ep 63: Loss 1.3779
  Ep 64: Loss 1.3750
  Ep 65: Loss 1.3668
  Ep 66: Loss 1.3593
  Ep 67: Loss 1.3486
  Ep 68: Loss 1.3346
  Ep 69: Loss 1.3271
  Ep 70: Loss 1.3204
  Ep 71: Loss 1.3162
  Ep 72: Loss 1.3191
  Ep 73: Loss 1.3170
  Ep 74: Loss 1.3203
  Ep 75: Loss 1.3236
  Ep 76: Loss 1.3222
  Ep 77: Loss 1.3270
  Ep 78: Loss 1.3217
  Ep 79: Loss 1.3152
  Ep 80: Loss 1.3153
  Ep 81: Loss 1.3169
  Ep 82: Loss 1.3105
  Ep 83: Loss 1.3096
  Ep 84: Loss 1.3025
  Ep 85: Loss 1.3039
  Ep 86: Loss 1.2969
  Ep 87: Loss 1.2929
  Ep 88: Loss 1.2903
  Ep 89: Loss 1.2871
  Ep 90: Loss 1.2873
  Ep 91: Loss 1.2876
  Ep 92: Loss 1.2881
  Ep 93: Loss 1.2872
  Ep 94: Loss 1.2895
  Ep 95: Loss 1.2886
  Ep 96: Loss 1.2868
  Ep 97: Loss 1.2927
  Ep 98: Loss 1.2912
  Ep 99: Loss 1.2898
  Ep 100: Loss 1.2848
  Ep 101: Loss 1.2861
  Ep 102: Loss 1.2840
  Ep 103: Loss 1.2844
  Ep 104: Loss 1.2825
  Ep 105: Loss 1.2829
  Ep 106: Loss 1.2773
  Ep 107: Loss 1.2779
  Ep 108: Loss 1.2741
  Ep 109: Loss 1.2700
  Ep 110: Loss 1.2660
  Ep 111: Loss 1.2661
  Ep 112: Loss 1.2616
  Ep 113: Loss 1.2689
  Ep 114: Loss 1.2644
  Ep 115: Loss 1.2678
  Ep 116: Loss 1.2704
  Ep 117: Loss 1.2733
  Ep 118: Loss 1.2749
  Ep 119: Loss 1.2772
  Ep 120: Loss 1.2809
  Ep 121: Loss 1.2812
  Ep 122: Loss 1.2770
  Ep 123: Loss 1.2732
  Ep 124: Loss 1.2711
  Ep 125: Loss 1.2702
  Ep 126: Loss 1.2668
  Ep 127: Loss 1.2634
  Ep 128: Loss 1.2639
  Ep 129: Loss 1.2615
  Ep 130: Loss 1.2611

[Phase 2] Fine-tuning on LUAD (60 epochs)...
  Ep 1: Loss 1.5200 | AUC 0.7902 | CATE 0.0703 | PEHE 0.0809 | Sens 0.0004
  Ep 2: Loss 1.5473 | AUC 0.7899 | CATE 0.0704 | PEHE 0.0805 | Sens 0.0003
  Ep 3: Loss 1.4325 | AUC 0.7906 | CATE 0.0698 | PEHE 0.0798 | Sens 0.0003
  Ep 4: Loss 1.4758 | AUC 0.7914 | CATE 0.0686 | PEHE 0.0792 | Sens 0.0004
  Ep 5: Loss 1.4708 | AUC 0.7948 | CATE 0.0663 | PEHE 0.0791 | Sens 0.0003
  Ep 6: Loss 1.4276 | AUC 0.7971 | CATE 0.0640 | PEHE 0.0796 | Sens 0.0004
  Ep 7: Loss 1.4821 | AUC 0.7979 | CATE 0.0628 | PEHE 0.0802 | Sens 0.0004
  Ep 8: Loss 1.4795 | AUC 0.7986 | CATE 0.0626 | PEHE 0.0803 | Sens 0.0003
  Ep 9: Loss 1.4916 | AUC 0.7986 | CATE 0.0614 | PEHE 0.0809 | Sens 0.0004
  Ep 10: Loss 1.4512 | AUC 0.7990 | CATE 0.0605 | PEHE 0.0809 | Sens 0.0003
  Ep 11: Loss 1.4534 | AUC 0.7998 | CATE 0.0594 | PEHE 0.0807 | Sens 0.0003
  Ep 12: Loss 1.4924 | AUC 0.7998 | CATE 0.0585 | PEHE 0.0800 | Sens 0.0003
  Ep 13: Loss 1.5390 | AUC 0.7994 | CATE 0.0581 | PEHE 0.0798 | Sens 0.0003
  Ep 14: Loss 1.4790 | AUC 0.7990 | CATE 0.0574 | PEHE 0.0800 | Sens 0.0003
  Ep 15: Loss 1.4747 | AUC 0.7982 | CATE 0.0569 | PEHE 0.0802 | Sens 0.0003
  Ep 16: Loss 1.5152 | AUC 0.7994 | CATE 0.0570 | PEHE 0.0802 | Sens 0.0003
  Ep 17: Loss 1.5146 | AUC 0.7986 | CATE 0.0591 | PEHE 0.0796 | Sens 0.0003
  Ep 18: Loss 1.4608 | AUC 0.7982 | CATE 0.0604 | PEHE 0.0793 | Sens 0.0003
  Ep 19: Loss 1.4965 | AUC 0.7971 | CATE 0.0624 | PEHE 0.0788 | Sens 0.0003
  Ep 20: Loss 1.4478 | AUC 0.7975 | CATE 0.0638 | PEHE 0.0785 | Sens 0.0004
  Ep 21: Loss 1.5058 | AUC 0.7967 | CATE 0.0663 | PEHE 0.0778 | Sens 0.0004
  Ep 22: Loss 1.5010 | AUC 0.7963 | CATE 0.0672 | PEHE 0.0778 | Sens 0.0004
  Ep 23: Loss 1.4457 | AUC 0.7971 | CATE 0.0681 | PEHE 0.0781 | Sens 0.0004
  Ep 24: Loss 1.5197 | AUC 0.7971 | CATE 0.0695 | PEHE 0.0782 | Sens 0.0004
  Ep 25: Loss 1.4723 | AUC 0.7975 | CATE 0.0701 | PEHE 0.0785 | Sens 0.0004
  Ep 26: Loss 1.4435 | AUC 0.7960 | CATE 0.0709 | PEHE 0.0788 | Sens 0.0004
  Ep 27: Loss 1.4041 | AUC 0.7956 | CATE 0.0722 | PEHE 0.0789 | Sens 0.0004
  Ep 28: Loss 1.4482 | AUC 0.7971 | CATE 0.0737 | PEHE 0.0788 | Sens 0.0004
  Ep 29: Loss 1.4587 | AUC 0.7963 | CATE 0.0751 | PEHE 0.0787 | Sens 0.0004
  Ep 30: Loss 1.4808 | AUC 0.7967 | CATE 0.0755 | PEHE 0.0788 | Sens 0.0004
  Ep 31: Loss 1.4336 | AUC 0.7967 | CATE 0.0761 | PEHE 0.0789 | Sens 0.0004
  Ep 32: Loss 1.4495 | AUC 0.7990 | CATE 0.0747 | PEHE 0.0801 | Sens 0.0004
  Ep 33: Loss 1.5029 | AUC 0.7990 | CATE 0.0747 | PEHE 0.0807 | Sens 0.0004
  Ep 34: Loss 1.4251 | AUC 0.7990 | CATE 0.0754 | PEHE 0.0804 | Sens 0.0004
  Ep 35: Loss 1.4197 | AUC 0.7971 | CATE 0.0764 | PEHE 0.0801 | Sens 0.0004
  Ep 36: Loss 1.4207 | AUC 0.7960 | CATE 0.0786 | PEHE 0.0798 | Sens 0.0004
  Ep 37: Loss 1.4179 | AUC 0.7948 | CATE 0.0797 | PEHE 0.0801 | Sens 0.0004
  Ep 38: Loss 1.4704 | AUC 0.7941 | CATE 0.0806 | PEHE 0.0803 | Sens 0.0004
  Ep 39: Loss 1.4206 | AUC 0.7956 | CATE 0.0798 | PEHE 0.0805 | Sens 0.0004
  Ep 40: Loss 1.4073 | AUC 0.7975 | CATE 0.0782 | PEHE 0.0807 | Sens 0.0004
  Ep 41: Loss 1.4771 | AUC 0.7971 | CATE 0.0776 | PEHE 0.0812 | Sens 0.0004
  Ep 42: Loss 1.5500 | AUC 0.7975 | CATE 0.0778 | PEHE 0.0815 | Sens 0.0004
  Ep 43: Loss 1.4867 | AUC 0.7963 | CATE 0.0792 | PEHE 0.0814 | Sens 0.0004
  Ep 44: Loss 1.5380 | AUC 0.7971 | CATE 0.0804 | PEHE 0.0813 | Sens 0.0004
  Ep 45: Loss 1.4463 | AUC 0.7963 | CATE 0.0809 | PEHE 0.0814 | Sens 0.0004
  Ep 46: Loss 1.4358 | AUC 0.7960 | CATE 0.0795 | PEHE 0.0823 | Sens 0.0004
  Ep 47: Loss 1.4630 | AUC 0.7960 | CATE 0.0781 | PEHE 0.0831 | Sens 0.0004
  Ep 48: Loss 1.4248 | AUC 0.7960 | CATE 0.0786 | PEHE 0.0836 | Sens 0.0004
  Ep 49: Loss 1.5204 | AUC 0.7952 | CATE 0.0800 | PEHE 0.0837 | Sens 0.0004
  Ep 50: Loss 1.3830 | AUC 0.7941 | CATE 0.0811 | PEHE 0.0837 | Sens 0.0004
  Ep 51: Loss 1.4384 | AUC 0.7941 | CATE 0.0813 | PEHE 0.0841 | Sens 0.0004
  Ep 52: Loss 1.4093 | AUC 0.7933 | CATE 0.0811 | PEHE 0.0846 | Sens 0.0005
  Ep 53: Loss 1.4438 | AUC 0.7944 | CATE 0.0808 | PEHE 0.0847 | Sens 0.0005
  Ep 54: Loss 1.4379 | AUC 0.7929 | CATE 0.0820 | PEHE 0.0848 | Sens 0.0005
  Ep 55: Loss 1.4659 | AUC 0.7929 | CATE 0.0823 | PEHE 0.0851 | Sens 0.0005
  Ep 56: Loss 1.4570 | AUC 0.7944 | CATE 0.0829 | PEHE 0.0852 | Sens 0.0005
  Ep 57: Loss 1.4695 | AUC 0.7948 | CATE 0.0838 | PEHE 0.0852 | Sens 0.0005
  Ep 58: Loss 1.3629 | AUC 0.7944 | CATE 0.0843 | PEHE 0.0853 | Sens 0.0005
  Ep 59: Loss 1.4297 | AUC 0.7941 | CATE 0.0850 | PEHE 0.0853 | Sens 0.0005
  Ep 60: Loss 1.4925 | AUC 0.7948 | CATE 0.0855 | PEHE 0.0855 | Sens 0.0005

=== Final SOTA Results ===
{
    "AUC": 0.7948131197559116,
    "ACC": 0.7378640776699029,
    "F1": 0.7157894736842105,
    "PEHE": 0.08545857607807704,
    "Delta_CATE": 0.08552968502044678,
    "Sens_Age": 0.00046388027840293944
}
Report saved to results/final_sota_report_p_seed_43.md
