=== DLC Final SOTA Runs (Phase 3) ===
[Config] tag=s_seed_46 d_hidden=128 num_layers=3 lambda_hsic=0.1 lambda_pred=3.5 lambda_ite=1.0 lambda_cate=2.0 lambda_prob=1.0 lambda_adv=0.5 lambda_sens=0.0 sens_eps_scale=0.0
[Seed] 46
Loading data...
Applying blacklist from data/PANCAN/pancan_leakage_blacklist.csv...
Filtered 513 leaked samples. Current: 8567
Aligning PANCAN features to LUAD feature space...
PANCAN aligned shape: (8567, 25)
PANCAN: (8567, 23), LUAD: (513, 23)
Scaler vars: min=0.030960266788788313, max=214.61184717252607

[Phase 1] Pre-training on PANCAN (200 epochs)...
  Ep 1: Loss 4.1185
  Ep 2: Loss 4.0050
  Ep 3: Loss 3.8549
  Ep 4: Loss 3.6137
  Ep 5: Loss 3.2819
  Ep 6: Loss 2.9544
  Ep 7: Loss 2.7390
  Ep 8: Loss 2.6444
  Ep 9: Loss 2.6052
  Ep 10: Loss 2.5895
  Ep 11: Loss 2.5766
  Ep 12: Loss 2.5572
  Ep 13: Loss 2.5474
  Ep 14: Loss 2.5264
  Ep 15: Loss 2.5088
  Ep 16: Loss 2.4832
  Ep 17: Loss 2.4534
  Ep 18: Loss 2.4297
  Ep 19: Loss 2.4138
  Ep 20: Loss 2.3851
  Ep 21: Loss 2.3617
  Ep 22: Loss 2.3345
  Ep 23: Loss 2.2986
  Ep 24: Loss 2.2804
  Ep 25: Loss 2.2526
  Ep 26: Loss 2.2339
  Ep 27: Loss 2.2086
  Ep 28: Loss 2.1847
  Ep 29: Loss 2.1620
  Ep 30: Loss 2.1437
  Ep 31: Loss 2.1263
  Ep 32: Loss 2.1198
  Ep 33: Loss 2.1036
  Ep 34: Loss 2.0896
  Ep 35: Loss 2.0791
  Ep 36: Loss 2.0646
  Ep 37: Loss 2.0546
  Ep 38: Loss 2.0398
  Ep 39: Loss 2.0260
  Ep 40: Loss 2.0067
  Ep 41: Loss 1.9980
  Ep 42: Loss 1.9842
  Ep 43: Loss 1.9843
  Ep 44: Loss 1.9840
  Ep 45: Loss 1.9816
  Ep 46: Loss 1.9691
  Ep 47: Loss 1.9651
  Ep 48: Loss 1.9589
  Ep 49: Loss 1.9547
  Ep 50: Loss 1.9509
  Ep 51: Loss 1.9399
  Ep 52: Loss 1.9290
  Ep 53: Loss 1.9214
  Ep 54: Loss 1.9200
  Ep 55: Loss 1.9153
  Ep 56: Loss 1.9113
  Ep 57: Loss 1.9125
  Ep 58: Loss 1.9081
  Ep 59: Loss 1.9081
  Ep 60: Loss 1.9025
  Ep 61: Loss 1.8939
  Ep 62: Loss 1.8910
  Ep 63: Loss 1.8782
  Ep 64: Loss 1.8737
  Ep 65: Loss 1.8650
  Ep 66: Loss 1.8543
  Ep 67: Loss 1.8513
  Ep 68: Loss 1.8420
  Ep 69: Loss 1.8330
  Ep 70: Loss 1.8325
  Ep 71: Loss 1.8320
  Ep 72: Loss 1.8338
  Ep 73: Loss 1.8314
  Ep 74: Loss 1.8325
  Ep 75: Loss 1.8368
  Ep 76: Loss 1.8372
  Ep 77: Loss 1.8365
  Ep 78: Loss 1.8396
  Ep 79: Loss 1.8382
  Ep 80: Loss 1.8331
  Ep 81: Loss 1.8328
  Ep 82: Loss 1.8312
  Ep 83: Loss 1.8174
  Ep 84: Loss 1.8161
  Ep 85: Loss 1.8081
  Ep 86: Loss 1.8082
  Ep 87: Loss 1.8129
  Ep 88: Loss 1.8065
  Ep 89: Loss 1.7988
  Ep 90: Loss 1.8023
  Ep 91: Loss 1.7965
  Ep 92: Loss 1.7920
  Ep 93: Loss 1.7979
  Ep 94: Loss 1.7949
  Ep 95: Loss 1.7943
  Ep 96: Loss 1.7974
  Ep 97: Loss 1.7953
  Ep 98: Loss 1.7979
  Ep 99: Loss 1.8020
  Ep 100: Loss 1.8018
  Ep 101: Loss 1.7988
  Ep 102: Loss 1.7909
  Ep 103: Loss 1.7966
  Ep 104: Loss 1.7834
  Ep 105: Loss 1.7763
  Ep 106: Loss 1.7795
  Ep 107: Loss 1.7728
  Ep 108: Loss 1.7767
  Ep 109: Loss 1.7722
  Ep 110: Loss 1.7767
  Ep 111: Loss 1.7734
  Ep 112: Loss 1.7766
  Ep 113: Loss 1.7722
  Ep 114: Loss 1.7789
  Ep 115: Loss 1.7823
  Ep 116: Loss 1.7784
  Ep 117: Loss 1.7850
  Ep 118: Loss 1.7835
  Ep 119: Loss 1.7802
  Ep 120: Loss 1.7779
  Ep 121: Loss 1.7755
  Ep 122: Loss 1.7772
  Ep 123: Loss 1.7803
  Ep 124: Loss 1.7769
  Ep 125: Loss 1.7808
  Ep 126: Loss 1.7847
  Ep 127: Loss 1.7867
  Ep 128: Loss 1.7818
  Ep 129: Loss 1.7812
  Ep 130: Loss 1.7756
  Ep 131: Loss 1.7733
  Ep 132: Loss 1.7706
  Ep 133: Loss 1.7688
  Ep 134: Loss 1.7622
  Ep 135: Loss 1.7646
  Ep 136: Loss 1.7636
  Ep 137: Loss 1.7633
  Ep 138: Loss 1.7623
  Ep 139: Loss 1.7673
  Ep 140: Loss 1.7622
  Ep 141: Loss 1.7689
  Ep 142: Loss 1.7632
  Ep 143: Loss 1.7625
  Ep 144: Loss 1.7648
  Ep 145: Loss 1.7702
  Ep 146: Loss 1.7655
  Ep 147: Loss 1.7664
  Ep 148: Loss 1.7660
  Ep 149: Loss 1.7653
  Ep 150: Loss 1.7649
  Ep 151: Loss 1.7668
  Ep 152: Loss 1.7624
  Ep 153: Loss 1.7588
  Ep 154: Loss 1.7570
  Ep 155: Loss 1.7590
  Ep 156: Loss 1.7602
  Ep 157: Loss 1.7559
  Ep 158: Loss 1.7600
  Ep 159: Loss 1.7582
  Ep 160: Loss 1.7592
  Ep 161: Loss 1.7588
  Ep 162: Loss 1.7577
  Ep 163: Loss 1.7626
  Ep 164: Loss 1.7586
  Ep 165: Loss 1.7630
  Ep 166: Loss 1.7586
  Ep 167: Loss 1.7581
  Ep 168: Loss 1.7554
  Ep 169: Loss 1.7532
  Ep 170: Loss 1.7573
  Ep 171: Loss 1.7522
  Ep 172: Loss 1.7552
  Ep 173: Loss 1.7597
  Ep 174: Loss 1.7547
  Ep 175: Loss 1.7561
  Ep 176: Loss 1.7562
  Ep 177: Loss 1.7661
  Ep 178: Loss 1.7576
  Ep 179: Loss 1.7593
  Ep 180: Loss 1.7605
  Ep 181: Loss 1.7532
  Ep 182: Loss 1.7594
  Ep 183: Loss 1.7532
  Ep 184: Loss 1.7487
  Ep 185: Loss 1.7488
  Ep 186: Loss 1.7489
  Ep 187: Loss 1.7499
  Ep 188: Loss 1.7540
  Ep 189: Loss 1.7490
  Ep 190: Loss 1.7509
  Ep 191: Loss 1.7510
  Ep 192: Loss 1.7505
  Ep 193: Loss 1.7550
  Ep 194: Loss 1.7522
  Ep 195: Loss 1.7514
  Ep 196: Loss 1.7522
  Ep 197: Loss 1.7511
  Ep 198: Loss 1.7506
  Ep 199: Loss 1.7494
  Ep 200: Loss 1.7503

[Phase 2] Fine-tuning on LUAD (100 epochs)...
  Ep 1: Loss 2.1772 | AUC 0.8589 | CATE 0.1127 | PEHE 0.0645 | Sens 0.0007
  Ep 2: Loss 2.2563 | AUC 0.8600 | CATE 0.1035 | PEHE 0.0567 | Sens 0.0007
  Ep 3: Loss 2.1373 | AUC 0.8638 | CATE 0.0959 | PEHE 0.0530 | Sens 0.0007
  Ep 4: Loss 2.2327 | AUC 0.8658 | CATE 0.0891 | PEHE 0.0528 | Sens 0.0006
  Ep 5: Loss 2.2911 | AUC 0.8665 | CATE 0.0867 | PEHE 0.0534 | Sens 0.0006
  Ep 6: Loss 2.2361 | AUC 0.8669 | CATE 0.0858 | PEHE 0.0542 | Sens 0.0006
  Ep 7: Loss 2.1487 | AUC 0.8677 | CATE 0.0855 | PEHE 0.0544 | Sens 0.0006
  Ep 8: Loss 2.1495 | AUC 0.8677 | CATE 0.0859 | PEHE 0.0539 | Sens 0.0006
  Ep 9: Loss 2.2842 | AUC 0.8677 | CATE 0.0859 | PEHE 0.0539 | Sens 0.0006
  Ep 10: Loss 2.1658 | AUC 0.8677 | CATE 0.0843 | PEHE 0.0546 | Sens 0.0006
  Ep 11: Loss 2.1319 | AUC 0.8680 | CATE 0.0840 | PEHE 0.0545 | Sens 0.0006
  Ep 12: Loss 2.1473 | AUC 0.8692 | CATE 0.0821 | PEHE 0.0549 | Sens 0.0006
  Ep 13: Loss 2.0967 | AUC 0.8699 | CATE 0.0814 | PEHE 0.0549 | Sens 0.0006
  Ep 14: Loss 2.1863 | AUC 0.8703 | CATE 0.0793 | PEHE 0.0556 | Sens 0.0006
  Ep 15: Loss 2.1390 | AUC 0.8703 | CATE 0.0765 | PEHE 0.0570 | Sens 0.0006
  Ep 16: Loss 2.2464 | AUC 0.8703 | CATE 0.0747 | PEHE 0.0576 | Sens 0.0006
  Ep 17: Loss 2.2895 | AUC 0.8703 | CATE 0.0732 | PEHE 0.0583 | Sens 0.0006
  Ep 18: Loss 2.1452 | AUC 0.8703 | CATE 0.0723 | PEHE 0.0583 | Sens 0.0006
  Ep 19: Loss 2.0139 | AUC 0.8707 | CATE 0.0722 | PEHE 0.0577 | Sens 0.0006
  Ep 20: Loss 2.0942 | AUC 0.8711 | CATE 0.0707 | PEHE 0.0580 | Sens 0.0006
  Ep 21: Loss 2.1807 | AUC 0.8711 | CATE 0.0710 | PEHE 0.0571 | Sens 0.0006
  Ep 22: Loss 2.1454 | AUC 0.8699 | CATE 0.0720 | PEHE 0.0560 | Sens 0.0006
  Ep 23: Loss 2.1085 | AUC 0.8703 | CATE 0.0743 | PEHE 0.0546 | Sens 0.0006
  Ep 24: Loss 2.2076 | AUC 0.8707 | CATE 0.0762 | PEHE 0.0537 | Sens 0.0006
  Ep 25: Loss 2.0888 | AUC 0.8703 | CATE 0.0766 | PEHE 0.0535 | Sens 0.0006
  Ep 26: Loss 2.2742 | AUC 0.8699 | CATE 0.0766 | PEHE 0.0536 | Sens 0.0006
  Ep 27: Loss 2.1551 | AUC 0.8699 | CATE 0.0772 | PEHE 0.0534 | Sens 0.0006
  Ep 28: Loss 2.1177 | AUC 0.8696 | CATE 0.0775 | PEHE 0.0534 | Sens 0.0006
  Ep 29: Loss 2.2740 | AUC 0.8677 | CATE 0.0786 | PEHE 0.0530 | Sens 0.0006
  Ep 30: Loss 2.1929 | AUC 0.8677 | CATE 0.0792 | PEHE 0.0529 | Sens 0.0006
  Ep 31: Loss 2.1329 | AUC 0.8669 | CATE 0.0805 | PEHE 0.0527 | Sens 0.0006
  Ep 32: Loss 2.3082 | AUC 0.8665 | CATE 0.0817 | PEHE 0.0525 | Sens 0.0006
  Ep 33: Loss 2.3487 | AUC 0.8665 | CATE 0.0830 | PEHE 0.0524 | Sens 0.0006
  Ep 34: Loss 2.0906 | AUC 0.8673 | CATE 0.0831 | PEHE 0.0524 | Sens 0.0006
  Ep 35: Loss 2.1116 | AUC 0.8673 | CATE 0.0831 | PEHE 0.0524 | Sens 0.0006
  Ep 36: Loss 2.0948 | AUC 0.8673 | CATE 0.0834 | PEHE 0.0524 | Sens 0.0006
  Ep 37: Loss 2.1209 | AUC 0.8673 | CATE 0.0833 | PEHE 0.0524 | Sens 0.0006
  Ep 38: Loss 2.2532 | AUC 0.8673 | CATE 0.0842 | PEHE 0.0522 | Sens 0.0006
  Ep 39: Loss 2.0984 | AUC 0.8673 | CATE 0.0845 | PEHE 0.0523 | Sens 0.0006
  Ep 40: Loss 2.0637 | AUC 0.8673 | CATE 0.0854 | PEHE 0.0523 | Sens 0.0006
  Ep 41: Loss 2.0744 | AUC 0.8673 | CATE 0.0857 | PEHE 0.0523 | Sens 0.0006
  Ep 42: Loss 2.1184 | AUC 0.8673 | CATE 0.0865 | PEHE 0.0522 | Sens 0.0006
  Ep 43: Loss 2.1178 | AUC 0.8669 | CATE 0.0882 | PEHE 0.0520 | Sens 0.0006
  Ep 44: Loss 2.1361 | AUC 0.8661 | CATE 0.0890 | PEHE 0.0519 | Sens 0.0006
  Ep 45: Loss 2.0693 | AUC 0.8661 | CATE 0.0897 | PEHE 0.0519 | Sens 0.0006
  Ep 46: Loss 2.1911 | AUC 0.8673 | CATE 0.0893 | PEHE 0.0518 | Sens 0.0006
  Ep 47: Loss 2.0897 | AUC 0.8673 | CATE 0.0893 | PEHE 0.0517 | Sens 0.0006
  Ep 48: Loss 2.2113 | AUC 0.8669 | CATE 0.0897 | PEHE 0.0517 | Sens 0.0006
  Ep 49: Loss 2.2490 | AUC 0.8677 | CATE 0.0890 | PEHE 0.0519 | Sens 0.0006
  Ep 50: Loss 2.1660 | AUC 0.8677 | CATE 0.0887 | PEHE 0.0521 | Sens 0.0006
  Ep 51: Loss 2.0366 | AUC 0.8680 | CATE 0.0889 | PEHE 0.0523 | Sens 0.0006
  Ep 52: Loss 2.2167 | AUC 0.8673 | CATE 0.0903 | PEHE 0.0521 | Sens 0.0006
  Ep 53: Loss 2.0790 | AUC 0.8669 | CATE 0.0916 | PEHE 0.0520 | Sens 0.0006
  Ep 54: Loss 2.1396 | AUC 0.8665 | CATE 0.0925 | PEHE 0.0520 | Sens 0.0006
  Ep 55: Loss 2.1729 | AUC 0.8665 | CATE 0.0927 | PEHE 0.0521 | Sens 0.0006
  Ep 56: Loss 2.1204 | AUC 0.8665 | CATE 0.0932 | PEHE 0.0521 | Sens 0.0006
  Ep 57: Loss 2.0762 | AUC 0.8665 | CATE 0.0931 | PEHE 0.0522 | Sens 0.0006
  Ep 58: Loss 2.1628 | AUC 0.8669 | CATE 0.0920 | PEHE 0.0525 | Sens 0.0006
  Ep 59: Loss 2.1819 | AUC 0.8669 | CATE 0.0922 | PEHE 0.0526 | Sens 0.0006
  Ep 60: Loss 2.1937 | AUC 0.8661 | CATE 0.0932 | PEHE 0.0527 | Sens 0.0006
  Ep 61: Loss 2.1443 | AUC 0.8654 | CATE 0.0938 | PEHE 0.0530 | Sens 0.0006
  Ep 62: Loss 2.0707 | AUC 0.8650 | CATE 0.0938 | PEHE 0.0534 | Sens 0.0006
  Ep 63: Loss 2.1973 | AUC 0.8654 | CATE 0.0935 | PEHE 0.0536 | Sens 0.0006
  Ep 64: Loss 2.2048 | AUC 0.8661 | CATE 0.0930 | PEHE 0.0539 | Sens 0.0006
  Ep 65: Loss 2.1564 | AUC 0.8661 | CATE 0.0928 | PEHE 0.0541 | Sens 0.0006
  Ep 66: Loss 2.1191 | AUC 0.8665 | CATE 0.0931 | PEHE 0.0544 | Sens 0.0006
  Ep 67: Loss 2.1689 | AUC 0.8673 | CATE 0.0932 | PEHE 0.0548 | Sens 0.0006
  Ep 68: Loss 2.1304 | AUC 0.8669 | CATE 0.0944 | PEHE 0.0548 | Sens 0.0006
  Ep 69: Loss 2.1317 | AUC 0.8680 | CATE 0.0944 | PEHE 0.0551 | Sens 0.0006
  Ep 70: Loss 2.1019 | AUC 0.8673 | CATE 0.0937 | PEHE 0.0552 | Sens 0.0006
  Ep 71: Loss 2.1453 | AUC 0.8673 | CATE 0.0927 | PEHE 0.0555 | Sens 0.0006
  Ep 72: Loss 2.0916 | AUC 0.8684 | CATE 0.0927 | PEHE 0.0559 | Sens 0.0006
  Ep 73: Loss 2.1409 | AUC 0.8669 | CATE 0.0938 | PEHE 0.0556 | Sens 0.0006
  Ep 74: Loss 2.0756 | AUC 0.8665 | CATE 0.0955 | PEHE 0.0554 | Sens 0.0006
  Ep 75: Loss 2.2266 | AUC 0.8658 | CATE 0.0968 | PEHE 0.0553 | Sens 0.0006
  Ep 76: Loss 2.0493 | AUC 0.8658 | CATE 0.0975 | PEHE 0.0552 | Sens 0.0006
  Ep 77: Loss 2.0897 | AUC 0.8658 | CATE 0.0981 | PEHE 0.0552 | Sens 0.0006
  Ep 78: Loss 2.0498 | AUC 0.8658 | CATE 0.0986 | PEHE 0.0554 | Sens 0.0006
  Ep 79: Loss 2.0688 | AUC 0.8658 | CATE 0.0982 | PEHE 0.0556 | Sens 0.0006
  Ep 80: Loss 2.1897 | AUC 0.8658 | CATE 0.0986 | PEHE 0.0557 | Sens 0.0006
  Ep 81: Loss 2.0674 | AUC 0.8661 | CATE 0.0983 | PEHE 0.0559 | Sens 0.0006
  Ep 82: Loss 2.2055 | AUC 0.8661 | CATE 0.0979 | PEHE 0.0561 | Sens 0.0006
  Ep 83: Loss 2.1585 | AUC 0.8665 | CATE 0.0973 | PEHE 0.0564 | Sens 0.0006
  Ep 84: Loss 2.0711 | AUC 0.8669 | CATE 0.0968 | PEHE 0.0566 | Sens 0.0006
  Ep 85: Loss 2.1872 | AUC 0.8673 | CATE 0.0957 | PEHE 0.0569 | Sens 0.0006
  Ep 86: Loss 2.1744 | AUC 0.8673 | CATE 0.0948 | PEHE 0.0572 | Sens 0.0006
  Ep 87: Loss 2.1843 | AUC 0.8680 | CATE 0.0944 | PEHE 0.0575 | Sens 0.0006
  Ep 88: Loss 2.1743 | AUC 0.8677 | CATE 0.0954 | PEHE 0.0574 | Sens 0.0006
  Ep 89: Loss 2.1484 | AUC 0.8673 | CATE 0.0962 | PEHE 0.0573 | Sens 0.0006
  Ep 90: Loss 2.0595 | AUC 0.8673 | CATE 0.0967 | PEHE 0.0573 | Sens 0.0006
  Ep 91: Loss 2.0469 | AUC 0.8669 | CATE 0.0972 | PEHE 0.0571 | Sens 0.0006
  Ep 92: Loss 2.0205 | AUC 0.8669 | CATE 0.0970 | PEHE 0.0572 | Sens 0.0006
  Ep 93: Loss 2.0927 | AUC 0.8673 | CATE 0.0966 | PEHE 0.0579 | Sens 0.0006
  Ep 94: Loss 2.0950 | AUC 0.8673 | CATE 0.0967 | PEHE 0.0579 | Sens 0.0006
  Ep 95: Loss 2.2793 | AUC 0.8680 | CATE 0.0963 | PEHE 0.0583 | Sens 0.0006
  Ep 96: Loss 2.0427 | AUC 0.8684 | CATE 0.0954 | PEHE 0.0589 | Sens 0.0006
  Ep 97: Loss 2.1923 | AUC 0.8680 | CATE 0.0950 | PEHE 0.0589 | Sens 0.0006
  Ep 98: Loss 2.0596 | AUC 0.8673 | CATE 0.0956 | PEHE 0.0586 | Sens 0.0006
  Ep 99: Loss 2.0727 | AUC 0.8673 | CATE 0.0968 | PEHE 0.0581 | Sens 0.0006
  Ep 100: Loss 2.0394 | AUC 0.8669 | CATE 0.0973 | PEHE 0.0578 | Sens 0.0006

=== Final SOTA Results ===
{
    "AUC": 0.8600305110602593,
    "ACC": 0.7961165048543689,
    "F1": 0.7835051546391752,
    "PEHE": 0.05671273780890739,
    "Delta_CATE": 0.10353828966617584,
    "Sens_Age": 0.0007223658612929285
}
Report saved to results/final_sota_report_s_seed_46.md
