=== DLC Final SOTA Runs (Phase 3) ===
[Config] tag=s_seed_42 d_hidden=128 num_layers=3 lambda_hsic=0.1 lambda_pred=3.5 lambda_ite=1.0 lambda_cate=2.0 lambda_prob=1.0 lambda_adv=0.5 lambda_sens=0.0 sens_eps_scale=0.0
[Seed] 42
Loading data...
Applying blacklist from data/PANCAN/pancan_leakage_blacklist.csv...
Filtered 513 leaked samples. Current: 8567
Aligning PANCAN features to LUAD feature space...
PANCAN aligned shape: (8567, 25)
PANCAN: (8567, 23), LUAD: (513, 23)
Scaler vars: min=0.030960266788788313, max=214.61184717252607

[Phase 1] Pre-training on PANCAN (200 epochs)...
  Ep 1: Loss 4.1185
  Ep 2: Loss 4.0050
  Ep 3: Loss 3.8549
  Ep 4: Loss 3.6137
  Ep 5: Loss 3.2819
  Ep 6: Loss 2.9544
  Ep 7: Loss 2.7390
  Ep 8: Loss 2.6444
  Ep 9: Loss 2.6052
  Ep 10: Loss 2.5895
  Ep 11: Loss 2.5766
  Ep 12: Loss 2.5572
  Ep 13: Loss 2.5474
  Ep 14: Loss 2.5264
  Ep 15: Loss 2.5088
  Ep 16: Loss 2.4832
  Ep 17: Loss 2.4534
  Ep 18: Loss 2.4297
  Ep 19: Loss 2.4138
  Ep 20: Loss 2.3851
  Ep 21: Loss 2.3617
  Ep 22: Loss 2.3345
  Ep 23: Loss 2.2986
  Ep 24: Loss 2.2804
  Ep 25: Loss 2.2526
  Ep 26: Loss 2.2339
  Ep 27: Loss 2.2086
  Ep 28: Loss 2.1847
  Ep 29: Loss 2.1620
  Ep 30: Loss 2.1437
  Ep 31: Loss 2.1263
  Ep 32: Loss 2.1198
  Ep 33: Loss 2.1036
  Ep 34: Loss 2.0896
  Ep 35: Loss 2.0791
  Ep 36: Loss 2.0646
  Ep 37: Loss 2.0546
  Ep 38: Loss 2.0398
  Ep 39: Loss 2.0260
  Ep 40: Loss 2.0067
  Ep 41: Loss 1.9980
  Ep 42: Loss 1.9842
  Ep 43: Loss 1.9843
  Ep 44: Loss 1.9840
  Ep 45: Loss 1.9816
  Ep 46: Loss 1.9691
  Ep 47: Loss 1.9651
  Ep 48: Loss 1.9589
  Ep 49: Loss 1.9547
  Ep 50: Loss 1.9509
  Ep 51: Loss 1.9399
  Ep 52: Loss 1.9290
  Ep 53: Loss 1.9214
  Ep 54: Loss 1.9200
  Ep 55: Loss 1.9153
  Ep 56: Loss 1.9113
  Ep 57: Loss 1.9125
  Ep 58: Loss 1.9081
  Ep 59: Loss 1.9081
  Ep 60: Loss 1.9025
  Ep 61: Loss 1.8939
  Ep 62: Loss 1.8910
  Ep 63: Loss 1.8782
  Ep 64: Loss 1.8737
  Ep 65: Loss 1.8650
  Ep 66: Loss 1.8543
  Ep 67: Loss 1.8513
  Ep 68: Loss 1.8420
  Ep 69: Loss 1.8330
  Ep 70: Loss 1.8325
  Ep 71: Loss 1.8320
  Ep 72: Loss 1.8338
  Ep 73: Loss 1.8314
  Ep 74: Loss 1.8325
  Ep 75: Loss 1.8368
  Ep 76: Loss 1.8372
  Ep 77: Loss 1.8365
  Ep 78: Loss 1.8396
  Ep 79: Loss 1.8382
  Ep 80: Loss 1.8331
  Ep 81: Loss 1.8328
  Ep 82: Loss 1.8312
  Ep 83: Loss 1.8174
  Ep 84: Loss 1.8161
  Ep 85: Loss 1.8081
  Ep 86: Loss 1.8082
  Ep 87: Loss 1.8129
  Ep 88: Loss 1.8065
  Ep 89: Loss 1.7988
  Ep 90: Loss 1.8023
  Ep 91: Loss 1.7965
  Ep 92: Loss 1.7920
  Ep 93: Loss 1.7979
  Ep 94: Loss 1.7949
  Ep 95: Loss 1.7943
  Ep 96: Loss 1.7974
  Ep 97: Loss 1.7953
  Ep 98: Loss 1.7979
  Ep 99: Loss 1.8020
  Ep 100: Loss 1.8018
  Ep 101: Loss 1.7988
  Ep 102: Loss 1.7909
  Ep 103: Loss 1.7966
  Ep 104: Loss 1.7834
  Ep 105: Loss 1.7763
  Ep 106: Loss 1.7795
  Ep 107: Loss 1.7728
  Ep 108: Loss 1.7767
  Ep 109: Loss 1.7722
  Ep 110: Loss 1.7767
  Ep 111: Loss 1.7734
  Ep 112: Loss 1.7766
  Ep 113: Loss 1.7722
  Ep 114: Loss 1.7789
  Ep 115: Loss 1.7823
  Ep 116: Loss 1.7784
  Ep 117: Loss 1.7850
  Ep 118: Loss 1.7835
  Ep 119: Loss 1.7802
  Ep 120: Loss 1.7779
  Ep 121: Loss 1.7755
  Ep 122: Loss 1.7772
  Ep 123: Loss 1.7803
  Ep 124: Loss 1.7769
  Ep 125: Loss 1.7808
  Ep 126: Loss 1.7847
  Ep 127: Loss 1.7867
  Ep 128: Loss 1.7818
  Ep 129: Loss 1.7812
  Ep 130: Loss 1.7756
  Ep 131: Loss 1.7733
  Ep 132: Loss 1.7706
  Ep 133: Loss 1.7688
  Ep 134: Loss 1.7622
  Ep 135: Loss 1.7646
  Ep 136: Loss 1.7636
  Ep 137: Loss 1.7633
  Ep 138: Loss 1.7623
  Ep 139: Loss 1.7673
  Ep 140: Loss 1.7622
  Ep 141: Loss 1.7689
  Ep 142: Loss 1.7632
  Ep 143: Loss 1.7625
  Ep 144: Loss 1.7648
  Ep 145: Loss 1.7702
  Ep 146: Loss 1.7655
  Ep 147: Loss 1.7664
  Ep 148: Loss 1.7660
  Ep 149: Loss 1.7653
  Ep 150: Loss 1.7649
  Ep 151: Loss 1.7668
  Ep 152: Loss 1.7624
  Ep 153: Loss 1.7588
  Ep 154: Loss 1.7570
  Ep 155: Loss 1.7590
  Ep 156: Loss 1.7602
  Ep 157: Loss 1.7559
  Ep 158: Loss 1.7600
  Ep 159: Loss 1.7582
  Ep 160: Loss 1.7592
  Ep 161: Loss 1.7588
  Ep 162: Loss 1.7577
  Ep 163: Loss 1.7626
  Ep 164: Loss 1.7586
  Ep 165: Loss 1.7630
  Ep 166: Loss 1.7586
  Ep 167: Loss 1.7581
  Ep 168: Loss 1.7554
  Ep 169: Loss 1.7532
  Ep 170: Loss 1.7573
  Ep 171: Loss 1.7522
  Ep 172: Loss 1.7552
  Ep 173: Loss 1.7597
  Ep 174: Loss 1.7547
  Ep 175: Loss 1.7561
  Ep 176: Loss 1.7562
  Ep 177: Loss 1.7661
  Ep 178: Loss 1.7576
  Ep 179: Loss 1.7593
  Ep 180: Loss 1.7605
  Ep 181: Loss 1.7532
  Ep 182: Loss 1.7594
  Ep 183: Loss 1.7532
  Ep 184: Loss 1.7487
  Ep 185: Loss 1.7488
  Ep 186: Loss 1.7489
  Ep 187: Loss 1.7499
  Ep 188: Loss 1.7540
  Ep 189: Loss 1.7490
  Ep 190: Loss 1.7509
  Ep 191: Loss 1.7510
  Ep 192: Loss 1.7505
  Ep 193: Loss 1.7550
  Ep 194: Loss 1.7522
  Ep 195: Loss 1.7514
  Ep 196: Loss 1.7522
  Ep 197: Loss 1.7511
  Ep 198: Loss 1.7506
  Ep 199: Loss 1.7494
  Ep 200: Loss 1.7503

[Phase 2] Fine-tuning on LUAD (100 epochs)...
  Ep 1: Loss 2.1423 | AUC 0.8616 | CATE 0.1048 | PEHE 0.0780 | Sens 0.0006
  Ep 2: Loss 2.2204 | AUC 0.8635 | CATE 0.0949 | PEHE 0.0716 | Sens 0.0006
  Ep 3: Loss 2.0577 | AUC 0.8627 | CATE 0.0861 | PEHE 0.0696 | Sens 0.0006
  Ep 4: Loss 2.3947 | AUC 0.8638 | CATE 0.0782 | PEHE 0.0708 | Sens 0.0006
  Ep 5: Loss 2.2455 | AUC 0.8635 | CATE 0.0739 | PEHE 0.0733 | Sens 0.0005
  Ep 6: Loss 2.2963 | AUC 0.8638 | CATE 0.0712 | PEHE 0.0755 | Sens 0.0005
  Ep 7: Loss 2.0879 | AUC 0.8619 | CATE 0.0697 | PEHE 0.0773 | Sens 0.0005
  Ep 8: Loss 2.1361 | AUC 0.8604 | CATE 0.0686 | PEHE 0.0787 | Sens 0.0005
  Ep 9: Loss 2.1749 | AUC 0.8608 | CATE 0.0680 | PEHE 0.0791 | Sens 0.0005
  Ep 10: Loss 2.0807 | AUC 0.8616 | CATE 0.0685 | PEHE 0.0783 | Sens 0.0005
  Ep 11: Loss 2.1627 | AUC 0.8619 | CATE 0.0674 | PEHE 0.0792 | Sens 0.0005
  Ep 12: Loss 1.9782 | AUC 0.8623 | CATE 0.0664 | PEHE 0.0800 | Sens 0.0005
  Ep 13: Loss 2.3517 | AUC 0.8616 | CATE 0.0643 | PEHE 0.0819 | Sens 0.0005
  Ep 14: Loss 2.1438 | AUC 0.8623 | CATE 0.0629 | PEHE 0.0838 | Sens 0.0005
  Ep 15: Loss 2.2649 | AUC 0.8631 | CATE 0.0609 | PEHE 0.0855 | Sens 0.0005
  Ep 16: Loss 2.2914 | AUC 0.8612 | CATE 0.0580 | PEHE 0.0888 | Sens 0.0005
  Ep 17: Loss 2.1305 | AUC 0.8608 | CATE 0.0563 | PEHE 0.0904 | Sens 0.0005
  Ep 18: Loss 2.0273 | AUC 0.8600 | CATE 0.0550 | PEHE 0.0910 | Sens 0.0005
  Ep 19: Loss 2.1173 | AUC 0.8604 | CATE 0.0523 | PEHE 0.0930 | Sens 0.0004
  Ep 20: Loss 2.1421 | AUC 0.8596 | CATE 0.0519 | PEHE 0.0921 | Sens 0.0004
  Ep 21: Loss 2.3351 | AUC 0.8612 | CATE 0.0532 | PEHE 0.0895 | Sens 0.0004
  Ep 22: Loss 2.1844 | AUC 0.8623 | CATE 0.0550 | PEHE 0.0860 | Sens 0.0005
  Ep 23: Loss 2.1841 | AUC 0.8627 | CATE 0.0562 | PEHE 0.0841 | Sens 0.0005
  Ep 24: Loss 2.1391 | AUC 0.8627 | CATE 0.0574 | PEHE 0.0826 | Sens 0.0005
  Ep 25: Loss 2.2269 | AUC 0.8627 | CATE 0.0572 | PEHE 0.0830 | Sens 0.0005
  Ep 26: Loss 2.1335 | AUC 0.8631 | CATE 0.0574 | PEHE 0.0828 | Sens 0.0005
  Ep 27: Loss 2.3403 | AUC 0.8627 | CATE 0.0569 | PEHE 0.0831 | Sens 0.0005
  Ep 28: Loss 2.2365 | AUC 0.8642 | CATE 0.0574 | PEHE 0.0823 | Sens 0.0005
  Ep 29: Loss 2.0524 | AUC 0.8638 | CATE 0.0591 | PEHE 0.0805 | Sens 0.0005
  Ep 30: Loss 2.2904 | AUC 0.8638 | CATE 0.0598 | PEHE 0.0797 | Sens 0.0005
  Ep 31: Loss 2.2154 | AUC 0.8650 | CATE 0.0614 | PEHE 0.0783 | Sens 0.0005
  Ep 32: Loss 2.1126 | AUC 0.8650 | CATE 0.0627 | PEHE 0.0773 | Sens 0.0005
  Ep 33: Loss 2.1289 | AUC 0.8650 | CATE 0.0638 | PEHE 0.0767 | Sens 0.0005
  Ep 34: Loss 2.1361 | AUC 0.8650 | CATE 0.0655 | PEHE 0.0754 | Sens 0.0005
  Ep 35: Loss 2.0487 | AUC 0.8654 | CATE 0.0667 | PEHE 0.0746 | Sens 0.0005
  Ep 36: Loss 2.2232 | AUC 0.8654 | CATE 0.0673 | PEHE 0.0744 | Sens 0.0005
  Ep 37: Loss 2.1226 | AUC 0.8646 | CATE 0.0684 | PEHE 0.0739 | Sens 0.0005
  Ep 38: Loss 2.0527 | AUC 0.8650 | CATE 0.0680 | PEHE 0.0745 | Sens 0.0005
  Ep 39: Loss 2.0892 | AUC 0.8650 | CATE 0.0678 | PEHE 0.0749 | Sens 0.0005
  Ep 40: Loss 2.1372 | AUC 0.8650 | CATE 0.0674 | PEHE 0.0751 | Sens 0.0005
  Ep 41: Loss 2.1924 | AUC 0.8646 | CATE 0.0672 | PEHE 0.0754 | Sens 0.0005
  Ep 42: Loss 2.2317 | AUC 0.8646 | CATE 0.0663 | PEHE 0.0764 | Sens 0.0005
  Ep 43: Loss 2.1437 | AUC 0.8635 | CATE 0.0655 | PEHE 0.0776 | Sens 0.0004
  Ep 44: Loss 2.0962 | AUC 0.8638 | CATE 0.0649 | PEHE 0.0785 | Sens 0.0004
  Ep 45: Loss 2.1495 | AUC 0.8631 | CATE 0.0649 | PEHE 0.0790 | Sens 0.0004
  Ep 46: Loss 2.0533 | AUC 0.8631 | CATE 0.0653 | PEHE 0.0789 | Sens 0.0004
  Ep 47: Loss 2.0839 | AUC 0.8631 | CATE 0.0656 | PEHE 0.0790 | Sens 0.0004
  Ep 48: Loss 2.1614 | AUC 0.8635 | CATE 0.0664 | PEHE 0.0786 | Sens 0.0004
  Ep 49: Loss 2.1047 | AUC 0.8635 | CATE 0.0669 | PEHE 0.0782 | Sens 0.0004
  Ep 50: Loss 2.0634 | AUC 0.8642 | CATE 0.0676 | PEHE 0.0778 | Sens 0.0004
  Ep 51: Loss 2.1255 | AUC 0.8642 | CATE 0.0682 | PEHE 0.0772 | Sens 0.0004
  Ep 52: Loss 2.1457 | AUC 0.8642 | CATE 0.0678 | PEHE 0.0768 | Sens 0.0004
  Ep 53: Loss 2.0992 | AUC 0.8642 | CATE 0.0687 | PEHE 0.0759 | Sens 0.0004
  Ep 54: Loss 2.1990 | AUC 0.8646 | CATE 0.0688 | PEHE 0.0751 | Sens 0.0004
  Ep 55: Loss 2.1114 | AUC 0.8642 | CATE 0.0688 | PEHE 0.0750 | Sens 0.0004
  Ep 56: Loss 2.0673 | AUC 0.8642 | CATE 0.0694 | PEHE 0.0752 | Sens 0.0004
  Ep 57: Loss 2.2611 | AUC 0.8638 | CATE 0.0694 | PEHE 0.0757 | Sens 0.0004
  Ep 58: Loss 2.0944 | AUC 0.8642 | CATE 0.0690 | PEHE 0.0768 | Sens 0.0004
  Ep 59: Loss 2.1053 | AUC 0.8638 | CATE 0.0689 | PEHE 0.0772 | Sens 0.0004
  Ep 60: Loss 2.0581 | AUC 0.8635 | CATE 0.0692 | PEHE 0.0775 | Sens 0.0004
  Ep 61: Loss 2.2567 | AUC 0.8635 | CATE 0.0690 | PEHE 0.0780 | Sens 0.0004
  Ep 62: Loss 2.2244 | AUC 0.8635 | CATE 0.0687 | PEHE 0.0785 | Sens 0.0004
  Ep 63: Loss 2.0830 | AUC 0.8627 | CATE 0.0685 | PEHE 0.0791 | Sens 0.0004
  Ep 64: Loss 2.1079 | AUC 0.8635 | CATE 0.0697 | PEHE 0.0782 | Sens 0.0004
  Ep 65: Loss 2.2821 | AUC 0.8631 | CATE 0.0707 | PEHE 0.0778 | Sens 0.0004
  Ep 66: Loss 2.2117 | AUC 0.8627 | CATE 0.0712 | PEHE 0.0774 | Sens 0.0004
  Ep 67: Loss 2.1860 | AUC 0.8635 | CATE 0.0716 | PEHE 0.0773 | Sens 0.0004
  Ep 68: Loss 2.2122 | AUC 0.8635 | CATE 0.0722 | PEHE 0.0768 | Sens 0.0004
  Ep 69: Loss 2.1527 | AUC 0.8638 | CATE 0.0729 | PEHE 0.0765 | Sens 0.0004
  Ep 70: Loss 2.1077 | AUC 0.8638 | CATE 0.0731 | PEHE 0.0762 | Sens 0.0004
  Ep 71: Loss 2.0767 | AUC 0.8642 | CATE 0.0730 | PEHE 0.0762 | Sens 0.0004
  Ep 72: Loss 2.1455 | AUC 0.8646 | CATE 0.0725 | PEHE 0.0763 | Sens 0.0004
  Ep 73: Loss 2.1422 | AUC 0.8650 | CATE 0.0719 | PEHE 0.0764 | Sens 0.0004
  Ep 74: Loss 2.1580 | AUC 0.8646 | CATE 0.0715 | PEHE 0.0767 | Sens 0.0004
  Ep 75: Loss 1.9560 | AUC 0.8646 | CATE 0.0717 | PEHE 0.0767 | Sens 0.0004
  Ep 76: Loss 2.0665 | AUC 0.8646 | CATE 0.0721 | PEHE 0.0766 | Sens 0.0004
  Ep 77: Loss 2.1508 | AUC 0.8642 | CATE 0.0738 | PEHE 0.0754 | Sens 0.0004
  Ep 78: Loss 2.1392 | AUC 0.8635 | CATE 0.0748 | PEHE 0.0749 | Sens 0.0004
  Ep 79: Loss 2.1569 | AUC 0.8642 | CATE 0.0747 | PEHE 0.0755 | Sens 0.0004
  Ep 80: Loss 2.1883 | AUC 0.8642 | CATE 0.0739 | PEHE 0.0765 | Sens 0.0004
  Ep 81: Loss 2.1301 | AUC 0.8638 | CATE 0.0737 | PEHE 0.0774 | Sens 0.0004
  Ep 82: Loss 2.0871 | AUC 0.8635 | CATE 0.0730 | PEHE 0.0782 | Sens 0.0004
  Ep 83: Loss 2.2930 | AUC 0.8635 | CATE 0.0731 | PEHE 0.0786 | Sens 0.0004
  Ep 84: Loss 2.0410 | AUC 0.8635 | CATE 0.0729 | PEHE 0.0784 | Sens 0.0004
  Ep 85: Loss 2.1089 | AUC 0.8635 | CATE 0.0726 | PEHE 0.0788 | Sens 0.0004
  Ep 86: Loss 2.1728 | AUC 0.8631 | CATE 0.0716 | PEHE 0.0800 | Sens 0.0004
  Ep 87: Loss 2.0147 | AUC 0.8635 | CATE 0.0718 | PEHE 0.0796 | Sens 0.0004
  Ep 88: Loss 2.1812 | AUC 0.8635 | CATE 0.0718 | PEHE 0.0797 | Sens 0.0004
  Ep 89: Loss 2.2465 | AUC 0.8635 | CATE 0.0715 | PEHE 0.0799 | Sens 0.0004
  Ep 90: Loss 2.0364 | AUC 0.8638 | CATE 0.0728 | PEHE 0.0789 | Sens 0.0004
  Ep 91: Loss 2.1124 | AUC 0.8638 | CATE 0.0728 | PEHE 0.0790 | Sens 0.0004
  Ep 92: Loss 2.1236 | AUC 0.8638 | CATE 0.0738 | PEHE 0.0785 | Sens 0.0004
  Ep 93: Loss 2.1299 | AUC 0.8646 | CATE 0.0744 | PEHE 0.0780 | Sens 0.0004
  Ep 94: Loss 2.0271 | AUC 0.8642 | CATE 0.0744 | PEHE 0.0787 | Sens 0.0004
  Ep 95: Loss 2.1293 | AUC 0.8642 | CATE 0.0751 | PEHE 0.0787 | Sens 0.0004
  Ep 96: Loss 2.1096 | AUC 0.8627 | CATE 0.0744 | PEHE 0.0797 | Sens 0.0004
  Ep 97: Loss 2.0481 | AUC 0.8623 | CATE 0.0740 | PEHE 0.0806 | Sens 0.0004
  Ep 98: Loss 2.1408 | AUC 0.8623 | CATE 0.0746 | PEHE 0.0795 | Sens 0.0004
  Ep 99: Loss 2.1659 | AUC 0.8627 | CATE 0.0746 | PEHE 0.0789 | Sens 0.0004
  Ep 100: Loss 1.9568 | AUC 0.8631 | CATE 0.0741 | PEHE 0.0792 | Sens 0.0004

=== Final SOTA Results ===
{
    "AUC": 0.8615560640732265,
    "ACC": 0.8155339805825242,
    "F1": 0.7912087912087912,
    "PEHE": 0.07795170786858949,
    "Delta_CATE": 0.1047586128115654,
    "Sens_Age": 0.0006413287483155727
}
Report saved to results/final_sota_report_s_seed_42.md
