=== DLC Final SOTA Runs (Phase 3) ===
[Config] tag=p_seed_42 d_hidden=128 num_layers=4 lambda_hsic=0.1 lambda_pred=2.0 lambda_ite=1.0 lambda_cate=2.0 lambda_prob=1.0 lambda_adv=0.5 lambda_sens=0.0 sens_eps_scale=0.0
[Seed] 42
Loading data...
Applying blacklist from data/PANCAN/pancan_leakage_blacklist.csv...
Filtered 513 leaked samples. Current: 8567
Aligning PANCAN features to LUAD feature space...
PANCAN aligned shape: (8567, 25)
PANCAN: (8567, 23), LUAD: (513, 23)
Scaler vars: min=0.030960266788788313, max=214.61184717252607

[Phase 1] Pre-training on PANCAN (130 epochs)...
  Ep 1: Loss 3.1758
  Ep 2: Loss 3.1274
  Ep 3: Loss 3.0554
  Ep 4: Loss 2.8935
  Ep 5: Loss 2.6198
  Ep 6: Loss 2.3472
  Ep 7: Loss 2.2075
  Ep 8: Loss 2.1376
  Ep 9: Loss 2.1111
  Ep 10: Loss 2.0906
  Ep 11: Loss 2.0807
  Ep 12: Loss 2.0598
  Ep 13: Loss 2.0445
  Ep 14: Loss 2.0295
  Ep 15: Loss 2.0073
  Ep 16: Loss 1.9805
  Ep 17: Loss 1.9594
  Ep 18: Loss 1.9433
  Ep 19: Loss 1.9191
  Ep 20: Loss 1.8986
  Ep 21: Loss 1.8816
  Ep 22: Loss 1.8561
  Ep 23: Loss 1.8264
  Ep 24: Loss 1.8031
  Ep 25: Loss 1.7769
  Ep 26: Loss 1.7558
  Ep 27: Loss 1.7289
  Ep 28: Loss 1.7024
  Ep 29: Loss 1.6786
  Ep 30: Loss 1.6545
  Ep 31: Loss 1.6386
  Ep 32: Loss 1.6244
  Ep 33: Loss 1.6124
  Ep 34: Loss 1.5968
  Ep 35: Loss 1.5810
  Ep 36: Loss 1.5723
  Ep 37: Loss 1.5582
  Ep 38: Loss 1.5430
  Ep 39: Loss 1.5288
  Ep 40: Loss 1.5126
  Ep 41: Loss 1.5000
  Ep 42: Loss 1.4907
  Ep 43: Loss 1.4796
  Ep 44: Loss 1.4688
  Ep 45: Loss 1.4596
  Ep 46: Loss 1.4540
  Ep 47: Loss 1.4452
  Ep 48: Loss 1.4393
  Ep 49: Loss 1.4368
  Ep 50: Loss 1.4337
  Ep 51: Loss 1.4265
  Ep 52: Loss 1.4220
  Ep 53: Loss 1.4147
  Ep 54: Loss 1.4111
  Ep 55: Loss 1.3985
  Ep 56: Loss 1.3895
  Ep 57: Loss 1.3822
  Ep 58: Loss 1.3787
  Ep 59: Loss 1.3798
  Ep 60: Loss 1.3793
  Ep 61: Loss 1.3833
  Ep 62: Loss 1.3828
  Ep 63: Loss 1.3779
  Ep 64: Loss 1.3750
  Ep 65: Loss 1.3668
  Ep 66: Loss 1.3593
  Ep 67: Loss 1.3486
  Ep 68: Loss 1.3346
  Ep 69: Loss 1.3271
  Ep 70: Loss 1.3204
  Ep 71: Loss 1.3162
  Ep 72: Loss 1.3191
  Ep 73: Loss 1.3170
  Ep 74: Loss 1.3203
  Ep 75: Loss 1.3236
  Ep 76: Loss 1.3222
  Ep 77: Loss 1.3270
  Ep 78: Loss 1.3217
  Ep 79: Loss 1.3152
  Ep 80: Loss 1.3153
  Ep 81: Loss 1.3169
  Ep 82: Loss 1.3105
  Ep 83: Loss 1.3096
  Ep 84: Loss 1.3025
  Ep 85: Loss 1.3039
  Ep 86: Loss 1.2969
  Ep 87: Loss 1.2929
  Ep 88: Loss 1.2903
  Ep 89: Loss 1.2871
  Ep 90: Loss 1.2873
  Ep 91: Loss 1.2876
  Ep 92: Loss 1.2881
  Ep 93: Loss 1.2872
  Ep 94: Loss 1.2895
  Ep 95: Loss 1.2886
  Ep 96: Loss 1.2868
  Ep 97: Loss 1.2927
  Ep 98: Loss 1.2912
  Ep 99: Loss 1.2898
  Ep 100: Loss 1.2848
  Ep 101: Loss 1.2861
  Ep 102: Loss 1.2840
  Ep 103: Loss 1.2844
  Ep 104: Loss 1.2825
  Ep 105: Loss 1.2829
  Ep 106: Loss 1.2773
  Ep 107: Loss 1.2779
  Ep 108: Loss 1.2741
  Ep 109: Loss 1.2700
  Ep 110: Loss 1.2660
  Ep 111: Loss 1.2661
  Ep 112: Loss 1.2616
  Ep 113: Loss 1.2689
  Ep 114: Loss 1.2644
  Ep 115: Loss 1.2678
  Ep 116: Loss 1.2704
  Ep 117: Loss 1.2733
  Ep 118: Loss 1.2749
  Ep 119: Loss 1.2772
  Ep 120: Loss 1.2809
  Ep 121: Loss 1.2812
  Ep 122: Loss 1.2770
  Ep 123: Loss 1.2732
  Ep 124: Loss 1.2711
  Ep 125: Loss 1.2702
  Ep 126: Loss 1.2668
  Ep 127: Loss 1.2634
  Ep 128: Loss 1.2639
  Ep 129: Loss 1.2615
  Ep 130: Loss 1.2611

[Phase 2] Fine-tuning on LUAD (60 epochs)...
  Ep 1: Loss 1.5349 | AUC 0.8558 | CATE 0.0451 | PEHE 0.0908 | Sens 0.0003
  Ep 2: Loss 1.6020 | AUC 0.8577 | CATE 0.0413 | PEHE 0.0903 | Sens 0.0003
  Ep 3: Loss 1.5885 | AUC 0.8570 | CATE 0.0396 | PEHE 0.0913 | Sens 0.0003
  Ep 4: Loss 1.5185 | AUC 0.8558 | CATE 0.0389 | PEHE 0.0926 | Sens 0.0003
  Ep 5: Loss 1.4766 | AUC 0.8543 | CATE 0.0402 | PEHE 0.0934 | Sens 0.0003
  Ep 6: Loss 1.5368 | AUC 0.8513 | CATE 0.0389 | PEHE 0.0954 | Sens 0.0003
  Ep 7: Loss 1.4704 | AUC 0.8505 | CATE 0.0368 | PEHE 0.0976 | Sens 0.0003
  Ep 8: Loss 1.5177 | AUC 0.8516 | CATE 0.0351 | PEHE 0.0989 | Sens 0.0003
  Ep 9: Loss 1.5151 | AUC 0.8516 | CATE 0.0340 | PEHE 0.0990 | Sens 0.0003
  Ep 10: Loss 1.5121 | AUC 0.8513 | CATE 0.0326 | PEHE 0.0988 | Sens 0.0003
  Ep 11: Loss 1.4741 | AUC 0.8524 | CATE 0.0319 | PEHE 0.0980 | Sens 0.0003
  Ep 12: Loss 1.4980 | AUC 0.8516 | CATE 0.0324 | PEHE 0.0963 | Sens 0.0003
  Ep 13: Loss 1.4706 | AUC 0.8524 | CATE 0.0308 | PEHE 0.0955 | Sens 0.0003
  Ep 14: Loss 1.5448 | AUC 0.8528 | CATE 0.0310 | PEHE 0.0942 | Sens 0.0003
  Ep 15: Loss 1.4813 | AUC 0.8547 | CATE 0.0310 | PEHE 0.0924 | Sens 0.0003
  Ep 16: Loss 1.5313 | AUC 0.8581 | CATE 0.0322 | PEHE 0.0904 | Sens 0.0003
  Ep 17: Loss 1.5818 | AUC 0.8596 | CATE 0.0351 | PEHE 0.0883 | Sens 0.0003
  Ep 18: Loss 1.5018 | AUC 0.8604 | CATE 0.0370 | PEHE 0.0873 | Sens 0.0003
  Ep 19: Loss 1.4927 | AUC 0.8608 | CATE 0.0402 | PEHE 0.0857 | Sens 0.0003
  Ep 20: Loss 1.4903 | AUC 0.8596 | CATE 0.0428 | PEHE 0.0851 | Sens 0.0003
  Ep 21: Loss 1.5076 | AUC 0.8585 | CATE 0.0424 | PEHE 0.0856 | Sens 0.0003
  Ep 22: Loss 1.5532 | AUC 0.8585 | CATE 0.0418 | PEHE 0.0862 | Sens 0.0003
  Ep 23: Loss 1.5175 | AUC 0.8581 | CATE 0.0443 | PEHE 0.0862 | Sens 0.0003
  Ep 24: Loss 1.5886 | AUC 0.8589 | CATE 0.0480 | PEHE 0.0863 | Sens 0.0003
  Ep 25: Loss 1.5171 | AUC 0.8581 | CATE 0.0501 | PEHE 0.0874 | Sens 0.0003
  Ep 26: Loss 1.4426 | AUC 0.8566 | CATE 0.0495 | PEHE 0.0892 | Sens 0.0003
  Ep 27: Loss 1.4817 | AUC 0.8577 | CATE 0.0479 | PEHE 0.0909 | Sens 0.0003
  Ep 28: Loss 1.5470 | AUC 0.8581 | CATE 0.0479 | PEHE 0.0913 | Sens 0.0003
  Ep 29: Loss 1.4915 | AUC 0.8581 | CATE 0.0475 | PEHE 0.0921 | Sens 0.0003
  Ep 30: Loss 1.4669 | AUC 0.8566 | CATE 0.0495 | PEHE 0.0917 | Sens 0.0003
  Ep 31: Loss 1.5050 | AUC 0.8566 | CATE 0.0522 | PEHE 0.0912 | Sens 0.0003
  Ep 32: Loss 1.5286 | AUC 0.8562 | CATE 0.0533 | PEHE 0.0917 | Sens 0.0004
  Ep 33: Loss 1.5401 | AUC 0.8555 | CATE 0.0542 | PEHE 0.0920 | Sens 0.0003
  Ep 34: Loss 1.5453 | AUC 0.8555 | CATE 0.0548 | PEHE 0.0934 | Sens 0.0004
  Ep 35: Loss 1.4694 | AUC 0.8555 | CATE 0.0537 | PEHE 0.0938 | Sens 0.0003
  Ep 36: Loss 1.5501 | AUC 0.8562 | CATE 0.0541 | PEHE 0.0930 | Sens 0.0003
  Ep 37: Loss 1.4886 | AUC 0.8570 | CATE 0.0550 | PEHE 0.0921 | Sens 0.0003
  Ep 38: Loss 1.4999 | AUC 0.8566 | CATE 0.0565 | PEHE 0.0922 | Sens 0.0003
  Ep 39: Loss 1.4989 | AUC 0.8555 | CATE 0.0594 | PEHE 0.0926 | Sens 0.0003
  Ep 40: Loss 1.5260 | AUC 0.8551 | CATE 0.0597 | PEHE 0.0945 | Sens 0.0003
  Ep 41: Loss 1.4766 | AUC 0.8543 | CATE 0.0608 | PEHE 0.0953 | Sens 0.0004
  Ep 42: Loss 1.4348 | AUC 0.8539 | CATE 0.0590 | PEHE 0.0962 | Sens 0.0003
  Ep 43: Loss 1.4303 | AUC 0.8551 | CATE 0.0575 | PEHE 0.0956 | Sens 0.0003
  Ep 44: Loss 1.4727 | AUC 0.8558 | CATE 0.0560 | PEHE 0.0958 | Sens 0.0003
  Ep 45: Loss 1.4718 | AUC 0.8558 | CATE 0.0556 | PEHE 0.0955 | Sens 0.0003
  Ep 46: Loss 1.5160 | AUC 0.8555 | CATE 0.0538 | PEHE 0.0949 | Sens 0.0003
  Ep 47: Loss 1.4816 | AUC 0.8562 | CATE 0.0560 | PEHE 0.0933 | Sens 0.0003
  Ep 48: Loss 1.4159 | AUC 0.8574 | CATE 0.0604 | PEHE 0.0916 | Sens 0.0003
  Ep 49: Loss 1.4708 | AUC 0.8577 | CATE 0.0635 | PEHE 0.0911 | Sens 0.0004
  Ep 50: Loss 1.4453 | AUC 0.8570 | CATE 0.0630 | PEHE 0.0912 | Sens 0.0003
  Ep 51: Loss 1.4405 | AUC 0.8555 | CATE 0.0616 | PEHE 0.0924 | Sens 0.0003
  Ep 52: Loss 1.4976 | AUC 0.8543 | CATE 0.0602 | PEHE 0.0941 | Sens 0.0004
  Ep 53: Loss 1.4805 | AUC 0.8535 | CATE 0.0599 | PEHE 0.0959 | Sens 0.0004
  Ep 54: Loss 1.4310 | AUC 0.8539 | CATE 0.0597 | PEHE 0.0971 | Sens 0.0004
  Ep 55: Loss 1.4262 | AUC 0.8539 | CATE 0.0582 | PEHE 0.0991 | Sens 0.0003
  Ep 56: Loss 1.5555 | AUC 0.8539 | CATE 0.0593 | PEHE 0.0985 | Sens 0.0004
  Ep 57: Loss 1.4805 | AUC 0.8535 | CATE 0.0614 | PEHE 0.0977 | Sens 0.0004
  Ep 58: Loss 1.4769 | AUC 0.8535 | CATE 0.0612 | PEHE 0.0972 | Sens 0.0004
  Ep 59: Loss 1.4388 | AUC 0.8532 | CATE 0.0618 | PEHE 0.0966 | Sens 0.0004
  Ep 60: Loss 1.4452 | AUC 0.8543 | CATE 0.0620 | PEHE 0.0955 | Sens 0.0004

=== Final SOTA Results ===
{
    "AUC": 0.8577421815408085,
    "ACC": 0.7961165048543689,
    "F1": 0.7692307692307693,
    "PEHE": 0.09114179684891541,
    "Delta_CATE": 0.06346800178289413,
    "Sens_Age": 0.0003587790997698903
}
Report saved to results/final_sota_report_p_seed_42.md
