=== DLC Final SOTA Runs (Phase 3) ===
[Config] tag=s_seed_45 d_hidden=128 num_layers=3 lambda_hsic=0.1 lambda_pred=3.5 lambda_ite=1.0 lambda_cate=2.0 lambda_prob=1.0 lambda_adv=0.5 lambda_sens=0.0 sens_eps_scale=0.0
[Seed] 45
Loading data...
Applying blacklist from data/PANCAN/pancan_leakage_blacklist.csv...
Filtered 513 leaked samples. Current: 8567
Aligning PANCAN features to LUAD feature space...
PANCAN aligned shape: (8567, 25)
PANCAN: (8567, 23), LUAD: (513, 23)
Scaler vars: min=0.030960266788788313, max=214.61184717252607

[Phase 1] Pre-training on PANCAN (200 epochs)...
  Ep 1: Loss 4.1185
  Ep 2: Loss 4.0050
  Ep 3: Loss 3.8549
  Ep 4: Loss 3.6137
  Ep 5: Loss 3.2819
  Ep 6: Loss 2.9544
  Ep 7: Loss 2.7390
  Ep 8: Loss 2.6444
  Ep 9: Loss 2.6052
  Ep 10: Loss 2.5895
  Ep 11: Loss 2.5766
  Ep 12: Loss 2.5572
  Ep 13: Loss 2.5474
  Ep 14: Loss 2.5264
  Ep 15: Loss 2.5088
  Ep 16: Loss 2.4832
  Ep 17: Loss 2.4534
  Ep 18: Loss 2.4297
  Ep 19: Loss 2.4138
  Ep 20: Loss 2.3851
  Ep 21: Loss 2.3617
  Ep 22: Loss 2.3345
  Ep 23: Loss 2.2986
  Ep 24: Loss 2.2804
  Ep 25: Loss 2.2526
  Ep 26: Loss 2.2339
  Ep 27: Loss 2.2086
  Ep 28: Loss 2.1847
  Ep 29: Loss 2.1620
  Ep 30: Loss 2.1437
  Ep 31: Loss 2.1263
  Ep 32: Loss 2.1198
  Ep 33: Loss 2.1036
  Ep 34: Loss 2.0896
  Ep 35: Loss 2.0791
  Ep 36: Loss 2.0646
  Ep 37: Loss 2.0546
  Ep 38: Loss 2.0398
  Ep 39: Loss 2.0260
  Ep 40: Loss 2.0067
  Ep 41: Loss 1.9980
  Ep 42: Loss 1.9842
  Ep 43: Loss 1.9843
  Ep 44: Loss 1.9840
  Ep 45: Loss 1.9816
  Ep 46: Loss 1.9691
  Ep 47: Loss 1.9651
  Ep 48: Loss 1.9589
  Ep 49: Loss 1.9547
  Ep 50: Loss 1.9509
  Ep 51: Loss 1.9399
  Ep 52: Loss 1.9290
  Ep 53: Loss 1.9214
  Ep 54: Loss 1.9200
  Ep 55: Loss 1.9153
  Ep 56: Loss 1.9113
  Ep 57: Loss 1.9125
  Ep 58: Loss 1.9081
  Ep 59: Loss 1.9081
  Ep 60: Loss 1.9025
  Ep 61: Loss 1.8939
  Ep 62: Loss 1.8910
  Ep 63: Loss 1.8782
  Ep 64: Loss 1.8737
  Ep 65: Loss 1.8650
  Ep 66: Loss 1.8543
  Ep 67: Loss 1.8513
  Ep 68: Loss 1.8420
  Ep 69: Loss 1.8330
  Ep 70: Loss 1.8325
  Ep 71: Loss 1.8320
  Ep 72: Loss 1.8338
  Ep 73: Loss 1.8314
  Ep 74: Loss 1.8325
  Ep 75: Loss 1.8368
  Ep 76: Loss 1.8372
  Ep 77: Loss 1.8365
  Ep 78: Loss 1.8396
  Ep 79: Loss 1.8382
  Ep 80: Loss 1.8331
  Ep 81: Loss 1.8328
  Ep 82: Loss 1.8312
  Ep 83: Loss 1.8174
  Ep 84: Loss 1.8161
  Ep 85: Loss 1.8081
  Ep 86: Loss 1.8082
  Ep 87: Loss 1.8129
  Ep 88: Loss 1.8065
  Ep 89: Loss 1.7988
  Ep 90: Loss 1.8023
  Ep 91: Loss 1.7965
  Ep 92: Loss 1.7920
  Ep 93: Loss 1.7979
  Ep 94: Loss 1.7949
  Ep 95: Loss 1.7943
  Ep 96: Loss 1.7974
  Ep 97: Loss 1.7953
  Ep 98: Loss 1.7979
  Ep 99: Loss 1.8020
  Ep 100: Loss 1.8018
  Ep 101: Loss 1.7988
  Ep 102: Loss 1.7909
  Ep 103: Loss 1.7966
  Ep 104: Loss 1.7834
  Ep 105: Loss 1.7763
  Ep 106: Loss 1.7795
  Ep 107: Loss 1.7728
  Ep 108: Loss 1.7767
  Ep 109: Loss 1.7722
  Ep 110: Loss 1.7767
  Ep 111: Loss 1.7734
  Ep 112: Loss 1.7766
  Ep 113: Loss 1.7722
  Ep 114: Loss 1.7789
  Ep 115: Loss 1.7823
  Ep 116: Loss 1.7784
  Ep 117: Loss 1.7850
  Ep 118: Loss 1.7835
  Ep 119: Loss 1.7802
  Ep 120: Loss 1.7779
  Ep 121: Loss 1.7755
  Ep 122: Loss 1.7772
  Ep 123: Loss 1.7803
  Ep 124: Loss 1.7769
  Ep 125: Loss 1.7808
  Ep 126: Loss 1.7847
  Ep 127: Loss 1.7867
  Ep 128: Loss 1.7818
  Ep 129: Loss 1.7812
  Ep 130: Loss 1.7756
  Ep 131: Loss 1.7733
  Ep 132: Loss 1.7706
  Ep 133: Loss 1.7688
  Ep 134: Loss 1.7622
  Ep 135: Loss 1.7646
  Ep 136: Loss 1.7636
  Ep 137: Loss 1.7633
  Ep 138: Loss 1.7623
  Ep 139: Loss 1.7673
  Ep 140: Loss 1.7622
  Ep 141: Loss 1.7689
  Ep 142: Loss 1.7632
  Ep 143: Loss 1.7625
  Ep 144: Loss 1.7648
  Ep 145: Loss 1.7702
  Ep 146: Loss 1.7655
  Ep 147: Loss 1.7664
  Ep 148: Loss 1.7660
  Ep 149: Loss 1.7653
  Ep 150: Loss 1.7649
  Ep 151: Loss 1.7668
  Ep 152: Loss 1.7624
  Ep 153: Loss 1.7588
  Ep 154: Loss 1.7570
  Ep 155: Loss 1.7590
  Ep 156: Loss 1.7602
  Ep 157: Loss 1.7559
  Ep 158: Loss 1.7600
  Ep 159: Loss 1.7582
  Ep 160: Loss 1.7592
  Ep 161: Loss 1.7588
  Ep 162: Loss 1.7577
  Ep 163: Loss 1.7626
  Ep 164: Loss 1.7586
  Ep 165: Loss 1.7630
  Ep 166: Loss 1.7586
  Ep 167: Loss 1.7581
  Ep 168: Loss 1.7554
  Ep 169: Loss 1.7532
  Ep 170: Loss 1.7573
  Ep 171: Loss 1.7522
  Ep 172: Loss 1.7552
  Ep 173: Loss 1.7597
  Ep 174: Loss 1.7547
  Ep 175: Loss 1.7561
  Ep 176: Loss 1.7562
  Ep 177: Loss 1.7661
  Ep 178: Loss 1.7576
  Ep 179: Loss 1.7593
  Ep 180: Loss 1.7605
  Ep 181: Loss 1.7532
  Ep 182: Loss 1.7594
  Ep 183: Loss 1.7532
  Ep 184: Loss 1.7487
  Ep 185: Loss 1.7488
  Ep 186: Loss 1.7489
  Ep 187: Loss 1.7499
  Ep 188: Loss 1.7540
  Ep 189: Loss 1.7490
  Ep 190: Loss 1.7509
  Ep 191: Loss 1.7510
  Ep 192: Loss 1.7505
  Ep 193: Loss 1.7550
  Ep 194: Loss 1.7522
  Ep 195: Loss 1.7514
  Ep 196: Loss 1.7522
  Ep 197: Loss 1.7511
  Ep 198: Loss 1.7506
  Ep 199: Loss 1.7494
  Ep 200: Loss 1.7503

[Phase 2] Fine-tuning on LUAD (100 epochs)...
  Ep 1: Loss 2.1099 | AUC 0.8482 | CATE 0.1018 | PEHE 0.0724 | Sens 0.0007
  Ep 2: Loss 2.2991 | AUC 0.8482 | CATE 0.0961 | PEHE 0.0652 | Sens 0.0007
  Ep 3: Loss 2.1058 | AUC 0.8494 | CATE 0.0907 | PEHE 0.0612 | Sens 0.0007
  Ep 4: Loss 2.1731 | AUC 0.8532 | CATE 0.0858 | PEHE 0.0602 | Sens 0.0007
  Ep 5: Loss 2.1468 | AUC 0.8543 | CATE 0.0831 | PEHE 0.0605 | Sens 0.0007
  Ep 6: Loss 2.1891 | AUC 0.8524 | CATE 0.0815 | PEHE 0.0612 | Sens 0.0006
  Ep 7: Loss 2.1343 | AUC 0.8539 | CATE 0.0801 | PEHE 0.0616 | Sens 0.0006
  Ep 8: Loss 2.3193 | AUC 0.8547 | CATE 0.0785 | PEHE 0.0621 | Sens 0.0006
  Ep 9: Loss 2.0680 | AUC 0.8539 | CATE 0.0781 | PEHE 0.0617 | Sens 0.0006
  Ep 10: Loss 2.1296 | AUC 0.8558 | CATE 0.0777 | PEHE 0.0610 | Sens 0.0006
  Ep 11: Loss 2.0840 | AUC 0.8558 | CATE 0.0778 | PEHE 0.0601 | Sens 0.0006
  Ep 12: Loss 2.1253 | AUC 0.8562 | CATE 0.0759 | PEHE 0.0601 | Sens 0.0006
  Ep 13: Loss 1.9956 | AUC 0.8558 | CATE 0.0750 | PEHE 0.0600 | Sens 0.0006
  Ep 14: Loss 2.2471 | AUC 0.8555 | CATE 0.0733 | PEHE 0.0601 | Sens 0.0006
  Ep 15: Loss 2.1424 | AUC 0.8555 | CATE 0.0732 | PEHE 0.0598 | Sens 0.0006
  Ep 16: Loss 2.1326 | AUC 0.8547 | CATE 0.0711 | PEHE 0.0602 | Sens 0.0006
  Ep 17: Loss 2.1377 | AUC 0.8551 | CATE 0.0689 | PEHE 0.0608 | Sens 0.0006
  Ep 18: Loss 2.1114 | AUC 0.8551 | CATE 0.0664 | PEHE 0.0618 | Sens 0.0006
  Ep 19: Loss 2.1507 | AUC 0.8558 | CATE 0.0652 | PEHE 0.0621 | Sens 0.0006
  Ep 20: Loss 2.2694 | AUC 0.8558 | CATE 0.0642 | PEHE 0.0623 | Sens 0.0006
  Ep 21: Loss 2.0708 | AUC 0.8551 | CATE 0.0652 | PEHE 0.0612 | Sens 0.0006
  Ep 22: Loss 2.0741 | AUC 0.8570 | CATE 0.0665 | PEHE 0.0603 | Sens 0.0005
  Ep 23: Loss 2.1252 | AUC 0.8555 | CATE 0.0676 | PEHE 0.0598 | Sens 0.0006
  Ep 24: Loss 2.3143 | AUC 0.8555 | CATE 0.0683 | PEHE 0.0595 | Sens 0.0005
  Ep 25: Loss 2.0816 | AUC 0.8555 | CATE 0.0682 | PEHE 0.0594 | Sens 0.0006
  Ep 26: Loss 2.2026 | AUC 0.8558 | CATE 0.0675 | PEHE 0.0593 | Sens 0.0006
  Ep 27: Loss 2.0672 | AUC 0.8555 | CATE 0.0684 | PEHE 0.0590 | Sens 0.0006
  Ep 28: Loss 2.1397 | AUC 0.8551 | CATE 0.0698 | PEHE 0.0590 | Sens 0.0006
  Ep 29: Loss 2.1881 | AUC 0.8555 | CATE 0.0707 | PEHE 0.0589 | Sens 0.0006
  Ep 30: Loss 2.1233 | AUC 0.8555 | CATE 0.0717 | PEHE 0.0588 | Sens 0.0006
  Ep 31: Loss 2.0938 | AUC 0.8551 | CATE 0.0724 | PEHE 0.0588 | Sens 0.0006
  Ep 32: Loss 2.1559 | AUC 0.8547 | CATE 0.0740 | PEHE 0.0589 | Sens 0.0006
  Ep 33: Loss 2.1909 | AUC 0.8543 | CATE 0.0751 | PEHE 0.0588 | Sens 0.0006
  Ep 34: Loss 2.1455 | AUC 0.8547 | CATE 0.0758 | PEHE 0.0584 | Sens 0.0006
  Ep 35: Loss 2.1006 | AUC 0.8555 | CATE 0.0755 | PEHE 0.0580 | Sens 0.0006
  Ep 36: Loss 2.1602 | AUC 0.8551 | CATE 0.0757 | PEHE 0.0579 | Sens 0.0006
  Ep 37: Loss 2.2123 | AUC 0.8551 | CATE 0.0759 | PEHE 0.0577 | Sens 0.0006
  Ep 38: Loss 2.0462 | AUC 0.8547 | CATE 0.0771 | PEHE 0.0576 | Sens 0.0006
  Ep 39: Loss 2.1178 | AUC 0.8547 | CATE 0.0778 | PEHE 0.0576 | Sens 0.0006
  Ep 40: Loss 2.0445 | AUC 0.8543 | CATE 0.0785 | PEHE 0.0576 | Sens 0.0006
  Ep 41: Loss 2.0769 | AUC 0.8539 | CATE 0.0792 | PEHE 0.0576 | Sens 0.0006
  Ep 42: Loss 2.1738 | AUC 0.8535 | CATE 0.0786 | PEHE 0.0573 | Sens 0.0006
  Ep 43: Loss 2.1593 | AUC 0.8539 | CATE 0.0782 | PEHE 0.0572 | Sens 0.0006
  Ep 44: Loss 2.0448 | AUC 0.8535 | CATE 0.0781 | PEHE 0.0572 | Sens 0.0006
  Ep 45: Loss 2.1675 | AUC 0.8535 | CATE 0.0788 | PEHE 0.0571 | Sens 0.0006
  Ep 46: Loss 2.1717 | AUC 0.8539 | CATE 0.0794 | PEHE 0.0573 | Sens 0.0006
  Ep 47: Loss 2.0801 | AUC 0.8535 | CATE 0.0793 | PEHE 0.0571 | Sens 0.0006
  Ep 48: Loss 2.0733 | AUC 0.8535 | CATE 0.0796 | PEHE 0.0571 | Sens 0.0006
  Ep 49: Loss 2.2449 | AUC 0.8535 | CATE 0.0802 | PEHE 0.0573 | Sens 0.0006
  Ep 50: Loss 2.1529 | AUC 0.8535 | CATE 0.0804 | PEHE 0.0573 | Sens 0.0006
  Ep 51: Loss 2.0765 | AUC 0.8532 | CATE 0.0811 | PEHE 0.0573 | Sens 0.0006
  Ep 52: Loss 2.0967 | AUC 0.8528 | CATE 0.0814 | PEHE 0.0574 | Sens 0.0006
  Ep 53: Loss 2.0888 | AUC 0.8528 | CATE 0.0817 | PEHE 0.0574 | Sens 0.0006
  Ep 54: Loss 2.1116 | AUC 0.8528 | CATE 0.0815 | PEHE 0.0573 | Sens 0.0006
  Ep 55: Loss 2.1514 | AUC 0.8532 | CATE 0.0813 | PEHE 0.0571 | Sens 0.0006
  Ep 56: Loss 2.1635 | AUC 0.8532 | CATE 0.0810 | PEHE 0.0571 | Sens 0.0006
  Ep 57: Loss 2.2185 | AUC 0.8543 | CATE 0.0810 | PEHE 0.0571 | Sens 0.0006
  Ep 58: Loss 2.2417 | AUC 0.8539 | CATE 0.0806 | PEHE 0.0572 | Sens 0.0006
  Ep 59: Loss 2.1085 | AUC 0.8539 | CATE 0.0812 | PEHE 0.0570 | Sens 0.0006
  Ep 60: Loss 2.2366 | AUC 0.8532 | CATE 0.0823 | PEHE 0.0570 | Sens 0.0006
  Ep 61: Loss 2.1699 | AUC 0.8528 | CATE 0.0832 | PEHE 0.0570 | Sens 0.0006
  Ep 62: Loss 2.0687 | AUC 0.8524 | CATE 0.0845 | PEHE 0.0571 | Sens 0.0006
  Ep 63: Loss 2.1482 | AUC 0.8524 | CATE 0.0847 | PEHE 0.0571 | Sens 0.0006
  Ep 64: Loss 2.1085 | AUC 0.8528 | CATE 0.0857 | PEHE 0.0573 | Sens 0.0006
  Ep 65: Loss 2.0296 | AUC 0.8528 | CATE 0.0868 | PEHE 0.0578 | Sens 0.0006
  Ep 66: Loss 2.1077 | AUC 0.8524 | CATE 0.0866 | PEHE 0.0580 | Sens 0.0006
  Ep 67: Loss 2.1694 | AUC 0.8524 | CATE 0.0870 | PEHE 0.0581 | Sens 0.0006
  Ep 68: Loss 2.1722 | AUC 0.8520 | CATE 0.0864 | PEHE 0.0583 | Sens 0.0007
  Ep 69: Loss 2.0991 | AUC 0.8520 | CATE 0.0863 | PEHE 0.0583 | Sens 0.0007
  Ep 70: Loss 2.0688 | AUC 0.8524 | CATE 0.0860 | PEHE 0.0577 | Sens 0.0007
  Ep 71: Loss 2.1100 | AUC 0.8520 | CATE 0.0869 | PEHE 0.0578 | Sens 0.0007
  Ep 72: Loss 2.1405 | AUC 0.8520 | CATE 0.0886 | PEHE 0.0580 | Sens 0.0007
  Ep 73: Loss 2.2431 | AUC 0.8524 | CATE 0.0895 | PEHE 0.0578 | Sens 0.0007
  Ep 74: Loss 2.1467 | AUC 0.8528 | CATE 0.0899 | PEHE 0.0577 | Sens 0.0007
  Ep 75: Loss 2.1800 | AUC 0.8528 | CATE 0.0897 | PEHE 0.0574 | Sens 0.0007
  Ep 76: Loss 2.1347 | AUC 0.8528 | CATE 0.0887 | PEHE 0.0571 | Sens 0.0007
  Ep 77: Loss 2.1047 | AUC 0.8528 | CATE 0.0884 | PEHE 0.0570 | Sens 0.0007
  Ep 78: Loss 2.0672 | AUC 0.8528 | CATE 0.0875 | PEHE 0.0569 | Sens 0.0007
  Ep 79: Loss 2.2441 | AUC 0.8528 | CATE 0.0877 | PEHE 0.0569 | Sens 0.0007
  Ep 80: Loss 2.1559 | AUC 0.8520 | CATE 0.0882 | PEHE 0.0571 | Sens 0.0007
  Ep 81: Loss 2.1534 | AUC 0.8528 | CATE 0.0892 | PEHE 0.0573 | Sens 0.0007
  Ep 82: Loss 2.1076 | AUC 0.8524 | CATE 0.0893 | PEHE 0.0574 | Sens 0.0007
  Ep 83: Loss 2.0622 | AUC 0.8520 | CATE 0.0903 | PEHE 0.0578 | Sens 0.0007
  Ep 84: Loss 2.1015 | AUC 0.8520 | CATE 0.0902 | PEHE 0.0579 | Sens 0.0007
  Ep 85: Loss 2.0416 | AUC 0.8520 | CATE 0.0900 | PEHE 0.0580 | Sens 0.0007
  Ep 86: Loss 2.1951 | AUC 0.8520 | CATE 0.0893 | PEHE 0.0578 | Sens 0.0007
  Ep 87: Loss 2.2524 | AUC 0.8524 | CATE 0.0885 | PEHE 0.0577 | Sens 0.0007
  Ep 88: Loss 2.1447 | AUC 0.8516 | CATE 0.0884 | PEHE 0.0576 | Sens 0.0007
  Ep 89: Loss 2.1131 | AUC 0.8513 | CATE 0.0885 | PEHE 0.0576 | Sens 0.0007
  Ep 90: Loss 2.1360 | AUC 0.8513 | CATE 0.0887 | PEHE 0.0574 | Sens 0.0007
  Ep 91: Loss 2.1109 | AUC 0.8509 | CATE 0.0885 | PEHE 0.0574 | Sens 0.0007
  Ep 92: Loss 2.1508 | AUC 0.8509 | CATE 0.0877 | PEHE 0.0574 | Sens 0.0007
  Ep 93: Loss 2.1277 | AUC 0.8505 | CATE 0.0892 | PEHE 0.0575 | Sens 0.0007
  Ep 94: Loss 2.1095 | AUC 0.8509 | CATE 0.0899 | PEHE 0.0577 | Sens 0.0007
  Ep 95: Loss 2.1326 | AUC 0.8513 | CATE 0.0911 | PEHE 0.0579 | Sens 0.0007
  Ep 96: Loss 2.0804 | AUC 0.8509 | CATE 0.0913 | PEHE 0.0579 | Sens 0.0007
  Ep 97: Loss 2.2276 | AUC 0.8509 | CATE 0.0911 | PEHE 0.0578 | Sens 0.0007
  Ep 98: Loss 2.0536 | AUC 0.8509 | CATE 0.0914 | PEHE 0.0579 | Sens 0.0007
  Ep 99: Loss 2.0816 | AUC 0.8505 | CATE 0.0915 | PEHE 0.0580 | Sens 0.0007
  Ep 100: Loss 2.0093 | AUC 0.8509 | CATE 0.0916 | PEHE 0.0582 | Sens 0.0007

=== Final SOTA Results ===
{
    "AUC": 0.8482074752097636,
    "ACC": 0.7864077669902912,
    "F1": 0.7608695652173914,
    "PEHE": 0.07235216563301536,
    "Delta_CATE": 0.10175437480211258,
    "Sens_Age": 0.0007342252065427601
}
Report saved to results/final_sota_report_s_seed_45.md
