=== DLC Final SOTA Runs (Phase 3) ===
[Config] tag=p_seed_45 d_hidden=128 num_layers=4 lambda_hsic=0.1 lambda_pred=2.0 lambda_ite=1.0 lambda_cate=2.0 lambda_prob=1.0 lambda_adv=0.5 lambda_sens=0.0 sens_eps_scale=0.0
[Seed] 45
Loading data...
Applying blacklist from data/PANCAN/pancan_leakage_blacklist.csv...
Filtered 513 leaked samples. Current: 8567
Aligning PANCAN features to LUAD feature space...
PANCAN aligned shape: (8567, 25)
PANCAN: (8567, 23), LUAD: (513, 23)
Scaler vars: min=0.030960266788788313, max=214.61184717252607

[Phase 1] Pre-training on PANCAN (130 epochs)...
  Ep 1: Loss 3.1758
  Ep 2: Loss 3.1274
  Ep 3: Loss 3.0554
  Ep 4: Loss 2.8935
  Ep 5: Loss 2.6198
  Ep 6: Loss 2.3472
  Ep 7: Loss 2.2075
  Ep 8: Loss 2.1376
  Ep 9: Loss 2.1111
  Ep 10: Loss 2.0906
  Ep 11: Loss 2.0807
  Ep 12: Loss 2.0598
  Ep 13: Loss 2.0445
  Ep 14: Loss 2.0295
  Ep 15: Loss 2.0073
  Ep 16: Loss 1.9805
  Ep 17: Loss 1.9594
  Ep 18: Loss 1.9433
  Ep 19: Loss 1.9191
  Ep 20: Loss 1.8986
  Ep 21: Loss 1.8816
  Ep 22: Loss 1.8561
  Ep 23: Loss 1.8264
  Ep 24: Loss 1.8031
  Ep 25: Loss 1.7769
  Ep 26: Loss 1.7558
  Ep 27: Loss 1.7289
  Ep 28: Loss 1.7024
  Ep 29: Loss 1.6786
  Ep 30: Loss 1.6545
  Ep 31: Loss 1.6386
  Ep 32: Loss 1.6244
  Ep 33: Loss 1.6124
  Ep 34: Loss 1.5968
  Ep 35: Loss 1.5810
  Ep 36: Loss 1.5723
  Ep 37: Loss 1.5582
  Ep 38: Loss 1.5430
  Ep 39: Loss 1.5288
  Ep 40: Loss 1.5126
  Ep 41: Loss 1.5000
  Ep 42: Loss 1.4907
  Ep 43: Loss 1.4796
  Ep 44: Loss 1.4688
  Ep 45: Loss 1.4596
  Ep 46: Loss 1.4540
  Ep 47: Loss 1.4452
  Ep 48: Loss 1.4393
  Ep 49: Loss 1.4368
  Ep 50: Loss 1.4337
  Ep 51: Loss 1.4265
  Ep 52: Loss 1.4220
  Ep 53: Loss 1.4147
  Ep 54: Loss 1.4111
  Ep 55: Loss 1.3985
  Ep 56: Loss 1.3895
  Ep 57: Loss 1.3822
  Ep 58: Loss 1.3787
  Ep 59: Loss 1.3798
  Ep 60: Loss 1.3793
  Ep 61: Loss 1.3833
  Ep 62: Loss 1.3828
  Ep 63: Loss 1.3779
  Ep 64: Loss 1.3750
  Ep 65: Loss 1.3668
  Ep 66: Loss 1.3593
  Ep 67: Loss 1.3486
  Ep 68: Loss 1.3346
  Ep 69: Loss 1.3271
  Ep 70: Loss 1.3204
  Ep 71: Loss 1.3162
  Ep 72: Loss 1.3191
  Ep 73: Loss 1.3170
  Ep 74: Loss 1.3203
  Ep 75: Loss 1.3236
  Ep 76: Loss 1.3222
  Ep 77: Loss 1.3270
  Ep 78: Loss 1.3217
  Ep 79: Loss 1.3152
  Ep 80: Loss 1.3153
  Ep 81: Loss 1.3169
  Ep 82: Loss 1.3105
  Ep 83: Loss 1.3096
  Ep 84: Loss 1.3025
  Ep 85: Loss 1.3039
  Ep 86: Loss 1.2969
  Ep 87: Loss 1.2929
  Ep 88: Loss 1.2903
  Ep 89: Loss 1.2871
  Ep 90: Loss 1.2873
  Ep 91: Loss 1.2876
  Ep 92: Loss 1.2881
  Ep 93: Loss 1.2872
  Ep 94: Loss 1.2895
  Ep 95: Loss 1.2886
  Ep 96: Loss 1.2868
  Ep 97: Loss 1.2927
  Ep 98: Loss 1.2912
  Ep 99: Loss 1.2898
  Ep 100: Loss 1.2848
  Ep 101: Loss 1.2861
  Ep 102: Loss 1.2840
  Ep 103: Loss 1.2844
  Ep 104: Loss 1.2825
  Ep 105: Loss 1.2829
  Ep 106: Loss 1.2773
  Ep 107: Loss 1.2779
  Ep 108: Loss 1.2741
  Ep 109: Loss 1.2700
  Ep 110: Loss 1.2660
  Ep 111: Loss 1.2661
  Ep 112: Loss 1.2616
  Ep 113: Loss 1.2689
  Ep 114: Loss 1.2644
  Ep 115: Loss 1.2678
  Ep 116: Loss 1.2704
  Ep 117: Loss 1.2733
  Ep 118: Loss 1.2749
  Ep 119: Loss 1.2772
  Ep 120: Loss 1.2809
  Ep 121: Loss 1.2812
  Ep 122: Loss 1.2770
  Ep 123: Loss 1.2732
  Ep 124: Loss 1.2711
  Ep 125: Loss 1.2702
  Ep 126: Loss 1.2668
  Ep 127: Loss 1.2634
  Ep 128: Loss 1.2639
  Ep 129: Loss 1.2615
  Ep 130: Loss 1.2611

[Phase 2] Fine-tuning on LUAD (60 epochs)...
  Ep 1: Loss 1.5003 | AUC 0.8494 | CATE 0.0604 | PEHE 0.0868 | Sens 0.0003
  Ep 2: Loss 1.5060 | AUC 0.8524 | CATE 0.0556 | PEHE 0.0852 | Sens 0.0003
  Ep 3: Loss 1.5597 | AUC 0.8547 | CATE 0.0529 | PEHE 0.0846 | Sens 0.0003
  Ep 4: Loss 1.5426 | AUC 0.8555 | CATE 0.0511 | PEHE 0.0844 | Sens 0.0003
  Ep 5: Loss 1.4523 | AUC 0.8558 | CATE 0.0525 | PEHE 0.0834 | Sens 0.0003
  Ep 6: Loss 1.6303 | AUC 0.8558 | CATE 0.0530 | PEHE 0.0821 | Sens 0.0003
  Ep 7: Loss 1.5593 | AUC 0.8566 | CATE 0.0519 | PEHE 0.0812 | Sens 0.0003
  Ep 8: Loss 1.5628 | AUC 0.8581 | CATE 0.0507 | PEHE 0.0807 | Sens 0.0003
  Ep 9: Loss 1.6154 | AUC 0.8577 | CATE 0.0490 | PEHE 0.0800 | Sens 0.0003
  Ep 10: Loss 1.5149 | AUC 0.8589 | CATE 0.0480 | PEHE 0.0795 | Sens 0.0003
  Ep 11: Loss 1.4587 | AUC 0.8593 | CATE 0.0449 | PEHE 0.0798 | Sens 0.0003
  Ep 12: Loss 1.5363 | AUC 0.8589 | CATE 0.0431 | PEHE 0.0799 | Sens 0.0003
  Ep 13: Loss 1.5137 | AUC 0.8596 | CATE 0.0438 | PEHE 0.0791 | Sens 0.0003
  Ep 14: Loss 1.4677 | AUC 0.8593 | CATE 0.0424 | PEHE 0.0791 | Sens 0.0003
  Ep 15: Loss 1.4466 | AUC 0.8589 | CATE 0.0408 | PEHE 0.0795 | Sens 0.0003
  Ep 16: Loss 1.4918 | AUC 0.8600 | CATE 0.0404 | PEHE 0.0793 | Sens 0.0003
  Ep 17: Loss 1.6548 | AUC 0.8596 | CATE 0.0426 | PEHE 0.0779 | Sens 0.0003
  Ep 18: Loss 1.5203 | AUC 0.8600 | CATE 0.0444 | PEHE 0.0775 | Sens 0.0003
  Ep 19: Loss 1.4749 | AUC 0.8585 | CATE 0.0463 | PEHE 0.0771 | Sens 0.0003
  Ep 20: Loss 1.5644 | AUC 0.8577 | CATE 0.0487 | PEHE 0.0768 | Sens 0.0003
  Ep 21: Loss 1.5212 | AUC 0.8566 | CATE 0.0506 | PEHE 0.0766 | Sens 0.0003
  Ep 22: Loss 1.5013 | AUC 0.8562 | CATE 0.0511 | PEHE 0.0767 | Sens 0.0003
  Ep 23: Loss 1.5562 | AUC 0.8558 | CATE 0.0520 | PEHE 0.0768 | Sens 0.0003
  Ep 24: Loss 1.4681 | AUC 0.8562 | CATE 0.0510 | PEHE 0.0773 | Sens 0.0003
  Ep 25: Loss 1.5459 | AUC 0.8558 | CATE 0.0524 | PEHE 0.0773 | Sens 0.0003
  Ep 26: Loss 1.5264 | AUC 0.8551 | CATE 0.0546 | PEHE 0.0775 | Sens 0.0003
  Ep 27: Loss 1.5317 | AUC 0.8547 | CATE 0.0569 | PEHE 0.0779 | Sens 0.0003
  Ep 28: Loss 1.6350 | AUC 0.8535 | CATE 0.0573 | PEHE 0.0790 | Sens 0.0003
  Ep 29: Loss 1.5410 | AUC 0.8528 | CATE 0.0585 | PEHE 0.0798 | Sens 0.0003
  Ep 30: Loss 1.4984 | AUC 0.8528 | CATE 0.0593 | PEHE 0.0795 | Sens 0.0003
  Ep 31: Loss 1.5997 | AUC 0.8547 | CATE 0.0597 | PEHE 0.0789 | Sens 0.0003
  Ep 32: Loss 1.5618 | AUC 0.8551 | CATE 0.0606 | PEHE 0.0784 | Sens 0.0003
  Ep 33: Loss 1.4590 | AUC 0.8539 | CATE 0.0627 | PEHE 0.0785 | Sens 0.0003
  Ep 34: Loss 1.5640 | AUC 0.8539 | CATE 0.0641 | PEHE 0.0788 | Sens 0.0003
  Ep 35: Loss 1.5496 | AUC 0.8547 | CATE 0.0646 | PEHE 0.0791 | Sens 0.0003
  Ep 36: Loss 1.4688 | AUC 0.8543 | CATE 0.0657 | PEHE 0.0794 | Sens 0.0003
  Ep 37: Loss 1.5449 | AUC 0.8543 | CATE 0.0658 | PEHE 0.0796 | Sens 0.0003
  Ep 38: Loss 1.5723 | AUC 0.8547 | CATE 0.0657 | PEHE 0.0799 | Sens 0.0003
  Ep 39: Loss 1.4848 | AUC 0.8543 | CATE 0.0651 | PEHE 0.0802 | Sens 0.0003
  Ep 40: Loss 1.5750 | AUC 0.8547 | CATE 0.0652 | PEHE 0.0801 | Sens 0.0003
  Ep 41: Loss 1.4875 | AUC 0.8547 | CATE 0.0661 | PEHE 0.0803 | Sens 0.0003
  Ep 42: Loss 1.5040 | AUC 0.8539 | CATE 0.0668 | PEHE 0.0805 | Sens 0.0003
  Ep 43: Loss 1.5063 | AUC 0.8535 | CATE 0.0703 | PEHE 0.0803 | Sens 0.0003
  Ep 44: Loss 1.5029 | AUC 0.8539 | CATE 0.0704 | PEHE 0.0804 | Sens 0.0003
  Ep 45: Loss 1.5547 | AUC 0.8535 | CATE 0.0719 | PEHE 0.0805 | Sens 0.0003
  Ep 46: Loss 1.5473 | AUC 0.8535 | CATE 0.0707 | PEHE 0.0809 | Sens 0.0003
  Ep 47: Loss 1.5065 | AUC 0.8539 | CATE 0.0700 | PEHE 0.0813 | Sens 0.0003
  Ep 48: Loss 1.4981 | AUC 0.8539 | CATE 0.0694 | PEHE 0.0817 | Sens 0.0003
  Ep 49: Loss 1.4390 | AUC 0.8539 | CATE 0.0689 | PEHE 0.0821 | Sens 0.0003
  Ep 50: Loss 1.4788 | AUC 0.8535 | CATE 0.0701 | PEHE 0.0822 | Sens 0.0003
  Ep 51: Loss 1.5079 | AUC 0.8532 | CATE 0.0719 | PEHE 0.0823 | Sens 0.0003
  Ep 52: Loss 1.4868 | AUC 0.8528 | CATE 0.0723 | PEHE 0.0825 | Sens 0.0003
  Ep 53: Loss 1.4550 | AUC 0.8528 | CATE 0.0728 | PEHE 0.0827 | Sens 0.0003
  Ep 54: Loss 1.4740 | AUC 0.8535 | CATE 0.0740 | PEHE 0.0830 | Sens 0.0003
  Ep 55: Loss 1.4658 | AUC 0.8532 | CATE 0.0742 | PEHE 0.0833 | Sens 0.0003
  Ep 56: Loss 1.4840 | AUC 0.8535 | CATE 0.0743 | PEHE 0.0839 | Sens 0.0003
  Ep 57: Loss 1.4636 | AUC 0.8539 | CATE 0.0749 | PEHE 0.0842 | Sens 0.0003
  Ep 58: Loss 1.4996 | AUC 0.8539 | CATE 0.0744 | PEHE 0.0843 | Sens 0.0003
  Ep 59: Loss 1.5610 | AUC 0.8524 | CATE 0.0750 | PEHE 0.0842 | Sens 0.0003
  Ep 60: Loss 1.4642 | AUC 0.8528 | CATE 0.0756 | PEHE 0.0843 | Sens 0.0003

=== Final SOTA Results ===
{
    "AUC": 0.8527841342486652,
    "ACC": 0.7864077669902912,
    "F1": 0.7555555555555555,
    "PEHE": 0.08432745852262699,
    "Delta_CATE": 0.075606569647789,
    "Sens_Age": 0.00032314180862158537
}
Report saved to results/final_sota_report_p_seed_45.md
