=== DLC Final SOTA Runs (Phase 3) ===
Loading data...
Applying blacklist from data/PANCAN/pancan_leakage_blacklist.csv...
Filtered 513 leaked samples. Current: 8567
Aligning PANCAN features to LUAD feature space...
PANCAN aligned shape: (8567, 25)
PANCAN: (8567, 23), LUAD: (513, 23)
Scaler vars: min=0.030960266788788313, max=214.61184717252607

[Phase 1] Pre-training on PANCAN (100 epochs)...
  Ep 10: Loss 1.4789
  Ep 20: Loss 1.4288
  Ep 30: Loss 1.4233
  Ep 40: Loss 1.4117
  Ep 50: Loss 1.4121
  Ep 60: Loss 1.4028
  Ep 70: Loss 1.3926
  Ep 80: Loss 1.3804
  Ep 90: Loss 1.3683
  Ep 100: Loss 1.3405

[Phase 2] Fine-tuning on LUAD (50 epochs)...
  Ep 5: Loss 1.6919 | AUC 0.8619 | CATE 0.1095 | PEHE 0.0594 | Sens 0.0036
  Ep 10: Loss 1.6357 | AUC 0.8558 | CATE 0.0812 | PEHE 0.0704 | Sens 0.0030
  Ep 15: Loss 1.6149 | AUC 0.8482 | CATE 0.1031 | PEHE 0.0577 | Sens 0.0034
  Ep 20: Loss 1.5924 | AUC 0.8520 | CATE 0.1118 | PEHE 0.0622 | Sens 0.0040
  Ep 25: Loss 1.5497 | AUC 0.8459 | CATE 0.1241 | PEHE 0.0593 | Sens 0.0037
  Ep 30: Loss 1.5314 | AUC 0.8444 | CATE 0.1303 | PEHE 0.0632 | Sens 0.0036
  Ep 35: Loss 1.4974 | AUC 0.8364 | CATE 0.1340 | PEHE 0.0675 | Sens 0.0038
  Ep 40: Loss 1.4910 | AUC 0.8307 | CATE 0.1370 | PEHE 0.0746 | Sens 0.0049
  Ep 45: Loss 1.4539 | AUC 0.8333 | CATE 0.1467 | PEHE 0.0734 | Sens 0.0050
  Ep 50: Loss 1.4411 | AUC 0.8249 | CATE 0.1452 | PEHE 0.0755 | Sens 0.0062

=== Final SOTA Results ===
{
    "AUC": 0.8787185354691076,
    "ACC": 0.8058252427184466,
    "F1": 0.7674418604651163,
    "PEHE": 0.03850419941543029,
    "Delta_CATE": 0.14169220626354218,
    "Sens_Age": 0.004048930946737528
}
Report saved to results/final_sota_report.md

