Script started...

[Seed 42] Loading data...
Training Full DLC (SOTA) from scratch (Seed 42)
[Full DLC (SOTA)] Epoch 5/130 | loss_total=3.3924 recon=0.0542 hsic=0.0204 pred=0.3478
[Full DLC (SOTA)] Epoch 10/130 | loss_total=3.3388 recon=0.0231 hsic=0.0197 pred=0.3462
[Full DLC (SOTA)] Epoch 15/130 | loss_total=3.2640 recon=0.0165 hsic=0.0195 pred=0.3395
[Full DLC (SOTA)] Epoch 20/130 | loss_total=3.2272 recon=0.0160 hsic=0.0193 pred=0.3352
[Full DLC (SOTA)] Epoch 25/130 | loss_total=3.1566 recon=0.0127 hsic=0.0195 pred=0.3251
[Full DLC (SOTA)] Epoch 30/130 | loss_total=3.1597 recon=0.0117 hsic=0.0195 pred=0.3215
[Full DLC (SOTA)] Epoch 35/130 | loss_total=3.1101 recon=0.0111 hsic=0.0194 pred=0.3143
[Full DLC (SOTA)] Epoch 40/130 | loss_total=3.1097 recon=0.0107 hsic=0.0195 pred=0.3117
[Full DLC (SOTA)] Epoch 45/130 | loss_total=3.0717 recon=0.0095 hsic=0.0196 pred=0.3052
[Full DLC (SOTA)] Epoch 50/130 | loss_total=3.0591 recon=0.0093 hsic=0.0195 pred=0.3019
[Full DLC (SOTA)] Epoch 55/130 | loss_total=3.0394 recon=0.0092 hsic=0.0195 pred=0.2996
[Full DLC (SOTA)] Epoch 60/130 | loss_total=3.0016 recon=0.0091 hsic=0.0192 pred=0.2960
[Full DLC (SOTA)] Epoch 65/130 | loss_total=2.9745 recon=0.0084 hsic=0.0192 pred=0.2932
[Full DLC (SOTA)] Epoch 70/130 | loss_total=2.9622 recon=0.0084 hsic=0.0190 pred=0.2920
[Full DLC (SOTA)] Epoch 75/130 | loss_total=2.9376 recon=0.0084 hsic=0.0191 pred=0.2894
[Full DLC (SOTA)] Epoch 80/130 | loss_total=2.9244 recon=0.0083 hsic=0.0189 pred=0.2882
[Full DLC (SOTA)] Epoch 85/130 | loss_total=2.8901 recon=0.0080 hsic=0.0189 pred=0.2849
[Full DLC (SOTA)] Epoch 90/130 | loss_total=2.8849 recon=0.0079 hsic=0.0191 pred=0.2845
[Full DLC (SOTA)] Epoch 95/130 | loss_total=2.8916 recon=0.0079 hsic=0.0190 pred=0.2845
[Full DLC (SOTA)] Epoch 100/130 | loss_total=2.8754 recon=0.0079 hsic=0.0188 pred=0.2832
[Full DLC (SOTA)] Epoch 105/130 | loss_total=2.8713 recon=0.0077 hsic=0.0190 pred=0.2828
[Full DLC (SOTA)] Epoch 110/130 | loss_total=2.8428 recon=0.0077 hsic=0.0188 pred=0.2801
[Full DLC (SOTA)] Epoch 115/130 | loss_total=2.8528 recon=0.0077 hsic=0.0189 pred=0.2806
[Full DLC (SOTA)] Epoch 120/130 | loss_total=2.8402 recon=0.0077 hsic=0.0189 pred=0.2798
[Full DLC (SOTA)] Epoch 125/130 | loss_total=2.8438 recon=0.0076 hsic=0.0189 pred=0.2795
[Full DLC (SOTA)] Epoch 130/130 | loss_total=2.8314 recon=0.0076 hsic=0.0189 pred=0.2789

[Seed 43] Loading data...
Training Full DLC (SOTA) from scratch (Seed 43)
[Full DLC (SOTA)] Epoch 5/130 | loss_total=3.3933 recon=0.0633 hsic=0.0203 pred=0.3472
[Full DLC (SOTA)] Epoch 10/130 | loss_total=3.3278 recon=0.0246 hsic=0.0195 pred=0.3451
[Full DLC (SOTA)] Epoch 15/130 | loss_total=3.2665 recon=0.0186 hsic=0.0192 pred=0.3393
[Full DLC (SOTA)] Epoch 20/130 | loss_total=3.2106 recon=0.0163 hsic=0.0192 pred=0.3334
[Full DLC (SOTA)] Epoch 25/130 | loss_total=3.1374 recon=0.0133 hsic=0.0195 pred=0.3231
[Full DLC (SOTA)] Epoch 30/130 | loss_total=3.1340 recon=0.0126 hsic=0.0196 pred=0.3194
[Full DLC (SOTA)] Epoch 35/130 | loss_total=3.0812 recon=0.0117 hsic=0.0195 pred=0.3116
[Full DLC (SOTA)] Epoch 40/130 | loss_total=3.0741 recon=0.0113 hsic=0.0196 pred=0.3083
[Full DLC (SOTA)] Epoch 45/130 | loss_total=3.0343 recon=0.0099 hsic=0.0195 pred=0.3017
[Full DLC (SOTA)] Epoch 50/130 | loss_total=3.0293 recon=0.0098 hsic=0.0195 pred=0.2985
[Full DLC (SOTA)] Epoch 55/130 | loss_total=2.9926 recon=0.0095 hsic=0.0196 pred=0.2951
[Full DLC (SOTA)] Epoch 60/130 | loss_total=2.9643 recon=0.0093 hsic=0.0194 pred=0.2922
[Full DLC (SOTA)] Epoch 65/130 | loss_total=2.9408 recon=0.0088 hsic=0.0194 pred=0.2898
[Full DLC (SOTA)] Epoch 70/130 | loss_total=2.9242 recon=0.0088 hsic=0.0193 pred=0.2883
[Full DLC (SOTA)] Epoch 75/130 | loss_total=2.9008 recon=0.0087 hsic=0.0194 pred=0.2859
[Full DLC (SOTA)] Epoch 80/130 | loss_total=2.8937 recon=0.0086 hsic=0.0193 pred=0.2850
[Full DLC (SOTA)] Epoch 85/130 | loss_total=2.8633 recon=0.0083 hsic=0.0193 pred=0.2820
[Full DLC (SOTA)] Epoch 90/130 | loss_total=2.8627 recon=0.0083 hsic=0.0195 pred=0.2820
[Full DLC (SOTA)] Epoch 95/130 | loss_total=2.8579 recon=0.0082 hsic=0.0194 pred=0.2813
[Full DLC (SOTA)] Epoch 100/130 | loss_total=2.8510 recon=0.0082 hsic=0.0192 pred=0.2807
[Full DLC (SOTA)] Epoch 105/130 | loss_total=2.8463 recon=0.0080 hsic=0.0194 pred=0.2803
[Full DLC (SOTA)] Epoch 110/130 | loss_total=2.8204 recon=0.0080 hsic=0.0193 pred=0.2776
[Full DLC (SOTA)] Epoch 115/130 | loss_total=2.8276 recon=0.0080 hsic=0.0193 pred=0.2782
[Full DLC (SOTA)] Epoch 120/130 | loss_total=2.8157 recon=0.0079 hsic=0.0194 pred=0.2770
[Full DLC (SOTA)] Epoch 125/130 | loss_total=2.8205 recon=0.0079 hsic=0.0193 pred=0.2770
[Full DLC (SOTA)] Epoch 130/130 | loss_total=2.8029 recon=0.0078 hsic=0.0193 pred=0.2759

[Seed 44] Loading data...
Training Full DLC (SOTA) from scratch (Seed 44)
[Full DLC (SOTA)] Epoch 5/130 | loss_total=3.3884 recon=0.0538 hsic=0.0205 pred=0.3474
[Full DLC (SOTA)] Epoch 10/130 | loss_total=3.3251 recon=0.0233 hsic=0.0200 pred=0.3449
[Full DLC (SOTA)] Epoch 15/130 | loss_total=3.2734 recon=0.0184 hsic=0.0197 pred=0.3402
[Full DLC (SOTA)] Epoch 20/130 | loss_total=3.2327 recon=0.0170 hsic=0.0194 pred=0.3358
[Full DLC (SOTA)] Epoch 25/130 | loss_total=3.1620 recon=0.0137 hsic=0.0197 pred=0.3257
[Full DLC (SOTA)] Epoch 30/130 | loss_total=3.1567 recon=0.0131 hsic=0.0198 pred=0.3212
[Full DLC (SOTA)] Epoch 35/130 | loss_total=3.1189 recon=0.0126 hsic=0.0198 pred=0.3148
[Full DLC (SOTA)] Epoch 40/130 | loss_total=3.1250 recon=0.0120 hsic=0.0202 pred=0.3130
[Full DLC (SOTA)] Epoch 45/130 | loss_total=3.0779 recon=0.0107 hsic=0.0202 pred=0.3054
[Full DLC (SOTA)] Epoch 50/130 | loss_total=3.0658 recon=0.0106 hsic=0.0203 pred=0.3016
[Full DLC (SOTA)] Epoch 55/130 | loss_total=3.0424 recon=0.0104 hsic=0.0204 pred=0.2998
[Full DLC (SOTA)] Epoch 60/130 | loss_total=3.0017 recon=0.0103 hsic=0.0203 pred=0.2949
[Full DLC (SOTA)] Epoch 65/130 | loss_total=2.9705 recon=0.0096 hsic=0.0202 pred=0.2925
[Full DLC (SOTA)] Epoch 70/130 | loss_total=2.9552 recon=0.0096 hsic=0.0202 pred=0.2910
[Full DLC (SOTA)] Epoch 75/130 | loss_total=2.9322 recon=0.0094 hsic=0.0204 pred=0.2886
[Full DLC (SOTA)] Epoch 80/130 | loss_total=2.9172 recon=0.0093 hsic=0.0202 pred=0.2871
[Full DLC (SOTA)] Epoch 85/130 | loss_total=2.8908 recon=0.0091 hsic=0.0202 pred=0.2841
[Full DLC (SOTA)] Epoch 90/130 | loss_total=2.8816 recon=0.0090 hsic=0.0204 pred=0.2835
[Full DLC (SOTA)] Epoch 95/130 | loss_total=2.8862 recon=0.0090 hsic=0.0204 pred=0.2835
[Full DLC (SOTA)] Epoch 100/130 | loss_total=2.8771 recon=0.0089 hsic=0.0202 pred=0.2826
[Full DLC (SOTA)] Epoch 105/130 | loss_total=2.8686 recon=0.0088 hsic=0.0204 pred=0.2818
[Full DLC (SOTA)] Epoch 110/130 | loss_total=2.8446 recon=0.0088 hsic=0.0203 pred=0.2796
[Full DLC (SOTA)] Epoch 115/130 | loss_total=2.8539 recon=0.0088 hsic=0.0203 pred=0.2801
[Full DLC (SOTA)] Epoch 120/130 | loss_total=2.8362 recon=0.0087 hsic=0.0204 pred=0.2787
[Full DLC (SOTA)] Epoch 125/130 | loss_total=2.8415 recon=0.0086 hsic=0.0203 pred=0.2785
[Full DLC (SOTA)] Epoch 130/130 | loss_total=2.8264 recon=0.0087 hsic=0.0203 pred=0.2774

[Seed 45] Loading data...
Training Full DLC (SOTA) from scratch (Seed 45)
[Full DLC (SOTA)] Epoch 5/130 | loss_total=3.3968 recon=0.0503 hsic=0.0202 pred=0.3484
[Full DLC (SOTA)] Epoch 10/130 | loss_total=3.3402 recon=0.0222 hsic=0.0192 pred=0.3465
[Full DLC (SOTA)] Epoch 15/130 | loss_total=3.2717 recon=0.0167 hsic=0.0189 pred=0.3401
[Full DLC (SOTA)] Epoch 20/130 | loss_total=3.2127 recon=0.0166 hsic=0.0187 pred=0.3341
[Full DLC (SOTA)] Epoch 25/130 | loss_total=3.1492 recon=0.0132 hsic=0.0189 pred=0.3242
[Full DLC (SOTA)] Epoch 30/130 | loss_total=3.1493 recon=0.0124 hsic=0.0189 pred=0.3207
[Full DLC (SOTA)] Epoch 35/130 | loss_total=3.0996 recon=0.0114 hsic=0.0187 pred=0.3131
[Full DLC (SOTA)] Epoch 40/130 | loss_total=3.0973 recon=0.0113 hsic=0.0188 pred=0.3103
[Full DLC (SOTA)] Epoch 45/130 | loss_total=3.0620 recon=0.0097 hsic=0.0188 pred=0.3043
[Full DLC (SOTA)] Epoch 50/130 | loss_total=3.0534 recon=0.0096 hsic=0.0189 pred=0.3009
[Full DLC (SOTA)] Epoch 55/130 | loss_total=3.0253 recon=0.0094 hsic=0.0190 pred=0.2982
[Full DLC (SOTA)] Epoch 60/130 | loss_total=2.9889 recon=0.0094 hsic=0.0189 pred=0.2944
[Full DLC (SOTA)] Epoch 65/130 | loss_total=2.9610 recon=0.0086 hsic=0.0189 pred=0.2918
[Full DLC (SOTA)] Epoch 70/130 | loss_total=2.9446 recon=0.0087 hsic=0.0188 pred=0.2903
[Full DLC (SOTA)] Epoch 75/130 | loss_total=2.9248 recon=0.0086 hsic=0.0190 pred=0.2881
[Full DLC (SOTA)] Epoch 80/130 | loss_total=2.9072 recon=0.0085 hsic=0.0189 pred=0.2863
[Full DLC (SOTA)] Epoch 85/130 | loss_total=2.8881 recon=0.0082 hsic=0.0189 pred=0.2840
[Full DLC (SOTA)] Epoch 90/130 | loss_total=2.8838 recon=0.0082 hsic=0.0191 pred=0.2837
[Full DLC (SOTA)] Epoch 95/130 | loss_total=2.8849 recon=0.0082 hsic=0.0190 pred=0.2834
[Full DLC (SOTA)] Epoch 100/130 | loss_total=2.8815 recon=0.0081 hsic=0.0188 pred=0.2827
[Full DLC (SOTA)] Epoch 105/130 | loss_total=2.8681 recon=0.0080 hsic=0.0191 pred=0.2819
[Full DLC (SOTA)] Epoch 110/130 | loss_total=2.8448 recon=0.0080 hsic=0.0189 pred=0.2794
[Full DLC (SOTA)] Epoch 115/130 | loss_total=2.8626 recon=0.0080 hsic=0.0191 pred=0.2807
[Full DLC (SOTA)] Epoch 120/130 | loss_total=2.8398 recon=0.0079 hsic=0.0191 pred=0.2789
[Full DLC (SOTA)] Epoch 125/130 | loss_total=2.8398 recon=0.0078 hsic=0.0190 pred=0.2785
[Full DLC (SOTA)] Epoch 130/130 | loss_total=2.8228 recon=0.0078 hsic=0.0190 pred=0.2776

[Seed 46] Loading data...
Training Full DLC (SOTA) from scratch (Seed 46)
[Full DLC (SOTA)] Epoch 5/130 | loss_total=3.4029 recon=0.0619 hsic=0.0204 pred=0.3481
[Full DLC (SOTA)] Epoch 10/130 | loss_total=3.3348 recon=0.0230 hsic=0.0198 pred=0.3459
[Full DLC (SOTA)] Epoch 15/130 | loss_total=3.2728 recon=0.0171 hsic=0.0195 pred=0.3396
[Full DLC (SOTA)] Epoch 20/130 | loss_total=3.2175 recon=0.0168 hsic=0.0194 pred=0.3341
[Full DLC (SOTA)] Epoch 25/130 | loss_total=3.1365 recon=0.0130 hsic=0.0196 pred=0.3225
[Full DLC (SOTA)] Epoch 30/130 | loss_total=3.1356 recon=0.0123 hsic=0.0196 pred=0.3185
[Full DLC (SOTA)] Epoch 35/130 | loss_total=3.0810 recon=0.0117 hsic=0.0197 pred=0.3104
[Full DLC (SOTA)] Epoch 40/130 | loss_total=3.0717 recon=0.0115 hsic=0.0199 pred=0.3069
[Full DLC (SOTA)] Epoch 45/130 | loss_total=3.0227 recon=0.0101 hsic=0.0199 pred=0.2992
[Full DLC (SOTA)] Epoch 50/130 | loss_total=3.0109 recon=0.0101 hsic=0.0199 pred=0.2957
[Full DLC (SOTA)] Epoch 55/130 | loss_total=2.9888 recon=0.0099 hsic=0.0200 pred=0.2939
[Full DLC (SOTA)] Epoch 60/130 | loss_total=2.9411 recon=0.0097 hsic=0.0198 pred=0.2891
[Full DLC (SOTA)] Epoch 65/130 | loss_total=2.9145 recon=0.0090 hsic=0.0198 pred=0.2866
[Full DLC (SOTA)] Epoch 70/130 | loss_total=2.8935 recon=0.0091 hsic=0.0197 pred=0.2845
[Full DLC (SOTA)] Epoch 75/130 | loss_total=2.8788 recon=0.0090 hsic=0.0199 pred=0.2830
[Full DLC (SOTA)] Epoch 80/130 | loss_total=2.8703 recon=0.0089 hsic=0.0197 pred=0.2817
[Full DLC (SOTA)] Epoch 85/130 | loss_total=2.8363 recon=0.0086 hsic=0.0198 pred=0.2789
[Full DLC (SOTA)] Epoch 90/130 | loss_total=2.8365 recon=0.0086 hsic=0.0200 pred=0.2789
[Full DLC (SOTA)] Epoch 95/130 | loss_total=2.8414 recon=0.0085 hsic=0.0199 pred=0.2786
[Full DLC (SOTA)] Epoch 100/130 | loss_total=2.8263 recon=0.0085 hsic=0.0197 pred=0.2774
[Full DLC (SOTA)] Epoch 105/130 | loss_total=2.8153 recon=0.0084 hsic=0.0199 pred=0.2768
[Full DLC (SOTA)] Epoch 110/130 | loss_total=2.8028 recon=0.0084 hsic=0.0198 pred=0.2752
[Full DLC (SOTA)] Epoch 115/130 | loss_total=2.8133 recon=0.0084 hsic=0.0199 pred=0.2762
[Full DLC (SOTA)] Epoch 120/130 | loss_total=2.7907 recon=0.0083 hsic=0.0199 pred=0.2744
[Full DLC (SOTA)] Epoch 125/130 | loss_total=2.7988 recon=0.0082 hsic=0.0198 pred=0.2742
[Full DLC (SOTA)] Epoch 130/130 | loss_total=2.7808 recon=0.0082 hsic=0.0199 pred=0.2733

[Done] Raw metrics: /home/UserData/ljx/Project_1/results/ablation_metrics_rigorous.json
[Done] Report: /home/UserData/ljx/Project_1/reports/task19.5_ablation_study_rigorous.md
