=== DLC Final SOTA Runs (Phase 3) ===
Loading data...
Applying blacklist from data/PANCAN/pancan_leakage_blacklist.csv...
Filtered 513 leaked samples. Current: 8567
Aligning PANCAN features to LUAD feature space...
PANCAN aligned shape: (8567, 25)
PANCAN: (8567, 23), LUAD: (513, 23)

[Phase 1] Pre-training on PANCAN (100 epochs)...
  Ep 10: Loss 0.9528
  Ep 20: Loss 0.9229
  Ep 30: Loss 0.9221
  Ep 40: Loss 0.9058
  Ep 50: Loss 0.8751
  Ep 60: Loss 0.8592
  Ep 70: Loss 0.8593
  Ep 80: Loss 0.8268
  Ep 90: Loss 0.8204
  Ep 100: Loss 0.7978

[Phase 2] Fine-tuning on LUAD (120 epochs)...
  Ep 5: Loss 1.3008 | AUC 0.8711 | CATE 0.1451 | PEHE 0.0435 | Sens 0.0095
  Ep 10: Loss 1.1870 | AUC 0.8703 | CATE 0.1373 | PEHE 0.0487 | Sens 0.0092
  Ep 15: Loss 1.1230 | AUC 0.8726 | CATE 0.1349 | PEHE 0.0496 | Sens 0.0100
  Ep 20: Loss 1.2557 | AUC 0.8715 | CATE 0.1377 | PEHE 0.0518 | Sens 0.0096
  Ep 25: Loss 1.1670 | AUC 0.8719 | CATE 0.1307 | PEHE 0.0529 | Sens 0.0097
  Ep 30: Loss 1.1202 | AUC 0.8688 | CATE 0.1362 | PEHE 0.0524 | Sens 0.0103
  Ep 35: Loss 1.1671 | AUC 0.8692 | CATE 0.1441 | PEHE 0.0502 | Sens 0.0105
  Ep 40: Loss 1.2085 | AUC 0.8680 | CATE 0.1454 | PEHE 0.0527 | Sens 0.0104
  Ep 45: Loss 1.0909 | AUC 0.8680 | CATE 0.1461 | PEHE 0.0541 | Sens 0.0102
  Ep 50: Loss 1.1731 | AUC 0.8707 | CATE 0.1478 | PEHE 0.0524 | Sens 0.0100
  Ep 55: Loss 1.1763 | AUC 0.8677 | CATE 0.1587 | PEHE 0.0500 | Sens 0.0104
  Ep 60: Loss 1.0714 | AUC 0.8677 | CATE 0.1422 | PEHE 0.0546 | Sens 0.0105
  Ep 65: Loss 1.1115 | AUC 0.8677 | CATE 0.1310 | PEHE 0.0595 | Sens 0.0098
  Ep 70: Loss 1.2183 | AUC 0.8661 | CATE 0.1451 | PEHE 0.0560 | Sens 0.0105
  Ep 75: Loss 1.1416 | AUC 0.8680 | CATE 0.1376 | PEHE 0.0569 | Sens 0.0109
  Ep 80: Loss 1.0571 | AUC 0.8673 | CATE 0.1579 | PEHE 0.0514 | Sens 0.0111
  Ep 85: Loss 1.1072 | AUC 0.8692 | CATE 0.1449 | PEHE 0.0523 | Sens 0.0116
  Ep 90: Loss 1.1334 | AUC 0.8673 | CATE 0.1370 | PEHE 0.0564 | Sens 0.0122
  Ep 95: Loss 1.0425 | AUC 0.8673 | CATE 0.1482 | PEHE 0.0526 | Sens 0.0122
  Ep 100: Loss 1.0264 | AUC 0.8669 | CATE 0.1480 | PEHE 0.0555 | Sens 0.0120
  Ep 105: Loss 1.1985 | AUC 0.8650 | CATE 0.1484 | PEHE 0.0548 | Sens 0.0118
  Ep 110: Loss 1.1811 | AUC 0.8642 | CATE 0.1534 | PEHE 0.0535 | Sens 0.0121
  Ep 115: Loss 1.1527 | AUC 0.8638 | CATE 0.1568 | PEHE 0.0540 | Sens 0.0134
  Ep 120: Loss 1.0390 | AUC 0.8638 | CATE 0.1445 | PEHE 0.0540 | Sens 0.0124

=== Final SOTA Results ===
{
    "AUC": 0.872234935163997,
    "ACC": 0.7961165048543689,
    "F1": 0.7920792079207921,
    "PEHE": 0.040622582040650335,
    "Delta_CATE": 0.1503051221370697,
    "Sens_Age": 0.009668498300015926
}
Report saved to results/final_sota_report.md

