=== DLC Final SOTA Runs (Phase 3) ===
Loading data...
Applying blacklist from data/PANCAN/pancan_leakage_blacklist.csv...
Filtered 513 leaked samples. Current: 8567
Aligning PANCAN features to LUAD feature space...
PANCAN aligned shape: (8567, 25)
PANCAN: (8567, 23), LUAD: (513, 23)

[Phase 1] Pre-training on PANCAN (100 epochs)...
  Ep 10: Loss 0.6918
  Ep 20: Loss 0.6570
  Ep 30: Loss 0.6253
  Ep 40: Loss 0.5720
  Ep 50: Loss 0.5394
  Ep 60: Loss 0.5250
  Ep 70: Loss 0.4914
  Ep 80: Loss 0.4617
  Ep 90: Loss 0.4532
  Ep 100: Loss 0.4322

[Phase 2] Fine-tuning on LUAD (120 epochs)...
  Ep 5: Loss 2.1954 | AUC 0.8249 | CATE 0.1128 | PEHE 0.0773 | Sens 0.0625
  Ep 10: Loss 1.3270 | AUC 0.8600 | CATE 0.0959 | PEHE 0.0873 | Sens 0.0570
  Ep 15: Loss 1.0425 | AUC 0.8677 | CATE 0.0776 | PEHE 0.0917 | Sens 0.0570
  Ep 20: Loss 0.9496 | AUC 0.8642 | CATE 0.0716 | PEHE 0.0880 | Sens 0.0549
  Ep 25: Loss 0.8954 | AUC 0.8612 | CATE 0.0715 | PEHE 0.0853 | Sens 0.0552
  Ep 30: Loss 0.8372 | AUC 0.8528 | CATE 0.0722 | PEHE 0.0862 | Sens 0.0583
  Ep 35: Loss 0.7810 | AUC 0.8467 | CATE 0.0768 | PEHE 0.0876 | Sens 0.0642
  Ep 40: Loss 0.7548 | AUC 0.8391 | CATE 0.0805 | PEHE 0.0898 | Sens 0.0688
  Ep 45: Loss 0.7220 | AUC 0.8337 | CATE 0.0882 | PEHE 0.0923 | Sens 0.0735
  Ep 50: Loss 0.7007 | AUC 0.8234 | CATE 0.0939 | PEHE 0.0935 | Sens 0.0767
  Ep 55: Loss 0.6633 | AUC 0.8219 | CATE 0.0993 | PEHE 0.0954 | Sens 0.0789
  Ep 60: Loss 0.6316 | AUC 0.8177 | CATE 0.1019 | PEHE 0.0981 | Sens 0.0837
  Ep 65: Loss 0.6012 | AUC 0.8162 | CATE 0.1049 | PEHE 0.1011 | Sens 0.0897
  Ep 70: Loss 0.5663 | AUC 0.8139 | CATE 0.1043 | PEHE 0.1078 | Sens 0.0999
  Ep 75: Loss 0.5271 | AUC 0.8051 | CATE 0.1045 | PEHE 0.1088 | Sens 0.1099
  Ep 80: Loss 0.5046 | AUC 0.7979 | CATE 0.1028 | PEHE 0.1092 | Sens 0.1209
  Ep 85: Loss 0.4838 | AUC 0.7948 | CATE 0.1047 | PEHE 0.1021 | Sens 0.1237
  Ep 90: Loss 0.4537 | AUC 0.7944 | CATE 0.1032 | PEHE 0.1018 | Sens 0.1247
  Ep 95: Loss 0.4456 | AUC 0.7918 | CATE 0.1098 | PEHE 0.0953 | Sens 0.1235
  Ep 100: Loss 0.4246 | AUC 0.7849 | CATE 0.1121 | PEHE 0.0968 | Sens 0.1201
  Ep 105: Loss 0.4089 | AUC 0.7788 | CATE 0.1121 | PEHE 0.0964 | Sens 0.1187
  Ep 110: Loss 0.3943 | AUC 0.7746 | CATE 0.1158 | PEHE 0.0958 | Sens 0.1175
  Ep 115: Loss 0.3918 | AUC 0.7719 | CATE 0.1239 | PEHE 0.0942 | Sens 0.1140
  Ep 120: Loss 0.3697 | AUC 0.7696 | CATE 0.1207 | PEHE 0.0946 | Sens 0.1161

=== Final SOTA Results ===
{
    "AUC": 0.7696414950419528,
    "ACC": 0.7572815533980582,
    "F1": 0.7311827956989247,
    "PEHE": 0.09460242137923305,
    "Delta_CATE": 0.12071847915649414,
    "Sens_Age": 0.11607952415943146
}
Report saved to results/final_sota_report.md

