/pytorch/aten/src/ATen/native/cuda/Loss.cu:90: operator(): block: [0,0,0], thread: [0,0,0] Assertion `input_val >= zero && input_val <= one` failed.
/pytorch/aten/src/ATen/native/cuda/Loss.cu:90: operator(): block: [0,0,0], thread: [1,0,0] Assertion `input_val >= zero && input_val <= one` failed.
/pytorch/aten/src/ATen/native/cuda/Loss.cu:90: operator(): block: [0,0,0], thread: [2,0,0] Assertion `input_val >= zero && input_val <= one` failed.
/pytorch/aten/src/ATen/native/cuda/Loss.cu:90: operator(): block: [0,0,0], thread: [3,0,0] Assertion `input_val >= zero && input_val <= one` failed.
/pytorch/aten/src/ATen/native/cuda/Loss.cu:90: operator(): block: [0,0,0], thread: [4,0,0] Assertion `input_val >= zero && input_val <= one` failed.
/pytorch/aten/src/ATen/native/cuda/Loss.cu:90: operator(): block: [0,0,0], thread: [5,0,0] Assertion `input_val >= zero && input_val <= one` failed.
/pytorch/aten/src/ATen/native/cuda/Loss.cu:90: operator(): block: [0,0,0], thread: [6,0,0] Assertion `input_val >= zero && input_val <= one` failed.
/pytorch/aten/src/ATen/native/cuda/Loss.cu:90: operator(): block: [0,0,0], thread: [7,0,0] Assertion `input_val >= zero && input_val <= one` failed.
/pytorch/aten/src/ATen/native/cuda/Loss.cu:90: operator(): block: [0,0,0], thread: [8,0,0] Assertion `input_val >= zero && input_val <= one` failed.
/pytorch/aten/src/ATen/native/cuda/Loss.cu:90: operator(): block: [0,0,0], thread: [9,0,0] Assertion `input_val >= zero && input_val <= one` failed.
/pytorch/aten/src/ATen/native/cuda/Loss.cu:90: operator(): block: [0,0,0], thread: [10,0,0] Assertion `input_val >= zero && input_val <= one` failed.
/pytorch/aten/src/ATen/native/cuda/Loss.cu:90: operator(): block: [0,0,0], thread: [11,0,0] Assertion `input_val >= zero && input_val <= one` failed.
/pytorch/aten/src/ATen/native/cuda/Loss.cu:90: operator(): block: [0,0,0], thread: [12,0,0] Assertion `input_val >= zero && input_val <= one` failed.
/pytorch/aten/src/ATen/native/cuda/Loss.cu:90: operator(): block: [0,0,0], thread: [13,0,0] Assertion `input_val >= zero && input_val <= one` failed.
/pytorch/aten/src/ATen/native/cuda/Loss.cu:90: operator(): block: [0,0,0], thread: [14,0,0] Assertion `input_val >= zero && input_val <= one` failed.
/pytorch/aten/src/ATen/native/cuda/Loss.cu:90: operator(): block: [0,0,0], thread: [15,0,0] Assertion `input_val >= zero && input_val <= one` failed.
/pytorch/aten/src/ATen/native/cuda/Loss.cu:90: operator(): block: [0,0,0], thread: [16,0,0] Assertion `input_val >= zero && input_val <= one` failed.
/pytorch/aten/src/ATen/native/cuda/Loss.cu:90: operator(): block: [0,0,0], thread: [17,0,0] Assertion `input_val >= zero && input_val <= one` failed.
/pytorch/aten/src/ATen/native/cuda/Loss.cu:90: operator(): block: [0,0,0], thread: [18,0,0] Assertion `input_val >= zero && input_val <= one` failed.
/pytorch/aten/src/ATen/native/cuda/Loss.cu:90: operator(): block: [0,0,0], thread: [19,0,0] Assertion `input_val >= zero && input_val <= one` failed.
/pytorch/aten/src/ATen/native/cuda/Loss.cu:90: operator(): block: [0,0,0], thread: [20,0,0] Assertion `input_val >= zero && input_val <= one` failed.
/pytorch/aten/src/ATen/native/cuda/Loss.cu:90: operator(): block: [0,0,0], thread: [21,0,0] Assertion `input_val >= zero && input_val <= one` failed.
/pytorch/aten/src/ATen/native/cuda/Loss.cu:90: operator(): block: [0,0,0], thread: [22,0,0] Assertion `input_val >= zero && input_val <= one` failed.
/pytorch/aten/src/ATen/native/cuda/Loss.cu:90: operator(): block: [0,0,0], thread: [23,0,0] Assertion `input_val >= zero && input_val <= one` failed.
/pytorch/aten/src/ATen/native/cuda/Loss.cu:90: operator(): block: [0,0,0], thread: [24,0,0] Assertion `input_val >= zero && input_val <= one` failed.
/pytorch/aten/src/ATen/native/cuda/Loss.cu:90: operator(): block: [0,0,0], thread: [25,0,0] Assertion `input_val >= zero && input_val <= one` failed.
/pytorch/aten/src/ATen/native/cuda/Loss.cu:90: operator(): block: [0,0,0], thread: [26,0,0] Assertion `input_val >= zero && input_val <= one` failed.
/pytorch/aten/src/ATen/native/cuda/Loss.cu:90: operator(): block: [0,0,0], thread: [27,0,0] Assertion `input_val >= zero && input_val <= one` failed.
/pytorch/aten/src/ATen/native/cuda/Loss.cu:90: operator(): block: [0,0,0], thread: [28,0,0] Assertion `input_val >= zero && input_val <= one` failed.
/pytorch/aten/src/ATen/native/cuda/Loss.cu:90: operator(): block: [0,0,0], thread: [29,0,0] Assertion `input_val >= zero && input_val <= one` failed.
/pytorch/aten/src/ATen/native/cuda/Loss.cu:90: operator(): block: [0,0,0], thread: [30,0,0] Assertion `input_val >= zero && input_val <= one` failed.
/pytorch/aten/src/ATen/native/cuda/Loss.cu:90: operator(): block: [0,0,0], thread: [31,0,0] Assertion `input_val >= zero && input_val <= one` failed.
/pytorch/aten/src/ATen/native/cuda/Loss.cu:90: operator(): block: [0,0,0], thread: [32,0,0] Assertion `input_val >= zero && input_val <= one` failed.
/pytorch/aten/src/ATen/native/cuda/Loss.cu:90: operator(): block: [0,0,0], thread: [33,0,0] Assertion `input_val >= zero && input_val <= one` failed.
/pytorch/aten/src/ATen/native/cuda/Loss.cu:90: operator(): block: [0,0,0], thread: [34,0,0] Assertion `input_val >= zero && input_val <= one` failed.
/pytorch/aten/src/ATen/native/cuda/Loss.cu:90: operator(): block: [0,0,0], thread: [35,0,0] Assertion `input_val >= zero && input_val <= one` failed.
/pytorch/aten/src/ATen/native/cuda/Loss.cu:90: operator(): block: [0,0,0], thread: [36,0,0] Assertion `input_val >= zero && input_val <= one` failed.
/pytorch/aten/src/ATen/native/cuda/Loss.cu:90: operator(): block: [0,0,0], thread: [37,0,0] Assertion `input_val >= zero && input_val <= one` failed.
/pytorch/aten/src/ATen/native/cuda/Loss.cu:90: operator(): block: [0,0,0], thread: [38,0,0] Assertion `input_val >= zero && input_val <= one` failed.
/pytorch/aten/src/ATen/native/cuda/Loss.cu:90: operator(): block: [0,0,0], thread: [39,0,0] Assertion `input_val >= zero && input_val <= one` failed.
/pytorch/aten/src/ATen/native/cuda/Loss.cu:90: operator(): block: [0,0,0], thread: [40,0,0] Assertion `input_val >= zero && input_val <= one` failed.
/pytorch/aten/src/ATen/native/cuda/Loss.cu:90: operator(): block: [0,0,0], thread: [41,0,0] Assertion `input_val >= zero && input_val <= one` failed.
/pytorch/aten/src/ATen/native/cuda/Loss.cu:90: operator(): block: [0,0,0], thread: [42,0,0] Assertion `input_val >= zero && input_val <= one` failed.
/pytorch/aten/src/ATen/native/cuda/Loss.cu:90: operator(): block: [0,0,0], thread: [43,0,0] Assertion `input_val >= zero && input_val <= one` failed.
/pytorch/aten/src/ATen/native/cuda/Loss.cu:90: operator(): block: [0,0,0], thread: [44,0,0] Assertion `input_val >= zero && input_val <= one` failed.
/pytorch/aten/src/ATen/native/cuda/Loss.cu:90: operator(): block: [0,0,0], thread: [45,0,0] Assertion `input_val >= zero && input_val <= one` failed.
/pytorch/aten/src/ATen/native/cuda/Loss.cu:90: operator(): block: [0,0,0], thread: [46,0,0] Assertion `input_val >= zero && input_val <= one` failed.
/pytorch/aten/src/ATen/native/cuda/Loss.cu:90: operator(): block: [0,0,0], thread: [47,0,0] Assertion `input_val >= zero && input_val <= one` failed.
/pytorch/aten/src/ATen/native/cuda/Loss.cu:90: operator(): block: [0,0,0], thread: [48,0,0] Assertion `input_val >= zero && input_val <= one` failed.
/pytorch/aten/src/ATen/native/cuda/Loss.cu:90: operator(): block: [0,0,0], thread: [49,0,0] Assertion `input_val >= zero && input_val <= one` failed.
/pytorch/aten/src/ATen/native/cuda/Loss.cu:90: operator(): block: [0,0,0], thread: [50,0,0] Assertion `input_val >= zero && input_val <= one` failed.
/pytorch/aten/src/ATen/native/cuda/Loss.cu:90: operator(): block: [0,0,0], thread: [51,0,0] Assertion `input_val >= zero && input_val <= one` failed.
/pytorch/aten/src/ATen/native/cuda/Loss.cu:90: operator(): block: [0,0,0], thread: [52,0,0] Assertion `input_val >= zero && input_val <= one` failed.
/pytorch/aten/src/ATen/native/cuda/Loss.cu:90: operator(): block: [0,0,0], thread: [53,0,0] Assertion `input_val >= zero && input_val <= one` failed.
/pytorch/aten/src/ATen/native/cuda/Loss.cu:90: operator(): block: [0,0,0], thread: [54,0,0] Assertion `input_val >= zero && input_val <= one` failed.
/pytorch/aten/src/ATen/native/cuda/Loss.cu:90: operator(): block: [0,0,0], thread: [55,0,0] Assertion `input_val >= zero && input_val <= one` failed.
/pytorch/aten/src/ATen/native/cuda/Loss.cu:90: operator(): block: [0,0,0], thread: [56,0,0] Assertion `input_val >= zero && input_val <= one` failed.
/pytorch/aten/src/ATen/native/cuda/Loss.cu:90: operator(): block: [0,0,0], thread: [57,0,0] Assertion `input_val >= zero && input_val <= one` failed.
/pytorch/aten/src/ATen/native/cuda/Loss.cu:90: operator(): block: [0,0,0], thread: [58,0,0] Assertion `input_val >= zero && input_val <= one` failed.
/pytorch/aten/src/ATen/native/cuda/Loss.cu:90: operator(): block: [0,0,0], thread: [59,0,0] Assertion `input_val >= zero && input_val <= one` failed.
/pytorch/aten/src/ATen/native/cuda/Loss.cu:90: operator(): block: [0,0,0], thread: [60,0,0] Assertion `input_val >= zero && input_val <= one` failed.
/pytorch/aten/src/ATen/native/cuda/Loss.cu:90: operator(): block: [0,0,0], thread: [61,0,0] Assertion `input_val >= zero && input_val <= one` failed.
/pytorch/aten/src/ATen/native/cuda/Loss.cu:90: operator(): block: [0,0,0], thread: [62,0,0] Assertion `input_val >= zero && input_val <= one` failed.
/pytorch/aten/src/ATen/native/cuda/Loss.cu:90: operator(): block: [0,0,0], thread: [63,0,0] Assertion `input_val >= zero && input_val <= one` failed.
Traceback (most recent call last):
  File "/home/UserData/ljx/Project_1/src/dlc/run_final_sota.py", line 463, in <module>
    main()
  File "/home/UserData/ljx/Project_1/src/dlc/run_final_sota.py", line 369, in main
    loss = train_epoch(
  File "/home/UserData/ljx/Project_1/src/dlc/run_final_sota.py", line 247, in train_epoch
    if mask_mut.any() and mask_wt.any():
torch.AcceleratorError: CUDA error: device-side assert triggered
Search for `cudaErrorAssert' in https://docs.nvidia.com/cuda/cuda-runtime-api/group__CUDART__TYPES.html for more information.
CUDA kernel errors might be asynchronously reported at some other API call, so the stacktrace below might be incorrect.
For debugging consider passing CUDA_LAUNCH_BLOCKING=1
Compile with `TORCH_USE_CUDA_DSA` to enable device-side assertions.


ERROR conda.cli.main_run:execute(127): `conda run python src/dlc/run_final_sota.py` failed. (See above for error)
=== DLC Final SOTA Runs (Phase 3) ===
Loading data...
Applying blacklist from data/PANCAN/pancan_leakage_blacklist.csv...
Filtered 513 leaked samples. Current: 8567
Aligning PANCAN features to LUAD feature space...
PANCAN aligned shape: (8567, 25)
PANCAN: (8567, 23), LUAD: (513, 23)

[Phase 1] Pre-training on PANCAN (100 epochs)...

