Script started...

[Seed 42] Loading data...
Training Full DLC (SOTA) from scratch (Seed 42)
[Full DLC (SOTA)] Epoch 5/100 | loss_total=1.9079 recon=0.0659 hsic=0.0210 pred=0.3482
[Full DLC (SOTA)] Epoch 10/100 | loss_total=1.8396 recon=0.0216 hsic=0.0209 pred=0.3451
[Full DLC (SOTA)] Epoch 15/100 | loss_total=1.8224 recon=0.0159 hsic=0.0205 pred=0.3440
[Full DLC (SOTA)] Epoch 20/100 | loss_total=1.7800 recon=0.0136 hsic=0.0206 pred=0.3363
[Full DLC (SOTA)] Epoch 25/100 | loss_total=2.0244 recon=0.0118 hsic=0.0206 pred=0.3320
[Full DLC (SOTA)] Epoch 30/100 | loss_total=2.2607 recon=0.0122 hsic=0.0214 pred=0.3265
[Full DLC (SOTA)] Epoch 35/100 | loss_total=2.4846 recon=0.0120 hsic=0.0217 pred=0.3219
[Full DLC (SOTA)] Epoch 40/100 | loss_total=2.7067 recon=0.0118 hsic=0.0218 pred=0.3179
[Full DLC (SOTA)] Epoch 45/100 | loss_total=2.9220 recon=0.0103 hsic=0.0219 pred=0.3137
[Full DLC (SOTA)] Epoch 50/100 | loss_total=3.1465 recon=0.0102 hsic=0.0219 pred=0.3109
[Full DLC (SOTA)] Epoch 55/100 | loss_total=3.1160 recon=0.0102 hsic=0.0218 pred=0.3078
[Full DLC (SOTA)] Epoch 60/100 | loss_total=3.1153 recon=0.0101 hsic=0.0218 pred=0.3078
[Full DLC (SOTA)] Epoch 65/100 | loss_total=3.0780 recon=0.0094 hsic=0.0216 pred=0.3044
[Full DLC (SOTA)] Epoch 70/100 | loss_total=3.0483 recon=0.0092 hsic=0.0218 pred=0.3011
[Full DLC (SOTA)] Epoch 75/100 | loss_total=3.0619 recon=0.0092 hsic=0.0219 pred=0.3025
[Full DLC (SOTA)] Epoch 80/100 | loss_total=3.0192 recon=0.0091 hsic=0.0217 pred=0.2983
[Full DLC (SOTA)] Epoch 85/100 | loss_total=3.0061 recon=0.0088 hsic=0.0217 pred=0.2971
[Full DLC (SOTA)] Epoch 90/100 | loss_total=3.0071 recon=0.0087 hsic=0.0218 pred=0.2972
[Full DLC (SOTA)] Epoch 95/100 | loss_total=2.9900 recon=0.0087 hsic=0.0218 pred=0.2954
[Full DLC (SOTA)] Epoch 100/100 | loss_total=3.0101 recon=0.0086 hsic=0.0216 pred=0.2975
[w/o HGNN] Epoch 5/20 | loss_total=1.5682 recon=0.2190 hsic=0.0162 pred=0.3368
[w/o HGNN] Epoch 10/20 | loss_total=1.3576 recon=0.0632 hsic=0.0190 pred=0.3225
[w/o HGNN] Epoch 15/20 | loss_total=1.2617 recon=0.0370 hsic=0.0216 pred=0.3044
[w/o HGNN] Epoch 20/20 | loss_total=1.1684 recon=0.0292 hsic=0.0224 pred=0.2811
[w/o VAE] Epoch 5/20 | loss_total=1.4402 recon=0.0422 hsic=0.0242 pred=0.3453
[w/o VAE] Epoch 10/20 | loss_total=1.3996 recon=0.0130 hsic=0.0243 pred=0.3427
[w/o VAE] Epoch 15/20 | loss_total=1.3901 recon=0.0097 hsic=0.0234 pred=0.3420
[w/o VAE] Epoch 20/20 | loss_total=1.3512 recon=0.0100 hsic=0.0226 pred=0.3334
[w/o HSIC] Epoch 5/20 | loss_total=1.4538 recon=0.0555 hsic=0.0211 pred=0.3455
[w/o HSIC] Epoch 10/20 | loss_total=1.4022 recon=0.0160 hsic=0.0211 pred=0.3428
[w/o HSIC] Epoch 15/20 | loss_total=1.3928 recon=0.0113 hsic=0.0202 pred=0.3424
[w/o HSIC] Epoch 20/20 | loss_total=1.3601 recon=0.0111 hsic=0.0195 pred=0.3350

[Done] Raw metrics: /home/UserData/ljx/Project_1/results/ablation_metrics_rigorous.json
[Done] Report: /home/UserData/ljx/Project_1/reports/task19.5_ablation_study_rigorous.md
