Script started...

[Seed 42] Loading data...
Training Full DLC (SOTA) from scratch (Seed 42)
[Full DLC (SOTA)] Epoch 5/75 | loss_total=3.5753 recon=0.0684 hsic=0.0207 pred=0.3456
[Full DLC (SOTA)] Epoch 10/75 | loss_total=3.4718 recon=0.0264 hsic=0.0196 pred=0.3411
[Full DLC (SOTA)] Epoch 15/75 | loss_total=3.4091 recon=0.0214 hsic=0.0188 pred=0.3372
[Full DLC (SOTA)] Epoch 20/75 | loss_total=3.2841 recon=0.0186 hsic=0.0188 pred=0.3250
[Full DLC (SOTA)] Epoch 25/75 | loss_total=3.2031 recon=0.0156 hsic=0.0187 pred=0.3167
[Full DLC (SOTA)] Epoch 30/75 | loss_total=3.1433 recon=0.0142 hsic=0.0190 pred=0.3108
[Full DLC (SOTA)] Epoch 35/75 | loss_total=3.0870 recon=0.0132 hsic=0.0191 pred=0.3052
[Full DLC (SOTA)] Epoch 40/75 | loss_total=3.0130 recon=0.0131 hsic=0.0192 pred=0.2978
[Full DLC (SOTA)] Epoch 45/75 | loss_total=2.9421 recon=0.0115 hsic=0.0193 pred=0.2906
[Full DLC (SOTA)] Epoch 50/75 | loss_total=2.8889 recon=0.0112 hsic=0.0194 pred=0.2854
[Full DLC (SOTA)] Epoch 55/75 | loss_total=2.8493 recon=0.0110 hsic=0.0193 pred=0.2812
[Full DLC (SOTA)] Epoch 60/75 | loss_total=2.8299 recon=0.0108 hsic=0.0194 pred=0.2791
[Full DLC (SOTA)] Epoch 65/75 | loss_total=2.7801 recon=0.0101 hsic=0.0192 pred=0.2741
[Full DLC (SOTA)] Epoch 70/75 | loss_total=2.7367 recon=0.0100 hsic=0.0192 pred=0.2700
[Full DLC (SOTA)] Epoch 75/75 | loss_total=2.7447 recon=0.0100 hsic=0.0193 pred=0.2704
[w/o HGNN] Epoch 5/40 | loss_total=1.5824 recon=0.2293 hsic=0.0162 pred=0.3371
[w/o HGNN] Epoch 10/40 | loss_total=1.3757 recon=0.0670 hsic=0.0188 pred=0.3250
[w/o HGNN] Epoch 15/40 | loss_total=1.2882 recon=0.0399 hsic=0.0215 pred=0.3096
[w/o HGNN] Epoch 20/40 | loss_total=1.2178 recon=0.0315 hsic=0.0222 pred=0.2913
[w/o HGNN] Epoch 25/40 | loss_total=1.0778 recon=0.0238 hsic=0.0226 pred=0.2584
[w/o HGNN] Epoch 30/40 | loss_total=1.0017 recon=0.0221 hsic=0.0226 pred=0.2394
[w/o HGNN] Epoch 35/40 | loss_total=0.9262 recon=0.0203 hsic=0.0224 pred=0.2196
[w/o HGNN] Epoch 40/40 | loss_total=0.8834 recon=0.0189 hsic=0.0227 pred=0.2079
[w/o VAE] Epoch 5/40 | loss_total=1.4619 recon=0.0433 hsic=0.0239 pred=0.3481
[w/o VAE] Epoch 10/40 | loss_total=1.4098 recon=0.0159 hsic=0.0231 pred=0.3450
[w/o VAE] Epoch 15/40 | loss_total=1.3938 recon=0.0119 hsic=0.0221 pred=0.3432
[w/o VAE] Epoch 20/40 | loss_total=1.3563 recon=0.0105 hsic=0.0220 pred=0.3342
[w/o VAE] Epoch 25/40 | loss_total=1.3317 recon=0.0079 hsic=0.0214 pred=0.3287
[w/o VAE] Epoch 30/40 | loss_total=1.3060 recon=0.0078 hsic=0.0215 pred=0.3222
[w/o VAE] Epoch 35/40 | loss_total=1.2815 recon=0.0077 hsic=0.0212 pred=0.3167
[w/o VAE] Epoch 40/40 | loss_total=1.2584 recon=0.0076 hsic=0.0209 pred=0.3109
[w/o HSIC] Epoch 5/40 | loss_total=1.4734 recon=0.0573 hsic=0.0208 pred=0.3479
[w/o HSIC] Epoch 10/40 | loss_total=1.4100 recon=0.0173 hsic=0.0205 pred=0.3447
[w/o HSIC] Epoch 15/40 | loss_total=1.3959 recon=0.0116 hsic=0.0197 pred=0.3439
[w/o HSIC] Epoch 20/40 | loss_total=1.3678 recon=0.0103 hsic=0.0193 pred=0.3368
[w/o HSIC] Epoch 25/40 | loss_total=1.3478 recon=0.0086 hsic=0.0190 pred=0.3330
[w/o HSIC] Epoch 30/40 | loss_total=1.3253 recon=0.0085 hsic=0.0190 pred=0.3273
[w/o HSIC] Epoch 35/40 | loss_total=1.3070 recon=0.0085 hsic=0.0191 pred=0.3228
[w/o HSIC] Epoch 40/40 | loss_total=1.2809 recon=0.0083 hsic=0.0190 pred=0.3166

[Done] Raw metrics: /home/UserData/ljx/Project_1/results/ablation_metrics_rigorous.json
[Done] Report: /home/UserData/ljx/Project_1/reports/task19.5_ablation_study_rigorous.md
