Script started...

[Seed 42] Loading data...
Training Full DLC (SOTA) from scratch (Seed 42)
[Full DLC (SOTA)] Epoch 5/34 | loss_total=2.4104 recon=0.0588 hsic=0.0211 pred=0.3444 distill=0.0000
[Full DLC (SOTA)] Val@Ep8 | score=1003.3997 AUC=0.7949 Acc=0.8374 F1=0.5805 PEHE=0.0450 dCATE=0.0777 Sens=0.0092 thr=0.31 feasible=1
[Full DLC (SOTA)] Epoch 10/34 | loss_total=2.3159 recon=0.0216 hsic=0.0207 pred=0.3421 distill=0.0000
[Full DLC (SOTA)] Val@Ep12 | score=1003.4360 AUC=0.7958 Acc=0.8318 F1=0.5817 PEHE=0.0340 dCATE=0.1301 Sens=0.0139 thr=0.26 feasible=1
[Full DLC (SOTA)] Epoch 15/34 | loss_total=3.0689 recon=0.0160 hsic=0.0204 pred=0.3406 distill=0.0000
[Full DLC (SOTA)] Val@Ep16 | score=1003.4288 AUC=0.7965 Acc=0.8241 F1=0.5730 PEHE=0.0239 dCATE=0.1403 Sens=0.0148 thr=0.21 feasible=1
[Full DLC (SOTA)] Val@Ep20 | score=1003.4420 AUC=0.7941 Acc=0.8307 F1=0.5778 PEHE=0.0261 dCATE=0.1488 Sens=0.0196 thr=0.26 feasible=1
[Full DLC (SOTA)] Epoch 20/34 | loss_total=2.9802 recon=0.0164 hsic=0.0208 pred=0.3308 distill=0.0000
[Full DLC (SOTA)] Val@Ep24 | score=1003.4119 AUC=0.7918 Acc=0.8263 F1=0.5618 PEHE=0.0270 dCATE=0.1551 Sens=0.0246 thr=0.23 feasible=1
[Full DLC (SOTA)] Epoch 25/34 | loss_total=2.9022 recon=0.0141 hsic=0.0206 pred=0.3227 distill=0.0000
[Full DLC (SOTA)] Val@Ep28 | score=1003.4087 AUC=0.7948 Acc=0.8207 F1=0.5565 PEHE=0.0361 dCATE=0.1856 Sens=0.0349 thr=0.24 feasible=1
[Full DLC (SOTA)] Epoch 30/34 | loss_total=2.8453 recon=0.0133 hsic=0.0206 pred=0.3163 distill=0.0000
[Full DLC (SOTA)] Val@Ep32 | score=3.1632 AUC=0.7930 Acc=0.8185 F1=0.5534 PEHE=0.0256 dCATE=0.1627 Sens=0.0356 thr=0.21 feasible=0
[Full DLC (SOTA)] Restored best checkpoint at epoch 20 (score=1003.4420, thr=0.26)
[w/o HGNN] Epoch 5/24 | loss_total=1.5824 recon=0.2293 hsic=0.0162 pred=0.3371 distill=0.0000
[w/o HGNN] Val@Ep8 | score=1003.3782 AUC=0.7828 Acc=0.8252 F1=0.5577 PEHE=0.0544 dCATE=0.1805 Sens=0.0357 thr=0.25 feasible=1
[w/o HGNN] Epoch 10/24 | loss_total=1.3762 recon=0.0670 hsic=0.0188 pred=0.3249 distill=0.0000
[w/o HGNN] Val@Ep12 | score=1003.4155 AUC=0.7856 Acc=0.8486 F1=0.5696 PEHE=0.0612 dCATE=0.1681 Sens=0.0429 thr=0.42 feasible=1
[w/o HGNN] Epoch 15/24 | loss_total=1.2879 recon=0.0401 hsic=0.0212 pred=0.3096 distill=0.0000
[w/o HGNN] Val@Ep16 | score=1003.3405 AUC=0.7683 Acc=0.8408 F1=0.5545 PEHE=0.0789 dCATE=0.1783 Sens=0.0541 thr=0.35 feasible=1
[w/o HGNN] Val@Ep20 | score=1003.2065 AUC=0.7599 Acc=0.8096 F1=0.5210 PEHE=0.0907 dCATE=0.1722 Sens=0.0768 thr=0.25 feasible=1
[w/o HGNN] Epoch 20/24 | loss_total=1.2209 recon=0.0316 hsic=0.0221 pred=0.2922 distill=0.0000
[w/o HGNN] Val@Ep24 | score=1003.2208 AUC=0.7407 Acc=0.8352 F1=0.5163 PEHE=0.1001 dCATE=0.2049 Sens=0.0823 thr=0.37 feasible=1
[w/o HGNN] Restored best checkpoint at epoch 12 (score=1003.4155, thr=0.42)
[w/o VAE] Epoch 5/24 | loss_total=1.4619 recon=0.0433 hsic=0.0239 pred=0.3481 distill=0.0000
[w/o VAE] Val@Ep8 | score=1003.4177 AUC=0.7966 Acc=0.8396 F1=0.5789 PEHE=0.0633 dCATE=0.1163 Sens=0.0078 thr=0.32 feasible=1
[w/o VAE] Epoch 10/24 | loss_total=1.4075 recon=0.0159 hsic=0.0231 pred=0.3446 distill=0.0000
[w/o VAE] Val@Ep12 | score=1003.4440 AUC=0.7963 Acc=0.8486 F1=0.5776 PEHE=0.0650 dCATE=0.1392 Sens=0.0087 thr=0.31 feasible=1
[w/o VAE] Epoch 15/24 | loss_total=1.3931 recon=0.0119 hsic=0.0221 pred=0.3431 distill=0.0000
[w/o VAE] Val@Ep16 | score=1003.4351 AUC=0.7969 Acc=0.8363 F1=0.5788 PEHE=0.0478 dCATE=0.1339 Sens=0.0111 thr=0.25 feasible=1
[w/o VAE] Val@Ep20 | score=1003.4451 AUC=0.7955 Acc=0.8396 F1=0.5765 PEHE=0.0448 dCATE=0.1502 Sens=0.0168 thr=0.32 feasible=1
[w/o VAE] Epoch 20/24 | loss_total=1.3556 recon=0.0106 hsic=0.0220 pred=0.3341 distill=0.0000
[w/o VAE] Val@Ep24 | score=1003.4386 AUC=0.7947 Acc=0.8352 F1=0.5723 PEHE=0.0504 dCATE=0.1649 Sens=0.0150 thr=0.28 feasible=1
[w/o VAE] Restored best checkpoint at epoch 20 (score=1003.4451, thr=0.32)
[w/o HSIC] Epoch 5/24 | loss_total=1.4734 recon=0.0573 hsic=0.0208 pred=0.3479 distill=0.0000
[w/o HSIC] Val@Ep8 | score=1003.4241 AUC=0.7974 Acc=0.8408 F1=0.5831 PEHE=0.0659 dCATE=0.1181 Sens=0.0090 thr=0.33 feasible=1
[w/o HSIC] Epoch 10/24 | loss_total=1.4099 recon=0.0174 hsic=0.0205 pred=0.3446 distill=0.0000
[w/o HSIC] Val@Ep12 | score=1003.4423 AUC=0.7956 Acc=0.8497 F1=0.5794 PEHE=0.0628 dCATE=0.1363 Sens=0.0145 thr=0.32 feasible=1
[w/o HSIC] Epoch 15/24 | loss_total=1.3943 recon=0.0115 hsic=0.0197 pred=0.3435 distill=0.0000
[w/o HSIC] Val@Ep16 | score=1003.4349 AUC=0.7956 Acc=0.8430 F1=0.5766 PEHE=0.0565 dCATE=0.1433 Sens=0.0192 thr=0.28 feasible=1
[w/o HSIC] Val@Ep20 | score=1003.4240 AUC=0.7957 Acc=0.8352 F1=0.5747 PEHE=0.0445 dCATE=0.1372 Sens=0.0215 thr=0.26 feasible=1
[w/o HSIC] Epoch 20/24 | loss_total=1.3667 recon=0.0102 hsic=0.0193 pred=0.3365 distill=0.0000
[w/o HSIC] Val@Ep24 | score=1003.4419 AUC=0.7951 Acc=0.8408 F1=0.5731 PEHE=0.0509 dCATE=0.1619 Sens=0.0221 thr=0.30 feasible=1
[w/o HSIC] Restored best checkpoint at epoch 12 (score=1003.4423, thr=0.32)

[Done] Raw metrics: /home/UserData/ljx/Project_1/results/ablation_metrics_rigorous.json
[Done] Report: /home/UserData/ljx/Project_1/reports/task19.5_ablation_study_rigorous.md
