Script started...

[Seed 42] Loading data...
Training Full DLC (SOTA) from scratch (Seed 42)
[Full DLC (SOTA)] Epoch 5/40 | loss_total=2.2395 recon=0.0577 hsic=0.0213 pred=0.3446 distill=0.0000
[Full DLC (SOTA)] Val@Ep8 | score=1003.7207 AUC=0.7990 Acc=0.8463 F1=0.5741 PEHE=0.0395 dCATE=0.0902 Sens=0.0094 thr=0.36 feasible=1
[Full DLC (SOTA)] Epoch 10/40 | loss_total=2.1400 recon=0.0182 hsic=0.0209 pred=0.3425 distill=0.0000
[Full DLC (SOTA)] Val@Ep12 | score=1003.7233 AUC=0.7960 Acc=0.8252 F1=0.5858 PEHE=0.0351 dCATE=0.1381 Sens=0.0132 thr=0.24 feasible=1
[Full DLC (SOTA)] Epoch 15/40 | loss_total=2.1049 recon=0.0138 hsic=0.0206 pred=0.3409 distill=0.0000
[Full DLC (SOTA)] Val@Ep16 | score=1003.7501 AUC=0.7983 Acc=0.8307 F1=0.5801 PEHE=0.0198 dCATE=0.1493 Sens=0.0139 thr=0.23 feasible=1
[Full DLC (SOTA)] Val@Ep20 | score=1003.7427 AUC=0.7936 Acc=0.8318 F1=0.5794 PEHE=0.0217 dCATE=0.1511 Sens=0.0158 thr=0.25 feasible=1
[Full DLC (SOTA)] Epoch 20/40 | loss_total=2.0560 recon=0.0132 hsic=0.0208 pred=0.3329 distill=0.0000
[Full DLC (SOTA)] Val@Ep24 | score=1003.7094 AUC=0.7932 Acc=0.8263 F1=0.5642 PEHE=0.0224 dCATE=0.1545 Sens=0.0184 thr=0.24 feasible=1
[Full DLC (SOTA)] Epoch 25/40 | loss_total=2.0104 recon=0.0118 hsic=0.0209 pred=0.3259 distill=0.0000
[Full DLC (SOTA)] Val@Ep28 | score=1003.7314 AUC=0.7967 Acc=0.8307 F1=0.5682 PEHE=0.0256 dCATE=0.1723 Sens=0.0282 thr=0.26 feasible=1
[Full DLC (SOTA)] Epoch 30/40 | loss_total=1.9747 recon=0.0113 hsic=0.0210 pred=0.3199 distill=0.0000
[Full DLC (SOTA)] Val@Ep32 | score=1003.7135 AUC=0.7958 Acc=0.8241 F1=0.5659 PEHE=0.0221 dCATE=0.1715 Sens=0.0308 thr=0.24 feasible=1
[Full DLC (SOTA)] Epoch 35/40 | loss_total=1.9446 recon=0.0110 hsic=0.0208 pred=0.3151 distill=0.0000
[Full DLC (SOTA)] Val@Ep36 | score=1003.6371 AUC=0.7938 Acc=0.7973 F1=0.5561 PEHE=0.0231 dCATE=0.1743 Sens=0.0385 thr=0.16 feasible=1
[Full DLC (SOTA)] Val@Ep40 | score=1003.5920 AUC=0.7921 Acc=0.8085 F1=0.5450 PEHE=0.0351 dCATE=0.1191 Sens=0.0403 thr=0.17 feasible=1
[Full DLC (SOTA)] Epoch 40/40 | loss_total=1.9092 recon=0.0104 hsic=0.0205 pred=0.3097 distill=0.0000
[Full DLC (SOTA)] Restored best checkpoint at epoch 16 (score=1003.7501, thr=0.23)
[w/o HGNN] Epoch 5/30 | loss_total=1.5824 recon=0.2293 hsic=0.0162 pred=0.3371 distill=0.0000
[w/o HGNN] Val@Ep8 | score=1003.6614 AUC=0.7828 Acc=0.8252 F1=0.5577 PEHE=0.0544 dCATE=0.1805 Sens=0.0357 thr=0.25 feasible=1
[w/o HGNN] Epoch 10/30 | loss_total=1.3762 recon=0.0670 hsic=0.0188 pred=0.3249 distill=0.0000
[w/o HGNN] Val@Ep12 | score=1003.7101 AUC=0.7856 Acc=0.8486 F1=0.5696 PEHE=0.0612 dCATE=0.1681 Sens=0.0429 thr=0.42 feasible=1
[w/o HGNN] Epoch 15/30 | loss_total=1.2879 recon=0.0401 hsic=0.0212 pred=0.3096 distill=0.0000
[w/o HGNN] Val@Ep16 | score=1003.6318 AUC=0.7683 Acc=0.8408 F1=0.5545 PEHE=0.0789 dCATE=0.1783 Sens=0.0541 thr=0.35 feasible=1
[w/o HGNN] Val@Ep20 | score=1003.4771 AUC=0.7599 Acc=0.8096 F1=0.5210 PEHE=0.0907 dCATE=0.1722 Sens=0.0768 thr=0.25 feasible=1
[w/o HGNN] Epoch 20/30 | loss_total=1.2209 recon=0.0316 hsic=0.0221 pred=0.2922 distill=0.0000
[w/o HGNN] Val@Ep24 | score=1003.5061 AUC=0.7407 Acc=0.8352 F1=0.5163 PEHE=0.1001 dCATE=0.2049 Sens=0.0823 thr=0.37 feasible=1
[w/o HGNN] Epoch 25/30 | loss_total=1.0810 recon=0.0239 hsic=0.0226 pred=0.2593 distill=0.0000
[w/o HGNN] Val@Ep28 | score=1003.4109 AUC=0.7368 Acc=0.8107 F1=0.5198 PEHE=0.1197 dCATE=0.1746 Sens=0.0912 thr=0.25 feasible=1
[w/o HGNN] Epoch 30/30 | loss_total=1.0036 recon=0.0221 hsic=0.0226 pred=0.2403 distill=0.0000
[w/o HGNN] Restored best checkpoint at epoch 12 (score=1003.7101, thr=0.42)
[w/o VAE] Epoch 5/30 | loss_total=1.4619 recon=0.0433 hsic=0.0239 pred=0.3481 distill=0.0000
[w/o VAE] Val@Ep8 | score=1003.7103 AUC=0.7966 Acc=0.8396 F1=0.5789 PEHE=0.0633 dCATE=0.1163 Sens=0.0078 thr=0.32 feasible=1
[w/o VAE] Epoch 10/30 | loss_total=1.4075 recon=0.0159 hsic=0.0231 pred=0.3446 distill=0.0000
[w/o VAE] Val@Ep12 | score=1003.7403 AUC=0.7963 Acc=0.8486 F1=0.5776 PEHE=0.0650 dCATE=0.1392 Sens=0.0087 thr=0.31 feasible=1
[w/o VAE] Epoch 15/30 | loss_total=1.3931 recon=0.0119 hsic=0.0221 pred=0.3431 distill=0.0000
[w/o VAE] Val@Ep16 | score=1003.7261 AUC=0.7969 Acc=0.8363 F1=0.5788 PEHE=0.0478 dCATE=0.1339 Sens=0.0111 thr=0.25 feasible=1
[w/o VAE] Val@Ep20 | score=1003.7371 AUC=0.7955 Acc=0.8396 F1=0.5765 PEHE=0.0448 dCATE=0.1502 Sens=0.0168 thr=0.32 feasible=1
[w/o VAE] Epoch 20/30 | loss_total=1.3556 recon=0.0106 hsic=0.0220 pred=0.3341 distill=0.0000
[w/o VAE] Val@Ep24 | score=1003.7280 AUC=0.7947 Acc=0.8352 F1=0.5723 PEHE=0.0504 dCATE=0.1649 Sens=0.0150 thr=0.28 feasible=1
[w/o VAE] Epoch 25/30 | loss_total=1.3311 recon=0.0079 hsic=0.0214 pred=0.3286 distill=0.0000
[w/o VAE] Val@Ep28 | score=1003.6856 AUC=0.7935 Acc=0.8252 F1=0.5651 PEHE=0.0551 dCATE=0.1621 Sens=0.0204 thr=0.22 feasible=1
[w/o VAE] Epoch 30/30 | loss_total=1.3046 recon=0.0078 hsic=0.0215 pred=0.3219 distill=0.0000
[w/o VAE] Restored best checkpoint at epoch 12 (score=1003.7403, thr=0.31)
[w/o HSIC] Epoch 5/30 | loss_total=1.4734 recon=0.0573 hsic=0.0208 pred=0.3479 distill=0.0000
[w/o HSIC] Val@Ep8 | score=1003.7177 AUC=0.7974 Acc=0.8408 F1=0.5831 PEHE=0.0659 dCATE=0.1181 Sens=0.0090 thr=0.33 feasible=1
[w/o HSIC] Epoch 10/30 | loss_total=1.4099 recon=0.0174 hsic=0.0205 pred=0.3446 distill=0.0000
[w/o HSIC] Val@Ep12 | score=1003.7392 AUC=0.7956 Acc=0.8497 F1=0.5794 PEHE=0.0628 dCATE=0.1363 Sens=0.0145 thr=0.32 feasible=1
[w/o HSIC] Epoch 15/30 | loss_total=1.3943 recon=0.0115 hsic=0.0197 pred=0.3435 distill=0.0000
[w/o HSIC] Val@Ep16 | score=1003.7280 AUC=0.7956 Acc=0.8430 F1=0.5766 PEHE=0.0565 dCATE=0.1433 Sens=0.0192 thr=0.28 feasible=1
[w/o HSIC] Val@Ep20 | score=1003.7133 AUC=0.7957 Acc=0.8352 F1=0.5747 PEHE=0.0445 dCATE=0.1372 Sens=0.0215 thr=0.26 feasible=1
[w/o HSIC] Epoch 20/30 | loss_total=1.3667 recon=0.0102 hsic=0.0193 pred=0.3365 distill=0.0000
[w/o HSIC] Val@Ep24 | score=1003.7333 AUC=0.7951 Acc=0.8408 F1=0.5731 PEHE=0.0509 dCATE=0.1619 Sens=0.0221 thr=0.30 feasible=1
[w/o HSIC] Epoch 25/30 | loss_total=1.3471 recon=0.0087 hsic=0.0190 pred=0.3327 distill=0.0000
[w/o HSIC] Val@Ep28 | score=1003.7315 AUC=0.7938 Acc=0.8452 F1=0.5670 PEHE=0.0654 dCATE=0.1837 Sens=0.0268 thr=0.38 feasible=1
[w/o HSIC] Epoch 30/30 | loss_total=1.3247 recon=0.0086 hsic=0.0190 pred=0.3270 distill=0.0000
[w/o HSIC] Restored best checkpoint at epoch 12 (score=1003.7392, thr=0.32)

[Done] Raw metrics: /home/UserData/ljx/Project_1/results/ablation_metrics_rigorous.json
[Done] Report: /home/UserData/ljx/Project_1/reports/task19.5_ablation_study_rigorous.md
