Script started...

[Seed 42] Loading data...
Training w/o HGNN teacher for distillation (Seed 42)
[w/o HGNN (Teacher)] Epoch 5/30 | loss_total=1.5824 recon=0.2293 hsic=0.0162 pred=0.3371 distill=0.0000
[w/o HGNN (Teacher)] Val@Ep8 | score=1003.6696 AUC=0.7828 Acc=0.8252 F1=0.5577 PEHE=0.0544 dCATE=0.1805 Sens=0.0357 thr=0.25 feasible=1
[w/o HGNN (Teacher)] Epoch 10/30 | loss_total=1.3762 recon=0.0670 hsic=0.0188 pred=0.3249 distill=0.0000
[w/o HGNN (Teacher)] Val@Ep12 | score=1003.7217 AUC=0.7856 Acc=0.8486 F1=0.5696 PEHE=0.0612 dCATE=0.1681 Sens=0.0429 thr=0.42 feasible=1
[w/o HGNN (Teacher)] Epoch 15/30 | loss_total=1.2879 recon=0.0401 hsic=0.0212 pred=0.3096 distill=0.0000
[w/o HGNN (Teacher)] Val@Ep16 | score=1003.6453 AUC=0.7683 Acc=0.8408 F1=0.5545 PEHE=0.0789 dCATE=0.1783 Sens=0.0541 thr=0.35 feasible=1
[w/o HGNN (Teacher)] Val@Ep20 | score=1003.4879 AUC=0.7599 Acc=0.8096 F1=0.5210 PEHE=0.0907 dCATE=0.1722 Sens=0.0768 thr=0.25 feasible=1
[w/o HGNN (Teacher)] Epoch 20/30 | loss_total=1.2209 recon=0.0316 hsic=0.0221 pred=0.2922 distill=0.0000
[w/o HGNN (Teacher)] Val@Ep24 | score=1003.5239 AUC=0.7407 Acc=0.8352 F1=0.5163 PEHE=0.1001 dCATE=0.2049 Sens=0.0823 thr=0.37 feasible=1
[w/o HGNN (Teacher)] Epoch 25/30 | loss_total=1.0810 recon=0.0239 hsic=0.0226 pred=0.2593 distill=0.0000
[w/o HGNN (Teacher)] Val@Ep28 | score=1003.4262 AUC=0.7368 Acc=0.8107 F1=0.5198 PEHE=0.1197 dCATE=0.1746 Sens=0.0912 thr=0.25 feasible=1
[w/o HGNN (Teacher)] Epoch 30/30 | loss_total=1.0036 recon=0.0221 hsic=0.0226 pred=0.2403 distill=0.0000
[w/o HGNN (Teacher)] Restored best checkpoint at epoch 12 (score=1003.7217, thr=0.42)
Training w/o HSIC teacher for dual distillation (Seed 42)
[w/o HSIC (Teacher)] Epoch 5/30 | loss_total=1.4734 recon=0.0573 hsic=0.0208 pred=0.3479 distill=0.0000
[w/o HSIC (Teacher)] Val@Ep8 | score=1003.7257 AUC=0.7974 Acc=0.8408 F1=0.5831 PEHE=0.0659 dCATE=0.1181 Sens=0.0090 thr=0.33 feasible=1
[w/o HSIC (Teacher)] Epoch 10/30 | loss_total=1.4099 recon=0.0174 hsic=0.0205 pred=0.3446 distill=0.0000
[w/o HSIC (Teacher)] Val@Ep12 | score=1003.7488 AUC=0.7956 Acc=0.8497 F1=0.5794 PEHE=0.0628 dCATE=0.1363 Sens=0.0145 thr=0.32 feasible=1
[w/o HSIC (Teacher)] Epoch 15/30 | loss_total=1.3943 recon=0.0115 hsic=0.0197 pred=0.3435 distill=0.0000
[w/o HSIC (Teacher)] Val@Ep16 | score=1003.7366 AUC=0.7956 Acc=0.8430 F1=0.5766 PEHE=0.0565 dCATE=0.1433 Sens=0.0192 thr=0.28 feasible=1
[w/o HSIC (Teacher)] Val@Ep20 | score=1003.7205 AUC=0.7957 Acc=0.8352 F1=0.5747 PEHE=0.0445 dCATE=0.1372 Sens=0.0215 thr=0.26 feasible=1
[w/o HSIC (Teacher)] Epoch 20/30 | loss_total=1.3667 recon=0.0102 hsic=0.0193 pred=0.3365 distill=0.0000
[w/o HSIC (Teacher)] Val@Ep24 | score=1003.7416 AUC=0.7951 Acc=0.8408 F1=0.5731 PEHE=0.0509 dCATE=0.1619 Sens=0.0221 thr=0.30 feasible=1
[w/o HSIC (Teacher)] Epoch 25/30 | loss_total=1.3471 recon=0.0087 hsic=0.0190 pred=0.3327 distill=0.0000
[w/o HSIC (Teacher)] Val@Ep28 | score=1003.7410 AUC=0.7938 Acc=0.8452 F1=0.5670 PEHE=0.0654 dCATE=0.1837 Sens=0.0268 thr=0.38 feasible=1
[w/o HSIC (Teacher)] Epoch 30/30 | loss_total=1.3247 recon=0.0086 hsic=0.0190 pred=0.3270 distill=0.0000
[w/o HSIC (Teacher)] Restored best checkpoint at epoch 12 (score=1003.7488, thr=0.32)
Training Full DLC (SOTA) from scratch (Seed 42)
[Full DLC (SOTA)] Epoch 5/40 | loss_total=2.4693 recon=0.0567 hsic=0.0212 pred=0.3442 distill=0.3637
[Full DLC (SOTA)] Val@Ep8 | score=3.5711 AUC=0.7989 Acc=0.8374 F1=0.5780 PEHE=0.0400 dCATE=0.0891 Sens=0.0099 thr=0.31 feasible=0
[Full DLC (SOTA)] Epoch 10/40 | loss_total=2.3747 recon=0.0215 hsic=0.0211 pred=0.3419 distill=0.3631
[Full DLC (SOTA)] Val@Ep12 | score=1003.7142 AUC=0.7961 Acc=0.8229 F1=0.5782 PEHE=0.0330 dCATE=0.1361 Sens=0.0128 thr=0.24 feasible=1
[Full DLC (SOTA)] Epoch 15/40 | loss_total=2.3373 recon=0.0156 hsic=0.0209 pred=0.3403 distill=0.3621
[Full DLC (SOTA)] Val@Ep16 | score=1003.7357 AUC=0.7975 Acc=0.8263 F1=0.5761 PEHE=0.0209 dCATE=0.1448 Sens=0.0132 thr=0.22 feasible=1
[Full DLC (SOTA)] Val@Ep20 | score=1003.7419 AUC=0.7934 Acc=0.8296 F1=0.5762 PEHE=0.0216 dCATE=0.1547 Sens=0.0163 thr=0.26 feasible=1
[Full DLC (SOTA)] Epoch 20/40 | loss_total=2.2860 recon=0.0141 hsic=0.0212 pred=0.3325 distill=0.3612
[Full DLC (SOTA)] Val@Ep24 | score=1003.7143 AUC=0.7937 Acc=0.8229 F1=0.5668 PEHE=0.0237 dCATE=0.1590 Sens=0.0181 thr=0.23 feasible=1
[Full DLC (SOTA)] Epoch 25/40 | loss_total=2.2428 recon=0.0124 hsic=0.0212 pred=0.3260 distill=0.3620
[Full DLC (SOTA)] Val@Ep28 | score=1003.7051 AUC=0.7970 Acc=0.8196 F1=0.5598 PEHE=0.0318 dCATE=0.1823 Sens=0.0264 thr=0.23 feasible=1
[Full DLC (SOTA)] Epoch 30/40 | loss_total=2.2093 recon=0.0117 hsic=0.0213 pred=0.3202 distill=0.3658
[Full DLC (SOTA)] Val@Ep32 | score=1003.7092 AUC=0.7963 Acc=0.8241 F1=0.5587 PEHE=0.0237 dCATE=0.1696 Sens=0.0273 thr=0.24 feasible=1
[Full DLC (SOTA)] Epoch 35/40 | loss_total=2.1849 recon=0.0112 hsic=0.0212 pred=0.3162 distill=0.3684
[Full DLC (SOTA)] Val@Ep36 | score=1003.6927 AUC=0.7925 Acc=0.8229 F1=0.5521 PEHE=0.0243 dCATE=0.1776 Sens=0.0341 thr=0.24 feasible=1
[Full DLC (SOTA)] Val@Ep40 | score=1003.6404 AUC=0.7925 Acc=0.8163 F1=0.5528 PEHE=0.0288 dCATE=0.1287 Sens=0.0351 thr=0.19 feasible=1
[Full DLC (SOTA)] Epoch 40/40 | loss_total=2.1511 recon=0.0105 hsic=0.0208 pred=0.3107 distill=0.3718
[Full DLC (SOTA)] Restored best checkpoint at epoch 20 (score=1003.7419, thr=0.26)
[w/o VAE] Epoch 5/30 | loss_total=1.4619 recon=0.0433 hsic=0.0239 pred=0.3481 distill=0.0000
[w/o VAE] Val@Ep8 | score=1003.7181 AUC=0.7966 Acc=0.8396 F1=0.5789 PEHE=0.0633 dCATE=0.1163 Sens=0.0078 thr=0.32 feasible=1
[w/o VAE] Epoch 10/30 | loss_total=1.4075 recon=0.0159 hsic=0.0231 pred=0.3446 distill=0.0000
[w/o VAE] Val@Ep12 | score=1003.7496 AUC=0.7963 Acc=0.8486 F1=0.5776 PEHE=0.0650 dCATE=0.1392 Sens=0.0087 thr=0.31 feasible=1
[w/o VAE] Epoch 15/30 | loss_total=1.3931 recon=0.0119 hsic=0.0221 pred=0.3431 distill=0.0000
[w/o VAE] Val@Ep16 | score=1003.7332 AUC=0.7969 Acc=0.8363 F1=0.5788 PEHE=0.0478 dCATE=0.1339 Sens=0.0111 thr=0.25 feasible=1
[w/o VAE] Val@Ep20 | score=1003.7449 AUC=0.7955 Acc=0.8396 F1=0.5765 PEHE=0.0448 dCATE=0.1502 Sens=0.0168 thr=0.32 feasible=1
[w/o VAE] Epoch 20/30 | loss_total=1.3556 recon=0.0106 hsic=0.0220 pred=0.3341 distill=0.0000
[w/o VAE] Val@Ep24 | score=1003.7354 AUC=0.7947 Acc=0.8352 F1=0.5723 PEHE=0.0504 dCATE=0.1649 Sens=0.0150 thr=0.28 feasible=1
[w/o VAE] Epoch 25/30 | loss_total=1.3311 recon=0.0079 hsic=0.0214 pred=0.3286 distill=0.0000
[w/o VAE] Val@Ep28 | score=1003.6919 AUC=0.7935 Acc=0.8252 F1=0.5651 PEHE=0.0551 dCATE=0.1621 Sens=0.0204 thr=0.22 feasible=1
[w/o VAE] Epoch 30/30 | loss_total=1.3046 recon=0.0078 hsic=0.0215 pred=0.3219 distill=0.0000
[w/o VAE] Restored best checkpoint at epoch 12 (score=1003.7496, thr=0.31)

[Done] Raw metrics: /home/UserData/ljx/Project_1/results/ablation_metrics_rigorous.json
[Done] Report: /home/UserData/ljx/Project_1/reports/task19.5_ablation_study_rigorous.md
