Script started...

[Seed 42] Loading data...
Training Full DLC (SOTA) from scratch (Seed 42)
[Full DLC (SOTA)] Epoch 5/45 | loss_total=2.0315 recon=0.0562 hsic=0.0212 pred=0.3449 distill=0.0000
[Full DLC (SOTA)] Val@Ep8 | score=1.3377 AUC=0.7988 Acc=0.8463 F1=0.5767 PEHE=0.0405 dCATE=0.1015 Sens=0.0092 thr=0.36 feasible=0
[Full DLC (SOTA)] Epoch 10/45 | loss_total=1.9374 recon=0.0185 hsic=0.0211 pred=0.3430 distill=0.0000
[Full DLC (SOTA)] Val@Ep12 | score=1003.0864 AUC=0.7959 Acc=0.8252 F1=0.5836 PEHE=0.0343 dCATE=0.1401 Sens=0.0103 thr=0.25 feasible=1
[Full DLC (SOTA)] Epoch 15/45 | loss_total=1.9053 recon=0.0132 hsic=0.0209 pred=0.3418 distill=0.0000
[Full DLC (SOTA)] Val@Ep16 | score=1003.1081 AUC=0.7992 Acc=0.8296 F1=0.5762 PEHE=0.0170 dCATE=0.1524 Sens=0.0115 thr=0.23 feasible=1
[Full DLC (SOTA)] Val@Ep20 | score=1003.1129 AUC=0.7980 Acc=0.8296 F1=0.5762 PEHE=0.0205 dCATE=0.1657 Sens=0.0135 thr=0.25 feasible=1
[Full DLC (SOTA)] Epoch 20/45 | loss_total=1.8632 recon=0.0125 hsic=0.0211 pred=0.3344 distill=0.0000
[Full DLC (SOTA)] Val@Ep24 | score=1003.0920 AUC=0.7943 Acc=0.8252 F1=0.5745 PEHE=0.0196 dCATE=0.1599 Sens=0.0179 thr=0.24 feasible=1
[Full DLC (SOTA)] Epoch 25/45 | loss_total=1.8251 recon=0.0108 hsic=0.0210 pred=0.3281 distill=0.0000
[Full DLC (SOTA)] Val@Ep28 | score=1003.0776 AUC=0.7971 Acc=0.8296 F1=0.5666 PEHE=0.0188 dCATE=0.1575 Sens=0.0274 thr=0.25 feasible=1
[Full DLC (SOTA)] Epoch 30/45 | loss_total=1.7932 recon=0.0105 hsic=0.0211 pred=0.3219 distill=0.0000
[Full DLC (SOTA)] Val@Ep32 | score=1003.0751 AUC=0.7965 Acc=0.8263 F1=0.5667 PEHE=0.0195 dCATE=0.1641 Sens=0.0298 thr=0.25 feasible=1
[Full DLC (SOTA)] Epoch 35/45 | loss_total=1.7624 recon=0.0101 hsic=0.0208 pred=0.3166 distill=0.0000
[Full DLC (SOTA)] Val@Ep36 | score=1003.0674 AUC=0.7949 Acc=0.8263 F1=0.5642 PEHE=0.0215 dCATE=0.1744 Sens=0.0394 thr=0.25 feasible=1
[Full DLC (SOTA)] Val@Ep40 | score=1003.0063 AUC=0.7930 Acc=0.8408 F1=0.5517 PEHE=0.0346 dCATE=0.1192 Sens=0.0396 thr=0.29 feasible=1
[Full DLC (SOTA)] Epoch 40/45 | loss_total=1.7295 recon=0.0100 hsic=0.0205 pred=0.3109 distill=0.0000
[Full DLC (SOTA)] Val@Ep44 | score=1003.0062 AUC=0.7925 Acc=0.8118 F1=0.5493 PEHE=0.0203 dCATE=0.1647 Sens=0.0456 thr=0.18 feasible=1
[Full DLC (SOTA)] Epoch 45/45 | loss_total=1.6978 recon=0.0086 hsic=0.0207 pred=0.3054 distill=0.0000
[Full DLC (SOTA)] Restored best checkpoint at epoch 20 (score=1003.1129, thr=0.25)
[w/o HGNN] Epoch 5/35 | loss_total=1.5824 recon=0.2293 hsic=0.0162 pred=0.3371 distill=0.0000
[w/o HGNN] Val@Ep8 | score=1003.0198 AUC=0.7828 Acc=0.8252 F1=0.5577 PEHE=0.0544 dCATE=0.1805 Sens=0.0357 thr=0.25 feasible=1
[w/o HGNN] Epoch 10/35 | loss_total=1.3762 recon=0.0670 hsic=0.0188 pred=0.3249 distill=0.0000
[w/o HGNN] Val@Ep12 | score=1003.0535 AUC=0.7856 Acc=0.8486 F1=0.5696 PEHE=0.0612 dCATE=0.1681 Sens=0.0429 thr=0.42 feasible=1
[w/o HGNN] Epoch 15/35 | loss_total=1.2879 recon=0.0401 hsic=0.0212 pred=0.3096 distill=0.0000
[w/o HGNN] Val@Ep16 | score=1002.9802 AUC=0.7683 Acc=0.8408 F1=0.5545 PEHE=0.0789 dCATE=0.1783 Sens=0.0541 thr=0.35 feasible=1
[w/o HGNN] Val@Ep20 | score=1002.8332 AUC=0.7599 Acc=0.8096 F1=0.5210 PEHE=0.0907 dCATE=0.1722 Sens=0.0768 thr=0.25 feasible=1
[w/o HGNN] Epoch 20/35 | loss_total=1.2209 recon=0.0316 hsic=0.0221 pred=0.2922 distill=0.0000
[w/o HGNN] Val@Ep24 | score=1002.8540 AUC=0.7407 Acc=0.8352 F1=0.5163 PEHE=0.1001 dCATE=0.2049 Sens=0.0823 thr=0.37 feasible=1
[w/o HGNN] Epoch 25/35 | loss_total=1.0810 recon=0.0239 hsic=0.0226 pred=0.2593 distill=0.0000
[w/o HGNN] Val@Ep28 | score=0.7783 AUC=0.7368 Acc=0.8107 F1=0.5198 PEHE=0.1197 dCATE=0.1746 Sens=0.0912 thr=0.25 feasible=0
[w/o HGNN] Epoch 30/35 | loss_total=1.0036 recon=0.0221 hsic=0.0226 pred=0.2403 distill=0.0000
[w/o HGNN] Val@Ep32 | score=-1.1721 AUC=0.7187 Acc=0.7873 F1=0.5013 PEHE=0.1288 dCATE=0.2081 Sens=0.1096 thr=0.23 feasible=0
[w/o HGNN] Epoch 35/35 | loss_total=0.9288 recon=0.0203 hsic=0.0225 pred=0.2201 distill=0.0000
[w/o HGNN] Restored best checkpoint at epoch 12 (score=1003.0535, thr=0.42)
[w/o VAE] Epoch 5/35 | loss_total=1.4619 recon=0.0433 hsic=0.0239 pred=0.3481 distill=0.0000
[w/o VAE] Val@Ep8 | score=1003.0554 AUC=0.7966 Acc=0.8396 F1=0.5789 PEHE=0.0633 dCATE=0.1163 Sens=0.0078 thr=0.32 feasible=1
[w/o VAE] Epoch 10/35 | loss_total=1.4075 recon=0.0159 hsic=0.0231 pred=0.3446 distill=0.0000
[w/o VAE] Val@Ep12 | score=1003.0817 AUC=0.7963 Acc=0.8486 F1=0.5776 PEHE=0.0650 dCATE=0.1392 Sens=0.0087 thr=0.31 feasible=1
[w/o VAE] Epoch 15/35 | loss_total=1.3931 recon=0.0119 hsic=0.0221 pred=0.3431 distill=0.0000
[w/o VAE] Val@Ep16 | score=1003.0765 AUC=0.7969 Acc=0.8363 F1=0.5788 PEHE=0.0478 dCATE=0.1339 Sens=0.0111 thr=0.25 feasible=1
[w/o VAE] Val@Ep20 | score=1003.0868 AUC=0.7955 Acc=0.8396 F1=0.5765 PEHE=0.0448 dCATE=0.1502 Sens=0.0168 thr=0.32 feasible=1
[w/o VAE] Epoch 20/35 | loss_total=1.3556 recon=0.0106 hsic=0.0220 pred=0.3341 distill=0.0000
[w/o VAE] Val@Ep24 | score=1003.0808 AUC=0.7947 Acc=0.8352 F1=0.5723 PEHE=0.0504 dCATE=0.1649 Sens=0.0150 thr=0.28 feasible=1
[w/o VAE] Epoch 25/35 | loss_total=1.3311 recon=0.0079 hsic=0.0214 pred=0.3286 distill=0.0000
[w/o VAE] Val@Ep28 | score=1003.0416 AUC=0.7935 Acc=0.8252 F1=0.5651 PEHE=0.0551 dCATE=0.1621 Sens=0.0204 thr=0.22 feasible=1
[w/o VAE] Epoch 30/35 | loss_total=1.3046 recon=0.0078 hsic=0.0215 pred=0.3219 distill=0.0000
[w/o VAE] Val@Ep32 | score=1003.0430 AUC=0.7936 Acc=0.8252 F1=0.5602 PEHE=0.0516 dCATE=0.1750 Sens=0.0250 thr=0.25 feasible=1
[w/o VAE] Epoch 35/35 | loss_total=1.2798 recon=0.0077 hsic=0.0211 pred=0.3163 distill=0.0000
[w/o VAE] Restored best checkpoint at epoch 20 (score=1003.0868, thr=0.32)
[w/o HSIC] Epoch 5/35 | loss_total=1.4734 recon=0.0573 hsic=0.0208 pred=0.3479 distill=0.0000
[w/o HSIC] Val@Ep8 | score=1003.0630 AUC=0.7974 Acc=0.8408 F1=0.5831 PEHE=0.0659 dCATE=0.1181 Sens=0.0090 thr=0.33 feasible=1
[w/o HSIC] Epoch 10/35 | loss_total=1.4099 recon=0.0174 hsic=0.0205 pred=0.3446 distill=0.0000
[w/o HSIC] Val@Ep12 | score=1003.0801 AUC=0.7956 Acc=0.8497 F1=0.5794 PEHE=0.0628 dCATE=0.1363 Sens=0.0145 thr=0.32 feasible=1
[w/o HSIC] Epoch 15/35 | loss_total=1.3943 recon=0.0115 hsic=0.0197 pred=0.3435 distill=0.0000
[w/o HSIC] Val@Ep16 | score=1003.0732 AUC=0.7956 Acc=0.8430 F1=0.5766 PEHE=0.0565 dCATE=0.1433 Sens=0.0192 thr=0.28 feasible=1
[w/o HSIC] Val@Ep20 | score=1003.0631 AUC=0.7957 Acc=0.8352 F1=0.5747 PEHE=0.0445 dCATE=0.1372 Sens=0.0215 thr=0.26 feasible=1
[w/o HSIC] Epoch 20/35 | loss_total=1.3667 recon=0.0102 hsic=0.0193 pred=0.3365 distill=0.0000
[w/o HSIC] Val@Ep24 | score=1003.0814 AUC=0.7951 Acc=0.8408 F1=0.5731 PEHE=0.0509 dCATE=0.1619 Sens=0.0221 thr=0.30 feasible=1
[w/o HSIC] Epoch 25/35 | loss_total=1.3471 recon=0.0087 hsic=0.0190 pred=0.3327 distill=0.0000
[w/o HSIC] Val@Ep28 | score=1003.0759 AUC=0.7938 Acc=0.8452 F1=0.5670 PEHE=0.0654 dCATE=0.1837 Sens=0.0268 thr=0.38 feasible=1
[w/o HSIC] Epoch 30/35 | loss_total=1.3247 recon=0.0086 hsic=0.0190 pred=0.3270 distill=0.0000
[w/o HSIC] Val@Ep32 | score=1003.0455 AUC=0.7947 Acc=0.8229 F1=0.5644 PEHE=0.0554 dCATE=0.1845 Sens=0.0331 thr=0.26 feasible=1
[w/o HSIC] Epoch 35/35 | loss_total=1.3050 recon=0.0085 hsic=0.0191 pred=0.3224 distill=0.0000
[w/o HSIC] Restored best checkpoint at epoch 24 (score=1003.0814, thr=0.30)

[Done] Raw metrics: /home/UserData/ljx/Project_1/results/ablation_metrics_rigorous.json
[Done] Report: /home/UserData/ljx/Project_1/reports/task19.5_ablation_study_rigorous.md
