RUN d1_fullcate10_softablation {'name': 'd1_fullcate10_softablation', 'sota_lambda_pred': 9.5, 'sota_lambda_sens': 5.2, 'sota_lambda_cate': 10.0, 'ablation_lambda_pred': 0.12, 'ablation_lambda_cate': 8.0, 'ablation_lambda_ite': 12.0, 'ablation_lambda_hsic': 0.08, 'wogh_lambda_pred': 0.06, 'wogh_lambda_cate': 12.0, 'wogh_lambda_ite': 16.0, 'wogh_lambda_hsic': 0.1}
Script started...

[Seed 42] Loading data...
Training Full DLC (SOTA) from scratch (Seed 42)
[Full DLC (SOTA)] Epoch 5/110 | loss_total=3.9081 recon=0.0644 hsic=0.0216 pred=0.3474 distill=0.0000 aux=0.3589
[Full DLC (SOTA)] Epoch 10/110 | loss_total=3.7596 recon=0.0219 hsic=0.0212 pred=0.3435 distill=0.0000 aux=0.3556
[Full DLC (SOTA)] Epoch 15/110 | loss_total=3.7103 recon=0.0184 hsic=0.0213 pred=0.3407 distill=0.0000 aux=0.3484
[Full DLC (SOTA)] Epoch 20/110 | loss_total=3.6399 recon=0.0163 hsic=0.0215 pred=0.3342 distill=0.0000 aux=0.3403
[Full DLC (SOTA)] Epoch 25/110 | loss_total=3.5527 recon=0.0137 hsic=0.0214 pred=0.3271 distill=0.0000 aux=0.3340
[Full DLC (SOTA)] Epoch 30/110 | loss_total=3.5125 recon=0.0134 hsic=0.0214 pred=0.3235 distill=0.0000 aux=0.3295
[Full DLC (SOTA)] Epoch 35/110 | loss_total=3.4815 recon=0.0132 hsic=0.0213 pred=0.3205 distill=0.0000 aux=0.3246
[Full DLC (SOTA)] Epoch 40/110 | loss_total=3.4315 recon=0.0128 hsic=0.0210 pred=0.3153 distill=0.0000 aux=0.3233
[Full DLC (SOTA)] Epoch 45/110 | loss_total=3.3548 recon=0.0113 hsic=0.0208 pred=0.3085 distill=0.0000 aux=0.3167
[Full DLC (SOTA)] Epoch 50/110 | loss_total=3.3159 recon=0.0110 hsic=0.0207 pred=0.3045 distill=0.0000 aux=0.3157
[Full DLC (SOTA)] Epoch 55/110 | loss_total=3.2613 recon=0.0107 hsic=0.0207 pred=0.2994 distill=0.0000 aux=0.3104
[Full DLC (SOTA)] Epoch 60/110 | loss_total=3.2367 recon=0.0105 hsic=0.0205 pred=0.2971 distill=0.0000 aux=0.3099
[Full DLC (SOTA)] Epoch 65/110 | loss_total=3.1968 recon=0.0098 hsic=0.0206 pred=0.2934 distill=0.0000 aux=0.3067
[Full DLC (SOTA)] Epoch 70/110 | loss_total=3.2009 recon=0.0097 hsic=0.0203 pred=0.2932 distill=0.0000 aux=0.3080
[Full DLC (SOTA)] Epoch 75/110 | loss_total=3.1569 recon=0.0096 hsic=0.0204 pred=0.2895 distill=0.0000 aux=0.3025
[Full DLC (SOTA)] Epoch 80/110 | loss_total=3.1525 recon=0.0095 hsic=0.0203 pred=0.2884 distill=0.0000 aux=0.3040
[Full DLC (SOTA)] Epoch 85/110 | loss_total=3.1407 recon=0.0091 hsic=0.0201 pred=0.2882 distill=0.0000 aux=0.3022
[Full DLC (SOTA)] Epoch 90/110 | loss_total=3.1273 recon=0.0090 hsic=0.0203 pred=0.2864 distill=0.0000 aux=0.3026
[Full DLC (SOTA)] Epoch 95/110 | loss_total=3.1281 recon=0.0090 hsic=0.0203 pred=0.2864 distill=0.0000 aux=0.3015
[Full DLC (SOTA)] Epoch 100/110 | loss_total=3.0697 recon=0.0089 hsic=0.0203 pred=0.2813 distill=0.0000 aux=0.2973
[Full DLC (SOTA)] Epoch 105/110 | loss_total=3.0805 recon=0.0088 hsic=0.0203 pred=0.2821 distill=0.0000 aux=0.3006
[Full DLC (SOTA)] Epoch 110/110 | loss_total=3.0882 recon=0.0088 hsic=0.0203 pred=0.2824 distill=0.0000 aux=0.3010

[Seed 43] Loading data...
Training Full DLC (SOTA) from scratch (Seed 43)
[Full DLC (SOTA)] Epoch 5/110 | loss_total=3.8981 recon=0.0614 hsic=0.0216 pred=0.3458 distill=0.0000 aux=0.3600
[Full DLC (SOTA)] Epoch 10/110 | loss_total=3.7650 recon=0.0238 hsic=0.0214 pred=0.3441 distill=0.0000 aux=0.3545
[Full DLC (SOTA)] Epoch 15/110 | loss_total=3.6884 recon=0.0181 hsic=0.0212 pred=0.3392 distill=0.0000 aux=0.3497
[Full DLC (SOTA)] Epoch 20/110 | loss_total=3.6468 recon=0.0154 hsic=0.0216 pred=0.3347 distill=0.0000 aux=0.3439
[Full DLC (SOTA)] Epoch 25/110 | loss_total=3.5975 recon=0.0131 hsic=0.0213 pred=0.3313 distill=0.0000 aux=0.3374
[Full DLC (SOTA)] Epoch 30/110 | loss_total=3.5691 recon=0.0128 hsic=0.0211 pred=0.3285 distill=0.0000 aux=0.3358
[Full DLC (SOTA)] Epoch 35/110 | loss_total=3.5192 recon=0.0126 hsic=0.0211 pred=0.3239 distill=0.0000 aux=0.3311
[Full DLC (SOTA)] Epoch 40/110 | loss_total=3.4853 recon=0.0119 hsic=0.0208 pred=0.3204 distill=0.0000 aux=0.3288
[Full DLC (SOTA)] Epoch 45/110 | loss_total=3.4252 recon=0.0109 hsic=0.0206 pred=0.3144 distill=0.0000 aux=0.3255
[Full DLC (SOTA)] Epoch 50/110 | loss_total=3.3927 recon=0.0106 hsic=0.0206 pred=0.3113 distill=0.0000 aux=0.3222
[Full DLC (SOTA)] Epoch 55/110 | loss_total=3.3709 recon=0.0104 hsic=0.0205 pred=0.3094 distill=0.0000 aux=0.3207
[Full DLC (SOTA)] Epoch 60/110 | loss_total=3.3541 recon=0.0103 hsic=0.0204 pred=0.3074 distill=0.0000 aux=0.3212
[Full DLC (SOTA)] Epoch 65/110 | loss_total=3.3316 recon=0.0096 hsic=0.0203 pred=0.3053 distill=0.0000 aux=0.3186
[Full DLC (SOTA)] Epoch 70/110 | loss_total=3.3183 recon=0.0095 hsic=0.0204 pred=0.3039 distill=0.0000 aux=0.3190
[Full DLC (SOTA)] Epoch 75/110 | loss_total=3.3024 recon=0.0095 hsic=0.0203 pred=0.3025 distill=0.0000 aux=0.3168
[Full DLC (SOTA)] Epoch 80/110 | loss_total=3.2800 recon=0.0094 hsic=0.0203 pred=0.3005 distill=0.0000 aux=0.3139
[Full DLC (SOTA)] Epoch 85/110 | loss_total=3.2717 recon=0.0090 hsic=0.0203 pred=0.2998 distill=0.0000 aux=0.3132
[Full DLC (SOTA)] Epoch 90/110 | loss_total=3.2697 recon=0.0090 hsic=0.0202 pred=0.2994 distill=0.0000 aux=0.3144
[Full DLC (SOTA)] Epoch 95/110 | loss_total=3.2565 recon=0.0091 hsic=0.0201 pred=0.2981 distill=0.0000 aux=0.3123
[Full DLC (SOTA)] Epoch 100/110 | loss_total=3.2769 recon=0.0089 hsic=0.0203 pred=0.3000 distill=0.0000 aux=0.3141
[Full DLC (SOTA)] Epoch 105/110 | loss_total=3.2145 recon=0.0087 hsic=0.0202 pred=0.2949 distill=0.0000 aux=0.3050
[Full DLC (SOTA)] Epoch 110/110 | loss_total=3.2223 recon=0.0088 hsic=0.0199 pred=0.2953 distill=0.0000 aux=0.3079

[Seed 44] Loading data...
Training Full DLC (SOTA) from scratch (Seed 44)
[Full DLC (SOTA)] Epoch 5/110 | loss_total=3.8919 recon=0.0666 hsic=0.0210 pred=0.3472 distill=0.0000 aux=0.3567
[Full DLC (SOTA)] Epoch 10/110 | loss_total=3.7681 recon=0.0269 hsic=0.0211 pred=0.3444 distill=0.0000 aux=0.3519
[Full DLC (SOTA)] Epoch 15/110 | loss_total=3.7225 recon=0.0206 hsic=0.0209 pred=0.3415 distill=0.0000 aux=0.3484
[Full DLC (SOTA)] Epoch 20/110 | loss_total=3.6617 recon=0.0182 hsic=0.0210 pred=0.3370 distill=0.0000 aux=0.3410
[Full DLC (SOTA)] Epoch 25/110 | loss_total=3.5927 recon=0.0155 hsic=0.0209 pred=0.3311 distill=0.0000 aux=0.3347
[Full DLC (SOTA)] Epoch 30/110 | loss_total=3.5527 recon=0.0158 hsic=0.0210 pred=0.3269 distill=0.0000 aux=0.3328
[Full DLC (SOTA)] Epoch 35/110 | loss_total=3.4816 recon=0.0158 hsic=0.0210 pred=0.3206 distill=0.0000 aux=0.3272
[Full DLC (SOTA)] Epoch 40/110 | loss_total=3.4446 recon=0.0151 hsic=0.0207 pred=0.3165 distill=0.0000 aux=0.3255
[Full DLC (SOTA)] Epoch 45/110 | loss_total=3.3769 recon=0.0133 hsic=0.0210 pred=0.3107 distill=0.0000 aux=0.3194
[Full DLC (SOTA)] Epoch 50/110 | loss_total=3.3621 recon=0.0130 hsic=0.0210 pred=0.3086 distill=0.0000 aux=0.3205
[Full DLC (SOTA)] Epoch 55/110 | loss_total=3.3476 recon=0.0125 hsic=0.0210 pred=0.3076 distill=0.0000 aux=0.3182
[Full DLC (SOTA)] Epoch 60/110 | loss_total=3.3055 recon=0.0121 hsic=0.0208 pred=0.3033 distill=0.0000 aux=0.3155
[Full DLC (SOTA)] Epoch 65/110 | loss_total=3.2356 recon=0.0114 hsic=0.0208 pred=0.2971 distill=0.0000 aux=0.3127
[Full DLC (SOTA)] Epoch 70/110 | loss_total=3.2455 recon=0.0112 hsic=0.0209 pred=0.2979 distill=0.0000 aux=0.3128
[Full DLC (SOTA)] Epoch 75/110 | loss_total=3.2159 recon=0.0111 hsic=0.0207 pred=0.2951 distill=0.0000 aux=0.3090
[Full DLC (SOTA)] Epoch 80/110 | loss_total=3.2101 recon=0.0109 hsic=0.0208 pred=0.2942 distill=0.0000 aux=0.3092
[Full DLC (SOTA)] Epoch 85/110 | loss_total=3.1784 recon=0.0105 hsic=0.0208 pred=0.2913 distill=0.0000 aux=0.3079
[Full DLC (SOTA)] Epoch 90/110 | loss_total=3.1662 recon=0.0104 hsic=0.0207 pred=0.2905 distill=0.0000 aux=0.3061
[Full DLC (SOTA)] Epoch 95/110 | loss_total=3.1676 recon=0.0103 hsic=0.0208 pred=0.2899 distill=0.0000 aux=0.3058
[Full DLC (SOTA)] Epoch 100/110 | loss_total=3.1415 recon=0.0103 hsic=0.0209 pred=0.2883 distill=0.0000 aux=0.3018
[Full DLC (SOTA)] Epoch 105/110 | loss_total=3.1448 recon=0.0101 hsic=0.0208 pred=0.2884 distill=0.0000 aux=0.3022
[Full DLC (SOTA)] Epoch 110/110 | loss_total=3.1334 recon=0.0100 hsic=0.0207 pred=0.2867 distill=0.0000 aux=0.3023

[Seed 45] Loading data...
Training Full DLC (SOTA) from scratch (Seed 45)
[Full DLC (SOTA)] Epoch 5/110 | loss_total=3.9201 recon=0.0636 hsic=0.0212 pred=0.3502 distill=0.0000 aux=0.3618
[Full DLC (SOTA)] Epoch 10/110 | loss_total=3.7755 recon=0.0249 hsic=0.0212 pred=0.3439 distill=0.0000 aux=0.3522
[Full DLC (SOTA)] Epoch 15/110 | loss_total=3.7350 recon=0.0194 hsic=0.0214 pred=0.3432 distill=0.0000 aux=0.3477
[Full DLC (SOTA)] Epoch 20/110 | loss_total=3.6571 recon=0.0179 hsic=0.0215 pred=0.3361 distill=0.0000 aux=0.3416
[Full DLC (SOTA)] Epoch 25/110 | loss_total=3.5911 recon=0.0152 hsic=0.0216 pred=0.3308 distill=0.0000 aux=0.3357
[Full DLC (SOTA)] Epoch 30/110 | loss_total=3.5380 recon=0.0150 hsic=0.0214 pred=0.3248 distill=0.0000 aux=0.3342
[Full DLC (SOTA)] Epoch 35/110 | loss_total=3.5244 recon=0.0149 hsic=0.0211 pred=0.3226 distill=0.0000 aux=0.3347
[Full DLC (SOTA)] Epoch 40/110 | loss_total=3.4461 recon=0.0146 hsic=0.0209 pred=0.3162 distill=0.0000 aux=0.3287
[Full DLC (SOTA)] Epoch 45/110 | loss_total=3.3801 recon=0.0132 hsic=0.0210 pred=0.3093 distill=0.0000 aux=0.3252
[Full DLC (SOTA)] Epoch 50/110 | loss_total=3.3620 recon=0.0130 hsic=0.0209 pred=0.3077 distill=0.0000 aux=0.3262
[Full DLC (SOTA)] Epoch 55/110 | loss_total=3.3330 recon=0.0128 hsic=0.0209 pred=0.3051 distill=0.0000 aux=0.3234
[Full DLC (SOTA)] Epoch 60/110 | loss_total=3.2979 recon=0.0127 hsic=0.0205 pred=0.3014 distill=0.0000 aux=0.3212
[Full DLC (SOTA)] Epoch 65/110 | loss_total=3.2551 recon=0.0119 hsic=0.0208 pred=0.2974 distill=0.0000 aux=0.3191
[Full DLC (SOTA)] Epoch 70/110 | loss_total=3.2434 recon=0.0118 hsic=0.0206 pred=0.2960 distill=0.0000 aux=0.3197
[Full DLC (SOTA)] Epoch 75/110 | loss_total=3.2168 recon=0.0118 hsic=0.0206 pred=0.2934 distill=0.0000 aux=0.3189
[Full DLC (SOTA)] Epoch 80/110 | loss_total=3.2299 recon=0.0117 hsic=0.0206 pred=0.2948 distill=0.0000 aux=0.3192
[Full DLC (SOTA)] Epoch 85/110 | loss_total=3.2253 recon=0.0113 hsic=0.0205 pred=0.2941 distill=0.0000 aux=0.3189
[Full DLC (SOTA)] Epoch 90/110 | loss_total=3.1617 recon=0.0113 hsic=0.0205 pred=0.2885 distill=0.0000 aux=0.3133
[Full DLC (SOTA)] Epoch 95/110 | loss_total=3.1659 recon=0.0112 hsic=0.0205 pred=0.2884 distill=0.0000 aux=0.3164
[Full DLC (SOTA)] Epoch 100/110 | loss_total=3.1845 recon=0.0111 hsic=0.0204 pred=0.2903 distill=0.0000 aux=0.3148
[Full DLC (SOTA)] Epoch 105/110 | loss_total=3.1562 recon=0.0110 hsic=0.0205 pred=0.2880 distill=0.0000 aux=0.3159
[Full DLC (SOTA)] Epoch 110/110 | loss_total=3.1512 recon=0.0109 hsic=0.0203 pred=0.2873 distill=0.0000 aux=0.3140

[Seed 46] Loading data...
Training Full DLC (SOTA) from scratch (Seed 46)
[Full DLC (SOTA)] Epoch 5/110 | loss_total=3.9206 recon=0.0638 hsic=0.0209 pred=0.3497 distill=0.0000 aux=0.3635
[Full DLC (SOTA)] Epoch 10/110 | loss_total=3.7776 recon=0.0235 hsic=0.0210 pred=0.3458 distill=0.0000 aux=0.3519
[Full DLC (SOTA)] Epoch 15/110 | loss_total=3.7242 recon=0.0183 hsic=0.0209 pred=0.3427 distill=0.0000 aux=0.3459
[Full DLC (SOTA)] Epoch 20/110 | loss_total=3.6911 recon=0.0164 hsic=0.0206 pred=0.3397 distill=0.0000 aux=0.3441
[Full DLC (SOTA)] Epoch 25/110 | loss_total=3.6138 recon=0.0143 hsic=0.0205 pred=0.3331 distill=0.0000 aux=0.3380
[Full DLC (SOTA)] Epoch 30/110 | loss_total=3.5767 recon=0.0145 hsic=0.0203 pred=0.3295 distill=0.0000 aux=0.3354
[Full DLC (SOTA)] Epoch 35/110 | loss_total=3.5135 recon=0.0140 hsic=0.0201 pred=0.3230 distill=0.0000 aux=0.3330
[Full DLC (SOTA)] Epoch 40/110 | loss_total=3.5039 recon=0.0131 hsic=0.0200 pred=0.3222 distill=0.0000 aux=0.3309
[Full DLC (SOTA)] Epoch 45/110 | loss_total=3.4454 recon=0.0119 hsic=0.0199 pred=0.3171 distill=0.0000 aux=0.3281
[Full DLC (SOTA)] Epoch 50/110 | loss_total=3.4071 recon=0.0116 hsic=0.0197 pred=0.3132 distill=0.0000 aux=0.3266
[Full DLC (SOTA)] Epoch 55/110 | loss_total=3.3853 recon=0.0117 hsic=0.0197 pred=0.3113 distill=0.0000 aux=0.3222
[Full DLC (SOTA)] Epoch 60/110 | loss_total=3.3501 recon=0.0113 hsic=0.0197 pred=0.3077 distill=0.0000 aux=0.3218
[Full DLC (SOTA)] Epoch 65/110 | loss_total=3.3417 recon=0.0105 hsic=0.0196 pred=0.3072 distill=0.0000 aux=0.3215
[Full DLC (SOTA)] Epoch 70/110 | loss_total=3.3089 recon=0.0103 hsic=0.0196 pred=0.3041 distill=0.0000 aux=0.3182
[Full DLC (SOTA)] Epoch 75/110 | loss_total=3.3137 recon=0.0103 hsic=0.0197 pred=0.3041 distill=0.0000 aux=0.3205
[Full DLC (SOTA)] Epoch 80/110 | loss_total=3.2987 recon=0.0101 hsic=0.0198 pred=0.3027 distill=0.0000 aux=0.3170
[Full DLC (SOTA)] Epoch 85/110 | loss_total=3.2483 recon=0.0097 hsic=0.0197 pred=0.2985 distill=0.0000 aux=0.3114
[Full DLC (SOTA)] Epoch 90/110 | loss_total=3.2772 recon=0.0096 hsic=0.0196 pred=0.3009 distill=0.0000 aux=0.3165
[Full DLC (SOTA)] Epoch 95/110 | loss_total=3.2436 recon=0.0096 hsic=0.0197 pred=0.2977 distill=0.0000 aux=0.3139
[Full DLC (SOTA)] Epoch 100/110 | loss_total=3.2316 recon=0.0095 hsic=0.0195 pred=0.2963 distill=0.0000 aux=0.3145
[Full DLC (SOTA)] Epoch 105/110 | loss_total=3.2176 recon=0.0094 hsic=0.0196 pred=0.2954 distill=0.0000 aux=0.3096
[Full DLC (SOTA)] Epoch 110/110 | loss_total=3.2386 recon=0.0093 hsic=0.0197 pred=0.2973 distill=0.0000 aux=0.3143

[Done] Raw metrics: /home/UserData/ljx/Project_1/results/ablation_metrics_rigorous.json
[Done] Report: /home/UserData/ljx/Project_1/reports/task19.5_ablation_study_rigorous.md
 -> {'name': 'd1_fullcate10_softablation', 'cfg': {'name': 'd1_fullcate10_softablation', 'sota_lambda_pred': 9.5, 'sota_lambda_sens': 5.2, 'sota_lambda_cate': 10.0, 'ablation_lambda_pred': 0.12, 'ablation_lambda_cate': 8.0, 'ablation_lambda_ite': 12.0, 'ablation_lambda_hsic': 0.08, 'wogh_lambda_pred': 0.06, 'wogh_lambda_cate': 12.0, 'wogh_lambda_ite': 16.0, 'wogh_lambda_hsic': 0.1}, 'ok': False, 'score': 16, 'delta_ok': True, 'full': {'AUC': '0.8098 ± 0.0243', 'Acc': '0.6602 ± 0.0368', 'F1': '0.6746 ± 0.0235', 'PEHE': '0.0416 ± 0.0032', 'Delta CATE': '0.1477 ± 0.0182', 'Sensitivity': '0.0042 ± 0.0026'}, 'fails': [{'ablation': 'w/o HGNN', 'metric': 'Delta CATE', 'full': 0.1476648449897766, 'ablation_mean': 0.17127528488636018, 'margin': -0.023610439896583568}, {'ablation': 'w/o VAE', 'metric': 'F1', 'full': 0.674633025116971, 'ablation_mean': 0.6764316606474863, 'margin': -0.0017986355305152912}]}
RUN d2_fullcate11_softablation {'name': 'd2_fullcate11_softablation', 'sota_lambda_pred': 9.0, 'sota_lambda_sens': 5.0, 'sota_lambda_cate': 11.0, 'ablation_lambda_pred': 0.1, 'ablation_lambda_cate': 7.0, 'ablation_lambda_ite': 10.0, 'ablation_lambda_hsic': 0.08, 'wogh_lambda_pred': 0.05, 'wogh_lambda_cate': 10.0, 'wogh_lambda_ite': 14.0, 'wogh_lambda_hsic': 0.1}
Script started...

[Seed 42] Loading data...
Training Full DLC (SOTA) from scratch (Seed 42)
[Full DLC (SOTA)] Epoch 5/110 | loss_total=3.7281 recon=0.0682 hsic=0.0215 pred=0.3477 distill=0.0000 aux=0.3588
[Full DLC (SOTA)] Epoch 10/110 | loss_total=3.5944 recon=0.0230 hsic=0.0215 pred=0.3439 distill=0.0000 aux=0.3551
[Full DLC (SOTA)] Epoch 15/110 | loss_total=3.5425 recon=0.0184 hsic=0.0214 pred=0.3411 distill=0.0000 aux=0.3483
[Full DLC (SOTA)] Epoch 20/110 | loss_total=3.4863 recon=0.0160 hsic=0.0214 pred=0.3351 distill=0.0000 aux=0.3416
[Full DLC (SOTA)] Epoch 25/110 | loss_total=3.3949 recon=0.0134 hsic=0.0211 pred=0.3278 distill=0.0000 aux=0.3334
[Full DLC (SOTA)] Epoch 30/110 | loss_total=3.3542 recon=0.0132 hsic=0.0212 pred=0.3241 distill=0.0000 aux=0.3286
[Full DLC (SOTA)] Epoch 35/110 | loss_total=3.3205 recon=0.0127 hsic=0.0212 pred=0.3207 distill=0.0000 aux=0.3250
[Full DLC (SOTA)] Epoch 40/110 | loss_total=3.2765 recon=0.0121 hsic=0.0209 pred=0.3158 distill=0.0000 aux=0.3246
[Full DLC (SOTA)] Epoch 45/110 | loss_total=3.2044 recon=0.0103 hsic=0.0207 pred=0.3093 distill=0.0000 aux=0.3168
[Full DLC (SOTA)] Epoch 50/110 | loss_total=3.1735 recon=0.0099 hsic=0.0207 pred=0.3057 distill=0.0000 aux=0.3170
[Full DLC (SOTA)] Epoch 55/110 | loss_total=3.1236 recon=0.0096 hsic=0.0206 pred=0.3010 distill=0.0000 aux=0.3114
[Full DLC (SOTA)] Epoch 60/110 | loss_total=3.1029 recon=0.0095 hsic=0.0204 pred=0.2988 distill=0.0000 aux=0.3110
[Full DLC (SOTA)] Epoch 65/110 | loss_total=3.0665 recon=0.0088 hsic=0.0205 pred=0.2955 distill=0.0000 aux=0.3076
[Full DLC (SOTA)] Epoch 70/110 | loss_total=3.0767 recon=0.0086 hsic=0.0202 pred=0.2958 distill=0.0000 aux=0.3104
[Full DLC (SOTA)] Epoch 75/110 | loss_total=3.0329 recon=0.0086 hsic=0.0203 pred=0.2921 distill=0.0000 aux=0.3038
[Full DLC (SOTA)] Epoch 80/110 | loss_total=3.0227 recon=0.0085 hsic=0.0201 pred=0.2903 distill=0.0000 aux=0.3063
[Full DLC (SOTA)] Epoch 85/110 | loss_total=3.0165 recon=0.0082 hsic=0.0200 pred=0.2903 distill=0.0000 aux=0.3049
[Full DLC (SOTA)] Epoch 90/110 | loss_total=2.9980 recon=0.0081 hsic=0.0202 pred=0.2881 distill=0.0000 aux=0.3052
[Full DLC (SOTA)] Epoch 95/110 | loss_total=3.0065 recon=0.0081 hsic=0.0202 pred=0.2887 distill=0.0000 aux=0.3041
[Full DLC (SOTA)] Epoch 100/110 | loss_total=2.9537 recon=0.0080 hsic=0.0202 pred=0.2839 distill=0.0000 aux=0.3005
[Full DLC (SOTA)] Epoch 105/110 | loss_total=2.9673 recon=0.0079 hsic=0.0203 pred=0.2851 distill=0.0000 aux=0.3034
[Full DLC (SOTA)] Epoch 110/110 | loss_total=2.9706 recon=0.0079 hsic=0.0203 pred=0.2849 distill=0.0000 aux=0.3037

[Seed 43] Loading data...
Training Full DLC (SOTA) from scratch (Seed 43)
[Full DLC (SOTA)] Epoch 5/110 | loss_total=3.7152 recon=0.0620 hsic=0.0216 pred=0.3460 distill=0.0000 aux=0.3606
[Full DLC (SOTA)] Epoch 10/110 | loss_total=3.5974 recon=0.0229 hsic=0.0219 pred=0.3444 distill=0.0000 aux=0.3541
[Full DLC (SOTA)] Epoch 15/110 | loss_total=3.5250 recon=0.0174 hsic=0.0219 pred=0.3401 distill=0.0000 aux=0.3499
[Full DLC (SOTA)] Epoch 20/110 | loss_total=3.4935 recon=0.0152 hsic=0.0222 pred=0.3366 distill=0.0000 aux=0.3447
[Full DLC (SOTA)] Epoch 25/110 | loss_total=3.4554 recon=0.0126 hsic=0.0218 pred=0.3337 distill=0.0000 aux=0.3403
[Full DLC (SOTA)] Epoch 30/110 | loss_total=3.4299 recon=0.0122 hsic=0.0217 pred=0.3314 distill=0.0000 aux=0.3389
[Full DLC (SOTA)] Epoch 35/110 | loss_total=3.3859 recon=0.0121 hsic=0.0217 pred=0.3271 distill=0.0000 aux=0.3347
[Full DLC (SOTA)] Epoch 40/110 | loss_total=3.3488 recon=0.0119 hsic=0.0216 pred=0.3231 distill=0.0000 aux=0.3311
[Full DLC (SOTA)] Epoch 45/110 | loss_total=3.2925 recon=0.0108 hsic=0.0213 pred=0.3173 distill=0.0000 aux=0.3285
[Full DLC (SOTA)] Epoch 50/110 | loss_total=3.2596 recon=0.0108 hsic=0.0213 pred=0.3142 distill=0.0000 aux=0.3254
[Full DLC (SOTA)] Epoch 55/110 | loss_total=3.2342 recon=0.0105 hsic=0.0212 pred=0.3118 distill=0.0000 aux=0.3235
[Full DLC (SOTA)] Epoch 60/110 | loss_total=3.2170 recon=0.0104 hsic=0.0210 pred=0.3098 distill=0.0000 aux=0.3233
[Full DLC (SOTA)] Epoch 65/110 | loss_total=3.1937 recon=0.0096 hsic=0.0209 pred=0.3075 distill=0.0000 aux=0.3208
[Full DLC (SOTA)] Epoch 70/110 | loss_total=3.1788 recon=0.0094 hsic=0.0210 pred=0.3059 distill=0.0000 aux=0.3202
[Full DLC (SOTA)] Epoch 75/110 | loss_total=3.1627 recon=0.0094 hsic=0.0208 pred=0.3043 distill=0.0000 aux=0.3181
[Full DLC (SOTA)] Epoch 80/110 | loss_total=3.1409 recon=0.0093 hsic=0.0208 pred=0.3023 distill=0.0000 aux=0.3150
[Full DLC (SOTA)] Epoch 85/110 | loss_total=3.1277 recon=0.0090 hsic=0.0209 pred=0.3009 distill=0.0000 aux=0.3142
[Full DLC (SOTA)] Epoch 90/110 | loss_total=3.1244 recon=0.0090 hsic=0.0208 pred=0.3009 distill=0.0000 aux=0.3127
[Full DLC (SOTA)] Epoch 95/110 | loss_total=3.1173 recon=0.0090 hsic=0.0207 pred=0.2998 distill=0.0000 aux=0.3124
[Full DLC (SOTA)] Epoch 100/110 | loss_total=3.1253 recon=0.0089 hsic=0.0209 pred=0.3011 distill=0.0000 aux=0.3111
[Full DLC (SOTA)] Epoch 105/110 | loss_total=3.0749 recon=0.0087 hsic=0.0207 pred=0.2963 distill=0.0000 aux=0.3057
[Full DLC (SOTA)] Epoch 110/110 | loss_total=3.0770 recon=0.0088 hsic=0.0205 pred=0.2964 distill=0.0000 aux=0.3074

[Seed 44] Loading data...
Training Full DLC (SOTA) from scratch (Seed 44)
[Full DLC (SOTA)] Epoch 5/110 | loss_total=3.7154 recon=0.0687 hsic=0.0208 pred=0.3473 distill=0.0000 aux=0.3573
[Full DLC (SOTA)] Epoch 10/110 | loss_total=3.5959 recon=0.0275 hsic=0.0212 pred=0.3446 distill=0.0000 aux=0.3522
[Full DLC (SOTA)] Epoch 15/110 | loss_total=3.5489 recon=0.0201 hsic=0.0209 pred=0.3416 distill=0.0000 aux=0.3479
[Full DLC (SOTA)] Epoch 20/110 | loss_total=3.4971 recon=0.0175 hsic=0.0213 pred=0.3376 distill=0.0000 aux=0.3412
[Full DLC (SOTA)] Epoch 25/110 | loss_total=3.4359 recon=0.0145 hsic=0.0212 pred=0.3325 distill=0.0000 aux=0.3357
[Full DLC (SOTA)] Epoch 30/110 | loss_total=3.4028 recon=0.0144 hsic=0.0213 pred=0.3289 distill=0.0000 aux=0.3339
[Full DLC (SOTA)] Epoch 35/110 | loss_total=3.3395 recon=0.0146 hsic=0.0212 pred=0.3229 distill=0.0000 aux=0.3280
[Full DLC (SOTA)] Epoch 40/110 | loss_total=3.3047 recon=0.0141 hsic=0.0210 pred=0.3190 distill=0.0000 aux=0.3262
[Full DLC (SOTA)] Epoch 45/110 | loss_total=3.2497 recon=0.0125 hsic=0.0213 pred=0.3136 distill=0.0000 aux=0.3218
[Full DLC (SOTA)] Epoch 50/110 | loss_total=3.2338 recon=0.0123 hsic=0.0213 pred=0.3114 distill=0.0000 aux=0.3232
[Full DLC (SOTA)] Epoch 55/110 | loss_total=3.2286 recon=0.0118 hsic=0.0214 pred=0.3111 distill=0.0000 aux=0.3230
[Full DLC (SOTA)] Epoch 60/110 | loss_total=3.1857 recon=0.0115 hsic=0.0212 pred=0.3067 distill=0.0000 aux=0.3185
[Full DLC (SOTA)] Epoch 65/110 | loss_total=3.1276 recon=0.0107 hsic=0.0213 pred=0.3012 distill=0.0000 aux=0.3173
[Full DLC (SOTA)] Epoch 70/110 | loss_total=3.1378 recon=0.0106 hsic=0.0215 pred=0.3022 distill=0.0000 aux=0.3169
[Full DLC (SOTA)] Epoch 75/110 | loss_total=3.1125 recon=0.0105 hsic=0.0213 pred=0.2995 distill=0.0000 aux=0.3129
[Full DLC (SOTA)] Epoch 80/110 | loss_total=3.1048 recon=0.0102 hsic=0.0214 pred=0.2988 distill=0.0000 aux=0.3130
[Full DLC (SOTA)] Epoch 85/110 | loss_total=3.0799 recon=0.0099 hsic=0.0214 pred=0.2963 distill=0.0000 aux=0.3130
[Full DLC (SOTA)] Epoch 90/110 | loss_total=3.0719 recon=0.0099 hsic=0.0213 pred=0.2958 distill=0.0000 aux=0.3105
[Full DLC (SOTA)] Epoch 95/110 | loss_total=3.0741 recon=0.0098 hsic=0.0214 pred=0.2953 distill=0.0000 aux=0.3106
[Full DLC (SOTA)] Epoch 100/110 | loss_total=3.0513 recon=0.0097 hsic=0.0216 pred=0.2938 distill=0.0000 aux=0.3075
[Full DLC (SOTA)] Epoch 105/110 | loss_total=3.0520 recon=0.0095 hsic=0.0216 pred=0.2938 distill=0.0000 aux=0.3077
[Full DLC (SOTA)] Epoch 110/110 | loss_total=3.0421 recon=0.0095 hsic=0.0214 pred=0.2922 distill=0.0000 aux=0.3073

[Seed 45] Loading data...
Training Full DLC (SOTA) from scratch (Seed 45)
[Full DLC (SOTA)] Epoch 5/110 | loss_total=3.7403 recon=0.0625 hsic=0.0211 pred=0.3501 distill=0.0000 aux=0.3613
[Full DLC (SOTA)] Epoch 10/110 | loss_total=3.5983 recon=0.0242 hsic=0.0211 pred=0.3440 distill=0.0000 aux=0.3518
[Full DLC (SOTA)] Epoch 15/110 | loss_total=3.5595 recon=0.0187 hsic=0.0212 pred=0.3432 distill=0.0000 aux=0.3475
[Full DLC (SOTA)] Epoch 20/110 | loss_total=3.4870 recon=0.0171 hsic=0.0216 pred=0.3361 distill=0.0000 aux=0.3416
[Full DLC (SOTA)] Epoch 25/110 | loss_total=3.4243 recon=0.0143 hsic=0.0216 pred=0.3307 distill=0.0000 aux=0.3362
[Full DLC (SOTA)] Epoch 30/110 | loss_total=3.3817 recon=0.0140 hsic=0.0214 pred=0.3255 distill=0.0000 aux=0.3345
[Full DLC (SOTA)] Epoch 35/110 | loss_total=3.3705 recon=0.0138 hsic=0.0212 pred=0.3236 distill=0.0000 aux=0.3349
[Full DLC (SOTA)] Epoch 40/110 | loss_total=3.2944 recon=0.0137 hsic=0.0209 pred=0.3169 distill=0.0000 aux=0.3293
[Full DLC (SOTA)] Epoch 45/110 | loss_total=3.2305 recon=0.0122 hsic=0.0211 pred=0.3100 distill=0.0000 aux=0.3259
[Full DLC (SOTA)] Epoch 50/110 | loss_total=3.2217 recon=0.0119 hsic=0.0210 pred=0.3094 distill=0.0000 aux=0.3258
[Full DLC (SOTA)] Epoch 55/110 | loss_total=3.1871 recon=0.0117 hsic=0.0210 pred=0.3058 distill=0.0000 aux=0.3237
[Full DLC (SOTA)] Epoch 60/110 | loss_total=3.1565 recon=0.0117 hsic=0.0205 pred=0.3023 distill=0.0000 aux=0.3208
[Full DLC (SOTA)] Epoch 65/110 | loss_total=3.1127 recon=0.0108 hsic=0.0208 pred=0.2981 distill=0.0000 aux=0.3181
[Full DLC (SOTA)] Epoch 70/110 | loss_total=3.0973 recon=0.0107 hsic=0.0205 pred=0.2965 distill=0.0000 aux=0.3188
[Full DLC (SOTA)] Epoch 75/110 | loss_total=3.0750 recon=0.0106 hsic=0.0206 pred=0.2940 distill=0.0000 aux=0.3184
[Full DLC (SOTA)] Epoch 80/110 | loss_total=3.0851 recon=0.0105 hsic=0.0206 pred=0.2952 distill=0.0000 aux=0.3174
[Full DLC (SOTA)] Epoch 85/110 | loss_total=3.0828 recon=0.0102 hsic=0.0205 pred=0.2946 distill=0.0000 aux=0.3177
[Full DLC (SOTA)] Epoch 90/110 | loss_total=3.0239 recon=0.0102 hsic=0.0205 pred=0.2891 distill=0.0000 aux=0.3131
[Full DLC (SOTA)] Epoch 95/110 | loss_total=3.0219 recon=0.0101 hsic=0.0205 pred=0.2886 distill=0.0000 aux=0.3146
[Full DLC (SOTA)] Epoch 100/110 | loss_total=3.0416 recon=0.0100 hsic=0.0204 pred=0.2904 distill=0.0000 aux=0.3154
[Full DLC (SOTA)] Epoch 105/110 | loss_total=3.0161 recon=0.0098 hsic=0.0205 pred=0.2884 distill=0.0000 aux=0.3151
[Full DLC (SOTA)] Epoch 110/110 | loss_total=3.0077 recon=0.0097 hsic=0.0203 pred=0.2873 distill=0.0000 aux=0.3131

[Seed 46] Loading data...
Training Full DLC (SOTA) from scratch (Seed 46)
[Full DLC (SOTA)] Epoch 5/110 | loss_total=3.7365 recon=0.0642 hsic=0.0209 pred=0.3498 distill=0.0000 aux=0.3639
[Full DLC (SOTA)] Epoch 10/110 | loss_total=3.6032 recon=0.0237 hsic=0.0214 pred=0.3457 distill=0.0000 aux=0.3527
[Full DLC (SOTA)] Epoch 15/110 | loss_total=3.5563 recon=0.0177 hsic=0.0212 pred=0.3429 distill=0.0000 aux=0.3475
[Full DLC (SOTA)] Epoch 20/110 | loss_total=3.5280 recon=0.0154 hsic=0.0207 pred=0.3406 distill=0.0000 aux=0.3455
[Full DLC (SOTA)] Epoch 25/110 | loss_total=3.4613 recon=0.0132 hsic=0.0208 pred=0.3347 distill=0.0000 aux=0.3392
[Full DLC (SOTA)] Epoch 30/110 | loss_total=3.4286 recon=0.0134 hsic=0.0206 pred=0.3313 distill=0.0000 aux=0.3371
[Full DLC (SOTA)] Epoch 35/110 | loss_total=3.3712 recon=0.0135 hsic=0.0205 pred=0.3251 distill=0.0000 aux=0.3346
[Full DLC (SOTA)] Epoch 40/110 | loss_total=3.3666 recon=0.0133 hsic=0.0205 pred=0.3244 distill=0.0000 aux=0.3340
[Full DLC (SOTA)] Epoch 45/110 | loss_total=3.3142 recon=0.0120 hsic=0.0203 pred=0.3198 distill=0.0000 aux=0.3310
[Full DLC (SOTA)] Epoch 50/110 | loss_total=3.2803 recon=0.0117 hsic=0.0202 pred=0.3161 distill=0.0000 aux=0.3296
[Full DLC (SOTA)] Epoch 55/110 | loss_total=3.2585 recon=0.0119 hsic=0.0202 pred=0.3143 distill=0.0000 aux=0.3256
[Full DLC (SOTA)] Epoch 60/110 | loss_total=3.2287 recon=0.0115 hsic=0.0201 pred=0.3108 distill=0.0000 aux=0.3252
[Full DLC (SOTA)] Epoch 65/110 | loss_total=3.2253 recon=0.0106 hsic=0.0200 pred=0.3111 distill=0.0000 aux=0.3248
[Full DLC (SOTA)] Epoch 70/110 | loss_total=3.1950 recon=0.0106 hsic=0.0200 pred=0.3080 distill=0.0000 aux=0.3218
[Full DLC (SOTA)] Epoch 75/110 | loss_total=3.1971 recon=0.0105 hsic=0.0200 pred=0.3078 distill=0.0000 aux=0.3234
[Full DLC (SOTA)] Epoch 80/110 | loss_total=3.1880 recon=0.0103 hsic=0.0201 pred=0.3069 distill=0.0000 aux=0.3221
[Full DLC (SOTA)] Epoch 85/110 | loss_total=3.1403 recon=0.0100 hsic=0.0200 pred=0.3026 distill=0.0000 aux=0.3156
[Full DLC (SOTA)] Epoch 90/110 | loss_total=3.1674 recon=0.0099 hsic=0.0199 pred=0.3049 distill=0.0000 aux=0.3217
[Full DLC (SOTA)] Epoch 95/110 | loss_total=3.1371 recon=0.0099 hsic=0.0200 pred=0.3020 distill=0.0000 aux=0.3183
[Full DLC (SOTA)] Epoch 100/110 | loss_total=3.1231 recon=0.0098 hsic=0.0199 pred=0.3005 distill=0.0000 aux=0.3175
[Full DLC (SOTA)] Epoch 105/110 | loss_total=3.1123 recon=0.0097 hsic=0.0199 pred=0.2997 distill=0.0000 aux=0.3139
[Full DLC (SOTA)] Epoch 110/110 | loss_total=3.1299 recon=0.0096 hsic=0.0200 pred=0.3012 distill=0.0000 aux=0.3180

[Done] Raw metrics: /home/UserData/ljx/Project_1/results/ablation_metrics_rigorous.json
[Done] Report: /home/UserData/ljx/Project_1/reports/task19.5_ablation_study_rigorous.md
 -> {'name': 'd2_fullcate11_softablation', 'cfg': {'name': 'd2_fullcate11_softablation', 'sota_lambda_pred': 9.0, 'sota_lambda_sens': 5.0, 'sota_lambda_cate': 11.0, 'ablation_lambda_pred': 0.1, 'ablation_lambda_cate': 7.0, 'ablation_lambda_ite': 10.0, 'ablation_lambda_hsic': 0.08, 'wogh_lambda_pred': 0.05, 'wogh_lambda_cate': 10.0, 'wogh_lambda_ite': 14.0, 'wogh_lambda_hsic': 0.1}, 'ok': False, 'score': 17, 'delta_ok': True, 'full': {'AUC': '0.8043 ± 0.0257', 'Acc': '0.6777 ± 0.0365', 'F1': '0.6790 ± 0.0299', 'PEHE': '0.0372 ± 0.0044', 'Delta CATE': '0.1480 ± 0.0170', 'Sensitivity': '0.0037 ± 0.0021'}, 'fails': [{'ablation': 'w/o HGNN', 'metric': 'Delta CATE', 'full': 0.14801904261112214, 'ablation_mean': 0.16911782026290895, 'margin': -0.021098777651786804}]}
NO_HIT
