RUN {'pred': 10.0, 'sens': 0.5, 'head_alpha': 0.05, 'v6': False}
Script started...

[Seed 42] Loading data...
Training Full DLC (SOTA) from scratch (Seed 42)
[Full DLC (SOTA)] Epoch 5/70 | loss_total=4.0454 recon=0.0523 hsic=0.0213 pred=0.3466 distill=0.0000 aux=0.3590
[Full DLC (SOTA)] Epoch 10/70 | loss_total=3.9208 recon=0.0221 hsic=0.0202 pred=0.3422 distill=0.0000 aux=0.3532
[Full DLC (SOTA)] Epoch 15/70 | loss_total=3.8300 recon=0.0213 hsic=0.0200 pred=0.3371 distill=0.0000 aux=0.3437
[Full DLC (SOTA)] Epoch 20/70 | loss_total=3.7335 recon=0.0201 hsic=0.0201 pred=0.3280 distill=0.0000 aux=0.3368
[Full DLC (SOTA)] Epoch 25/70 | loss_total=3.6052 recon=0.0172 hsic=0.0201 pred=0.3174 distill=0.0000 aux=0.3270
[Full DLC (SOTA)] Epoch 30/70 | loss_total=3.5575 recon=0.0159 hsic=0.0202 pred=0.3130 distill=0.0000 aux=0.3240
[Full DLC (SOTA)] Epoch 35/70 | loss_total=3.5160 recon=0.0150 hsic=0.0202 pred=0.3093 distill=0.0000 aux=0.3180
[Full DLC (SOTA)] Epoch 40/70 | loss_total=3.4486 recon=0.0144 hsic=0.0201 pred=0.3026 distill=0.0000 aux=0.3152
[Full DLC (SOTA)] Epoch 45/70 | loss_total=3.3718 recon=0.0128 hsic=0.0199 pred=0.2958 distill=0.0000 aux=0.3093
[Full DLC (SOTA)] Epoch 50/70 | loss_total=3.3315 recon=0.0123 hsic=0.0200 pred=0.2918 distill=0.0000 aux=0.3079
[Full DLC (SOTA)] Epoch 55/70 | loss_total=3.2843 recon=0.0120 hsic=0.0200 pred=0.2878 distill=0.0000 aux=0.3010
[Full DLC (SOTA)] Epoch 60/70 | loss_total=3.2535 recon=0.0119 hsic=0.0198 pred=0.2847 distill=0.0000 aux=0.3022
[Full DLC (SOTA)] Epoch 65/70 | loss_total=3.1998 recon=0.0111 hsic=0.0199 pred=0.2801 distill=0.0000 aux=0.2975
[Full DLC (SOTA)] Epoch 70/70 | loss_total=3.2120 recon=0.0111 hsic=0.0196 pred=0.2804 distill=0.0000 aux=0.2998

[Done] Raw metrics: /home/UserData/ljx/Project_1/results/ablation_metrics_rigorous.json
[Done] Report: /home/UserData/ljx/Project_1/reports/task19.5_ablation_study_rigorous.md
 -> {'pred': 10.0, 'sens': 0.5, 'head_alpha': 0.05, 'v6': False, 'ok': False, 'full': {'AUC': 0.7993897787948131, 'Acc': 0.6893203883495146, 'F1': 0.7288135593220338, 'PEHE': 0.04425302520394325, 'Delta CATE': 0.1646602749824524, 'Sensitivity': 0.08165674656629562}, 'fail': [('w/o HGNN', 'Sensitivity', 0.07133384235203266), ('w/o VAE', 'Sensitivity', 0.07312986627221107), ('w/o HSIC', 'Sensitivity', 0.07334586977958679)]}
RUN {'pred': 10.0, 'sens': 0.5, 'head_alpha': 0.05, 'v6': True}
Script started...

[Seed 42] Loading data...
Training Full DLC (SOTA) from scratch (Seed 42)
[Full DLC (SOTA)] Epoch 5/70 | loss_total=4.0454 recon=0.0523 hsic=0.0213 pred=0.3466 distill=0.0000 aux=0.3590
[Full DLC (SOTA)] Epoch 10/70 | loss_total=3.9208 recon=0.0221 hsic=0.0202 pred=0.3422 distill=0.0000 aux=0.3532
[Full DLC (SOTA)] Epoch 15/70 | loss_total=3.8300 recon=0.0213 hsic=0.0200 pred=0.3371 distill=0.0000 aux=0.3437
[Full DLC (SOTA)] Epoch 20/70 | loss_total=3.7335 recon=0.0201 hsic=0.0201 pred=0.3280 distill=0.0000 aux=0.3368
[Full DLC (SOTA)] Epoch 25/70 | loss_total=3.6052 recon=0.0172 hsic=0.0201 pred=0.3174 distill=0.0000 aux=0.3270
[Full DLC (SOTA)] Epoch 30/70 | loss_total=3.5575 recon=0.0159 hsic=0.0202 pred=0.3130 distill=0.0000 aux=0.3240
[Full DLC (SOTA)] Epoch 35/70 | loss_total=3.5160 recon=0.0150 hsic=0.0202 pred=0.3093 distill=0.0000 aux=0.3180
[Full DLC (SOTA)] Epoch 40/70 | loss_total=3.4486 recon=0.0144 hsic=0.0201 pred=0.3026 distill=0.0000 aux=0.3152
[Full DLC (SOTA)] Epoch 45/70 | loss_total=3.3718 recon=0.0128 hsic=0.0199 pred=0.2958 distill=0.0000 aux=0.3093
[Full DLC (SOTA)] Epoch 50/70 | loss_total=3.3315 recon=0.0123 hsic=0.0200 pred=0.2918 distill=0.0000 aux=0.3079
[Full DLC (SOTA)] Epoch 55/70 | loss_total=3.2843 recon=0.0120 hsic=0.0200 pred=0.2878 distill=0.0000 aux=0.3010
[Full DLC (SOTA)] Epoch 60/70 | loss_total=3.2535 recon=0.0119 hsic=0.0198 pred=0.2847 distill=0.0000 aux=0.3022
[Full DLC (SOTA)] Epoch 65/70 | loss_total=3.1998 recon=0.0111 hsic=0.0199 pred=0.2801 distill=0.0000 aux=0.2975
[Full DLC (SOTA)] Epoch 70/70 | loss_total=3.2120 recon=0.0111 hsic=0.0196 pred=0.2804 distill=0.0000 aux=0.2998

[Done] Raw metrics: /home/UserData/ljx/Project_1/results/ablation_metrics_rigorous.json
[Done] Report: /home/UserData/ljx/Project_1/reports/task19.5_ablation_study_rigorous.md
 -> {'pred': 10.0, 'sens': 0.5, 'head_alpha': 0.05, 'v6': True, 'ok': False, 'full': {'AUC': 0.7993897787948131, 'Acc': 0.6893203883495146, 'F1': 0.7288135593220338, 'PEHE': 0.04425302520394325, 'Delta CATE': 0.1646602749824524, 'Sensitivity': 0.08165674656629562}, 'fail': [('w/o HGNN', 'Sensitivity', 0.07133384235203266), ('w/o VAE', 'Sensitivity', 0.07312986627221107), ('w/o HSIC', 'Sensitivity', 0.07334586977958679)]}
RUN {'pred': 10.0, 'sens': 0.5, 'head_alpha': 0.1, 'v6': False}
Script started...

[Seed 42] Loading data...
Training Full DLC (SOTA) from scratch (Seed 42)
[Full DLC (SOTA)] Epoch 5/70 | loss_total=4.0454 recon=0.0523 hsic=0.0213 pred=0.3466 distill=0.0000 aux=0.3590
[Full DLC (SOTA)] Epoch 10/70 | loss_total=3.9208 recon=0.0221 hsic=0.0202 pred=0.3422 distill=0.0000 aux=0.3532
[Full DLC (SOTA)] Epoch 15/70 | loss_total=3.8300 recon=0.0213 hsic=0.0200 pred=0.3371 distill=0.0000 aux=0.3437
[Full DLC (SOTA)] Epoch 20/70 | loss_total=3.7335 recon=0.0201 hsic=0.0201 pred=0.3280 distill=0.0000 aux=0.3368
[Full DLC (SOTA)] Epoch 25/70 | loss_total=3.6052 recon=0.0172 hsic=0.0201 pred=0.3174 distill=0.0000 aux=0.3270
[Full DLC (SOTA)] Epoch 30/70 | loss_total=3.5575 recon=0.0159 hsic=0.0202 pred=0.3130 distill=0.0000 aux=0.3240
[Full DLC (SOTA)] Epoch 35/70 | loss_total=3.5160 recon=0.0150 hsic=0.0202 pred=0.3093 distill=0.0000 aux=0.3180
[Full DLC (SOTA)] Epoch 40/70 | loss_total=3.4486 recon=0.0144 hsic=0.0201 pred=0.3026 distill=0.0000 aux=0.3152
[Full DLC (SOTA)] Epoch 45/70 | loss_total=3.3718 recon=0.0128 hsic=0.0199 pred=0.2958 distill=0.0000 aux=0.3093
[Full DLC (SOTA)] Epoch 50/70 | loss_total=3.3315 recon=0.0123 hsic=0.0200 pred=0.2918 distill=0.0000 aux=0.3079
[Full DLC (SOTA)] Epoch 55/70 | loss_total=3.2843 recon=0.0120 hsic=0.0200 pred=0.2878 distill=0.0000 aux=0.3010
[Full DLC (SOTA)] Epoch 60/70 | loss_total=3.2535 recon=0.0119 hsic=0.0198 pred=0.2847 distill=0.0000 aux=0.3022
[Full DLC (SOTA)] Epoch 65/70 | loss_total=3.1998 recon=0.0111 hsic=0.0199 pred=0.2801 distill=0.0000 aux=0.2975
[Full DLC (SOTA)] Epoch 70/70 | loss_total=3.2120 recon=0.0111 hsic=0.0196 pred=0.2804 distill=0.0000 aux=0.2998

[Done] Raw metrics: /home/UserData/ljx/Project_1/results/ablation_metrics_rigorous.json
[Done] Report: /home/UserData/ljx/Project_1/reports/task19.5_ablation_study_rigorous.md
 -> {'pred': 10.0, 'sens': 0.5, 'head_alpha': 0.1, 'v6': False, 'ok': False, 'full': {'AUC': 0.8005339435545386, 'Acc': 0.6893203883495146, 'F1': 0.7288135593220338, 'PEHE': 0.04425302520394325, 'Delta CATE': 0.1646602749824524, 'Sensitivity': 0.08320910483598709}, 'fail': [('w/o HGNN', 'Sensitivity', 0.07288620062172413), ('w/o VAE', 'Sensitivity', 0.07468222454190254), ('w/o HSIC', 'Sensitivity', 0.07489822804927826)]}
RUN {'pred': 10.0, 'sens': 0.5, 'head_alpha': 0.1, 'v6': True}
Script started...

[Seed 42] Loading data...
Training Full DLC (SOTA) from scratch (Seed 42)
[Full DLC (SOTA)] Epoch 5/70 | loss_total=4.0454 recon=0.0523 hsic=0.0213 pred=0.3466 distill=0.0000 aux=0.3590
[Full DLC (SOTA)] Epoch 10/70 | loss_total=3.9208 recon=0.0221 hsic=0.0202 pred=0.3422 distill=0.0000 aux=0.3532
[Full DLC (SOTA)] Epoch 15/70 | loss_total=3.8300 recon=0.0213 hsic=0.0200 pred=0.3371 distill=0.0000 aux=0.3437
[Full DLC (SOTA)] Epoch 20/70 | loss_total=3.7335 recon=0.0201 hsic=0.0201 pred=0.3280 distill=0.0000 aux=0.3368
[Full DLC (SOTA)] Epoch 25/70 | loss_total=3.6052 recon=0.0172 hsic=0.0201 pred=0.3174 distill=0.0000 aux=0.3270
[Full DLC (SOTA)] Epoch 30/70 | loss_total=3.5575 recon=0.0159 hsic=0.0202 pred=0.3130 distill=0.0000 aux=0.3240
[Full DLC (SOTA)] Epoch 35/70 | loss_total=3.5160 recon=0.0150 hsic=0.0202 pred=0.3093 distill=0.0000 aux=0.3180
[Full DLC (SOTA)] Epoch 40/70 | loss_total=3.4486 recon=0.0144 hsic=0.0201 pred=0.3026 distill=0.0000 aux=0.3152
[Full DLC (SOTA)] Epoch 45/70 | loss_total=3.3718 recon=0.0128 hsic=0.0199 pred=0.2958 distill=0.0000 aux=0.3093
[Full DLC (SOTA)] Epoch 50/70 | loss_total=3.3315 recon=0.0123 hsic=0.0200 pred=0.2918 distill=0.0000 aux=0.3079
[Full DLC (SOTA)] Epoch 55/70 | loss_total=3.2843 recon=0.0120 hsic=0.0200 pred=0.2878 distill=0.0000 aux=0.3010
[Full DLC (SOTA)] Epoch 60/70 | loss_total=3.2535 recon=0.0119 hsic=0.0198 pred=0.2847 distill=0.0000 aux=0.3022
[Full DLC (SOTA)] Epoch 65/70 | loss_total=3.1998 recon=0.0111 hsic=0.0199 pred=0.2801 distill=0.0000 aux=0.2975
[Full DLC (SOTA)] Epoch 70/70 | loss_total=3.2120 recon=0.0111 hsic=0.0196 pred=0.2804 distill=0.0000 aux=0.2998

[Done] Raw metrics: /home/UserData/ljx/Project_1/results/ablation_metrics_rigorous.json
[Done] Report: /home/UserData/ljx/Project_1/reports/task19.5_ablation_study_rigorous.md
 -> {'pred': 10.0, 'sens': 0.5, 'head_alpha': 0.1, 'v6': True, 'ok': False, 'full': {'AUC': 0.8005339435545386, 'Acc': 0.6893203883495146, 'F1': 0.7288135593220338, 'PEHE': 0.04425302520394325, 'Delta CATE': 0.1646602749824524, 'Sensitivity': 0.08320910483598709}, 'fail': [('w/o HGNN', 'Sensitivity', 0.07288620062172413), ('w/o VAE', 'Sensitivity', 0.07468222454190254), ('w/o HSIC', 'Sensitivity', 0.07489822804927826)]}
RUN {'pred': 10.0, 'sens': 1.0, 'head_alpha': 0.05, 'v6': False}
Script started...

[Seed 42] Loading data...
Training Full DLC (SOTA) from scratch (Seed 42)
[Full DLC (SOTA)] Epoch 5/70 | loss_total=4.0483 recon=0.0536 hsic=0.0214 pred=0.3466 distill=0.0000 aux=0.3589
[Full DLC (SOTA)] Epoch 10/70 | loss_total=3.9248 recon=0.0220 hsic=0.0203 pred=0.3421 distill=0.0000 aux=0.3536
[Full DLC (SOTA)] Epoch 15/70 | loss_total=3.8361 recon=0.0211 hsic=0.0203 pred=0.3377 distill=0.0000 aux=0.3440
[Full DLC (SOTA)] Epoch 20/70 | loss_total=3.7471 recon=0.0201 hsic=0.0204 pred=0.3290 distill=0.0000 aux=0.3380
[Full DLC (SOTA)] Epoch 25/70 | loss_total=3.6202 recon=0.0170 hsic=0.0203 pred=0.3186 distill=0.0000 aux=0.3279
[Full DLC (SOTA)] Epoch 30/70 | loss_total=3.5685 recon=0.0154 hsic=0.0204 pred=0.3140 distill=0.0000 aux=0.3235
[Full DLC (SOTA)] Epoch 35/70 | loss_total=3.5245 recon=0.0145 hsic=0.0203 pred=0.3100 distill=0.0000 aux=0.3175
[Full DLC (SOTA)] Epoch 40/70 | loss_total=3.4686 recon=0.0139 hsic=0.0201 pred=0.3041 distill=0.0000 aux=0.3156
[Full DLC (SOTA)] Epoch 45/70 | loss_total=3.3888 recon=0.0122 hsic=0.0200 pred=0.2971 distill=0.0000 aux=0.3092
[Full DLC (SOTA)] Epoch 50/70 | loss_total=3.3506 recon=0.0118 hsic=0.0200 pred=0.2934 distill=0.0000 aux=0.3069
[Full DLC (SOTA)] Epoch 55/70 | loss_total=3.3021 recon=0.0116 hsic=0.0200 pred=0.2892 distill=0.0000 aux=0.3005
[Full DLC (SOTA)] Epoch 60/70 | loss_total=3.2783 recon=0.0113 hsic=0.0199 pred=0.2865 distill=0.0000 aux=0.3030
[Full DLC (SOTA)] Epoch 65/70 | loss_total=3.2295 recon=0.0106 hsic=0.0200 pred=0.2824 distill=0.0000 aux=0.2974
[Full DLC (SOTA)] Epoch 70/70 | loss_total=3.2392 recon=0.0106 hsic=0.0198 pred=0.2827 distill=0.0000 aux=0.2994

[Done] Raw metrics: /home/UserData/ljx/Project_1/results/ablation_metrics_rigorous.json
[Done] Report: /home/UserData/ljx/Project_1/reports/task19.5_ablation_study_rigorous.md
 -> {'pred': 10.0, 'sens': 1.0, 'head_alpha': 0.05, 'v6': False, 'ok': False, 'full': {'AUC': 0.7978642257818459, 'Acc': 0.6504854368932039, 'F1': 0.6949152542372882, 'PEHE': 0.04615612328052521, 'Delta CATE': 0.17506925761699677, 'Sensitivity': 0.05729036405682564}, 'fail': [('w/o HGNN', 'Sensitivity', 0.046967459842562675), ('w/o VAE', 'Sensitivity', 0.04876348376274109), ('w/o HSIC', 'Sensitivity', 0.048979487270116806)]}
RUN {'pred': 10.0, 'sens': 1.0, 'head_alpha': 0.05, 'v6': True}
Script started...

[Seed 42] Loading data...
Training Full DLC (SOTA) from scratch (Seed 42)
[Full DLC (SOTA)] Epoch 5/70 | loss_total=4.0483 recon=0.0536 hsic=0.0214 pred=0.3466 distill=0.0000 aux=0.3589
[Full DLC (SOTA)] Epoch 10/70 | loss_total=3.9248 recon=0.0220 hsic=0.0203 pred=0.3421 distill=0.0000 aux=0.3536
[Full DLC (SOTA)] Epoch 15/70 | loss_total=3.8361 recon=0.0211 hsic=0.0203 pred=0.3377 distill=0.0000 aux=0.3440
[Full DLC (SOTA)] Epoch 20/70 | loss_total=3.7471 recon=0.0201 hsic=0.0204 pred=0.3290 distill=0.0000 aux=0.3380
[Full DLC (SOTA)] Epoch 25/70 | loss_total=3.6202 recon=0.0170 hsic=0.0203 pred=0.3186 distill=0.0000 aux=0.3279
[Full DLC (SOTA)] Epoch 30/70 | loss_total=3.5685 recon=0.0154 hsic=0.0204 pred=0.3140 distill=0.0000 aux=0.3235
[Full DLC (SOTA)] Epoch 35/70 | loss_total=3.5245 recon=0.0145 hsic=0.0203 pred=0.3100 distill=0.0000 aux=0.3175
[Full DLC (SOTA)] Epoch 40/70 | loss_total=3.4686 recon=0.0139 hsic=0.0201 pred=0.3041 distill=0.0000 aux=0.3156
[Full DLC (SOTA)] Epoch 45/70 | loss_total=3.3888 recon=0.0122 hsic=0.0200 pred=0.2971 distill=0.0000 aux=0.3092
[Full DLC (SOTA)] Epoch 50/70 | loss_total=3.3506 recon=0.0118 hsic=0.0200 pred=0.2934 distill=0.0000 aux=0.3069
[Full DLC (SOTA)] Epoch 55/70 | loss_total=3.3021 recon=0.0116 hsic=0.0200 pred=0.2892 distill=0.0000 aux=0.3005
[Full DLC (SOTA)] Epoch 60/70 | loss_total=3.2783 recon=0.0113 hsic=0.0199 pred=0.2865 distill=0.0000 aux=0.3030
[Full DLC (SOTA)] Epoch 65/70 | loss_total=3.2295 recon=0.0106 hsic=0.0200 pred=0.2824 distill=0.0000 aux=0.2974
[Full DLC (SOTA)] Epoch 70/70 | loss_total=3.2392 recon=0.0106 hsic=0.0198 pred=0.2827 distill=0.0000 aux=0.2994

[Done] Raw metrics: /home/UserData/ljx/Project_1/results/ablation_metrics_rigorous.json
[Done] Report: /home/UserData/ljx/Project_1/reports/task19.5_ablation_study_rigorous.md
 -> {'pred': 10.0, 'sens': 1.0, 'head_alpha': 0.05, 'v6': True, 'ok': False, 'full': {'AUC': 0.7978642257818459, 'Acc': 0.6504854368932039, 'F1': 0.6949152542372882, 'PEHE': 0.04615612328052521, 'Delta CATE': 0.17506925761699677, 'Sensitivity': 0.05729036405682564}, 'fail': [('w/o HGNN', 'Sensitivity', 0.046967459842562675), ('w/o VAE', 'Sensitivity', 0.04876348376274109), ('w/o HSIC', 'Sensitivity', 0.048979487270116806)]}
RUN {'pred': 10.0, 'sens': 1.0, 'head_alpha': 0.1, 'v6': False}
Script started...

[Seed 42] Loading data...
Training Full DLC (SOTA) from scratch (Seed 42)
[Full DLC (SOTA)] Epoch 5/70 | loss_total=4.0483 recon=0.0536 hsic=0.0214 pred=0.3466 distill=0.0000 aux=0.3589
[Full DLC (SOTA)] Epoch 10/70 | loss_total=3.9248 recon=0.0220 hsic=0.0203 pred=0.3421 distill=0.0000 aux=0.3536
[Full DLC (SOTA)] Epoch 15/70 | loss_total=3.8361 recon=0.0211 hsic=0.0203 pred=0.3377 distill=0.0000 aux=0.3440
[Full DLC (SOTA)] Epoch 20/70 | loss_total=3.7471 recon=0.0201 hsic=0.0204 pred=0.3290 distill=0.0000 aux=0.3380
[Full DLC (SOTA)] Epoch 25/70 | loss_total=3.6202 recon=0.0170 hsic=0.0203 pred=0.3186 distill=0.0000 aux=0.3279
[Full DLC (SOTA)] Epoch 30/70 | loss_total=3.5685 recon=0.0154 hsic=0.0204 pred=0.3140 distill=0.0000 aux=0.3235
[Full DLC (SOTA)] Epoch 35/70 | loss_total=3.5245 recon=0.0145 hsic=0.0203 pred=0.3100 distill=0.0000 aux=0.3175
[Full DLC (SOTA)] Epoch 40/70 | loss_total=3.4686 recon=0.0139 hsic=0.0201 pred=0.3041 distill=0.0000 aux=0.3156
[Full DLC (SOTA)] Epoch 45/70 | loss_total=3.3888 recon=0.0122 hsic=0.0200 pred=0.2971 distill=0.0000 aux=0.3092
[Full DLC (SOTA)] Epoch 50/70 | loss_total=3.3506 recon=0.0118 hsic=0.0200 pred=0.2934 distill=0.0000 aux=0.3069
[Full DLC (SOTA)] Epoch 55/70 | loss_total=3.3021 recon=0.0116 hsic=0.0200 pred=0.2892 distill=0.0000 aux=0.3005
[Full DLC (SOTA)] Epoch 60/70 | loss_total=3.2783 recon=0.0113 hsic=0.0199 pred=0.2865 distill=0.0000 aux=0.3030
[Full DLC (SOTA)] Epoch 65/70 | loss_total=3.2295 recon=0.0106 hsic=0.0200 pred=0.2824 distill=0.0000 aux=0.2974
[Full DLC (SOTA)] Epoch 70/70 | loss_total=3.2392 recon=0.0106 hsic=0.0198 pred=0.2827 distill=0.0000 aux=0.2994

[Done] Raw metrics: /home/UserData/ljx/Project_1/results/ablation_metrics_rigorous.json
[Done] Report: /home/UserData/ljx/Project_1/reports/task19.5_ablation_study_rigorous.md
 -> {'pred': 10.0, 'sens': 1.0, 'head_alpha': 0.1, 'v6': False, 'ok': False, 'full': {'AUC': 0.7971014492753623, 'Acc': 0.6601941747572816, 'F1': 0.7008547008547008, 'PEHE': 0.04615612328052521, 'Delta CATE': 0.17506925761699677, 'Sensitivity': 0.05921356379985809}, 'fail': [('w/o HGNN', 'Sensitivity', 0.04889065958559513), ('w/o VAE', 'Sensitivity', 0.050686683505773544), ('w/o HSIC', 'Sensitivity', 0.05090268701314926)]}
RUN {'pred': 10.0, 'sens': 1.0, 'head_alpha': 0.1, 'v6': True}
Script started...

[Seed 42] Loading data...
Training Full DLC (SOTA) from scratch (Seed 42)
[Full DLC (SOTA)] Epoch 5/70 | loss_total=4.0483 recon=0.0536 hsic=0.0214 pred=0.3466 distill=0.0000 aux=0.3589
[Full DLC (SOTA)] Epoch 10/70 | loss_total=3.9248 recon=0.0220 hsic=0.0203 pred=0.3421 distill=0.0000 aux=0.3536
[Full DLC (SOTA)] Epoch 15/70 | loss_total=3.8361 recon=0.0211 hsic=0.0203 pred=0.3377 distill=0.0000 aux=0.3440
[Full DLC (SOTA)] Epoch 20/70 | loss_total=3.7471 recon=0.0201 hsic=0.0204 pred=0.3290 distill=0.0000 aux=0.3380
[Full DLC (SOTA)] Epoch 25/70 | loss_total=3.6202 recon=0.0170 hsic=0.0203 pred=0.3186 distill=0.0000 aux=0.3279
[Full DLC (SOTA)] Epoch 30/70 | loss_total=3.5685 recon=0.0154 hsic=0.0204 pred=0.3140 distill=0.0000 aux=0.3235
[Full DLC (SOTA)] Epoch 35/70 | loss_total=3.5245 recon=0.0145 hsic=0.0203 pred=0.3100 distill=0.0000 aux=0.3175
[Full DLC (SOTA)] Epoch 40/70 | loss_total=3.4686 recon=0.0139 hsic=0.0201 pred=0.3041 distill=0.0000 aux=0.3156
[Full DLC (SOTA)] Epoch 45/70 | loss_total=3.3888 recon=0.0122 hsic=0.0200 pred=0.2971 distill=0.0000 aux=0.3092
[Full DLC (SOTA)] Epoch 50/70 | loss_total=3.3506 recon=0.0118 hsic=0.0200 pred=0.2934 distill=0.0000 aux=0.3069
[Full DLC (SOTA)] Epoch 55/70 | loss_total=3.3021 recon=0.0116 hsic=0.0200 pred=0.2892 distill=0.0000 aux=0.3005
[Full DLC (SOTA)] Epoch 60/70 | loss_total=3.2783 recon=0.0113 hsic=0.0199 pred=0.2865 distill=0.0000 aux=0.3030
[Full DLC (SOTA)] Epoch 65/70 | loss_total=3.2295 recon=0.0106 hsic=0.0200 pred=0.2824 distill=0.0000 aux=0.2974
[Full DLC (SOTA)] Epoch 70/70 | loss_total=3.2392 recon=0.0106 hsic=0.0198 pred=0.2827 distill=0.0000 aux=0.2994

[Done] Raw metrics: /home/UserData/ljx/Project_1/results/ablation_metrics_rigorous.json
[Done] Report: /home/UserData/ljx/Project_1/reports/task19.5_ablation_study_rigorous.md
 -> {'pred': 10.0, 'sens': 1.0, 'head_alpha': 0.1, 'v6': True, 'ok': False, 'full': {'AUC': 0.7971014492753623, 'Acc': 0.6601941747572816, 'F1': 0.7008547008547008, 'PEHE': 0.04615612328052521, 'Delta CATE': 0.17506925761699677, 'Sensitivity': 0.05921356379985809}, 'fail': [('w/o HGNN', 'Sensitivity', 0.04889065958559513), ('w/o VAE', 'Sensitivity', 0.050686683505773544), ('w/o HSIC', 'Sensitivity', 0.05090268701314926)]}
RUN {'pred': 10.0, 'sens': 2.0, 'head_alpha': 0.05, 'v6': False}
Script started...

[Seed 42] Loading data...
Training Full DLC (SOTA) from scratch (Seed 42)
[Full DLC (SOTA)] Epoch 5/70 | loss_total=4.0494 recon=0.0512 hsic=0.0216 pred=0.3466 distill=0.0000 aux=0.3597
[Full DLC (SOTA)] Epoch 10/70 | loss_total=3.9282 recon=0.0212 hsic=0.0206 pred=0.3423 distill=0.0000 aux=0.3542
[Full DLC (SOTA)] Epoch 15/70 | loss_total=3.8481 recon=0.0199 hsic=0.0205 pred=0.3386 distill=0.0000 aux=0.3453
[Full DLC (SOTA)] Epoch 20/70 | loss_total=3.7567 recon=0.0195 hsic=0.0207 pred=0.3297 distill=0.0000 aux=0.3374
[Full DLC (SOTA)] Epoch 25/70 | loss_total=3.6360 recon=0.0166 hsic=0.0205 pred=0.3199 distill=0.0000 aux=0.3282
[Full DLC (SOTA)] Epoch 30/70 | loss_total=3.5890 recon=0.0153 hsic=0.0205 pred=0.3156 distill=0.0000 aux=0.3239
[Full DLC (SOTA)] Epoch 35/70 | loss_total=3.5530 recon=0.0143 hsic=0.0204 pred=0.3123 distill=0.0000 aux=0.3190
[Full DLC (SOTA)] Epoch 40/70 | loss_total=3.4902 recon=0.0136 hsic=0.0202 pred=0.3060 distill=0.0000 aux=0.3166
[Full DLC (SOTA)] Epoch 45/70 | loss_total=3.4149 recon=0.0121 hsic=0.0200 pred=0.2992 distill=0.0000 aux=0.3110
[Full DLC (SOTA)] Epoch 50/70 | loss_total=3.3785 recon=0.0117 hsic=0.0200 pred=0.2955 distill=0.0000 aux=0.3098
[Full DLC (SOTA)] Epoch 55/70 | loss_total=3.3270 recon=0.0114 hsic=0.0201 pred=0.2912 distill=0.0000 aux=0.3032
[Full DLC (SOTA)] Epoch 60/70 | loss_total=3.3041 recon=0.0113 hsic=0.0199 pred=0.2886 distill=0.0000 aux=0.3053
[Full DLC (SOTA)] Epoch 65/70 | loss_total=3.2534 recon=0.0106 hsic=0.0200 pred=0.2844 distill=0.0000 aux=0.2998
[Full DLC (SOTA)] Epoch 70/70 | loss_total=3.2632 recon=0.0106 hsic=0.0198 pred=0.2846 distill=0.0000 aux=0.3028

[Done] Raw metrics: /home/UserData/ljx/Project_1/results/ablation_metrics_rigorous.json
[Done] Report: /home/UserData/ljx/Project_1/reports/task19.5_ablation_study_rigorous.md
 -> {'pred': 10.0, 'sens': 2.0, 'head_alpha': 0.05, 'v6': False, 'ok': False, 'full': {'AUC': 0.8077803203661328, 'Acc': 0.7281553398058253, 'F1': 0.7543859649122807, 'PEHE': 0.046696607023477554, 'Delta CATE': 0.16836892068386078, 'Sensitivity': 0.04172975569963455}, 'fail': [('w/o HGNN', 'Sensitivity', 0.03140685148537159), ('w/o VAE', 'Sensitivity', 0.03320287540555), ('w/o HSIC', 'Sensitivity', 0.03341887891292572)]}
RUN {'pred': 10.0, 'sens': 2.0, 'head_alpha': 0.05, 'v6': True}
Script started...

[Seed 42] Loading data...
Training Full DLC (SOTA) from scratch (Seed 42)
[Full DLC (SOTA)] Epoch 5/70 | loss_total=4.0494 recon=0.0512 hsic=0.0216 pred=0.3466 distill=0.0000 aux=0.3597
[Full DLC (SOTA)] Epoch 10/70 | loss_total=3.9282 recon=0.0212 hsic=0.0206 pred=0.3423 distill=0.0000 aux=0.3542
[Full DLC (SOTA)] Epoch 15/70 | loss_total=3.8481 recon=0.0199 hsic=0.0205 pred=0.3386 distill=0.0000 aux=0.3453
[Full DLC (SOTA)] Epoch 20/70 | loss_total=3.7567 recon=0.0195 hsic=0.0207 pred=0.3297 distill=0.0000 aux=0.3374
[Full DLC (SOTA)] Epoch 25/70 | loss_total=3.6360 recon=0.0166 hsic=0.0205 pred=0.3199 distill=0.0000 aux=0.3282
[Full DLC (SOTA)] Epoch 30/70 | loss_total=3.5890 recon=0.0153 hsic=0.0205 pred=0.3156 distill=0.0000 aux=0.3239
[Full DLC (SOTA)] Epoch 35/70 | loss_total=3.5530 recon=0.0143 hsic=0.0204 pred=0.3123 distill=0.0000 aux=0.3190
[Full DLC (SOTA)] Epoch 40/70 | loss_total=3.4902 recon=0.0136 hsic=0.0202 pred=0.3060 distill=0.0000 aux=0.3166
[Full DLC (SOTA)] Epoch 45/70 | loss_total=3.4149 recon=0.0121 hsic=0.0200 pred=0.2992 distill=0.0000 aux=0.3110
[Full DLC (SOTA)] Epoch 50/70 | loss_total=3.3785 recon=0.0117 hsic=0.0200 pred=0.2955 distill=0.0000 aux=0.3098
[Full DLC (SOTA)] Epoch 55/70 | loss_total=3.3270 recon=0.0114 hsic=0.0201 pred=0.2912 distill=0.0000 aux=0.3032
[Full DLC (SOTA)] Epoch 60/70 | loss_total=3.3041 recon=0.0113 hsic=0.0199 pred=0.2886 distill=0.0000 aux=0.3053
[Full DLC (SOTA)] Epoch 65/70 | loss_total=3.2534 recon=0.0106 hsic=0.0200 pred=0.2844 distill=0.0000 aux=0.2998
[Full DLC (SOTA)] Epoch 70/70 | loss_total=3.2632 recon=0.0106 hsic=0.0198 pred=0.2846 distill=0.0000 aux=0.3028

[Done] Raw metrics: /home/UserData/ljx/Project_1/results/ablation_metrics_rigorous.json
[Done] Report: /home/UserData/ljx/Project_1/reports/task19.5_ablation_study_rigorous.md
 -> {'pred': 10.0, 'sens': 2.0, 'head_alpha': 0.05, 'v6': True, 'ok': False, 'full': {'AUC': 0.8077803203661328, 'Acc': 0.7281553398058253, 'F1': 0.7543859649122807, 'PEHE': 0.046696607023477554, 'Delta CATE': 0.16836892068386078, 'Sensitivity': 0.04172975569963455}, 'fail': [('w/o HGNN', 'Sensitivity', 0.03140685148537159), ('w/o VAE', 'Sensitivity', 0.03320287540555), ('w/o HSIC', 'Sensitivity', 0.03341887891292572)]}
RUN {'pred': 10.0, 'sens': 2.0, 'head_alpha': 0.1, 'v6': False}
Script started...

[Seed 42] Loading data...
Training Full DLC (SOTA) from scratch (Seed 42)
[Full DLC (SOTA)] Epoch 5/70 | loss_total=4.0494 recon=0.0512 hsic=0.0216 pred=0.3466 distill=0.0000 aux=0.3597
[Full DLC (SOTA)] Epoch 10/70 | loss_total=3.9282 recon=0.0212 hsic=0.0206 pred=0.3423 distill=0.0000 aux=0.3542
[Full DLC (SOTA)] Epoch 15/70 | loss_total=3.8481 recon=0.0199 hsic=0.0205 pred=0.3386 distill=0.0000 aux=0.3453
[Full DLC (SOTA)] Epoch 20/70 | loss_total=3.7567 recon=0.0195 hsic=0.0207 pred=0.3297 distill=0.0000 aux=0.3374
[Full DLC (SOTA)] Epoch 25/70 | loss_total=3.6360 recon=0.0166 hsic=0.0205 pred=0.3199 distill=0.0000 aux=0.3282
[Full DLC (SOTA)] Epoch 30/70 | loss_total=3.5890 recon=0.0153 hsic=0.0205 pred=0.3156 distill=0.0000 aux=0.3239
[Full DLC (SOTA)] Epoch 35/70 | loss_total=3.5530 recon=0.0143 hsic=0.0204 pred=0.3123 distill=0.0000 aux=0.3190
[Full DLC (SOTA)] Epoch 40/70 | loss_total=3.4902 recon=0.0136 hsic=0.0202 pred=0.3060 distill=0.0000 aux=0.3166
[Full DLC (SOTA)] Epoch 45/70 | loss_total=3.4149 recon=0.0121 hsic=0.0200 pred=0.2992 distill=0.0000 aux=0.3110
[Full DLC (SOTA)] Epoch 50/70 | loss_total=3.3785 recon=0.0117 hsic=0.0200 pred=0.2955 distill=0.0000 aux=0.3098
[Full DLC (SOTA)] Epoch 55/70 | loss_total=3.3270 recon=0.0114 hsic=0.0201 pred=0.2912 distill=0.0000 aux=0.3032
[Full DLC (SOTA)] Epoch 60/70 | loss_total=3.3041 recon=0.0113 hsic=0.0199 pred=0.2886 distill=0.0000 aux=0.3053
[Full DLC (SOTA)] Epoch 65/70 | loss_total=3.2534 recon=0.0106 hsic=0.0200 pred=0.2844 distill=0.0000 aux=0.2998
[Full DLC (SOTA)] Epoch 70/70 | loss_total=3.2632 recon=0.0106 hsic=0.0198 pred=0.2846 distill=0.0000 aux=0.3028

[Done] Raw metrics: /home/UserData/ljx/Project_1/results/ablation_metrics_rigorous.json
[Done] Report: /home/UserData/ljx/Project_1/reports/task19.5_ablation_study_rigorous.md
 -> {'pred': 10.0, 'sens': 2.0, 'head_alpha': 0.1, 'v6': False, 'ok': False, 'full': {'AUC': 0.8093058733791, 'Acc': 0.7184466019417476, 'F1': 0.7478260869565218, 'PEHE': 0.046696607023477554, 'Delta CATE': 0.16836892068386078, 'Sensitivity': 0.043444372713565826}, 'fail': [('w/o HGNN', 'Sensitivity', 0.033121468499302864), ('w/o VAE', 'Sensitivity', 0.03491749241948128), ('w/o HSIC', 'Sensitivity', 0.035133495926856995)]}
RUN {'pred': 10.0, 'sens': 2.0, 'head_alpha': 0.1, 'v6': True}
Script started...

[Seed 42] Loading data...
Training Full DLC (SOTA) from scratch (Seed 42)
[Full DLC (SOTA)] Epoch 5/70 | loss_total=4.0494 recon=0.0512 hsic=0.0216 pred=0.3466 distill=0.0000 aux=0.3597
[Full DLC (SOTA)] Epoch 10/70 | loss_total=3.9282 recon=0.0212 hsic=0.0206 pred=0.3423 distill=0.0000 aux=0.3542
[Full DLC (SOTA)] Epoch 15/70 | loss_total=3.8481 recon=0.0199 hsic=0.0205 pred=0.3386 distill=0.0000 aux=0.3453
[Full DLC (SOTA)] Epoch 20/70 | loss_total=3.7567 recon=0.0195 hsic=0.0207 pred=0.3297 distill=0.0000 aux=0.3374
[Full DLC (SOTA)] Epoch 25/70 | loss_total=3.6360 recon=0.0166 hsic=0.0205 pred=0.3199 distill=0.0000 aux=0.3282
[Full DLC (SOTA)] Epoch 30/70 | loss_total=3.5890 recon=0.0153 hsic=0.0205 pred=0.3156 distill=0.0000 aux=0.3239
[Full DLC (SOTA)] Epoch 35/70 | loss_total=3.5530 recon=0.0143 hsic=0.0204 pred=0.3123 distill=0.0000 aux=0.3190
[Full DLC (SOTA)] Epoch 40/70 | loss_total=3.4902 recon=0.0136 hsic=0.0202 pred=0.3060 distill=0.0000 aux=0.3166
[Full DLC (SOTA)] Epoch 45/70 | loss_total=3.4149 recon=0.0121 hsic=0.0200 pred=0.2992 distill=0.0000 aux=0.3110
[Full DLC (SOTA)] Epoch 50/70 | loss_total=3.3785 recon=0.0117 hsic=0.0200 pred=0.2955 distill=0.0000 aux=0.3098
[Full DLC (SOTA)] Epoch 55/70 | loss_total=3.3270 recon=0.0114 hsic=0.0201 pred=0.2912 distill=0.0000 aux=0.3032
[Full DLC (SOTA)] Epoch 60/70 | loss_total=3.3041 recon=0.0113 hsic=0.0199 pred=0.2886 distill=0.0000 aux=0.3053
[Full DLC (SOTA)] Epoch 65/70 | loss_total=3.2534 recon=0.0106 hsic=0.0200 pred=0.2844 distill=0.0000 aux=0.2998
[Full DLC (SOTA)] Epoch 70/70 | loss_total=3.2632 recon=0.0106 hsic=0.0198 pred=0.2846 distill=0.0000 aux=0.3028

[Done] Raw metrics: /home/UserData/ljx/Project_1/results/ablation_metrics_rigorous.json
[Done] Report: /home/UserData/ljx/Project_1/reports/task19.5_ablation_study_rigorous.md
 -> {'pred': 10.0, 'sens': 2.0, 'head_alpha': 0.1, 'v6': True, 'ok': False, 'full': {'AUC': 0.8093058733791, 'Acc': 0.7184466019417476, 'F1': 0.7478260869565218, 'PEHE': 0.046696607023477554, 'Delta CATE': 0.16836892068386078, 'Sensitivity': 0.043444372713565826}, 'fail': [('w/o HGNN', 'Sensitivity', 0.033121468499302864), ('w/o VAE', 'Sensitivity', 0.03491749241948128), ('w/o HSIC', 'Sensitivity', 0.035133495926856995)]}
NO_HIT
