Script started...

[Seed 42] Loading data...
Training Full DLC (SOTA) from scratch (Seed 42)
[Full DLC (SOTA)] Epoch 5/40 | loss_total=2.2055 recon=0.0580 hsic=0.0213 pred=0.3447 distill=0.0000
[Full DLC (SOTA)] Val@Ep8 | score=3.2623 AUC=0.7988 Acc=0.8352 F1=0.5747 PEHE=0.0398 dCATE=0.0884 Sens=0.0085 thr=0.30 feasible=0
[Full DLC (SOTA)] Epoch 10/40 | loss_total=2.1076 recon=0.0192 hsic=0.0208 pred=0.3426 distill=0.0000
[Full DLC (SOTA)] Val@Ep12 | score=1003.5362 AUC=0.7958 Acc=0.8229 F1=0.5827 PEHE=0.0360 dCATE=0.1369 Sens=0.0118 thr=0.24 feasible=1
[Full DLC (SOTA)] Epoch 15/40 | loss_total=2.0718 recon=0.0136 hsic=0.0205 pred=0.3409 distill=0.0000
[Full DLC (SOTA)] Val@Ep16 | score=1003.5586 AUC=0.7982 Acc=0.8285 F1=0.5746 PEHE=0.0190 dCATE=0.1466 Sens=0.0130 thr=0.23 feasible=1
[Full DLC (SOTA)] Val@Ep20 | score=1003.5569 AUC=0.7943 Acc=0.8263 F1=0.5761 PEHE=0.0211 dCATE=0.1600 Sens=0.0167 thr=0.24 feasible=1
[Full DLC (SOTA)] Epoch 20/40 | loss_total=2.0203 recon=0.0133 hsic=0.0209 pred=0.3325 distill=0.0000
[Full DLC (SOTA)] Val@Ep24 | score=1003.5223 AUC=0.7918 Acc=0.8196 F1=0.5691 PEHE=0.0219 dCATE=0.1552 Sens=0.0215 thr=0.22 feasible=1
[Full DLC (SOTA)] Epoch 25/40 | loss_total=1.9728 recon=0.0116 hsic=0.0208 pred=0.3252 distill=0.0000
[Full DLC (SOTA)] Val@Ep28 | score=1003.5346 AUC=0.7954 Acc=0.8274 F1=0.5658 PEHE=0.0220 dCATE=0.1620 Sens=0.0307 thr=0.23 feasible=1
[Full DLC (SOTA)] Epoch 30/40 | loss_total=1.9376 recon=0.0112 hsic=0.0209 pred=0.3191 distill=0.0000
[Full DLC (SOTA)] Val@Ep32 | score=1003.4915 AUC=0.7941 Acc=0.8185 F1=0.5510 PEHE=0.0217 dCATE=0.1625 Sens=0.0340 thr=0.24 feasible=1
[Full DLC (SOTA)] Epoch 35/40 | loss_total=1.9064 recon=0.0108 hsic=0.0207 pred=0.3139 distill=0.0000
[Full DLC (SOTA)] Val@Ep36 | score=1003.4855 AUC=0.7914 Acc=0.8107 F1=0.5596 PEHE=0.0242 dCATE=0.1721 Sens=0.0406 thr=0.18 feasible=1
[Full DLC (SOTA)] Val@Ep40 | score=1003.4495 AUC=0.7876 Acc=0.8385 F1=0.5455 PEHE=0.0402 dCATE=0.1049 Sens=0.0410 thr=0.30 feasible=1
[Full DLC (SOTA)] Epoch 40/40 | loss_total=1.8711 recon=0.0105 hsic=0.0204 pred=0.3083 distill=0.0000
[Full DLC (SOTA)] Restored best checkpoint at epoch 16 (score=1003.5586, thr=0.23)
[w/o HGNN] Epoch 5/30 | loss_total=1.5824 recon=0.2293 hsic=0.0162 pred=0.3371 distill=0.0000
[w/o HGNN] Val@Ep8 | score=1003.4847 AUC=0.7828 Acc=0.8252 F1=0.5577 PEHE=0.0544 dCATE=0.1805 Sens=0.0357 thr=0.25 feasible=1
[w/o HGNN] Epoch 10/30 | loss_total=1.3762 recon=0.0670 hsic=0.0188 pred=0.3249 distill=0.0000
[w/o HGNN] Val@Ep12 | score=1003.5309 AUC=0.7856 Acc=0.8486 F1=0.5696 PEHE=0.0612 dCATE=0.1681 Sens=0.0429 thr=0.42 feasible=1
[w/o HGNN] Epoch 15/30 | loss_total=1.2879 recon=0.0401 hsic=0.0212 pred=0.3096 distill=0.0000
[w/o HGNN] Val@Ep16 | score=1003.4550 AUC=0.7683 Acc=0.8408 F1=0.5545 PEHE=0.0789 dCATE=0.1783 Sens=0.0541 thr=0.35 feasible=1
[w/o HGNN] Val@Ep20 | score=1003.3007 AUC=0.7599 Acc=0.8096 F1=0.5210 PEHE=0.0907 dCATE=0.1722 Sens=0.0768 thr=0.25 feasible=1
[w/o HGNN] Epoch 20/30 | loss_total=1.2209 recon=0.0316 hsic=0.0221 pred=0.2922 distill=0.0000
[w/o HGNN] Val@Ep24 | score=1003.3317 AUC=0.7407 Acc=0.8352 F1=0.5163 PEHE=0.1001 dCATE=0.2049 Sens=0.0823 thr=0.37 feasible=1
[w/o HGNN] Epoch 25/30 | loss_total=1.0810 recon=0.0239 hsic=0.0226 pred=0.2593 distill=0.0000
[w/o HGNN] Val@Ep28 | score=1003.2377 AUC=0.7368 Acc=0.8107 F1=0.5198 PEHE=0.1197 dCATE=0.1746 Sens=0.0912 thr=0.25 feasible=1
[w/o HGNN] Epoch 30/30 | loss_total=1.0036 recon=0.0221 hsic=0.0226 pred=0.2403 distill=0.0000
[w/o HGNN] Restored best checkpoint at epoch 12 (score=1003.5309, thr=0.42)
[w/o VAE] Epoch 5/30 | loss_total=1.4619 recon=0.0433 hsic=0.0239 pred=0.3481 distill=0.0000
[w/o VAE] Val@Ep8 | score=1003.5286 AUC=0.7966 Acc=0.8396 F1=0.5789 PEHE=0.0633 dCATE=0.1163 Sens=0.0078 thr=0.32 feasible=1
[w/o VAE] Epoch 10/30 | loss_total=1.4075 recon=0.0159 hsic=0.0231 pred=0.3446 distill=0.0000
[w/o VAE] Val@Ep12 | score=1003.5588 AUC=0.7963 Acc=0.8486 F1=0.5776 PEHE=0.0650 dCATE=0.1392 Sens=0.0087 thr=0.31 feasible=1
[w/o VAE] Epoch 15/30 | loss_total=1.3931 recon=0.0119 hsic=0.0221 pred=0.3431 distill=0.0000
[w/o VAE] Val@Ep16 | score=1003.5460 AUC=0.7969 Acc=0.8363 F1=0.5788 PEHE=0.0478 dCATE=0.1339 Sens=0.0111 thr=0.25 feasible=1
[w/o VAE] Val@Ep20 | score=1003.5575 AUC=0.7955 Acc=0.8396 F1=0.5765 PEHE=0.0448 dCATE=0.1502 Sens=0.0168 thr=0.32 feasible=1
[w/o VAE] Epoch 20/30 | loss_total=1.3556 recon=0.0106 hsic=0.0220 pred=0.3341 distill=0.0000
[w/o VAE] Val@Ep24 | score=1003.5492 AUC=0.7947 Acc=0.8352 F1=0.5723 PEHE=0.0504 dCATE=0.1649 Sens=0.0150 thr=0.28 feasible=1
[w/o VAE] Epoch 25/30 | loss_total=1.3311 recon=0.0079 hsic=0.0214 pred=0.3286 distill=0.0000
[w/o VAE] Val@Ep28 | score=1003.5070 AUC=0.7935 Acc=0.8252 F1=0.5651 PEHE=0.0551 dCATE=0.1621 Sens=0.0204 thr=0.22 feasible=1
[w/o VAE] Epoch 30/30 | loss_total=1.3046 recon=0.0078 hsic=0.0215 pred=0.3219 distill=0.0000
[w/o VAE] Restored best checkpoint at epoch 12 (score=1003.5588, thr=0.31)
[w/o HSIC] Epoch 5/30 | loss_total=1.4734 recon=0.0573 hsic=0.0208 pred=0.3479 distill=0.0000
[w/o HSIC] Val@Ep8 | score=1003.5362 AUC=0.7974 Acc=0.8408 F1=0.5831 PEHE=0.0659 dCATE=0.1181 Sens=0.0090 thr=0.33 feasible=1
[w/o HSIC] Epoch 10/30 | loss_total=1.4099 recon=0.0174 hsic=0.0205 pred=0.3446 distill=0.0000
[w/o HSIC] Val@Ep12 | score=1003.5577 AUC=0.7956 Acc=0.8497 F1=0.5794 PEHE=0.0628 dCATE=0.1363 Sens=0.0145 thr=0.32 feasible=1
[w/o HSIC] Epoch 15/30 | loss_total=1.3943 recon=0.0115 hsic=0.0197 pred=0.3435 distill=0.0000
[w/o HSIC] Val@Ep16 | score=1003.5474 AUC=0.7956 Acc=0.8430 F1=0.5766 PEHE=0.0565 dCATE=0.1433 Sens=0.0192 thr=0.28 feasible=1
[w/o HSIC] Val@Ep20 | score=1003.5331 AUC=0.7957 Acc=0.8352 F1=0.5747 PEHE=0.0445 dCATE=0.1372 Sens=0.0215 thr=0.26 feasible=1
[w/o HSIC] Epoch 20/30 | loss_total=1.3667 recon=0.0102 hsic=0.0193 pred=0.3365 distill=0.0000
[w/o HSIC] Val@Ep24 | score=1003.5536 AUC=0.7951 Acc=0.8408 F1=0.5731 PEHE=0.0509 dCATE=0.1619 Sens=0.0221 thr=0.30 feasible=1
[w/o HSIC] Epoch 25/30 | loss_total=1.3471 recon=0.0087 hsic=0.0190 pred=0.3327 distill=0.0000
[w/o HSIC] Val@Ep28 | score=1003.5516 AUC=0.7938 Acc=0.8452 F1=0.5670 PEHE=0.0654 dCATE=0.1837 Sens=0.0268 thr=0.38 feasible=1
[w/o HSIC] Epoch 30/30 | loss_total=1.3247 recon=0.0086 hsic=0.0190 pred=0.3270 distill=0.0000
[w/o HSIC] Restored best checkpoint at epoch 12 (score=1003.5577, thr=0.32)

[Done] Raw metrics: /home/UserData/ljx/Project_1/results/ablation_metrics_rigorous.json
[Done] Report: /home/UserData/ljx/Project_1/reports/task19.5_ablation_study_rigorous.md
