Script started...

[Seed 42] Loading data...
Training Full DLC (SOTA) from scratch (Seed 42)
[Full DLC (SOTA)] Epoch 5/28 | loss_total=2.6146 recon=0.0591 hsic=0.0211 pred=0.3443 distill=0.0000
[Full DLC (SOTA)] Val@Ep8 | score=1003.2489 AUC=0.7952 Acc=0.8374 F1=0.5756 PEHE=0.0447 dCATE=0.0649 Sens=0.0082 thr=0.31 feasible=1
[Full DLC (SOTA)] Epoch 10/28 | loss_total=2.5284 recon=0.0228 hsic=0.0208 pred=0.3417 distill=0.0000
[Full DLC (SOTA)] Val@Ep12 | score=1003.2719 AUC=0.7958 Acc=0.8318 F1=0.5770 PEHE=0.0408 dCATE=0.1196 Sens=0.0130 thr=0.26 feasible=1
[Full DLC (SOTA)] Epoch 15/28 | loss_total=2.4770 recon=0.0172 hsic=0.0206 pred=0.3395 distill=0.0000
[Full DLC (SOTA)] Val@Ep16 | score=1003.2959 AUC=0.7982 Acc=0.8285 F1=0.5746 PEHE=0.0273 dCATE=0.1542 Sens=0.0143 thr=0.22 feasible=1
[Full DLC (SOTA)] Val@Ep20 | score=1003.2976 AUC=0.7931 Acc=0.8352 F1=0.5843 PEHE=0.0250 dCATE=0.1483 Sens=0.0206 thr=0.27 feasible=1
[Full DLC (SOTA)] Epoch 20/28 | loss_total=2.4093 recon=0.0165 hsic=0.0211 pred=0.3306 distill=0.0000
[Full DLC (SOTA)] Val@Ep24 | score=1003.2781 AUC=0.7924 Acc=0.8296 F1=0.5714 PEHE=0.0260 dCATE=0.1571 Sens=0.0244 thr=0.23 feasible=1
[Full DLC (SOTA)] Epoch 25/28 | loss_total=2.3484 recon=0.0135 hsic=0.0208 pred=0.3229 distill=0.0000
[Full DLC (SOTA)] Val@Ep28 | score=1003.2722 AUC=0.7952 Acc=0.8274 F1=0.5584 PEHE=0.0320 dCATE=0.1847 Sens=0.0341 thr=0.26 feasible=1
[Full DLC (SOTA)] Restored best checkpoint at epoch 20 (score=1003.2976, thr=0.27)
[w/o HGNN] Epoch 5/20 | loss_total=1.5824 recon=0.2293 hsic=0.0162 pred=0.3371 distill=0.0000
[w/o HGNN] Val@Ep8 | score=1003.2253 AUC=0.7828 Acc=0.8252 F1=0.5577 PEHE=0.0544 dCATE=0.1805 Sens=0.0357 thr=0.25 feasible=1
[w/o HGNN] Epoch 10/20 | loss_total=1.3762 recon=0.0670 hsic=0.0188 pred=0.3249 distill=0.0000
[w/o HGNN] Val@Ep12 | score=1003.2562 AUC=0.7856 Acc=0.8486 F1=0.5696 PEHE=0.0612 dCATE=0.1681 Sens=0.0429 thr=0.42 feasible=1
[w/o HGNN] Epoch 15/20 | loss_total=1.2879 recon=0.0401 hsic=0.0212 pred=0.3096 distill=0.0000
[w/o HGNN] Val@Ep16 | score=1003.1822 AUC=0.7683 Acc=0.8408 F1=0.5545 PEHE=0.0789 dCATE=0.1783 Sens=0.0541 thr=0.35 feasible=1
[w/o HGNN] Val@Ep20 | score=1003.0693 AUC=0.7599 Acc=0.8096 F1=0.5210 PEHE=0.0907 dCATE=0.1722 Sens=0.0768 thr=0.25 feasible=1
[w/o HGNN] Epoch 20/20 | loss_total=1.2209 recon=0.0316 hsic=0.0221 pred=0.2922 distill=0.0000
[w/o HGNN] Restored best checkpoint at epoch 12 (score=1003.2562, thr=0.42)
[w/o VAE] Epoch 5/20 | loss_total=1.4619 recon=0.0433 hsic=0.0239 pred=0.3481 distill=0.0000
[w/o VAE] Val@Ep8 | score=1003.2717 AUC=0.7966 Acc=0.8396 F1=0.5789 PEHE=0.0633 dCATE=0.1163 Sens=0.0078 thr=0.32 feasible=1
[w/o VAE] Epoch 10/20 | loss_total=1.4075 recon=0.0159 hsic=0.0231 pred=0.3446 distill=0.0000
[w/o VAE] Val@Ep12 | score=1003.2903 AUC=0.7963 Acc=0.8486 F1=0.5776 PEHE=0.0650 dCATE=0.1392 Sens=0.0087 thr=0.31 feasible=1
[w/o VAE] Epoch 15/20 | loss_total=1.3931 recon=0.0119 hsic=0.0221 pred=0.3431 distill=0.0000
[w/o VAE] Val@Ep16 | score=1003.2850 AUC=0.7969 Acc=0.8363 F1=0.5788 PEHE=0.0478 dCATE=0.1339 Sens=0.0111 thr=0.25 feasible=1
[w/o VAE] Val@Ep20 | score=1003.2905 AUC=0.7955 Acc=0.8396 F1=0.5765 PEHE=0.0448 dCATE=0.1502 Sens=0.0168 thr=0.32 feasible=1
[w/o VAE] Epoch 20/20 | loss_total=1.3556 recon=0.0106 hsic=0.0220 pred=0.3341 distill=0.0000
[w/o VAE] Restored best checkpoint at epoch 20 (score=1003.2905, thr=0.32)
[w/o HSIC] Epoch 5/20 | loss_total=1.4734 recon=0.0573 hsic=0.0208 pred=0.3479 distill=0.0000
[w/o HSIC] Val@Ep8 | score=1003.2773 AUC=0.7974 Acc=0.8408 F1=0.5831 PEHE=0.0659 dCATE=0.1181 Sens=0.0090 thr=0.33 feasible=1
[w/o HSIC] Epoch 10/20 | loss_total=1.4099 recon=0.0174 hsic=0.0205 pred=0.3446 distill=0.0000
[w/o HSIC] Val@Ep12 | score=1003.2883 AUC=0.7956 Acc=0.8497 F1=0.5794 PEHE=0.0628 dCATE=0.1363 Sens=0.0145 thr=0.32 feasible=1
[w/o HSIC] Epoch 15/20 | loss_total=1.3943 recon=0.0115 hsic=0.0197 pred=0.3435 distill=0.0000
[w/o HSIC] Val@Ep16 | score=1003.2824 AUC=0.7956 Acc=0.8430 F1=0.5766 PEHE=0.0565 dCATE=0.1433 Sens=0.0192 thr=0.28 feasible=1
[w/o HSIC] Val@Ep20 | score=1003.2746 AUC=0.7957 Acc=0.8352 F1=0.5747 PEHE=0.0445 dCATE=0.1372 Sens=0.0215 thr=0.26 feasible=1
[w/o HSIC] Epoch 20/20 | loss_total=1.3667 recon=0.0102 hsic=0.0193 pred=0.3365 distill=0.0000
[w/o HSIC] Restored best checkpoint at epoch 12 (score=1003.2883, thr=0.32)

[Done] Raw metrics: /home/UserData/ljx/Project_1/results/ablation_metrics_rigorous.json
[Done] Report: /home/UserData/ljx/Project_1/reports/task19.5_ablation_study_rigorous.md
