Script started...

[Seed 42] Loading data...
Training Full DLC (SOTA) from scratch (Seed 42)
[Full DLC (SOTA)] Epoch 5/100 | loss_total=3.2002 recon=0.0497 hsic=0.0210 pred=0.3401 distill=0.0000 aux=0.0000
[Full DLC (SOTA)] Epoch 10/100 | loss_total=3.1220 recon=0.0148 hsic=0.0220 pred=0.3346 distill=0.0000 aux=0.0000
[Full DLC (SOTA)] Epoch 15/100 | loss_total=3.0688 recon=0.0092 hsic=0.0223 pred=0.3290 distill=0.0000 aux=0.0000
[Full DLC (SOTA)] Val@Ep20 | score=1002.2050 AUC=0.7888 Acc=0.8341 F1=0.5706 PEHE=0.0694 dCATE=0.1686 Sens=0.0003 thr=0.32 feasible=1
[Full DLC (SOTA)] Epoch 20/100 | loss_total=3.0450 recon=0.0091 hsic=0.0221 pred=0.3258 distill=0.0000 aux=0.0000
[Full DLC (SOTA)] Val@Ep25 | score=1002.1968 AUC=0.7899 Acc=0.8252 F1=0.5651 PEHE=0.0759 dCATE=0.1828 Sens=0.0003 thr=0.27 feasible=1
[Full DLC (SOTA)] Epoch 25/100 | loss_total=3.0047 recon=0.0057 hsic=0.0224 pred=0.3188 distill=0.0000 aux=0.0000
[Full DLC (SOTA)] Val@Ep30 | score=1002.1783 AUC=0.7899 Acc=0.8151 F1=0.5654 PEHE=0.0749 dCATE=0.1703 Sens=0.0003 thr=0.24 feasible=1
[Full DLC (SOTA)] Epoch 30/100 | loss_total=3.0215 recon=0.0056 hsic=0.0222 pred=0.3148 distill=0.0000 aux=0.0000
[Full DLC (SOTA)] Val@Ep35 | score=1002.1997 AUC=0.7902 Acc=0.8229 F1=0.5668 PEHE=0.0742 dCATE=0.1827 Sens=0.0003 thr=0.27 feasible=1
[Full DLC (SOTA)] Epoch 35/100 | loss_total=3.0526 recon=0.0054 hsic=0.0220 pred=0.3129 distill=0.0000 aux=0.0000
[Full DLC (SOTA)] Val@Ep40 | score=1002.1684 AUC=0.7898 Acc=0.8107 F1=0.5596 PEHE=0.0703 dCATE=0.1644 Sens=0.0003 thr=0.22 feasible=1
[Full DLC (SOTA)] Epoch 40/100 | loss_total=3.0658 recon=0.0055 hsic=0.0219 pred=0.3094 distill=0.0000 aux=0.0000
[Full DLC (SOTA)] Val@Ep45 | score=1002.1785 AUC=0.7868 Acc=0.8151 F1=0.5608 PEHE=0.0694 dCATE=0.1712 Sens=0.0004 thr=0.24 feasible=1
[Full DLC (SOTA)] Epoch 45/100 | loss_total=3.0799 recon=0.0048 hsic=0.0215 pred=0.3062 distill=0.0000 aux=0.0000
[Full DLC (SOTA)] Val@Ep50 | score=1002.1804 AUC=0.7891 Acc=0.8107 F1=0.5596 PEHE=0.0650 dCATE=0.1692 Sens=0.0004 thr=0.20 feasible=1
[Full DLC (SOTA)] Epoch 50/100 | loss_total=3.1347 recon=0.0048 hsic=0.0214 pred=0.3073 distill=0.0000 aux=0.0000
[Full DLC (SOTA)] Val@Ep55 | score=1002.1876 AUC=0.7900 Acc=0.8140 F1=0.5617 PEHE=0.0655 dCATE=0.1711 Sens=0.0004 thr=0.22 feasible=1
[Full DLC (SOTA)] Epoch 55/100 | loss_total=3.1222 recon=0.0050 hsic=0.0211 pred=0.3062 distill=0.0000 aux=0.0000
[Full DLC (SOTA)] Val@Ep60 | score=1002.1934 AUC=0.7881 Acc=0.8151 F1=0.5632 PEHE=0.0651 dCATE=0.1757 Sens=0.0005 thr=0.22 feasible=1
[Full DLC (SOTA)] Epoch 60/100 | loss_total=3.0888 recon=0.0050 hsic=0.0209 pred=0.3027 distill=0.0000 aux=0.0000
[Full DLC (SOTA)] Val@Ep65 | score=1002.1931 AUC=0.7864 Acc=0.8151 F1=0.5632 PEHE=0.0669 dCATE=0.1797 Sens=0.0005 thr=0.23 feasible=1
[Full DLC (SOTA)] Epoch 65/100 | loss_total=3.0868 recon=0.0045 hsic=0.0209 pred=0.3025 distill=0.0000 aux=0.0000
[Full DLC (SOTA)] Val@Ep70 | score=1002.1932 AUC=0.7855 Acc=0.8140 F1=0.5594 PEHE=0.0674 dCATE=0.1870 Sens=0.0005 thr=0.22 feasible=1
[Full DLC (SOTA)] Epoch 70/100 | loss_total=3.0591 recon=0.0046 hsic=0.0207 pred=0.2999 distill=0.0000 aux=0.0000
[Full DLC (SOTA)] Val@Ep75 | score=1002.1806 AUC=0.7859 Acc=0.8096 F1=0.5558 PEHE=0.0664 dCATE=0.1802 Sens=0.0006 thr=0.20 feasible=1
[Full DLC (SOTA)] Epoch 75/100 | loss_total=3.0572 recon=0.0046 hsic=0.0204 pred=0.2995 distill=0.0000 aux=0.0000
[Full DLC (SOTA)] Val@Ep80 | score=1002.1827 AUC=0.7848 Acc=0.8129 F1=0.5579 PEHE=0.0672 dCATE=0.1797 Sens=0.0006 thr=0.20 feasible=1
[Full DLC (SOTA)] Epoch 80/100 | loss_total=3.0460 recon=0.0046 hsic=0.0204 pred=0.2985 distill=0.0000 aux=0.0000
[Full DLC (SOTA)] Val@Ep85 | score=1002.1818 AUC=0.7856 Acc=0.8151 F1=0.5561 PEHE=0.0668 dCATE=0.1777 Sens=0.0006 thr=0.22 feasible=1
[Full DLC (SOTA)] Epoch 85/100 | loss_total=3.0430 recon=0.0044 hsic=0.0203 pred=0.2981 distill=0.0000 aux=0.0000
[Full DLC (SOTA)] Val@Ep90 | score=1002.1801 AUC=0.7852 Acc=0.8140 F1=0.5523 PEHE=0.0675 dCATE=0.1830 Sens=0.0007 thr=0.22 feasible=1
[Full DLC (SOTA)] Epoch 90/100 | loss_total=3.0475 recon=0.0044 hsic=0.0203 pred=0.2987 distill=0.0000 aux=0.0000
[Full DLC (SOTA)] Val@Ep95 | score=1002.1810 AUC=0.7849 Acc=0.8163 F1=0.5528 PEHE=0.0680 dCATE=0.1826 Sens=0.0007 thr=0.23 feasible=1
[Full DLC (SOTA)] Epoch 95/100 | loss_total=3.0350 recon=0.0045 hsic=0.0203 pred=0.2974 distill=0.0000 aux=0.0000
[Full DLC (SOTA)] Val@Ep100 | score=1002.1845 AUC=0.7861 Acc=0.8163 F1=0.5553 PEHE=0.0681 dCATE=0.1821 Sens=0.0007 thr=0.23 feasible=1
[Full DLC (SOTA)] Epoch 100/100 | loss_total=3.0276 recon=0.0045 hsic=0.0201 pred=0.2965 distill=0.0000 aux=0.0000
[Full DLC (SOTA)] Restored best checkpoint at epoch 20 (score=1002.2050, thr=0.32, alpha=0.35)
[w/o HGNN] Epoch 5/80 | loss_total=0.1286 recon=0.1013 hsic=0.0204 pred=0.5262 distill=0.0000 aux=0.0000
[w/o HGNN] Epoch 10/80 | loss_total=0.0415 recon=0.0216 hsic=0.0217 pred=0.3709 distill=0.0000 aux=0.0000
[w/o HGNN] Epoch 15/80 | loss_total=0.0319 recon=0.0115 hsic=0.0218 pred=0.3625 distill=0.0000 aux=0.0000
[w/o HGNN] Val@Ep20 | score=1002.1936 AUC=0.7916 Acc=0.8441 F1=0.5732 PEHE=0.0124 dCATE=0.1846 Sens=0.1059 thr=0.38 feasible=1
[w/o HGNN] Epoch 20/80 | loss_total=0.0260 recon=0.0076 hsic=0.0217 pred=0.3567 distill=0.0000 aux=0.0000
[w/o HGNN] Val@Ep25 | score=1002.1739 AUC=0.7911 Acc=0.8352 F1=0.5771 PEHE=0.0254 dCATE=0.1707 Sens=0.0921 thr=0.31 feasible=1
[w/o HGNN] Epoch 25/80 | loss_total=0.5862 recon=0.0061 hsic=0.0212 pred=0.3387 distill=0.0000 aux=0.0000
[w/o HGNN] Val@Ep30 | score=1002.1859 AUC=0.7933 Acc=0.8296 F1=0.5690 PEHE=0.0303 dCATE=0.1832 Sens=0.0763 thr=0.30 feasible=1
[w/o HGNN] Epoch 30/80 | loss_total=1.1178 recon=0.0068 hsic=0.0213 pred=0.3288 distill=0.0000 aux=0.0000
[w/o HGNN] Val@Ep35 | score=1002.1400 AUC=0.7884 Acc=0.8151 F1=0.5632 PEHE=0.0333 dCATE=0.1713 Sens=0.0814 thr=0.19 feasible=1
[w/o HGNN] Epoch 35/80 | loss_total=1.6118 recon=0.0076 hsic=0.0209 pred=0.3174 distill=0.0000 aux=0.0000
[w/o HGNN] Val@Ep40 | score=1002.1182 AUC=0.7831 Acc=0.8051 F1=0.5524 PEHE=0.0383 dCATE=0.1811 Sens=0.0797 thr=0.23 feasible=1
[w/o HGNN] Epoch 40/80 | loss_total=2.0627 recon=0.0080 hsic=0.0205 pred=0.3044 distill=0.0000 aux=0.0000
[w/o HGNN] Val@Ep45 | score=1002.0549 AUC=0.7598 Acc=0.8463 F1=0.5175 PEHE=0.0451 dCATE=0.1837 Sens=0.0992 thr=0.35 feasible=1
[w/o HGNN] Epoch 45/80 | loss_total=2.4287 recon=0.0067 hsic=0.0203 pred=0.2869 distill=0.0000 aux=0.0000
[w/o HGNN] Val@Ep50 | score=1002.0204 AUC=0.7560 Acc=0.8307 F1=0.5128 PEHE=0.0553 dCATE=0.1858 Sens=0.0987 thr=0.32 feasible=1
[w/o HGNN] Epoch 50/80 | loss_total=2.7777 recon=0.0067 hsic=0.0203 pred=0.2733 distill=0.0000 aux=0.0000
[w/o HGNN] Val@Ep55 | score=1001.9525 AUC=0.7495 Acc=0.8029 F1=0.4986 PEHE=0.0620 dCATE=0.1844 Sens=0.1076 thr=0.27 feasible=1
[w/o HGNN] Epoch 55/80 | loss_total=2.6829 recon=0.0066 hsic=0.0201 pred=0.2628 distill=0.0000 aux=0.0000
[w/o HGNN] Val@Ep60 | score=1001.9288 AUC=0.7376 Acc=0.8029 F1=0.4840 PEHE=0.0622 dCATE=0.1930 Sens=0.1096 thr=0.27 feasible=1
[w/o HGNN] Epoch 60/80 | loss_total=2.5695 recon=0.0064 hsic=0.0200 pred=0.2510 distill=0.0000 aux=0.0000
[w/o HGNN] Val@Ep65 | score=1001.9036 AUC=0.7303 Acc=0.7829 F1=0.4909 PEHE=0.0634 dCATE=0.1936 Sens=0.1171 thr=0.18 feasible=1
[w/o HGNN] Epoch 65/80 | loss_total=2.4849 recon=0.0060 hsic=0.0200 pred=0.2422 distill=0.0000 aux=0.0000
[w/o HGNN] Val@Ep70 | score=1001.9174 AUC=0.7192 Acc=0.8352 F1=0.4825 PEHE=0.0647 dCATE=0.1939 Sens=0.1215 thr=0.47 feasible=1
[w/o HGNN] Epoch 70/80 | loss_total=2.4045 recon=0.0060 hsic=0.0199 pred=0.2344 distill=0.0000 aux=0.0000
[w/o HGNN] Val@Ep75 | score=1001.8958 AUC=0.7172 Acc=0.7996 F1=0.4886 PEHE=0.0659 dCATE=0.1986 Sens=0.1226 thr=0.22 feasible=1
[w/o HGNN] Epoch 75/80 | loss_total=2.3759 recon=0.0059 hsic=0.0199 pred=0.2310 distill=0.0000 aux=0.0000
[w/o HGNN] Val@Ep80 | score=1001.8878 AUC=0.7111 Acc=0.8252 F1=0.4818 PEHE=0.0697 dCATE=0.2039 Sens=0.1342 thr=0.42 feasible=1
[w/o HGNN] Epoch 80/80 | loss_total=2.2949 recon=0.0058 hsic=0.0198 pred=0.2228 distill=0.0000 aux=0.0000
[w/o HGNN] Restored best checkpoint at epoch 20 (score=1002.1936, thr=0.38, alpha=0.35)
[w/o VAE] Epoch 5/80 | loss_total=0.0633 recon=0.0312 hsic=0.0230 pred=0.3534 distill=0.0000 aux=0.0000
[w/o VAE] Epoch 10/80 | loss_total=0.0399 recon=0.0092 hsic=0.0227 pred=0.3446 distill=0.0000 aux=0.0000
[w/o VAE] Epoch 15/80 | loss_total=0.0377 recon=0.0068 hsic=0.0222 pred=0.3426 distill=0.0000 aux=0.0000
[w/o VAE] Val@Ep20 | score=1002.3017 AUC=0.7981 Acc=0.8196 F1=0.5714 PEHE=0.0061 dCATE=0.1761 Sens=0.0040 thr=0.27 feasible=1
[w/o VAE] Epoch 20/80 | loss_total=0.0353 recon=0.0049 hsic=0.0216 pred=0.3434 distill=0.0000 aux=0.0000
[w/o VAE] Val@Ep25 | score=1002.3038 AUC=0.7976 Acc=0.8207 F1=0.5729 PEHE=0.0043 dCATE=0.1732 Sens=0.0039 thr=0.26 feasible=1
[w/o VAE] Epoch 25/80 | loss_total=0.0324 recon=0.0032 hsic=0.0215 pred=0.3414 distill=0.0000 aux=0.0000
[w/o VAE] Val@Ep30 | score=1002.3026 AUC=0.7968 Acc=0.8218 F1=0.5745 PEHE=0.0037 dCATE=0.1693 Sens=0.0039 thr=0.26 feasible=1
[w/o VAE] Epoch 30/80 | loss_total=0.0318 recon=0.0029 hsic=0.0210 pred=0.3396 distill=0.0000 aux=0.0000
[w/o VAE] Val@Ep35 | score=1002.3156 AUC=0.7977 Acc=0.8296 F1=0.5785 PEHE=0.0057 dCATE=0.1730 Sens=0.0037 thr=0.27 feasible=1
[w/o VAE] Epoch 35/80 | loss_total=0.0318 recon=0.0027 hsic=0.0206 pred=0.3397 distill=0.0000 aux=0.0000
[w/o VAE] Val@Ep40 | score=1002.3056 AUC=0.7962 Acc=0.8229 F1=0.5760 PEHE=0.0068 dCATE=0.1742 Sens=0.0035 thr=0.25 feasible=1
[w/o VAE] Epoch 40/80 | loss_total=0.0315 recon=0.0024 hsic=0.0205 pred=0.3382 distill=0.0000 aux=0.0000
[w/o VAE] Val@Ep45 | score=1002.3064 AUC=0.7955 Acc=0.8252 F1=0.5768 PEHE=0.0036 dCATE=0.1683 Sens=0.0036 thr=0.27 feasible=1
[w/o VAE] Epoch 45/80 | loss_total=0.0308 recon=0.0019 hsic=0.0202 pred=0.3377 distill=0.0000 aux=0.0000
[w/o VAE] Val@Ep50 | score=1002.3251 AUC=0.7954 Acc=0.8396 F1=0.5789 PEHE=0.0041 dCATE=0.1737 Sens=0.0036 thr=0.29 feasible=1
[w/o VAE] Epoch 50/80 | loss_total=0.0310 recon=0.0019 hsic=0.0200 pred=0.3400 distill=0.0000 aux=0.0000
[w/o VAE] Val@Ep55 | score=1002.3016 AUC=0.7956 Acc=0.8218 F1=0.5745 PEHE=0.0034 dCATE=0.1686 Sens=0.0037 thr=0.26 feasible=1
[w/o VAE] Epoch 55/80 | loss_total=0.0308 recon=0.0018 hsic=0.0198 pred=0.3394 distill=0.0000 aux=0.0000
[w/o VAE] Val@Ep60 | score=1002.3236 AUC=0.7947 Acc=0.8396 F1=0.5765 PEHE=0.0032 dCATE=0.1746 Sens=0.0036 thr=0.30 feasible=1
[w/o VAE] Epoch 60/80 | loss_total=0.0304 recon=0.0017 hsic=0.0196 pred=0.3376 distill=0.0000 aux=0.0000
[w/o VAE] Val@Ep65 | score=1002.3126 AUC=0.7951 Acc=0.8263 F1=0.5784 PEHE=0.0029 dCATE=0.1711 Sens=0.0036 thr=0.27 feasible=1
[w/o VAE] Epoch 65/80 | loss_total=0.0302 recon=0.0015 hsic=0.0196 pred=0.3393 distill=0.0000 aux=0.0000
[w/o VAE] Val@Ep70 | score=1002.3149 AUC=0.7945 Acc=0.8274 F1=0.5799 PEHE=0.0031 dCATE=0.1715 Sens=0.0037 thr=0.27 feasible=1
[w/o VAE] Epoch 70/80 | loss_total=0.0301 recon=0.0015 hsic=0.0193 pred=0.3373 distill=0.0000 aux=0.0000
[w/o VAE] Val@Ep75 | score=1002.3116 AUC=0.7945 Acc=0.8252 F1=0.5791 PEHE=0.0034 dCATE=0.1715 Sens=0.0037 thr=0.26 feasible=1
[w/o VAE] Epoch 75/80 | loss_total=0.0301 recon=0.0014 hsic=0.0191 pred=0.3378 distill=0.0000 aux=0.0000
[w/o VAE] Val@Ep80 | score=1002.3141 AUC=0.7947 Acc=0.8263 F1=0.5784 PEHE=0.0033 dCATE=0.1737 Sens=0.0037 thr=0.26 feasible=1
[w/o VAE] Epoch 80/80 | loss_total=0.0300 recon=0.0014 hsic=0.0190 pred=0.3375 distill=0.0000 aux=0.0000
[w/o VAE] Restored best checkpoint at epoch 50 (score=1002.3251, thr=0.29, alpha=0.35)
[w/o HSIC] Epoch 5/80 | loss_total=0.0703 recon=0.0401 hsic=0.0209 pred=0.3542 distill=0.0000 aux=0.0000
[w/o HSIC] Epoch 10/80 | loss_total=0.0417 recon=0.0115 hsic=0.0218 pred=0.3458 distill=0.0000 aux=0.0000
[w/o HSIC] Epoch 15/80 | loss_total=0.0369 recon=0.0080 hsic=0.0221 pred=0.3425 distill=0.0000 aux=0.0000
[w/o HSIC] Val@Ep20 | score=1002.3189 AUC=0.7981 Acc=0.8374 F1=0.5731 PEHE=0.0074 dCATE=0.1768 Sens=0.0022 thr=0.29 feasible=1
[w/o HSIC] Epoch 20/80 | loss_total=0.0359 recon=0.0065 hsic=0.0223 pred=0.3435 distill=0.0000 aux=0.0000
[w/o HSIC] Val@Ep25 | score=1002.3105 AUC=0.7968 Acc=0.8241 F1=0.5753 PEHE=0.0050 dCATE=0.1743 Sens=0.0022 thr=0.26 feasible=1
[w/o HSIC] Epoch 25/80 | loss_total=0.0315 recon=0.0039 hsic=0.0227 pred=0.3416 distill=0.0000 aux=0.0000
[w/o HSIC] Val@Ep30 | score=1002.3094 AUC=0.7957 Acc=0.8252 F1=0.5768 PEHE=0.0040 dCATE=0.1701 Sens=0.0023 thr=0.26 feasible=1
[w/o HSIC] Epoch 30/80 | loss_total=0.0307 recon=0.0034 hsic=0.0226 pred=0.3396 distill=0.0000 aux=0.0000
[w/o HSIC] Val@Ep35 | score=1002.3079 AUC=0.7966 Acc=0.8241 F1=0.5775 PEHE=0.0056 dCATE=0.1704 Sens=0.0025 thr=0.26 feasible=1
[w/o HSIC] Epoch 35/80 | loss_total=0.0305 recon=0.0031 hsic=0.0227 pred=0.3399 distill=0.0000 aux=0.0000
[w/o HSIC] Val@Ep40 | score=1002.3092 AUC=0.7955 Acc=0.8241 F1=0.5775 PEHE=0.0054 dCATE=0.1723 Sens=0.0025 thr=0.25 feasible=1
[w/o HSIC] Epoch 40/80 | loss_total=0.0302 recon=0.0029 hsic=0.0231 pred=0.3383 distill=0.0000 aux=0.0000
[w/o HSIC] Val@Ep45 | score=1002.3073 AUC=0.7947 Acc=0.8241 F1=0.5775 PEHE=0.0040 dCATE=0.1694 Sens=0.0025 thr=0.26 feasible=1
[w/o HSIC] Epoch 45/80 | loss_total=0.0295 recon=0.0023 hsic=0.0230 pred=0.3376 distill=0.0000 aux=0.0000
[w/o HSIC] Val@Ep50 | score=1002.3109 AUC=0.7951 Acc=0.8241 F1=0.5775 PEHE=0.0041 dCATE=0.1728 Sens=0.0026 thr=0.26 feasible=1
[w/o HSIC] Epoch 50/80 | loss_total=0.0297 recon=0.0022 hsic=0.0232 pred=0.3401 distill=0.0000 aux=0.0000
[w/o HSIC] Val@Ep55 | score=1002.3069 AUC=0.7952 Acc=0.8241 F1=0.5775 PEHE=0.0040 dCATE=0.1684 Sens=0.0026 thr=0.26 feasible=1
[w/o HSIC] Epoch 55/80 | loss_total=0.0294 recon=0.0021 hsic=0.0233 pred=0.3394 distill=0.0000 aux=0.0000
[w/o HSIC] Val@Ep60 | score=1002.3152 AUC=0.7950 Acc=0.8274 F1=0.5777 PEHE=0.0038 dCATE=0.1741 Sens=0.0027 thr=0.27 feasible=1
[w/o HSIC] Epoch 60/80 | loss_total=0.0291 recon=0.0020 hsic=0.0233 pred=0.3377 distill=0.0000 aux=0.0000
[w/o HSIC] Val@Ep65 | score=1002.3157 AUC=0.7950 Acc=0.8274 F1=0.5799 PEHE=0.0035 dCATE=0.1712 Sens=0.0027 thr=0.27 feasible=1
[w/o HSIC] Epoch 65/80 | loss_total=0.0289 recon=0.0017 hsic=0.0235 pred=0.3393 distill=0.0000 aux=0.0000
[w/o HSIC] Val@Ep70 | score=1002.3167 AUC=0.7945 Acc=0.8274 F1=0.5799 PEHE=0.0037 dCATE=0.1733 Sens=0.0028 thr=0.27 feasible=1
[w/o HSIC] Epoch 70/80 | loss_total=0.0288 recon=0.0017 hsic=0.0233 pred=0.3374 distill=0.0000 aux=0.0000
[w/o HSIC] Val@Ep75 | score=1002.3186 AUC=0.7942 Acc=0.8285 F1=0.5815 PEHE=0.0036 dCATE=0.1726 Sens=0.0029 thr=0.26 feasible=1
[w/o HSIC] Epoch 75/80 | loss_total=0.0287 recon=0.0016 hsic=0.0233 pred=0.3378 distill=0.0000 aux=0.0000
[w/o HSIC] Val@Ep80 | score=1002.3185 AUC=0.7943 Acc=0.8285 F1=0.5815 PEHE=0.0040 dCATE=0.1730 Sens=0.0029 thr=0.26 feasible=1
[w/o HSIC] Epoch 80/80 | loss_total=0.0287 recon=0.0016 hsic=0.0233 pred=0.3376 distill=0.0000 aux=0.0000
[w/o HSIC] Restored best checkpoint at epoch 20 (score=1002.3189, thr=0.29, alpha=0.35)

[Seed 43] Loading data...
Training Full DLC (SOTA) from scratch (Seed 43)
[Full DLC (SOTA)] Epoch 5/100 | loss_total=3.2209 recon=0.0438 hsic=0.0210 pred=0.3425 distill=0.0000 aux=0.0000
[Full DLC (SOTA)] Epoch 10/100 | loss_total=3.1259 recon=0.0127 hsic=0.0222 pred=0.3359 distill=0.0000 aux=0.0000
[Full DLC (SOTA)] Epoch 15/100 | loss_total=3.0854 recon=0.0081 hsic=0.0227 pred=0.3318 distill=0.0000 aux=0.0000
[Full DLC (SOTA)] Val@Ep20 | score=1002.2693 AUC=0.8079 Acc=0.8441 F1=0.6045 PEHE=0.0696 dCATE=0.1654 Sens=0.0002 thr=0.27 feasible=1
[Full DLC (SOTA)] Epoch 20/100 | loss_total=3.0396 recon=0.0071 hsic=0.0228 pred=0.3258 distill=0.0000 aux=0.0000
[Full DLC (SOTA)] Val@Ep25 | score=1002.2867 AUC=0.8091 Acc=0.8408 F1=0.5949 PEHE=0.0677 dCATE=0.1930 Sens=0.0002 thr=0.26 feasible=1
[Full DLC (SOTA)] Epoch 25/100 | loss_total=3.0222 recon=0.0047 hsic=0.0229 pred=0.3205 distill=0.0000 aux=0.0000
[Full DLC (SOTA)] Val@Ep30 | score=1002.2882 AUC=0.8060 Acc=0.8608 F1=0.5928 PEHE=0.0639 dCATE=0.1782 Sens=0.0003 thr=0.33 feasible=1
[Full DLC (SOTA)] Epoch 30/100 | loss_total=3.0486 recon=0.0048 hsic=0.0229 pred=0.3179 distill=0.0000 aux=0.0000
[Full DLC (SOTA)] Val@Ep35 | score=1002.3025 AUC=0.8075 Acc=0.8608 F1=0.6006 PEHE=0.0620 dCATE=0.1790 Sens=0.0003 thr=0.31 feasible=1
[Full DLC (SOTA)] Epoch 35/100 | loss_total=3.0971 recon=0.0047 hsic=0.0228 pred=0.3175 distill=0.0000 aux=0.0000
[Full DLC (SOTA)] Val@Ep40 | score=1002.3043 AUC=0.8049 Acc=0.8597 F1=0.5935 PEHE=0.0613 dCATE=0.1917 Sens=0.0003 thr=0.30 feasible=1
[Full DLC (SOTA)] Epoch 40/100 | loss_total=3.1090 recon=0.0047 hsic=0.0228 pred=0.3139 distill=0.0000 aux=0.0000
[Full DLC (SOTA)] Val@Ep45 | score=1002.2877 AUC=0.8064 Acc=0.8552 F1=0.5912 PEHE=0.0614 dCATE=0.1802 Sens=0.0003 thr=0.31 feasible=1
[Full DLC (SOTA)] Epoch 45/100 | loss_total=3.1164 recon=0.0039 hsic=0.0228 pred=0.3099 distill=0.0000 aux=0.0000
[Full DLC (SOTA)] Val@Ep50 | score=1002.3015 AUC=0.8051 Acc=0.8586 F1=0.5863 PEHE=0.0610 dCATE=0.1979 Sens=0.0003 thr=0.35 feasible=1
[Full DLC (SOTA)] Epoch 50/100 | loss_total=3.1656 recon=0.0041 hsic=0.0226 pred=0.3101 distill=0.0000 aux=0.0000
[Full DLC (SOTA)] Val@Ep55 | score=1002.2902 AUC=0.8046 Acc=0.8563 F1=0.5852 PEHE=0.0593 dCATE=0.1877 Sens=0.0004 thr=0.34 feasible=1
[Full DLC (SOTA)] Epoch 55/100 | loss_total=3.1456 recon=0.0040 hsic=0.0227 pred=0.3084 distill=0.0000 aux=0.0000
[Full DLC (SOTA)] Val@Ep60 | score=1002.2913 AUC=0.8078 Acc=0.8541 F1=0.5841 PEHE=0.0596 dCATE=0.1891 Sens=0.0004 thr=0.31 feasible=1
[Full DLC (SOTA)] Epoch 60/100 | loss_total=3.1424 recon=0.0040 hsic=0.0226 pred=0.3082 distill=0.0000 aux=0.0000
[Full DLC (SOTA)] Val@Ep65 | score=1002.2881 AUC=0.8061 Acc=0.8563 F1=0.5825 PEHE=0.0601 dCATE=0.1886 Sens=0.0004 thr=0.34 feasible=1
[Full DLC (SOTA)] Epoch 65/100 | loss_total=3.1122 recon=0.0037 hsic=0.0226 pred=0.3052 distill=0.0000 aux=0.0000
[Full DLC (SOTA)] Val@Ep70 | score=1002.2798 AUC=0.8072 Acc=0.8419 F1=0.5824 PEHE=0.0597 dCATE=0.1904 Sens=0.0005 thr=0.26 feasible=1
[Full DLC (SOTA)] Epoch 70/100 | loss_total=3.0987 recon=0.0037 hsic=0.0222 pred=0.3040 distill=0.0000 aux=0.0000
[Full DLC (SOTA)] Val@Ep75 | score=1002.2972 AUC=0.8069 Acc=0.8552 F1=0.5860 PEHE=0.0604 dCATE=0.1941 Sens=0.0005 thr=0.30 feasible=1
[Full DLC (SOTA)] Epoch 75/100 | loss_total=3.1005 recon=0.0037 hsic=0.0224 pred=0.3039 distill=0.0000 aux=0.0000
[Full DLC (SOTA)] Val@Ep80 | score=1002.2766 AUC=0.8066 Acc=0.8430 F1=0.5841 PEHE=0.0605 dCATE=0.1861 Sens=0.0005 thr=0.26 feasible=1
[Full DLC (SOTA)] Epoch 80/100 | loss_total=3.0996 recon=0.0038 hsic=0.0223 pred=0.3036 distill=0.0000 aux=0.0000
[Full DLC (SOTA)] Val@Ep85 | score=1002.2877 AUC=0.8064 Acc=0.8441 F1=0.5882 PEHE=0.0610 dCATE=0.1922 Sens=0.0005 thr=0.26 feasible=1
[Full DLC (SOTA)] Epoch 85/100 | loss_total=3.0738 recon=0.0036 hsic=0.0225 pred=0.3014 distill=0.0000 aux=0.0000
[Full DLC (SOTA)] Val@Ep90 | score=1002.2806 AUC=0.8069 Acc=0.8419 F1=0.5824 PEHE=0.0610 dCATE=0.1935 Sens=0.0005 thr=0.26 feasible=1
[Full DLC (SOTA)] Epoch 90/100 | loss_total=3.0825 recon=0.0036 hsic=0.0223 pred=0.3020 distill=0.0000 aux=0.0000
[Full DLC (SOTA)] Val@Ep95 | score=1002.2880 AUC=0.8062 Acc=0.8419 F1=0.5872 PEHE=0.0613 dCATE=0.1963 Sens=0.0006 thr=0.26 feasible=1
[Full DLC (SOTA)] Epoch 95/100 | loss_total=3.0672 recon=0.0036 hsic=0.0223 pred=0.3006 distill=0.0000 aux=0.0000
[Full DLC (SOTA)] Val@Ep100 | score=1002.2822 AUC=0.8067 Acc=0.8441 F1=0.5833 PEHE=0.0612 dCATE=0.1928 Sens=0.0006 thr=0.26 feasible=1
[Full DLC (SOTA)] Epoch 100/100 | loss_total=3.0884 recon=0.0036 hsic=0.0222 pred=0.3027 distill=0.0000 aux=0.0000
[Full DLC (SOTA)] Restored best checkpoint at epoch 40 (score=1002.3043, thr=0.30, alpha=0.35)
[w/o HGNN] Epoch 5/80 | loss_total=0.1032 recon=0.0748 hsic=0.0202 pred=0.5360 distill=0.0000 aux=0.0000
[w/o HGNN] Epoch 10/80 | loss_total=0.0391 recon=0.0193 hsic=0.0212 pred=0.3769 distill=0.0000 aux=0.0000
[w/o HGNN] Epoch 15/80 | loss_total=0.0309 recon=0.0121 hsic=0.0209 pred=0.3675 distill=0.0000 aux=0.0000
[w/o HGNN] Val@Ep20 | score=1002.2253 AUC=0.8069 Acc=0.8330 F1=0.5833 PEHE=0.0139 dCATE=0.1464 Sens=0.0612 thr=0.29 feasible=1
[w/o HGNN] Epoch 20/80 | loss_total=0.0298 recon=0.0089 hsic=0.0205 pred=0.3633 distill=0.0000 aux=0.0000
[w/o HGNN] Val@Ep25 | score=1002.3318 AUC=0.8094 Acc=0.8586 F1=0.5968 PEHE=0.0203 dCATE=0.1853 Sens=0.0296 thr=0.40 feasible=1
[w/o HGNN] Epoch 25/80 | loss_total=0.5916 recon=0.0079 hsic=0.0203 pred=0.3402 distill=0.0000 aux=0.0000
[w/o HGNN] Val@Ep30 | score=1002.2999 AUC=0.8045 Acc=0.8630 F1=0.5859 PEHE=0.0239 dCATE=0.1736 Sens=0.0298 thr=0.45 feasible=1
[w/o HGNN] Epoch 30/80 | loss_total=1.1280 recon=0.0077 hsic=0.0200 pred=0.3314 distill=0.0000 aux=0.0000
[w/o HGNN] Val@Ep35 | score=1002.2697 AUC=0.8044 Acc=0.8441 F1=0.5882 PEHE=0.0293 dCATE=0.1792 Sens=0.0426 thr=0.25 feasible=1
[w/o HGNN] Epoch 35/80 | loss_total=1.6214 recon=0.0081 hsic=0.0198 pred=0.3193 distill=0.0000 aux=0.0000
[w/o HGNN] Val@Ep40 | score=1002.1839 AUC=0.7929 Acc=0.8241 F1=0.5659 PEHE=0.0376 dCATE=0.1803 Sens=0.0593 thr=0.24 feasible=1
[w/o HGNN] Epoch 40/80 | loss_total=2.0725 recon=0.0088 hsic=0.0196 pred=0.3055 distill=0.0000 aux=0.0000
[w/o HGNN] Val@Ep45 | score=1002.1722 AUC=0.7859 Acc=0.8430 F1=0.5662 PEHE=0.0412 dCATE=0.1758 Sens=0.0680 thr=0.30 feasible=1
[w/o HGNN] Epoch 45/80 | loss_total=2.4380 recon=0.0078 hsic=0.0194 pred=0.2882 distill=0.0000 aux=0.0000
[w/o HGNN] Val@Ep50 | score=1002.1635 AUC=0.7761 Acc=0.8608 F1=0.5552 PEHE=0.0468 dCATE=0.1924 Sens=0.0747 thr=0.43 feasible=1
[w/o HGNN] Epoch 50/80 | loss_total=2.8164 recon=0.0079 hsic=0.0193 pred=0.2771 distill=0.0000 aux=0.0000
[w/o HGNN] Val@Ep55 | score=1002.0768 AUC=0.7674 Acc=0.8140 F1=0.5399 PEHE=0.0527 dCATE=0.1878 Sens=0.0820 thr=0.19 feasible=1
[w/o HGNN] Epoch 55/80 | loss_total=2.6858 recon=0.0079 hsic=0.0194 pred=0.2633 distill=0.0000 aux=0.0000
[w/o HGNN] Val@Ep60 | score=1002.0656 AUC=0.7550 Acc=0.8530 F1=0.5286 PEHE=0.0567 dCATE=0.1914 Sens=0.0937 thr=0.46 feasible=1
[w/o HGNN] Epoch 60/80 | loss_total=2.5941 recon=0.0078 hsic=0.0193 pred=0.2534 distill=0.0000 aux=0.0000
[w/o HGNN] Val@Ep65 | score=1002.0328 AUC=0.7558 Acc=0.8140 F1=0.5296 PEHE=0.0581 dCATE=0.1935 Sens=0.0967 thr=0.21 feasible=1
[w/o HGNN] Epoch 65/80 | loss_total=2.4485 recon=0.0073 hsic=0.0191 pred=0.2391 distill=0.0000 aux=0.0000
[w/o HGNN] Val@Ep70 | score=1002.0547 AUC=0.7470 Acc=0.8463 F1=0.5306 PEHE=0.0568 dCATE=0.1952 Sens=0.0968 thr=0.40 feasible=1
[w/o HGNN] Epoch 70/80 | loss_total=2.3962 recon=0.0073 hsic=0.0191 pred=0.2334 distill=0.0000 aux=0.0000
[w/o HGNN] Val@Ep75 | score=1002.0104 AUC=0.7359 Acc=0.8207 F1=0.5223 PEHE=0.0580 dCATE=0.2006 Sens=0.1020 thr=0.23 feasible=1
[w/o HGNN] Epoch 75/80 | loss_total=2.3541 recon=0.0072 hsic=0.0191 pred=0.2291 distill=0.0000 aux=0.0000
[w/o HGNN] Val@Ep80 | score=1002.0237 AUC=0.7329 Acc=0.8285 F1=0.5276 PEHE=0.0584 dCATE=0.2026 Sens=0.1002 thr=0.23 feasible=1
[w/o HGNN] Epoch 80/80 | loss_total=2.2897 recon=0.0071 hsic=0.0191 pred=0.2221 distill=0.0000 aux=0.0000
[w/o HGNN] Restored best checkpoint at epoch 25 (score=1002.3318, thr=0.40, alpha=0.35)
[w/o VAE] Epoch 5/80 | loss_total=0.0626 recon=0.0295 hsic=0.0229 pred=0.3543 distill=0.0000 aux=0.0000
[w/o VAE] Epoch 10/80 | loss_total=0.0442 recon=0.0105 hsic=0.0232 pred=0.3480 distill=0.0000 aux=0.0000
[w/o VAE] Epoch 15/80 | loss_total=0.0365 recon=0.0059 hsic=0.0227 pred=0.3448 distill=0.0000 aux=0.0000
[w/o VAE] Val@Ep20 | score=1002.3829 AUC=0.8110 Acc=0.8474 F1=0.6029 PEHE=0.0105 dCATE=0.1898 Sens=0.0030 thr=0.29 feasible=1
[w/o VAE] Epoch 20/80 | loss_total=0.0358 recon=0.0048 hsic=0.0221 pred=0.3436 distill=0.0000 aux=0.0000
[w/o VAE] Val@Ep25 | score=1002.3858 AUC=0.8106 Acc=0.8486 F1=0.6047 PEHE=0.0040 dCATE=0.1805 Sens=0.0031 thr=0.29 feasible=1
[w/o VAE] Epoch 25/80 | loss_total=0.0323 recon=0.0031 hsic=0.0217 pred=0.3422 distill=0.0000 aux=0.0000
[w/o VAE] Val@Ep30 | score=1002.3669 AUC=0.8106 Acc=0.8408 F1=0.5949 PEHE=0.0039 dCATE=0.1797 Sens=0.0034 thr=0.27 feasible=1
[w/o VAE] Epoch 30/80 | loss_total=0.0320 recon=0.0028 hsic=0.0214 pred=0.3415 distill=0.0000 aux=0.0000
[w/o VAE] Val@Ep35 | score=1002.3748 AUC=0.8102 Acc=0.8430 F1=0.5983 PEHE=0.0053 dCATE=0.1842 Sens=0.0034 thr=0.28 feasible=1
[w/o VAE] Epoch 35/80 | loss_total=0.0323 recon=0.0027 hsic=0.0209 pred=0.3429 distill=0.0000 aux=0.0000
[w/o VAE] Val@Ep40 | score=1002.3582 AUC=0.8094 Acc=0.8396 F1=0.5932 PEHE=0.0048 dCATE=0.1770 Sens=0.0038 thr=0.26 feasible=1
[w/o VAE] Epoch 40/80 | loss_total=0.0319 recon=0.0026 hsic=0.0206 pred=0.3409 distill=0.0000 aux=0.0000
[w/o VAE] Val@Ep45 | score=1002.3712 AUC=0.8099 Acc=0.8441 F1=0.5977 PEHE=0.0038 dCATE=0.1789 Sens=0.0037 thr=0.28 feasible=1
[w/o VAE] Epoch 45/80 | loss_total=0.0309 recon=0.0019 hsic=0.0204 pred=0.3401 distill=0.0000 aux=0.0000
[w/o VAE] Val@Ep50 | score=1002.3720 AUC=0.8097 Acc=0.8430 F1=0.5960 PEHE=0.0047 dCATE=0.1843 Sens=0.0038 thr=0.28 feasible=1
[w/o VAE] Epoch 50/80 | loss_total=0.0308 recon=0.0018 hsic=0.0201 pred=0.3403 distill=0.0000 aux=0.0000
[w/o VAE] Val@Ep55 | score=1002.3696 AUC=0.8098 Acc=0.8441 F1=0.5954 PEHE=0.0037 dCATE=0.1802 Sens=0.0038 thr=0.28 feasible=1
[w/o VAE] Epoch 55/80 | loss_total=0.0307 recon=0.0018 hsic=0.0201 pred=0.3396 distill=0.0000 aux=0.0000
[w/o VAE] Val@Ep60 | score=1002.3602 AUC=0.8095 Acc=0.8385 F1=0.5938 PEHE=0.0053 dCATE=0.1799 Sens=0.0039 thr=0.26 feasible=1
[w/o VAE] Epoch 60/80 | loss_total=0.0307 recon=0.0017 hsic=0.0199 pred=0.3409 distill=0.0000 aux=0.0000
[w/o VAE] Val@Ep65 | score=1002.3671 AUC=0.8099 Acc=0.8430 F1=0.5937 PEHE=0.0036 dCATE=0.1805 Sens=0.0039 thr=0.28 feasible=1
[w/o VAE] Epoch 65/80 | loss_total=0.0302 recon=0.0015 hsic=0.0197 pred=0.3389 distill=0.0000 aux=0.0000
[w/o VAE] Val@Ep70 | score=1002.3691 AUC=0.8099 Acc=0.8419 F1=0.5943 PEHE=0.0035 dCATE=0.1825 Sens=0.0039 thr=0.27 feasible=1
[w/o VAE] Epoch 70/80 | loss_total=0.0301 recon=0.0014 hsic=0.0195 pred=0.3382 distill=0.0000 aux=0.0000
[w/o VAE] Val@Ep75 | score=1002.3696 AUC=0.8098 Acc=0.8430 F1=0.5937 PEHE=0.0037 dCATE=0.1833 Sens=0.0040 thr=0.27 feasible=1
[w/o VAE] Epoch 75/80 | loss_total=0.0301 recon=0.0014 hsic=0.0195 pred=0.3388 distill=0.0000 aux=0.0000
[w/o VAE] Val@Ep80 | score=1002.3677 AUC=0.8097 Acc=0.8419 F1=0.5943 PEHE=0.0038 dCATE=0.1819 Sens=0.0040 thr=0.27 feasible=1
[w/o VAE] Epoch 80/80 | loss_total=0.0301 recon=0.0013 hsic=0.0194 pred=0.3392 distill=0.0000 aux=0.0000
[w/o VAE] Restored best checkpoint at epoch 25 (score=1002.3858, thr=0.29, alpha=0.35)
[w/o HSIC] Epoch 5/80 | loss_total=0.0651 recon=0.0337 hsic=0.0206 pred=0.3558 distill=0.0000 aux=0.0000
[w/o HSIC] Epoch 10/80 | loss_total=0.0415 recon=0.0107 hsic=0.0213 pred=0.3474 distill=0.0000 aux=0.0000
[w/o HSIC] Epoch 15/80 | loss_total=0.0356 recon=0.0067 hsic=0.0217 pred=0.3445 distill=0.0000 aux=0.0000
[w/o HSIC] Val@Ep20 | score=1002.3790 AUC=0.8100 Acc=0.8441 F1=0.5977 PEHE=0.0070 dCATE=0.1915 Sens=0.0037 thr=0.27 feasible=1
[w/o HSIC] Epoch 20/80 | loss_total=0.0340 recon=0.0055 hsic=0.0220 pred=0.3435 distill=0.0000 aux=0.0000
[w/o HSIC] Val@Ep25 | score=1002.3782 AUC=0.8108 Acc=0.8452 F1=0.5994 PEHE=0.0038 dCATE=0.1827 Sens=0.0042 thr=0.28 feasible=1
[w/o HSIC] Epoch 25/80 | loss_total=0.0312 recon=0.0037 hsic=0.0222 pred=0.3420 distill=0.0000 aux=0.0000
[w/o HSIC] Val@Ep30 | score=1002.3741 AUC=0.8107 Acc=0.8430 F1=0.5983 PEHE=0.0041 dCATE=0.1827 Sens=0.0046 thr=0.27 feasible=1
[w/o HSIC] Epoch 30/80 | loss_total=0.0307 recon=0.0032 hsic=0.0223 pred=0.3414 distill=0.0000 aux=0.0000
[w/o HSIC] Val@Ep35 | score=1002.3691 AUC=0.8093 Acc=0.8441 F1=0.5954 PEHE=0.0059 dCATE=0.1850 Sens=0.0050 thr=0.29 feasible=1
[w/o HSIC] Epoch 35/80 | loss_total=0.0311 recon=0.0031 hsic=0.0224 pred=0.3427 distill=0.0000 aux=0.0000
[w/o HSIC] Val@Ep40 | score=1002.3618 AUC=0.8100 Acc=0.8408 F1=0.5926 PEHE=0.0035 dCATE=0.1797 Sens=0.0053 thr=0.26 feasible=1
[w/o HSIC] Epoch 40/80 | loss_total=0.0306 recon=0.0031 hsic=0.0225 pred=0.3407 distill=0.0000 aux=0.0000
[w/o HSIC] Val@Ep45 | score=1002.3674 AUC=0.8104 Acc=0.8419 F1=0.5943 PEHE=0.0036 dCATE=0.1820 Sens=0.0052 thr=0.28 feasible=1
[w/o HSIC] Epoch 45/80 | loss_total=0.0295 recon=0.0022 hsic=0.0226 pred=0.3398 distill=0.0000 aux=0.0000
[w/o HSIC] Val@Ep50 | score=1002.3691 AUC=0.8104 Acc=0.8474 F1=0.5910 PEHE=0.0037 dCATE=0.1837 Sens=0.0056 thr=0.30 feasible=1
[w/o HSIC] Epoch 50/80 | loss_total=0.0294 recon=0.0021 hsic=0.0225 pred=0.3400 distill=0.0000 aux=0.0000
[w/o HSIC] Val@Ep55 | score=1002.3640 AUC=0.8106 Acc=0.8408 F1=0.5926 PEHE=0.0037 dCATE=0.1820 Sens=0.0057 thr=0.27 feasible=1
[w/o HSIC] Epoch 55/80 | loss_total=0.0293 recon=0.0020 hsic=0.0228 pred=0.3392 distill=0.0000 aux=0.0000
[w/o HSIC] Val@Ep60 | score=1002.3634 AUC=0.8105 Acc=0.8463 F1=0.5917 PEHE=0.0045 dCATE=0.1799 Sens=0.0061 thr=0.29 feasible=1
[w/o HSIC] Epoch 60/80 | loss_total=0.0294 recon=0.0019 hsic=0.0228 pred=0.3407 distill=0.0000 aux=0.0000
[w/o HSIC] Val@Ep65 | score=1002.3674 AUC=0.8107 Acc=0.8474 F1=0.5910 PEHE=0.0034 dCATE=0.1819 Sens=0.0061 thr=0.30 feasible=1
[w/o HSIC] Epoch 65/80 | loss_total=0.0289 recon=0.0017 hsic=0.0229 pred=0.3385 distill=0.0000 aux=0.0000
[w/o HSIC] Val@Ep70 | score=1002.3659 AUC=0.8105 Acc=0.8463 F1=0.5893 PEHE=0.0034 dCATE=0.1839 Sens=0.0063 thr=0.29 feasible=1
[w/o HSIC] Epoch 70/80 | loss_total=0.0287 recon=0.0016 hsic=0.0227 pred=0.3378 distill=0.0000 aux=0.0000
[w/o HSIC] Val@Ep75 | score=1002.3702 AUC=0.8105 Acc=0.8463 F1=0.5941 PEHE=0.0036 dCATE=0.1829 Sens=0.0065 thr=0.28 feasible=1
[w/o HSIC] Epoch 75/80 | loss_total=0.0287 recon=0.0016 hsic=0.0229 pred=0.3383 distill=0.0000 aux=0.0000
[w/o HSIC] Val@Ep80 | score=1002.3640 AUC=0.8107 Acc=0.8430 F1=0.5913 PEHE=0.0037 dCATE=0.1830 Sens=0.0067 thr=0.28 feasible=1
[w/o HSIC] Epoch 80/80 | loss_total=0.0288 recon=0.0016 hsic=0.0229 pred=0.3388 distill=0.0000 aux=0.0000
[w/o HSIC] Restored best checkpoint at epoch 20 (score=1002.3790, thr=0.27, alpha=0.35)

[Seed 44] Loading data...
Training Full DLC (SOTA) from scratch (Seed 44)
[Full DLC (SOTA)] Epoch 5/100 | loss_total=3.2037 recon=0.0452 hsic=0.0210 pred=0.3408 distill=0.0000 aux=0.0000
[Full DLC (SOTA)] Epoch 10/100 | loss_total=3.1310 recon=0.0143 hsic=0.0219 pred=0.3362 distill=0.0000 aux=0.0000
[Full DLC (SOTA)] Epoch 15/100 | loss_total=3.1093 recon=0.0090 hsic=0.0221 pred=0.3338 distill=0.0000 aux=0.0000
[Full DLC (SOTA)] Val@Ep20 | score=1002.2376 AUC=0.8055 Acc=0.8352 F1=0.5866 PEHE=0.0600 dCATE=0.1503 Sens=0.0002 thr=0.21 feasible=1
[Full DLC (SOTA)] Epoch 20/100 | loss_total=3.0229 recon=0.0069 hsic=0.0223 pred=0.3249 distill=0.0000 aux=0.0000
[Full DLC (SOTA)] Val@Ep25 | score=1002.2652 AUC=0.8051 Acc=0.8330 F1=0.5879 PEHE=0.0688 dCATE=0.1917 Sens=0.0002 thr=0.25 feasible=1
[Full DLC (SOTA)] Epoch 25/100 | loss_total=3.0352 recon=0.0048 hsic=0.0226 pred=0.3222 distill=0.0000 aux=0.0000
[Full DLC (SOTA)] Val@Ep30 | score=1002.2499 AUC=0.8021 Acc=0.8385 F1=0.5915 PEHE=0.0734 dCATE=0.1774 Sens=0.0002 thr=0.26 feasible=1
[Full DLC (SOTA)] Epoch 30/100 | loss_total=3.0566 recon=0.0046 hsic=0.0226 pred=0.3188 distill=0.0000 aux=0.0000
[Full DLC (SOTA)] Val@Ep35 | score=1002.2564 AUC=0.8045 Acc=0.8385 F1=0.5869 PEHE=0.0624 dCATE=0.1707 Sens=0.0002 thr=0.24 feasible=1
[Full DLC (SOTA)] Epoch 35/100 | loss_total=3.0825 recon=0.0047 hsic=0.0225 pred=0.3153 distill=0.0000 aux=0.0000
[Full DLC (SOTA)] Val@Ep40 | score=1002.2508 AUC=0.8032 Acc=0.8374 F1=0.5852 PEHE=0.0631 dCATE=0.1702 Sens=0.0002 thr=0.24 feasible=1
[Full DLC (SOTA)] Epoch 40/100 | loss_total=3.1124 recon=0.0044 hsic=0.0224 pred=0.3143 distill=0.0000 aux=0.0000
[Full DLC (SOTA)] Val@Ep45 | score=1002.2603 AUC=0.8031 Acc=0.8363 F1=0.5859 PEHE=0.0622 dCATE=0.1787 Sens=0.0002 thr=0.25 feasible=1
[Full DLC (SOTA)] Epoch 45/100 | loss_total=3.1322 recon=0.0036 hsic=0.0223 pred=0.3118 distill=0.0000 aux=0.0000
[Full DLC (SOTA)] Val@Ep50 | score=1002.2524 AUC=0.8027 Acc=0.8385 F1=0.5845 PEHE=0.0572 dCATE=0.1635 Sens=0.0003 thr=0.23 feasible=1
[Full DLC (SOTA)] Epoch 50/100 | loss_total=3.1602 recon=0.0037 hsic=0.0223 pred=0.3100 distill=0.0000 aux=0.0000
[Full DLC (SOTA)] Val@Ep55 | score=1002.2696 AUC=0.7999 Acc=0.8430 F1=0.5937 PEHE=0.0571 dCATE=0.1689 Sens=0.0003 thr=0.25 feasible=1
[Full DLC (SOTA)] Epoch 55/100 | loss_total=3.1416 recon=0.0038 hsic=0.0221 pred=0.3085 distill=0.0000 aux=0.0000
[Full DLC (SOTA)] Val@Ep60 | score=1002.2592 AUC=0.8008 Acc=0.8396 F1=0.5909 PEHE=0.0594 dCATE=0.1670 Sens=0.0003 thr=0.26 feasible=1
[Full DLC (SOTA)] Epoch 60/100 | loss_total=3.1286 recon=0.0038 hsic=0.0218 pred=0.3071 distill=0.0000 aux=0.0000
[Full DLC (SOTA)] Val@Ep65 | score=1002.2533 AUC=0.8002 Acc=0.8396 F1=0.5862 PEHE=0.0577 dCATE=0.1648 Sens=0.0003 thr=0.25 feasible=1
[Full DLC (SOTA)] Epoch 65/100 | loss_total=3.1092 recon=0.0034 hsic=0.0217 pred=0.3053 distill=0.0000 aux=0.0000
[Full DLC (SOTA)] Val@Ep70 | score=1002.2559 AUC=0.7991 Acc=0.8419 F1=0.5872 PEHE=0.0581 dCATE=0.1662 Sens=0.0003 thr=0.25 feasible=1
[Full DLC (SOTA)] Epoch 70/100 | loss_total=3.1140 recon=0.0034 hsic=0.0217 pred=0.3057 distill=0.0000 aux=0.0000
[Full DLC (SOTA)] Val@Ep75 | score=1002.2492 AUC=0.7982 Acc=0.8341 F1=0.5873 PEHE=0.0597 dCATE=0.1690 Sens=0.0003 thr=0.24 feasible=1
[Full DLC (SOTA)] Epoch 75/100 | loss_total=3.1161 recon=0.0034 hsic=0.0216 pred=0.3060 distill=0.0000 aux=0.0000
[Full DLC (SOTA)] Val@Ep80 | score=1002.2572 AUC=0.7987 Acc=0.8385 F1=0.5869 PEHE=0.0588 dCATE=0.1720 Sens=0.0004 thr=0.26 feasible=1
[Full DLC (SOTA)] Epoch 80/100 | loss_total=3.1143 recon=0.0035 hsic=0.0215 pred=0.3058 distill=0.0000 aux=0.0000
[Full DLC (SOTA)] Val@Ep85 | score=1002.2497 AUC=0.7988 Acc=0.8363 F1=0.5859 PEHE=0.0592 dCATE=0.1680 Sens=0.0004 thr=0.25 feasible=1
[Full DLC (SOTA)] Epoch 85/100 | loss_total=3.0967 recon=0.0033 hsic=0.0214 pred=0.3040 distill=0.0000 aux=0.0000
[Full DLC (SOTA)] Val@Ep90 | score=1002.2393 AUC=0.7980 Acc=0.8318 F1=0.5863 PEHE=0.0582 dCATE=0.1600 Sens=0.0004 thr=0.22 feasible=1
[Full DLC (SOTA)] Epoch 90/100 | loss_total=3.0806 recon=0.0033 hsic=0.0214 pred=0.3024 distill=0.0000 aux=0.0000
[Full DLC (SOTA)] Val@Ep95 | score=1002.2449 AUC=0.7981 Acc=0.8363 F1=0.5859 PEHE=0.0596 dCATE=0.1645 Sens=0.0004 thr=0.24 feasible=1
[Full DLC (SOTA)] Epoch 95/100 | loss_total=3.0857 recon=0.0033 hsic=0.0213 pred=0.3027 distill=0.0000 aux=0.0000
[Full DLC (SOTA)] Val@Ep100 | score=1002.2365 AUC=0.7980 Acc=0.8307 F1=0.5847 PEHE=0.0588 dCATE=0.1609 Sens=0.0004 thr=0.22 feasible=1
[Full DLC (SOTA)] Epoch 100/100 | loss_total=3.0758 recon=0.0033 hsic=0.0214 pred=0.3019 distill=0.0000 aux=0.0000
[Full DLC (SOTA)] Restored best checkpoint at epoch 55 (score=1002.2696, thr=0.25, alpha=0.35)
[w/o HGNN] Epoch 5/80 | loss_total=0.1017 recon=0.0720 hsic=0.0205 pred=0.5049 distill=0.0000 aux=0.0000
[w/o HGNN] Epoch 10/80 | loss_total=0.0392 recon=0.0196 hsic=0.0215 pred=0.3755 distill=0.0000 aux=0.0000
[w/o HGNN] Epoch 15/80 | loss_total=0.0327 recon=0.0128 hsic=0.0213 pred=0.3655 distill=0.0000 aux=0.0000
[w/o HGNN] Val@Ep20 | score=1002.1990 AUC=0.8080 Acc=0.8474 F1=0.5785 PEHE=0.0138 dCATE=0.1501 Sens=0.0921 thr=0.32 feasible=1
[w/o HGNN] Epoch 20/80 | loss_total=0.0282 recon=0.0090 hsic=0.0212 pred=0.3611 distill=0.0000 aux=0.0000
[w/o HGNN] Val@Ep25 | score=1002.2301 AUC=0.8069 Acc=0.8385 F1=0.5797 PEHE=0.0143 dCATE=0.1623 Sens=0.0701 thr=0.28 feasible=1
[w/o HGNN] Epoch 25/80 | loss_total=0.5903 recon=0.0074 hsic=0.0210 pred=0.3403 distill=0.0000 aux=0.0000
[w/o HGNN] Val@Ep30 | score=1002.1672 AUC=0.7959 Acc=0.8263 F1=0.5691 PEHE=0.0271 dCATE=0.1363 Sens=0.0569 thr=0.21 feasible=1
[w/o HGNN] Epoch 30/80 | loss_total=1.1227 recon=0.0078 hsic=0.0209 pred=0.3298 distill=0.0000 aux=0.0000
[w/o HGNN] Val@Ep35 | score=1002.1922 AUC=0.7961 Acc=0.8352 F1=0.5843 PEHE=0.0482 dCATE=0.1602 Sens=0.0509 thr=0.28 feasible=1
[w/o HGNN] Epoch 35/80 | loss_total=1.6219 recon=0.0086 hsic=0.0208 pred=0.3194 distill=0.0000 aux=0.0000
[w/o HGNN] Val@Ep40 | score=1002.1722 AUC=0.7885 Acc=0.8307 F1=0.5657 PEHE=0.0371 dCATE=0.1635 Sens=0.0563 thr=0.33 feasible=1
[w/o HGNN] Epoch 40/80 | loss_total=2.0618 recon=0.0094 hsic=0.0204 pred=0.3046 distill=0.0000 aux=0.0000
[w/o HGNN] Val@Ep45 | score=1002.0948 AUC=0.7683 Acc=0.8218 F1=0.5455 PEHE=0.0426 dCATE=0.1631 Sens=0.0706 thr=0.27 feasible=1
[w/o HGNN] Epoch 45/80 | loss_total=2.4126 recon=0.0081 hsic=0.0201 pred=0.2855 distill=0.0000 aux=0.0000
[w/o HGNN] Val@Ep50 | score=1002.0938 AUC=0.7580 Acc=0.8396 F1=0.5528 PEHE=0.0466 dCATE=0.1639 Sens=0.0777 thr=0.28 feasible=1
[w/o HGNN] Epoch 50/80 | loss_total=2.7685 recon=0.0082 hsic=0.0201 pred=0.2728 distill=0.0000 aux=0.0000
[w/o HGNN] Val@Ep55 | score=1002.0397 AUC=0.7397 Acc=0.8452 F1=0.5413 PEHE=0.0526 dCATE=0.1645 Sens=0.0928 thr=0.32 feasible=1
[w/o HGNN] Epoch 55/80 | loss_total=2.6548 recon=0.0082 hsic=0.0199 pred=0.2604 distill=0.0000 aux=0.0000
[w/o HGNN] Val@Ep60 | score=1002.0397 AUC=0.7419 Acc=0.8341 F1=0.5526 PEHE=0.0607 dCATE=0.1920 Sens=0.1111 thr=0.31 feasible=1
[w/o HGNN] Epoch 60/80 | loss_total=2.5548 recon=0.0081 hsic=0.0198 pred=0.2498 distill=0.0000 aux=0.0000
[w/o HGNN] Val@Ep65 | score=1001.9887 AUC=0.7361 Acc=0.8307 F1=0.5366 PEHE=0.0627 dCATE=0.1744 Sens=0.1135 thr=0.33 feasible=1
[w/o HGNN] Epoch 65/80 | loss_total=2.4215 recon=0.0076 hsic=0.0197 pred=0.2362 distill=0.0000 aux=0.0000
[w/o HGNN] Val@Ep70 | score=1001.9971 AUC=0.7324 Acc=0.8385 F1=0.5426 PEHE=0.0636 dCATE=0.1748 Sens=0.1138 thr=0.34 feasible=1
[w/o HGNN] Epoch 70/80 | loss_total=2.3619 recon=0.0075 hsic=0.0197 pred=0.2302 distill=0.0000 aux=0.0000
[w/o HGNN] Val@Ep75 | score=1001.9651 AUC=0.7301 Acc=0.8241 F1=0.5298 PEHE=0.0682 dCATE=0.1873 Sens=0.1208 thr=0.32 feasible=1
[w/o HGNN] Epoch 75/80 | loss_total=2.3012 recon=0.0075 hsic=0.0198 pred=0.2241 distill=0.0000 aux=0.0000
[w/o HGNN] Val@Ep80 | score=1001.9596 AUC=0.7230 Acc=0.8218 F1=0.5322 PEHE=0.0706 dCATE=0.1906 Sens=0.1200 thr=0.28 feasible=1
[w/o HGNN] Epoch 80/80 | loss_total=2.2485 recon=0.0073 hsic=0.0196 pred=0.2185 distill=0.0000 aux=0.0000
[w/o HGNN] Restored best checkpoint at epoch 25 (score=1002.2301, thr=0.28, alpha=0.35)
[w/o VAE] Epoch 5/80 | loss_total=0.0602 recon=0.0247 hsic=0.0226 pred=0.3629 distill=0.0000 aux=0.0000
[w/o VAE] Epoch 10/80 | loss_total=0.0401 recon=0.0084 hsic=0.0227 pred=0.3492 distill=0.0000 aux=0.0000
[w/o VAE] Epoch 15/80 | loss_total=0.0362 recon=0.0059 hsic=0.0220 pred=0.3456 distill=0.0000 aux=0.0000
[w/o VAE] Val@Ep20 | score=1002.3010 AUC=0.8085 Acc=0.8341 F1=0.5681 PEHE=0.0064 dCATE=0.1566 Sens=0.0029 thr=0.26 feasible=1
[w/o VAE] Epoch 20/80 | loss_total=0.0358 recon=0.0047 hsic=0.0214 pred=0.3420 distill=0.0000 aux=0.0000
[w/o VAE] Val@Ep25 | score=1002.3168 AUC=0.8085 Acc=0.8363 F1=0.5714 PEHE=0.0038 dCATE=0.1626 Sens=0.0028 thr=0.27 feasible=1
[w/o VAE] Epoch 25/80 | loss_total=0.0324 recon=0.0031 hsic=0.0212 pred=0.3432 distill=0.0000 aux=0.0000
[w/o VAE] Val@Ep30 | score=1002.3214 AUC=0.8083 Acc=0.8396 F1=0.5714 PEHE=0.0038 dCATE=0.1649 Sens=0.0031 thr=0.29 feasible=1
[w/o VAE] Epoch 30/80 | loss_total=0.0319 recon=0.0028 hsic=0.0207 pred=0.3411 distill=0.0000 aux=0.0000
[w/o VAE] Val@Ep35 | score=1002.3187 AUC=0.8079 Acc=0.8374 F1=0.5706 PEHE=0.0046 dCATE=0.1668 Sens=0.0031 thr=0.27 feasible=1
[w/o VAE] Epoch 35/80 | loss_total=0.0322 recon=0.0026 hsic=0.0203 pred=0.3399 distill=0.0000 aux=0.0000
[w/o VAE] Val@Ep40 | score=1002.3039 AUC=0.8071 Acc=0.8352 F1=0.5698 PEHE=0.0057 dCATE=0.1577 Sens=0.0035 thr=0.25 feasible=1
[w/o VAE] Epoch 40/80 | loss_total=0.0320 recon=0.0026 hsic=0.0201 pred=0.3414 distill=0.0000 aux=0.0000
[w/o VAE] Val@Ep45 | score=1002.3118 AUC=0.8082 Acc=0.8385 F1=0.5672 PEHE=0.0031 dCATE=0.1610 Sens=0.0034 thr=0.28 feasible=1
[w/o VAE] Epoch 45/80 | loss_total=0.0309 recon=0.0019 hsic=0.0198 pred=0.3411 distill=0.0000 aux=0.0000
[w/o VAE] Val@Ep50 | score=1002.3087 AUC=0.8078 Acc=0.8363 F1=0.5689 PEHE=0.0036 dCATE=0.1587 Sens=0.0034 thr=0.26 feasible=1
[w/o VAE] Epoch 50/80 | loss_total=0.0306 recon=0.0018 hsic=0.0198 pred=0.3391 distill=0.0000 aux=0.0000
[w/o VAE] Val@Ep55 | score=1002.3129 AUC=0.8078 Acc=0.8419 F1=0.5671 PEHE=0.0032 dCATE=0.1600 Sens=0.0034 thr=0.29 feasible=1
[w/o VAE] Epoch 55/80 | loss_total=0.0305 recon=0.0017 hsic=0.0195 pred=0.3386 distill=0.0000 aux=0.0000
[w/o VAE] Val@Ep60 | score=1002.3050 AUC=0.8077 Acc=0.8296 F1=0.5690 PEHE=0.0046 dCATE=0.1618 Sens=0.0034 thr=0.26 feasible=1
[w/o VAE] Epoch 60/80 | loss_total=0.0304 recon=0.0016 hsic=0.0192 pred=0.3384 distill=0.0000 aux=0.0000
[w/o VAE] Val@Ep65 | score=1002.3136 AUC=0.8077 Acc=0.8419 F1=0.5671 PEHE=0.0031 dCATE=0.1607 Sens=0.0034 thr=0.29 feasible=1
[w/o VAE] Epoch 65/80 | loss_total=0.0300 recon=0.0014 hsic=0.0191 pred=0.3379 distill=0.0000 aux=0.0000
[w/o VAE] Val@Ep70 | score=1002.3125 AUC=0.8074 Acc=0.8430 F1=0.5662 PEHE=0.0034 dCATE=0.1604 Sens=0.0034 thr=0.29 feasible=1
[w/o VAE] Epoch 70/80 | loss_total=0.0301 recon=0.0014 hsic=0.0191 pred=0.3389 distill=0.0000 aux=0.0000
[w/o VAE] Val@Ep75 | score=1002.3112 AUC=0.8071 Acc=0.8408 F1=0.5653 PEHE=0.0032 dCATE=0.1619 Sens=0.0034 thr=0.29 feasible=1
[w/o VAE] Epoch 75/80 | loss_total=0.0301 recon=0.0013 hsic=0.0191 pred=0.3395 distill=0.0000 aux=0.0000
[w/o VAE] Val@Ep80 | score=1002.3127 AUC=0.8070 Acc=0.8430 F1=0.5662 PEHE=0.0044 dCATE=0.1626 Sens=0.0034 thr=0.30 feasible=1
[w/o VAE] Epoch 80/80 | loss_total=0.0301 recon=0.0013 hsic=0.0189 pred=0.3402 distill=0.0000 aux=0.0000
[w/o VAE] Restored best checkpoint at epoch 30 (score=1002.3214, thr=0.29, alpha=0.35)
[w/o HSIC] Epoch 5/80 | loss_total=0.0763 recon=0.0442 hsic=0.0206 pred=0.3575 distill=0.0000 aux=0.0000
[w/o HSIC] Epoch 10/80 | loss_total=0.0419 recon=0.0126 hsic=0.0219 pred=0.3473 distill=0.0000 aux=0.0000
[w/o HSIC] Epoch 15/80 | loss_total=0.0388 recon=0.0075 hsic=0.0221 pred=0.3456 distill=0.0000 aux=0.0000
[w/o HSIC] Val@Ep20 | score=1002.3001 AUC=0.8085 Acc=0.8374 F1=0.5706 PEHE=0.0055 dCATE=0.1514 Sens=0.0051 thr=0.26 feasible=1
[w/o HSIC] Epoch 20/80 | loss_total=0.0337 recon=0.0055 hsic=0.0223 pred=0.3409 distill=0.0000 aux=0.0000
[w/o HSIC] Val@Ep25 | score=1002.3146 AUC=0.8082 Acc=0.8374 F1=0.5731 PEHE=0.0038 dCATE=0.1607 Sens=0.0053 thr=0.27 feasible=1
[w/o HSIC] Epoch 25/80 | loss_total=0.0315 recon=0.0038 hsic=0.0226 pred=0.3433 distill=0.0000 aux=0.0000
[w/o HSIC] Val@Ep30 | score=1002.3188 AUC=0.8086 Acc=0.8374 F1=0.5756 PEHE=0.0040 dCATE=0.1618 Sens=0.0052 thr=0.27 feasible=1
[w/o HSIC] Epoch 30/80 | loss_total=0.0311 recon=0.0036 hsic=0.0227 pred=0.3411 distill=0.0000 aux=0.0000
[w/o HSIC] Val@Ep35 | score=1002.3138 AUC=0.8075 Acc=0.8374 F1=0.5706 PEHE=0.0035 dCATE=0.1636 Sens=0.0056 thr=0.27 feasible=1
[w/o HSIC] Epoch 35/80 | loss_total=0.0308 recon=0.0032 hsic=0.0228 pred=0.3401 distill=0.0000 aux=0.0000
[w/o HSIC] Val@Ep40 | score=1002.3103 AUC=0.8080 Acc=0.8385 F1=0.5723 PEHE=0.0036 dCATE=0.1568 Sens=0.0056 thr=0.26 feasible=1
[w/o HSIC] Epoch 40/80 | loss_total=0.0306 recon=0.0030 hsic=0.0228 pred=0.3412 distill=0.0000 aux=0.0000
[w/o HSIC] Val@Ep45 | score=1002.3165 AUC=0.8075 Acc=0.8396 F1=0.5740 PEHE=0.0027 dCATE=0.1594 Sens=0.0057 thr=0.27 feasible=1
[w/o HSIC] Epoch 45/80 | loss_total=0.0296 recon=0.0022 hsic=0.0229 pred=0.3408 distill=0.0000 aux=0.0000
[w/o HSIC] Val@Ep50 | score=1002.3099 AUC=0.8075 Acc=0.8385 F1=0.5723 PEHE=0.0034 dCATE=0.1572 Sens=0.0060 thr=0.26 feasible=1
[w/o HSIC] Epoch 50/80 | loss_total=0.0294 recon=0.0021 hsic=0.0231 pred=0.3390 distill=0.0000 aux=0.0000
[w/o HSIC] Val@Ep55 | score=1002.3071 AUC=0.8073 Acc=0.8352 F1=0.5698 PEHE=0.0028 dCATE=0.1591 Sens=0.0059 thr=0.26 feasible=1
[w/o HSIC] Epoch 55/80 | loss_total=0.0292 recon=0.0021 hsic=0.0230 pred=0.3384 distill=0.0000 aux=0.0000
[w/o HSIC] Val@Ep60 | score=1002.3105 AUC=0.8073 Acc=0.8363 F1=0.5689 PEHE=0.0034 dCATE=0.1639 Sens=0.0061 thr=0.27 feasible=1
[w/o HSIC] Epoch 60/80 | loss_total=0.0292 recon=0.0020 hsic=0.0230 pred=0.3379 distill=0.0000 aux=0.0000
[w/o HSIC] Val@Ep65 | score=1002.3054 AUC=0.8073 Acc=0.8374 F1=0.5680 PEHE=0.0030 dCATE=0.1583 Sens=0.0062 thr=0.27 feasible=1
[w/o HSIC] Epoch 65/80 | loss_total=0.0288 recon=0.0017 hsic=0.0230 pred=0.3375 distill=0.0000 aux=0.0000
[w/o HSIC] Val@Ep70 | score=1002.3061 AUC=0.8077 Acc=0.8363 F1=0.5689 PEHE=0.0029 dCATE=0.1584 Sens=0.0061 thr=0.26 feasible=1
[w/o HSIC] Epoch 70/80 | loss_total=0.0289 recon=0.0017 hsic=0.0230 pred=0.3386 distill=0.0000 aux=0.0000
[w/o HSIC] Val@Ep75 | score=1002.3060 AUC=0.8076 Acc=0.8385 F1=0.5672 PEHE=0.0031 dCATE=0.1590 Sens=0.0063 thr=0.28 feasible=1
[w/o HSIC] Epoch 75/80 | loss_total=0.0288 recon=0.0016 hsic=0.0231 pred=0.3392 distill=0.0000 aux=0.0000
[w/o HSIC] Val@Ep80 | score=1002.3046 AUC=0.8075 Acc=0.8385 F1=0.5672 PEHE=0.0047 dCATE=0.1603 Sens=0.0063 thr=0.28 feasible=1
[w/o HSIC] Epoch 80/80 | loss_total=0.0289 recon=0.0016 hsic=0.0232 pred=0.3398 distill=0.0000 aux=0.0000
[w/o HSIC] Restored best checkpoint at epoch 30 (score=1002.3188, thr=0.27, alpha=0.35)

[Seed 45] Loading data...
Training Full DLC (SOTA) from scratch (Seed 45)
[Full DLC (SOTA)] Epoch 5/100 | loss_total=3.2009 recon=0.0457 hsic=0.0211 pred=0.3403 distill=0.0000 aux=0.0000
[Full DLC (SOTA)] Epoch 10/100 | loss_total=3.1416 recon=0.0143 hsic=0.0216 pred=0.3372 distill=0.0000 aux=0.0000
[Full DLC (SOTA)] Epoch 15/100 | loss_total=3.0946 recon=0.0088 hsic=0.0220 pred=0.3318 distill=0.0000 aux=0.0000
[Full DLC (SOTA)] Val@Ep20 | score=1002.3321 AUC=0.8245 Acc=0.8653 F1=0.6409 PEHE=0.0647 dCATE=0.1435 Sens=0.0002 thr=0.30 feasible=1
[Full DLC (SOTA)] Epoch 20/100 | loss_total=3.0852 recon=0.0071 hsic=0.0220 pred=0.3299 distill=0.0000 aux=0.0000
[Full DLC (SOTA)] Val@Ep25 | score=1002.3350 AUC=0.8236 Acc=0.8619 F1=0.6265 PEHE=0.0667 dCATE=0.1704 Sens=0.0002 thr=0.28 feasible=1
[Full DLC (SOTA)] Epoch 25/100 | loss_total=3.0385 recon=0.0049 hsic=0.0220 pred=0.3219 distill=0.0000 aux=0.0000
[Full DLC (SOTA)] Val@Ep30 | score=1002.3339 AUC=0.8235 Acc=0.8608 F1=0.6291 PEHE=0.0637 dCATE=0.1625 Sens=0.0002 thr=0.27 feasible=1
[Full DLC (SOTA)] Epoch 30/100 | loss_total=3.0557 recon=0.0047 hsic=0.0219 pred=0.3186 distill=0.0000 aux=0.0000
[Full DLC (SOTA)] Val@Ep35 | score=1002.3257 AUC=0.8229 Acc=0.8575 F1=0.6257 PEHE=0.0627 dCATE=0.1603 Sens=0.0002 thr=0.26 feasible=1
[Full DLC (SOTA)] Epoch 35/100 | loss_total=3.0857 recon=0.0047 hsic=0.0219 pred=0.3162 distill=0.0000 aux=0.0000
[Full DLC (SOTA)] Val@Ep40 | score=1002.3195 AUC=0.8197 Acc=0.8530 F1=0.6271 PEHE=0.0626 dCATE=0.1590 Sens=0.0003 thr=0.25 feasible=1
[Full DLC (SOTA)] Epoch 40/100 | loss_total=3.1173 recon=0.0045 hsic=0.0215 pred=0.3144 distill=0.0000 aux=0.0000
[Full DLC (SOTA)] Val@Ep45 | score=1002.3270 AUC=0.8177 Acc=0.8586 F1=0.6231 PEHE=0.0580 dCATE=0.1620 Sens=0.0003 thr=0.26 feasible=1
[Full DLC (SOTA)] Epoch 45/100 | loss_total=3.1408 recon=0.0038 hsic=0.0212 pred=0.3124 distill=0.0000 aux=0.0000
[Full DLC (SOTA)] Val@Ep50 | score=1002.3369 AUC=0.8208 Acc=0.8563 F1=0.6261 PEHE=0.0561 dCATE=0.1641 Sens=0.0003 thr=0.25 feasible=1
[Full DLC (SOTA)] Epoch 50/100 | loss_total=3.1967 recon=0.0038 hsic=0.0212 pred=0.3133 distill=0.0000 aux=0.0000
[Full DLC (SOTA)] Val@Ep55 | score=1002.3244 AUC=0.8214 Acc=0.8530 F1=0.6250 PEHE=0.0554 dCATE=0.1541 Sens=0.0003 thr=0.24 feasible=1
[Full DLC (SOTA)] Epoch 55/100 | loss_total=3.1750 recon=0.0039 hsic=0.0208 pred=0.3111 distill=0.0000 aux=0.0000
[Full DLC (SOTA)] Val@Ep60 | score=1002.3306 AUC=0.8143 Acc=0.8552 F1=0.6243 PEHE=0.0564 dCATE=0.1679 Sens=0.0003 thr=0.26 feasible=1
[Full DLC (SOTA)] Epoch 60/100 | loss_total=3.1585 recon=0.0040 hsic=0.0207 pred=0.3097 distill=0.0000 aux=0.0000
[Full DLC (SOTA)] Val@Ep65 | score=1002.3364 AUC=0.8198 Acc=0.8575 F1=0.6235 PEHE=0.0558 dCATE=0.1665 Sens=0.0004 thr=0.26 feasible=1
[Full DLC (SOTA)] Epoch 65/100 | loss_total=3.1410 recon=0.0036 hsic=0.0206 pred=0.3084 distill=0.0000 aux=0.0000
[Full DLC (SOTA)] Val@Ep70 | score=1002.3420 AUC=0.8209 Acc=0.8586 F1=0.6276 PEHE=0.0550 dCATE=0.1641 Sens=0.0004 thr=0.25 feasible=1
[Full DLC (SOTA)] Epoch 70/100 | loss_total=3.1226 recon=0.0036 hsic=0.0202 pred=0.3064 distill=0.0000 aux=0.0000
[Full DLC (SOTA)] Val@Ep75 | score=1002.3407 AUC=0.8196 Acc=0.8630 F1=0.6284 PEHE=0.0556 dCATE=0.1605 Sens=0.0004 thr=0.28 feasible=1
[Full DLC (SOTA)] Epoch 75/100 | loss_total=3.1193 recon=0.0036 hsic=0.0202 pred=0.3061 distill=0.0000 aux=0.0000
[Full DLC (SOTA)] Val@Ep80 | score=1002.3375 AUC=0.8183 Acc=0.8619 F1=0.6265 PEHE=0.0560 dCATE=0.1625 Sens=0.0005 thr=0.29 feasible=1
[Full DLC (SOTA)] Epoch 80/100 | loss_total=3.1092 recon=0.0037 hsic=0.0201 pred=0.3049 distill=0.0000 aux=0.0000
[Full DLC (SOTA)] Val@Ep85 | score=1002.3348 AUC=0.8182 Acc=0.8619 F1=0.6265 PEHE=0.0557 dCATE=0.1594 Sens=0.0005 thr=0.28 feasible=1
[Full DLC (SOTA)] Epoch 85/100 | loss_total=3.1055 recon=0.0035 hsic=0.0202 pred=0.3047 distill=0.0000 aux=0.0000
[Full DLC (SOTA)] Val@Ep90 | score=1002.3320 AUC=0.8176 Acc=0.8597 F1=0.6228 PEHE=0.0561 dCATE=0.1640 Sens=0.0005 thr=0.28 feasible=1
[Full DLC (SOTA)] Epoch 90/100 | loss_total=3.1042 recon=0.0035 hsic=0.0199 pred=0.3042 distill=0.0000 aux=0.0000
[Full DLC (SOTA)] Val@Ep95 | score=1002.3248 AUC=0.8167 Acc=0.8575 F1=0.6190 PEHE=0.0561 dCATE=0.1640 Sens=0.0005 thr=0.27 feasible=1
[Full DLC (SOTA)] Epoch 95/100 | loss_total=3.1162 recon=0.0035 hsic=0.0200 pred=0.3057 distill=0.0000 aux=0.0000
[Full DLC (SOTA)] Val@Ep100 | score=1002.3383 AUC=0.8181 Acc=0.8619 F1=0.6265 PEHE=0.0560 dCATE=0.1635 Sens=0.0005 thr=0.27 feasible=1
[Full DLC (SOTA)] Epoch 100/100 | loss_total=3.0830 recon=0.0035 hsic=0.0199 pred=0.3023 distill=0.0000 aux=0.0000
[Full DLC (SOTA)] Restored best checkpoint at epoch 70 (score=1002.3420, thr=0.25, alpha=0.35)
[w/o HGNN] Epoch 5/80 | loss_total=0.1133 recon=0.0827 hsic=0.0206 pred=0.5367 distill=0.0000 aux=0.0000
[w/o HGNN] Epoch 10/80 | loss_total=0.0383 recon=0.0188 hsic=0.0219 pred=0.3744 distill=0.0000 aux=0.0000
[w/o HGNN] Epoch 15/80 | loss_total=0.0293 recon=0.0104 hsic=0.0217 pred=0.3653 distill=0.0000 aux=0.0000
[w/o HGNN] Val@Ep20 | score=1002.3341 AUC=0.8360 Acc=0.8630 F1=0.6455 PEHE=0.0109 dCATE=0.1521 Sens=0.0857 thr=0.30 feasible=1
[w/o HGNN] Epoch 20/80 | loss_total=0.0267 recon=0.0071 hsic=0.0213 pred=0.3599 distill=0.0000 aux=0.0000
[w/o HGNN] Val@Ep25 | score=1002.3295 AUC=0.8283 Acc=0.8675 F1=0.6405 PEHE=0.0154 dCATE=0.1598 Sens=0.0817 thr=0.23 feasible=1
[w/o HGNN] Epoch 25/80 | loss_total=0.5905 recon=0.0060 hsic=0.0210 pred=0.3416 distill=0.0000 aux=0.0000
[w/o HGNN] Val@Ep30 | score=1002.3634 AUC=0.8312 Acc=0.8719 F1=0.6608 PEHE=0.0246 dCATE=0.1543 Sens=0.0630 thr=0.30 feasible=1
[w/o HGNN] Epoch 30/80 | loss_total=1.1402 recon=0.0063 hsic=0.0208 pred=0.3357 distill=0.0000 aux=0.0000
[w/o HGNN] Val@Ep35 | score=1002.3461 AUC=0.8285 Acc=0.8697 F1=0.6465 PEHE=0.0246 dCATE=0.1519 Sens=0.0576 thr=0.31 feasible=1
[w/o HGNN] Epoch 35/80 | loss_total=1.6538 recon=0.0073 hsic=0.0205 pred=0.3262 distill=0.0000 aux=0.0000
[w/o HGNN] Val@Ep40 | score=1002.2748 AUC=0.8240 Acc=0.8508 F1=0.6257 PEHE=0.0379 dCATE=0.1484 Sens=0.0602 thr=0.23 feasible=1
[w/o HGNN] Epoch 40/80 | loss_total=2.1171 recon=0.0079 hsic=0.0200 pred=0.3135 distill=0.0000 aux=0.0000
[w/o HGNN] Val@Ep45 | score=1002.2651 AUC=0.8191 Acc=0.8530 F1=0.6250 PEHE=0.0380 dCATE=0.1594 Sens=0.0740 thr=0.25 feasible=1
[w/o HGNN] Epoch 45/80 | loss_total=2.4942 recon=0.0067 hsic=0.0198 pred=0.2956 distill=0.0000 aux=0.0000
[w/o HGNN] Val@Ep50 | score=1002.2057 AUC=0.8105 Acc=0.8486 F1=0.6136 PEHE=0.0444 dCATE=0.1555 Sens=0.0907 thr=0.22 feasible=1
[w/o HGNN] Epoch 50/80 | loss_total=2.8744 recon=0.0068 hsic=0.0197 pred=0.2836 distill=0.0000 aux=0.0000
[w/o HGNN] Val@Ep55 | score=1002.1113 AUC=0.8015 Acc=0.8508 F1=0.5864 PEHE=0.0492 dCATE=0.1551 Sens=0.1298 thr=0.29 feasible=1
[w/o HGNN] Epoch 55/80 | loss_total=2.7523 recon=0.0068 hsic=0.0196 pred=0.2711 distill=0.0000 aux=0.0000
[w/o HGNN] Val@Ep60 | score=1002.0788 AUC=0.7935 Acc=0.8508 F1=0.5988 PEHE=0.0520 dCATE=0.1530 Sens=0.1574 thr=0.25 feasible=1
[w/o HGNN] Epoch 60/80 | loss_total=2.6336 recon=0.0067 hsic=0.0195 pred=0.2588 distill=0.0000 aux=0.0000
[w/o HGNN] Val@Ep65 | score=1002.0093 AUC=0.7896 Acc=0.8519 F1=0.5908 PEHE=0.0562 dCATE=0.1626 Sens=0.2075 thr=0.28 feasible=1
[w/o HGNN] Epoch 65/80 | loss_total=2.5241 recon=0.0063 hsic=0.0195 pred=0.2478 distill=0.0000 aux=0.0000
[w/o HGNN] Val@Ep70 | score=1001.9591 AUC=0.7920 Acc=0.8519 F1=0.5982 PEHE=0.0601 dCATE=0.1650 Sens=0.2558 thr=0.28 feasible=1
[w/o HGNN] Epoch 70/80 | loss_total=2.5043 recon=0.0062 hsic=0.0195 pred=0.2457 distill=0.0000 aux=0.0000
[w/o HGNN] Val@Ep75 | score=1001.9188 AUC=0.7868 Acc=0.8486 F1=0.5952 PEHE=0.0607 dCATE=0.1719 Sens=0.2850 thr=0.28 feasible=1
[w/o HGNN] Epoch 75/80 | loss_total=2.4310 recon=0.0062 hsic=0.0194 pred=0.2379 distill=0.0000 aux=0.0000
[w/o HGNN] Val@Ep80 | score=1001.8896 AUC=0.7795 Acc=0.8463 F1=0.5714 PEHE=0.0623 dCATE=0.1719 Sens=0.2760 thr=0.30 feasible=1
[w/o HGNN] Epoch 80/80 | loss_total=2.3594 recon=0.0061 hsic=0.0194 pred=0.2305 distill=0.0000 aux=0.0000
[w/o HGNN] Restored best checkpoint at epoch 30 (score=1002.3634, thr=0.30, alpha=0.35)
[w/o VAE] Epoch 5/80 | loss_total=0.0628 recon=0.0301 hsic=0.0235 pred=0.3566 distill=0.0000 aux=0.0000
[w/o VAE] Epoch 10/80 | loss_total=0.0402 recon=0.0090 hsic=0.0228 pred=0.3488 distill=0.0000 aux=0.0000
[w/o VAE] Epoch 15/80 | loss_total=0.0370 recon=0.0058 hsic=0.0223 pred=0.3456 distill=0.0000 aux=0.0000
[w/o VAE] Val@Ep20 | score=1002.4599 AUC=0.8296 Acc=0.8664 F1=0.6512 PEHE=0.0067 dCATE=0.1690 Sens=0.0026 thr=0.26 feasible=1
[w/o VAE] Epoch 20/80 | loss_total=0.0359 recon=0.0045 hsic=0.0217 pred=0.3457 distill=0.0000 aux=0.0000
[w/o VAE] Val@Ep25 | score=1002.4583 AUC=0.8298 Acc=0.8664 F1=0.6491 PEHE=0.0039 dCATE=0.1656 Sens=0.0027 thr=0.26 feasible=1
[w/o VAE] Epoch 25/80 | loss_total=0.0324 recon=0.0031 hsic=0.0213 pred=0.3432 distill=0.0000 aux=0.0000
[w/o VAE] Val@Ep30 | score=1002.4532 AUC=0.8296 Acc=0.8664 F1=0.6491 PEHE=0.0036 dCATE=0.1605 Sens=0.0029 thr=0.27 feasible=1
[w/o VAE] Epoch 30/80 | loss_total=0.0322 recon=0.0030 hsic=0.0209 pred=0.3428 distill=0.0000 aux=0.0000
[w/o VAE] Val@Ep35 | score=1002.4506 AUC=0.8300 Acc=0.8675 F1=0.6490 PEHE=0.0043 dCATE=0.1578 Sens=0.0029 thr=0.28 feasible=1
[w/o VAE] Epoch 35/80 | loss_total=0.0320 recon=0.0026 hsic=0.0207 pred=0.3425 distill=0.0000 aux=0.0000
[w/o VAE] Val@Ep40 | score=1002.4470 AUC=0.8289 Acc=0.8641 F1=0.6433 PEHE=0.0054 dCATE=0.1666 Sens=0.0031 thr=0.28 feasible=1
[w/o VAE] Epoch 40/80 | loss_total=0.0320 recon=0.0027 hsic=0.0202 pred=0.3413 distill=0.0000 aux=0.0000
[w/o VAE] Val@Ep45 | score=1002.4401 AUC=0.8287 Acc=0.8619 F1=0.6416 PEHE=0.0042 dCATE=0.1619 Sens=0.0031 thr=0.26 feasible=1
[w/o VAE] Epoch 45/80 | loss_total=0.0310 recon=0.0019 hsic=0.0200 pred=0.3420 distill=0.0000 aux=0.0000
[w/o VAE] Val@Ep50 | score=1002.4479 AUC=0.8290 Acc=0.8653 F1=0.6472 PEHE=0.0050 dCATE=0.1612 Sens=0.0031 thr=0.27 feasible=1
[w/o VAE] Epoch 50/80 | loss_total=0.0314 recon=0.0019 hsic=0.0200 pred=0.3429 distill=0.0000 aux=0.0000
[w/o VAE] Val@Ep55 | score=1002.4390 AUC=0.8286 Acc=0.8597 F1=0.6400 PEHE=0.0035 dCATE=0.1636 Sens=0.0031 thr=0.25 feasible=1
[w/o VAE] Epoch 55/80 | loss_total=0.0308 recon=0.0017 hsic=0.0196 pred=0.3420 distill=0.0000 aux=0.0000
[w/o VAE] Val@Ep60 | score=1002.4432 AUC=0.8289 Acc=0.8664 F1=0.6429 PEHE=0.0041 dCATE=0.1599 Sens=0.0032 thr=0.29 feasible=1
[w/o VAE] Epoch 60/80 | loss_total=0.0308 recon=0.0018 hsic=0.0196 pred=0.3413 distill=0.0000 aux=0.0000
[w/o VAE] Val@Ep65 | score=1002.4407 AUC=0.8286 Acc=0.8641 F1=0.6412 PEHE=0.0035 dCATE=0.1605 Sens=0.0033 thr=0.28 feasible=1
[w/o VAE] Epoch 65/80 | loss_total=0.0304 recon=0.0014 hsic=0.0195 pred=0.3413 distill=0.0000 aux=0.0000
[w/o VAE] Val@Ep70 | score=1002.4467 AUC=0.8287 Acc=0.8653 F1=0.6431 PEHE=0.0035 dCATE=0.1634 Sens=0.0034 thr=0.28 feasible=1
[w/o VAE] Epoch 70/80 | loss_total=0.0302 recon=0.0014 hsic=0.0192 pred=0.3397 distill=0.0000 aux=0.0000
[w/o VAE] Val@Ep75 | score=1002.4428 AUC=0.8286 Acc=0.8641 F1=0.6412 PEHE=0.0034 dCATE=0.1628 Sens=0.0035 thr=0.28 feasible=1
[w/o VAE] Epoch 75/80 | loss_total=0.0302 recon=0.0014 hsic=0.0192 pred=0.3403 distill=0.0000 aux=0.0000
[w/o VAE] Val@Ep80 | score=1002.4410 AUC=0.8285 Acc=0.8641 F1=0.6412 PEHE=0.0038 dCATE=0.1617 Sens=0.0035 thr=0.28 feasible=1
[w/o VAE] Epoch 80/80 | loss_total=0.0301 recon=0.0013 hsic=0.0191 pred=0.3399 distill=0.0000 aux=0.0000
[w/o VAE] Restored best checkpoint at epoch 20 (score=1002.4599, thr=0.26, alpha=0.35)
[w/o HSIC] Epoch 5/80 | loss_total=0.0697 recon=0.0381 hsic=0.0214 pred=0.3572 distill=0.0000 aux=0.0000
[w/o HSIC] Epoch 10/80 | loss_total=0.0414 recon=0.0117 hsic=0.0218 pred=0.3493 distill=0.0000 aux=0.0000
[w/o HSIC] Epoch 15/80 | loss_total=0.0375 recon=0.0070 hsic=0.0222 pred=0.3456 distill=0.0000 aux=0.0000
[w/o HSIC] Val@Ep20 | score=1002.4651 AUC=0.8321 Acc=0.8708 F1=0.6588 PEHE=0.0068 dCATE=0.1628 Sens=0.0058 thr=0.28 feasible=1
[w/o HSIC] Epoch 20/80 | loss_total=0.0345 recon=0.0054 hsic=0.0224 pred=0.3464 distill=0.0000 aux=0.0000
[w/o HSIC] Val@Ep25 | score=1002.4593 AUC=0.8323 Acc=0.8686 F1=0.6550 PEHE=0.0053 dCATE=0.1611 Sens=0.0058 thr=0.27 feasible=1
[w/o HSIC] Epoch 25/80 | loss_total=0.0312 recon=0.0035 hsic=0.0225 pred=0.3433 distill=0.0000 aux=0.0000
[w/o HSIC] Val@Ep30 | score=1002.4562 AUC=0.8318 Acc=0.8697 F1=0.6528 PEHE=0.0040 dCATE=0.1585 Sens=0.0060 thr=0.28 feasible=1
[w/o HSIC] Epoch 30/80 | loss_total=0.0308 recon=0.0032 hsic=0.0226 pred=0.3429 distill=0.0000 aux=0.0000
[w/o HSIC] Val@Ep35 | score=1002.4492 AUC=0.8320 Acc=0.8664 F1=0.6512 PEHE=0.0053 dCATE=0.1575 Sens=0.0056 thr=0.27 feasible=1
[w/o HSIC] Epoch 35/80 | loss_total=0.0312 recon=0.0029 hsic=0.0228 pred=0.3425 distill=0.0000 aux=0.0000
[w/o HSIC] Val@Ep40 | score=1002.4604 AUC=0.8318 Acc=0.8697 F1=0.6528 PEHE=0.0053 dCATE=0.1642 Sens=0.0057 thr=0.28 feasible=1
[w/o HSIC] Epoch 40/80 | loss_total=0.0304 recon=0.0027 hsic=0.0229 pred=0.3414 distill=0.0000 aux=0.0000
[w/o HSIC] Val@Ep45 | score=1002.4545 AUC=0.8320 Acc=0.8664 F1=0.6491 PEHE=0.0037 dCATE=0.1633 Sens=0.0060 thr=0.27 feasible=1
[w/o HSIC] Epoch 45/80 | loss_total=0.0296 recon=0.0021 hsic=0.0229 pred=0.3419 distill=0.0000 aux=0.0000
[w/o HSIC] Val@Ep50 | score=1002.4551 AUC=0.8318 Acc=0.8686 F1=0.6509 PEHE=0.0050 dCATE=0.1620 Sens=0.0060 thr=0.28 feasible=1
[w/o HSIC] Epoch 50/80 | loss_total=0.0297 recon=0.0020 hsic=0.0231 pred=0.3429 distill=0.0000 aux=0.0000
[w/o HSIC] Val@Ep55 | score=1002.4543 AUC=0.8313 Acc=0.8686 F1=0.6467 PEHE=0.0039 dCATE=0.1652 Sens=0.0062 thr=0.28 feasible=1
[w/o HSIC] Epoch 55/80 | loss_total=0.0294 recon=0.0019 hsic=0.0230 pred=0.3421 distill=0.0000 aux=0.0000
[w/o HSIC] Val@Ep60 | score=1002.4511 AUC=0.8315 Acc=0.8697 F1=0.6486 PEHE=0.0043 dCATE=0.1598 Sens=0.0065 thr=0.29 feasible=1
[w/o HSIC] Epoch 60/80 | loss_total=0.0293 recon=0.0018 hsic=0.0232 pred=0.3412 distill=0.0000 aux=0.0000
[w/o HSIC] Val@Ep65 | score=1002.4473 AUC=0.8313 Acc=0.8664 F1=0.6450 PEHE=0.0034 dCATE=0.1619 Sens=0.0066 thr=0.28 feasible=1
[w/o HSIC] Epoch 65/80 | loss_total=0.0289 recon=0.0016 hsic=0.0232 pred=0.3413 distill=0.0000 aux=0.0000
[w/o HSIC] Val@Ep70 | score=1002.4481 AUC=0.8312 Acc=0.8664 F1=0.6429 PEHE=0.0033 dCATE=0.1655 Sens=0.0068 thr=0.28 feasible=1
[w/o HSIC] Epoch 70/80 | loss_total=0.0288 recon=0.0015 hsic=0.0230 pred=0.3397 distill=0.0000 aux=0.0000
[w/o HSIC] Val@Ep75 | score=1002.4515 AUC=0.8312 Acc=0.8697 F1=0.6444 PEHE=0.0033 dCATE=0.1645 Sens=0.0069 thr=0.29 feasible=1
[w/o HSIC] Epoch 75/80 | loss_total=0.0288 recon=0.0015 hsic=0.0232 pred=0.3402 distill=0.0000 aux=0.0000
[w/o HSIC] Val@Ep80 | score=1002.4473 AUC=0.8312 Acc=0.8686 F1=0.6424 PEHE=0.0038 dCATE=0.1644 Sens=0.0071 thr=0.29 feasible=1
[w/o HSIC] Epoch 80/80 | loss_total=0.0287 recon=0.0015 hsic=0.0232 pred=0.3399 distill=0.0000 aux=0.0000
[w/o HSIC] Restored best checkpoint at epoch 20 (score=1002.4651, thr=0.28, alpha=0.35)

[Seed 46] Loading data...
Training Full DLC (SOTA) from scratch (Seed 46)
[Full DLC (SOTA)] Epoch 5/100 | loss_total=3.2125 recon=0.0397 hsic=0.0216 pred=0.3420 distill=0.0000 aux=0.0000
[Full DLC (SOTA)] Epoch 10/100 | loss_total=3.1435 recon=0.0124 hsic=0.0225 pred=0.3368 distill=0.0000 aux=0.0000
[Full DLC (SOTA)] Epoch 15/100 | loss_total=3.1263 recon=0.0082 hsic=0.0230 pred=0.3358 distill=0.0000 aux=0.0000
[Full DLC (SOTA)] Val@Ep20 | score=1002.2844 AUC=0.8333 Acc=0.8575 F1=0.5975 PEHE=0.0693 dCATE=0.1523 Sens=0.0002 thr=0.35 feasible=1
[Full DLC (SOTA)] Epoch 20/100 | loss_total=3.0663 recon=0.0066 hsic=0.0231 pred=0.3276 distill=0.0000 aux=0.0000
[Full DLC (SOTA)] Val@Ep25 | score=1002.3101 AUC=0.8317 Acc=0.8586 F1=0.6019 PEHE=0.0703 dCATE=0.1749 Sens=0.0002 thr=0.37 feasible=1
[Full DLC (SOTA)] Epoch 25/100 | loss_total=3.0454 recon=0.0046 hsic=0.0233 pred=0.3226 distill=0.0000 aux=0.0000
[Full DLC (SOTA)] Val@Ep30 | score=1002.3159 AUC=0.8328 Acc=0.8630 F1=0.6095 PEHE=0.0655 dCATE=0.1597 Sens=0.0002 thr=0.36 feasible=1
[Full DLC (SOTA)] Epoch 30/100 | loss_total=3.0589 recon=0.0045 hsic=0.0230 pred=0.3185 distill=0.0000 aux=0.0000
[Full DLC (SOTA)] Val@Ep35 | score=1002.3160 AUC=0.8326 Acc=0.8630 F1=0.6095 PEHE=0.0637 dCATE=0.1573 Sens=0.0002 thr=0.34 feasible=1
[Full DLC (SOTA)] Epoch 35/100 | loss_total=3.0924 recon=0.0045 hsic=0.0228 pred=0.3167 distill=0.0000 aux=0.0000
[Full DLC (SOTA)] Val@Ep40 | score=1002.3072 AUC=0.8335 Acc=0.8608 F1=0.6057 PEHE=0.0645 dCATE=0.1552 Sens=0.0002 thr=0.34 feasible=1
[Full DLC (SOTA)] Epoch 40/100 | loss_total=3.1269 recon=0.0046 hsic=0.0224 pred=0.3152 distill=0.0000 aux=0.0000
[Full DLC (SOTA)] Val@Ep45 | score=1002.3133 AUC=0.8322 Acc=0.8630 F1=0.6070 PEHE=0.0616 dCATE=0.1549 Sens=0.0002 thr=0.36 feasible=1
[Full DLC (SOTA)] Epoch 45/100 | loss_total=3.1598 recon=0.0037 hsic=0.0222 pred=0.3138 distill=0.0000 aux=0.0000
[Full DLC (SOTA)] Val@Ep50 | score=1002.3156 AUC=0.8310 Acc=0.8641 F1=0.6090 PEHE=0.0608 dCATE=0.1540 Sens=0.0002 thr=0.34 feasible=1
[Full DLC (SOTA)] Epoch 50/100 | loss_total=3.1762 recon=0.0038 hsic=0.0221 pred=0.3108 distill=0.0000 aux=0.0000
[Full DLC (SOTA)] Val@Ep55 | score=1002.3140 AUC=0.8314 Acc=0.8630 F1=0.6045 PEHE=0.0584 dCATE=0.1547 Sens=0.0003 thr=0.35 feasible=1
[Full DLC (SOTA)] Epoch 55/100 | loss_total=3.1796 recon=0.0038 hsic=0.0218 pred=0.3115 distill=0.0000 aux=0.0000
[Full DLC (SOTA)] Val@Ep60 | score=1002.2956 AUC=0.8308 Acc=0.8519 F1=0.6053 PEHE=0.0576 dCATE=0.1436 Sens=0.0003 thr=0.27 feasible=1
[Full DLC (SOTA)] Epoch 60/100 | loss_total=3.1547 recon=0.0039 hsic=0.0212 pred=0.3088 distill=0.0000 aux=0.0000
[Full DLC (SOTA)] Val@Ep65 | score=1002.3192 AUC=0.8303 Acc=0.8619 F1=0.6051 PEHE=0.0581 dCATE=0.1607 Sens=0.0003 thr=0.33 feasible=1
[Full DLC (SOTA)] Epoch 65/100 | loss_total=3.1378 recon=0.0036 hsic=0.0213 pred=0.3074 distill=0.0000 aux=0.0000
[Full DLC (SOTA)] Val@Ep70 | score=1002.3076 AUC=0.8303 Acc=0.8630 F1=0.6070 PEHE=0.0579 dCATE=0.1455 Sens=0.0003 thr=0.33 feasible=1
[Full DLC (SOTA)] Epoch 70/100 | loss_total=3.1418 recon=0.0036 hsic=0.0211 pred=0.3078 distill=0.0000 aux=0.0000
[Full DLC (SOTA)] Val@Ep75 | score=1002.3068 AUC=0.8308 Acc=0.8630 F1=0.6070 PEHE=0.0591 dCATE=0.1462 Sens=0.0003 thr=0.32 feasible=1
[Full DLC (SOTA)] Epoch 75/100 | loss_total=3.1210 recon=0.0037 hsic=0.0210 pred=0.3057 distill=0.0000 aux=0.0000
[Full DLC (SOTA)] Val@Ep80 | score=1002.3089 AUC=0.8306 Acc=0.8630 F1=0.6070 PEHE=0.0579 dCATE=0.1467 Sens=0.0003 thr=0.33 feasible=1
[Full DLC (SOTA)] Epoch 80/100 | loss_total=3.1341 recon=0.0037 hsic=0.0209 pred=0.3068 distill=0.0000 aux=0.0000
[Full DLC (SOTA)] Val@Ep85 | score=1002.3090 AUC=0.8303 Acc=0.8630 F1=0.6070 PEHE=0.0587 dCATE=0.1483 Sens=0.0003 thr=0.33 feasible=1
[Full DLC (SOTA)] Epoch 85/100 | loss_total=3.1205 recon=0.0035 hsic=0.0208 pred=0.3055 distill=0.0000 aux=0.0000
[Full DLC (SOTA)] Val@Ep90 | score=1002.3128 AUC=0.8304 Acc=0.8630 F1=0.6070 PEHE=0.0591 dCATE=0.1527 Sens=0.0003 thr=0.34 feasible=1
[Full DLC (SOTA)] Epoch 90/100 | loss_total=3.1085 recon=0.0036 hsic=0.0207 pred=0.3043 distill=0.0000 aux=0.0000
[Full DLC (SOTA)] Val@Ep95 | score=1002.3096 AUC=0.8305 Acc=0.8619 F1=0.6051 PEHE=0.0593 dCATE=0.1527 Sens=0.0003 thr=0.33 feasible=1
[Full DLC (SOTA)] Epoch 95/100 | loss_total=3.1032 recon=0.0036 hsic=0.0206 pred=0.3039 distill=0.0000 aux=0.0000
[Full DLC (SOTA)] Val@Ep100 | score=1002.3002 AUC=0.8305 Acc=0.8508 F1=0.6059 PEHE=0.0596 dCATE=0.1518 Sens=0.0003 thr=0.26 feasible=1
[Full DLC (SOTA)] Epoch 100/100 | loss_total=3.1130 recon=0.0036 hsic=0.0205 pred=0.3049 distill=0.0000 aux=0.0000
[Full DLC (SOTA)] Restored best checkpoint at epoch 65 (score=1002.3192, thr=0.33, alpha=0.35)
[w/o HGNN] Epoch 5/80 | loss_total=0.1146 recon=0.0869 hsic=0.0206 pred=0.5093 distill=0.0000 aux=0.0000
[w/o HGNN] Epoch 10/80 | loss_total=0.0407 recon=0.0192 hsic=0.0215 pred=0.3792 distill=0.0000 aux=0.0000
[w/o HGNN] Epoch 15/80 | loss_total=0.0296 recon=0.0105 hsic=0.0214 pred=0.3688 distill=0.0000 aux=0.0000
[w/o HGNN] Val@Ep20 | score=1002.2288 AUC=0.8412 Acc=0.8374 F1=0.5876 PEHE=0.0132 dCATE=0.1655 Sens=0.1109 thr=0.26 feasible=1
[w/o HGNN] Epoch 20/80 | loss_total=0.0259 recon=0.0073 hsic=0.0209 pred=0.3616 distill=0.0000 aux=0.0000
[w/o HGNN] Val@Ep25 | score=1002.2650 AUC=0.8313 Acc=0.8541 F1=0.6042 PEHE=0.0160 dCATE=0.1637 Sens=0.0953 thr=0.26 feasible=1
[w/o HGNN] Epoch 25/80 | loss_total=0.5973 recon=0.0065 hsic=0.0206 pred=0.3446 distill=0.0000 aux=0.0000
[w/o HGNN] Val@Ep30 | score=1002.2705 AUC=0.8293 Acc=0.8586 F1=0.6019 PEHE=0.0277 dCATE=0.1759 Sens=0.0853 thr=0.32 feasible=1
[w/o HGNN] Epoch 30/80 | loss_total=1.1346 recon=0.0067 hsic=0.0202 pred=0.3334 distill=0.0000 aux=0.0000
[w/o HGNN] Val@Ep35 | score=1002.2206 AUC=0.8264 Acc=0.8296 F1=0.6026 PEHE=0.0367 dCATE=0.1588 Sens=0.0802 thr=0.20 feasible=1
[w/o HGNN] Epoch 35/80 | loss_total=1.6293 recon=0.0073 hsic=0.0199 pred=0.3209 distill=0.0000 aux=0.0000
[w/o HGNN] Val@Ep40 | score=1002.2129 AUC=0.8183 Acc=0.8497 F1=0.5994 PEHE=0.0384 dCATE=0.1549 Sens=0.0847 thr=0.25 feasible=1
[w/o HGNN] Epoch 40/80 | loss_total=2.0656 recon=0.0084 hsic=0.0196 pred=0.3048 distill=0.0000 aux=0.0000
[w/o HGNN] Val@Ep45 | score=1002.1725 AUC=0.8042 Acc=0.8463 F1=0.5965 PEHE=0.0442 dCATE=0.1539 Sens=0.0934 thr=0.20 feasible=1
[w/o HGNN] Epoch 45/80 | loss_total=2.4155 recon=0.0076 hsic=0.0196 pred=0.2850 distill=0.0000 aux=0.0000
[w/o HGNN] Val@Ep50 | score=1002.1443 AUC=0.8006 Acc=0.8519 F1=0.5908 PEHE=0.0529 dCATE=0.1555 Sens=0.1024 thr=0.33 feasible=1
[w/o HGNN] Epoch 50/80 | loss_total=2.8194 recon=0.0077 hsic=0.0194 pred=0.2767 distill=0.0000 aux=0.0000
[w/o HGNN] Val@Ep55 | score=1002.1371 AUC=0.7931 Acc=0.8474 F1=0.5982 PEHE=0.0539 dCATE=0.1604 Sens=0.1095 thr=0.29 feasible=1
[w/o HGNN] Epoch 55/80 | loss_total=2.6634 recon=0.0076 hsic=0.0194 pred=0.2603 distill=0.0000 aux=0.0000
[w/o HGNN] Val@Ep60 | score=1002.0412 AUC=0.7737 Acc=0.8497 F1=0.5631 PEHE=0.0569 dCATE=0.1408 Sens=0.1196 thr=0.28 feasible=1
[w/o HGNN] Epoch 60/80 | loss_total=2.5348 recon=0.0074 hsic=0.0192 pred=0.2468 distill=0.0000 aux=0.0000
[w/o HGNN] Val@Ep65 | score=1002.0352 AUC=0.7751 Acc=0.8341 F1=0.5681 PEHE=0.0605 dCATE=0.1565 Sens=0.1288 thr=0.23 feasible=1
[w/o HGNN] Epoch 65/80 | loss_total=2.4333 recon=0.0068 hsic=0.0192 pred=0.2364 distill=0.0000 aux=0.0000
[w/o HGNN] Val@Ep70 | score=1001.9970 AUC=0.7668 Acc=0.8241 F1=0.5635 PEHE=0.0623 dCATE=0.1491 Sens=0.1341 thr=0.21 feasible=1
[w/o HGNN] Epoch 70/80 | loss_total=2.3660 recon=0.0067 hsic=0.0192 pred=0.2297 distill=0.0000 aux=0.0000
[w/o HGNN] Val@Ep75 | score=1002.0584 AUC=0.7734 Acc=0.8463 F1=0.5868 PEHE=0.0637 dCATE=0.1585 Sens=0.1326 thr=0.31 feasible=1
[w/o HGNN] Epoch 75/80 | loss_total=2.3213 recon=0.0067 hsic=0.0191 pred=0.2249 distill=0.0000 aux=0.0000
[w/o HGNN] Val@Ep80 | score=1001.9985 AUC=0.7572 Acc=0.8318 F1=0.5648 PEHE=0.0628 dCATE=0.1535 Sens=0.1344 thr=0.22 feasible=1
[w/o HGNN] Epoch 80/80 | loss_total=2.2761 recon=0.0066 hsic=0.0191 pred=0.2203 distill=0.0000 aux=0.0000
[w/o HGNN] Restored best checkpoint at epoch 30 (score=1002.2705, thr=0.32, alpha=0.35)
[w/o VAE] Epoch 5/80 | loss_total=0.0667 recon=0.0336 hsic=0.0234 pred=0.3555 distill=0.0000 aux=0.0000
[w/o VAE] Epoch 10/80 | loss_total=0.0427 recon=0.0101 hsic=0.0229 pred=0.3492 distill=0.0000 aux=0.0000
[w/o VAE] Epoch 15/80 | loss_total=0.0395 recon=0.0062 hsic=0.0224 pred=0.3499 distill=0.0000 aux=0.0000
[w/o VAE] Val@Ep20 | score=1002.3802 AUC=0.8430 Acc=0.8552 F1=0.5860 PEHE=0.0076 dCATE=0.1653 Sens=0.0034 thr=0.34 feasible=1
[w/o VAE] Epoch 20/80 | loss_total=0.0358 recon=0.0047 hsic=0.0218 pred=0.3453 distill=0.0000 aux=0.0000
[w/o VAE] Val@Ep25 | score=1002.3816 AUC=0.8434 Acc=0.8563 F1=0.5852 PEHE=0.0041 dCATE=0.1612 Sens=0.0034 thr=0.34 feasible=1
[w/o VAE] Epoch 25/80 | loss_total=0.0327 recon=0.0032 hsic=0.0216 pred=0.3446 distill=0.0000 aux=0.0000
[w/o VAE] Val@Ep30 | score=1002.3815 AUC=0.8430 Acc=0.8552 F1=0.5860 PEHE=0.0059 dCATE=0.1643 Sens=0.0037 thr=0.33 feasible=1
[w/o VAE] Epoch 30/80 | loss_total=0.0322 recon=0.0028 hsic=0.0211 pred=0.3433 distill=0.0000 aux=0.0000
[w/o VAE] Val@Ep35 | score=1002.3504 AUC=0.8438 Acc=0.8085 F1=0.5924 PEHE=0.0067 dCATE=0.1636 Sens=0.0039 thr=0.19 feasible=1
[w/o VAE] Epoch 35/80 | loss_total=0.0323 recon=0.0027 hsic=0.0207 pred=0.3433 distill=0.0000 aux=0.0000
[w/o VAE] Val@Ep40 | score=1002.3815 AUC=0.8423 Acc=0.8597 F1=0.5909 PEHE=0.0050 dCATE=0.1545 Sens=0.0040 thr=0.35 feasible=1
[w/o VAE] Epoch 40/80 | loss_total=0.0325 recon=0.0024 hsic=0.0203 pred=0.3435 distill=0.0000 aux=0.0000
[w/o VAE] Val@Ep45 | score=1002.3701 AUC=0.8425 Acc=0.8363 F1=0.5905 PEHE=0.0036 dCATE=0.1602 Sens=0.0040 thr=0.26 feasible=1
[w/o VAE] Epoch 45/80 | loss_total=0.0312 recon=0.0019 hsic=0.0202 pred=0.3447 distill=0.0000 aux=0.0000
[w/o VAE] Val@Ep50 | score=1002.3701 AUC=0.8418 Acc=0.8385 F1=0.5915 PEHE=0.0033 dCATE=0.1574 Sens=0.0041 thr=0.26 feasible=1
[w/o VAE] Epoch 50/80 | loss_total=0.0309 recon=0.0018 hsic=0.0200 pred=0.3418 distill=0.0000 aux=0.0000
[w/o VAE] Val@Ep55 | score=1002.3795 AUC=0.8411 Acc=0.8408 F1=0.5972 PEHE=0.0037 dCATE=0.1596 Sens=0.0040 thr=0.27 feasible=1
[w/o VAE] Epoch 55/80 | loss_total=0.0311 recon=0.0018 hsic=0.0198 pred=0.3431 distill=0.0000 aux=0.0000
[w/o VAE] Val@Ep60 | score=1002.3760 AUC=0.8409 Acc=0.8408 F1=0.5949 PEHE=0.0032 dCATE=0.1582 Sens=0.0040 thr=0.26 feasible=1
[w/o VAE] Epoch 60/80 | loss_total=0.0306 recon=0.0017 hsic=0.0194 pred=0.3413 distill=0.0000 aux=0.0000
[w/o VAE] Val@Ep65 | score=1002.3713 AUC=0.8406 Acc=0.8363 F1=0.5928 PEHE=0.0030 dCATE=0.1598 Sens=0.0040 thr=0.25 feasible=1
[w/o VAE] Epoch 65/80 | loss_total=0.0303 recon=0.0014 hsic=0.0195 pred=0.3413 distill=0.0000 aux=0.0000
[w/o VAE] Val@Ep70 | score=1002.3737 AUC=0.8403 Acc=0.8385 F1=0.5938 PEHE=0.0032 dCATE=0.1595 Sens=0.0040 thr=0.26 feasible=1
[w/o VAE] Epoch 70/80 | loss_total=0.0303 recon=0.0014 hsic=0.0192 pred=0.3420 distill=0.0000 aux=0.0000
[w/o VAE] Val@Ep75 | score=1002.3707 AUC=0.8403 Acc=0.8374 F1=0.5944 PEHE=0.0032 dCATE=0.1567 Sens=0.0040 thr=0.25 feasible=1
[w/o VAE] Epoch 75/80 | loss_total=0.0302 recon=0.0013 hsic=0.0191 pred=0.3407 distill=0.0000 aux=0.0000
[w/o VAE] Val@Ep80 | score=1002.3698 AUC=0.8404 Acc=0.8363 F1=0.5928 PEHE=0.0036 dCATE=0.1592 Sens=0.0040 thr=0.25 feasible=1
[w/o VAE] Epoch 80/80 | loss_total=0.0303 recon=0.0013 hsic=0.0191 pred=0.3421 distill=0.0000 aux=0.0000
[w/o VAE] Restored best checkpoint at epoch 25 (score=1002.3816, thr=0.34, alpha=0.35)
[w/o HSIC] Epoch 5/80 | loss_total=0.0681 recon=0.0374 hsic=0.0207 pred=0.3579 distill=0.0000 aux=0.0000
[w/o HSIC] Epoch 10/80 | loss_total=0.0429 recon=0.0111 hsic=0.0212 pred=0.3507 distill=0.0000 aux=0.0000
[w/o HSIC] Epoch 15/80 | loss_total=0.0377 recon=0.0077 hsic=0.0217 pred=0.3494 distill=0.0000 aux=0.0000
[w/o HSIC] Val@Ep20 | score=1002.3799 AUC=0.8446 Acc=0.8419 F1=0.5920 PEHE=0.0056 dCATE=0.1639 Sens=0.0035 thr=0.28 feasible=1
[w/o HSIC] Epoch 20/80 | loss_total=0.0352 recon=0.0061 hsic=0.0219 pred=0.3461 distill=0.0000 aux=0.0000
[w/o HSIC] Val@Ep25 | score=1002.3821 AUC=0.8430 Acc=0.8396 F1=0.5955 PEHE=0.0038 dCATE=0.1617 Sens=0.0027 thr=0.26 feasible=1
[w/o HSIC] Epoch 25/80 | loss_total=0.0316 recon=0.0037 hsic=0.0222 pred=0.3444 distill=0.0000 aux=0.0000
[w/o HSIC] Val@Ep30 | score=1002.3798 AUC=0.8429 Acc=0.8385 F1=0.5938 PEHE=0.0042 dCATE=0.1629 Sens=0.0026 thr=0.26 feasible=1
[w/o HSIC] Epoch 30/80 | loss_total=0.0310 recon=0.0034 hsic=0.0221 pred=0.3431 distill=0.0000 aux=0.0000
[w/o HSIC] Val@Ep35 | score=1002.3682 AUC=0.8424 Acc=0.8341 F1=0.5895 PEHE=0.0043 dCATE=0.1610 Sens=0.0028 thr=0.26 feasible=1
[w/o HSIC] Epoch 35/80 | loss_total=0.0308 recon=0.0032 hsic=0.0222 pred=0.3432 distill=0.0000 aux=0.0000
[w/o HSIC] Val@Ep40 | score=1002.3712 AUC=0.8424 Acc=0.8374 F1=0.5922 PEHE=0.0037 dCATE=0.1573 Sens=0.0029 thr=0.26 feasible=1
[w/o HSIC] Epoch 40/80 | loss_total=0.0307 recon=0.0029 hsic=0.0222 pred=0.3435 distill=0.0000 aux=0.0000
[w/o HSIC] Val@Ep45 | score=1002.3698 AUC=0.8421 Acc=0.8363 F1=0.5905 PEHE=0.0036 dCATE=0.1590 Sens=0.0032 thr=0.26 feasible=1
[w/o HSIC] Epoch 45/80 | loss_total=0.0299 recon=0.0022 hsic=0.0223 pred=0.3445 distill=0.0000 aux=0.0000
[w/o HSIC] Val@Ep50 | score=1002.3649 AUC=0.8413 Acc=0.8352 F1=0.5912 PEHE=0.0038 dCATE=0.1556 Sens=0.0033 thr=0.25 feasible=1
[w/o HSIC] Epoch 50/80 | loss_total=0.0295 recon=0.0021 hsic=0.0225 pred=0.3417 distill=0.0000 aux=0.0000
[w/o HSIC] Val@Ep55 | score=1002.3904 AUC=0.8412 Acc=0.8608 F1=0.5928 PEHE=0.0039 dCATE=0.1590 Sens=0.0033 thr=0.35 feasible=1
[w/o HSIC] Epoch 55/80 | loss_total=0.0297 recon=0.0020 hsic=0.0225 pred=0.3430 distill=0.0000 aux=0.0000
[w/o HSIC] Val@Ep60 | score=1002.3877 AUC=0.8409 Acc=0.8586 F1=0.5916 PEHE=0.0032 dCATE=0.1588 Sens=0.0034 thr=0.33 feasible=1
[w/o HSIC] Epoch 60/80 | loss_total=0.0293 recon=0.0019 hsic=0.0224 pred=0.3414 distill=0.0000 aux=0.0000
[w/o HSIC] Val@Ep65 | score=1002.3748 AUC=0.8409 Acc=0.8396 F1=0.5932 PEHE=0.0032 dCATE=0.1593 Sens=0.0035 thr=0.26 feasible=1
[w/o HSIC] Epoch 65/80 | loss_total=0.0290 recon=0.0016 hsic=0.0226 pred=0.3412 distill=0.0000 aux=0.0000
[w/o HSIC] Val@Ep70 | score=1002.3708 AUC=0.8409 Acc=0.8385 F1=0.5915 PEHE=0.0031 dCATE=0.1582 Sens=0.0036 thr=0.26 feasible=1
[w/o HSIC] Epoch 70/80 | loss_total=0.0290 recon=0.0016 hsic=0.0225 pred=0.3420 distill=0.0000 aux=0.0000
[w/o HSIC] Val@Ep75 | score=1002.3713 AUC=0.8409 Acc=0.8374 F1=0.5922 PEHE=0.0031 dCATE=0.1588 Sens=0.0036 thr=0.25 feasible=1
[w/o HSIC] Epoch 75/80 | loss_total=0.0289 recon=0.0016 hsic=0.0226 pred=0.3407 distill=0.0000 aux=0.0000
[w/o HSIC] Val@Ep80 | score=1002.3717 AUC=0.8411 Acc=0.8363 F1=0.5928 PEHE=0.0036 dCATE=0.1600 Sens=0.0037 thr=0.25 feasible=1
[w/o HSIC] Epoch 80/80 | loss_total=0.0290 recon=0.0015 hsic=0.0227 pred=0.3420 distill=0.0000 aux=0.0000
[w/o HSIC] Restored best checkpoint at epoch 55 (score=1002.3904, thr=0.35, alpha=0.35)

[Done] Raw metrics: /home/UserData/ljx/Project_1/results/ablation_metrics_rigorous.json
[Done] Report: /home/UserData/ljx/Project_1/reports/task19.5_ablation_study_rigorous.md
