RUN m1_balance_guard {'name': 'm1_balance_guard', 'sota_lambda_pred': 9.5, 'sota_lambda_sens': 5.0, 'sota_lambda_cate': 11.0, 'ablation_lambda_pred': 0.1, 'ablation_lambda_cate': 7.0, 'ablation_lambda_ite': 10.0, 'ablation_lambda_hsic': 0.08, 'wogh_lambda_pred': 0.05, 'wogh_lambda_cate': 10.0, 'wogh_lambda_ite': 14.0, 'wogh_lambda_hsic': 0.1}
Script started...

[Seed 42] Loading data...
Training Full DLC (SOTA) from scratch (Seed 42)
[Full DLC (SOTA)] Epoch 5/110 | loss_total=3.9035 recon=0.0668 hsic=0.0214 pred=0.3477 distill=0.0000 aux=0.3593
[Full DLC (SOTA)] Epoch 10/110 | loss_total=3.7627 recon=0.0227 hsic=0.0211 pred=0.3436 distill=0.0000 aux=0.3553
[Full DLC (SOTA)] Epoch 15/110 | loss_total=3.7110 recon=0.0191 hsic=0.0211 pred=0.3408 distill=0.0000 aux=0.3487
[Full DLC (SOTA)] Epoch 20/110 | loss_total=3.6472 recon=0.0167 hsic=0.0213 pred=0.3344 distill=0.0000 aux=0.3418
[Full DLC (SOTA)] Epoch 25/110 | loss_total=3.5518 recon=0.0139 hsic=0.0211 pred=0.3269 distill=0.0000 aux=0.3337
[Full DLC (SOTA)] Epoch 30/110 | loss_total=3.5090 recon=0.0135 hsic=0.0212 pred=0.3233 distill=0.0000 aux=0.3285
[Full DLC (SOTA)] Epoch 35/110 | loss_total=3.4773 recon=0.0126 hsic=0.0212 pred=0.3201 distill=0.0000 aux=0.3248
[Full DLC (SOTA)] Epoch 40/110 | loss_total=3.4324 recon=0.0119 hsic=0.0209 pred=0.3153 distill=0.0000 aux=0.3240
[Full DLC (SOTA)] Epoch 45/110 | loss_total=3.3585 recon=0.0104 hsic=0.0208 pred=0.3091 distill=0.0000 aux=0.3171
[Full DLC (SOTA)] Epoch 50/110 | loss_total=3.3290 recon=0.0101 hsic=0.0208 pred=0.3059 distill=0.0000 aux=0.3170
[Full DLC (SOTA)] Epoch 55/110 | loss_total=3.2804 recon=0.0099 hsic=0.0208 pred=0.3014 distill=0.0000 aux=0.3121
[Full DLC (SOTA)] Epoch 60/110 | loss_total=3.2615 recon=0.0098 hsic=0.0206 pred=0.2995 distill=0.0000 aux=0.3117
[Full DLC (SOTA)] Epoch 65/110 | loss_total=3.2207 recon=0.0092 hsic=0.0208 pred=0.2959 distill=0.0000 aux=0.3076
[Full DLC (SOTA)] Epoch 70/110 | loss_total=3.2327 recon=0.0091 hsic=0.0205 pred=0.2964 distill=0.0000 aux=0.3102
[Full DLC (SOTA)] Epoch 75/110 | loss_total=3.1872 recon=0.0091 hsic=0.0205 pred=0.2926 distill=0.0000 aux=0.3046
[Full DLC (SOTA)] Epoch 80/110 | loss_total=3.1818 recon=0.0090 hsic=0.0204 pred=0.2914 distill=0.0000 aux=0.3073
[Full DLC (SOTA)] Epoch 85/110 | loss_total=3.1739 recon=0.0088 hsic=0.0203 pred=0.2914 distill=0.0000 aux=0.3058
[Full DLC (SOTA)] Epoch 90/110 | loss_total=3.1544 recon=0.0087 hsic=0.0205 pred=0.2891 distill=0.0000 aux=0.3056
[Full DLC (SOTA)] Epoch 95/110 | loss_total=3.1595 recon=0.0087 hsic=0.0205 pred=0.2894 distill=0.0000 aux=0.3038
[Full DLC (SOTA)] Epoch 100/110 | loss_total=3.1074 recon=0.0086 hsic=0.0205 pred=0.2850 distill=0.0000 aux=0.3006
[Full DLC (SOTA)] Epoch 105/110 | loss_total=3.1189 recon=0.0085 hsic=0.0205 pred=0.2859 distill=0.0000 aux=0.3029
[Full DLC (SOTA)] Epoch 110/110 | loss_total=3.1219 recon=0.0085 hsic=0.0205 pred=0.2858 distill=0.0000 aux=0.3033

[Seed 43] Loading data...
Training Full DLC (SOTA) from scratch (Seed 43)
[Full DLC (SOTA)] Epoch 5/110 | loss_total=3.8931 recon=0.0633 hsic=0.0215 pred=0.3459 distill=0.0000 aux=0.3599
[Full DLC (SOTA)] Epoch 10/110 | loss_total=3.7672 recon=0.0255 hsic=0.0217 pred=0.3441 distill=0.0000 aux=0.3540
[Full DLC (SOTA)] Epoch 15/110 | loss_total=3.6930 recon=0.0198 hsic=0.0217 pred=0.3394 distill=0.0000 aux=0.3507
[Full DLC (SOTA)] Epoch 20/110 | loss_total=3.6554 recon=0.0162 hsic=0.0219 pred=0.3354 distill=0.0000 aux=0.3449
[Full DLC (SOTA)] Epoch 25/110 | loss_total=3.6042 recon=0.0129 hsic=0.0217 pred=0.3319 distill=0.0000 aux=0.3392
[Full DLC (SOTA)] Epoch 30/110 | loss_total=3.5770 recon=0.0123 hsic=0.0216 pred=0.3294 distill=0.0000 aux=0.3372
[Full DLC (SOTA)] Epoch 35/110 | loss_total=3.5269 recon=0.0118 hsic=0.0215 pred=0.3247 distill=0.0000 aux=0.3332
[Full DLC (SOTA)] Epoch 40/110 | loss_total=3.4885 recon=0.0115 hsic=0.0212 pred=0.3207 distill=0.0000 aux=0.3289
[Full DLC (SOTA)] Epoch 45/110 | loss_total=3.4329 recon=0.0104 hsic=0.0210 pred=0.3152 distill=0.0000 aux=0.3273
[Full DLC (SOTA)] Epoch 50/110 | loss_total=3.3986 recon=0.0103 hsic=0.0209 pred=0.3123 distill=0.0000 aux=0.3234
[Full DLC (SOTA)] Epoch 55/110 | loss_total=3.3763 recon=0.0102 hsic=0.0208 pred=0.3101 distill=0.0000 aux=0.3230
[Full DLC (SOTA)] Epoch 60/110 | loss_total=3.3599 recon=0.0101 hsic=0.0206 pred=0.3084 distill=0.0000 aux=0.3221
[Full DLC (SOTA)] Epoch 65/110 | loss_total=3.3387 recon=0.0094 hsic=0.0206 pred=0.3063 distill=0.0000 aux=0.3199
[Full DLC (SOTA)] Epoch 70/110 | loss_total=3.3240 recon=0.0094 hsic=0.0206 pred=0.3049 distill=0.0000 aux=0.3197
[Full DLC (SOTA)] Epoch 75/110 | loss_total=3.3108 recon=0.0094 hsic=0.0204 pred=0.3035 distill=0.0000 aux=0.3186
[Full DLC (SOTA)] Epoch 80/110 | loss_total=3.2855 recon=0.0093 hsic=0.0204 pred=0.3014 distill=0.0000 aux=0.3148
[Full DLC (SOTA)] Epoch 85/110 | loss_total=3.2768 recon=0.0091 hsic=0.0205 pred=0.3002 distill=0.0000 aux=0.3147
[Full DLC (SOTA)] Epoch 90/110 | loss_total=3.2708 recon=0.0091 hsic=0.0204 pred=0.3000 distill=0.0000 aux=0.3127
[Full DLC (SOTA)] Epoch 95/110 | loss_total=3.2621 recon=0.0090 hsic=0.0203 pred=0.2988 distill=0.0000 aux=0.3126
[Full DLC (SOTA)] Epoch 100/110 | loss_total=3.2730 recon=0.0090 hsic=0.0205 pred=0.3005 distill=0.0000 aux=0.3113
[Full DLC (SOTA)] Epoch 105/110 | loss_total=3.2211 recon=0.0088 hsic=0.0204 pred=0.2956 distill=0.0000 aux=0.3061
[Full DLC (SOTA)] Epoch 110/110 | loss_total=3.2254 recon=0.0088 hsic=0.0201 pred=0.2961 distill=0.0000 aux=0.3074

[Seed 44] Loading data...
Training Full DLC (SOTA) from scratch (Seed 44)
[Full DLC (SOTA)] Epoch 5/110 | loss_total=3.8888 recon=0.0677 hsic=0.0209 pred=0.3472 distill=0.0000 aux=0.3571
[Full DLC (SOTA)] Epoch 10/110 | loss_total=3.7659 recon=0.0277 hsic=0.0210 pred=0.3443 distill=0.0000 aux=0.3514
[Full DLC (SOTA)] Epoch 15/110 | loss_total=3.7164 recon=0.0201 hsic=0.0207 pred=0.3413 distill=0.0000 aux=0.3469
[Full DLC (SOTA)] Epoch 20/110 | loss_total=3.6591 recon=0.0179 hsic=0.0210 pred=0.3370 distill=0.0000 aux=0.3399
[Full DLC (SOTA)] Epoch 25/110 | loss_total=3.5849 recon=0.0147 hsic=0.0209 pred=0.3307 distill=0.0000 aux=0.3340
[Full DLC (SOTA)] Epoch 30/110 | loss_total=3.5434 recon=0.0147 hsic=0.0211 pred=0.3263 distill=0.0000 aux=0.3322
[Full DLC (SOTA)] Epoch 35/110 | loss_total=3.4726 recon=0.0144 hsic=0.0211 pred=0.3200 distill=0.0000 aux=0.3267
[Full DLC (SOTA)] Epoch 40/110 | loss_total=3.4296 recon=0.0139 hsic=0.0208 pred=0.3154 distill=0.0000 aux=0.3248
[Full DLC (SOTA)] Epoch 45/110 | loss_total=3.3649 recon=0.0123 hsic=0.0211 pred=0.3094 distill=0.0000 aux=0.3201
[Full DLC (SOTA)] Epoch 50/110 | loss_total=3.3539 recon=0.0121 hsic=0.0211 pred=0.3073 distill=0.0000 aux=0.3231
[Full DLC (SOTA)] Epoch 55/110 | loss_total=3.3356 recon=0.0117 hsic=0.0211 pred=0.3062 distill=0.0000 aux=0.3207
[Full DLC (SOTA)] Epoch 60/110 | loss_total=3.2856 recon=0.0113 hsic=0.0210 pred=0.3012 distill=0.0000 aux=0.3175
[Full DLC (SOTA)] Epoch 65/110 | loss_total=3.2232 recon=0.0107 hsic=0.0210 pred=0.2955 distill=0.0000 aux=0.3153
[Full DLC (SOTA)] Epoch 70/110 | loss_total=3.2332 recon=0.0105 hsic=0.0211 pred=0.2963 distill=0.0000 aux=0.3155
[Full DLC (SOTA)] Epoch 75/110 | loss_total=3.2070 recon=0.0104 hsic=0.0210 pred=0.2939 distill=0.0000 aux=0.3102
[Full DLC (SOTA)] Epoch 80/110 | loss_total=3.1932 recon=0.0102 hsic=0.0211 pred=0.2926 distill=0.0000 aux=0.3112
[Full DLC (SOTA)] Epoch 85/110 | loss_total=3.1664 recon=0.0099 hsic=0.0210 pred=0.2900 distill=0.0000 aux=0.3092
[Full DLC (SOTA)] Epoch 90/110 | loss_total=3.1569 recon=0.0099 hsic=0.0209 pred=0.2894 distill=0.0000 aux=0.3074
[Full DLC (SOTA)] Epoch 95/110 | loss_total=3.1622 recon=0.0098 hsic=0.0210 pred=0.2891 distill=0.0000 aux=0.3088
[Full DLC (SOTA)] Epoch 100/110 | loss_total=3.1354 recon=0.0098 hsic=0.0211 pred=0.2876 distill=0.0000 aux=0.3048
[Full DLC (SOTA)] Epoch 105/110 | loss_total=3.1397 recon=0.0096 hsic=0.0211 pred=0.2875 distill=0.0000 aux=0.3048
[Full DLC (SOTA)] Epoch 110/110 | loss_total=3.1294 recon=0.0095 hsic=0.0209 pred=0.2860 distill=0.0000 aux=0.3038

[Seed 45] Loading data...
Training Full DLC (SOTA) from scratch (Seed 45)
[Full DLC (SOTA)] Epoch 5/110 | loss_total=3.9201 recon=0.0618 hsic=0.0210 pred=0.3502 distill=0.0000 aux=0.3610
[Full DLC (SOTA)] Epoch 10/110 | loss_total=3.7637 recon=0.0242 hsic=0.0211 pred=0.3435 distill=0.0000 aux=0.3513
[Full DLC (SOTA)] Epoch 15/110 | loss_total=3.7235 recon=0.0191 hsic=0.0213 pred=0.3425 distill=0.0000 aux=0.3469
[Full DLC (SOTA)] Epoch 20/110 | loss_total=3.6444 recon=0.0174 hsic=0.0214 pred=0.3350 distill=0.0000 aux=0.3406
[Full DLC (SOTA)] Epoch 25/110 | loss_total=3.5777 recon=0.0150 hsic=0.0214 pred=0.3293 distill=0.0000 aux=0.3355
[Full DLC (SOTA)] Epoch 30/110 | loss_total=3.5197 recon=0.0147 hsic=0.0212 pred=0.3229 distill=0.0000 aux=0.3341
[Full DLC (SOTA)] Epoch 35/110 | loss_total=3.5100 recon=0.0146 hsic=0.0209 pred=0.3208 distill=0.0000 aux=0.3349
[Full DLC (SOTA)] Epoch 40/110 | loss_total=3.4207 recon=0.0143 hsic=0.0207 pred=0.3133 distill=0.0000 aux=0.3290
[Full DLC (SOTA)] Epoch 45/110 | loss_total=3.3504 recon=0.0129 hsic=0.0208 pred=0.3061 distill=0.0000 aux=0.3256
[Full DLC (SOTA)] Epoch 50/110 | loss_total=3.3398 recon=0.0127 hsic=0.0207 pred=0.3054 distill=0.0000 aux=0.3248
[Full DLC (SOTA)] Epoch 55/110 | loss_total=3.3102 recon=0.0127 hsic=0.0208 pred=0.3024 distill=0.0000 aux=0.3236
[Full DLC (SOTA)] Epoch 60/110 | loss_total=3.2755 recon=0.0127 hsic=0.0204 pred=0.2987 distill=0.0000 aux=0.3210
[Full DLC (SOTA)] Epoch 65/110 | loss_total=3.2252 recon=0.0118 hsic=0.0207 pred=0.2942 distill=0.0000 aux=0.3180
[Full DLC (SOTA)] Epoch 70/110 | loss_total=3.2087 recon=0.0118 hsic=0.0205 pred=0.2924 distill=0.0000 aux=0.3190
[Full DLC (SOTA)] Epoch 75/110 | loss_total=3.1849 recon=0.0116 hsic=0.0205 pred=0.2903 distill=0.0000 aux=0.3167
[Full DLC (SOTA)] Epoch 80/110 | loss_total=3.1963 recon=0.0115 hsic=0.0205 pred=0.2914 distill=0.0000 aux=0.3170
[Full DLC (SOTA)] Epoch 85/110 | loss_total=3.1928 recon=0.0112 hsic=0.0204 pred=0.2906 distill=0.0000 aux=0.3165
[Full DLC (SOTA)] Epoch 90/110 | loss_total=3.1317 recon=0.0112 hsic=0.0205 pred=0.2853 distill=0.0000 aux=0.3122
[Full DLC (SOTA)] Epoch 95/110 | loss_total=3.1292 recon=0.0111 hsic=0.0205 pred=0.2850 distill=0.0000 aux=0.3139
[Full DLC (SOTA)] Epoch 100/110 | loss_total=3.1523 recon=0.0110 hsic=0.0204 pred=0.2870 distill=0.0000 aux=0.3142
[Full DLC (SOTA)] Epoch 105/110 | loss_total=3.1258 recon=0.0108 hsic=0.0204 pred=0.2851 distill=0.0000 aux=0.3132
[Full DLC (SOTA)] Epoch 110/110 | loss_total=3.1198 recon=0.0107 hsic=0.0203 pred=0.2842 distill=0.0000 aux=0.3128

[Seed 46] Loading data...
Training Full DLC (SOTA) from scratch (Seed 46)
[Full DLC (SOTA)] Epoch 5/110 | loss_total=3.9147 recon=0.0657 hsic=0.0209 pred=0.3498 distill=0.0000 aux=0.3635
[Full DLC (SOTA)] Epoch 10/110 | loss_total=3.7786 recon=0.0234 hsic=0.0212 pred=0.3459 distill=0.0000 aux=0.3527
[Full DLC (SOTA)] Epoch 15/110 | loss_total=3.7329 recon=0.0181 hsic=0.0210 pred=0.3430 distill=0.0000 aux=0.3467
[Full DLC (SOTA)] Epoch 20/110 | loss_total=3.7034 recon=0.0165 hsic=0.0206 pred=0.3409 distill=0.0000 aux=0.3451
[Full DLC (SOTA)] Epoch 25/110 | loss_total=3.6273 recon=0.0137 hsic=0.0208 pred=0.3347 distill=0.0000 aux=0.3383
[Full DLC (SOTA)] Epoch 30/110 | loss_total=3.5969 recon=0.0141 hsic=0.0206 pred=0.3316 distill=0.0000 aux=0.3360
[Full DLC (SOTA)] Epoch 35/110 | loss_total=3.5322 recon=0.0138 hsic=0.0205 pred=0.3250 distill=0.0000 aux=0.3334
[Full DLC (SOTA)] Epoch 40/110 | loss_total=3.5308 recon=0.0132 hsic=0.0204 pred=0.3245 distill=0.0000 aux=0.3330
[Full DLC (SOTA)] Epoch 45/110 | loss_total=3.4753 recon=0.0117 hsic=0.0202 pred=0.3199 distill=0.0000 aux=0.3302
[Full DLC (SOTA)] Epoch 50/110 | loss_total=3.4410 recon=0.0115 hsic=0.0201 pred=0.3162 distill=0.0000 aux=0.3292
[Full DLC (SOTA)] Epoch 55/110 | loss_total=3.4185 recon=0.0114 hsic=0.0201 pred=0.3144 distill=0.0000 aux=0.3248
[Full DLC (SOTA)] Epoch 60/110 | loss_total=3.3847 recon=0.0111 hsic=0.0201 pred=0.3109 distill=0.0000 aux=0.3244
[Full DLC (SOTA)] Epoch 65/110 | loss_total=3.3811 recon=0.0103 hsic=0.0199 pred=0.3110 distill=0.0000 aux=0.3248
[Full DLC (SOTA)] Epoch 70/110 | loss_total=3.3480 recon=0.0101 hsic=0.0200 pred=0.3076 distill=0.0000 aux=0.3212
[Full DLC (SOTA)] Epoch 75/110 | loss_total=3.3532 recon=0.0101 hsic=0.0200 pred=0.3077 distill=0.0000 aux=0.3236
[Full DLC (SOTA)] Epoch 80/110 | loss_total=3.3465 recon=0.0099 hsic=0.0201 pred=0.3073 distill=0.0000 aux=0.3214
[Full DLC (SOTA)] Epoch 85/110 | loss_total=3.2922 recon=0.0096 hsic=0.0199 pred=0.3026 distill=0.0000 aux=0.3155
[Full DLC (SOTA)] Epoch 90/110 | loss_total=3.3234 recon=0.0095 hsic=0.0199 pred=0.3052 distill=0.0000 aux=0.3211
[Full DLC (SOTA)] Epoch 95/110 | loss_total=3.2919 recon=0.0095 hsic=0.0199 pred=0.3023 distill=0.0000 aux=0.3181
[Full DLC (SOTA)] Epoch 100/110 | loss_total=3.2782 recon=0.0094 hsic=0.0198 pred=0.3006 distill=0.0000 aux=0.3185
[Full DLC (SOTA)] Epoch 105/110 | loss_total=3.2667 recon=0.0093 hsic=0.0199 pred=0.2999 distill=0.0000 aux=0.3140
[Full DLC (SOTA)] Epoch 110/110 | loss_total=3.2853 recon=0.0092 hsic=0.0199 pred=0.3017 distill=0.0000 aux=0.3182

[Done] Raw metrics: /home/UserData/ljx/Project_1/results/ablation_metrics_rigorous.json
[Done] Report: /home/UserData/ljx/Project_1/reports/task19.5_ablation_study_rigorous.md
 -> {'name': 'm1_balance_guard', 'cfg': {'name': 'm1_balance_guard', 'sota_lambda_pred': 9.5, 'sota_lambda_sens': 5.0, 'sota_lambda_cate': 11.0, 'ablation_lambda_pred': 0.1, 'ablation_lambda_cate': 7.0, 'ablation_lambda_ite': 10.0, 'ablation_lambda_hsic': 0.08, 'wogh_lambda_pred': 0.05, 'wogh_lambda_cate': 10.0, 'wogh_lambda_ite': 14.0, 'wogh_lambda_hsic': 0.1}, 'all_ok': False, 'score': 17, 'fails': [{'ablation': 'w/o HGNN', 'metric': 'Delta CATE', 'full': 0.15090327858924865, 'ablation_mean': 0.16911782026290895, 'margin': -0.018214541673660295}], 'delta_ok': True, 'feasible': False, 'objective': 21.9166550134525, 'hgnn_delta_margin': -0.018214541673660295, 'full': {'AUC': '0.8059 ± 0.0272', 'Acc': '0.6680 ± 0.0309', 'F1': '0.6738 ± 0.0211', 'PEHE': '0.0373 ± 0.0027', 'Delta CATE': '0.1509 ± 0.0130', 'Sensitivity': '0.0036 ± 0.0017'}, 'fails_preview': [{'ablation': 'w/o HGNN', 'metric': 'Delta CATE', 'full': 0.15090327858924865, 'ablation_mean': 0.16911782026290895, 'margin': -0.018214541673660295}]}
RUN m2_acc_guard {'name': 'm2_acc_guard', 'sota_lambda_pred': 10.0, 'sota_lambda_sens': 5.0, 'sota_lambda_cate': 10.0, 'ablation_lambda_pred': 0.12, 'ablation_lambda_cate': 8.0, 'ablation_lambda_ite': 12.0, 'ablation_lambda_hsic': 0.08, 'wogh_lambda_pred': 0.06, 'wogh_lambda_cate': 12.0, 'wogh_lambda_ite': 16.0, 'wogh_lambda_hsic': 0.1}
Script started...

[Seed 42] Loading data...
Training Full DLC (SOTA) from scratch (Seed 42)
[Full DLC (SOTA)] Epoch 5/110 | loss_total=4.0831 recon=0.0619 hsic=0.0215 pred=0.3473 distill=0.0000 aux=0.3589
[Full DLC (SOTA)] Epoch 10/110 | loss_total=3.9293 recon=0.0219 hsic=0.0211 pred=0.3433 distill=0.0000 aux=0.3562
[Full DLC (SOTA)] Epoch 15/110 | loss_total=3.8793 recon=0.0185 hsic=0.0212 pred=0.3405 distill=0.0000 aux=0.3494
[Full DLC (SOTA)] Epoch 20/110 | loss_total=3.8106 recon=0.0167 hsic=0.0214 pred=0.3340 distill=0.0000 aux=0.3422
[Full DLC (SOTA)] Epoch 25/110 | loss_total=3.7133 recon=0.0141 hsic=0.0213 pred=0.3266 distill=0.0000 aux=0.3345
[Full DLC (SOTA)] Epoch 30/110 | loss_total=3.6703 recon=0.0138 hsic=0.0214 pred=0.3231 distill=0.0000 aux=0.3293
[Full DLC (SOTA)] Epoch 35/110 | loss_total=3.6361 recon=0.0134 hsic=0.0213 pred=0.3199 distill=0.0000 aux=0.3243
[Full DLC (SOTA)] Epoch 40/110 | loss_total=3.5898 recon=0.0131 hsic=0.0210 pred=0.3152 distill=0.0000 aux=0.3241
[Full DLC (SOTA)] Epoch 45/110 | loss_total=3.5108 recon=0.0116 hsic=0.0208 pred=0.3086 distill=0.0000 aux=0.3175
[Full DLC (SOTA)] Epoch 50/110 | loss_total=3.4764 recon=0.0114 hsic=0.0207 pred=0.3052 distill=0.0000 aux=0.3168
[Full DLC (SOTA)] Epoch 55/110 | loss_total=3.4240 recon=0.0111 hsic=0.0206 pred=0.3005 distill=0.0000 aux=0.3112
[Full DLC (SOTA)] Epoch 60/110 | loss_total=3.4034 recon=0.0111 hsic=0.0204 pred=0.2985 distill=0.0000 aux=0.3122
[Full DLC (SOTA)] Epoch 65/110 | loss_total=3.3614 recon=0.0102 hsic=0.0206 pred=0.2951 distill=0.0000 aux=0.3076
[Full DLC (SOTA)] Epoch 70/110 | loss_total=3.3689 recon=0.0101 hsic=0.0203 pred=0.2952 distill=0.0000 aux=0.3090
[Full DLC (SOTA)] Epoch 75/110 | loss_total=3.3277 recon=0.0101 hsic=0.0204 pred=0.2918 distill=0.0000 aux=0.3038
[Full DLC (SOTA)] Epoch 80/110 | loss_total=3.3213 recon=0.0099 hsic=0.0202 pred=0.2907 distill=0.0000 aux=0.3048
[Full DLC (SOTA)] Epoch 85/110 | loss_total=3.3153 recon=0.0096 hsic=0.0201 pred=0.2910 distill=0.0000 aux=0.3042
[Full DLC (SOTA)] Epoch 90/110 | loss_total=3.3048 recon=0.0095 hsic=0.0203 pred=0.2896 distill=0.0000 aux=0.3042
[Full DLC (SOTA)] Epoch 95/110 | loss_total=3.3073 recon=0.0095 hsic=0.0203 pred=0.2897 distill=0.0000 aux=0.3028
[Full DLC (SOTA)] Epoch 100/110 | loss_total=3.2494 recon=0.0094 hsic=0.0203 pred=0.2851 distill=0.0000 aux=0.2984
[Full DLC (SOTA)] Epoch 105/110 | loss_total=3.2685 recon=0.0093 hsic=0.0203 pred=0.2865 distill=0.0000 aux=0.3027
[Full DLC (SOTA)] Epoch 110/110 | loss_total=3.2687 recon=0.0093 hsic=0.0203 pred=0.2863 distill=0.0000 aux=0.3006

[Seed 43] Loading data...
Training Full DLC (SOTA) from scratch (Seed 43)
[Full DLC (SOTA)] Epoch 5/110 | loss_total=4.0740 recon=0.0638 hsic=0.0215 pred=0.3457 distill=0.0000 aux=0.3604
[Full DLC (SOTA)] Epoch 10/110 | loss_total=3.9384 recon=0.0240 hsic=0.0216 pred=0.3438 distill=0.0000 aux=0.3554
[Full DLC (SOTA)] Epoch 15/110 | loss_total=3.8571 recon=0.0178 hsic=0.0218 pred=0.3390 distill=0.0000 aux=0.3500
[Full DLC (SOTA)] Epoch 20/110 | loss_total=3.8139 recon=0.0155 hsic=0.0220 pred=0.3342 distill=0.0000 aux=0.3431
[Full DLC (SOTA)] Epoch 25/110 | loss_total=3.7483 recon=0.0130 hsic=0.0217 pred=0.3298 distill=0.0000 aux=0.3362
[Full DLC (SOTA)] Epoch 30/110 | loss_total=3.7138 recon=0.0124 hsic=0.0215 pred=0.3266 distill=0.0000 aux=0.3334
[Full DLC (SOTA)] Epoch 35/110 | loss_total=3.6508 recon=0.0122 hsic=0.0212 pred=0.3209 distill=0.0000 aux=0.3292
[Full DLC (SOTA)] Epoch 40/110 | loss_total=3.6045 recon=0.0114 hsic=0.0208 pred=0.3167 distill=0.0000 aux=0.3251
[Full DLC (SOTA)] Epoch 45/110 | loss_total=3.5391 recon=0.0104 hsic=0.0206 pred=0.3104 distill=0.0000 aux=0.3225
[Full DLC (SOTA)] Epoch 50/110 | loss_total=3.5049 recon=0.0102 hsic=0.0205 pred=0.3072 distill=0.0000 aux=0.3194
[Full DLC (SOTA)] Epoch 55/110 | loss_total=3.4773 recon=0.0100 hsic=0.0205 pred=0.3050 distill=0.0000 aux=0.3179
[Full DLC (SOTA)] Epoch 60/110 | loss_total=3.4570 recon=0.0100 hsic=0.0203 pred=0.3027 distill=0.0000 aux=0.3175
[Full DLC (SOTA)] Epoch 65/110 | loss_total=3.4291 recon=0.0092 hsic=0.0202 pred=0.3003 distill=0.0000 aux=0.3137
[Full DLC (SOTA)] Epoch 70/110 | loss_total=3.4157 recon=0.0092 hsic=0.0203 pred=0.2989 distill=0.0000 aux=0.3148
[Full DLC (SOTA)] Epoch 75/110 | loss_total=3.3967 recon=0.0091 hsic=0.0201 pred=0.2972 distill=0.0000 aux=0.3126
[Full DLC (SOTA)] Epoch 80/110 | loss_total=3.3690 recon=0.0090 hsic=0.0201 pred=0.2948 distill=0.0000 aux=0.3089
[Full DLC (SOTA)] Epoch 85/110 | loss_total=3.3607 recon=0.0087 hsic=0.0202 pred=0.2940 distill=0.0000 aux=0.3082
[Full DLC (SOTA)] Epoch 90/110 | loss_total=3.3542 recon=0.0087 hsic=0.0201 pred=0.2934 distill=0.0000 aux=0.3080
[Full DLC (SOTA)] Epoch 95/110 | loss_total=3.3423 recon=0.0087 hsic=0.0200 pred=0.2920 distill=0.0000 aux=0.3070
[Full DLC (SOTA)] Epoch 100/110 | loss_total=3.3579 recon=0.0086 hsic=0.0202 pred=0.2939 distill=0.0000 aux=0.3067
[Full DLC (SOTA)] Epoch 105/110 | loss_total=3.2970 recon=0.0084 hsic=0.0200 pred=0.2887 distill=0.0000 aux=0.2992
[Full DLC (SOTA)] Epoch 110/110 | loss_total=3.2989 recon=0.0084 hsic=0.0198 pred=0.2889 distill=0.0000 aux=0.3009

[Seed 44] Loading data...
Training Full DLC (SOTA) from scratch (Seed 44)
[Full DLC (SOTA)] Epoch 5/110 | loss_total=4.0704 recon=0.0667 hsic=0.0210 pred=0.3470 distill=0.0000 aux=0.3573
[Full DLC (SOTA)] Epoch 10/110 | loss_total=3.9384 recon=0.0278 hsic=0.0210 pred=0.3442 distill=0.0000 aux=0.3519
[Full DLC (SOTA)] Epoch 15/110 | loss_total=3.8860 recon=0.0211 hsic=0.0208 pred=0.3408 distill=0.0000 aux=0.3480
[Full DLC (SOTA)] Epoch 20/110 | loss_total=3.8254 recon=0.0190 hsic=0.0209 pred=0.3364 distill=0.0000 aux=0.3411
[Full DLC (SOTA)] Epoch 25/110 | loss_total=3.7441 recon=0.0158 hsic=0.0208 pred=0.3295 distill=0.0000 aux=0.3354
[Full DLC (SOTA)] Epoch 30/110 | loss_total=3.6991 recon=0.0159 hsic=0.0209 pred=0.3252 distill=0.0000 aux=0.3328
[Full DLC (SOTA)] Epoch 35/110 | loss_total=3.6158 recon=0.0157 hsic=0.0208 pred=0.3180 distill=0.0000 aux=0.3267
[Full DLC (SOTA)] Epoch 40/110 | loss_total=3.5753 recon=0.0151 hsic=0.0204 pred=0.3137 distill=0.0000 aux=0.3253
[Full DLC (SOTA)] Epoch 45/110 | loss_total=3.5032 recon=0.0133 hsic=0.0207 pred=0.3076 distill=0.0000 aux=0.3188
[Full DLC (SOTA)] Epoch 50/110 | loss_total=3.4857 recon=0.0130 hsic=0.0206 pred=0.3052 distill=0.0000 aux=0.3202
[Full DLC (SOTA)] Epoch 55/110 | loss_total=3.4683 recon=0.0127 hsic=0.0205 pred=0.3041 distill=0.0000 aux=0.3190
[Full DLC (SOTA)] Epoch 60/110 | loss_total=3.4217 recon=0.0124 hsic=0.0204 pred=0.2998 distill=0.0000 aux=0.3144
[Full DLC (SOTA)] Epoch 65/110 | loss_total=3.3481 recon=0.0116 hsic=0.0203 pred=0.2934 distill=0.0000 aux=0.3118
[Full DLC (SOTA)] Epoch 70/110 | loss_total=3.3591 recon=0.0115 hsic=0.0205 pred=0.2941 distill=0.0000 aux=0.3132
[Full DLC (SOTA)] Epoch 75/110 | loss_total=3.3251 recon=0.0114 hsic=0.0203 pred=0.2909 distill=0.0000 aux=0.3094
[Full DLC (SOTA)] Epoch 80/110 | loss_total=3.3141 recon=0.0112 hsic=0.0204 pred=0.2898 distill=0.0000 aux=0.3091
[Full DLC (SOTA)] Epoch 85/110 | loss_total=3.2874 recon=0.0108 hsic=0.0203 pred=0.2872 distill=0.0000 aux=0.3071
[Full DLC (SOTA)] Epoch 90/110 | loss_total=3.2730 recon=0.0108 hsic=0.0202 pred=0.2865 distill=0.0000 aux=0.3062
[Full DLC (SOTA)] Epoch 95/110 | loss_total=3.2732 recon=0.0107 hsic=0.0203 pred=0.2860 distill=0.0000 aux=0.3050
[Full DLC (SOTA)] Epoch 100/110 | loss_total=3.2456 recon=0.0106 hsic=0.0204 pred=0.2842 distill=0.0000 aux=0.3030
[Full DLC (SOTA)] Epoch 105/110 | loss_total=3.2479 recon=0.0105 hsic=0.0204 pred=0.2841 distill=0.0000 aux=0.3022
[Full DLC (SOTA)] Epoch 110/110 | loss_total=3.2356 recon=0.0104 hsic=0.0202 pred=0.2825 distill=0.0000 aux=0.3020

[Seed 45] Loading data...
Training Full DLC (SOTA) from scratch (Seed 45)
[Full DLC (SOTA)] Epoch 5/110 | loss_total=4.1022 recon=0.0645 hsic=0.0211 pred=0.3504 distill=0.0000 aux=0.3622
[Full DLC (SOTA)] Epoch 10/110 | loss_total=3.9470 recon=0.0255 hsic=0.0211 pred=0.3437 distill=0.0000 aux=0.3521
[Full DLC (SOTA)] Epoch 15/110 | loss_total=3.9051 recon=0.0195 hsic=0.0211 pred=0.3429 distill=0.0000 aux=0.3471
[Full DLC (SOTA)] Epoch 20/110 | loss_total=3.8185 recon=0.0181 hsic=0.0213 pred=0.3354 distill=0.0000 aux=0.3411
[Full DLC (SOTA)] Epoch 25/110 | loss_total=3.7446 recon=0.0157 hsic=0.0214 pred=0.3297 distill=0.0000 aux=0.3343
[Full DLC (SOTA)] Epoch 30/110 | loss_total=3.6860 recon=0.0154 hsic=0.0212 pred=0.3234 distill=0.0000 aux=0.3332
[Full DLC (SOTA)] Epoch 35/110 | loss_total=3.6796 recon=0.0152 hsic=0.0210 pred=0.3219 distill=0.0000 aux=0.3333
[Full DLC (SOTA)] Epoch 40/110 | loss_total=3.5896 recon=0.0148 hsic=0.0208 pred=0.3146 distill=0.0000 aux=0.3273
[Full DLC (SOTA)] Epoch 45/110 | loss_total=3.5162 recon=0.0134 hsic=0.0208 pred=0.3074 distill=0.0000 aux=0.3234
[Full DLC (SOTA)] Epoch 50/110 | loss_total=3.4971 recon=0.0132 hsic=0.0208 pred=0.3060 distill=0.0000 aux=0.3225
[Full DLC (SOTA)] Epoch 55/110 | loss_total=3.4692 recon=0.0129 hsic=0.0209 pred=0.3034 distill=0.0000 aux=0.3209
[Full DLC (SOTA)] Epoch 60/110 | loss_total=3.4324 recon=0.0127 hsic=0.0204 pred=0.2999 distill=0.0000 aux=0.3188
[Full DLC (SOTA)] Epoch 65/110 | loss_total=3.3835 recon=0.0119 hsic=0.0208 pred=0.2956 distill=0.0000 aux=0.3148
[Full DLC (SOTA)] Epoch 70/110 | loss_total=3.3699 recon=0.0119 hsic=0.0206 pred=0.2940 distill=0.0000 aux=0.3168
[Full DLC (SOTA)] Epoch 75/110 | loss_total=3.3429 recon=0.0118 hsic=0.0206 pred=0.2916 distill=0.0000 aux=0.3151
[Full DLC (SOTA)] Epoch 80/110 | loss_total=3.3578 recon=0.0118 hsic=0.0206 pred=0.2929 distill=0.0000 aux=0.3163
[Full DLC (SOTA)] Epoch 85/110 | loss_total=3.3508 recon=0.0114 hsic=0.0205 pred=0.2922 distill=0.0000 aux=0.3138
[Full DLC (SOTA)] Epoch 90/110 | loss_total=3.2871 recon=0.0114 hsic=0.0205 pred=0.2866 distill=0.0000 aux=0.3099
[Full DLC (SOTA)] Epoch 95/110 | loss_total=3.2922 recon=0.0113 hsic=0.0206 pred=0.2866 distill=0.0000 aux=0.3120
[Full DLC (SOTA)] Epoch 100/110 | loss_total=3.3116 recon=0.0112 hsic=0.0205 pred=0.2887 distill=0.0000 aux=0.3113
[Full DLC (SOTA)] Epoch 105/110 | loss_total=3.2803 recon=0.0111 hsic=0.0205 pred=0.2862 distill=0.0000 aux=0.3110
[Full DLC (SOTA)] Epoch 110/110 | loss_total=3.2740 recon=0.0110 hsic=0.0204 pred=0.2854 distill=0.0000 aux=0.3093

[Seed 46] Loading data...
Training Full DLC (SOTA) from scratch (Seed 46)
[Full DLC (SOTA)] Epoch 5/110 | loss_total=4.1009 recon=0.0659 hsic=0.0208 pred=0.3497 distill=0.0000 aux=0.3640
[Full DLC (SOTA)] Epoch 10/110 | loss_total=3.9541 recon=0.0255 hsic=0.0208 pred=0.3457 distill=0.0000 aux=0.3529
[Full DLC (SOTA)] Epoch 15/110 | loss_total=3.8923 recon=0.0190 hsic=0.0208 pred=0.3423 distill=0.0000 aux=0.3464
[Full DLC (SOTA)] Epoch 20/110 | loss_total=3.8563 recon=0.0177 hsic=0.0206 pred=0.3391 distill=0.0000 aux=0.3434
[Full DLC (SOTA)] Epoch 25/110 | loss_total=3.7706 recon=0.0152 hsic=0.0208 pred=0.3322 distill=0.0000 aux=0.3369
[Full DLC (SOTA)] Epoch 30/110 | loss_total=3.7319 recon=0.0150 hsic=0.0206 pred=0.3286 distill=0.0000 aux=0.3345
[Full DLC (SOTA)] Epoch 35/110 | loss_total=3.6672 recon=0.0141 hsic=0.0205 pred=0.3224 distill=0.0000 aux=0.3323
[Full DLC (SOTA)] Epoch 40/110 | loss_total=3.6620 recon=0.0133 hsic=0.0205 pred=0.3220 distill=0.0000 aux=0.3301
[Full DLC (SOTA)] Epoch 45/110 | loss_total=3.6005 recon=0.0119 hsic=0.0204 pred=0.3170 distill=0.0000 aux=0.3261
[Full DLC (SOTA)] Epoch 50/110 | loss_total=3.5601 recon=0.0115 hsic=0.0203 pred=0.3128 distill=0.0000 aux=0.3255
[Full DLC (SOTA)] Epoch 55/110 | loss_total=3.5432 recon=0.0116 hsic=0.0204 pred=0.3115 distill=0.0000 aux=0.3215
[Full DLC (SOTA)] Epoch 60/110 | loss_total=3.5005 recon=0.0111 hsic=0.0204 pred=0.3077 distill=0.0000 aux=0.3197
[Full DLC (SOTA)] Epoch 65/110 | loss_total=3.4985 recon=0.0103 hsic=0.0203 pred=0.3077 distill=0.0000 aux=0.3201
[Full DLC (SOTA)] Epoch 70/110 | loss_total=3.4669 recon=0.0102 hsic=0.0204 pred=0.3046 distill=0.0000 aux=0.3177
[Full DLC (SOTA)] Epoch 75/110 | loss_total=3.4713 recon=0.0102 hsic=0.0204 pred=0.3045 distill=0.0000 aux=0.3196
[Full DLC (SOTA)] Epoch 80/110 | loss_total=3.4572 recon=0.0100 hsic=0.0205 pred=0.3036 distill=0.0000 aux=0.3163
[Full DLC (SOTA)] Epoch 85/110 | loss_total=3.4060 recon=0.0096 hsic=0.0204 pred=0.2993 distill=0.0000 aux=0.3111
[Full DLC (SOTA)] Epoch 90/110 | loss_total=3.4340 recon=0.0095 hsic=0.0203 pred=0.3015 distill=0.0000 aux=0.3161
[Full DLC (SOTA)] Epoch 95/110 | loss_total=3.4014 recon=0.0095 hsic=0.0204 pred=0.2987 distill=0.0000 aux=0.3128
[Full DLC (SOTA)] Epoch 100/110 | loss_total=3.3887 recon=0.0094 hsic=0.0203 pred=0.2972 distill=0.0000 aux=0.3137
[Full DLC (SOTA)] Epoch 105/110 | loss_total=3.3738 recon=0.0093 hsic=0.0203 pred=0.2963 distill=0.0000 aux=0.3098
[Full DLC (SOTA)] Epoch 110/110 | loss_total=3.3971 recon=0.0092 hsic=0.0204 pred=0.2982 distill=0.0000 aux=0.3129

[Done] Raw metrics: /home/UserData/ljx/Project_1/results/ablation_metrics_rigorous.json
[Done] Report: /home/UserData/ljx/Project_1/reports/task19.5_ablation_study_rigorous.md
 -> {'name': 'm2_acc_guard', 'cfg': {'name': 'm2_acc_guard', 'sota_lambda_pred': 10.0, 'sota_lambda_sens': 5.0, 'sota_lambda_cate': 10.0, 'ablation_lambda_pred': 0.12, 'ablation_lambda_cate': 8.0, 'ablation_lambda_ite': 12.0, 'ablation_lambda_hsic': 0.08, 'wogh_lambda_pred': 0.06, 'wogh_lambda_cate': 12.0, 'wogh_lambda_ite': 16.0, 'wogh_lambda_hsic': 0.1}, 'all_ok': False, 'score': 16, 'fails': [{'ablation': 'w/o HGNN', 'metric': 'Delta CATE', 'full': 0.14959400594234468, 'ablation_mean': 0.17127528488636018, 'margin': -0.021681278944015503}, {'ablation': 'w/o VAE', 'metric': 'F1', 'full': 0.6742831538635484, 'ablation_mean': 0.6751101708406528, 'margin': -0.0008270169771044111}], 'delta_ok': True, 'feasible': False, 'objective': 20.574703644233935, 'hgnn_delta_margin': -0.021681278944015503, 'full': {'AUC': '0.8033 ± 0.0245', 'Acc': '0.6621 ± 0.0355', 'F1': '0.6743 ± 0.0221', 'PEHE': '0.0445 ± 0.0052', 'Delta CATE': '0.1496 ± 0.0175', 'Sensitivity': '0.0049 ± 0.0029'}, 'fails_preview': [{'ablation': 'w/o HGNN', 'metric': 'Delta CATE', 'full': 0.14959400594234468, 'ablation_mean': 0.17127528488636018, 'margin': -0.021681278944015503}, {'ablation': 'w/o VAE', 'metric': 'F1', 'full': 0.6742831538635484, 'ablation_mean': 0.6751101708406528, 'margin': -0.0008270169771044111}]}
RUN m3_pehe_guard {'name': 'm3_pehe_guard', 'sota_lambda_pred': 9.2, 'sota_lambda_sens': 5.2, 'sota_lambda_cate': 12.0, 'ablation_lambda_pred': 0.08, 'ablation_lambda_cate': 6.0, 'ablation_lambda_ite': 9.0, 'ablation_lambda_hsic': 0.08, 'wogh_lambda_pred': 0.04, 'wogh_lambda_cate': 9.0, 'wogh_lambda_ite': 12.0, 'wogh_lambda_hsic': 0.1}
Script started...

[Seed 42] Loading data...
Training Full DLC (SOTA) from scratch (Seed 42)
[Full DLC (SOTA)] Epoch 5/110 | loss_total=3.7986 recon=0.0680 hsic=0.0214 pred=0.3477 distill=0.0000 aux=0.3592
[Full DLC (SOTA)] Epoch 10/110 | loss_total=3.6605 recon=0.0232 hsic=0.0213 pred=0.3438 distill=0.0000 aux=0.3541
[Full DLC (SOTA)] Epoch 15/110 | loss_total=3.6112 recon=0.0185 hsic=0.0213 pred=0.3411 distill=0.0000 aux=0.3474
[Full DLC (SOTA)] Epoch 20/110 | loss_total=3.5530 recon=0.0159 hsic=0.0213 pred=0.3347 distill=0.0000 aux=0.3413
[Full DLC (SOTA)] Epoch 25/110 | loss_total=3.4631 recon=0.0134 hsic=0.0210 pred=0.3275 distill=0.0000 aux=0.3346
[Full DLC (SOTA)] Epoch 30/110 | loss_total=3.4190 recon=0.0130 hsic=0.0210 pred=0.3237 distill=0.0000 aux=0.3290
[Full DLC (SOTA)] Epoch 35/110 | loss_total=3.3867 recon=0.0126 hsic=0.0210 pred=0.3202 distill=0.0000 aux=0.3255
[Full DLC (SOTA)] Epoch 40/110 | loss_total=3.3460 recon=0.0121 hsic=0.0208 pred=0.3156 distill=0.0000 aux=0.3261
[Full DLC (SOTA)] Epoch 45/110 | loss_total=3.2754 recon=0.0104 hsic=0.0206 pred=0.3096 distill=0.0000 aux=0.3185
[Full DLC (SOTA)] Epoch 50/110 | loss_total=3.2437 recon=0.0100 hsic=0.0206 pred=0.3061 distill=0.0000 aux=0.3178
[Full DLC (SOTA)] Epoch 55/110 | loss_total=3.1918 recon=0.0098 hsic=0.0206 pred=0.3012 distill=0.0000 aux=0.3139
[Full DLC (SOTA)] Epoch 60/110 | loss_total=3.1751 recon=0.0100 hsic=0.0205 pred=0.2992 distill=0.0000 aux=0.3143
[Full DLC (SOTA)] Epoch 65/110 | loss_total=3.1316 recon=0.0092 hsic=0.0205 pred=0.2953 distill=0.0000 aux=0.3111
[Full DLC (SOTA)] Epoch 70/110 | loss_total=3.1375 recon=0.0091 hsic=0.0203 pred=0.2955 distill=0.0000 aux=0.3122
[Full DLC (SOTA)] Epoch 75/110 | loss_total=3.0941 recon=0.0090 hsic=0.0203 pred=0.2917 distill=0.0000 aux=0.3064
[Full DLC (SOTA)] Epoch 80/110 | loss_total=3.0954 recon=0.0091 hsic=0.0202 pred=0.2907 distill=0.0000 aux=0.3101
[Full DLC (SOTA)] Epoch 85/110 | loss_total=3.0807 recon=0.0087 hsic=0.0201 pred=0.2904 distill=0.0000 aux=0.3076
[Full DLC (SOTA)] Epoch 90/110 | loss_total=3.0633 recon=0.0086 hsic=0.0203 pred=0.2881 distill=0.0000 aux=0.3078
[Full DLC (SOTA)] Epoch 95/110 | loss_total=3.0648 recon=0.0085 hsic=0.0203 pred=0.2885 distill=0.0000 aux=0.3066
[Full DLC (SOTA)] Epoch 100/110 | loss_total=3.0203 recon=0.0085 hsic=0.0203 pred=0.2842 distill=0.0000 aux=0.3041
[Full DLC (SOTA)] Epoch 105/110 | loss_total=3.0339 recon=0.0084 hsic=0.0203 pred=0.2853 distill=0.0000 aux=0.3074
[Full DLC (SOTA)] Epoch 110/110 | loss_total=3.0341 recon=0.0083 hsic=0.0203 pred=0.2852 distill=0.0000 aux=0.3060

[Seed 43] Loading data...
Training Full DLC (SOTA) from scratch (Seed 43)
[Full DLC (SOTA)] Epoch 5/110 | loss_total=3.7908 recon=0.0665 hsic=0.0217 pred=0.3462 distill=0.0000 aux=0.3608
[Full DLC (SOTA)] Epoch 10/110 | loss_total=3.6707 recon=0.0245 hsic=0.0219 pred=0.3444 distill=0.0000 aux=0.3538
[Full DLC (SOTA)] Epoch 15/110 | loss_total=3.5939 recon=0.0178 hsic=0.0221 pred=0.3401 distill=0.0000 aux=0.3500
[Full DLC (SOTA)] Epoch 20/110 | loss_total=3.5622 recon=0.0156 hsic=0.0227 pred=0.3368 distill=0.0000 aux=0.3441
[Full DLC (SOTA)] Epoch 25/110 | loss_total=3.5208 recon=0.0125 hsic=0.0224 pred=0.3340 distill=0.0000 aux=0.3386
[Full DLC (SOTA)] Epoch 30/110 | loss_total=3.4929 recon=0.0122 hsic=0.0222 pred=0.3313 distill=0.0000 aux=0.3369
[Full DLC (SOTA)] Epoch 35/110 | loss_total=3.4456 recon=0.0121 hsic=0.0221 pred=0.3266 distill=0.0000 aux=0.3329
[Full DLC (SOTA)] Epoch 40/110 | loss_total=3.4053 recon=0.0116 hsic=0.0220 pred=0.3223 distill=0.0000 aux=0.3295
[Full DLC (SOTA)] Epoch 45/110 | loss_total=3.3476 recon=0.0104 hsic=0.0217 pred=0.3166 distill=0.0000 aux=0.3269
[Full DLC (SOTA)] Epoch 50/110 | loss_total=3.3192 recon=0.0103 hsic=0.0216 pred=0.3137 distill=0.0000 aux=0.3245
[Full DLC (SOTA)] Epoch 55/110 | loss_total=3.2930 recon=0.0100 hsic=0.0216 pred=0.3115 distill=0.0000 aux=0.3231
[Full DLC (SOTA)] Epoch 60/110 | loss_total=3.2750 recon=0.0099 hsic=0.0214 pred=0.3095 distill=0.0000 aux=0.3222
[Full DLC (SOTA)] Epoch 65/110 | loss_total=3.2528 recon=0.0092 hsic=0.0213 pred=0.3075 distill=0.0000 aux=0.3199
[Full DLC (SOTA)] Epoch 70/110 | loss_total=3.2393 recon=0.0092 hsic=0.0214 pred=0.3060 distill=0.0000 aux=0.3187
[Full DLC (SOTA)] Epoch 75/110 | loss_total=3.2264 recon=0.0091 hsic=0.0212 pred=0.3048 distill=0.0000 aux=0.3172
[Full DLC (SOTA)] Epoch 80/110 | loss_total=3.2063 recon=0.0090 hsic=0.0212 pred=0.3029 distill=0.0000 aux=0.3136
[Full DLC (SOTA)] Epoch 85/110 | loss_total=3.1887 recon=0.0088 hsic=0.0213 pred=0.3012 distill=0.0000 aux=0.3135
[Full DLC (SOTA)] Epoch 90/110 | loss_total=3.1903 recon=0.0087 hsic=0.0212 pred=0.3014 distill=0.0000 aux=0.3121
[Full DLC (SOTA)] Epoch 95/110 | loss_total=3.1786 recon=0.0087 hsic=0.0211 pred=0.3001 distill=0.0000 aux=0.3115
[Full DLC (SOTA)] Epoch 100/110 | loss_total=3.1911 recon=0.0087 hsic=0.0213 pred=0.3018 distill=0.0000 aux=0.3115
[Full DLC (SOTA)] Epoch 105/110 | loss_total=3.1371 recon=0.0085 hsic=0.0212 pred=0.2968 distill=0.0000 aux=0.3049
[Full DLC (SOTA)] Epoch 110/110 | loss_total=3.1410 recon=0.0085 hsic=0.0209 pred=0.2971 distill=0.0000 aux=0.3072

[Seed 44] Loading data...
Training Full DLC (SOTA) from scratch (Seed 44)
[Full DLC (SOTA)] Epoch 5/110 | loss_total=3.7879 recon=0.0694 hsic=0.0208 pred=0.3474 distill=0.0000 aux=0.3567
[Full DLC (SOTA)] Epoch 10/110 | loss_total=3.6686 recon=0.0283 hsic=0.0211 pred=0.3444 distill=0.0000 aux=0.3527
[Full DLC (SOTA)] Epoch 15/110 | loss_total=3.6233 recon=0.0210 hsic=0.0206 pred=0.3418 distill=0.0000 aux=0.3479
[Full DLC (SOTA)] Epoch 20/110 | loss_total=3.5687 recon=0.0182 hsic=0.0209 pred=0.3375 distill=0.0000 aux=0.3423
[Full DLC (SOTA)] Epoch 25/110 | loss_total=3.4959 recon=0.0148 hsic=0.0210 pred=0.3316 distill=0.0000 aux=0.3349
[Full DLC (SOTA)] Epoch 30/110 | loss_total=3.4578 recon=0.0148 hsic=0.0211 pred=0.3273 distill=0.0000 aux=0.3334
[Full DLC (SOTA)] Epoch 35/110 | loss_total=3.3871 recon=0.0141 hsic=0.0211 pred=0.3208 distill=0.0000 aux=0.3279
[Full DLC (SOTA)] Epoch 40/110 | loss_total=3.3448 recon=0.0132 hsic=0.0208 pred=0.3163 distill=0.0000 aux=0.3251
[Full DLC (SOTA)] Epoch 45/110 | loss_total=3.2895 recon=0.0116 hsic=0.0211 pred=0.3113 distill=0.0000 aux=0.3201
[Full DLC (SOTA)] Epoch 50/110 | loss_total=3.2825 recon=0.0112 hsic=0.0211 pred=0.3098 distill=0.0000 aux=0.3221
[Full DLC (SOTA)] Epoch 55/110 | loss_total=3.2712 recon=0.0109 hsic=0.0211 pred=0.3096 distill=0.0000 aux=0.3204
[Full DLC (SOTA)] Epoch 60/110 | loss_total=3.2333 recon=0.0106 hsic=0.0209 pred=0.3053 distill=0.0000 aux=0.3181
[Full DLC (SOTA)] Epoch 65/110 | loss_total=3.1775 recon=0.0099 hsic=0.0210 pred=0.3003 distill=0.0000 aux=0.3154
[Full DLC (SOTA)] Epoch 70/110 | loss_total=3.1911 recon=0.0097 hsic=0.0211 pred=0.3017 distill=0.0000 aux=0.3153
[Full DLC (SOTA)] Epoch 75/110 | loss_total=3.1681 recon=0.0096 hsic=0.0209 pred=0.2994 distill=0.0000 aux=0.3107
[Full DLC (SOTA)] Epoch 80/110 | loss_total=3.1614 recon=0.0094 hsic=0.0210 pred=0.2987 distill=0.0000 aux=0.3130
[Full DLC (SOTA)] Epoch 85/110 | loss_total=3.1315 recon=0.0091 hsic=0.0210 pred=0.2961 distill=0.0000 aux=0.3103
[Full DLC (SOTA)] Epoch 90/110 | loss_total=3.1301 recon=0.0090 hsic=0.0209 pred=0.2960 distill=0.0000 aux=0.3093
[Full DLC (SOTA)] Epoch 95/110 | loss_total=3.1286 recon=0.0090 hsic=0.0210 pred=0.2955 distill=0.0000 aux=0.3087
[Full DLC (SOTA)] Epoch 100/110 | loss_total=3.1114 recon=0.0090 hsic=0.0211 pred=0.2943 distill=0.0000 aux=0.3066
[Full DLC (SOTA)] Epoch 105/110 | loss_total=3.1150 recon=0.0088 hsic=0.0211 pred=0.2944 distill=0.0000 aux=0.3066
[Full DLC (SOTA)] Epoch 110/110 | loss_total=3.1030 recon=0.0087 hsic=0.0209 pred=0.2928 distill=0.0000 aux=0.3057

[Seed 45] Loading data...
Training Full DLC (SOTA) from scratch (Seed 45)
[Full DLC (SOTA)] Epoch 5/110 | loss_total=3.8075 recon=0.0604 hsic=0.0211 pred=0.3499 distill=0.0000 aux=0.3613
[Full DLC (SOTA)] Epoch 10/110 | loss_total=3.6594 recon=0.0236 hsic=0.0211 pred=0.3435 distill=0.0000 aux=0.3516
[Full DLC (SOTA)] Epoch 15/110 | loss_total=3.6226 recon=0.0186 hsic=0.0212 pred=0.3427 distill=0.0000 aux=0.3467
[Full DLC (SOTA)] Epoch 20/110 | loss_total=3.5491 recon=0.0171 hsic=0.0213 pred=0.3352 distill=0.0000 aux=0.3411
[Full DLC (SOTA)] Epoch 25/110 | loss_total=3.4773 recon=0.0145 hsic=0.0212 pred=0.3289 distill=0.0000 aux=0.3357
[Full DLC (SOTA)] Epoch 30/110 | loss_total=3.4263 recon=0.0143 hsic=0.0209 pred=0.3229 distill=0.0000 aux=0.3344
[Full DLC (SOTA)] Epoch 35/110 | loss_total=3.4105 recon=0.0141 hsic=0.0205 pred=0.3204 distill=0.0000 aux=0.3341
[Full DLC (SOTA)] Epoch 40/110 | loss_total=3.3330 recon=0.0138 hsic=0.0203 pred=0.3141 distill=0.0000 aux=0.3280
[Full DLC (SOTA)] Epoch 45/110 | loss_total=3.2681 recon=0.0123 hsic=0.0203 pred=0.3074 distill=0.0000 aux=0.3236
[Full DLC (SOTA)] Epoch 50/110 | loss_total=3.2503 recon=0.0122 hsic=0.0202 pred=0.3057 distill=0.0000 aux=0.3237
[Full DLC (SOTA)] Epoch 55/110 | loss_total=3.2230 recon=0.0120 hsic=0.0203 pred=0.3033 distill=0.0000 aux=0.3219
[Full DLC (SOTA)] Epoch 60/110 | loss_total=3.1864 recon=0.0122 hsic=0.0198 pred=0.2990 distill=0.0000 aux=0.3202
[Full DLC (SOTA)] Epoch 65/110 | loss_total=3.1379 recon=0.0112 hsic=0.0202 pred=0.2944 distill=0.0000 aux=0.3163
[Full DLC (SOTA)] Epoch 70/110 | loss_total=3.1220 recon=0.0112 hsic=0.0199 pred=0.2928 distill=0.0000 aux=0.3191
[Full DLC (SOTA)] Epoch 75/110 | loss_total=3.1051 recon=0.0109 hsic=0.0200 pred=0.2908 distill=0.0000 aux=0.3164
[Full DLC (SOTA)] Epoch 80/110 | loss_total=3.1104 recon=0.0109 hsic=0.0200 pred=0.2919 distill=0.0000 aux=0.3161
[Full DLC (SOTA)] Epoch 85/110 | loss_total=3.1054 recon=0.0105 hsic=0.0199 pred=0.2911 distill=0.0000 aux=0.3163
[Full DLC (SOTA)] Epoch 90/110 | loss_total=3.0512 recon=0.0105 hsic=0.0200 pred=0.2858 distill=0.0000 aux=0.3124
[Full DLC (SOTA)] Epoch 95/110 | loss_total=3.0502 recon=0.0104 hsic=0.0200 pred=0.2856 distill=0.0000 aux=0.3136
[Full DLC (SOTA)] Epoch 100/110 | loss_total=3.0723 recon=0.0103 hsic=0.0199 pred=0.2877 distill=0.0000 aux=0.3147
[Full DLC (SOTA)] Epoch 105/110 | loss_total=3.0438 recon=0.0101 hsic=0.0199 pred=0.2856 distill=0.0000 aux=0.3136
[Full DLC (SOTA)] Epoch 110/110 | loss_total=3.0378 recon=0.0100 hsic=0.0198 pred=0.2846 distill=0.0000 aux=0.3121

[Seed 46] Loading data...
Training Full DLC (SOTA) from scratch (Seed 46)
[Full DLC (SOTA)] Epoch 5/110 | loss_total=3.8035 recon=0.0666 hsic=0.0208 pred=0.3498 distill=0.0000 aux=0.3639
[Full DLC (SOTA)] Epoch 10/110 | loss_total=3.6781 recon=0.0239 hsic=0.0212 pred=0.3460 distill=0.0000 aux=0.3530
[Full DLC (SOTA)] Epoch 15/110 | loss_total=3.6336 recon=0.0178 hsic=0.0209 pred=0.3434 distill=0.0000 aux=0.3472
[Full DLC (SOTA)] Epoch 20/110 | loss_total=3.6075 recon=0.0158 hsic=0.0205 pred=0.3416 distill=0.0000 aux=0.3464
[Full DLC (SOTA)] Epoch 25/110 | loss_total=3.5432 recon=0.0130 hsic=0.0207 pred=0.3361 distill=0.0000 aux=0.3408
[Full DLC (SOTA)] Epoch 30/110 | loss_total=3.5123 recon=0.0134 hsic=0.0207 pred=0.3331 distill=0.0000 aux=0.3379
[Full DLC (SOTA)] Epoch 35/110 | loss_total=3.4531 recon=0.0131 hsic=0.0207 pred=0.3268 distill=0.0000 aux=0.3350
[Full DLC (SOTA)] Epoch 40/110 | loss_total=3.4495 recon=0.0128 hsic=0.0205 pred=0.3260 distill=0.0000 aux=0.3350
[Full DLC (SOTA)] Epoch 45/110 | loss_total=3.4010 recon=0.0115 hsic=0.0204 pred=0.3219 distill=0.0000 aux=0.3326
[Full DLC (SOTA)] Epoch 50/110 | loss_total=3.3682 recon=0.0111 hsic=0.0202 pred=0.3184 distill=0.0000 aux=0.3313
[Full DLC (SOTA)] Epoch 55/110 | loss_total=3.3472 recon=0.0112 hsic=0.0202 pred=0.3166 distill=0.0000 aux=0.3272
[Full DLC (SOTA)] Epoch 60/110 | loss_total=3.3202 recon=0.0107 hsic=0.0201 pred=0.3137 distill=0.0000 aux=0.3268
[Full DLC (SOTA)] Epoch 65/110 | loss_total=3.3134 recon=0.0100 hsic=0.0199 pred=0.3136 distill=0.0000 aux=0.3266
[Full DLC (SOTA)] Epoch 70/110 | loss_total=3.2874 recon=0.0098 hsic=0.0200 pred=0.3109 distill=0.0000 aux=0.3240
[Full DLC (SOTA)] Epoch 75/110 | loss_total=3.2894 recon=0.0097 hsic=0.0200 pred=0.3108 distill=0.0000 aux=0.3257
[Full DLC (SOTA)] Epoch 80/110 | loss_total=3.2816 recon=0.0095 hsic=0.0200 pred=0.3102 distill=0.0000 aux=0.3229
[Full DLC (SOTA)] Epoch 85/110 | loss_total=3.2325 recon=0.0092 hsic=0.0199 pred=0.3058 distill=0.0000 aux=0.3171
[Full DLC (SOTA)] Epoch 90/110 | loss_total=3.2645 recon=0.0091 hsic=0.0198 pred=0.3086 distill=0.0000 aux=0.3228
[Full DLC (SOTA)] Epoch 95/110 | loss_total=3.2334 recon=0.0090 hsic=0.0199 pred=0.3056 distill=0.0000 aux=0.3207
[Full DLC (SOTA)] Epoch 100/110 | loss_total=3.2179 recon=0.0089 hsic=0.0198 pred=0.3039 distill=0.0000 aux=0.3200
[Full DLC (SOTA)] Epoch 105/110 | loss_total=3.2070 recon=0.0088 hsic=0.0198 pred=0.3033 distill=0.0000 aux=0.3161
[Full DLC (SOTA)] Epoch 110/110 | loss_total=3.2241 recon=0.0088 hsic=0.0198 pred=0.3048 distill=0.0000 aux=0.3200

[Done] Raw metrics: /home/UserData/ljx/Project_1/results/ablation_metrics_rigorous.json
[Done] Report: /home/UserData/ljx/Project_1/reports/task19.5_ablation_study_rigorous.md
 -> {'name': 'm3_pehe_guard', 'cfg': {'name': 'm3_pehe_guard', 'sota_lambda_pred': 9.2, 'sota_lambda_sens': 5.2, 'sota_lambda_cate': 12.0, 'ablation_lambda_pred': 0.08, 'ablation_lambda_cate': 6.0, 'ablation_lambda_ite': 9.0, 'ablation_lambda_hsic': 0.08, 'wogh_lambda_pred': 0.04, 'wogh_lambda_cate': 9.0, 'wogh_lambda_ite': 12.0, 'wogh_lambda_hsic': 0.1}, 'all_ok': False, 'score': 17, 'fails': [{'ablation': 'w/o HGNN', 'metric': 'Delta CATE', 'full': 0.15106960237026215, 'ablation_mean': 0.16574042439460754, 'margin': -0.014670822024345387}], 'delta_ok': True, 'feasible': True, 'objective': 1022.4132450489375, 'hgnn_delta_margin': -0.014670822024345387, 'full': {'AUC': '0.8123 ± 0.0276', 'Acc': '0.6854 ± 0.0340', 'F1': '0.6880 ± 0.0190', 'PEHE': '0.0408 ± 0.0029', 'Delta CATE': '0.1511 ± 0.0189', 'Sensitivity': '0.0038 ± 0.0017'}, 'fails_preview': [{'ablation': 'w/o HGNN', 'metric': 'Delta CATE', 'full': 0.15106960237026215, 'ablation_mean': 0.16574042439460754, 'margin': -0.014670822024345387}]}
NO_HIT
