Script started...

[Seed 42] Loading data...
Training Full DLC (SOTA) from scratch (Seed 42)
[Full DLC (SOTA)] Epoch 5/34 | loss_total=2.3383 recon=0.0569 hsic=0.0212 pred=0.3444 distill=0.0000
[Full DLC (SOTA)] Val@Ep8 | score=1003.4076 AUC=0.7960 Acc=0.8385 F1=0.5797 PEHE=0.0428 dCATE=0.0825 Sens=0.0092 thr=0.31 feasible=1
[Full DLC (SOTA)] Epoch 10/34 | loss_total=2.2458 recon=0.0208 hsic=0.0208 pred=0.3422 distill=0.0000
[Full DLC (SOTA)] Val@Ep12 | score=1003.4244 AUC=0.7960 Acc=0.8241 F1=0.5820 PEHE=0.0356 dCATE=0.1332 Sens=0.0149 thr=0.24 feasible=1
[Full DLC (SOTA)] Epoch 15/34 | loss_total=2.6493 recon=0.0152 hsic=0.0204 pred=0.3409 distill=0.0000
[Full DLC (SOTA)] Val@Ep16 | score=1003.4387 AUC=0.7976 Acc=0.8274 F1=0.5730 PEHE=0.0228 dCATE=0.1427 Sens=0.0148 thr=0.22 feasible=1
[Full DLC (SOTA)] Val@Ep20 | score=1003.4470 AUC=0.7928 Acc=0.8318 F1=0.5794 PEHE=0.0242 dCATE=0.1493 Sens=0.0174 thr=0.25 feasible=1
[Full DLC (SOTA)] Epoch 20/34 | loss_total=2.5795 recon=0.0150 hsic=0.0207 pred=0.3321 distill=0.0000
[Full DLC (SOTA)] Val@Ep24 | score=1003.4230 AUC=0.7926 Acc=0.8296 F1=0.5616 PEHE=0.0256 dCATE=0.1563 Sens=0.0208 thr=0.24 feasible=1
[Full DLC (SOTA)] Epoch 25/34 | loss_total=2.5170 recon=0.0133 hsic=0.0207 pred=0.3245 distill=0.0000
[Full DLC (SOTA)] Val@Ep28 | score=1003.4227 AUC=0.7959 Acc=0.8229 F1=0.5620 PEHE=0.0332 dCATE=0.1803 Sens=0.0299 thr=0.24 feasible=1
[Full DLC (SOTA)] Epoch 30/34 | loss_total=2.4706 recon=0.0128 hsic=0.0207 pred=0.3183 distill=0.0000
[Full DLC (SOTA)] Val@Ep32 | score=1003.4089 AUC=0.7942 Acc=0.8229 F1=0.5571 PEHE=0.0235 dCATE=0.1619 Sens=0.0301 thr=0.23 feasible=1
[Full DLC (SOTA)] Restored best checkpoint at epoch 20 (score=1003.4470, thr=0.25)
[w/o HGNN] Epoch 5/24 | loss_total=1.5824 recon=0.2293 hsic=0.0162 pred=0.3371 distill=0.0000
[w/o HGNN] Val@Ep8 | score=1003.3782 AUC=0.7828 Acc=0.8252 F1=0.5577 PEHE=0.0544 dCATE=0.1805 Sens=0.0357 thr=0.25 feasible=1
[w/o HGNN] Epoch 10/24 | loss_total=1.3762 recon=0.0670 hsic=0.0188 pred=0.3249 distill=0.0000
[w/o HGNN] Val@Ep12 | score=1003.4155 AUC=0.7856 Acc=0.8486 F1=0.5696 PEHE=0.0612 dCATE=0.1681 Sens=0.0429 thr=0.42 feasible=1
[w/o HGNN] Epoch 15/24 | loss_total=1.2879 recon=0.0401 hsic=0.0212 pred=0.3096 distill=0.0000
[w/o HGNN] Val@Ep16 | score=1003.3405 AUC=0.7683 Acc=0.8408 F1=0.5545 PEHE=0.0789 dCATE=0.1783 Sens=0.0541 thr=0.35 feasible=1
[w/o HGNN] Val@Ep20 | score=1003.2065 AUC=0.7599 Acc=0.8096 F1=0.5210 PEHE=0.0907 dCATE=0.1722 Sens=0.0768 thr=0.25 feasible=1
[w/o HGNN] Epoch 20/24 | loss_total=1.2209 recon=0.0316 hsic=0.0221 pred=0.2922 distill=0.0000
[w/o HGNN] Val@Ep24 | score=1003.2208 AUC=0.7407 Acc=0.8352 F1=0.5163 PEHE=0.1001 dCATE=0.2049 Sens=0.0823 thr=0.37 feasible=1
[w/o HGNN] Restored best checkpoint at epoch 12 (score=1003.4155, thr=0.42)
[w/o VAE] Epoch 5/24 | loss_total=1.4619 recon=0.0433 hsic=0.0239 pred=0.3481 distill=0.0000
[w/o VAE] Val@Ep8 | score=1003.4177 AUC=0.7966 Acc=0.8396 F1=0.5789 PEHE=0.0633 dCATE=0.1163 Sens=0.0078 thr=0.32 feasible=1
[w/o VAE] Epoch 10/24 | loss_total=1.4075 recon=0.0159 hsic=0.0231 pred=0.3446 distill=0.0000
[w/o VAE] Val@Ep12 | score=1003.4440 AUC=0.7963 Acc=0.8486 F1=0.5776 PEHE=0.0650 dCATE=0.1392 Sens=0.0087 thr=0.31 feasible=1
[w/o VAE] Epoch 15/24 | loss_total=1.3931 recon=0.0119 hsic=0.0221 pred=0.3431 distill=0.0000
[w/o VAE] Val@Ep16 | score=1003.4351 AUC=0.7969 Acc=0.8363 F1=0.5788 PEHE=0.0478 dCATE=0.1339 Sens=0.0111 thr=0.25 feasible=1
[w/o VAE] Val@Ep20 | score=1003.4451 AUC=0.7955 Acc=0.8396 F1=0.5765 PEHE=0.0448 dCATE=0.1502 Sens=0.0168 thr=0.32 feasible=1
[w/o VAE] Epoch 20/24 | loss_total=1.3556 recon=0.0106 hsic=0.0220 pred=0.3341 distill=0.0000
[w/o VAE] Val@Ep24 | score=1003.4386 AUC=0.7947 Acc=0.8352 F1=0.5723 PEHE=0.0504 dCATE=0.1649 Sens=0.0150 thr=0.28 feasible=1
[w/o VAE] Restored best checkpoint at epoch 20 (score=1003.4451, thr=0.32)
[w/o HSIC] Epoch 5/24 | loss_total=1.4734 recon=0.0573 hsic=0.0208 pred=0.3479 distill=0.0000
[w/o HSIC] Val@Ep8 | score=1003.4241 AUC=0.7974 Acc=0.8408 F1=0.5831 PEHE=0.0659 dCATE=0.1181 Sens=0.0090 thr=0.33 feasible=1
[w/o HSIC] Epoch 10/24 | loss_total=1.4099 recon=0.0174 hsic=0.0205 pred=0.3446 distill=0.0000
[w/o HSIC] Val@Ep12 | score=1003.4423 AUC=0.7956 Acc=0.8497 F1=0.5794 PEHE=0.0628 dCATE=0.1363 Sens=0.0145 thr=0.32 feasible=1
[w/o HSIC] Epoch 15/24 | loss_total=1.3943 recon=0.0115 hsic=0.0197 pred=0.3435 distill=0.0000
[w/o HSIC] Val@Ep16 | score=1003.4349 AUC=0.7956 Acc=0.8430 F1=0.5766 PEHE=0.0565 dCATE=0.1433 Sens=0.0192 thr=0.28 feasible=1
[w/o HSIC] Val@Ep20 | score=1003.4240 AUC=0.7957 Acc=0.8352 F1=0.5747 PEHE=0.0445 dCATE=0.1372 Sens=0.0215 thr=0.26 feasible=1
[w/o HSIC] Epoch 20/24 | loss_total=1.3667 recon=0.0102 hsic=0.0193 pred=0.3365 distill=0.0000
[w/o HSIC] Val@Ep24 | score=1003.4419 AUC=0.7951 Acc=0.8408 F1=0.5731 PEHE=0.0509 dCATE=0.1619 Sens=0.0221 thr=0.30 feasible=1
[w/o HSIC] Restored best checkpoint at epoch 12 (score=1003.4423, thr=0.32)

[Done] Raw metrics: /home/UserData/ljx/Project_1/results/ablation_metrics_rigorous.json
[Done] Report: /home/UserData/ljx/Project_1/reports/task19.5_ablation_study_rigorous.md
