Script started...

[Seed 42] Loading data...
Training Full DLC (SOTA) from scratch (Seed 42)
[Full DLC (SOTA)] Epoch 5/100 | loss_total=3.8580 recon=0.0505 hsic=0.0215 pred=0.3475 distill=0.0000 aux=0.3603
[Full DLC (SOTA)] Epoch 10/100 | loss_total=3.7513 recon=0.0212 hsic=0.0200 pred=0.3430 distill=0.0000 aux=0.3551
[Full DLC (SOTA)] Epoch 15/100 | loss_total=3.6959 recon=0.0181 hsic=0.0191 pred=0.3395 distill=0.0000 aux=0.3485
[Full DLC (SOTA)] Val@Ep20 | score=1002.1729 AUC=0.7973 Acc=0.8307 F1=0.5632 PEHE=0.0667 dCATE=0.1373 Sens=0.0018 thr=0.27 feasible=1
[Full DLC (SOTA)] Epoch 20/100 | loss_total=3.6084 recon=0.0169 hsic=0.0191 pred=0.3314 distill=0.0000 aux=0.3437
[Full DLC (SOTA)] Val@Ep25 | score=1002.1974 AUC=0.7970 Acc=0.8196 F1=0.5622 PEHE=0.0547 dCATE=0.1543 Sens=0.0018 thr=0.30 feasible=1
[Full DLC (SOTA)] Epoch 25/100 | loss_total=3.5319 recon=0.0148 hsic=0.0190 pred=0.3227 distill=0.0000 aux=0.3357
[Full DLC (SOTA)] Val@Ep30 | score=1002.1902 AUC=0.7866 Acc=0.8318 F1=0.5465 PEHE=0.0542 dCATE=0.1654 Sens=0.0015 thr=0.24 feasible=1
[Full DLC (SOTA)] Epoch 30/100 | loss_total=3.5275 recon=0.0150 hsic=0.0193 pred=0.3199 distill=0.0000 aux=0.3308
[Full DLC (SOTA)] Val@Ep35 | score=1002.2068 AUC=0.7907 Acc=0.8229 F1=0.5470 PEHE=0.0425 dCATE=0.1667 Sens=0.0012 thr=0.25 feasible=1
[Full DLC (SOTA)] Epoch 35/100 | loss_total=3.5217 recon=0.0146 hsic=0.0195 pred=0.3169 distill=0.0000 aux=0.3282
[Full DLC (SOTA)] Val@Ep40 | score=1002.1979 AUC=0.7846 Acc=0.8274 F1=0.5481 PEHE=0.0368 dCATE=0.1508 Sens=0.0017 thr=0.22 feasible=1
[Full DLC (SOTA)] Epoch 40/100 | loss_total=3.4832 recon=0.0136 hsic=0.0196 pred=0.3108 distill=0.0000 aux=0.3220
[Full DLC (SOTA)] Val@Ep45 | score=1002.1873 AUC=0.7828 Acc=0.8163 F1=0.5326 PEHE=0.0316 dCATE=0.1617 Sens=0.0015 thr=0.21 feasible=1
[Full DLC (SOTA)] Epoch 45/100 | loss_total=3.4324 recon=0.0118 hsic=0.0196 pred=0.3041 distill=0.0000 aux=0.3175
[Full DLC (SOTA)] Val@Ep50 | score=1002.1546 AUC=0.7731 Acc=0.8196 F1=0.5263 PEHE=0.0318 dCATE=0.1436 Sens=0.0014 thr=0.19 feasible=1
[Full DLC (SOTA)] Epoch 50/100 | loss_total=3.4228 recon=0.0113 hsic=0.0197 pred=0.3006 distill=0.0000 aux=0.3142
[Full DLC (SOTA)] Val@Ep55 | score=1002.1451 AUC=0.7754 Acc=0.8229 F1=0.5225 PEHE=0.0286 dCATE=0.1290 Sens=0.0015 thr=0.20 feasible=1
[Full DLC (SOTA)] Epoch 55/100 | loss_total=3.3740 recon=0.0110 hsic=0.0197 pred=0.2966 distill=0.0000 aux=0.3093
[Full DLC (SOTA)] Val@Ep60 | score=1002.1349 AUC=0.7679 Acc=0.8185 F1=0.5134 PEHE=0.0292 dCATE=0.1418 Sens=0.0015 thr=0.19 feasible=1
[Full DLC (SOTA)] Epoch 60/100 | loss_total=3.3503 recon=0.0108 hsic=0.0196 pred=0.2940 distill=0.0000 aux=0.3109
[Full DLC (SOTA)] Val@Ep65 | score=1002.1489 AUC=0.7701 Acc=0.8140 F1=0.5131 PEHE=0.0268 dCATE=0.1538 Sens=0.0015 thr=0.20 feasible=1
[Full DLC (SOTA)] Epoch 65/100 | loss_total=3.2979 recon=0.0101 hsic=0.0198 pred=0.2897 distill=0.0000 aux=0.3063
[Full DLC (SOTA)] Val@Ep70 | score=1002.1219 AUC=0.7659 Acc=0.8040 F1=0.5111 PEHE=0.0273 dCATE=0.1423 Sens=0.0015 thr=0.15 feasible=1
[Full DLC (SOTA)] Epoch 70/100 | loss_total=3.2981 recon=0.0100 hsic=0.0195 pred=0.2894 distill=0.0000 aux=0.3060
[Full DLC (SOTA)] Val@Ep75 | score=1002.1483 AUC=0.7634 Acc=0.8051 F1=0.5179 PEHE=0.0312 dCATE=0.1681 Sens=0.0016 thr=0.16 feasible=1
[Full DLC (SOTA)] Epoch 75/100 | loss_total=3.2620 recon=0.0099 hsic=0.0196 pred=0.2862 distill=0.0000 aux=0.3052
[Full DLC (SOTA)] Val@Ep80 | score=1002.1273 AUC=0.7590 Acc=0.8096 F1=0.5072 PEHE=0.0278 dCATE=0.1556 Sens=0.0016 thr=0.18 feasible=1
[Full DLC (SOTA)] Epoch 80/100 | loss_total=3.2546 recon=0.0098 hsic=0.0195 pred=0.2850 distill=0.0000 aux=0.3033
[Full DLC (SOTA)] Val@Ep85 | score=1002.1263 AUC=0.7587 Acc=0.8140 F1=0.5045 PEHE=0.0261 dCATE=0.1522 Sens=0.0016 thr=0.19 feasible=1
[Full DLC (SOTA)] Epoch 85/100 | loss_total=3.2414 recon=0.0095 hsic=0.0194 pred=0.2846 distill=0.0000 aux=0.3022
[Full DLC (SOTA)] Val@Ep90 | score=1002.1296 AUC=0.7616 Acc=0.8018 F1=0.5083 PEHE=0.0270 dCATE=0.1590 Sens=0.0016 thr=0.16 feasible=1
[Full DLC (SOTA)] Epoch 90/100 | loss_total=3.2298 recon=0.0094 hsic=0.0196 pred=0.2833 distill=0.0000 aux=0.3018
[Full DLC (SOTA)] Val@Ep95 | score=1002.1338 AUC=0.7577 Acc=0.8018 F1=0.5110 PEHE=0.0296 dCATE=0.1678 Sens=0.0017 thr=0.16 feasible=1
[Full DLC (SOTA)] Epoch 95/100 | loss_total=3.2253 recon=0.0093 hsic=0.0196 pred=0.2829 distill=0.0000 aux=0.3025
[Full DLC (SOTA)] Val@Ep100 | score=1002.1281 AUC=0.7576 Acc=0.8118 F1=0.5073 PEHE=0.0262 dCATE=0.1535 Sens=0.0016 thr=0.18 feasible=1
[Full DLC (SOTA)] Epoch 100/100 | loss_total=3.1778 recon=0.0093 hsic=0.0196 pred=0.2785 distill=0.0000 aux=0.2976
[Full DLC (SOTA)] Restored best checkpoint at epoch 35 (score=1002.2068, thr=0.25, alpha=0.01)
[w/o HGNN] Epoch 5/80 | loss_total=1.6109 recon=0.2515 hsic=0.0170 pred=0.3378 distill=0.0000 aux=0.0000
[w/o HGNN] Epoch 10/80 | loss_total=1.3937 recon=0.0734 hsic=0.0207 pred=0.3281 distill=0.0000 aux=0.0000
[w/o HGNN] Epoch 15/80 | loss_total=1.3109 recon=0.0398 hsic=0.0226 pred=0.3155 distill=0.0000 aux=0.0000
[w/o HGNN] Val@Ep20 | score=1002.0192 AUC=0.7672 Acc=0.7829 F1=0.5255 PEHE=0.0700 dCATE=0.2045 Sens=0.0869 thr=0.22 feasible=1
[w/o HGNN] Epoch 20/80 | loss_total=1.2487 recon=0.0287 hsic=0.0233 pred=0.3025 distill=0.0000 aux=0.0000
[w/o HGNN] Val@Ep25 | score=1001.9875 AUC=0.7491 Acc=0.8296 F1=0.5143 PEHE=0.0717 dCATE=0.1825 Sens=0.0979 thr=0.31 feasible=1
[w/o HGNN] Epoch 25/80 | loss_total=1.1691 recon=0.0230 hsic=0.0233 pred=0.2822 distill=0.0000 aux=0.0000
[w/o HGNN] Val@Ep30 | score=1001.9207 AUC=0.7343 Acc=0.8207 F1=0.4889 PEHE=0.0768 dCATE=0.2039 Sens=0.1213 thr=0.36 feasible=1
[w/o HGNN] Epoch 30/80 | loss_total=1.1043 recon=0.0207 hsic=0.0234 pred=0.2669 distill=0.0000 aux=0.0000
[w/o HGNN] Val@Ep35 | score=1001.9052 AUC=0.7417 Acc=0.8263 F1=0.5063 PEHE=0.0812 dCATE=0.1688 Sens=0.1268 thr=0.43 feasible=1
[w/o HGNN] Epoch 35/80 | loss_total=1.0509 recon=0.0185 hsic=0.0235 pred=0.2545 distill=0.0000 aux=0.0000
[w/o HGNN] Val@Ep40 | score=1001.8020 AUC=0.6980 Acc=0.7840 F1=0.4840 PEHE=0.0789 dCATE=0.1839 Sens=0.1414 thr=0.22 feasible=1
[w/o HGNN] Epoch 40/80 | loss_total=0.9736 recon=0.0167 hsic=0.0236 pred=0.2352 distill=0.0000 aux=0.0000
[w/o HGNN] Val@Ep45 | score=1001.8445 AUC=0.6969 Acc=0.8241 F1=0.4870 PEHE=0.0785 dCATE=0.1887 Sens=0.1391 thr=0.34 feasible=1
[w/o HGNN] Epoch 45/80 | loss_total=0.9049 recon=0.0149 hsic=0.0235 pred=0.2184 distill=0.0000 aux=0.0000
[w/o HGNN] Val@Ep50 | score=1001.8201 AUC=0.6906 Acc=0.8285 F1=0.4967 PEHE=0.0839 dCATE=0.1932 Sens=0.1639 thr=0.46 feasible=1
[w/o HGNN] Epoch 50/80 | loss_total=0.8754 recon=0.0141 hsic=0.0235 pred=0.2120 distill=0.0000 aux=0.0000
[w/o HGNN] Val@Ep55 | score=1001.8070 AUC=0.6785 Acc=0.8207 F1=0.4889 PEHE=0.0755 dCATE=0.1795 Sens=0.1508 thr=0.35 feasible=1
[w/o HGNN] Epoch 55/80 | loss_total=0.8475 recon=0.0136 hsic=0.0234 pred=0.2048 distill=0.0000 aux=0.0000
[w/o HGNN] Val@Ep60 | score=1001.7584 AUC=0.6741 Acc=0.8140 F1=0.4665 PEHE=0.0835 dCATE=0.1976 Sens=0.1659 thr=0.42 feasible=1
[w/o HGNN] Epoch 60/80 | loss_total=0.8194 recon=0.0132 hsic=0.0235 pred=0.1984 distill=0.0000 aux=0.0000
[w/o HGNN] Val@Ep65 | score=1001.7700 AUC=0.6653 Acc=0.7940 F1=0.4789 PEHE=0.0797 dCATE=0.1966 Sens=0.1518 thr=0.24 feasible=1
[w/o HGNN] Epoch 65/80 | loss_total=0.7821 recon=0.0124 hsic=0.0238 pred=0.1894 distill=0.0000 aux=0.0000
[w/o HGNN] Val@Ep70 | score=1001.7438 AUC=0.6579 Acc=0.8163 F1=0.4660 PEHE=0.0838 dCATE=0.2026 Sens=0.1693 thr=0.45 feasible=1
[w/o HGNN] Epoch 70/80 | loss_total=0.7691 recon=0.0121 hsic=0.0235 pred=0.1861 distill=0.0000 aux=0.0000
[w/o HGNN] Val@Ep75 | score=1001.7862 AUC=0.6459 Acc=0.8218 F1=0.4631 PEHE=0.0784 dCATE=0.2065 Sens=0.1349 thr=0.37 feasible=1
[w/o HGNN] Epoch 75/80 | loss_total=0.7512 recon=0.0119 hsic=0.0236 pred=0.1818 distill=0.0000 aux=0.0000
[w/o HGNN] Val@Ep80 | score=1001.7033 AUC=0.6531 Acc=0.7918 F1=0.4516 PEHE=0.0854 dCATE=0.2091 Sens=0.1718 thr=0.32 feasible=1
[w/o HGNN] Epoch 80/80 | loss_total=0.7401 recon=0.0115 hsic=0.0235 pred=0.1797 distill=0.0000 aux=0.0000
[w/o HGNN] Restored best checkpoint at epoch 20 (score=1002.0192, thr=0.22, alpha=0.35)
[w/o VAE] Epoch 5/80 | loss_total=1.4619 recon=0.0433 hsic=0.0239 pred=0.3481 distill=0.0000 aux=0.0000
[w/o VAE] Epoch 10/80 | loss_total=1.4098 recon=0.0159 hsic=0.0231 pred=0.3450 distill=0.0000 aux=0.0000
[w/o VAE] Epoch 15/80 | loss_total=1.3938 recon=0.0119 hsic=0.0221 pred=0.3432 distill=0.0000 aux=0.0000
[w/o VAE] Val@Ep20 | score=1002.2198 AUC=0.7957 Acc=0.8374 F1=0.5756 PEHE=0.0454 dCATE=0.1521 Sens=0.0170 thr=0.30 feasible=1
[w/o VAE] Epoch 20/80 | loss_total=1.3563 recon=0.0105 hsic=0.0220 pred=0.3342 distill=0.0000 aux=0.0000
[w/o VAE] Val@Ep25 | score=1002.1935 AUC=0.7945 Acc=0.8129 F1=0.5648 PEHE=0.0460 dCATE=0.1581 Sens=0.0151 thr=0.20 feasible=1
[w/o VAE] Epoch 25/80 | loss_total=1.3315 recon=0.0079 hsic=0.0214 pred=0.3287 distill=0.0000 aux=0.0000
[w/o VAE] Val@Ep30 | score=1002.1932 AUC=0.7966 Acc=0.8307 F1=0.5682 PEHE=0.0750 dCATE=0.1902 Sens=0.0228 thr=0.25 feasible=1
[w/o VAE] Epoch 30/80 | loss_total=1.3052 recon=0.0078 hsic=0.0215 pred=0.3221 distill=0.0000 aux=0.0000
[w/o VAE] Val@Ep35 | score=1002.1760 AUC=0.7906 Acc=0.8252 F1=0.5527 PEHE=0.0519 dCATE=0.1746 Sens=0.0290 thr=0.25 feasible=1
[w/o VAE] Epoch 35/80 | loss_total=1.2805 recon=0.0077 hsic=0.0211 pred=0.3165 distill=0.0000 aux=0.0000
[w/o VAE] Val@Ep40 | score=1002.1238 AUC=0.7879 Acc=0.8018 F1=0.5389 PEHE=0.0349 dCATE=0.1388 Sens=0.0322 thr=0.16 feasible=1
[w/o VAE] Epoch 40/80 | loss_total=1.2581 recon=0.0076 hsic=0.0209 pred=0.3109 distill=0.0000 aux=0.0000
[w/o VAE] Val@Ep45 | score=1002.1324 AUC=0.7923 Acc=0.7996 F1=0.5500 PEHE=0.0549 dCATE=0.1622 Sens=0.0328 thr=0.13 feasible=1
[w/o VAE] Epoch 45/80 | loss_total=1.2367 recon=0.0065 hsic=0.0208 pred=0.3058 distill=0.0000 aux=0.0000
[w/o VAE] Val@Ep50 | score=1002.1071 AUC=0.7863 Acc=0.8163 F1=0.5404 PEHE=0.0501 dCATE=0.1309 Sens=0.0303 thr=0.14 feasible=1
[w/o VAE] Epoch 50/80 | loss_total=1.2198 recon=0.0066 hsic=0.0208 pred=0.3020 distill=0.0000 aux=0.0000
[w/o VAE] Val@Ep55 | score=1002.1002 AUC=0.7836 Acc=0.8185 F1=0.5303 PEHE=0.0462 dCATE=0.1417 Sens=0.0391 thr=0.15 feasible=1
[w/o VAE] Epoch 55/80 | loss_total=1.2084 recon=0.0066 hsic=0.0206 pred=0.2986 distill=0.0000 aux=0.0000
[w/o VAE] Val@Ep60 | score=1002.1279 AUC=0.7836 Acc=0.8330 F1=0.5283 PEHE=0.0332 dCATE=0.1489 Sens=0.0460 thr=0.29 feasible=1
[w/o VAE] Epoch 60/80 | loss_total=1.2116 recon=0.0066 hsic=0.0207 pred=0.2989 distill=0.0000 aux=0.0000
[w/o VAE] Val@Ep65 | score=1002.1213 AUC=0.7823 Acc=0.8252 F1=0.5313 PEHE=0.0430 dCATE=0.1634 Sens=0.0480 thr=0.21 feasible=1
[w/o VAE] Epoch 65/80 | loss_total=1.1856 recon=0.0061 hsic=0.0204 pred=0.2935 distill=0.0000 aux=0.0000
[w/o VAE] Val@Ep70 | score=1002.1347 AUC=0.7777 Acc=0.8285 F1=0.5361 PEHE=0.0469 dCATE=0.1824 Sens=0.0510 thr=0.26 feasible=1
[w/o VAE] Epoch 70/80 | loss_total=1.1743 recon=0.0061 hsic=0.0205 pred=0.2905 distill=0.0000 aux=0.0000
[w/o VAE] Val@Ep75 | score=1002.1111 AUC=0.7797 Acc=0.8218 F1=0.5294 PEHE=0.0465 dCATE=0.1682 Sens=0.0499 thr=0.16 feasible=1
[w/o VAE] Epoch 75/80 | loss_total=1.1779 recon=0.0060 hsic=0.0205 pred=0.2913 distill=0.0000 aux=0.0000
[w/o VAE] Val@Ep80 | score=1002.1104 AUC=0.7728 Acc=0.8207 F1=0.5279 PEHE=0.0385 dCATE=0.1716 Sens=0.0552 thr=0.21 feasible=1
[w/o VAE] Epoch 80/80 | loss_total=1.1584 recon=0.0061 hsic=0.0204 pred=0.2865 distill=0.0000 aux=0.0000
[w/o VAE] Restored best checkpoint at epoch 20 (score=1002.2198, thr=0.30, alpha=0.35)
[w/o HSIC] Epoch 5/80 | loss_total=1.4734 recon=0.0573 hsic=0.0208 pred=0.3479 distill=0.0000 aux=0.0000
[w/o HSIC] Epoch 10/80 | loss_total=1.4100 recon=0.0173 hsic=0.0205 pred=0.3447 distill=0.0000 aux=0.0000
[w/o HSIC] Epoch 15/80 | loss_total=1.3959 recon=0.0116 hsic=0.0197 pred=0.3439 distill=0.0000 aux=0.0000
[w/o HSIC] Val@Ep20 | score=1002.1960 AUC=0.7957 Acc=0.8341 F1=0.5731 PEHE=0.0443 dCATE=0.1373 Sens=0.0214 thr=0.25 feasible=1
[w/o HSIC] Epoch 20/80 | loss_total=1.3678 recon=0.0103 hsic=0.0193 pred=0.3368 distill=0.0000 aux=0.0000
[w/o HSIC] Val@Ep25 | score=1002.1855 AUC=0.7951 Acc=0.8174 F1=0.5707 PEHE=0.0464 dCATE=0.1491 Sens=0.0231 thr=0.21 feasible=1
[w/o HSIC] Epoch 25/80 | loss_total=1.3474 recon=0.0086 hsic=0.0190 pred=0.3329 distill=0.0000 aux=0.0000
[w/o HSIC] Val@Ep30 | score=1002.2075 AUC=0.7946 Acc=0.8363 F1=0.5689 PEHE=0.0678 dCATE=0.1959 Sens=0.0276 thr=0.28 feasible=1
[w/o HSIC] Epoch 30/80 | loss_total=1.3251 recon=0.0085 hsic=0.0190 pred=0.3272 distill=0.0000 aux=0.0000
[w/o HSIC] Val@Ep35 | score=1002.2035 AUC=0.7927 Acc=0.8252 F1=0.5699 PEHE=0.0504 dCATE=0.1770 Sens=0.0289 thr=0.22 feasible=1
[w/o HSIC] Epoch 35/80 | loss_total=1.3059 recon=0.0085 hsic=0.0191 pred=0.3226 distill=0.0000 aux=0.0000
[w/o HSIC] Val@Ep40 | score=1002.1670 AUC=0.7897 Acc=0.8274 F1=0.5584 PEHE=0.0349 dCATE=0.1447 Sens=0.0393 thr=0.25 feasible=1
[w/o HSIC] Epoch 40/80 | loss_total=1.2810 recon=0.0083 hsic=0.0191 pred=0.3168 distill=0.0000 aux=0.0000
[w/o HSIC] Val@Ep45 | score=1002.1949 AUC=0.7932 Acc=0.8318 F1=0.5746 PEHE=0.0440 dCATE=0.1628 Sens=0.0418 thr=0.19 feasible=1
[w/o HSIC] Epoch 45/80 | loss_total=1.2613 recon=0.0072 hsic=0.0191 pred=0.3119 distill=0.0000 aux=0.0000
[w/o HSIC] Val@Ep50 | score=1002.1464 AUC=0.7886 Acc=0.8185 F1=0.5583 PEHE=0.0412 dCATE=0.1444 Sens=0.0412 thr=0.15 feasible=1
[w/o HSIC] Epoch 50/80 | loss_total=1.2474 recon=0.0072 hsic=0.0192 pred=0.3085 distill=0.0000 aux=0.0000
[w/o HSIC] Val@Ep55 | score=1002.1522 AUC=0.7881 Acc=0.8207 F1=0.5565 PEHE=0.0394 dCATE=0.1551 Sens=0.0470 thr=0.16 feasible=1
[w/o HSIC] Epoch 55/80 | loss_total=1.2373 recon=0.0071 hsic=0.0191 pred=0.3060 distill=0.0000 aux=0.0000
[w/o HSIC] Val@Ep60 | score=1002.1749 AUC=0.7883 Acc=0.8196 F1=0.5668 PEHE=0.0351 dCATE=0.1658 Sens=0.0520 thr=0.15 feasible=1
[w/o HSIC] Epoch 60/80 | loss_total=1.2365 recon=0.0070 hsic=0.0191 pred=0.3055 distill=0.0000 aux=0.0000
[w/o HSIC] Val@Ep65 | score=1002.1517 AUC=0.7880 Acc=0.8140 F1=0.5570 PEHE=0.0378 dCATE=0.1720 Sens=0.0594 thr=0.15 feasible=1
[w/o HSIC] Epoch 65/80 | loss_total=1.2140 recon=0.0066 hsic=0.0190 pred=0.3004 distill=0.0000 aux=0.0000
[w/o HSIC] Val@Ep70 | score=1002.1556 AUC=0.7874 Acc=0.8163 F1=0.5504 PEHE=0.0401 dCATE=0.1911 Sens=0.0635 thr=0.18 feasible=1
[w/o HSIC] Epoch 70/80 | loss_total=1.2033 recon=0.0066 hsic=0.0191 pred=0.2976 distill=0.0000 aux=0.0000
[w/o HSIC] Val@Ep75 | score=1002.1276 AUC=0.7892 Acc=0.8118 F1=0.5445 PEHE=0.0361 dCATE=0.1624 Sens=0.0606 thr=0.14 feasible=1
[w/o HSIC] Epoch 75/80 | loss_total=1.2036 recon=0.0065 hsic=0.0192 pred=0.2978 distill=0.0000 aux=0.0000
[w/o HSIC] Val@Ep80 | score=1002.1322 AUC=0.7864 Acc=0.8062 F1=0.5469 PEHE=0.0327 dCATE=0.1730 Sens=0.0661 thr=0.14 feasible=1
[w/o HSIC] Epoch 80/80 | loss_total=1.1873 recon=0.0065 hsic=0.0191 pred=0.2935 distill=0.0000 aux=0.0000
[w/o HSIC] Restored best checkpoint at epoch 30 (score=1002.2075, thr=0.28, alpha=0.35)

[Seed 43] Loading data...
Training Full DLC (SOTA) from scratch (Seed 43)
[Full DLC (SOTA)] Epoch 5/100 | loss_total=3.8523 recon=0.0559 hsic=0.0216 pred=0.3461 distill=0.0000 aux=0.3609
[Full DLC (SOTA)] Epoch 10/100 | loss_total=3.7589 recon=0.0193 hsic=0.0207 pred=0.3441 distill=0.0000 aux=0.3566
[Full DLC (SOTA)] Epoch 15/100 | loss_total=3.6881 recon=0.0155 hsic=0.0196 pred=0.3390 distill=0.0000 aux=0.3542
[Full DLC (SOTA)] Val@Ep20 | score=1002.2469 AUC=0.8095 Acc=0.8318 F1=0.5908 PEHE=0.0683 dCATE=0.1672 Sens=0.0015 thr=0.25 feasible=1
[Full DLC (SOTA)] Epoch 20/100 | loss_total=3.6240 recon=0.0147 hsic=0.0197 pred=0.3331 distill=0.0000 aux=0.3464
[Full DLC (SOTA)] Val@Ep25 | score=1002.2723 AUC=0.8093 Acc=0.8263 F1=0.5895 PEHE=0.0533 dCATE=0.1765 Sens=0.0016 thr=0.22 feasible=1
[Full DLC (SOTA)] Epoch 25/100 | loss_total=3.5985 recon=0.0123 hsic=0.0199 pred=0.3294 distill=0.0000 aux=0.3388
[Full DLC (SOTA)] Val@Ep30 | score=1002.2638 AUC=0.8084 Acc=0.8252 F1=0.5858 PEHE=0.0603 dCATE=0.1849 Sens=0.0016 thr=0.18 feasible=1
[Full DLC (SOTA)] Epoch 30/100 | loss_total=3.6026 recon=0.0124 hsic=0.0203 pred=0.3272 distill=0.0000 aux=0.3369
[Full DLC (SOTA)] Val@Ep35 | score=1002.2407 AUC=0.8047 Acc=0.8118 F1=0.5587 PEHE=0.0343 dCATE=0.1700 Sens=0.0020 thr=0.21 feasible=1
[Full DLC (SOTA)] Epoch 35/100 | loss_total=3.5677 recon=0.0118 hsic=0.0207 pred=0.3216 distill=0.0000 aux=0.3308
[Full DLC (SOTA)] Val@Ep40 | score=1002.2392 AUC=0.7999 Acc=0.8207 F1=0.5613 PEHE=0.0426 dCATE=0.1756 Sens=0.0020 thr=0.20 feasible=1
[Full DLC (SOTA)] Epoch 40/100 | loss_total=3.5551 recon=0.0113 hsic=0.0206 pred=0.3175 distill=0.0000 aux=0.3279
[Full DLC (SOTA)] Val@Ep45 | score=1002.2277 AUC=0.7992 Acc=0.8140 F1=0.5547 PEHE=0.0242 dCATE=0.1504 Sens=0.0021 thr=0.16 feasible=1
[Full DLC (SOTA)] Epoch 45/100 | loss_total=3.5101 recon=0.0101 hsic=0.0204 pred=0.3110 distill=0.0000 aux=0.3233
[Full DLC (SOTA)] Val@Ep50 | score=1002.2831 AUC=0.7985 Acc=0.8497 F1=0.5574 PEHE=0.0262 dCATE=0.1782 Sens=0.0024 thr=0.34 feasible=1
[Full DLC (SOTA)] Epoch 50/100 | loss_total=3.5057 recon=0.0100 hsic=0.0204 pred=0.3080 distill=0.0000 aux=0.3205
[Full DLC (SOTA)] Val@Ep55 | score=1002.2521 AUC=0.7951 Acc=0.8118 F1=0.5493 PEHE=0.0299 dCATE=0.1962 Sens=0.0024 thr=0.19 feasible=1
[Full DLC (SOTA)] Epoch 55/100 | loss_total=3.4780 recon=0.0100 hsic=0.0203 pred=0.3054 distill=0.0000 aux=0.3194
[Full DLC (SOTA)] Val@Ep60 | score=1002.2800 AUC=0.7944 Acc=0.8408 F1=0.5517 PEHE=0.0336 dCATE=0.2044 Sens=0.0026 thr=0.33 feasible=1
[Full DLC (SOTA)] Epoch 60/100 | loss_total=3.4484 recon=0.0098 hsic=0.0202 pred=0.3030 distill=0.0000 aux=0.3159
[Full DLC (SOTA)] Val@Ep65 | score=1002.2315 AUC=0.7909 Acc=0.8107 F1=0.5455 PEHE=0.0316 dCATE=0.1879 Sens=0.0025 thr=0.17 feasible=1
[Full DLC (SOTA)] Epoch 65/100 | loss_total=3.4164 recon=0.0091 hsic=0.0202 pred=0.2998 distill=0.0000 aux=0.3158
[Full DLC (SOTA)] Val@Ep70 | score=1002.2350 AUC=0.7924 Acc=0.8363 F1=0.5392 PEHE=0.0276 dCATE=0.1711 Sens=0.0026 thr=0.26 feasible=1
[Full DLC (SOTA)] Epoch 70/100 | loss_total=3.4039 recon=0.0091 hsic=0.0203 pred=0.2985 distill=0.0000 aux=0.3150
[Full DLC (SOTA)] Val@Ep75 | score=1002.2242 AUC=0.7868 Acc=0.8140 F1=0.5399 PEHE=0.0308 dCATE=0.1877 Sens=0.0027 thr=0.19 feasible=1
[Full DLC (SOTA)] Epoch 75/100 | loss_total=3.3829 recon=0.0091 hsic=0.0202 pred=0.2970 distill=0.0000 aux=0.3106
[Full DLC (SOTA)] Val@Ep80 | score=1002.2117 AUC=0.7869 Acc=0.8341 F1=0.5300 PEHE=0.0305 dCATE=0.1707 Sens=0.0028 thr=0.29 feasible=1
[Full DLC (SOTA)] Epoch 80/100 | loss_total=3.3517 recon=0.0090 hsic=0.0202 pred=0.2940 distill=0.0000 aux=0.3095
[Full DLC (SOTA)] Val@Ep85 | score=1002.2081 AUC=0.7844 Acc=0.8107 F1=0.5355 PEHE=0.0285 dCATE=0.1787 Sens=0.0028 thr=0.17 feasible=1
[Full DLC (SOTA)] Epoch 85/100 | loss_total=3.3341 recon=0.0087 hsic=0.0203 pred=0.2925 distill=0.0000 aux=0.3072
[Full DLC (SOTA)] Val@Ep90 | score=1002.1855 AUC=0.7822 Acc=0.8107 F1=0.5304 PEHE=0.0278 dCATE=0.1633 Sens=0.0028 thr=0.16 feasible=1
[Full DLC (SOTA)] Epoch 90/100 | loss_total=3.3306 recon=0.0087 hsic=0.0202 pred=0.2921 distill=0.0000 aux=0.3076
[Full DLC (SOTA)] Val@Ep95 | score=1002.1921 AUC=0.7812 Acc=0.8096 F1=0.5315 PEHE=0.0296 dCATE=0.1733 Sens=0.0028 thr=0.16 feasible=1
[Full DLC (SOTA)] Epoch 95/100 | loss_total=3.3136 recon=0.0086 hsic=0.0201 pred=0.2903 distill=0.0000 aux=0.3086
[Full DLC (SOTA)] Val@Ep100 | score=1002.1888 AUC=0.7800 Acc=0.8107 F1=0.5304 PEHE=0.0286 dCATE=0.1702 Sens=0.0028 thr=0.16 feasible=1
[Full DLC (SOTA)] Epoch 100/100 | loss_total=3.3340 recon=0.0086 hsic=0.0203 pred=0.2924 distill=0.0000 aux=0.3077
[Full DLC (SOTA)] Restored best checkpoint at epoch 50 (score=1002.2831, thr=0.34, alpha=0.01)
[w/o HGNN] Epoch 5/80 | loss_total=1.6099 recon=0.2528 hsic=0.0174 pred=0.3374 distill=0.0000 aux=0.0000
[w/o HGNN] Epoch 10/80 | loss_total=1.3975 recon=0.0656 hsic=0.0207 pred=0.3291 distill=0.0000 aux=0.0000
[w/o HGNN] Epoch 15/80 | loss_total=1.3224 recon=0.0360 hsic=0.0224 pred=0.3198 distill=0.0000 aux=0.0000
[w/o HGNN] Val@Ep20 | score=1002.1698 AUC=0.7942 Acc=0.8552 F1=0.5886 PEHE=0.0555 dCATE=0.1717 Sens=0.0861 thr=0.42 feasible=1
[w/o HGNN] Epoch 20/80 | loss_total=1.2651 recon=0.0279 hsic=0.0231 pred=0.3070 distill=0.0000 aux=0.0000
[w/o HGNN] Val@Ep25 | score=1002.0873 AUC=0.7778 Acc=0.8385 F1=0.5646 PEHE=0.0611 dCATE=0.1688 Sens=0.0966 thr=0.33 feasible=1
[w/o HGNN] Epoch 25/80 | loss_total=1.1847 recon=0.0212 hsic=0.0232 pred=0.2870 distill=0.0000 aux=0.0000
[w/o HGNN] Val@Ep30 | score=1001.9477 AUC=0.7442 Acc=0.7940 F1=0.5195 PEHE=0.0571 dCATE=0.1600 Sens=0.1079 thr=0.15 feasible=1
[w/o HGNN] Epoch 30/80 | loss_total=1.1272 recon=0.0198 hsic=0.0234 pred=0.2736 distill=0.0000 aux=0.0000
[w/o HGNN] Val@Ep35 | score=1001.9573 AUC=0.7525 Acc=0.8151 F1=0.5257 PEHE=0.0732 dCATE=0.1812 Sens=0.1247 thr=0.27 feasible=1
[w/o HGNN] Epoch 35/80 | loss_total=1.0747 recon=0.0178 hsic=0.0234 pred=0.2607 distill=0.0000 aux=0.0000
[w/o HGNN] Val@Ep40 | score=1001.9002 AUC=0.7347 Acc=0.8374 F1=0.5166 PEHE=0.0693 dCATE=0.1393 Sens=0.1331 thr=0.34 feasible=1
[w/o HGNN] Epoch 40/80 | loss_total=1.0062 recon=0.0170 hsic=0.0235 pred=0.2443 distill=0.0000 aux=0.0000
[w/o HGNN] Val@Ep45 | score=1001.8884 AUC=0.7163 Acc=0.8396 F1=0.5034 PEHE=0.0671 dCATE=0.1424 Sens=0.1214 thr=0.34 feasible=1
[w/o HGNN] Epoch 45/80 | loss_total=0.9310 recon=0.0152 hsic=0.0236 pred=0.2256 distill=0.0000 aux=0.0000
[w/o HGNN] Val@Ep50 | score=1001.8602 AUC=0.6987 Acc=0.8363 F1=0.5051 PEHE=0.0736 dCATE=0.1493 Sens=0.1270 thr=0.34 feasible=1
[w/o HGNN] Epoch 50/80 | loss_total=0.8974 recon=0.0148 hsic=0.0236 pred=0.2171 distill=0.0000 aux=0.0000
[w/o HGNN] Val@Ep55 | score=1001.8044 AUC=0.6774 Acc=0.8318 F1=0.4846 PEHE=0.0768 dCATE=0.1741 Sens=0.1491 thr=0.41 feasible=1
[w/o HGNN] Epoch 55/80 | loss_total=0.8737 recon=0.0144 hsic=0.0236 pred=0.2102 distill=0.0000 aux=0.0000
[w/o HGNN] Val@Ep60 | score=1001.8146 AUC=0.6963 Acc=0.8352 F1=0.5034 PEHE=0.0779 dCATE=0.1578 Sens=0.1623 thr=0.50 feasible=1
[w/o HGNN] Epoch 60/80 | loss_total=0.8292 recon=0.0138 hsic=0.0235 pred=0.2007 distill=0.0000 aux=0.0000
[w/o HGNN] Val@Ep65 | score=1001.8107 AUC=0.6827 Acc=0.8374 F1=0.5034 PEHE=0.0807 dCATE=0.1650 Sens=0.1583 thr=0.48 feasible=1
[w/o HGNN] Epoch 65/80 | loss_total=0.7901 recon=0.0130 hsic=0.0236 pred=0.1911 distill=0.0000 aux=0.0000
[w/o HGNN] Val@Ep70 | score=1001.7904 AUC=0.6678 Acc=0.8352 F1=0.4966 PEHE=0.0770 dCATE=0.1538 Sens=0.1499 thr=0.41 feasible=1
[w/o HGNN] Epoch 70/80 | loss_total=0.7748 recon=0.0128 hsic=0.0236 pred=0.1875 distill=0.0000 aux=0.0000
[w/o HGNN] Val@Ep75 | score=1001.7802 AUC=0.6643 Acc=0.8341 F1=0.5050 PEHE=0.0815 dCATE=0.1524 Sens=0.1562 thr=0.41 feasible=1
[w/o HGNN] Epoch 75/80 | loss_total=0.7600 recon=0.0125 hsic=0.0233 pred=0.1842 distill=0.0000 aux=0.0000
[w/o HGNN] Val@Ep80 | score=1001.7972 AUC=0.6721 Acc=0.8352 F1=0.5034 PEHE=0.0833 dCATE=0.1680 Sens=0.1584 thr=0.46 feasible=1
[w/o HGNN] Epoch 80/80 | loss_total=0.7463 recon=0.0123 hsic=0.0235 pred=0.1803 distill=0.0000 aux=0.0000
[w/o HGNN] Restored best checkpoint at epoch 20 (score=1002.1698, thr=0.42, alpha=0.35)
[w/o VAE] Epoch 5/80 | loss_total=1.4711 recon=0.0448 hsic=0.0233 pred=0.3490 distill=0.0000 aux=0.0000
[w/o VAE] Epoch 10/80 | loss_total=1.4159 recon=0.0134 hsic=0.0218 pred=0.3470 distill=0.0000 aux=0.0000
[w/o VAE] Epoch 15/80 | loss_total=1.3979 recon=0.0103 hsic=0.0211 pred=0.3448 distill=0.0000 aux=0.0000
[w/o VAE] Val@Ep20 | score=1002.2329 AUC=0.8087 Acc=0.8486 F1=0.5928 PEHE=0.0768 dCATE=0.1818 Sens=0.0272 thr=0.27 feasible=1
[w/o VAE] Epoch 20/80 | loss_total=1.3700 recon=0.0107 hsic=0.0209 pred=0.3376 distill=0.0000 aux=0.0000
[w/o VAE] Val@Ep25 | score=1002.2423 AUC=0.8118 Acc=0.8241 F1=0.5885 PEHE=0.0566 dCATE=0.1833 Sens=0.0278 thr=0.19 feasible=1
[w/o VAE] Epoch 25/80 | loss_total=1.3327 recon=0.0078 hsic=0.0209 pred=0.3296 distill=0.0000 aux=0.0000
[w/o VAE] Val@Ep30 | score=1002.2666 AUC=0.8105 Acc=0.8363 F1=0.5973 PEHE=0.0486 dCATE=0.1791 Sens=0.0299 thr=0.20 feasible=1
[w/o VAE] Epoch 30/80 | loss_total=1.3078 recon=0.0074 hsic=0.0205 pred=0.3236 distill=0.0000 aux=0.0000
[w/o VAE] Val@Ep35 | score=1002.2430 AUC=0.8088 Acc=0.8263 F1=0.5851 PEHE=0.0379 dCATE=0.1655 Sens=0.0313 thr=0.21 feasible=1
[w/o VAE] Epoch 35/80 | loss_total=1.2922 recon=0.0076 hsic=0.0204 pred=0.3192 distill=0.0000 aux=0.0000
[w/o VAE] Val@Ep40 | score=1002.2092 AUC=0.8094 Acc=0.8229 F1=0.5737 PEHE=0.0333 dCATE=0.1493 Sens=0.0386 thr=0.15 feasible=1
[w/o VAE] Epoch 40/80 | loss_total=1.2654 recon=0.0077 hsic=0.0202 pred=0.3126 distill=0.0000 aux=0.0000
[w/o VAE] Val@Ep45 | score=1002.2172 AUC=0.8037 Acc=0.8285 F1=0.5769 PEHE=0.0385 dCATE=0.1758 Sens=0.0496 thr=0.22 feasible=1
[w/o VAE] Epoch 45/80 | loss_total=1.2461 recon=0.0068 hsic=0.0202 pred=0.3079 distill=0.0000 aux=0.0000
[w/o VAE] Val@Ep50 | score=1002.2134 AUC=0.8045 Acc=0.8341 F1=0.5803 PEHE=0.0401 dCATE=0.1666 Sens=0.0510 thr=0.19 feasible=1
[w/o VAE] Epoch 50/80 | loss_total=1.2255 recon=0.0069 hsic=0.0202 pred=0.3030 distill=0.0000 aux=0.0000
[w/o VAE] Val@Ep55 | score=1002.2053 AUC=0.8019 Acc=0.8318 F1=0.5746 PEHE=0.0374 dCATE=0.1684 Sens=0.0533 thr=0.19 feasible=1
[w/o VAE] Epoch 55/80 | loss_total=1.2113 recon=0.0070 hsic=0.0201 pred=0.2989 distill=0.0000 aux=0.0000
[w/o VAE] Val@Ep60 | score=1002.1932 AUC=0.8008 Acc=0.8318 F1=0.5722 PEHE=0.0471 dCATE=0.1766 Sens=0.0548 thr=0.18 feasible=1
[w/o VAE] Epoch 60/80 | loss_total=1.2012 recon=0.0069 hsic=0.0200 pred=0.2963 distill=0.0000 aux=0.0000
[w/o VAE] Val@Ep65 | score=1002.1619 AUC=0.7976 Acc=0.8241 F1=0.5587 PEHE=0.0416 dCATE=0.1628 Sens=0.0548 thr=0.15 feasible=1
[w/o VAE] Epoch 65/80 | loss_total=1.1870 recon=0.0065 hsic=0.0201 pred=0.2933 distill=0.0000 aux=0.0000
[w/o VAE] Val@Ep70 | score=1002.1686 AUC=0.7954 Acc=0.8274 F1=0.5584 PEHE=0.0394 dCATE=0.1660 Sens=0.0548 thr=0.16 feasible=1
[w/o VAE] Epoch 70/80 | loss_total=1.1743 recon=0.0064 hsic=0.0200 pred=0.2905 distill=0.0000 aux=0.0000
[w/o VAE] Val@Ep75 | score=1002.1723 AUC=0.7962 Acc=0.8263 F1=0.5568 PEHE=0.0432 dCATE=0.1800 Sens=0.0569 thr=0.16 feasible=1
[w/o VAE] Epoch 75/80 | loss_total=1.1742 recon=0.0065 hsic=0.0201 pred=0.2901 distill=0.0000 aux=0.0000
[w/o VAE] Val@Ep80 | score=1002.1205 AUC=0.7902 Acc=0.8296 F1=0.5433 PEHE=0.0385 dCATE=0.1380 Sens=0.0548 thr=0.17 feasible=1
[w/o VAE] Epoch 80/80 | loss_total=1.1638 recon=0.0065 hsic=0.0200 pred=0.2875 distill=0.0000 aux=0.0000
[w/o VAE] Restored best checkpoint at epoch 30 (score=1002.2666, thr=0.20, alpha=0.35)
[w/o HSIC] Epoch 5/80 | loss_total=1.4663 recon=0.0466 hsic=0.0210 pred=0.3488 distill=0.0000 aux=0.0000
[w/o HSIC] Epoch 10/80 | loss_total=1.4172 recon=0.0171 hsic=0.0205 pred=0.3463 distill=0.0000 aux=0.0000
[w/o HSIC] Epoch 15/80 | loss_total=1.4050 recon=0.0122 hsic=0.0200 pred=0.3458 distill=0.0000 aux=0.0000
[w/o HSIC] Val@Ep20 | score=1002.2224 AUC=0.8077 Acc=0.8452 F1=0.5924 PEHE=0.0987 dCATE=0.2037 Sens=0.0233 thr=0.24 feasible=1
[w/o HSIC] Epoch 20/80 | loss_total=1.3777 recon=0.0113 hsic=0.0195 pred=0.3390 distill=0.0000 aux=0.0000
[w/o HSIC] Val@Ep25 | score=1002.2491 AUC=0.8104 Acc=0.8441 F1=0.5930 PEHE=0.0625 dCATE=0.1799 Sens=0.0286 thr=0.24 feasible=1
[w/o HSIC] Epoch 25/80 | loss_total=1.3498 recon=0.0086 hsic=0.0196 pred=0.3336 distill=0.0000 aux=0.0000
[w/o HSIC] Val@Ep30 | score=1002.2299 AUC=0.8075 Acc=0.8252 F1=0.5879 PEHE=0.0564 dCATE=0.1829 Sens=0.0345 thr=0.20 feasible=1
[w/o HSIC] Epoch 30/80 | loss_total=1.3270 recon=0.0083 hsic=0.0194 pred=0.3282 distill=0.0000 aux=0.0000
[w/o HSIC] Val@Ep35 | score=1002.2159 AUC=0.8072 Acc=0.8196 F1=0.5781 PEHE=0.0449 dCATE=0.1719 Sens=0.0377 thr=0.22 feasible=1
[w/o HSIC] Epoch 35/80 | loss_total=1.3158 recon=0.0083 hsic=0.0197 pred=0.3251 distill=0.0000 aux=0.0000
[w/o HSIC] Val@Ep40 | score=1002.2035 AUC=0.8056 Acc=0.8140 F1=0.5729 PEHE=0.0360 dCATE=0.1532 Sens=0.0332 thr=0.15 feasible=1
[w/o HSIC] Epoch 40/80 | loss_total=1.2916 recon=0.0079 hsic=0.0197 pred=0.3187 distill=0.0000 aux=0.0000
[w/o HSIC] Val@Ep45 | score=1002.1955 AUC=0.8028 Acc=0.8174 F1=0.5684 PEHE=0.0470 dCATE=0.1836 Sens=0.0470 thr=0.20 feasible=1
[w/o HSIC] Epoch 45/80 | loss_total=1.2753 recon=0.0070 hsic=0.0197 pred=0.3154 distill=0.0000 aux=0.0000
[w/o HSIC] Val@Ep50 | score=1002.1699 AUC=0.8007 Acc=0.8129 F1=0.5556 PEHE=0.0419 dCATE=0.1719 Sens=0.0474 thr=0.18 feasible=1
[w/o HSIC] Epoch 50/80 | loss_total=1.2573 recon=0.0069 hsic=0.0199 pred=0.3111 distill=0.0000 aux=0.0000
[w/o HSIC] Val@Ep55 | score=1002.1519 AUC=0.7985 Acc=0.8129 F1=0.5459 PEHE=0.0378 dCATE=0.1650 Sens=0.0503 thr=0.19 feasible=1
[w/o HSIC] Epoch 55/80 | loss_total=1.2484 recon=0.0067 hsic=0.0199 pred=0.3086 distill=0.0000 aux=0.0000
[w/o HSIC] Val@Ep60 | score=1002.1897 AUC=0.7970 Acc=0.8318 F1=0.5572 PEHE=0.0491 dCATE=0.1928 Sens=0.0504 thr=0.22 feasible=1
[w/o HSIC] Epoch 60/80 | loss_total=1.2377 recon=0.0067 hsic=0.0200 pred=0.3058 distill=0.0000 aux=0.0000
[w/o HSIC] Val@Ep65 | score=1002.1626 AUC=0.7943 Acc=0.8185 F1=0.5534 PEHE=0.0373 dCATE=0.1676 Sens=0.0520 thr=0.17 feasible=1
[w/o HSIC] Epoch 65/80 | loss_total=1.2270 recon=0.0062 hsic=0.0201 pred=0.3035 distill=0.0000 aux=0.0000
[w/o HSIC] Val@Ep70 | score=1002.1584 AUC=0.7941 Acc=0.8163 F1=0.5479 PEHE=0.0395 dCATE=0.1784 Sens=0.0545 thr=0.18 feasible=1
[w/o HSIC] Epoch 70/80 | loss_total=1.2192 recon=0.0062 hsic=0.0200 pred=0.3019 distill=0.0000 aux=0.0000
[w/o HSIC] Val@Ep75 | score=1002.1638 AUC=0.7903 Acc=0.8263 F1=0.5491 PEHE=0.0401 dCATE=0.1792 Sens=0.0546 thr=0.19 feasible=1
[w/o HSIC] Epoch 75/80 | loss_total=1.2188 recon=0.0062 hsic=0.0202 pred=0.3014 distill=0.0000 aux=0.0000
[w/o HSIC] Val@Ep80 | score=1002.1458 AUC=0.7884 Acc=0.8185 F1=0.5460 PEHE=0.0414 dCATE=0.1730 Sens=0.0529 thr=0.15 feasible=1
[w/o HSIC] Epoch 80/80 | loss_total=1.2045 recon=0.0061 hsic=0.0201 pred=0.2982 distill=0.0000 aux=0.0000
[w/o HSIC] Restored best checkpoint at epoch 25 (score=1002.2491, thr=0.24, alpha=0.35)

[Seed 44] Loading data...
Training Full DLC (SOTA) from scratch (Seed 44)
[Full DLC (SOTA)] Epoch 5/100 | loss_total=3.8563 recon=0.0603 hsic=0.0212 pred=0.3465 distill=0.0000 aux=0.3593
[Full DLC (SOTA)] Epoch 10/100 | loss_total=3.7532 recon=0.0253 hsic=0.0202 pred=0.3436 distill=0.0000 aux=0.3562
[Full DLC (SOTA)] Epoch 15/100 | loss_total=3.6876 recon=0.0199 hsic=0.0190 pred=0.3384 distill=0.0000 aux=0.3515
[Full DLC (SOTA)] Val@Ep20 | score=1002.1716 AUC=0.8089 Acc=0.8085 F1=0.5678 PEHE=0.0654 dCATE=0.1342 Sens=0.0014 thr=0.18 feasible=1
[Full DLC (SOTA)] Epoch 20/100 | loss_total=3.6131 recon=0.0182 hsic=0.0190 pred=0.3320 distill=0.0000 aux=0.3439
[Full DLC (SOTA)] Val@Ep25 | score=1002.2297 AUC=0.8083 Acc=0.8218 F1=0.5767 PEHE=0.0528 dCATE=0.1526 Sens=0.0011 thr=0.21 feasible=1
[Full DLC (SOTA)] Epoch 25/100 | loss_total=3.5452 recon=0.0155 hsic=0.0194 pred=0.3237 distill=0.0000 aux=0.3370
[Full DLC (SOTA)] Val@Ep30 | score=1002.2203 AUC=0.8076 Acc=0.8118 F1=0.5764 PEHE=0.0454 dCATE=0.1410 Sens=0.0011 thr=0.19 feasible=1
[Full DLC (SOTA)] Epoch 30/100 | loss_total=3.5216 recon=0.0150 hsic=0.0198 pred=0.3188 distill=0.0000 aux=0.3322
[Full DLC (SOTA)] Val@Ep35 | score=1002.2756 AUC=0.8079 Acc=0.8285 F1=0.5860 PEHE=0.0429 dCATE=0.1674 Sens=0.0013 thr=0.19 feasible=1
[Full DLC (SOTA)] Epoch 35/100 | loss_total=3.4757 recon=0.0139 hsic=0.0202 pred=0.3125 distill=0.0000 aux=0.3256
[Full DLC (SOTA)] Val@Ep40 | score=1002.2574 AUC=0.8059 Acc=0.8307 F1=0.5754 PEHE=0.0356 dCATE=0.1513 Sens=0.0013 thr=0.19 feasible=1
[Full DLC (SOTA)] Epoch 40/100 | loss_total=3.4601 recon=0.0131 hsic=0.0201 pred=0.3088 distill=0.0000 aux=0.3216
[Full DLC (SOTA)] Val@Ep45 | score=1002.2706 AUC=0.8048 Acc=0.8252 F1=0.5745 PEHE=0.0365 dCATE=0.1722 Sens=0.0011 thr=0.18 feasible=1
[Full DLC (SOTA)] Epoch 45/100 | loss_total=3.4021 recon=0.0117 hsic=0.0205 pred=0.3012 distill=0.0000 aux=0.3168
[Full DLC (SOTA)] Val@Ep50 | score=1002.2579 AUC=0.8035 Acc=0.8207 F1=0.5684 PEHE=0.0297 dCATE=0.1617 Sens=0.0011 thr=0.18 feasible=1
[Full DLC (SOTA)] Epoch 50/100 | loss_total=3.4017 recon=0.0116 hsic=0.0204 pred=0.2985 distill=0.0000 aux=0.3146
[Full DLC (SOTA)] Val@Ep55 | score=1002.2297 AUC=0.8014 Acc=0.8151 F1=0.5585 PEHE=0.0275 dCATE=0.1486 Sens=0.0011 thr=0.17 feasible=1
[Full DLC (SOTA)] Epoch 55/100 | loss_total=3.3843 recon=0.0111 hsic=0.0204 pred=0.2977 distill=0.0000 aux=0.3105
[Full DLC (SOTA)] Val@Ep60 | score=1002.2230 AUC=0.7991 Acc=0.8174 F1=0.5470 PEHE=0.0285 dCATE=0.1579 Sens=0.0012 thr=0.18 feasible=1
[Full DLC (SOTA)] Epoch 60/100 | loss_total=3.3327 recon=0.0110 hsic=0.0203 pred=0.2926 distill=0.0000 aux=0.3070
[Full DLC (SOTA)] Val@Ep65 | score=1002.1906 AUC=0.7970 Acc=0.8185 F1=0.5382 PEHE=0.0288 dCATE=0.1374 Sens=0.0011 thr=0.17 feasible=1
[Full DLC (SOTA)] Epoch 65/100 | loss_total=3.2755 recon=0.0103 hsic=0.0203 pred=0.2875 distill=0.0000 aux=0.3045
[Full DLC (SOTA)] Val@Ep70 | score=1002.2057 AUC=0.7975 Acc=0.8185 F1=0.5434 PEHE=0.0263 dCATE=0.1422 Sens=0.0011 thr=0.17 feasible=1
[Full DLC (SOTA)] Epoch 70/100 | loss_total=3.2748 recon=0.0102 hsic=0.0205 pred=0.2874 distill=0.0000 aux=0.3049
[Full DLC (SOTA)] Val@Ep75 | score=1002.1999 AUC=0.7954 Acc=0.8107 F1=0.5430 PEHE=0.0322 dCATE=0.1540 Sens=0.0012 thr=0.16 feasible=1
[Full DLC (SOTA)] Epoch 75/100 | loss_total=3.2434 recon=0.0102 hsic=0.0203 pred=0.2843 distill=0.0000 aux=0.3018
[Full DLC (SOTA)] Val@Ep80 | score=1002.1846 AUC=0.7888 Acc=0.8330 F1=0.5283 PEHE=0.0297 dCATE=0.1414 Sens=0.0012 thr=0.20 feasible=1
[Full DLC (SOTA)] Epoch 80/100 | loss_total=3.2369 recon=0.0099 hsic=0.0203 pred=0.2838 distill=0.0000 aux=0.3021
[Full DLC (SOTA)] Val@Ep85 | score=1002.1813 AUC=0.7889 Acc=0.8341 F1=0.5270 PEHE=0.0276 dCATE=0.1357 Sens=0.0012 thr=0.20 feasible=1
[Full DLC (SOTA)] Epoch 85/100 | loss_total=3.1904 recon=0.0097 hsic=0.0203 pred=0.2799 distill=0.0000 aux=0.2981
[Full DLC (SOTA)] Val@Ep90 | score=1002.2060 AUC=0.7912 Acc=0.8241 F1=0.5380 PEHE=0.0274 dCATE=0.1525 Sens=0.0012 thr=0.18 feasible=1
[Full DLC (SOTA)] Epoch 90/100 | loss_total=3.1869 recon=0.0096 hsic=0.0202 pred=0.2796 distill=0.0000 aux=0.2980
[Full DLC (SOTA)] Val@Ep95 | score=1002.2094 AUC=0.7909 Acc=0.8096 F1=0.5391 PEHE=0.0286 dCATE=0.1683 Sens=0.0012 thr=0.16 feasible=1
[Full DLC (SOTA)] Epoch 95/100 | loss_total=3.1829 recon=0.0096 hsic=0.0203 pred=0.2789 distill=0.0000 aux=0.2966
[Full DLC (SOTA)] Val@Ep100 | score=1002.1794 AUC=0.7864 Acc=0.8307 F1=0.5280 PEHE=0.0286 dCATE=0.1393 Sens=0.0012 thr=0.19 feasible=1
[Full DLC (SOTA)] Epoch 100/100 | loss_total=3.1650 recon=0.0095 hsic=0.0204 pred=0.2772 distill=0.0000 aux=0.2970
[Full DLC (SOTA)] Restored best checkpoint at epoch 35 (score=1002.2756, thr=0.19, alpha=0.01)
[w/o HGNN] Epoch 5/80 | loss_total=1.5936 recon=0.2465 hsic=0.0172 pred=0.3356 distill=0.0000 aux=0.0000
[w/o HGNN] Epoch 10/80 | loss_total=1.3753 recon=0.0652 hsic=0.0205 pred=0.3260 distill=0.0000 aux=0.0000
[w/o HGNN] Epoch 15/80 | loss_total=1.3035 recon=0.0390 hsic=0.0224 pred=0.3141 distill=0.0000 aux=0.0000
[w/o HGNN] Val@Ep20 | score=1002.0731 AUC=0.7767 Acc=0.8174 F1=0.5519 PEHE=0.0683 dCATE=0.1645 Sens=0.0682 thr=0.22 feasible=1
[w/o HGNN] Epoch 20/80 | loss_total=1.2405 recon=0.0283 hsic=0.0234 pred=0.3006 distill=0.0000 aux=0.0000
[w/o HGNN] Val@Ep25 | score=1001.9985 AUC=0.7544 Acc=0.8118 F1=0.5266 PEHE=0.0741 dCATE=0.1758 Sens=0.0849 thr=0.24 feasible=1
[w/o HGNN] Epoch 25/80 | loss_total=1.1559 recon=0.0230 hsic=0.0237 pred=0.2804 distill=0.0000 aux=0.0000
[w/o HGNN] Val@Ep30 | score=1001.9455 AUC=0.7285 Acc=0.8229 F1=0.5077 PEHE=0.0748 dCATE=0.1704 Sens=0.0907 thr=0.29 feasible=1
[w/o HGNN] Epoch 30/80 | loss_total=1.0991 recon=0.0209 hsic=0.0237 pred=0.2664 distill=0.0000 aux=0.0000
[w/o HGNN] Val@Ep35 | score=1001.9218 AUC=0.7278 Acc=0.8263 F1=0.5155 PEHE=0.0862 dCATE=0.1734 Sens=0.1082 thr=0.38 feasible=1
[w/o HGNN] Epoch 35/80 | loss_total=1.0276 recon=0.0187 hsic=0.0238 pred=0.2493 distill=0.0000 aux=0.0000
[w/o HGNN] Val@Ep40 | score=1001.8497 AUC=0.7101 Acc=0.7918 F1=0.5092 PEHE=0.0876 dCATE=0.1632 Sens=0.1138 thr=0.19 feasible=1
[w/o HGNN] Epoch 40/80 | loss_total=0.9851 recon=0.0178 hsic=0.0237 pred=0.2373 distill=0.0000 aux=0.0000
[w/o HGNN] Val@Ep45 | score=1001.8185 AUC=0.6856 Acc=0.8029 F1=0.4928 PEHE=0.0907 dCATE=0.1830 Sens=0.1231 thr=0.24 feasible=1
[w/o HGNN] Epoch 45/80 | loss_total=0.9062 recon=0.0159 hsic=0.0238 pred=0.2191 distill=0.0000 aux=0.0000
[w/o HGNN] Val@Ep50 | score=1001.8427 AUC=0.6954 Acc=0.8330 F1=0.5033 PEHE=0.0883 dCATE=0.1673 Sens=0.1316 thr=0.47 feasible=1
[w/o HGNN] Epoch 50/80 | loss_total=0.8611 recon=0.0155 hsic=0.0237 pred=0.2085 distill=0.0000 aux=0.0000
[w/o HGNN] Val@Ep55 | score=1001.7467 AUC=0.6423 Acc=0.8218 F1=0.4631 PEHE=0.0949 dCATE=0.1764 Sens=0.1191 thr=0.37 feasible=1
[w/o HGNN] Epoch 55/80 | loss_total=0.8749 recon=0.0149 hsic=0.0239 pred=0.2090 distill=0.0000 aux=0.0000
[w/o HGNN] Val@Ep60 | score=1001.6883 AUC=0.6392 Acc=0.8096 F1=0.4673 PEHE=0.0922 dCATE=0.1703 Sens=0.1594 thr=0.35 feasible=1
[w/o HGNN] Epoch 60/80 | loss_total=0.8035 recon=0.0141 hsic=0.0238 pred=0.1945 distill=0.0000 aux=0.0000
[w/o HGNN] Val@Ep65 | score=1001.7356 AUC=0.6505 Acc=0.8107 F1=0.4753 PEHE=0.0902 dCATE=0.1726 Sens=0.1427 thr=0.31 feasible=1
[w/o HGNN] Epoch 65/80 | loss_total=0.7695 recon=0.0132 hsic=0.0238 pred=0.1863 distill=0.0000 aux=0.0000
[w/o HGNN] Val@Ep70 | score=1001.7066 AUC=0.6394 Acc=0.8073 F1=0.4677 PEHE=0.0889 dCATE=0.1699 Sens=0.1470 thr=0.31 feasible=1
[w/o HGNN] Epoch 70/80 | loss_total=0.7538 recon=0.0130 hsic=0.0238 pred=0.1827 distill=0.0000 aux=0.0000
[w/o HGNN] Val@Ep75 | score=1001.7095 AUC=0.6372 Acc=0.8140 F1=0.4698 PEHE=0.0930 dCATE=0.1788 Sens=0.1518 thr=0.38 feasible=1
[w/o HGNN] Epoch 75/80 | loss_total=0.7343 recon=0.0128 hsic=0.0239 pred=0.1774 distill=0.0000 aux=0.0000
[w/o HGNN] Val@Ep80 | score=1001.7372 AUC=0.6361 Acc=0.8318 F1=0.4739 PEHE=0.0911 dCATE=0.1759 Sens=0.1436 thr=0.55 feasible=1
[w/o HGNN] Epoch 80/80 | loss_total=0.7205 recon=0.0126 hsic=0.0240 pred=0.1741 distill=0.0000 aux=0.0000
[w/o HGNN] Restored best checkpoint at epoch 20 (score=1002.0731, thr=0.22, alpha=0.35)
[w/o VAE] Epoch 5/80 | loss_total=1.4601 recon=0.0331 hsic=0.0236 pred=0.3500 distill=0.0000 aux=0.0000
[w/o VAE] Epoch 10/80 | loss_total=1.4172 recon=0.0145 hsic=0.0221 pred=0.3474 distill=0.0000 aux=0.0000
[w/o VAE] Epoch 15/80 | loss_total=1.3963 recon=0.0118 hsic=0.0210 pred=0.3427 distill=0.0000 aux=0.0000
[w/o VAE] Val@Ep20 | score=1002.1757 AUC=0.8095 Acc=0.8285 F1=0.5698 PEHE=0.0643 dCATE=0.1351 Sens=0.0159 thr=0.22 feasible=1
[w/o VAE] Epoch 20/80 | loss_total=1.3602 recon=0.0109 hsic=0.0200 pred=0.3347 distill=0.0000 aux=0.0000
[w/o VAE] Val@Ep25 | score=1002.1871 AUC=0.8066 Acc=0.8419 F1=0.5617 PEHE=0.0571 dCATE=0.1466 Sens=0.0232 thr=0.32 feasible=1
[w/o VAE] Epoch 25/80 | loss_total=1.3301 recon=0.0082 hsic=0.0202 pred=0.3283 distill=0.0000 aux=0.0000
[w/o VAE] Val@Ep30 | score=1002.1804 AUC=0.8058 Acc=0.8174 F1=0.5638 PEHE=0.0592 dCATE=0.1650 Sens=0.0267 thr=0.19 feasible=1
[w/o VAE] Epoch 30/80 | loss_total=1.3140 recon=0.0079 hsic=0.0201 pred=0.3245 distill=0.0000 aux=0.0000
[w/o VAE] Val@Ep35 | score=1002.1696 AUC=0.8054 Acc=0.8185 F1=0.5653 PEHE=0.0537 dCATE=0.1546 Sens=0.0359 thr=0.19 feasible=1
[w/o VAE] Epoch 35/80 | loss_total=1.2969 recon=0.0080 hsic=0.0203 pred=0.3204 distill=0.0000 aux=0.0000
[w/o VAE] Val@Ep40 | score=1002.1844 AUC=0.8038 Acc=0.8419 F1=0.5671 PEHE=0.0432 dCATE=0.1310 Sens=0.0330 thr=0.21 feasible=1
[w/o VAE] Epoch 40/80 | loss_total=1.2739 recon=0.0075 hsic=0.0201 pred=0.3148 distill=0.0000 aux=0.0000
[w/o VAE] Val@Ep45 | score=1002.1486 AUC=0.8043 Acc=0.8140 F1=0.5594 PEHE=0.0509 dCATE=0.1428 Sens=0.0372 thr=0.14 feasible=1
[w/o VAE] Epoch 45/80 | loss_total=1.2486 recon=0.0068 hsic=0.0201 pred=0.3088 distill=0.0000 aux=0.0000
[w/o VAE] Val@Ep50 | score=1002.1650 AUC=0.8029 Acc=0.8341 F1=0.5579 PEHE=0.0508 dCATE=0.1545 Sens=0.0440 thr=0.20 feasible=1
[w/o VAE] Epoch 50/80 | loss_total=1.2346 recon=0.0068 hsic=0.0202 pred=0.3053 distill=0.0000 aux=0.0000
[w/o VAE] Val@Ep55 | score=1002.1508 AUC=0.8012 Acc=0.8330 F1=0.5588 PEHE=0.0612 dCATE=0.1594 Sens=0.0458 thr=0.18 feasible=1
[w/o VAE] Epoch 55/80 | loss_total=1.2265 recon=0.0069 hsic=0.0205 pred=0.3033 distill=0.0000 aux=0.0000
[w/o VAE] Val@Ep60 | score=1002.1353 AUC=0.7990 Acc=0.8207 F1=0.5515 PEHE=0.0575 dCATE=0.1658 Sens=0.0513 thr=0.15 feasible=1
[w/o VAE] Epoch 60/80 | loss_total=1.2117 recon=0.0068 hsic=0.0205 pred=0.2996 distill=0.0000 aux=0.0000
[w/o VAE] Val@Ep65 | score=1002.1574 AUC=0.7968 Acc=0.8352 F1=0.5515 PEHE=0.0494 dCATE=0.1695 Sens=0.0541 thr=0.24 feasible=1
[w/o VAE] Epoch 65/80 | loss_total=1.2001 recon=0.0063 hsic=0.0206 pred=0.2969 distill=0.0000 aux=0.0000
[w/o VAE] Val@Ep70 | score=1002.1469 AUC=0.7945 Acc=0.8374 F1=0.5466 PEHE=0.0520 dCATE=0.1723 Sens=0.0565 thr=0.28 feasible=1
[w/o VAE] Epoch 70/80 | loss_total=1.1913 recon=0.0063 hsic=0.0206 pred=0.2950 distill=0.0000 aux=0.0000
[w/o VAE] Val@Ep75 | score=1002.1271 AUC=0.7944 Acc=0.8374 F1=0.5521 PEHE=0.0531 dCATE=0.1474 Sens=0.0563 thr=0.24 feasible=1
[w/o VAE] Epoch 75/80 | loss_total=1.1816 recon=0.0064 hsic=0.0205 pred=0.2924 distill=0.0000 aux=0.0000
[w/o VAE] Val@Ep80 | score=1002.1302 AUC=0.7914 Acc=0.8486 F1=0.5436 PEHE=0.0476 dCATE=0.1478 Sens=0.0573 thr=0.30 feasible=1
[w/o VAE] Epoch 80/80 | loss_total=1.1746 recon=0.0063 hsic=0.0206 pred=0.2906 distill=0.0000 aux=0.0000
[w/o VAE] Restored best checkpoint at epoch 25 (score=1002.1871, thr=0.32, alpha=0.35)
[w/o HSIC] Epoch 5/80 | loss_total=1.4734 recon=0.0555 hsic=0.0210 pred=0.3490 distill=0.0000 aux=0.0000
[w/o HSIC] Epoch 10/80 | loss_total=1.4200 recon=0.0163 hsic=0.0206 pred=0.3475 distill=0.0000 aux=0.0000
[w/o HSIC] Epoch 15/80 | loss_total=1.3985 recon=0.0121 hsic=0.0199 pred=0.3430 distill=0.0000 aux=0.0000
[w/o HSIC] Val@Ep20 | score=1002.1670 AUC=0.8093 Acc=0.8396 F1=0.5714 PEHE=0.0796 dCATE=0.1345 Sens=0.0124 thr=0.24 feasible=1
[w/o HSIC] Epoch 20/80 | loss_total=1.3713 recon=0.0112 hsic=0.0193 pred=0.3372 distill=0.0000 aux=0.0000
[w/o HSIC] Val@Ep25 | score=1002.1959 AUC=0.8065 Acc=0.8430 F1=0.5662 PEHE=0.0552 dCATE=0.1376 Sens=0.0160 thr=0.31 feasible=1
[w/o HSIC] Epoch 25/80 | loss_total=1.3555 recon=0.0086 hsic=0.0195 pred=0.3345 distill=0.0000 aux=0.0000
[w/o HSIC] Val@Ep30 | score=1002.1897 AUC=0.8059 Acc=0.8385 F1=0.5646 PEHE=0.0590 dCATE=0.1438 Sens=0.0165 thr=0.24 feasible=1
[w/o HSIC] Epoch 30/80 | loss_total=1.3403 recon=0.0090 hsic=0.0196 pred=0.3310 distill=0.0000 aux=0.0000
[w/o HSIC] Val@Ep35 | score=1002.2004 AUC=0.8066 Acc=0.8318 F1=0.5722 PEHE=0.0590 dCATE=0.1574 Sens=0.0227 thr=0.24 feasible=1
[w/o HSIC] Epoch 35/80 | loss_total=1.3247 recon=0.0090 hsic=0.0198 pred=0.3270 distill=0.0000 aux=0.0000
[w/o HSIC] Val@Ep40 | score=1002.1307 AUC=0.8043 Acc=0.7973 F1=0.5561 PEHE=0.0569 dCATE=0.1339 Sens=0.0228 thr=0.16 feasible=1
[w/o HSIC] Epoch 40/80 | loss_total=1.3028 recon=0.0095 hsic=0.0197 pred=0.3210 distill=0.0000 aux=0.0000
[w/o HSIC] Val@Ep45 | score=1002.1423 AUC=0.8054 Acc=0.7962 F1=0.5612 PEHE=0.0603 dCATE=0.1526 Sens=0.0296 thr=0.15 feasible=1
[w/o HSIC] Epoch 45/80 | loss_total=1.2768 recon=0.0083 hsic=0.0197 pred=0.3152 distill=0.0000 aux=0.0000
[w/o HSIC] Val@Ep50 | score=1002.1439 AUC=0.8039 Acc=0.8085 F1=0.5612 PEHE=0.0593 dCATE=0.1489 Sens=0.0335 thr=0.16 feasible=1
[w/o HSIC] Epoch 50/80 | loss_total=1.2561 recon=0.0080 hsic=0.0198 pred=0.3099 distill=0.0000 aux=0.0000
[w/o HSIC] Val@Ep55 | score=1002.1393 AUC=0.7996 Acc=0.8151 F1=0.5654 PEHE=0.0685 dCATE=0.1564 Sens=0.0372 thr=0.16 feasible=1
[w/o HSIC] Epoch 55/80 | loss_total=1.2487 recon=0.0078 hsic=0.0199 pred=0.3078 distill=0.0000 aux=0.0000
[w/o HSIC] Val@Ep60 | score=1002.1422 AUC=0.8020 Acc=0.8107 F1=0.5619 PEHE=0.0699 dCATE=0.1691 Sens=0.0392 thr=0.15 feasible=1
[w/o HSIC] Epoch 60/80 | loss_total=1.2305 recon=0.0076 hsic=0.0199 pred=0.3032 distill=0.0000 aux=0.0000
[w/o HSIC] Val@Ep65 | score=1002.1507 AUC=0.8005 Acc=0.8385 F1=0.5593 PEHE=0.0632 dCATE=0.1515 Sens=0.0404 thr=0.25 feasible=1
[w/o HSIC] Epoch 65/80 | loss_total=1.2162 recon=0.0070 hsic=0.0198 pred=0.3002 distill=0.0000 aux=0.0000
[w/o HSIC] Val@Ep70 | score=1002.1342 AUC=0.7983 Acc=0.8207 F1=0.5589 PEHE=0.0637 dCATE=0.1551 Sens=0.0423 thr=0.17 feasible=1
[w/o HSIC] Epoch 70/80 | loss_total=1.2038 recon=0.0069 hsic=0.0197 pred=0.2969 distill=0.0000 aux=0.0000
[w/o HSIC] Val@Ep75 | score=1002.1349 AUC=0.7983 Acc=0.8241 F1=0.5562 PEHE=0.0643 dCATE=0.1579 Sens=0.0428 thr=0.17 feasible=1
[w/o HSIC] Epoch 75/80 | loss_total=1.1953 recon=0.0069 hsic=0.0197 pred=0.2941 distill=0.0000 aux=0.0000
[w/o HSIC] Val@Ep80 | score=1002.1228 AUC=0.7976 Acc=0.8185 F1=0.5606 PEHE=0.0640 dCATE=0.1458 Sens=0.0434 thr=0.15 feasible=1
[w/o HSIC] Epoch 80/80 | loss_total=1.1884 recon=0.0068 hsic=0.0197 pred=0.2929 distill=0.0000 aux=0.0000
[w/o HSIC] Restored best checkpoint at epoch 35 (score=1002.2004, thr=0.24, alpha=0.35)

[Seed 45] Loading data...
Training Full DLC (SOTA) from scratch (Seed 45)
[Full DLC (SOTA)] Epoch 5/100 | loss_total=3.8987 recon=0.0571 hsic=0.0211 pred=0.3516 distill=0.0000 aux=0.3636
[Full DLC (SOTA)] Epoch 10/100 | loss_total=3.7578 recon=0.0236 hsic=0.0202 pred=0.3438 distill=0.0000 aux=0.3535
[Full DLC (SOTA)] Epoch 15/100 | loss_total=3.7200 recon=0.0195 hsic=0.0198 pred=0.3425 distill=0.0000 aux=0.3477
[Full DLC (SOTA)] Val@Ep20 | score=1002.3358 AUC=0.8265 Acc=0.8630 F1=0.6393 PEHE=0.0448 dCATE=0.1204 Sens=0.0012 thr=0.26 feasible=1
[Full DLC (SOTA)] Epoch 20/100 | loss_total=3.6428 recon=0.0182 hsic=0.0199 pred=0.3354 distill=0.0000 aux=0.3422
[Full DLC (SOTA)] Val@Ep25 | score=1002.3334 AUC=0.8255 Acc=0.8608 F1=0.6313 PEHE=0.0495 dCATE=0.1373 Sens=0.0011 thr=0.23 feasible=1
[Full DLC (SOTA)] Epoch 25/100 | loss_total=3.5959 recon=0.0152 hsic=0.0201 pred=0.3296 distill=0.0000 aux=0.3340
[Full DLC (SOTA)] Val@Ep30 | score=1002.3463 AUC=0.8265 Acc=0.8563 F1=0.6304 PEHE=0.0373 dCATE=0.1358 Sens=0.0013 thr=0.22 feasible=1
[Full DLC (SOTA)] Epoch 30/100 | loss_total=3.5673 recon=0.0152 hsic=0.0201 pred=0.3239 distill=0.0000 aux=0.3307
[Full DLC (SOTA)] Val@Ep35 | score=1002.3237 AUC=0.8239 Acc=0.8463 F1=0.6167 PEHE=0.0319 dCATE=0.1322 Sens=0.0013 thr=0.21 feasible=1
[Full DLC (SOTA)] Epoch 35/100 | loss_total=3.5868 recon=0.0149 hsic=0.0201 pred=0.3227 distill=0.0000 aux=0.3316
[Full DLC (SOTA)] Val@Ep40 | score=1002.3145 AUC=0.8226 Acc=0.8419 F1=0.6011 PEHE=0.0320 dCATE=0.1467 Sens=0.0013 thr=0.19 feasible=1
[Full DLC (SOTA)] Epoch 40/100 | loss_total=3.5384 recon=0.0143 hsic=0.0201 pred=0.3156 distill=0.0000 aux=0.3276
[Full DLC (SOTA)] Val@Ep45 | score=1002.2847 AUC=0.8186 Acc=0.8474 F1=0.5836 PEHE=0.0342 dCATE=0.1406 Sens=0.0012 thr=0.21 feasible=1
[Full DLC (SOTA)] Epoch 45/100 | loss_total=3.4986 recon=0.0130 hsic=0.0202 pred=0.3092 distill=0.0000 aux=0.3247
[Full DLC (SOTA)] Val@Ep50 | score=1002.3041 AUC=0.8162 Acc=0.8463 F1=0.5818 PEHE=0.0335 dCATE=0.1645 Sens=0.0013 thr=0.23 feasible=1
[Full DLC (SOTA)] Epoch 50/100 | loss_total=3.5167 recon=0.0129 hsic=0.0202 pred=0.3086 distill=0.0000 aux=0.3239
[Full DLC (SOTA)] Val@Ep55 | score=1002.2471 AUC=0.8105 Acc=0.8396 F1=0.5689 PEHE=0.0298 dCATE=0.1285 Sens=0.0013 thr=0.18 feasible=1
[Full DLC (SOTA)] Epoch 55/100 | loss_total=3.4805 recon=0.0124 hsic=0.0203 pred=0.3050 distill=0.0000 aux=0.3234
[Full DLC (SOTA)] Val@Ep60 | score=1002.3026 AUC=0.8111 Acc=0.8441 F1=0.5732 PEHE=0.0330 dCATE=0.1796 Sens=0.0015 thr=0.24 feasible=1
[Full DLC (SOTA)] Epoch 60/100 | loss_total=3.4368 recon=0.0125 hsic=0.0200 pred=0.3013 distill=0.0000 aux=0.3196
[Full DLC (SOTA)] Val@Ep65 | score=1002.2370 AUC=0.8036 Acc=0.8374 F1=0.5549 PEHE=0.0292 dCATE=0.1430 Sens=0.0013 thr=0.20 feasible=1
[Full DLC (SOTA)] Epoch 65/100 | loss_total=3.3872 recon=0.0117 hsic=0.0203 pred=0.2966 distill=0.0000 aux=0.3173
[Full DLC (SOTA)] Val@Ep70 | score=1002.2564 AUC=0.8035 Acc=0.8396 F1=0.5610 PEHE=0.0303 dCATE=0.1551 Sens=0.0013 thr=0.21 feasible=1
[Full DLC (SOTA)] Epoch 70/100 | loss_total=3.3605 recon=0.0116 hsic=0.0201 pred=0.2947 distill=0.0000 aux=0.3147
[Full DLC (SOTA)] Val@Ep75 | score=1002.2184 AUC=0.7955 Acc=0.8374 F1=0.5494 PEHE=0.0318 dCATE=0.1430 Sens=0.0013 thr=0.19 feasible=1
[Full DLC (SOTA)] Epoch 75/100 | loss_total=3.3396 recon=0.0116 hsic=0.0201 pred=0.2921 distill=0.0000 aux=0.3141
[Full DLC (SOTA)] Val@Ep80 | score=1002.2249 AUC=0.7980 Acc=0.8374 F1=0.5521 PEHE=0.0293 dCATE=0.1398 Sens=0.0012 thr=0.20 feasible=1
[Full DLC (SOTA)] Epoch 80/100 | loss_total=3.3545 recon=0.0115 hsic=0.0202 pred=0.2936 distill=0.0000 aux=0.3162
[Full DLC (SOTA)] Val@Ep85 | score=1002.2231 AUC=0.7963 Acc=0.8352 F1=0.5488 PEHE=0.0307 dCATE=0.1476 Sens=0.0012 thr=0.20 feasible=1
[Full DLC (SOTA)] Epoch 85/100 | loss_total=3.3464 recon=0.0111 hsic=0.0201 pred=0.2924 distill=0.0000 aux=0.3170
[Full DLC (SOTA)] Val@Ep90 | score=1002.1924 AUC=0.7895 Acc=0.8419 F1=0.5329 PEHE=0.0335 dCATE=0.1416 Sens=0.0012 thr=0.22 feasible=1
[Full DLC (SOTA)] Epoch 90/100 | loss_total=3.2874 recon=0.0111 hsic=0.0202 pred=0.2870 distill=0.0000 aux=0.3148
[Full DLC (SOTA)] Val@Ep95 | score=1002.1944 AUC=0.7889 Acc=0.8174 F1=0.5444 PEHE=0.0317 dCATE=0.1471 Sens=0.0011 thr=0.17 feasible=1
[Full DLC (SOTA)] Epoch 95/100 | loss_total=3.2862 recon=0.0110 hsic=0.0202 pred=0.2871 distill=0.0000 aux=0.3127
[Full DLC (SOTA)] Val@Ep100 | score=1002.1919 AUC=0.7854 Acc=0.8419 F1=0.5359 PEHE=0.0332 dCATE=0.1410 Sens=0.0011 thr=0.22 feasible=1
[Full DLC (SOTA)] Epoch 100/100 | loss_total=3.3048 recon=0.0109 hsic=0.0201 pred=0.2886 distill=0.0000 aux=0.3154
[Full DLC (SOTA)] Restored best checkpoint at epoch 30 (score=1002.3463, thr=0.22, alpha=0.01)
[w/o HGNN] Epoch 5/80 | loss_total=1.6316 recon=0.2673 hsic=0.0170 pred=0.3396 distill=0.0000 aux=0.0000
[w/o HGNN] Epoch 10/80 | loss_total=1.3933 recon=0.0645 hsic=0.0198 pred=0.3306 distill=0.0000 aux=0.0000
[w/o HGNN] Epoch 15/80 | loss_total=1.3308 recon=0.0341 hsic=0.0216 pred=0.3218 distill=0.0000 aux=0.0000
[w/o HGNN] Val@Ep20 | score=1002.1974 AUC=0.8120 Acc=0.8563 F1=0.6079 PEHE=0.0572 dCATE=0.1466 Sens=0.0750 thr=0.28 feasible=1
[w/o HGNN] Epoch 20/80 | loss_total=1.2591 recon=0.0257 hsic=0.0224 pred=0.3060 distill=0.0000 aux=0.0000
[w/o HGNN] Val@Ep25 | score=1002.1493 AUC=0.8096 Acc=0.8408 F1=0.6017 PEHE=0.0627 dCATE=0.1431 Sens=0.0866 thr=0.24 feasible=1
[w/o HGNN] Epoch 25/80 | loss_total=1.1761 recon=0.0200 hsic=0.0230 pred=0.2866 distill=0.0000 aux=0.0000
[w/o HGNN] Val@Ep30 | score=1002.1332 AUC=0.7995 Acc=0.8341 F1=0.5850 PEHE=0.0681 dCATE=0.1703 Sens=0.0863 thr=0.21 feasible=1
[w/o HGNN] Epoch 30/80 | loss_total=1.1274 recon=0.0186 hsic=0.0228 pred=0.2738 distill=0.0000 aux=0.0000
[w/o HGNN] Val@Ep35 | score=1002.0323 AUC=0.7886 Acc=0.8241 F1=0.5707 PEHE=0.0765 dCATE=0.1465 Sens=0.1101 thr=0.27 feasible=1
[w/o HGNN] Epoch 35/80 | loss_total=1.0695 recon=0.0167 hsic=0.0230 pred=0.2602 distill=0.0000 aux=0.0000
[w/o HGNN] Val@Ep40 | score=1002.0110 AUC=0.7870 Acc=0.8252 F1=0.5552 PEHE=0.0778 dCATE=0.1557 Sens=0.1177 thr=0.28 feasible=1
[w/o HGNN] Epoch 40/80 | loss_total=1.0079 recon=0.0152 hsic=0.0231 pred=0.2451 distill=0.0000 aux=0.0000
[w/o HGNN] Val@Ep45 | score=1001.9167 AUC=0.7627 Acc=0.7795 F1=0.5286 PEHE=0.0755 dCATE=0.1649 Sens=0.1296 thr=0.16 feasible=1
[w/o HGNN] Epoch 45/80 | loss_total=0.9421 recon=0.0137 hsic=0.0231 pred=0.2294 distill=0.0000 aux=0.0000
[w/o HGNN] Val@Ep50 | score=1001.8954 AUC=0.7361 Acc=0.7973 F1=0.5211 PEHE=0.0833 dCATE=0.1721 Sens=0.1258 thr=0.18 feasible=1
[w/o HGNN] Epoch 50/80 | loss_total=0.8974 recon=0.0131 hsic=0.0230 pred=0.2183 distill=0.0000 aux=0.0000
[w/o HGNN] Val@Ep55 | score=1001.9106 AUC=0.7439 Acc=0.8029 F1=0.5305 PEHE=0.0803 dCATE=0.1696 Sens=0.1344 thr=0.20 feasible=1
[w/o HGNN] Epoch 55/80 | loss_total=0.8787 recon=0.0127 hsic=0.0232 pred=0.2130 distill=0.0000 aux=0.0000
[w/o HGNN] Val@Ep60 | score=1001.9371 AUC=0.7407 Acc=0.8307 F1=0.5449 PEHE=0.0774 dCATE=0.1626 Sens=0.1405 thr=0.33 feasible=1
[w/o HGNN] Epoch 60/80 | loss_total=0.8621 recon=0.0124 hsic=0.0232 pred=0.2079 distill=0.0000 aux=0.0000
[w/o HGNN] Val@Ep65 | score=1001.8668 AUC=0.7069 Acc=0.8285 F1=0.5157 PEHE=0.0869 dCATE=0.1681 Sens=0.1329 thr=0.30 feasible=1
[w/o HGNN] Epoch 65/80 | loss_total=0.8111 recon=0.0114 hsic=0.0230 pred=0.1964 distill=0.0000 aux=0.0000
[w/o HGNN] Val@Ep70 | score=1001.8859 AUC=0.7107 Acc=0.8307 F1=0.5366 PEHE=0.0870 dCATE=0.1665 Sens=0.1411 thr=0.31 feasible=1
[w/o HGNN] Epoch 70/80 | loss_total=0.7964 recon=0.0113 hsic=0.0230 pred=0.1926 distill=0.0000 aux=0.0000
[w/o HGNN] Val@Ep75 | score=1001.8942 AUC=0.7099 Acc=0.8318 F1=0.5465 PEHE=0.0854 dCATE=0.1639 Sens=0.1440 thr=0.31 feasible=1
[w/o HGNN] Epoch 75/80 | loss_total=0.7775 recon=0.0110 hsic=0.0231 pred=0.1887 distill=0.0000 aux=0.0000
[w/o HGNN] Val@Ep80 | score=1001.8517 AUC=0.6901 Acc=0.8296 F1=0.5234 PEHE=0.0904 dCATE=0.1760 Sens=0.1421 thr=0.32 feasible=1
[w/o HGNN] Epoch 80/80 | loss_total=0.7701 recon=0.0107 hsic=0.0232 pred=0.1867 distill=0.0000 aux=0.0000
[w/o HGNN] Restored best checkpoint at epoch 20 (score=1002.1974, thr=0.28, alpha=0.35)
[w/o VAE] Epoch 5/80 | loss_total=1.4540 recon=0.0359 hsic=0.0235 pred=0.3495 distill=0.0000 aux=0.0000
[w/o VAE] Epoch 10/80 | loss_total=1.4167 recon=0.0161 hsic=0.0231 pred=0.3467 distill=0.0000 aux=0.0000
[w/o VAE] Epoch 15/80 | loss_total=1.4033 recon=0.0117 hsic=0.0224 pred=0.3437 distill=0.0000 aux=0.0000
[w/o VAE] Val@Ep20 | score=1002.3182 AUC=0.8294 Acc=0.8608 F1=0.6334 PEHE=0.0599 dCATE=0.1446 Sens=0.0123 thr=0.25 feasible=1
[w/o VAE] Epoch 20/80 | loss_total=1.3898 recon=0.0104 hsic=0.0221 pred=0.3427 distill=0.0000 aux=0.0000
[w/o VAE] Val@Ep25 | score=1002.3396 AUC=0.8264 Acc=0.8686 F1=0.6467 PEHE=0.0678 dCATE=0.1602 Sens=0.0135 thr=0.28 feasible=1
[w/o VAE] Epoch 25/80 | loss_total=1.3643 recon=0.0084 hsic=0.0219 pred=0.3373 distill=0.0000 aux=0.0000
[w/o VAE] Val@Ep30 | score=1002.3414 AUC=0.8266 Acc=0.8675 F1=0.6448 PEHE=0.0526 dCATE=0.1473 Sens=0.0177 thr=0.25 feasible=1
[w/o VAE] Epoch 30/80 | loss_total=1.3502 recon=0.0087 hsic=0.0217 pred=0.3336 distill=0.0000 aux=0.0000
[w/o VAE] Val@Ep35 | score=1002.3315 AUC=0.8286 Acc=0.8641 F1=0.6303 PEHE=0.0422 dCATE=0.1433 Sens=0.0207 thr=0.21 feasible=1
[w/o VAE] Epoch 35/80 | loss_total=1.3493 recon=0.0089 hsic=0.0215 pred=0.3329 distill=0.0000 aux=0.0000
[w/o VAE] Val@Ep40 | score=1002.2812 AUC=0.8251 Acc=0.8563 F1=0.6103 PEHE=0.0642 dCATE=0.1702 Sens=0.0293 thr=0.34 feasible=1
[w/o VAE] Epoch 40/80 | loss_total=1.3232 recon=0.0086 hsic=0.0215 pred=0.3269 distill=0.0000 aux=0.0000
[w/o VAE] Val@Ep45 | score=1002.2869 AUC=0.8247 Acc=0.8619 F1=0.6076 PEHE=0.0564 dCATE=0.1634 Sens=0.0294 thr=0.34 feasible=1
[w/o VAE] Epoch 45/80 | loss_total=1.2998 recon=0.0077 hsic=0.0214 pred=0.3214 distill=0.0000 aux=0.0000
[w/o VAE] Val@Ep50 | score=1002.2635 AUC=0.8238 Acc=0.8541 F1=0.6042 PEHE=0.0589 dCATE=0.1536 Sens=0.0283 thr=0.23 feasible=1
[w/o VAE] Epoch 50/80 | loss_total=1.2915 recon=0.0074 hsic=0.0215 pred=0.3194 distill=0.0000 aux=0.0000
[w/o VAE] Val@Ep55 | score=1002.2640 AUC=0.8251 Acc=0.8686 F1=0.5959 PEHE=0.0584 dCATE=0.1562 Sens=0.0330 thr=0.35 feasible=1
[w/o VAE] Epoch 55/80 | loss_total=1.2869 recon=0.0072 hsic=0.0214 pred=0.3177 distill=0.0000 aux=0.0000
[w/o VAE] Val@Ep60 | score=1002.2442 AUC=0.8213 Acc=0.8630 F1=0.5941 PEHE=0.0618 dCATE=0.1622 Sens=0.0415 thr=0.35 feasible=1
[w/o VAE] Epoch 60/80 | loss_total=1.2652 recon=0.0070 hsic=0.0212 pred=0.3121 distill=0.0000 aux=0.0000
[w/o VAE] Val@Ep65 | score=1002.2194 AUC=0.8173 Acc=0.8653 F1=0.5842 PEHE=0.0556 dCATE=0.1388 Sens=0.0388 thr=0.31 feasible=1
[w/o VAE] Epoch 65/80 | loss_total=1.2463 recon=0.0065 hsic=0.0213 pred=0.3078 distill=0.0000 aux=0.0000
[w/o VAE] Val@Ep70 | score=1002.2221 AUC=0.8201 Acc=0.8653 F1=0.5870 PEHE=0.0612 dCATE=0.1544 Sens=0.0477 thr=0.39 feasible=1
[w/o VAE] Epoch 70/80 | loss_total=1.2323 recon=0.0064 hsic=0.0210 pred=0.3047 distill=0.0000 aux=0.0000
[w/o VAE] Val@Ep75 | score=1002.1763 AUC=0.8138 Acc=0.8430 F1=0.5766 PEHE=0.0568 dCATE=0.1332 Sens=0.0432 thr=0.16 feasible=1
[w/o VAE] Epoch 75/80 | loss_total=1.2259 recon=0.0065 hsic=0.0211 pred=0.3023 distill=0.0000 aux=0.0000
[w/o VAE] Val@Ep80 | score=1002.1989 AUC=0.8124 Acc=0.8619 F1=0.5782 PEHE=0.0538 dCATE=0.1474 Sens=0.0530 thr=0.38 feasible=1
[w/o VAE] Epoch 80/80 | loss_total=1.2202 recon=0.0063 hsic=0.0210 pred=0.3017 distill=0.0000 aux=0.0000
[w/o VAE] Restored best checkpoint at epoch 30 (score=1002.3414, thr=0.25, alpha=0.35)
[w/o HSIC] Epoch 5/80 | loss_total=1.4611 recon=0.0472 hsic=0.0206 pred=0.3491 distill=0.0000 aux=0.0000
[w/o HSIC] Epoch 10/80 | loss_total=1.4147 recon=0.0161 hsic=0.0207 pred=0.3459 distill=0.0000 aux=0.0000
[w/o HSIC] Epoch 15/80 | loss_total=1.3927 recon=0.0124 hsic=0.0203 pred=0.3413 distill=0.0000 aux=0.0000
[w/o HSIC] Val@Ep20 | score=1002.2915 AUC=0.8287 Acc=0.8541 F1=0.6268 PEHE=0.0645 dCATE=0.1447 Sens=0.0172 thr=0.23 feasible=1
[w/o HSIC] Epoch 20/80 | loss_total=1.3817 recon=0.0116 hsic=0.0200 pred=0.3401 distill=0.0000 aux=0.0000
[w/o HSIC] Val@Ep25 | score=1002.3231 AUC=0.8271 Acc=0.8697 F1=0.6355 PEHE=0.0637 dCATE=0.1593 Sens=0.0218 thr=0.33 feasible=1
[w/o HSIC] Epoch 25/80 | loss_total=1.3477 recon=0.0090 hsic=0.0200 pred=0.3326 distill=0.0000 aux=0.0000
[w/o HSIC] Val@Ep30 | score=1002.2963 AUC=0.8253 Acc=0.8597 F1=0.6182 PEHE=0.0524 dCATE=0.1497 Sens=0.0247 thr=0.24 feasible=1
[w/o HSIC] Epoch 30/80 | loss_total=1.3250 recon=0.0093 hsic=0.0198 pred=0.3269 distill=0.0000 aux=0.0000
[w/o HSIC] Val@Ep35 | score=1002.2755 AUC=0.8255 Acc=0.8563 F1=0.6126 PEHE=0.0498 dCATE=0.1427 Sens=0.0318 thr=0.22 feasible=1
[w/o HSIC] Epoch 35/80 | loss_total=1.3166 recon=0.0091 hsic=0.0197 pred=0.3247 distill=0.0000 aux=0.0000
[w/o HSIC] Val@Ep40 | score=1002.2473 AUC=0.8205 Acc=0.8608 F1=0.6006 PEHE=0.0623 dCATE=0.1704 Sens=0.0497 thr=0.36 feasible=1
[w/o HSIC] Epoch 40/80 | loss_total=1.2830 recon=0.0087 hsic=0.0197 pred=0.3165 distill=0.0000 aux=0.0000
[w/o HSIC] Val@Ep45 | score=1002.2443 AUC=0.8189 Acc=0.8597 F1=0.6062 PEHE=0.0538 dCATE=0.1594 Sens=0.0571 thr=0.32 feasible=1
[w/o HSIC] Epoch 45/80 | loss_total=1.2531 recon=0.0074 hsic=0.0197 pred=0.3094 distill=0.0000 aux=0.0000
[w/o HSIC] Val@Ep50 | score=1002.1878 AUC=0.8139 Acc=0.8385 F1=0.5821 PEHE=0.0596 dCATE=0.1508 Sens=0.0474 thr=0.19 feasible=1
[w/o HSIC] Epoch 50/80 | loss_total=1.2413 recon=0.0071 hsic=0.0198 pred=0.3069 distill=0.0000 aux=0.0000
[w/o HSIC] Val@Ep55 | score=1002.2070 AUC=0.8128 Acc=0.8408 F1=0.6039 PEHE=0.0567 dCATE=0.1512 Sens=0.0577 thr=0.19 feasible=1
[w/o HSIC] Epoch 55/80 | loss_total=1.2373 recon=0.0070 hsic=0.0197 pred=0.3050 distill=0.0000 aux=0.0000
[w/o HSIC] Val@Ep60 | score=1002.1928 AUC=0.8087 Acc=0.8385 F1=0.5915 PEHE=0.0677 dCATE=0.1782 Sens=0.0609 thr=0.21 feasible=1
[w/o HSIC] Epoch 60/80 | loss_total=1.2236 recon=0.0069 hsic=0.0196 pred=0.3014 distill=0.0000 aux=0.0000
[w/o HSIC] Val@Ep65 | score=1002.1647 AUC=0.8034 Acc=0.8374 F1=0.5829 PEHE=0.0554 dCATE=0.1403 Sens=0.0544 thr=0.17 feasible=1
[w/o HSIC] Epoch 65/80 | loss_total=1.2067 recon=0.0064 hsic=0.0198 pred=0.2970 distill=0.0000 aux=0.0000
[w/o HSIC] Val@Ep70 | score=1002.1629 AUC=0.8026 Acc=0.8330 F1=0.5856 PEHE=0.0612 dCATE=0.1598 Sens=0.0640 thr=0.19 feasible=1
[w/o HSIC] Epoch 70/80 | loss_total=1.1945 recon=0.0063 hsic=0.0195 pred=0.2944 distill=0.0000 aux=0.0000
[w/o HSIC] Val@Ep75 | score=1002.1451 AUC=0.8008 Acc=0.8363 F1=0.5739 PEHE=0.0552 dCATE=0.1386 Sens=0.0577 thr=0.17 feasible=1
[w/o HSIC] Epoch 75/80 | loss_total=1.1885 recon=0.0063 hsic=0.0196 pred=0.2927 distill=0.0000 aux=0.0000
[w/o HSIC] Val@Ep80 | score=1002.1438 AUC=0.7953 Acc=0.8307 F1=0.5778 PEHE=0.0539 dCATE=0.1474 Sens=0.0633 thr=0.17 feasible=1
[w/o HSIC] Epoch 80/80 | loss_total=1.1832 recon=0.0063 hsic=0.0195 pred=0.2922 distill=0.0000 aux=0.0000
[w/o HSIC] Restored best checkpoint at epoch 25 (score=1002.3231, thr=0.33, alpha=0.35)

[Seed 46] Loading data...
Training Full DLC (SOTA) from scratch (Seed 46)
[Full DLC (SOTA)] Epoch 5/100 | loss_total=3.8894 recon=0.0558 hsic=0.0209 pred=0.3505 distill=0.0000 aux=0.3626
[Full DLC (SOTA)] Epoch 10/100 | loss_total=3.7725 recon=0.0220 hsic=0.0200 pred=0.3458 distill=0.0000 aux=0.3550
[Full DLC (SOTA)] Epoch 15/100 | loss_total=3.7040 recon=0.0161 hsic=0.0191 pred=0.3409 distill=0.0000 aux=0.3485
[Full DLC (SOTA)] Val@Ep20 | score=1002.2530 AUC=0.8410 Acc=0.8452 F1=0.5948 PEHE=0.0665 dCATE=0.1236 Sens=0.0015 thr=0.21 feasible=1
[Full DLC (SOTA)] Epoch 20/100 | loss_total=3.6542 recon=0.0161 hsic=0.0188 pred=0.3361 distill=0.0000 aux=0.3451
[Full DLC (SOTA)] Val@Ep25 | score=1002.2992 AUC=0.8406 Acc=0.8486 F1=0.6000 PEHE=0.0585 dCATE=0.1494 Sens=0.0016 thr=0.28 feasible=1
[Full DLC (SOTA)] Epoch 25/100 | loss_total=3.6034 recon=0.0132 hsic=0.0190 pred=0.3293 distill=0.0000 aux=0.3395
[Full DLC (SOTA)] Val@Ep30 | score=1002.3035 AUC=0.8431 Acc=0.8463 F1=0.6012 PEHE=0.0446 dCATE=0.1308 Sens=0.0017 thr=0.23 feasible=1
[Full DLC (SOTA)] Epoch 30/100 | loss_total=3.6013 recon=0.0134 hsic=0.0192 pred=0.3260 distill=0.0000 aux=0.3377
[Full DLC (SOTA)] Val@Ep35 | score=1002.2859 AUC=0.8412 Acc=0.8419 F1=0.5872 PEHE=0.0442 dCATE=0.1346 Sens=0.0014 thr=0.23 feasible=1
[Full DLC (SOTA)] Epoch 35/100 | loss_total=3.5639 recon=0.0132 hsic=0.0197 pred=0.3203 distill=0.0000 aux=0.3317
[Full DLC (SOTA)] Val@Ep40 | score=1002.3157 AUC=0.8404 Acc=0.8486 F1=0.5976 PEHE=0.0337 dCATE=0.1318 Sens=0.0017 thr=0.25 feasible=1
[Full DLC (SOTA)] Epoch 40/100 | loss_total=3.5809 recon=0.0132 hsic=0.0202 pred=0.3194 distill=0.0000 aux=0.3308
[Full DLC (SOTA)] Val@Ep45 | score=1002.3300 AUC=0.8414 Acc=0.8541 F1=0.5994 PEHE=0.0381 dCATE=0.1451 Sens=0.0016 thr=0.28 feasible=1
[Full DLC (SOTA)] Epoch 45/100 | loss_total=3.5492 recon=0.0119 hsic=0.0203 pred=0.3145 distill=0.0000 aux=0.3277
[Full DLC (SOTA)] Val@Ep50 | score=1002.3268 AUC=0.8437 Acc=0.8374 F1=0.6011 PEHE=0.0346 dCATE=0.1456 Sens=0.0016 thr=0.20 feasible=1
[Full DLC (SOTA)] Epoch 50/100 | loss_total=3.5323 recon=0.0119 hsic=0.0203 pred=0.3105 distill=0.0000 aux=0.3244
[Full DLC (SOTA)] Val@Ep55 | score=1002.3456 AUC=0.8443 Acc=0.8374 F1=0.5989 PEHE=0.0329 dCATE=0.1639 Sens=0.0016 thr=0.20 feasible=1
[Full DLC (SOTA)] Epoch 55/100 | loss_total=3.5145 recon=0.0127 hsic=0.0203 pred=0.3085 distill=0.0000 aux=0.3230
[Full DLC (SOTA)] Val@Ep60 | score=1002.3305 AUC=0.8436 Acc=0.8341 F1=0.5962 PEHE=0.0315 dCATE=0.1533 Sens=0.0017 thr=0.17 feasible=1
[Full DLC (SOTA)] Epoch 60/100 | loss_total=3.4588 recon=0.0119 hsic=0.0203 pred=0.3037 distill=0.0000 aux=0.3194
[Full DLC (SOTA)] Val@Ep65 | score=1002.3344 AUC=0.8445 Acc=0.8385 F1=0.5961 PEHE=0.0254 dCATE=0.1437 Sens=0.0016 thr=0.20 feasible=1
[Full DLC (SOTA)] Epoch 65/100 | loss_total=3.4482 recon=0.0111 hsic=0.0201 pred=0.3029 distill=0.0000 aux=0.3197
[Full DLC (SOTA)] Val@Ep70 | score=1002.3268 AUC=0.8427 Acc=0.8419 F1=0.5896 PEHE=0.0291 dCATE=0.1485 Sens=0.0016 thr=0.21 feasible=1
[Full DLC (SOTA)] Epoch 70/100 | loss_total=3.4181 recon=0.0110 hsic=0.0201 pred=0.3000 distill=0.0000 aux=0.3176
[Full DLC (SOTA)] Val@Ep75 | score=1002.3137 AUC=0.8410 Acc=0.8385 F1=0.5869 PEHE=0.0296 dCATE=0.1438 Sens=0.0016 thr=0.18 feasible=1
[Full DLC (SOTA)] Epoch 75/100 | loss_total=3.4119 recon=0.0109 hsic=0.0201 pred=0.2995 distill=0.0000 aux=0.3169
[Full DLC (SOTA)] Val@Ep80 | score=1002.2961 AUC=0.8400 Acc=0.8274 F1=0.5822 PEHE=0.0297 dCATE=0.1419 Sens=0.0015 thr=0.16 feasible=1
[Full DLC (SOTA)] Epoch 80/100 | loss_total=3.3940 recon=0.0109 hsic=0.0201 pred=0.2977 distill=0.0000 aux=0.3165
[Full DLC (SOTA)] Val@Ep85 | score=1002.3076 AUC=0.8395 Acc=0.8352 F1=0.5819 PEHE=0.0304 dCATE=0.1491 Sens=0.0015 thr=0.18 feasible=1
[Full DLC (SOTA)] Epoch 85/100 | loss_total=3.3442 recon=0.0105 hsic=0.0200 pred=0.2933 distill=0.0000 aux=0.3114
[Full DLC (SOTA)] Val@Ep90 | score=1002.3239 AUC=0.8403 Acc=0.8385 F1=0.5869 PEHE=0.0294 dCATE=0.1544 Sens=0.0015 thr=0.19 feasible=1
[Full DLC (SOTA)] Epoch 90/100 | loss_total=3.3690 recon=0.0103 hsic=0.0199 pred=0.2953 distill=0.0000 aux=0.3153
[Full DLC (SOTA)] Val@Ep95 | score=1002.3278 AUC=0.8385 Acc=0.8608 F1=0.5791 PEHE=0.0297 dCATE=0.1521 Sens=0.0016 thr=0.36 feasible=1
[Full DLC (SOTA)] Epoch 95/100 | loss_total=3.3348 recon=0.0103 hsic=0.0200 pred=0.2923 distill=0.0000 aux=0.3118
[Full DLC (SOTA)] Val@Ep100 | score=1002.3226 AUC=0.8402 Acc=0.8374 F1=0.5852 PEHE=0.0290 dCATE=0.1554 Sens=0.0015 thr=0.19 feasible=1
[Full DLC (SOTA)] Epoch 100/100 | loss_total=3.3107 recon=0.0102 hsic=0.0198 pred=0.2903 distill=0.0000 aux=0.3093
[Full DLC (SOTA)] Restored best checkpoint at epoch 55 (score=1002.3456, thr=0.20, alpha=0.01)
[w/o HGNN] Epoch 5/80 | loss_total=1.6060 recon=0.2402 hsic=0.0173 pred=0.3402 distill=0.0000 aux=0.0000
[w/o HGNN] Epoch 10/80 | loss_total=1.4099 recon=0.0723 hsic=0.0212 pred=0.3331 distill=0.0000 aux=0.0000
[w/o HGNN] Epoch 15/80 | loss_total=1.3187 recon=0.0445 hsic=0.0227 pred=0.3167 distill=0.0000 aux=0.0000
[w/o HGNN] Val@Ep20 | score=1002.1556 AUC=0.8219 Acc=0.8508 F1=0.5988 PEHE=0.0671 dCATE=0.1605 Sens=0.1045 thr=0.25 feasible=1
[w/o HGNN] Epoch 20/80 | loss_total=1.2741 recon=0.0329 hsic=0.0236 pred=0.3064 distill=0.0000 aux=0.0000
[w/o HGNN] Val@Ep25 | score=1002.1462 AUC=0.8195 Acc=0.8530 F1=0.6024 PEHE=0.0643 dCATE=0.1345 Sens=0.0972 thr=0.27 feasible=1
[w/o HGNN] Epoch 25/80 | loss_total=1.1740 recon=0.0255 hsic=0.0238 pred=0.2836 distill=0.0000 aux=0.0000
[w/o HGNN] Val@Ep30 | score=1002.1105 AUC=0.8041 Acc=0.8563 F1=0.6055 PEHE=0.0734 dCATE=0.1465 Sens=0.1181 thr=0.29 feasible=1
[w/o HGNN] Epoch 30/80 | loss_total=1.1115 recon=0.0229 hsic=0.0240 pred=0.2693 distill=0.0000 aux=0.0000
[w/o HGNN] Val@Ep35 | score=1002.1022 AUC=0.7985 Acc=0.8653 F1=0.6134 PEHE=0.0762 dCATE=0.1322 Sens=0.1187 thr=0.34 feasible=1
[w/o HGNN] Epoch 35/80 | loss_total=1.0492 recon=0.0200 hsic=0.0240 pred=0.2537 distill=0.0000 aux=0.0000
[w/o HGNN] Val@Ep40 | score=1002.0873 AUC=0.7809 Acc=0.8541 F1=0.5944 PEHE=0.0704 dCATE=0.1530 Sens=0.1148 thr=0.25 feasible=1
[w/o HGNN] Epoch 40/80 | loss_total=1.0028 recon=0.0180 hsic=0.0242 pred=0.2422 distill=0.0000 aux=0.0000
[w/o HGNN] Val@Ep45 | score=1002.0564 AUC=0.7668 Acc=0.8597 F1=0.5800 PEHE=0.0675 dCATE=0.1443 Sens=0.1144 thr=0.28 feasible=1
[w/o HGNN] Epoch 45/80 | loss_total=0.9267 recon=0.0159 hsic=0.0240 pred=0.2248 distill=0.0000 aux=0.0000
[w/o HGNN] Val@Ep50 | score=1002.0005 AUC=0.7650 Acc=0.8430 F1=0.5688 PEHE=0.0752 dCATE=0.1427 Sens=0.1261 thr=0.25 feasible=1
[w/o HGNN] Epoch 50/80 | loss_total=0.8974 recon=0.0154 hsic=0.0238 pred=0.2158 distill=0.0000 aux=0.0000
[w/o HGNN] Val@Ep55 | score=1001.9921 AUC=0.7395 Acc=0.8586 F1=0.5512 PEHE=0.0670 dCATE=0.1390 Sens=0.1118 thr=0.36 feasible=1
[w/o HGNN] Epoch 55/80 | loss_total=0.8503 recon=0.0145 hsic=0.0240 pred=0.2061 distill=0.0000 aux=0.0000
[w/o HGNN] Val@Ep60 | score=1001.9460 AUC=0.7449 Acc=0.8341 F1=0.5526 PEHE=0.0724 dCATE=0.1377 Sens=0.1321 thr=0.26 feasible=1
[w/o HGNN] Epoch 60/80 | loss_total=0.8222 recon=0.0139 hsic=0.0240 pred=0.1988 distill=0.0000 aux=0.0000
[w/o HGNN] Val@Ep65 | score=1001.9927 AUC=0.7469 Acc=0.8563 F1=0.5597 PEHE=0.0724 dCATE=0.1436 Sens=0.1216 thr=0.36 feasible=1
[w/o HGNN] Epoch 65/80 | loss_total=0.7845 recon=0.0129 hsic=0.0240 pred=0.1896 distill=0.0000 aux=0.0000
[w/o HGNN] Val@Ep70 | score=1001.9115 AUC=0.7300 Acc=0.8408 F1=0.5431 PEHE=0.0785 dCATE=0.1415 Sens=0.1389 thr=0.34 feasible=1
[w/o HGNN] Epoch 70/80 | loss_total=0.7846 recon=0.0127 hsic=0.0239 pred=0.1896 distill=0.0000 aux=0.0000
[w/o HGNN] Val@Ep75 | score=1001.9351 AUC=0.7274 Acc=0.8508 F1=0.5411 PEHE=0.0725 dCATE=0.1376 Sens=0.1259 thr=0.37 feasible=1
[w/o HGNN] Epoch 75/80 | loss_total=0.7637 recon=0.0124 hsic=0.0238 pred=0.1853 distill=0.0000 aux=0.0000
[w/o HGNN] Val@Ep80 | score=1001.9128 AUC=0.7095 Acc=0.8419 F1=0.5390 PEHE=0.0711 dCATE=0.1445 Sens=0.1289 thr=0.31 feasible=1
[w/o HGNN] Epoch 80/80 | loss_total=0.7400 recon=0.0122 hsic=0.0240 pred=0.1795 distill=0.0000 aux=0.0000
[w/o HGNN] Restored best checkpoint at epoch 20 (score=1002.1556, thr=0.25, alpha=0.35)
[w/o VAE] Epoch 5/80 | loss_total=1.4656 recon=0.0397 hsic=0.0238 pred=0.3500 distill=0.0000 aux=0.0000
[w/o VAE] Epoch 10/80 | loss_total=1.4242 recon=0.0152 hsic=0.0232 pred=0.3488 distill=0.0000 aux=0.0000
[w/o VAE] Epoch 15/80 | loss_total=1.4021 recon=0.0107 hsic=0.0224 pred=0.3445 distill=0.0000 aux=0.0000
[w/o VAE] Val@Ep20 | score=1002.2490 AUC=0.8412 Acc=0.8486 F1=0.5854 PEHE=0.0659 dCATE=0.1404 Sens=0.0124 thr=0.34 feasible=1
[w/o VAE] Epoch 20/80 | loss_total=1.3889 recon=0.0103 hsic=0.0217 pred=0.3424 distill=0.0000 aux=0.0000
[w/o VAE] Val@Ep25 | score=1002.2651 AUC=0.8433 Acc=0.8307 F1=0.5914 PEHE=0.0600 dCATE=0.1607 Sens=0.0192 thr=0.25 feasible=1
[w/o VAE] Epoch 25/80 | loss_total=1.3607 recon=0.0083 hsic=0.0215 pred=0.3362 distill=0.0000 aux=0.0000
[w/o VAE] Val@Ep30 | score=1002.2769 AUC=0.8421 Acc=0.8463 F1=0.6012 PEHE=0.0600 dCATE=0.1545 Sens=0.0235 thr=0.25 feasible=1
[w/o VAE] Epoch 30/80 | loss_total=1.3525 recon=0.0081 hsic=0.0215 pred=0.3339 distill=0.0000 aux=0.0000
[w/o VAE] Val@Ep35 | score=1002.2571 AUC=0.8427 Acc=0.8486 F1=0.6092 PEHE=0.0577 dCATE=0.1280 Sens=0.0308 thr=0.23 feasible=1
[w/o VAE] Epoch 35/80 | loss_total=1.3282 recon=0.0083 hsic=0.0214 pred=0.3273 distill=0.0000 aux=0.0000
[w/o VAE] Val@Ep40 | score=1002.2453 AUC=0.8381 Acc=0.8408 F1=0.5994 PEHE=0.0573 dCATE=0.1419 Sens=0.0339 thr=0.22 feasible=1
[w/o VAE] Epoch 40/80 | loss_total=1.3095 recon=0.0079 hsic=0.0211 pred=0.3230 distill=0.0000 aux=0.0000
[w/o VAE] Val@Ep45 | score=1002.2541 AUC=0.8399 Acc=0.8385 F1=0.5938 PEHE=0.0555 dCATE=0.1607 Sens=0.0389 thr=0.22 feasible=1
[w/o VAE] Epoch 45/80 | loss_total=1.2880 recon=0.0070 hsic=0.0211 pred=0.3181 distill=0.0000 aux=0.0000
[w/o VAE] Val@Ep50 | score=1002.2363 AUC=0.8432 Acc=0.8285 F1=0.5926 PEHE=0.0562 dCATE=0.1532 Sens=0.0414 thr=0.17 feasible=1
[w/o VAE] Epoch 50/80 | loss_total=1.2705 recon=0.0070 hsic=0.0211 pred=0.3142 distill=0.0000 aux=0.0000
[w/o VAE] Val@Ep55 | score=1002.2318 AUC=0.8402 Acc=0.8285 F1=0.5926 PEHE=0.0463 dCATE=0.1408 Sens=0.0449 thr=0.18 feasible=1
[w/o VAE] Epoch 55/80 | loss_total=1.2588 recon=0.0070 hsic=0.0210 pred=0.3110 distill=0.0000 aux=0.0000
[w/o VAE] Val@Ep60 | score=1002.2441 AUC=0.8389 Acc=0.8575 F1=0.5871 PEHE=0.0548 dCATE=0.1553 Sens=0.0486 thr=0.37 feasible=1
[w/o VAE] Epoch 60/80 | loss_total=1.2565 recon=0.0070 hsic=0.0209 pred=0.3107 distill=0.0000 aux=0.0000
[w/o VAE] Val@Ep65 | score=1002.2331 AUC=0.8379 Acc=0.8486 F1=0.5854 PEHE=0.0482 dCATE=0.1476 Sens=0.0511 thr=0.29 feasible=1
[w/o VAE] Epoch 65/80 | loss_total=1.2429 recon=0.0065 hsic=0.0210 pred=0.3075 distill=0.0000 aux=0.0000
[w/o VAE] Val@Ep70 | score=1002.2308 AUC=0.8376 Acc=0.8552 F1=0.5860 PEHE=0.0582 dCATE=0.1497 Sens=0.0473 thr=0.25 feasible=1
[w/o VAE] Epoch 70/80 | loss_total=1.2320 recon=0.0065 hsic=0.0208 pred=0.3042 distill=0.0000 aux=0.0000
[w/o VAE] Val@Ep75 | score=1002.2237 AUC=0.8370 Acc=0.8519 F1=0.5804 PEHE=0.0536 dCATE=0.1527 Sens=0.0531 thr=0.30 feasible=1
[w/o VAE] Epoch 75/80 | loss_total=1.2261 recon=0.0064 hsic=0.0209 pred=0.3033 distill=0.0000 aux=0.0000
[w/o VAE] Val@Ep80 | score=1002.2173 AUC=0.8357 Acc=0.8563 F1=0.5825 PEHE=0.0540 dCATE=0.1414 Sens=0.0524 thr=0.29 feasible=1
[w/o VAE] Epoch 80/80 | loss_total=1.2224 recon=0.0064 hsic=0.0210 pred=0.3023 distill=0.0000 aux=0.0000
[w/o VAE] Restored best checkpoint at epoch 30 (score=1002.2769, thr=0.25, alpha=0.35)
[w/o HSIC] Epoch 5/80 | loss_total=1.4639 recon=0.0424 hsic=0.0211 pred=0.3497 distill=0.0000 aux=0.0000
[w/o HSIC] Epoch 10/80 | loss_total=1.4216 recon=0.0162 hsic=0.0206 pred=0.3478 distill=0.0000 aux=0.0000
[w/o HSIC] Epoch 15/80 | loss_total=1.4017 recon=0.0130 hsic=0.0199 pred=0.3437 distill=0.0000 aux=0.0000
[w/o HSIC] Val@Ep20 | score=1002.2458 AUC=0.8402 Acc=0.8430 F1=0.5913 PEHE=0.0661 dCATE=0.1467 Sens=0.0215 thr=0.29 feasible=1
[w/o HSIC] Epoch 20/80 | loss_total=1.3891 recon=0.0111 hsic=0.0193 pred=0.3416 distill=0.0000 aux=0.0000
[w/o HSIC] Val@Ep25 | score=1002.2703 AUC=0.8402 Acc=0.8408 F1=0.5926 PEHE=0.0671 dCATE=0.1717 Sens=0.0205 thr=0.26 feasible=1
[w/o HSIC] Epoch 25/80 | loss_total=1.3614 recon=0.0089 hsic=0.0193 pred=0.3360 distill=0.0000 aux=0.0000
[w/o HSIC] Val@Ep30 | score=1002.2744 AUC=0.8391 Acc=0.8463 F1=0.6012 PEHE=0.0645 dCATE=0.1600 Sens=0.0220 thr=0.24 feasible=1
[w/o HSIC] Epoch 30/80 | loss_total=1.3569 recon=0.0091 hsic=0.0195 pred=0.3345 distill=0.0000 aux=0.0000
[w/o HSIC] Val@Ep35 | score=1002.2563 AUC=0.8379 Acc=0.8474 F1=0.6029 PEHE=0.0645 dCATE=0.1389 Sens=0.0210 thr=0.22 feasible=1
[w/o HSIC] Epoch 35/80 | loss_total=1.3340 recon=0.0093 hsic=0.0199 pred=0.3285 distill=0.0000 aux=0.0000
[w/o HSIC] Val@Ep40 | score=1002.2631 AUC=0.8353 Acc=0.8474 F1=0.6074 PEHE=0.0617 dCATE=0.1466 Sens=0.0277 thr=0.22 feasible=1
[w/o HSIC] Epoch 40/80 | loss_total=1.3157 recon=0.0091 hsic=0.0201 pred=0.3238 distill=0.0000 aux=0.0000
[w/o HSIC] Val@Ep45 | score=1002.2652 AUC=0.8374 Acc=0.8408 F1=0.5994 PEHE=0.0629 dCATE=0.1670 Sens=0.0306 thr=0.22 feasible=1
[w/o HSIC] Epoch 45/80 | loss_total=1.2922 recon=0.0076 hsic=0.0202 pred=0.3191 distill=0.0000 aux=0.0000
[w/o HSIC] Val@Ep50 | score=1002.2387 AUC=0.8380 Acc=0.8352 F1=0.5934 PEHE=0.0626 dCATE=0.1533 Sens=0.0325 thr=0.18 feasible=1
[w/o HSIC] Epoch 50/80 | loss_total=1.2760 recon=0.0075 hsic=0.0204 pred=0.3153 distill=0.0000 aux=0.0000
[w/o HSIC] Val@Ep55 | score=1002.2380 AUC=0.8378 Acc=0.8352 F1=0.5956 PEHE=0.0553 dCATE=0.1419 Sens=0.0347 thr=0.18 feasible=1
[w/o HSIC] Epoch 55/80 | loss_total=1.2637 recon=0.0072 hsic=0.0202 pred=0.3117 distill=0.0000 aux=0.0000
[w/o HSIC] Val@Ep60 | score=1002.2355 AUC=0.8371 Acc=0.8285 F1=0.5926 PEHE=0.0647 dCATE=0.1681 Sens=0.0389 thr=0.18 feasible=1
[w/o HSIC] Epoch 60/80 | loss_total=1.2608 recon=0.0070 hsic=0.0202 pred=0.3112 distill=0.0000 aux=0.0000
[w/o HSIC] Val@Ep65 | score=1002.2302 AUC=0.8365 Acc=0.8318 F1=0.5952 PEHE=0.0593 dCATE=0.1516 Sens=0.0406 thr=0.17 feasible=1
[w/o HSIC] Epoch 65/80 | loss_total=1.2478 recon=0.0065 hsic=0.0202 pred=0.3085 distill=0.0000 aux=0.0000
[w/o HSIC] Val@Ep70 | score=1002.2101 AUC=0.8349 Acc=0.8285 F1=0.5904 PEHE=0.0667 dCATE=0.1530 Sens=0.0409 thr=0.15 feasible=1
[w/o HSIC] Epoch 70/80 | loss_total=1.2364 recon=0.0064 hsic=0.0201 pred=0.3052 distill=0.0000 aux=0.0000
[w/o HSIC] Val@Ep75 | score=1002.2272 AUC=0.8361 Acc=0.8263 F1=0.5938 PEHE=0.0584 dCATE=0.1583 Sens=0.0443 thr=0.16 feasible=1
[w/o HSIC] Epoch 75/80 | loss_total=1.2331 recon=0.0063 hsic=0.0202 pred=0.3044 distill=0.0000 aux=0.0000
[w/o HSIC] Val@Ep80 | score=1002.1974 AUC=0.8352 Acc=0.8263 F1=0.5806 PEHE=0.0632 dCATE=0.1513 Sens=0.0434 thr=0.15 feasible=1
[w/o HSIC] Epoch 80/80 | loss_total=1.2286 recon=0.0063 hsic=0.0203 pred=0.3034 distill=0.0000 aux=0.0000
[w/o HSIC] Restored best checkpoint at epoch 30 (score=1002.2744, thr=0.24, alpha=0.35)

[Done] Raw metrics: /home/UserData/ljx/Project_1/results/ablation_metrics_rigorous.json
[Done] Report: /home/UserData/ljx/Project_1/reports/task19.5_ablation_study_rigorous.md
