RUN r1_fullcate7p5_softablation {'name': 'r1_fullcate7p5_softablation', 'sota_lambda_pred': 9.5, 'sota_lambda_sens': 5.2, 'sota_lambda_cate': 7.5, 'ablation_lambda_pred': 0.15, 'ablation_lambda_cate': 12.0, 'ablation_lambda_ite': 18.0, 'ablation_lambda_hsic': 0.08, 'wogh_lambda_pred': 0.08, 'wogh_lambda_cate': 18.0, 'wogh_lambda_ite': 24.0, 'wogh_lambda_hsic': 0.1}
Script started...

[Seed 42] Loading data...
Training Full DLC (SOTA) from scratch (Seed 42)
[Full DLC (SOTA)] Epoch 5/110 | loss_total=3.8991 recon=0.0533 hsic=0.0218 pred=0.3471 distill=0.0000 aux=0.3583
[Full DLC (SOTA)] Epoch 10/110 | loss_total=3.7626 recon=0.0209 hsic=0.0213 pred=0.3433 distill=0.0000 aux=0.3547
[Full DLC (SOTA)] Epoch 15/110 | loss_total=3.7061 recon=0.0190 hsic=0.0213 pred=0.3407 distill=0.0000 aux=0.3471
[Full DLC (SOTA)] Epoch 20/110 | loss_total=3.6319 recon=0.0164 hsic=0.0216 pred=0.3333 distill=0.0000 aux=0.3416
[Full DLC (SOTA)] Epoch 25/110 | loss_total=3.5404 recon=0.0138 hsic=0.0214 pred=0.3258 distill=0.0000 aux=0.3330
[Full DLC (SOTA)] Epoch 30/110 | loss_total=3.4984 recon=0.0139 hsic=0.0213 pred=0.3221 distill=0.0000 aux=0.3283
[Full DLC (SOTA)] Epoch 35/110 | loss_total=3.4686 recon=0.0134 hsic=0.0211 pred=0.3191 distill=0.0000 aux=0.3235
[Full DLC (SOTA)] Epoch 40/110 | loss_total=3.4081 recon=0.0128 hsic=0.0207 pred=0.3128 distill=0.0000 aux=0.3222
[Full DLC (SOTA)] Epoch 45/110 | loss_total=3.3336 recon=0.0113 hsic=0.0206 pred=0.3061 distill=0.0000 aux=0.3165
[Full DLC (SOTA)] Epoch 50/110 | loss_total=3.2946 recon=0.0111 hsic=0.0206 pred=0.3021 distill=0.0000 aux=0.3146
[Full DLC (SOTA)] Epoch 55/110 | loss_total=3.2457 recon=0.0109 hsic=0.0205 pred=0.2976 distill=0.0000 aux=0.3095
[Full DLC (SOTA)] Epoch 60/110 | loss_total=3.2199 recon=0.0107 hsic=0.0203 pred=0.2950 distill=0.0000 aux=0.3103
[Full DLC (SOTA)] Epoch 65/110 | loss_total=3.1767 recon=0.0101 hsic=0.0204 pred=0.2911 distill=0.0000 aux=0.3064
[Full DLC (SOTA)] Epoch 70/110 | loss_total=3.1796 recon=0.0100 hsic=0.0202 pred=0.2908 distill=0.0000 aux=0.3083
[Full DLC (SOTA)] Epoch 75/110 | loss_total=3.1406 recon=0.0099 hsic=0.0202 pred=0.2873 distill=0.0000 aux=0.3036
[Full DLC (SOTA)] Epoch 80/110 | loss_total=3.1266 recon=0.0097 hsic=0.0201 pred=0.2857 distill=0.0000 aux=0.3039
[Full DLC (SOTA)] Epoch 85/110 | loss_total=3.1233 recon=0.0094 hsic=0.0200 pred=0.2858 distill=0.0000 aux=0.3036
[Full DLC (SOTA)] Epoch 90/110 | loss_total=3.1110 recon=0.0093 hsic=0.0202 pred=0.2842 distill=0.0000 aux=0.3036
[Full DLC (SOTA)] Epoch 95/110 | loss_total=3.1109 recon=0.0093 hsic=0.0202 pred=0.2842 distill=0.0000 aux=0.3026
[Full DLC (SOTA)] Epoch 100/110 | loss_total=3.0587 recon=0.0093 hsic=0.0202 pred=0.2796 distill=0.0000 aux=0.2994
[Full DLC (SOTA)] Epoch 105/110 | loss_total=3.0732 recon=0.0091 hsic=0.0202 pred=0.2808 distill=0.0000 aux=0.3021
[Full DLC (SOTA)] Epoch 110/110 | loss_total=3.0772 recon=0.0091 hsic=0.0202 pred=0.2809 distill=0.0000 aux=0.3010

[Seed 43] Loading data...
Training Full DLC (SOTA) from scratch (Seed 43)
[Full DLC (SOTA)] Epoch 5/110 | loss_total=3.8936 recon=0.0595 hsic=0.0215 pred=0.3452 distill=0.0000 aux=0.3596
[Full DLC (SOTA)] Epoch 10/110 | loss_total=3.7647 recon=0.0217 hsic=0.0212 pred=0.3435 distill=0.0000 aux=0.3577
[Full DLC (SOTA)] Epoch 15/110 | loss_total=3.6878 recon=0.0165 hsic=0.0216 pred=0.3391 distill=0.0000 aux=0.3523
[Full DLC (SOTA)] Epoch 20/110 | loss_total=3.6397 recon=0.0143 hsic=0.0220 pred=0.3341 distill=0.0000 aux=0.3449
[Full DLC (SOTA)] Epoch 25/110 | loss_total=3.5834 recon=0.0118 hsic=0.0217 pred=0.3299 distill=0.0000 aux=0.3382
[Full DLC (SOTA)] Epoch 30/110 | loss_total=3.5506 recon=0.0116 hsic=0.0215 pred=0.3269 distill=0.0000 aux=0.3348
[Full DLC (SOTA)] Epoch 35/110 | loss_total=3.4907 recon=0.0116 hsic=0.0213 pred=0.3211 distill=0.0000 aux=0.3300
[Full DLC (SOTA)] Epoch 40/110 | loss_total=3.4540 recon=0.0109 hsic=0.0210 pred=0.3174 distill=0.0000 aux=0.3275
[Full DLC (SOTA)] Epoch 45/110 | loss_total=3.3813 recon=0.0098 hsic=0.0208 pred=0.3104 distill=0.0000 aux=0.3231
[Full DLC (SOTA)] Epoch 50/110 | loss_total=3.3509 recon=0.0097 hsic=0.0207 pred=0.3075 distill=0.0000 aux=0.3209
[Full DLC (SOTA)] Epoch 55/110 | loss_total=3.3260 recon=0.0095 hsic=0.0206 pred=0.3052 distill=0.0000 aux=0.3182
[Full DLC (SOTA)] Epoch 60/110 | loss_total=3.3037 recon=0.0095 hsic=0.0204 pred=0.3025 distill=0.0000 aux=0.3196
[Full DLC (SOTA)] Epoch 65/110 | loss_total=3.2759 recon=0.0089 hsic=0.0203 pred=0.3001 distill=0.0000 aux=0.3163
[Full DLC (SOTA)] Epoch 70/110 | loss_total=3.2621 recon=0.0088 hsic=0.0204 pred=0.2986 distill=0.0000 aux=0.3160
[Full DLC (SOTA)] Epoch 75/110 | loss_total=3.2451 recon=0.0088 hsic=0.0202 pred=0.2970 distill=0.0000 aux=0.3153
[Full DLC (SOTA)] Epoch 80/110 | loss_total=3.2186 recon=0.0087 hsic=0.0202 pred=0.2945 distill=0.0000 aux=0.3118
[Full DLC (SOTA)] Epoch 85/110 | loss_total=3.2081 recon=0.0085 hsic=0.0203 pred=0.2935 distill=0.0000 aux=0.3119
[Full DLC (SOTA)] Epoch 90/110 | loss_total=3.1990 recon=0.0084 hsic=0.0201 pred=0.2927 distill=0.0000 aux=0.3103
[Full DLC (SOTA)] Epoch 95/110 | loss_total=3.1862 recon=0.0084 hsic=0.0200 pred=0.2911 distill=0.0000 aux=0.3108
[Full DLC (SOTA)] Epoch 100/110 | loss_total=3.2042 recon=0.0083 hsic=0.0202 pred=0.2930 distill=0.0000 aux=0.3098
[Full DLC (SOTA)] Epoch 105/110 | loss_total=3.1448 recon=0.0081 hsic=0.0201 pred=0.2879 distill=0.0000 aux=0.3029
[Full DLC (SOTA)] Epoch 110/110 | loss_total=3.1514 recon=0.0082 hsic=0.0199 pred=0.2883 distill=0.0000 aux=0.3057

[Seed 44] Loading data...
Training Full DLC (SOTA) from scratch (Seed 44)
[Full DLC (SOTA)] Epoch 5/110 | loss_total=3.8903 recon=0.0603 hsic=0.0210 pred=0.3465 distill=0.0000 aux=0.3581
[Full DLC (SOTA)] Epoch 10/110 | loss_total=3.7660 recon=0.0263 hsic=0.0210 pred=0.3440 distill=0.0000 aux=0.3536
[Full DLC (SOTA)] Epoch 15/110 | loss_total=3.7064 recon=0.0198 hsic=0.0208 pred=0.3406 distill=0.0000 aux=0.3480
[Full DLC (SOTA)] Epoch 20/110 | loss_total=3.6390 recon=0.0180 hsic=0.0213 pred=0.3348 distill=0.0000 aux=0.3414
[Full DLC (SOTA)] Epoch 25/110 | loss_total=3.5599 recon=0.0152 hsic=0.0213 pred=0.3278 distill=0.0000 aux=0.3333
[Full DLC (SOTA)] Epoch 30/110 | loss_total=3.5160 recon=0.0153 hsic=0.0214 pred=0.3236 distill=0.0000 aux=0.3297
[Full DLC (SOTA)] Epoch 35/110 | loss_total=3.4469 recon=0.0150 hsic=0.0213 pred=0.3170 distill=0.0000 aux=0.3265
[Full DLC (SOTA)] Epoch 40/110 | loss_total=3.4074 recon=0.0144 hsic=0.0210 pred=0.3130 distill=0.0000 aux=0.3236
[Full DLC (SOTA)] Epoch 45/110 | loss_total=3.3387 recon=0.0127 hsic=0.0213 pred=0.3069 distill=0.0000 aux=0.3172
[Full DLC (SOTA)] Epoch 50/110 | loss_total=3.3223 recon=0.0124 hsic=0.0213 pred=0.3048 distill=0.0000 aux=0.3182
[Full DLC (SOTA)] Epoch 55/110 | loss_total=3.3069 recon=0.0120 hsic=0.0212 pred=0.3036 distill=0.0000 aux=0.3166
[Full DLC (SOTA)] Epoch 60/110 | loss_total=3.2554 recon=0.0122 hsic=0.0211 pred=0.2986 distill=0.0000 aux=0.3118
[Full DLC (SOTA)] Epoch 65/110 | loss_total=3.1804 recon=0.0113 hsic=0.0211 pred=0.2917 distill=0.0000 aux=0.3085
[Full DLC (SOTA)] Epoch 70/110 | loss_total=3.1906 recon=0.0111 hsic=0.0212 pred=0.2924 distill=0.0000 aux=0.3085
[Full DLC (SOTA)] Epoch 75/110 | loss_total=3.1520 recon=0.0111 hsic=0.0210 pred=0.2888 distill=0.0000 aux=0.3043
[Full DLC (SOTA)] Epoch 80/110 | loss_total=3.1393 recon=0.0109 hsic=0.0210 pred=0.2873 distill=0.0000 aux=0.3047
[Full DLC (SOTA)] Epoch 85/110 | loss_total=3.1071 recon=0.0106 hsic=0.0210 pred=0.2841 distill=0.0000 aux=0.3031
[Full DLC (SOTA)] Epoch 90/110 | loss_total=3.0956 recon=0.0105 hsic=0.0209 pred=0.2836 distill=0.0000 aux=0.2996
[Full DLC (SOTA)] Epoch 95/110 | loss_total=3.0957 recon=0.0105 hsic=0.0210 pred=0.2830 distill=0.0000 aux=0.3008
[Full DLC (SOTA)] Epoch 100/110 | loss_total=3.0684 recon=0.0105 hsic=0.0211 pred=0.2810 distill=0.0000 aux=0.2973
[Full DLC (SOTA)] Epoch 105/110 | loss_total=3.0701 recon=0.0103 hsic=0.0210 pred=0.2810 distill=0.0000 aux=0.2971
[Full DLC (SOTA)] Epoch 110/110 | loss_total=3.0543 recon=0.0102 hsic=0.0208 pred=0.2792 distill=0.0000 aux=0.2957

[Seed 45] Loading data...
Training Full DLC (SOTA) from scratch (Seed 45)
[Full DLC (SOTA)] Epoch 5/110 | loss_total=3.9319 recon=0.0596 hsic=0.0212 pred=0.3506 distill=0.0000 aux=0.3628
[Full DLC (SOTA)] Epoch 10/110 | loss_total=3.7696 recon=0.0242 hsic=0.0213 pred=0.3435 distill=0.0000 aux=0.3535
[Full DLC (SOTA)] Epoch 15/110 | loss_total=3.7276 recon=0.0190 hsic=0.0214 pred=0.3429 distill=0.0000 aux=0.3474
[Full DLC (SOTA)] Epoch 20/110 | loss_total=3.6512 recon=0.0174 hsic=0.0217 pred=0.3357 distill=0.0000 aux=0.3415
[Full DLC (SOTA)] Epoch 25/110 | loss_total=3.5886 recon=0.0148 hsic=0.0217 pred=0.3309 distill=0.0000 aux=0.3355
[Full DLC (SOTA)] Epoch 30/110 | loss_total=3.5442 recon=0.0151 hsic=0.0215 pred=0.3261 distill=0.0000 aux=0.3340
[Full DLC (SOTA)] Epoch 35/110 | loss_total=3.5383 recon=0.0146 hsic=0.0212 pred=0.3248 distill=0.0000 aux=0.3360
[Full DLC (SOTA)] Epoch 40/110 | loss_total=3.4704 recon=0.0143 hsic=0.0210 pred=0.3188 distill=0.0000 aux=0.3301
[Full DLC (SOTA)] Epoch 45/110 | loss_total=3.4109 recon=0.0131 hsic=0.0210 pred=0.3130 distill=0.0000 aux=0.3259
[Full DLC (SOTA)] Epoch 50/110 | loss_total=3.3937 recon=0.0129 hsic=0.0209 pred=0.3113 distill=0.0000 aux=0.3269
[Full DLC (SOTA)] Epoch 55/110 | loss_total=3.3615 recon=0.0128 hsic=0.0209 pred=0.3085 distill=0.0000 aux=0.3237
[Full DLC (SOTA)] Epoch 60/110 | loss_total=3.3247 recon=0.0129 hsic=0.0205 pred=0.3046 distill=0.0000 aux=0.3210
[Full DLC (SOTA)] Epoch 65/110 | loss_total=3.2818 recon=0.0120 hsic=0.0208 pred=0.3005 distill=0.0000 aux=0.3198
[Full DLC (SOTA)] Epoch 70/110 | loss_total=3.2650 recon=0.0120 hsic=0.0206 pred=0.2988 distill=0.0000 aux=0.3201
[Full DLC (SOTA)] Epoch 75/110 | loss_total=3.2418 recon=0.0119 hsic=0.0206 pred=0.2964 distill=0.0000 aux=0.3177
[Full DLC (SOTA)] Epoch 80/110 | loss_total=3.2551 recon=0.0119 hsic=0.0206 pred=0.2980 distill=0.0000 aux=0.3185
[Full DLC (SOTA)] Epoch 85/110 | loss_total=3.2459 recon=0.0115 hsic=0.0205 pred=0.2968 distill=0.0000 aux=0.3175
[Full DLC (SOTA)] Epoch 90/110 | loss_total=3.1896 recon=0.0115 hsic=0.0206 pred=0.2917 distill=0.0000 aux=0.3136
[Full DLC (SOTA)] Epoch 95/110 | loss_total=3.1905 recon=0.0114 hsic=0.0206 pred=0.2916 distill=0.0000 aux=0.3140
[Full DLC (SOTA)] Epoch 100/110 | loss_total=3.2122 recon=0.0113 hsic=0.0206 pred=0.2937 distill=0.0000 aux=0.3153
[Full DLC (SOTA)] Epoch 105/110 | loss_total=3.1849 recon=0.0112 hsic=0.0206 pred=0.2915 distill=0.0000 aux=0.3142
[Full DLC (SOTA)] Epoch 110/110 | loss_total=3.1803 recon=0.0111 hsic=0.0204 pred=0.2908 distill=0.0000 aux=0.3125

[Seed 46] Loading data...
Training Full DLC (SOTA) from scratch (Seed 46)
[Full DLC (SOTA)] Epoch 5/110 | loss_total=3.9357 recon=0.0617 hsic=0.0210 pred=0.3496 distill=0.0000 aux=0.3633
[Full DLC (SOTA)] Epoch 10/110 | loss_total=3.7802 recon=0.0230 hsic=0.0208 pred=0.3457 distill=0.0000 aux=0.3536
[Full DLC (SOTA)] Epoch 15/110 | loss_total=3.7185 recon=0.0174 hsic=0.0207 pred=0.3425 distill=0.0000 aux=0.3463
[Full DLC (SOTA)] Epoch 20/110 | loss_total=3.6854 recon=0.0165 hsic=0.0204 pred=0.3394 distill=0.0000 aux=0.3433
[Full DLC (SOTA)] Epoch 25/110 | loss_total=3.6105 recon=0.0139 hsic=0.0204 pred=0.3329 distill=0.0000 aux=0.3378
[Full DLC (SOTA)] Epoch 30/110 | loss_total=3.5748 recon=0.0144 hsic=0.0202 pred=0.3293 distill=0.0000 aux=0.3345
[Full DLC (SOTA)] Epoch 35/110 | loss_total=3.5191 recon=0.0137 hsic=0.0199 pred=0.3237 distill=0.0000 aux=0.3327
[Full DLC (SOTA)] Epoch 40/110 | loss_total=3.5112 recon=0.0131 hsic=0.0198 pred=0.3228 distill=0.0000 aux=0.3313
[Full DLC (SOTA)] Epoch 45/110 | loss_total=3.4595 recon=0.0117 hsic=0.0196 pred=0.3183 distill=0.0000 aux=0.3286
[Full DLC (SOTA)] Epoch 50/110 | loss_total=3.4190 recon=0.0115 hsic=0.0194 pred=0.3142 distill=0.0000 aux=0.3274
[Full DLC (SOTA)] Epoch 55/110 | loss_total=3.3957 recon=0.0114 hsic=0.0194 pred=0.3120 distill=0.0000 aux=0.3229
[Full DLC (SOTA)] Epoch 60/110 | loss_total=3.3559 recon=0.0111 hsic=0.0194 pred=0.3081 distill=0.0000 aux=0.3213
[Full DLC (SOTA)] Epoch 65/110 | loss_total=3.3519 recon=0.0104 hsic=0.0192 pred=0.3080 distill=0.0000 aux=0.3219
[Full DLC (SOTA)] Epoch 70/110 | loss_total=3.3197 recon=0.0102 hsic=0.0192 pred=0.3049 distill=0.0000 aux=0.3185
[Full DLC (SOTA)] Epoch 75/110 | loss_total=3.3222 recon=0.0102 hsic=0.0192 pred=0.3048 distill=0.0000 aux=0.3202
[Full DLC (SOTA)] Epoch 80/110 | loss_total=3.3089 recon=0.0100 hsic=0.0193 pred=0.3035 distill=0.0000 aux=0.3186
[Full DLC (SOTA)] Epoch 85/110 | loss_total=3.2538 recon=0.0097 hsic=0.0192 pred=0.2988 distill=0.0000 aux=0.3124
[Full DLC (SOTA)] Epoch 90/110 | loss_total=3.2831 recon=0.0096 hsic=0.0191 pred=0.3014 distill=0.0000 aux=0.3163
[Full DLC (SOTA)] Epoch 95/110 | loss_total=3.2535 recon=0.0096 hsic=0.0192 pred=0.2984 distill=0.0000 aux=0.3152
[Full DLC (SOTA)] Epoch 100/110 | loss_total=3.2382 recon=0.0094 hsic=0.0190 pred=0.2968 distill=0.0000 aux=0.3148
[Full DLC (SOTA)] Epoch 105/110 | loss_total=3.2244 recon=0.0093 hsic=0.0191 pred=0.2959 distill=0.0000 aux=0.3111
[Full DLC (SOTA)] Epoch 110/110 | loss_total=3.2495 recon=0.0093 hsic=0.0191 pred=0.2981 distill=0.0000 aux=0.3153

[Done] Raw metrics: /home/UserData/ljx/Project_1/results/ablation_metrics_rigorous.json
[Done] Report: /home/UserData/ljx/Project_1/reports/task19.5_ablation_study_rigorous.md
 -> {'name': 'r1_fullcate7p5_softablation', 'cfg': {'name': 'r1_fullcate7p5_softablation', 'sota_lambda_pred': 9.5, 'sota_lambda_sens': 5.2, 'sota_lambda_cate': 7.5, 'ablation_lambda_pred': 0.15, 'ablation_lambda_cate': 12.0, 'ablation_lambda_ite': 18.0, 'ablation_lambda_hsic': 0.08, 'wogh_lambda_pred': 0.08, 'wogh_lambda_cate': 18.0, 'wogh_lambda_ite': 24.0, 'wogh_lambda_hsic': 0.1}, 'ok': False, 'score': 17, 'delta_ok': True, 'full': {'AUC': '0.8007 ± 0.0259', 'Acc': '0.6777 ± 0.0473', 'F1': '0.6837 ± 0.0361', 'PEHE': '0.0424 ± 0.0045', 'Delta CATE': '0.1474 ± 0.0186', 'Sensitivity': '0.0051 ± 0.0032'}, 'fails': [{'ablation': 'w/o HGNN', 'metric': 'Delta CATE', 'full': 0.14738232493400574, 'ablation_mean': 0.17911868095397948, 'margin': -0.03173635601997374}]}
RUN r2_fullcate8p0_balance {'name': 'r2_fullcate8p0_balance', 'sota_lambda_pred': 10.0, 'sota_lambda_sens': 5.0, 'sota_lambda_cate': 8.0, 'ablation_lambda_pred': 0.2, 'ablation_lambda_cate': 12.0, 'ablation_lambda_ite': 18.0, 'ablation_lambda_hsic': 0.08, 'wogh_lambda_pred': 0.1, 'wogh_lambda_cate': 18.0, 'wogh_lambda_ite': 24.0, 'wogh_lambda_hsic': 0.1}
Script started...

[Seed 42] Loading data...
Training Full DLC (SOTA) from scratch (Seed 42)
[Full DLC (SOTA)] Epoch 5/110 | loss_total=4.0743 recon=0.0545 hsic=0.0217 pred=0.3471 distill=0.0000 aux=0.3582
[Full DLC (SOTA)] Epoch 10/110 | loss_total=3.9339 recon=0.0211 hsic=0.0211 pred=0.3435 distill=0.0000 aux=0.3543
[Full DLC (SOTA)] Epoch 15/110 | loss_total=3.8791 recon=0.0185 hsic=0.0212 pred=0.3407 distill=0.0000 aux=0.3486
[Full DLC (SOTA)] Epoch 20/110 | loss_total=3.7969 recon=0.0170 hsic=0.0216 pred=0.3332 distill=0.0000 aux=0.3418
[Full DLC (SOTA)] Epoch 25/110 | loss_total=3.7035 recon=0.0147 hsic=0.0215 pred=0.3257 distill=0.0000 aux=0.3339
[Full DLC (SOTA)] Epoch 30/110 | loss_total=3.6598 recon=0.0144 hsic=0.0215 pred=0.3220 distill=0.0000 aux=0.3287
[Full DLC (SOTA)] Epoch 35/110 | loss_total=3.6318 recon=0.0137 hsic=0.0213 pred=0.3193 distill=0.0000 aux=0.3241
[Full DLC (SOTA)] Epoch 40/110 | loss_total=3.5700 recon=0.0129 hsic=0.0210 pred=0.3131 distill=0.0000 aux=0.3229
[Full DLC (SOTA)] Epoch 45/110 | loss_total=3.4994 recon=0.0115 hsic=0.0210 pred=0.3068 distill=0.0000 aux=0.3182
[Full DLC (SOTA)] Epoch 50/110 | loss_total=3.4542 recon=0.0112 hsic=0.0209 pred=0.3027 distill=0.0000 aux=0.3158
[Full DLC (SOTA)] Epoch 55/110 | loss_total=3.3992 recon=0.0111 hsic=0.0208 pred=0.2979 distill=0.0000 aux=0.3095
[Full DLC (SOTA)] Epoch 60/110 | loss_total=3.3746 recon=0.0109 hsic=0.0207 pred=0.2953 distill=0.0000 aux=0.3120
[Full DLC (SOTA)] Epoch 65/110 | loss_total=3.3314 recon=0.0103 hsic=0.0208 pred=0.2917 distill=0.0000 aux=0.3074
[Full DLC (SOTA)] Epoch 70/110 | loss_total=3.3355 recon=0.0102 hsic=0.0205 pred=0.2916 distill=0.0000 aux=0.3084
[Full DLC (SOTA)] Epoch 75/110 | loss_total=3.2951 recon=0.0101 hsic=0.0206 pred=0.2881 distill=0.0000 aux=0.3036
[Full DLC (SOTA)] Epoch 80/110 | loss_total=3.2790 recon=0.0100 hsic=0.0205 pred=0.2865 distill=0.0000 aux=0.3032
[Full DLC (SOTA)] Epoch 85/110 | loss_total=3.2745 recon=0.0097 hsic=0.0204 pred=0.2866 distill=0.0000 aux=0.3025
[Full DLC (SOTA)] Epoch 90/110 | loss_total=3.2639 recon=0.0096 hsic=0.0205 pred=0.2851 distill=0.0000 aux=0.3032
[Full DLC (SOTA)] Epoch 95/110 | loss_total=3.2641 recon=0.0096 hsic=0.0205 pred=0.2851 distill=0.0000 aux=0.3020
[Full DLC (SOTA)] Epoch 100/110 | loss_total=3.2074 recon=0.0095 hsic=0.0205 pred=0.2804 distill=0.0000 aux=0.2977
[Full DLC (SOTA)] Epoch 105/110 | loss_total=3.2223 recon=0.0094 hsic=0.0205 pred=0.2814 distill=0.0000 aux=0.3016
[Full DLC (SOTA)] Epoch 110/110 | loss_total=3.2224 recon=0.0094 hsic=0.0205 pred=0.2813 distill=0.0000 aux=0.2991

[Seed 43] Loading data...
Training Full DLC (SOTA) from scratch (Seed 43)
[Full DLC (SOTA)] Epoch 5/110 | loss_total=4.0710 recon=0.0605 hsic=0.0215 pred=0.3452 distill=0.0000 aux=0.3593
[Full DLC (SOTA)] Epoch 10/110 | loss_total=3.9394 recon=0.0230 hsic=0.0212 pred=0.3436 distill=0.0000 aux=0.3571
[Full DLC (SOTA)] Epoch 15/110 | loss_total=3.8548 recon=0.0174 hsic=0.0214 pred=0.3388 distill=0.0000 aux=0.3510
[Full DLC (SOTA)] Epoch 20/110 | loss_total=3.8038 recon=0.0151 hsic=0.0217 pred=0.3338 distill=0.0000 aux=0.3442
[Full DLC (SOTA)] Epoch 25/110 | loss_total=3.7460 recon=0.0125 hsic=0.0214 pred=0.3297 distill=0.0000 aux=0.3374
[Full DLC (SOTA)] Epoch 30/110 | loss_total=3.7109 recon=0.0121 hsic=0.0213 pred=0.3265 distill=0.0000 aux=0.3339
[Full DLC (SOTA)] Epoch 35/110 | loss_total=3.6459 recon=0.0119 hsic=0.0212 pred=0.3205 distill=0.0000 aux=0.3285
[Full DLC (SOTA)] Epoch 40/110 | loss_total=3.6074 recon=0.0111 hsic=0.0208 pred=0.3169 distill=0.0000 aux=0.3263
[Full DLC (SOTA)] Epoch 45/110 | loss_total=3.5320 recon=0.0101 hsic=0.0206 pred=0.3099 distill=0.0000 aux=0.3213
[Full DLC (SOTA)] Epoch 50/110 | loss_total=3.4975 recon=0.0100 hsic=0.0206 pred=0.3069 distill=0.0000 aux=0.3176
[Full DLC (SOTA)] Epoch 55/110 | loss_total=3.4721 recon=0.0098 hsic=0.0205 pred=0.3047 distill=0.0000 aux=0.3164
[Full DLC (SOTA)] Epoch 60/110 | loss_total=3.4528 recon=0.0097 hsic=0.0203 pred=0.3025 distill=0.0000 aux=0.3170
[Full DLC (SOTA)] Epoch 65/110 | loss_total=3.4228 recon=0.0092 hsic=0.0202 pred=0.2997 distill=0.0000 aux=0.3141
[Full DLC (SOTA)] Epoch 70/110 | loss_total=3.4099 recon=0.0091 hsic=0.0204 pred=0.2985 distill=0.0000 aux=0.3135
[Full DLC (SOTA)] Epoch 75/110 | loss_total=3.3892 recon=0.0091 hsic=0.0202 pred=0.2969 distill=0.0000 aux=0.3118
[Full DLC (SOTA)] Epoch 80/110 | loss_total=3.3638 recon=0.0090 hsic=0.0202 pred=0.2943 distill=0.0000 aux=0.3095
[Full DLC (SOTA)] Epoch 85/110 | loss_total=3.3517 recon=0.0087 hsic=0.0203 pred=0.2933 distill=0.0000 aux=0.3085
[Full DLC (SOTA)] Epoch 90/110 | loss_total=3.3405 recon=0.0087 hsic=0.0201 pred=0.2925 distill=0.0000 aux=0.3062
[Full DLC (SOTA)] Epoch 95/110 | loss_total=3.3264 recon=0.0087 hsic=0.0200 pred=0.2909 distill=0.0000 aux=0.3067
[Full DLC (SOTA)] Epoch 100/110 | loss_total=3.3463 recon=0.0087 hsic=0.0202 pred=0.2929 distill=0.0000 aux=0.3058
[Full DLC (SOTA)] Epoch 105/110 | loss_total=3.2861 recon=0.0085 hsic=0.0201 pred=0.2879 distill=0.0000 aux=0.3000
[Full DLC (SOTA)] Epoch 110/110 | loss_total=3.2901 recon=0.0085 hsic=0.0199 pred=0.2882 distill=0.0000 aux=0.3012

[Seed 44] Loading data...
Training Full DLC (SOTA) from scratch (Seed 44)
[Full DLC (SOTA)] Epoch 5/110 | loss_total=4.0665 recon=0.0624 hsic=0.0211 pred=0.3464 distill=0.0000 aux=0.3580
[Full DLC (SOTA)] Epoch 10/110 | loss_total=3.9412 recon=0.0265 hsic=0.0211 pred=0.3442 distill=0.0000 aux=0.3528
[Full DLC (SOTA)] Epoch 15/110 | loss_total=3.8807 recon=0.0202 hsic=0.0208 pred=0.3406 distill=0.0000 aux=0.3473
[Full DLC (SOTA)] Epoch 20/110 | loss_total=3.8149 recon=0.0182 hsic=0.0211 pred=0.3355 distill=0.0000 aux=0.3407
[Full DLC (SOTA)] Epoch 25/110 | loss_total=3.7299 recon=0.0153 hsic=0.0210 pred=0.3283 distill=0.0000 aux=0.3343
[Full DLC (SOTA)] Epoch 30/110 | loss_total=3.6840 recon=0.0153 hsic=0.0212 pred=0.3238 distill=0.0000 aux=0.3317
[Full DLC (SOTA)] Epoch 35/110 | loss_total=3.6072 recon=0.0148 hsic=0.0210 pred=0.3171 distill=0.0000 aux=0.3275
[Full DLC (SOTA)] Epoch 40/110 | loss_total=3.5675 recon=0.0138 hsic=0.0208 pred=0.3132 distill=0.0000 aux=0.3245
[Full DLC (SOTA)] Epoch 45/110 | loss_total=3.4983 recon=0.0121 hsic=0.0210 pred=0.3071 distill=0.0000 aux=0.3204
[Full DLC (SOTA)] Epoch 50/110 | loss_total=3.4802 recon=0.0118 hsic=0.0210 pred=0.3050 distill=0.0000 aux=0.3204
[Full DLC (SOTA)] Epoch 55/110 | loss_total=3.4652 recon=0.0114 hsic=0.0209 pred=0.3039 distill=0.0000 aux=0.3188
[Full DLC (SOTA)] Epoch 60/110 | loss_total=3.4160 recon=0.0113 hsic=0.0207 pred=0.2995 distill=0.0000 aux=0.3140
[Full DLC (SOTA)] Epoch 65/110 | loss_total=3.3404 recon=0.0104 hsic=0.0207 pred=0.2927 distill=0.0000 aux=0.3115
[Full DLC (SOTA)] Epoch 70/110 | loss_total=3.3479 recon=0.0103 hsic=0.0208 pred=0.2932 distill=0.0000 aux=0.3112
[Full DLC (SOTA)] Epoch 75/110 | loss_total=3.3126 recon=0.0102 hsic=0.0206 pred=0.2899 distill=0.0000 aux=0.3082
[Full DLC (SOTA)] Epoch 80/110 | loss_total=3.3010 recon=0.0101 hsic=0.0207 pred=0.2886 distill=0.0000 aux=0.3083
[Full DLC (SOTA)] Epoch 85/110 | loss_total=3.2631 recon=0.0097 hsic=0.0206 pred=0.2851 distill=0.0000 aux=0.3076
[Full DLC (SOTA)] Epoch 90/110 | loss_total=3.2523 recon=0.0097 hsic=0.0205 pred=0.2845 distill=0.0000 aux=0.3041
[Full DLC (SOTA)] Epoch 95/110 | loss_total=3.2533 recon=0.0096 hsic=0.0206 pred=0.2839 distill=0.0000 aux=0.3029
[Full DLC (SOTA)] Epoch 100/110 | loss_total=3.2241 recon=0.0096 hsic=0.0207 pred=0.2820 distill=0.0000 aux=0.3011
[Full DLC (SOTA)] Epoch 105/110 | loss_total=3.2243 recon=0.0094 hsic=0.0207 pred=0.2818 distill=0.0000 aux=0.3008
[Full DLC (SOTA)] Epoch 110/110 | loss_total=3.2085 recon=0.0093 hsic=0.0205 pred=0.2800 distill=0.0000 aux=0.3003

[Seed 45] Loading data...
Training Full DLC (SOTA) from scratch (Seed 45)
[Full DLC (SOTA)] Epoch 5/110 | loss_total=4.1110 recon=0.0614 hsic=0.0212 pred=0.3506 distill=0.0000 aux=0.3632
[Full DLC (SOTA)] Epoch 10/110 | loss_total=3.9455 recon=0.0250 hsic=0.0211 pred=0.3435 distill=0.0000 aux=0.3548
[Full DLC (SOTA)] Epoch 15/110 | loss_total=3.9002 recon=0.0196 hsic=0.0211 pred=0.3426 distill=0.0000 aux=0.3481
[Full DLC (SOTA)] Epoch 20/110 | loss_total=3.8186 recon=0.0177 hsic=0.0214 pred=0.3354 distill=0.0000 aux=0.3426
[Full DLC (SOTA)] Epoch 25/110 | loss_total=3.7506 recon=0.0153 hsic=0.0215 pred=0.3305 distill=0.0000 aux=0.3355
[Full DLC (SOTA)] Epoch 30/110 | loss_total=3.6990 recon=0.0153 hsic=0.0213 pred=0.3253 distill=0.0000 aux=0.3340
[Full DLC (SOTA)] Epoch 35/110 | loss_total=3.6914 recon=0.0151 hsic=0.0210 pred=0.3238 distill=0.0000 aux=0.3356
[Full DLC (SOTA)] Epoch 40/110 | loss_total=3.6085 recon=0.0146 hsic=0.0208 pred=0.3168 distill=0.0000 aux=0.3289
[Full DLC (SOTA)] Epoch 45/110 | loss_total=3.5384 recon=0.0132 hsic=0.0208 pred=0.3101 distill=0.0000 aux=0.3246
[Full DLC (SOTA)] Epoch 50/110 | loss_total=3.5137 recon=0.0130 hsic=0.0206 pred=0.3076 distill=0.0000 aux=0.3257
[Full DLC (SOTA)] Epoch 55/110 | loss_total=3.4759 recon=0.0127 hsic=0.0207 pred=0.3043 distill=0.0000 aux=0.3232
[Full DLC (SOTA)] Epoch 60/110 | loss_total=3.4323 recon=0.0125 hsic=0.0203 pred=0.3002 distill=0.0000 aux=0.3201
[Full DLC (SOTA)] Epoch 65/110 | loss_total=3.3826 recon=0.0117 hsic=0.0205 pred=0.2957 distill=0.0000 aux=0.3187
[Full DLC (SOTA)] Epoch 70/110 | loss_total=3.3679 recon=0.0116 hsic=0.0203 pred=0.2943 distill=0.0000 aux=0.3191
[Full DLC (SOTA)] Epoch 75/110 | loss_total=3.3395 recon=0.0115 hsic=0.0203 pred=0.2915 distill=0.0000 aux=0.3163
[Full DLC (SOTA)] Epoch 80/110 | loss_total=3.3548 recon=0.0115 hsic=0.0203 pred=0.2931 distill=0.0000 aux=0.3183
[Full DLC (SOTA)] Epoch 85/110 | loss_total=3.3504 recon=0.0110 hsic=0.0202 pred=0.2925 distill=0.0000 aux=0.3173
[Full DLC (SOTA)] Epoch 90/110 | loss_total=3.2867 recon=0.0111 hsic=0.0203 pred=0.2870 distill=0.0000 aux=0.3124
[Full DLC (SOTA)] Epoch 95/110 | loss_total=3.2868 recon=0.0110 hsic=0.0203 pred=0.2869 distill=0.0000 aux=0.3122
[Full DLC (SOTA)] Epoch 100/110 | loss_total=3.3076 recon=0.0109 hsic=0.0203 pred=0.2890 distill=0.0000 aux=0.3138
[Full DLC (SOTA)] Epoch 105/110 | loss_total=3.2833 recon=0.0108 hsic=0.0203 pred=0.2870 distill=0.0000 aux=0.3134
[Full DLC (SOTA)] Epoch 110/110 | loss_total=3.2759 recon=0.0106 hsic=0.0201 pred=0.2862 distill=0.0000 aux=0.3116

[Seed 46] Loading data...
Training Full DLC (SOTA) from scratch (Seed 46)
[Full DLC (SOTA)] Epoch 5/110 | loss_total=4.1116 recon=0.0624 hsic=0.0209 pred=0.3498 distill=0.0000 aux=0.3632
[Full DLC (SOTA)] Epoch 10/110 | loss_total=3.9539 recon=0.0239 hsic=0.0207 pred=0.3457 distill=0.0000 aux=0.3531
[Full DLC (SOTA)] Epoch 15/110 | loss_total=3.8890 recon=0.0178 hsic=0.0205 pred=0.3422 distill=0.0000 aux=0.3459
[Full DLC (SOTA)] Epoch 20/110 | loss_total=3.8530 recon=0.0172 hsic=0.0203 pred=0.3390 distill=0.0000 aux=0.3427
[Full DLC (SOTA)] Epoch 25/110 | loss_total=3.7672 recon=0.0146 hsic=0.0205 pred=0.3320 distill=0.0000 aux=0.3365
[Full DLC (SOTA)] Epoch 30/110 | loss_total=3.7294 recon=0.0148 hsic=0.0203 pred=0.3283 distill=0.0000 aux=0.3337
[Full DLC (SOTA)] Epoch 35/110 | loss_total=3.6634 recon=0.0138 hsic=0.0202 pred=0.3220 distill=0.0000 aux=0.3312
[Full DLC (SOTA)] Epoch 40/110 | loss_total=3.6499 recon=0.0134 hsic=0.0202 pred=0.3205 distill=0.0000 aux=0.3295
[Full DLC (SOTA)] Epoch 45/110 | loss_total=3.5948 recon=0.0119 hsic=0.0201 pred=0.3159 distill=0.0000 aux=0.3273
[Full DLC (SOTA)] Epoch 50/110 | loss_total=3.5485 recon=0.0117 hsic=0.0199 pred=0.3114 distill=0.0000 aux=0.3255
[Full DLC (SOTA)] Epoch 55/110 | loss_total=3.5279 recon=0.0117 hsic=0.0200 pred=0.3097 distill=0.0000 aux=0.3212
[Full DLC (SOTA)] Epoch 60/110 | loss_total=3.4822 recon=0.0113 hsic=0.0200 pred=0.3055 distill=0.0000 aux=0.3207
[Full DLC (SOTA)] Epoch 65/110 | loss_total=3.4794 recon=0.0106 hsic=0.0199 pred=0.3056 distill=0.0000 aux=0.3201
[Full DLC (SOTA)] Epoch 70/110 | loss_total=3.4468 recon=0.0105 hsic=0.0199 pred=0.3023 distill=0.0000 aux=0.3178
[Full DLC (SOTA)] Epoch 75/110 | loss_total=3.4459 recon=0.0104 hsic=0.0200 pred=0.3020 distill=0.0000 aux=0.3181
[Full DLC (SOTA)] Epoch 80/110 | loss_total=3.4395 recon=0.0103 hsic=0.0201 pred=0.3016 distill=0.0000 aux=0.3163
[Full DLC (SOTA)] Epoch 85/110 | loss_total=3.3773 recon=0.0099 hsic=0.0200 pred=0.2964 distill=0.0000 aux=0.3104
[Full DLC (SOTA)] Epoch 90/110 | loss_total=3.4066 recon=0.0098 hsic=0.0199 pred=0.2988 distill=0.0000 aux=0.3149
[Full DLC (SOTA)] Epoch 95/110 | loss_total=3.3745 recon=0.0098 hsic=0.0200 pred=0.2958 distill=0.0000 aux=0.3130
[Full DLC (SOTA)] Epoch 100/110 | loss_total=3.3573 recon=0.0097 hsic=0.0199 pred=0.2941 distill=0.0000 aux=0.3125
[Full DLC (SOTA)] Epoch 105/110 | loss_total=3.3436 recon=0.0096 hsic=0.0199 pred=0.2933 distill=0.0000 aux=0.3083
[Full DLC (SOTA)] Epoch 110/110 | loss_total=3.3697 recon=0.0095 hsic=0.0200 pred=0.2954 distill=0.0000 aux=0.3131

[Done] Raw metrics: /home/UserData/ljx/Project_1/results/ablation_metrics_rigorous.json
[Done] Report: /home/UserData/ljx/Project_1/reports/task19.5_ablation_study_rigorous.md
 -> {'name': 'r2_fullcate8p0_balance', 'cfg': {'name': 'r2_fullcate8p0_balance', 'sota_lambda_pred': 10.0, 'sota_lambda_sens': 5.0, 'sota_lambda_cate': 8.0, 'ablation_lambda_pred': 0.2, 'ablation_lambda_cate': 12.0, 'ablation_lambda_ite': 18.0, 'ablation_lambda_hsic': 0.08, 'wogh_lambda_pred': 0.1, 'wogh_lambda_cate': 18.0, 'wogh_lambda_ite': 24.0, 'wogh_lambda_hsic': 0.1}, 'ok': False, 'score': 17, 'delta_ok': True, 'full': {'AUC': '0.8010 ± 0.0202', 'Acc': '0.6660 ± 0.0366', 'F1': '0.6790 ± 0.0297', 'PEHE': '0.0474 ± 0.0043', 'Delta CATE': '0.1422 ± 0.0237', 'Sensitivity': '0.0052 ± 0.0025'}, 'fails': [{'ablation': 'w/o HGNN', 'metric': 'Delta CATE', 'full': 0.142213636636734, 'ablation_mean': 0.17547963559627533, 'margin': -0.033265998959541326}]}
RUN r3_fullcate7p0_f1push {'name': 'r3_fullcate7p0_f1push', 'sota_lambda_pred': 10.5, 'sota_lambda_sens': 5.5, 'sota_lambda_cate': 7.0, 'ablation_lambda_pred': 0.15, 'ablation_lambda_cate': 10.0, 'ablation_lambda_ite': 16.0, 'ablation_lambda_hsic': 0.08, 'wogh_lambda_pred': 0.08, 'wogh_lambda_cate': 16.0, 'wogh_lambda_ite': 22.0, 'wogh_lambda_hsic': 0.1}
Script started...

[Seed 42] Loading data...
Training Full DLC (SOTA) from scratch (Seed 42)
[Full DLC (SOTA)] Epoch 5/110 | loss_total=4.2442 recon=0.0531 hsic=0.0217 pred=0.3468 distill=0.0000 aux=0.3582
[Full DLC (SOTA)] Epoch 10/110 | loss_total=4.1132 recon=0.0213 hsic=0.0210 pred=0.3430 distill=0.0000 aux=0.3551
[Full DLC (SOTA)] Epoch 15/110 | loss_total=4.0462 recon=0.0192 hsic=0.0208 pred=0.3401 distill=0.0000 aux=0.3478
[Full DLC (SOTA)] Epoch 20/110 | loss_total=3.9581 recon=0.0179 hsic=0.0212 pred=0.3323 distill=0.0000 aux=0.3408
[Full DLC (SOTA)] Epoch 25/110 | loss_total=3.8499 recon=0.0156 hsic=0.0210 pred=0.3240 distill=0.0000 aux=0.3330
[Full DLC (SOTA)] Epoch 30/110 | loss_total=3.8024 recon=0.0151 hsic=0.0209 pred=0.3200 distill=0.0000 aux=0.3280
[Full DLC (SOTA)] Epoch 35/110 | loss_total=3.7676 recon=0.0146 hsic=0.0207 pred=0.3170 distill=0.0000 aux=0.3232
[Full DLC (SOTA)] Epoch 40/110 | loss_total=3.7037 recon=0.0136 hsic=0.0204 pred=0.3110 distill=0.0000 aux=0.3218
[Full DLC (SOTA)] Epoch 45/110 | loss_total=3.6295 recon=0.0121 hsic=0.0203 pred=0.3048 distill=0.0000 aux=0.3165
[Full DLC (SOTA)] Epoch 50/110 | loss_total=3.5919 recon=0.0118 hsic=0.0202 pred=0.3014 distill=0.0000 aux=0.3150
[Full DLC (SOTA)] Epoch 55/110 | loss_total=3.5374 recon=0.0115 hsic=0.0201 pred=0.2970 distill=0.0000 aux=0.3089
[Full DLC (SOTA)] Epoch 60/110 | loss_total=3.5154 recon=0.0112 hsic=0.0200 pred=0.2947 distill=0.0000 aux=0.3113
[Full DLC (SOTA)] Epoch 65/110 | loss_total=3.4707 recon=0.0106 hsic=0.0201 pred=0.2910 distill=0.0000 aux=0.3070
[Full DLC (SOTA)] Epoch 70/110 | loss_total=3.4755 recon=0.0105 hsic=0.0198 pred=0.2910 distill=0.0000 aux=0.3087
[Full DLC (SOTA)] Epoch 75/110 | loss_total=3.4307 recon=0.0104 hsic=0.0199 pred=0.2875 distill=0.0000 aux=0.3032
[Full DLC (SOTA)] Epoch 80/110 | loss_total=3.4179 recon=0.0103 hsic=0.0198 pred=0.2858 distill=0.0000 aux=0.3034
[Full DLC (SOTA)] Epoch 85/110 | loss_total=3.4212 recon=0.0100 hsic=0.0197 pred=0.2867 distill=0.0000 aux=0.3037
[Full DLC (SOTA)] Epoch 90/110 | loss_total=3.4053 recon=0.0099 hsic=0.0198 pred=0.2849 distill=0.0000 aux=0.3035
[Full DLC (SOTA)] Epoch 95/110 | loss_total=3.4046 recon=0.0100 hsic=0.0199 pred=0.2850 distill=0.0000 aux=0.3028
[Full DLC (SOTA)] Epoch 100/110 | loss_total=3.3491 recon=0.0099 hsic=0.0198 pred=0.2804 distill=0.0000 aux=0.2986
[Full DLC (SOTA)] Epoch 105/110 | loss_total=3.3625 recon=0.0097 hsic=0.0199 pred=0.2813 distill=0.0000 aux=0.3021
[Full DLC (SOTA)] Epoch 110/110 | loss_total=3.3589 recon=0.0097 hsic=0.0199 pred=0.2809 distill=0.0000 aux=0.2999

[Seed 43] Loading data...
Training Full DLC (SOTA) from scratch (Seed 43)
[Full DLC (SOTA)] Epoch 5/110 | loss_total=4.2434 recon=0.0618 hsic=0.0216 pred=0.3452 distill=0.0000 aux=0.3597
[Full DLC (SOTA)] Epoch 10/110 | loss_total=4.1238 recon=0.0213 hsic=0.0213 pred=0.3437 distill=0.0000 aux=0.3562
[Full DLC (SOTA)] Epoch 15/110 | loss_total=4.0275 recon=0.0166 hsic=0.0215 pred=0.3392 distill=0.0000 aux=0.3502
[Full DLC (SOTA)] Epoch 20/110 | loss_total=3.9756 recon=0.0149 hsic=0.0221 pred=0.3344 distill=0.0000 aux=0.3433
[Full DLC (SOTA)] Epoch 25/110 | loss_total=3.9184 recon=0.0126 hsic=0.0219 pred=0.3305 distill=0.0000 aux=0.3360
[Full DLC (SOTA)] Epoch 30/110 | loss_total=3.8794 recon=0.0123 hsic=0.0218 pred=0.3269 distill=0.0000 aux=0.3340
[Full DLC (SOTA)] Epoch 35/110 | loss_total=3.8129 recon=0.0122 hsic=0.0216 pred=0.3211 distill=0.0000 aux=0.3299
[Full DLC (SOTA)] Epoch 40/110 | loss_total=3.7719 recon=0.0115 hsic=0.0213 pred=0.3175 distill=0.0000 aux=0.3272
[Full DLC (SOTA)] Epoch 45/110 | loss_total=3.7012 recon=0.0104 hsic=0.0210 pred=0.3112 distill=0.0000 aux=0.3225
[Full DLC (SOTA)] Epoch 50/110 | loss_total=3.6610 recon=0.0103 hsic=0.0209 pred=0.3078 distill=0.0000 aux=0.3190
[Full DLC (SOTA)] Epoch 55/110 | loss_total=3.6350 recon=0.0102 hsic=0.0208 pred=0.3057 distill=0.0000 aux=0.3171
[Full DLC (SOTA)] Epoch 60/110 | loss_total=3.6106 recon=0.0101 hsic=0.0206 pred=0.3034 distill=0.0000 aux=0.3165
[Full DLC (SOTA)] Epoch 65/110 | loss_total=3.5837 recon=0.0095 hsic=0.0205 pred=0.3011 distill=0.0000 aux=0.3142
[Full DLC (SOTA)] Epoch 70/110 | loss_total=3.5716 recon=0.0095 hsic=0.0206 pred=0.3000 distill=0.0000 aux=0.3133
[Full DLC (SOTA)] Epoch 75/110 | loss_total=3.5511 recon=0.0094 hsic=0.0204 pred=0.2984 distill=0.0000 aux=0.3117
[Full DLC (SOTA)] Epoch 80/110 | loss_total=3.5262 recon=0.0094 hsic=0.0204 pred=0.2962 distill=0.0000 aux=0.3083
[Full DLC (SOTA)] Epoch 85/110 | loss_total=3.5159 recon=0.0091 hsic=0.0205 pred=0.2953 distill=0.0000 aux=0.3082
[Full DLC (SOTA)] Epoch 90/110 | loss_total=3.5080 recon=0.0090 hsic=0.0203 pred=0.2947 distill=0.0000 aux=0.3067
[Full DLC (SOTA)] Epoch 95/110 | loss_total=3.4928 recon=0.0090 hsic=0.0202 pred=0.2931 distill=0.0000 aux=0.3074
[Full DLC (SOTA)] Epoch 100/110 | loss_total=3.5191 recon=0.0090 hsic=0.0204 pred=0.2956 distill=0.0000 aux=0.3061
[Full DLC (SOTA)] Epoch 105/110 | loss_total=3.4494 recon=0.0088 hsic=0.0203 pred=0.2902 distill=0.0000 aux=0.2987
[Full DLC (SOTA)] Epoch 110/110 | loss_total=3.4559 recon=0.0089 hsic=0.0200 pred=0.2905 distill=0.0000 aux=0.3018

[Seed 44] Loading data...
Training Full DLC (SOTA) from scratch (Seed 44)
[Full DLC (SOTA)] Epoch 5/110 | loss_total=4.2454 recon=0.0623 hsic=0.0211 pred=0.3461 distill=0.0000 aux=0.3588
[Full DLC (SOTA)] Epoch 10/110 | loss_total=4.1060 recon=0.0272 hsic=0.0209 pred=0.3431 distill=0.0000 aux=0.3545
[Full DLC (SOTA)] Epoch 15/110 | loss_total=4.0351 recon=0.0212 hsic=0.0209 pred=0.3391 distill=0.0000 aux=0.3492
[Full DLC (SOTA)] Epoch 20/110 | loss_total=3.9573 recon=0.0193 hsic=0.0212 pred=0.3330 distill=0.0000 aux=0.3402
[Full DLC (SOTA)] Epoch 25/110 | loss_total=3.8565 recon=0.0167 hsic=0.0211 pred=0.3246 distill=0.0000 aux=0.3321
[Full DLC (SOTA)] Epoch 30/110 | loss_total=3.8024 recon=0.0169 hsic=0.0211 pred=0.3197 distill=0.0000 aux=0.3290
[Full DLC (SOTA)] Epoch 35/110 | loss_total=3.7235 recon=0.0167 hsic=0.0210 pred=0.3130 distill=0.0000 aux=0.3246
[Full DLC (SOTA)] Epoch 40/110 | loss_total=3.6853 recon=0.0164 hsic=0.0205 pred=0.3097 distill=0.0000 aux=0.3208
[Full DLC (SOTA)] Epoch 45/110 | loss_total=3.5969 recon=0.0142 hsic=0.0208 pred=0.3021 distill=0.0000 aux=0.3141
[Full DLC (SOTA)] Epoch 50/110 | loss_total=3.5681 recon=0.0140 hsic=0.0208 pred=0.2994 distill=0.0000 aux=0.3134
[Full DLC (SOTA)] Epoch 55/110 | loss_total=3.5612 recon=0.0138 hsic=0.0208 pred=0.2988 distill=0.0000 aux=0.3138
[Full DLC (SOTA)] Epoch 60/110 | loss_total=3.5077 recon=0.0137 hsic=0.0206 pred=0.2937 distill=0.0000 aux=0.3100
[Full DLC (SOTA)] Epoch 65/110 | loss_total=3.4280 recon=0.0128 hsic=0.0206 pred=0.2873 distill=0.0000 aux=0.3060
[Full DLC (SOTA)] Epoch 70/110 | loss_total=3.4393 recon=0.0127 hsic=0.0207 pred=0.2880 distill=0.0000 aux=0.3076
[Full DLC (SOTA)] Epoch 75/110 | loss_total=3.4059 recon=0.0125 hsic=0.0205 pred=0.2850 distill=0.0000 aux=0.3040
[Full DLC (SOTA)] Epoch 80/110 | loss_total=3.3908 recon=0.0124 hsic=0.0206 pred=0.2839 distill=0.0000 aux=0.3021
[Full DLC (SOTA)] Epoch 85/110 | loss_total=3.3523 recon=0.0120 hsic=0.0205 pred=0.2801 distill=0.0000 aux=0.3021
[Full DLC (SOTA)] Epoch 90/110 | loss_total=3.3409 recon=0.0119 hsic=0.0204 pred=0.2798 distill=0.0000 aux=0.2973
[Full DLC (SOTA)] Epoch 95/110 | loss_total=3.3430 recon=0.0118 hsic=0.0205 pred=0.2795 distill=0.0000 aux=0.2991
[Full DLC (SOTA)] Epoch 100/110 | loss_total=3.3176 recon=0.0118 hsic=0.0206 pred=0.2775 distill=0.0000 aux=0.2967
[Full DLC (SOTA)] Epoch 105/110 | loss_total=3.3202 recon=0.0117 hsic=0.0206 pred=0.2777 distill=0.0000 aux=0.2961
[Full DLC (SOTA)] Epoch 110/110 | loss_total=3.3117 recon=0.0116 hsic=0.0204 pred=0.2771 distill=0.0000 aux=0.2949

[Seed 45] Loading data...
Training Full DLC (SOTA) from scratch (Seed 45)
[Full DLC (SOTA)] Epoch 5/110 | loss_total=4.2937 recon=0.0618 hsic=0.0211 pred=0.3507 distill=0.0000 aux=0.3638
[Full DLC (SOTA)] Epoch 10/110 | loss_total=4.1147 recon=0.0247 hsic=0.0211 pred=0.3433 distill=0.0000 aux=0.3538
[Full DLC (SOTA)] Epoch 15/110 | loss_total=4.0703 recon=0.0198 hsic=0.0213 pred=0.3426 distill=0.0000 aux=0.3476
[Full DLC (SOTA)] Epoch 20/110 | loss_total=3.9790 recon=0.0182 hsic=0.0215 pred=0.3348 distill=0.0000 aux=0.3406
[Full DLC (SOTA)] Epoch 25/110 | loss_total=3.9088 recon=0.0154 hsic=0.0216 pred=0.3296 distill=0.0000 aux=0.3346
[Full DLC (SOTA)] Epoch 30/110 | loss_total=3.8508 recon=0.0156 hsic=0.0213 pred=0.3241 distill=0.0000 aux=0.3324
[Full DLC (SOTA)] Epoch 35/110 | loss_total=3.8392 recon=0.0152 hsic=0.0211 pred=0.3223 distill=0.0000 aux=0.3336
[Full DLC (SOTA)] Epoch 40/110 | loss_total=3.7507 recon=0.0146 hsic=0.0209 pred=0.3150 distill=0.0000 aux=0.3266
[Full DLC (SOTA)] Epoch 45/110 | loss_total=3.6741 recon=0.0134 hsic=0.0209 pred=0.3082 distill=0.0000 aux=0.3226
[Full DLC (SOTA)] Epoch 50/110 | loss_total=3.6495 recon=0.0130 hsic=0.0209 pred=0.3061 distill=0.0000 aux=0.3239
[Full DLC (SOTA)] Epoch 55/110 | loss_total=3.6158 recon=0.0129 hsic=0.0209 pred=0.3030 distill=0.0000 aux=0.3209
[Full DLC (SOTA)] Epoch 60/110 | loss_total=3.5652 recon=0.0129 hsic=0.0205 pred=0.2984 distill=0.0000 aux=0.3189
[Full DLC (SOTA)] Epoch 65/110 | loss_total=3.5165 recon=0.0119 hsic=0.0208 pred=0.2943 distill=0.0000 aux=0.3152
[Full DLC (SOTA)] Epoch 70/110 | loss_total=3.5013 recon=0.0118 hsic=0.0206 pred=0.2928 distill=0.0000 aux=0.3171
[Full DLC (SOTA)] Epoch 75/110 | loss_total=3.4673 recon=0.0117 hsic=0.0207 pred=0.2897 distill=0.0000 aux=0.3143
[Full DLC (SOTA)] Epoch 80/110 | loss_total=3.4808 recon=0.0116 hsic=0.0207 pred=0.2909 distill=0.0000 aux=0.3160
[Full DLC (SOTA)] Epoch 85/110 | loss_total=3.4714 recon=0.0111 hsic=0.0206 pred=0.2899 distill=0.0000 aux=0.3157
[Full DLC (SOTA)] Epoch 90/110 | loss_total=3.4066 recon=0.0111 hsic=0.0206 pred=0.2845 distill=0.0000 aux=0.3094
[Full DLC (SOTA)] Epoch 95/110 | loss_total=3.4077 recon=0.0110 hsic=0.0207 pred=0.2843 distill=0.0000 aux=0.3121
[Full DLC (SOTA)] Epoch 100/110 | loss_total=3.4282 recon=0.0109 hsic=0.0206 pred=0.2863 distill=0.0000 aux=0.3115
[Full DLC (SOTA)] Epoch 105/110 | loss_total=3.3977 recon=0.0108 hsic=0.0206 pred=0.2839 distill=0.0000 aux=0.3116
[Full DLC (SOTA)] Epoch 110/110 | loss_total=3.3904 recon=0.0106 hsic=0.0204 pred=0.2830 distill=0.0000 aux=0.3092

[Seed 46] Loading data...
Training Full DLC (SOTA) from scratch (Seed 46)
[Full DLC (SOTA)] Epoch 5/110 | loss_total=4.2902 recon=0.0591 hsic=0.0210 pred=0.3497 distill=0.0000 aux=0.3631
[Full DLC (SOTA)] Epoch 10/110 | loss_total=4.1387 recon=0.0232 hsic=0.0209 pred=0.3458 distill=0.0000 aux=0.3554
[Full DLC (SOTA)] Epoch 15/110 | loss_total=4.0623 recon=0.0180 hsic=0.0205 pred=0.3422 distill=0.0000 aux=0.3471
[Full DLC (SOTA)] Epoch 20/110 | loss_total=4.0213 recon=0.0172 hsic=0.0203 pred=0.3387 distill=0.0000 aux=0.3436
[Full DLC (SOTA)] Epoch 25/110 | loss_total=3.9309 recon=0.0146 hsic=0.0204 pred=0.3315 distill=0.0000 aux=0.3373
[Full DLC (SOTA)] Epoch 30/110 | loss_total=3.8933 recon=0.0148 hsic=0.0201 pred=0.3278 distill=0.0000 aux=0.3348
[Full DLC (SOTA)] Epoch 35/110 | loss_total=3.8138 recon=0.0143 hsic=0.0199 pred=0.3208 distill=0.0000 aux=0.3316
[Full DLC (SOTA)] Epoch 40/110 | loss_total=3.7963 recon=0.0138 hsic=0.0199 pred=0.3191 distill=0.0000 aux=0.3294
[Full DLC (SOTA)] Epoch 45/110 | loss_total=3.7256 recon=0.0125 hsic=0.0197 pred=0.3134 distill=0.0000 aux=0.3257
[Full DLC (SOTA)] Epoch 50/110 | loss_total=3.6702 recon=0.0122 hsic=0.0196 pred=0.3083 distill=0.0000 aux=0.3242
[Full DLC (SOTA)] Epoch 55/110 | loss_total=3.6439 recon=0.0122 hsic=0.0196 pred=0.3060 distill=0.0000 aux=0.3210
[Full DLC (SOTA)] Epoch 60/110 | loss_total=3.5917 recon=0.0117 hsic=0.0196 pred=0.3014 distill=0.0000 aux=0.3202
[Full DLC (SOTA)] Epoch 65/110 | loss_total=3.5806 recon=0.0110 hsic=0.0195 pred=0.3007 distill=0.0000 aux=0.3194
[Full DLC (SOTA)] Epoch 70/110 | loss_total=3.5433 recon=0.0109 hsic=0.0195 pred=0.2971 distill=0.0000 aux=0.3167
[Full DLC (SOTA)] Epoch 75/110 | loss_total=3.5445 recon=0.0108 hsic=0.0195 pred=0.2970 distill=0.0000 aux=0.3184
[Full DLC (SOTA)] Epoch 80/110 | loss_total=3.5182 recon=0.0107 hsic=0.0196 pred=0.2948 distill=0.0000 aux=0.3150
[Full DLC (SOTA)] Epoch 85/110 | loss_total=3.4656 recon=0.0103 hsic=0.0195 pred=0.2905 distill=0.0000 aux=0.3115
[Full DLC (SOTA)] Epoch 90/110 | loss_total=3.4925 recon=0.0102 hsic=0.0194 pred=0.2927 distill=0.0000 aux=0.3153
[Full DLC (SOTA)] Epoch 95/110 | loss_total=3.4593 recon=0.0102 hsic=0.0195 pred=0.2896 distill=0.0000 aux=0.3122
[Full DLC (SOTA)] Epoch 100/110 | loss_total=3.4379 recon=0.0100 hsic=0.0194 pred=0.2879 distill=0.0000 aux=0.3118
[Full DLC (SOTA)] Epoch 105/110 | loss_total=3.4251 recon=0.0099 hsic=0.0194 pred=0.2870 distill=0.0000 aux=0.3082
[Full DLC (SOTA)] Epoch 110/110 | loss_total=3.4489 recon=0.0099 hsic=0.0195 pred=0.2891 distill=0.0000 aux=0.3120

[Done] Raw metrics: /home/UserData/ljx/Project_1/results/ablation_metrics_rigorous.json
[Done] Report: /home/UserData/ljx/Project_1/reports/task19.5_ablation_study_rigorous.md
 -> {'name': 'r3_fullcate7p0_f1push', 'cfg': {'name': 'r3_fullcate7p0_f1push', 'sota_lambda_pred': 10.5, 'sota_lambda_sens': 5.5, 'sota_lambda_cate': 7.0, 'ablation_lambda_pred': 0.15, 'ablation_lambda_cate': 10.0, 'ablation_lambda_ite': 16.0, 'ablation_lambda_hsic': 0.08, 'wogh_lambda_pred': 0.08, 'wogh_lambda_cate': 16.0, 'wogh_lambda_ite': 22.0, 'wogh_lambda_hsic': 0.1}, 'ok': False, 'score': 17, 'delta_ok': True, 'full': {'AUC': '0.7950 ± 0.0233', 'Acc': '0.6796 ± 0.0238', 'F1': '0.6796 ± 0.0276', 'PEHE': '0.0451 ± 0.0033', 'Delta CATE': '0.1431 ± 0.0148', 'Sensitivity': '0.0047 ± 0.0023'}, 'fails': [{'ablation': 'w/o HGNN', 'metric': 'Delta CATE', 'full': 0.14311619699001313, 'ablation_mean': 0.17690616548061372, 'margin': -0.03378996849060059}]}
NO_HIT
