Script started...

[Seed 42] Loading data...
Training Full DLC (SOTA) from scratch (Seed 42)
[Full DLC (SOTA)] Epoch 5/90 | loss_total=3.2437 recon=0.1330 hsic=0.0208 pred=0.3485 distill=0.0000 aux=0.3451
[Full DLC (SOTA)] Epoch 10/90 | loss_total=3.0504 recon=0.0369 hsic=0.0204 pred=0.3408 distill=0.0000 aux=0.3368
[Full DLC (SOTA)] Epoch 15/90 | loss_total=2.9889 recon=0.0268 hsic=0.0205 pred=0.3355 distill=0.0000 aux=0.3288
[Full DLC (SOTA)] Epoch 20/90 | loss_total=2.9028 recon=0.0234 hsic=0.0206 pred=0.3259 distill=0.0000 aux=0.3226
[Full DLC (SOTA)] Epoch 25/90 | loss_total=2.9003 recon=0.0197 hsic=0.0208 pred=0.3136 distill=0.0000 aux=0.3127
[Full DLC (SOTA)] Epoch 30/90 | loss_total=2.9534 recon=0.0191 hsic=0.0209 pred=0.3076 distill=0.0000 aux=0.3099
[Full DLC (SOTA)] Epoch 35/90 | loss_total=3.0092 recon=0.0183 hsic=0.0211 pred=0.3024 distill=0.0000 aux=0.3061
[Full DLC (SOTA)] Epoch 40/90 | loss_total=3.0282 recon=0.0177 hsic=0.0208 pred=0.2940 distill=0.0000 aux=0.3014
[Full DLC (SOTA)] Epoch 45/90 | loss_total=3.0321 recon=0.0158 hsic=0.0207 pred=0.2850 distill=0.0000 aux=0.2942
[Full DLC (SOTA)] Epoch 50/90 | loss_total=3.0597 recon=0.0154 hsic=0.0207 pred=0.2788 distill=0.0000 aux=0.2892
[Full DLC (SOTA)] Epoch 55/90 | loss_total=2.9937 recon=0.0152 hsic=0.0208 pred=0.2730 distill=0.0000 aux=0.2818
[Full DLC (SOTA)] Epoch 60/90 | loss_total=2.9590 recon=0.0150 hsic=0.0206 pred=0.2696 distill=0.0000 aux=0.2823
[Full DLC (SOTA)] Epoch 65/90 | loss_total=2.9011 recon=0.0141 hsic=0.0207 pred=0.2641 distill=0.0000 aux=0.2795
[Full DLC (SOTA)] Epoch 70/90 | loss_total=2.8892 recon=0.0140 hsic=0.0205 pred=0.2630 distill=0.0000 aux=0.2778
[Full DLC (SOTA)] Epoch 75/90 | loss_total=2.8480 recon=0.0138 hsic=0.0206 pred=0.2591 distill=0.0000 aux=0.2737
[Full DLC (SOTA)] Epoch 80/90 | loss_total=2.8325 recon=0.0136 hsic=0.0205 pred=0.2574 distill=0.0000 aux=0.2715
[Full DLC (SOTA)] Epoch 85/90 | loss_total=2.8181 recon=0.0132 hsic=0.0204 pred=0.2566 distill=0.0000 aux=0.2705
[Full DLC (SOTA)] Epoch 90/90 | loss_total=2.8093 recon=0.0131 hsic=0.0206 pred=0.2555 distill=0.0000 aux=0.2701
[w/o HGNN] Epoch 5/15 | loss_total=1.5726 recon=0.2218 hsic=0.0162 pred=0.3370 distill=0.0000 aux=0.0000
[w/o HGNN] Epoch 10/15 | loss_total=1.3607 recon=0.0632 hsic=0.0193 pred=0.3231 distill=0.0000 aux=0.0000
[w/o HGNN] Epoch 15/15 | loss_total=1.2708 recon=0.0370 hsic=0.0218 pred=0.3062 distill=0.0000 aux=0.0000
[w/o VAE] Epoch 5/15 | loss_total=1.4619 recon=0.0433 hsic=0.0239 pred=0.3481 distill=0.0000 aux=0.0000
[w/o VAE] Epoch 10/15 | loss_total=1.4098 recon=0.0159 hsic=0.0231 pred=0.3450 distill=0.0000 aux=0.0000
[w/o VAE] Epoch 15/15 | loss_total=1.3938 recon=0.0119 hsic=0.0221 pred=0.3432 distill=0.0000 aux=0.0000
[w/o HSIC] Epoch 5/15 | loss_total=1.4734 recon=0.0573 hsic=0.0208 pred=0.3479 distill=0.0000 aux=0.0000
[w/o HSIC] Epoch 10/15 | loss_total=1.4100 recon=0.0173 hsic=0.0205 pred=0.3447 distill=0.0000 aux=0.0000
[w/o HSIC] Epoch 15/15 | loss_total=1.3959 recon=0.0116 hsic=0.0197 pred=0.3439 distill=0.0000 aux=0.0000

[Done] Raw metrics: /home/UserData/ljx/Project_1/results/ablation_metrics_rigorous.json
[Done] Report: /home/UserData/ljx/Project_1/reports/task19.5_ablation_study_rigorous.md
