Script started...

[Seed 42] Loading data...
Training Full DLC (SOTA) from scratch (Seed 42)
[Full DLC (SOTA)] Epoch 5/90 | loss_total=1.6339 recon=0.0419 hsic=0.0210 pred=0.3489
[Full DLC (SOTA)] Epoch 10/90 | loss_total=1.5997 recon=0.0171 hsic=0.0212 pred=0.3478
[Full DLC (SOTA)] Epoch 15/90 | loss_total=1.5703 recon=0.0119 hsic=0.0206 pred=0.3432
[Full DLC (SOTA)] Epoch 20/90 | loss_total=1.5667 recon=0.0109 hsic=0.0201 pred=0.3417
[Full DLC (SOTA)] Epoch 25/90 | loss_total=1.8437 recon=0.0087 hsic=0.0203 pred=0.3360
[Full DLC (SOTA)] Epoch 30/90 | loss_total=2.1359 recon=0.0091 hsic=0.0205 pred=0.3327
[Full DLC (SOTA)] Epoch 35/90 | loss_total=2.4013 recon=0.0091 hsic=0.0204 pred=0.3269
[Full DLC (SOTA)] Epoch 40/90 | loss_total=2.6741 recon=0.0091 hsic=0.0205 pred=0.3237
[Full DLC (SOTA)] Epoch 45/90 | loss_total=2.9127 recon=0.0080 hsic=0.0204 pred=0.3170
[Full DLC (SOTA)] Epoch 50/90 | loss_total=3.1707 recon=0.0079 hsic=0.0204 pred=0.3141
[Full DLC (SOTA)] Epoch 55/90 | loss_total=3.1453 recon=0.0080 hsic=0.0203 pred=0.3113
[Full DLC (SOTA)] Epoch 60/90 | loss_total=3.1046 recon=0.0078 hsic=0.0202 pred=0.3072
[Full DLC (SOTA)] Epoch 65/90 | loss_total=3.0766 recon=0.0073 hsic=0.0202 pred=0.3043
[Full DLC (SOTA)] Epoch 70/90 | loss_total=3.0666 recon=0.0074 hsic=0.0201 pred=0.3032
[Full DLC (SOTA)] Epoch 75/90 | loss_total=3.0455 recon=0.0073 hsic=0.0203 pred=0.3011
[Full DLC (SOTA)] Epoch 80/90 | loss_total=3.0293 recon=0.0071 hsic=0.0201 pred=0.2994
[Full DLC (SOTA)] Epoch 85/90 | loss_total=2.9972 recon=0.0069 hsic=0.0201 pred=0.2961
[Full DLC (SOTA)] Epoch 90/90 | loss_total=2.9947 recon=0.0069 hsic=0.0203 pred=0.2960
[w/o HGNN] Epoch 5/20 | loss_total=0.3989 recon=0.0581 hsic=0.0199 pred=0.3403
[w/o HGNN] Epoch 10/20 | loss_total=0.3497 recon=0.0189 hsic=0.0216 pred=0.3302
[w/o HGNN] Epoch 15/20 | loss_total=0.3303 recon=0.0131 hsic=0.0221 pred=0.3162
[w/o HGNN] Epoch 20/20 | loss_total=0.3091 recon=0.0113 hsic=0.0221 pred=0.2963
[w/o VAE] Epoch 5/80 | loss_total=1.4345 recon=0.0254 hsic=0.0236 pred=0.3462
[w/o VAE] Epoch 10/80 | loss_total=1.4241 recon=0.0115 hsic=0.0232 pred=0.3481
[w/o VAE] Epoch 15/80 | loss_total=1.3872 recon=0.0095 hsic=0.0210 pred=0.3416
[w/o VAE] Epoch 20/80 | loss_total=1.3623 recon=0.0098 hsic=0.0213 pred=0.3364
[w/o VAE] Epoch 25/80 | loss_total=1.3138 recon=0.0079 hsic=0.0219 pred=0.3254
[w/o VAE] Epoch 30/80 | loss_total=1.2962 recon=0.0078 hsic=0.0220 pred=0.3210
[w/o VAE] Epoch 35/80 | loss_total=1.2658 recon=0.0079 hsic=0.0216 pred=0.3134
[w/o VAE] Epoch 40/80 | loss_total=1.2511 recon=0.0079 hsic=0.0217 pred=0.3098
[w/o VAE] Epoch 45/80 | loss_total=1.2247 recon=0.0071 hsic=0.0215 pred=0.3034
[w/o VAE] Epoch 50/80 | loss_total=1.2099 recon=0.0071 hsic=0.0215 pred=0.2998
[w/o VAE] Epoch 55/80 | loss_total=1.1952 recon=0.0070 hsic=0.0215 pred=0.2961
[w/o VAE] Epoch 60/80 | loss_total=1.1814 recon=0.0071 hsic=0.0212 pred=0.2926
[w/o VAE] Epoch 65/80 | loss_total=1.1648 recon=0.0066 hsic=0.0212 pred=0.2885
[w/o VAE] Epoch 70/80 | loss_total=1.1602 recon=0.0067 hsic=0.0212 pred=0.2875
[w/o VAE] Epoch 75/80 | loss_total=1.1466 recon=0.0067 hsic=0.0213 pred=0.2839
[w/o VAE] Epoch 80/80 | loss_total=1.1438 recon=0.0066 hsic=0.0212 pred=0.2831
[w/o HSIC] Epoch 5/80 | loss_total=1.4455 recon=0.0401 hsic=0.0207 pred=0.3456
[w/o HSIC] Epoch 10/80 | loss_total=1.4241 recon=0.0141 hsic=0.0206 pred=0.3478
[w/o HSIC] Epoch 15/80 | loss_total=1.3917 recon=0.0113 hsic=0.0194 pred=0.3427
[w/o HSIC] Epoch 20/80 | loss_total=1.3795 recon=0.0110 hsic=0.0188 pred=0.3405
[w/o HSIC] Epoch 25/80 | loss_total=1.3398 recon=0.0093 hsic=0.0188 pred=0.3315
[w/o HSIC] Epoch 30/80 | loss_total=1.3275 recon=0.0095 hsic=0.0189 pred=0.3282
[w/o HSIC] Epoch 35/80 | loss_total=1.2969 recon=0.0094 hsic=0.0190 pred=0.3207
[w/o HSIC] Epoch 40/80 | loss_total=1.2897 recon=0.0088 hsic=0.0193 pred=0.3189
[w/o HSIC] Epoch 45/80 | loss_total=1.2570 recon=0.0077 hsic=0.0194 pred=0.3111
[w/o HSIC] Epoch 50/80 | loss_total=1.2418 recon=0.0074 hsic=0.0194 pred=0.3076
[w/o HSIC] Epoch 55/80 | loss_total=1.2328 recon=0.0072 hsic=0.0195 pred=0.3053
[w/o HSIC] Epoch 60/80 | loss_total=1.2139 recon=0.0070 hsic=0.0194 pred=0.3007
[w/o HSIC] Epoch 65/80 | loss_total=1.2056 recon=0.0065 hsic=0.0194 pred=0.2987
[w/o HSIC] Epoch 70/80 | loss_total=1.2011 recon=0.0065 hsic=0.0194 pred=0.2974
[w/o HSIC] Epoch 75/80 | loss_total=1.1886 recon=0.0064 hsic=0.0195 pred=0.2941
[w/o HSIC] Epoch 80/80 | loss_total=1.1814 recon=0.0063 hsic=0.0194 pred=0.2923

[Done] Raw metrics: /home/UserData/ljx/Project_1/results/ablation_metrics_rigorous.json
[Done] Report: /home/UserData/ljx/Project_1/reports/task19.5_ablation_study_rigorous.md
