
============================================================
DLC EXP4: Transfer Learning (PANCAN -> LUAD)
============================================================

[Step 1] 加载 LUAD 数据集...

============================================================
加载 LUAD 数据集 (场景: interaction)
============================================================
✓ 找到已生成的 CSV 文件: /home/UserData/ljx/Project_1/data/luad_synthetic_interaction.csv
CSV 数据加载完成:
  - 样本数: 513
  - 特征数: 23
  - 正类比例: 45.03%
  - 特征列: ['Age', 'Gender', 'TP53'] ... ['EGFR', 'Virtual_PM2.5']
LUAD 训练集: 410
LUAD 测试集: 103

[Step 2] 加载 PANCAN 预训练权重...
✅ 权重加载成功！

[Step 3] 开始微调 (Fine-tuning)...
设置微调学习率: 0.0001
训练设备: cuda
训练集大小: 328, 验证集大小: 82

==================================================
阶段 1: VAE Warmup (20 epochs)
==================================================
Epoch 1/20 - Loss: 0.1236, Train HSIC: 0.0011, Val HSIC: 0.0006
Epoch 2/20 - Loss: 0.0733, Train HSIC: 0.0007, Val HSIC: 0.0006
Epoch 3/20 - Loss: 0.0590, Train HSIC: 0.0009, Val HSIC: 0.0004
Epoch 4/20 - Loss: 0.0479, Train HSIC: 0.0004, Val HSIC: 0.0003
Epoch 5/20 - Loss: 0.0445, Train HSIC: 0.0004, Val HSIC: 0.0004
Epoch 6/20 - Loss: 0.0377, Train HSIC: 0.0003, Val HSIC: 0.0003
Epoch 7/20 - Loss: 0.0354, Train HSIC: 0.0003, Val HSIC: 0.0003
Epoch 8/20 - Loss: 0.0328, Train HSIC: 0.0003, Val HSIC: 0.0003
Epoch 9/20 - Loss: 0.0330, Train HSIC: 0.0004, Val HSIC: 0.0003
Epoch 10/20 - Loss: 0.0298, Train HSIC: 0.0003, Val HSIC: 0.0003
Epoch 11/20 - Loss: 0.0263, Train HSIC: 0.0002, Val HSIC: 0.0003
Epoch 12/20 - Loss: 0.0259, Train HSIC: 0.0003, Val HSIC: 0.0003
Epoch 13/20 - Loss: 0.0225, Train HSIC: 0.0002, Val HSIC: 0.0003
Epoch 14/20 - Loss: 0.0228, Train HSIC: 0.0004, Val HSIC: 0.0002
Epoch 15/20 - Loss: 0.0222, Train HSIC: 0.0002, Val HSIC: 0.0002
Epoch 16/20 - Loss: 0.0216, Train HSIC: 0.0003, Val HSIC: 0.0002
Epoch 17/20 - Loss: 0.0187, Train HSIC: 0.0002, Val HSIC: 0.0002
Epoch 18/20 - Loss: 0.0176, Train HSIC: 0.0002, Val HSIC: 0.0002
Epoch 19/20 - Loss: 0.0178, Train HSIC: 0.0001, Val HSIC: 0.0002
Epoch 20/20 - Loss: 0.0161, Train HSIC: 0.0002, Val HSIC: 0.0002

==================================================
阶段 2: Interaction Learning (30 epochs)
==================================================
Epoch 1/30 - Loss: 0.7068, Val AUC: 0.8650
Epoch 2/30 - Loss: 0.5238, Val AUC: 0.8681
Epoch 3/30 - Loss: 0.4846, Val AUC: 0.8656
Epoch 4/30 - Loss: 0.4622, Val AUC: 0.8681
Epoch 5/30 - Loss: 0.4808, Val AUC: 0.8675
Epoch 6/30 - Loss: 0.4437, Val AUC: 0.8681
Epoch 7/30 - Loss: 0.4364, Val AUC: 0.8681
Epoch 8/30 - Loss: 0.4471, Val AUC: 0.8675
Epoch 9/30 - Loss: 0.4574, Val AUC: 0.8675
Epoch 10/30 - Loss: 0.4914, Val AUC: 0.8669
Epoch 11/30 - Loss: 0.4562, Val AUC: 0.8675
Epoch 12/30 - Loss: 0.4567, Val AUC: 0.8694
Epoch 13/30 - Loss: 0.4491, Val AUC: 0.8681
Epoch 14/30 - Loss: 0.4463, Val AUC: 0.8688
Epoch 15/30 - Loss: 0.4529, Val AUC: 0.8688
Epoch 16/30 - Loss: 0.4914, Val AUC: 0.8694
Epoch 17/30 - Loss: 0.4621, Val AUC: 0.8700
Epoch 18/30 - Loss: 0.4556, Val AUC: 0.8688
Epoch 19/30 - Loss: 0.4769, Val AUC: 0.8700
Epoch 20/30 - Loss: 0.4738, Val AUC: 0.8688
Epoch 21/30 - Loss: 0.4367, Val AUC: 0.8688
Epoch 22/30 - Loss: 0.4338, Val AUC: 0.8675
Epoch 23/30 - Loss: 0.4335, Val AUC: 0.8675
Epoch 24/30 - Loss: 0.4373, Val AUC: 0.8688
Epoch 25/30 - Loss: 0.4447, Val AUC: 0.8694
Epoch 26/30 - Loss: 0.4536, Val AUC: 0.8694
Epoch 27/30 - Loss: 0.4525, Val AUC: 0.8694
Epoch 28/30 - Loss: 0.4619, Val AUC: 0.8706
Epoch 29/30 - Loss: 0.4372, Val AUC: 0.8694
Epoch 30/30 - Loss: 0.4251, Val AUC: 0.8706

==================================================
阶段 3: Joint Fine-tuning (50 epochs)
==================================================
Epoch 1/50 - Train Loss: 0.4387, Val Loss: 0.5363, Val AUC: 0.8712
Epoch 2/50 - Train Loss: 0.4400, Val Loss: 0.5402, Val AUC: 0.8719
Epoch 3/50 - Train Loss: 0.4542, Val Loss: 0.5150, Val AUC: 0.8719
Epoch 4/50 - Train Loss: 0.4557, Val Loss: 0.5349, Val AUC: 0.8731
Epoch 5/50 - Train Loss: 0.4730, Val Loss: 0.5440, Val AUC: 0.8731
Epoch 6/50 - Train Loss: 0.4309, Val Loss: 0.5224, Val AUC: 0.8744
Epoch 7/50 - Train Loss: 0.4311, Val Loss: 0.5243, Val AUC: 0.8744
Epoch 8/50 - Train Loss: 0.4313, Val Loss: 0.5468, Val AUC: 0.8737
Epoch 9/50 - Train Loss: 0.4215, Val Loss: 0.5359, Val AUC: 0.8744
Epoch 10/50 - Train Loss: 0.4039, Val Loss: 0.5301, Val AUC: 0.8750
Epoch 11/50 - Train Loss: 0.4218, Val Loss: 0.5320, Val AUC: 0.8750
Epoch 12/50 - Train Loss: 0.4296, Val Loss: 0.5425, Val AUC: 0.8750
Epoch 13/50 - Train Loss: 0.4270, Val Loss: 0.5400, Val AUC: 0.8756

Early stopping triggered at epoch 13

已加载最佳模型 (Val Loss: 0.5150)

[Step 4] 评估微调结果...

📊 Final LUAD AUC: 0.8566
📈 Mean CATE: 0.0560
📈 Std CATE:  0.0503
🎯 Sensitivity (PM2.5): 0.0000

✅ 微调模型已保存至: results/LUAD_Finetuned/dlc_finetuned.pth
