
========================================================================================================================
🏆 DLC Final Battle: The Complete Comparison
========================================================================================================================

🚀 正在启动任务: XGBoost...
   ✅ XGBoost 完成! 耗时: 1.2s | AUC: 0.7914

🚀 正在启动任务: TabR...
   🕵️ [侦探] 在 tabr_baseline.py 中找到了类: TabRBaseline
   -> 正在训练 TabR (Auto-Mode)...
INFO:src.baselines.tabr_baseline:开始训练 TabR 模型...
INFO:src.baselines.tabr_baseline:数据划分：训练集 348 样本，验证集 62 样本
INFO:src.baselines.tabr_baseline:检索池构建完成：348 个样本，k=5

Training TabR:   0%|          | 0/50 [00:00<?, ?it/s]
Training TabR:   0%|          | 0/50 [00:00<?, ?it/s, train_loss=0.5599, val_loss=0.3114]
Training TabR:   2%|▏         | 1/50 [00:00<00:31,  1.57it/s, train_loss=0.5599, val_loss=0.3114]
Training TabR:   2%|▏         | 1/50 [00:00<00:31,  1.57it/s, train_loss=0.5115, val_loss=0.3765]
Training TabR:   4%|▍         | 2/50 [00:00<00:19,  2.51it/s, train_loss=0.5115, val_loss=0.3765]
Training TabR:   4%|▍         | 2/50 [00:01<00:19,  2.51it/s, train_loss=0.4465, val_loss=0.3333]
Training TabR:   6%|▌         | 3/50 [00:01<00:16,  2.92it/s, train_loss=0.4465, val_loss=0.3333]
Training TabR:   6%|▌         | 3/50 [00:01<00:16,  2.92it/s, train_loss=0.3812, val_loss=0.3444]
Training TabR:   8%|▊         | 4/50 [00:01<00:14,  3.19it/s, train_loss=0.3812, val_loss=0.3444]
Training TabR:   8%|▊         | 4/50 [00:01<00:14,  3.19it/s, train_loss=0.3261, val_loss=0.3096]
Training TabR:  10%|█         | 5/50 [00:01<00:12,  3.52it/s, train_loss=0.3261, val_loss=0.3096]
Training TabR:  10%|█         | 5/50 [00:01<00:12,  3.52it/s, train_loss=0.2720, val_loss=0.3988]
Training TabR:  12%|█▏        | 6/50 [00:01<00:11,  3.82it/s, train_loss=0.2720, val_loss=0.3988]
Training TabR:  12%|█▏        | 6/50 [00:02<00:11,  3.82it/s, train_loss=0.2268, val_loss=0.4108]
Training TabR:  14%|█▍        | 7/50 [00:02<00:10,  4.30it/s, train_loss=0.2268, val_loss=0.4108]
Training TabR:  14%|█▍        | 7/50 [00:02<00:10,  4.30it/s, train_loss=0.1776, val_loss=0.4583]
Training TabR:  16%|█▌        | 8/50 [00:02<00:08,  4.74it/s, train_loss=0.1776, val_loss=0.4583]
Training TabR:  16%|█▌        | 8/50 [00:02<00:08,  4.74it/s, train_loss=0.1934, val_loss=0.5757]
Training TabR:  18%|█▊        | 9/50 [00:02<00:08,  4.92it/s, train_loss=0.1934, val_loss=0.5757]
Training TabR:  18%|█▊        | 9/50 [00:02<00:08,  4.92it/s, train_loss=0.1144, val_loss=0.5286]
Training TabR:  20%|██        | 10/50 [00:02<00:08,  4.53it/s, train_loss=0.1144, val_loss=0.5286]
Training TabR:  20%|██        | 10/50 [00:02<00:08,  4.53it/s, train_loss=0.1406, val_loss=0.6681]
Training TabR:  22%|██▏       | 11/50 [00:02<00:08,  4.43it/s, train_loss=0.1406, val_loss=0.6681]
Training TabR:  22%|██▏       | 11/50 [00:03<00:08,  4.43it/s, train_loss=0.1142, val_loss=0.5769]
Training TabR:  24%|██▍       | 12/50 [00:03<00:08,  4.66it/s, train_loss=0.1142, val_loss=0.5769]
Training TabR:  24%|██▍       | 12/50 [00:03<00:08,  4.66it/s, train_loss=0.1110, val_loss=0.6824]
Training TabR:  26%|██▌       | 13/50 [00:03<00:07,  4.93it/s, train_loss=0.1110, val_loss=0.6824]
Training TabR:  26%|██▌       | 13/50 [00:03<00:07,  4.93it/s, train_loss=0.0688, val_loss=0.6478]
Training TabR:  28%|██▊       | 14/50 [00:03<00:07,  5.02it/s, train_loss=0.0688, val_loss=0.6478]
Training TabR:  28%|██▊       | 14/50 [00:03<00:07,  5.02it/s, train_loss=0.0413, val_loss=0.5878]INFO:src.baselines.tabr_baseline:Early Stopping 触发，在 Epoch 15 停止训练

Training TabR:  28%|██▊       | 14/50 [00:03<00:09,  3.88it/s, train_loss=0.0413, val_loss=0.5878]
INFO:src.baselines.tabr_baseline:TabR 模型训练完成
   ✅ TabR 完成! 耗时: 5.1s | AUC: 0.7422

🚀 正在启动任务: TransTEE...
   🕵️ [侦探] 在 transtee_baseline.py 中找到了类: TransTEEBaseline
   -> 正在训练 TransTEE (Auto-Mode)...
   -> 检测到因果推断模型,创建虚拟治疗变量...

Training TransTEE:   0%|          | 0/100 [00:00<?, ?it/s]
Training TransTEE:   0%|          | 0/100 [00:00<?, ?it/s, train_loss=0.1804, val_loss=0.0075]
Training TransTEE:   1%|          | 1/100 [00:00<00:13,  7.45it/s, train_loss=0.1804, val_loss=0.0075]
Training TransTEE:   1%|          | 1/100 [00:00<00:13,  7.45it/s, train_loss=0.0283, val_loss=0.0046]
Training TransTEE:   1%|          | 1/100 [00:00<00:13,  7.45it/s, train_loss=0.0167, val_loss=0.0010]
Training TransTEE:   3%|▎         | 3/100 [00:00<00:08, 11.98it/s, train_loss=0.0167, val_loss=0.0010]
Training TransTEE:   3%|▎         | 3/100 [00:00<00:08, 11.98it/s, train_loss=0.0133, val_loss=0.0009]
Training TransTEE:   3%|▎         | 3/100 [00:00<00:08, 11.98it/s, train_loss=0.0099, val_loss=0.0030]
Training TransTEE:   5%|▌         | 5/100 [00:00<00:08, 11.35it/s, train_loss=0.0099, val_loss=0.0030]
Training TransTEE:   5%|▌         | 5/100 [00:00<00:08, 11.35it/s, train_loss=0.0089, val_loss=0.0021]
Training TransTEE:   5%|▌         | 5/100 [00:00<00:08, 11.35it/s, train_loss=0.0063, val_loss=0.0009]
Training TransTEE:   7%|▋         | 7/100 [00:00<00:08, 10.46it/s, train_loss=0.0063, val_loss=0.0009]
Training TransTEE:   7%|▋         | 7/100 [00:00<00:08, 10.46it/s, train_loss=0.0063, val_loss=0.0006]
Training TransTEE:   7%|▋         | 7/100 [00:00<00:08, 10.46it/s, train_loss=0.0064, val_loss=0.0010]
Training TransTEE:   9%|▉         | 9/100 [00:00<00:09,  9.65it/s, train_loss=0.0064, val_loss=0.0010]
Training TransTEE:   9%|▉         | 9/100 [00:01<00:09,  9.65it/s, train_loss=0.0055, val_loss=0.0002]
Training TransTEE:  10%|█         | 10/100 [00:01<00:09,  9.34it/s, train_loss=0.0055, val_loss=0.0002]
Training TransTEE:  10%|█         | 10/100 [00:01<00:09,  9.34it/s, train_loss=0.0042, val_loss=0.0004]
Training TransTEE:  11%|█         | 11/100 [00:01<00:09,  9.09it/s, train_loss=0.0042, val_loss=0.0004]
Training TransTEE:  11%|█         | 11/100 [00:01<00:09,  9.09it/s, train_loss=0.0051, val_loss=0.0007]
Training TransTEE:  12%|█▏        | 12/100 [00:01<00:09,  9.00it/s, train_loss=0.0051, val_loss=0.0007]
Training TransTEE:  12%|█▏        | 12/100 [00:01<00:09,  9.00it/s, train_loss=0.0045, val_loss=0.0005]
Training TransTEE:  13%|█▎        | 13/100 [00:01<00:09,  8.99it/s, train_loss=0.0045, val_loss=0.0005]
Training TransTEE:  13%|█▎        | 13/100 [00:01<00:09,  8.99it/s, train_loss=0.0052, val_loss=0.0023]
Training TransTEE:  14%|█▍        | 14/100 [00:01<00:09,  8.97it/s, train_loss=0.0052, val_loss=0.0023]
Training TransTEE:  14%|█▍        | 14/100 [00:01<00:09,  8.97it/s, train_loss=0.0051, val_loss=0.0002]
Training TransTEE:  15%|█▌        | 15/100 [00:01<00:09,  8.94it/s, train_loss=0.0051, val_loss=0.0002]
Training TransTEE:  15%|█▌        | 15/100 [00:01<00:09,  8.94it/s, train_loss=0.0037, val_loss=0.0002]
Training TransTEE:  16%|█▌        | 16/100 [00:01<00:09,  8.94it/s, train_loss=0.0037, val_loss=0.0002]
Training TransTEE:  16%|█▌        | 16/100 [00:01<00:09,  8.94it/s, train_loss=0.0038, val_loss=0.0002]
Training TransTEE:  17%|█▋        | 17/100 [00:01<00:09,  8.95it/s, train_loss=0.0038, val_loss=0.0002]
Training TransTEE:  17%|█▋        | 17/100 [00:01<00:09,  8.95it/s, train_loss=0.0047, val_loss=0.0019]
Training TransTEE:  18%|█▊        | 18/100 [00:01<00:09,  8.81it/s, train_loss=0.0047, val_loss=0.0019]
Training TransTEE:  18%|█▊        | 18/100 [00:02<00:09,  8.81it/s, train_loss=0.0041, val_loss=0.0002]
Training TransTEE:  19%|█▉        | 19/100 [00:02<00:09,  8.85it/s, train_loss=0.0041, val_loss=0.0002]
Training TransTEE:  19%|█▉        | 19/100 [00:02<00:09,  8.85it/s, train_loss=0.0043, val_loss=0.0002]
Training TransTEE:  20%|██        | 20/100 [00:02<00:09,  8.88it/s, train_loss=0.0043, val_loss=0.0002]
Training TransTEE:  20%|██        | 20/100 [00:02<00:09,  8.88it/s, train_loss=0.0035, val_loss=0.0007]
Training TransTEE:  21%|██        | 21/100 [00:02<00:08,  8.84it/s, train_loss=0.0035, val_loss=0.0007]
Training TransTEE:  21%|██        | 21/100 [00:02<00:08,  8.84it/s, train_loss=0.0033, val_loss=0.0002]
Training TransTEE:  22%|██▏       | 22/100 [00:02<00:08,  8.74it/s, train_loss=0.0033, val_loss=0.0002]
Training TransTEE:  22%|██▏       | 22/100 [00:02<00:08,  8.74it/s, train_loss=0.0038, val_loss=0.0003]
Training TransTEE:  23%|██▎       | 23/100 [00:02<00:08,  8.84it/s, train_loss=0.0038, val_loss=0.0003]
Training TransTEE:  23%|██▎       | 23/100 [00:02<00:08,  8.84it/s, train_loss=0.0035, val_loss=0.0007]
Training TransTEE:  24%|██▍       | 24/100 [00:02<00:08,  9.05it/s, train_loss=0.0035, val_loss=0.0007]
Training TransTEE:  24%|██▍       | 24/100 [00:02<00:08,  9.05it/s, train_loss=0.0051, val_loss=0.0019]
[TransTEE] Early stopping at epoch 25

Training TransTEE:  24%|██▍       | 24/100 [00:02<00:08,  8.83it/s, train_loss=0.0051, val_loss=0.0019]
   ✅ TransTEE 完成! 耗时: 2.8s | AUC: 0.5019

🚀 正在启动任务: MOGONET...
   🕵️ [侦探] 在 mogonet_baseline.py 中找到了类: MOGONETBaseline
   -> 正在为 MOGONET 准备多视图数据...
   -> 正在训练 MOGONET (Multi-View Mode)...

[MOGONET] 开始训练...
[MOGONET] 配置: hidden_dim=128, n_gcn_layers=3, k_neighbors=10, scaler=robust
[MOGONET] 正在标准化特征...
[MOGONET] 视图 1: (410, 7) -> 标准化完成
[MOGONET] 视图 2: (410, 8) -> 标准化完成
[MOGONET] 视图 3: (410, 8) -> 标准化完成
[MOGONET] 正在构建 k-NN 图 (k=10)...
[MOGONET] 构建视图 1 的图结构...
[MOGONET] 视图 1: 3480 条边
[MOGONET] 构建视图 2 的图结构...
[MOGONET] 视图 2: 3480 条边
[MOGONET] 构建视图 3 的图结构...
[MOGONET] 视图 3: 3480 条边
[MOGONET] 正在为验证集构建图结构...
[MOGONET] 开始训练循环 (epochs=100)...

Training MOGONET:   0%|          | 0/100 [00:00<?, ?it/s]
Training MOGONET:   0%|          | 0/100 [00:00<?, ?it/s, train_loss=0.6921]
Training MOGONET:   1%|          | 1/100 [00:00<00:18,  5.25it/s, train_loss=0.6921]
Training MOGONET:   1%|          | 1/100 [00:00<00:18,  5.25it/s, train_loss=0.6871]
Training MOGONET:   1%|          | 1/100 [00:00<00:18,  5.25it/s, train_loss=0.6835]
Training MOGONET:   1%|          | 1/100 [00:00<00:18,  5.25it/s, train_loss=0.6784]
Training MOGONET:   1%|          | 1/100 [00:00<00:18,  5.25it/s, train_loss=0.6712]
Training MOGONET:   1%|          | 1/100 [00:00<00:18,  5.25it/s, train_loss=0.6712, val_loss=0.6601, val_acc=0.7903]
Training MOGONET:   1%|          | 1/100 [00:00<00:18,  5.25it/s, train_loss=0.6621]                                 
Training MOGONET:   6%|▌         | 6/100 [00:00<00:04, 23.48it/s, train_loss=0.6621]
Training MOGONET:   6%|▌         | 6/100 [00:00<00:04, 23.48it/s, train_loss=0.6529]
Training MOGONET:   6%|▌         | 6/100 [00:00<00:04, 23.48it/s, train_loss=0.6419]
Training MOGONET:   6%|▌         | 6/100 [00:00<00:04, 23.48it/s, train_loss=0.6244]
Training MOGONET:   6%|▌         | 6/100 [00:00<00:04, 23.48it/s, train_loss=0.6095]
Training MOGONET:   6%|▌         | 6/100 [00:00<00:04, 23.48it/s, train_loss=0.6095, val_loss=0.5727, val_acc=0.8871]
Training MOGONET:   6%|▌         | 6/100 [00:00<00:04, 23.48it/s, train_loss=0.5860]                                 
Training MOGONET:   6%|▌         | 6/100 [00:00<00:04, 23.48it/s, train_loss=0.5771]
Training MOGONET:  12%|█▏        | 12/100 [00:00<00:02, 36.02it/s, train_loss=0.5771]
Training MOGONET:  12%|█▏        | 12/100 [00:00<00:02, 36.02it/s, train_loss=0.5488]
Training MOGONET:  12%|█▏        | 12/100 [00:00<00:02, 36.02it/s, train_loss=0.5349]
Training MOGONET:  12%|█▏        | 12/100 [00:00<00:02, 36.02it/s, train_loss=0.5190]
Training MOGONET:  12%|█▏        | 12/100 [00:00<00:02, 36.02it/s, train_loss=0.5190, val_loss=0.4089, val_acc=0.8548]
Training MOGONET:  12%|█▏        | 12/100 [00:00<00:02, 36.02it/s, train_loss=0.5186]                                 
Training MOGONET:  12%|█▏        | 12/100 [00:00<00:02, 36.02it/s, train_loss=0.5232]
Training MOGONET:  12%|█▏        | 12/100 [00:00<00:02, 36.02it/s, train_loss=0.5096]
Training MOGONET:  18%|█▊        | 18/100 [00:00<00:01, 42.96it/s, train_loss=0.5096]
Training MOGONET:  18%|█▊        | 18/100 [00:00<00:01, 42.96it/s, train_loss=0.4837]
Training MOGONET:  18%|█▊        | 18/100 [00:00<00:01, 42.96it/s, train_loss=0.4763]
Training MOGONET:  18%|█▊        | 18/100 [00:00<00:01, 42.96it/s, train_loss=0.4763, val_loss=0.3503, val_acc=0.8710]
Training MOGONET:  18%|█▊        | 18/100 [00:00<00:01, 42.96it/s, train_loss=0.4745]                                 
Training MOGONET:  18%|█▊        | 18/100 [00:00<00:01, 42.96it/s, train_loss=0.4654]
Training MOGONET:  18%|█▊        | 18/100 [00:00<00:01, 42.96it/s, train_loss=0.4520]
Training MOGONET:  18%|█▊        | 18/100 [00:00<00:01, 42.96it/s, train_loss=0.4587]
Training MOGONET:  24%|██▍       | 24/100 [00:00<00:01, 46.94it/s, train_loss=0.4587]
Training MOGONET:  24%|██▍       | 24/100 [00:00<00:01, 46.94it/s, train_loss=0.4588]
Training MOGONET:  24%|██▍       | 24/100 [00:00<00:01, 46.94it/s, train_loss=0.4588, val_loss=0.3805, val_acc=0.8387]
Training MOGONET:  24%|██▍       | 24/100 [00:00<00:01, 46.94it/s, train_loss=0.4511]                                 
Training MOGONET:  24%|██▍       | 24/100 [00:00<00:01, 46.94it/s, train_loss=0.4634]
Training MOGONET:  24%|██▍       | 24/100 [00:00<00:01, 46.94it/s, train_loss=0.4506]
Training MOGONET:  24%|██▍       | 24/100 [00:00<00:01, 46.94it/s, train_loss=0.4489]
Training MOGONET:  29%|██▉       | 29/100 [00:00<00:01, 47.19it/s, train_loss=0.4489]
Training MOGONET:  29%|██▉       | 29/100 [00:00<00:01, 47.19it/s, train_loss=0.4474]
Training MOGONET:  29%|██▉       | 29/100 [00:00<00:01, 47.19it/s, train_loss=0.4474, val_loss=0.3646, val_acc=0.8387]
Training MOGONET:  29%|██▉       | 29/100 [00:00<00:01, 47.19it/s, train_loss=0.4510]                                 
Training MOGONET:  29%|██▉       | 29/100 [00:00<00:01, 47.19it/s, train_loss=0.4442]
Training MOGONET:  29%|██▉       | 29/100 [00:00<00:01, 47.19it/s, train_loss=0.4329]
Training MOGONET:  29%|██▉       | 29/100 [00:00<00:01, 47.19it/s, train_loss=0.4378]
Training MOGONET:  34%|███▍      | 34/100 [00:00<00:01, 46.72it/s, train_loss=0.4378]
Training MOGONET:  34%|███▍      | 34/100 [00:00<00:01, 46.72it/s, train_loss=0.4376]
Training MOGONET:  34%|███▍      | 34/100 [00:00<00:01, 46.72it/s, train_loss=0.4376, val_loss=0.3592, val_acc=0.8387]
Training MOGONET:  34%|███▍      | 34/100 [00:00<00:01, 46.72it/s, train_loss=0.4494]                                 
Training MOGONET:  34%|███▍      | 34/100 [00:00<00:01, 46.72it/s, train_loss=0.4482]
Training MOGONET:  34%|███▍      | 34/100 [00:00<00:01, 46.72it/s, train_loss=0.4366]
Training MOGONET:  34%|███▍      | 34/100 [00:00<00:01, 46.72it/s, train_loss=0.4347]
Training MOGONET:  39%|███▉      | 39/100 [00:00<00:01, 46.06it/s, train_loss=0.4347]
Training MOGONET:  39%|███▉      | 39/100 [00:00<00:01, 46.06it/s, train_loss=0.4327]
Training MOGONET:  39%|███▉      | 39/100 [00:00<00:01, 46.06it/s, train_loss=0.4327, val_loss=0.3800, val_acc=0.8065]
Training MOGONET:  39%|███▉      | 39/100 [00:01<00:01, 46.06it/s, train_loss=0.4316]                                 
Training MOGONET:  39%|███▉      | 39/100 [00:01<00:01, 46.06it/s, train_loss=0.4225]
Training MOGONET:  39%|███▉      | 39/100 [00:01<00:01, 46.06it/s, train_loss=0.4287]
Training MOGONET:  39%|███▉      | 39/100 [00:01<00:01, 46.06it/s, train_loss=0.4183]
Training MOGONET:  44%|████▍     | 44/100 [00:01<00:01, 45.22it/s, train_loss=0.4183]
Training MOGONET:  44%|████▍     | 44/100 [00:01<00:01, 45.22it/s, train_loss=0.4205]
Training MOGONET:  44%|████▍     | 44/100 [00:01<00:01, 45.22it/s, train_loss=0.4205, val_loss=0.3769, val_acc=0.8065]
Training MOGONET:  44%|████▍     | 44/100 [00:01<00:01, 45.22it/s, train_loss=0.4143]                                 
Training MOGONET:  44%|████▍     | 44/100 [00:01<00:01, 45.22it/s, train_loss=0.4259]
Training MOGONET:  44%|████▍     | 44/100 [00:01<00:01, 45.22it/s, train_loss=0.4078]
Training MOGONET:  44%|████▍     | 44/100 [00:01<00:01, 45.22it/s, train_loss=0.4106]
Training MOGONET:  49%|████▉     | 49/100 [00:01<00:01, 44.66it/s, train_loss=0.4106]
Training MOGONET:  49%|████▉     | 49/100 [00:01<00:01, 44.66it/s, train_loss=0.4246]
Training MOGONET:  49%|████▉     | 49/100 [00:01<00:01, 44.66it/s, train_loss=0.4246, val_loss=0.3546, val_acc=0.8226]
Training MOGONET:  49%|████▉     | 49/100 [00:01<00:01, 44.66it/s, train_loss=0.4167]                                 
Training MOGONET:  49%|████▉     | 49/100 [00:01<00:01, 44.66it/s, train_loss=0.3949]
Training MOGONET:  49%|████▉     | 49/100 [00:01<00:01, 44.66it/s, train_loss=0.4062]
Training MOGONET:  49%|████▉     | 49/100 [00:01<00:01, 44.66it/s, train_loss=0.4016]
Training MOGONET:  54%|█████▍    | 54/100 [00:01<00:01, 44.16it/s, train_loss=0.4016]
Training MOGONET:  54%|█████▍    | 54/100 [00:01<00:01, 44.16it/s, train_loss=0.4045]
Training MOGONET:  54%|█████▍    | 54/100 [00:01<00:01, 44.16it/s, train_loss=0.4045, val_loss=0.3479, val_acc=0.8710]
Training MOGONET:  54%|█████▍    | 54/100 [00:01<00:01, 44.16it/s, train_loss=0.4031]                                 
Training MOGONET:  54%|█████▍    | 54/100 [00:01<00:01, 44.16it/s, train_loss=0.4087]
Training MOGONET:  54%|█████▍    | 54/100 [00:01<00:01, 44.16it/s, train_loss=0.4020]
Training MOGONET:  54%|█████▍    | 54/100 [00:01<00:01, 44.16it/s, train_loss=0.4084]
Training MOGONET:  59%|█████▉    | 59/100 [00:01<00:00, 42.84it/s, train_loss=0.4084]
Training MOGONET:  59%|█████▉    | 59/100 [00:01<00:00, 42.84it/s, train_loss=0.3976]
Training MOGONET:  59%|█████▉    | 59/100 [00:01<00:00, 42.84it/s, train_loss=0.3976, val_loss=0.3558, val_acc=0.8710]
Training MOGONET:  59%|█████▉    | 59/100 [00:01<00:00, 42.84it/s, train_loss=0.3922]                                 
Training MOGONET:  59%|█████▉    | 59/100 [00:01<00:00, 42.84it/s, train_loss=0.4018]
Training MOGONET:  59%|█████▉    | 59/100 [00:01<00:00, 42.84it/s, train_loss=0.3999]
Training MOGONET:  59%|█████▉    | 59/100 [00:01<00:00, 42.84it/s, train_loss=0.3976]
Training MOGONET:  64%|██████▍   | 64/100 [00:01<00:00, 40.65it/s, train_loss=0.3976]
Training MOGONET:  64%|██████▍   | 64/100 [00:01<00:00, 40.65it/s, train_loss=0.3896]
Training MOGONET:  64%|██████▍   | 64/100 [00:01<00:00, 40.65it/s, train_loss=0.3896, val_loss=0.3608, val_acc=0.8226]
Training MOGONET:  64%|██████▍   | 64/100 [00:01<00:00, 40.65it/s, train_loss=0.3838]                                 
Training MOGONET:  64%|██████▍   | 64/100 [00:01<00:00, 40.65it/s, train_loss=0.3971]
Training MOGONET:  64%|██████▍   | 64/100 [00:01<00:00, 40.65it/s, train_loss=0.3875]
Training MOGONET:  64%|██████▍   | 64/100 [00:01<00:00, 40.65it/s, train_loss=0.3830]
Training MOGONET:  69%|██████▉   | 69/100 [00:01<00:00, 39.23it/s, train_loss=0.3830]
Training MOGONET:  69%|██████▉   | 69/100 [00:01<00:00, 39.23it/s, train_loss=0.3742]
Training MOGONET:  69%|██████▉   | 69/100 [00:01<00:00, 39.23it/s, train_loss=0.3742, val_loss=0.3638, val_acc=0.8226]
Training MOGONET:  69%|██████▉   | 69/100 [00:01<00:00, 39.23it/s, train_loss=0.3742]                                 
Training MOGONET:  69%|██████▉   | 69/100 [00:01<00:00, 39.23it/s, train_loss=0.3791]
Training MOGONET:  69%|██████▉   | 69/100 [00:01<00:00, 39.23it/s, train_loss=0.3911]
Training MOGONET:  73%|███████▎  | 73/100 [00:01<00:00, 38.28it/s, train_loss=0.3911]
Training MOGONET:  73%|███████▎  | 73/100 [00:01<00:00, 38.28it/s, train_loss=0.3760]
Training MOGONET:  73%|███████▎  | 73/100 [00:01<00:00, 38.28it/s, train_loss=0.3745]
Training MOGONET:  73%|███████▎  | 73/100 [00:01<00:00, 38.28it/s, train_loss=0.3745, val_loss=0.3811, val_acc=0.8548]
Training MOGONET:  73%|███████▎  | 73/100 [00:01<00:00, 38.28it/s, train_loss=0.3829]                                 
Training MOGONET:  73%|███████▎  | 73/100 [00:01<00:00, 38.28it/s, train_loss=0.3707]
Training MOGONET:  73%|███████▎  | 73/100 [00:01<00:00, 38.28it/s, train_loss=0.3668]
Training MOGONET:  78%|███████▊  | 78/100 [00:01<00:00, 40.36it/s, train_loss=0.3668]
Training MOGONET:  78%|███████▊  | 78/100 [00:01<00:00, 40.36it/s, train_loss=0.3763]
Training MOGONET:  78%|███████▊  | 78/100 [00:01<00:00, 40.36it/s, train_loss=0.3891]
Training MOGONET:  78%|███████▊  | 78/100 [00:01<00:00, 40.36it/s, train_loss=0.3891, val_loss=0.3914, val_acc=0.8226]
Training MOGONET:  78%|███████▊  | 78/100 [00:01<00:00, 40.36it/s, train_loss=0.3625]                                 
Training MOGONET:  78%|███████▊  | 78/100 [00:02<00:00, 40.36it/s, train_loss=0.3818]
Training MOGONET:  78%|███████▊  | 78/100 [00:02<00:00, 40.36it/s, train_loss=0.3633]
Training MOGONET:  83%|████████▎ | 83/100 [00:02<00:00, 41.35it/s, train_loss=0.3633]
Training MOGONET:  83%|████████▎ | 83/100 [00:02<00:00, 41.35it/s, train_loss=0.3577]
Training MOGONET:  83%|████████▎ | 83/100 [00:02<00:00, 41.35it/s, train_loss=0.3551]
Training MOGONET:  83%|████████▎ | 83/100 [00:02<00:00, 41.35it/s, train_loss=0.3551, val_loss=0.3963, val_acc=0.8226]
Training MOGONET:  83%|████████▎ | 83/100 [00:02<00:00, 41.35it/s, train_loss=0.3545]                                 
Training MOGONET:  83%|████████▎ | 83/100 [00:02<00:00, 41.35it/s, train_loss=0.3538]
Training MOGONET:  83%|████████▎ | 83/100 [00:02<00:00, 41.35it/s, train_loss=0.3448]
Training MOGONET:  88%|████████▊ | 88/100 [00:02<00:00, 41.74it/s, train_loss=0.3448]
Training MOGONET:  88%|████████▊ | 88/100 [00:02<00:00, 41.74it/s, train_loss=0.3524]
Training MOGONET:  88%|████████▊ | 88/100 [00:02<00:00, 41.74it/s, train_loss=0.3516]
Training MOGONET:  88%|████████▊ | 88/100 [00:02<00:00, 41.74it/s, train_loss=0.3516, val_loss=0.4170, val_acc=0.8226]
Training MOGONET:  88%|████████▊ | 88/100 [00:02<00:00, 41.74it/s, train_loss=0.3372]                                 
Training MOGONET:  88%|████████▊ | 88/100 [00:02<00:00, 41.74it/s, train_loss=0.3423]
Training MOGONET:  88%|████████▊ | 88/100 [00:02<00:00, 41.74it/s, train_loss=0.3452]
Training MOGONET:  93%|█████████▎| 93/100 [00:02<00:00, 41.78it/s, train_loss=0.3452]
Training MOGONET:  93%|█████████▎| 93/100 [00:02<00:00, 41.78it/s, train_loss=0.3452]
Training MOGONET:  93%|█████████▎| 93/100 [00:02<00:00, 41.78it/s, train_loss=0.3494]
Training MOGONET:  93%|█████████▎| 93/100 [00:02<00:00, 41.78it/s, train_loss=0.3494, val_loss=0.4247, val_acc=0.8226]
Training MOGONET:  93%|█████████▎| 93/100 [00:02<00:00, 41.78it/s, train_loss=0.3379]                                 
Training MOGONET:  93%|█████████▎| 93/100 [00:02<00:00, 41.78it/s, train_loss=0.3351]
Training MOGONET:  93%|█████████▎| 93/100 [00:02<00:00, 41.78it/s, train_loss=0.3466]
Training MOGONET:  98%|█████████▊| 98/100 [00:02<00:00, 41.78it/s, train_loss=0.3466]
Training MOGONET:  98%|█████████▊| 98/100 [00:02<00:00, 41.78it/s, train_loss=0.3369]
Training MOGONET:  98%|█████████▊| 98/100 [00:02<00:00, 41.78it/s, train_loss=0.3425]
Training MOGONET:  98%|█████████▊| 98/100 [00:02<00:00, 41.78it/s, train_loss=0.3425, val_loss=0.4369, val_acc=0.8387]
Training MOGONET: 100%|██████████| 100/100 [00:02<00:00, 40.90it/s, train_loss=0.3425, val_loss=0.4369, val_acc=0.8387]
[MOGONET] 训练完成，已加载最佳模型
[MOGONET] 正在预测 103 个样本...
[MOGONET] 正在构建测试集图结构...
[MOGONET] 预测完成
[MOGONET] 正在预测 103 个样本...
[MOGONET] 正在构建测试集图结构...
[MOGONET] 预测完成
[MOGONET] 正在预测 103 个样本...
[MOGONET] 正在构建测试集图结构...
[MOGONET] 预测完成
[MOGONET] 正在预测 103 个样本...
[MOGONET] 正在构建测试集图结构...
[MOGONET] 预测完成
[MOGONET] 正在预测 103 个样本...
[MOGONET] 正在构建测试集图结构...
[MOGONET] 预测完成
   ✅ MOGONET 完成! 耗时: 3.0s | AUC: 0.7677

🚀 正在启动任务: HyperFast...
   🕵️ [侦探] 在 hyperfast_baseline.py 中找到了类: HyperFastBaseline
   -> 正在训练 HyperFast (Auto-Mode)...
[HyperFast] 自动计算类别权重: [0.91099476 1.10828025]
[HyperFast] 类别分布: [191 157]

Training HyperFast:   0%|          | 0/50 [00:00<?, ?it/s]
Training HyperFast:   0%|          | 0/50 [00:00<?, ?it/s, train_loss=31381.6714, val_loss=143.9036]
Training HyperFast:   0%|          | 0/50 [00:00<?, ?it/s, train_loss=74.6962, val_loss=0.9837]     
Training HyperFast:   4%|▍         | 2/50 [00:00<00:03, 13.69it/s, train_loss=74.6962, val_loss=0.9837]
Training HyperFast:   4%|▍         | 2/50 [00:00<00:03, 13.69it/s, train_loss=4.5056, val_loss=1.5411] 
Training HyperFast:   4%|▍         | 2/50 [00:00<00:03, 13.69it/s, train_loss=2.9094, val_loss=0.7442]
Training HyperFast:   8%|▊         | 4/50 [00:00<00:03, 12.38it/s, train_loss=2.9094, val_loss=0.7442]
Training HyperFast:   8%|▊         | 4/50 [00:00<00:03, 12.38it/s, train_loss=0.9958, val_loss=0.5965]
Training HyperFast:   8%|▊         | 4/50 [00:00<00:03, 12.38it/s, train_loss=2.3556, val_loss=0.6737]
Training HyperFast:  12%|█▏        | 6/50 [00:00<00:03, 11.37it/s, train_loss=2.3556, val_loss=0.6737]
Training HyperFast:  12%|█▏        | 6/50 [00:00<00:03, 11.37it/s, train_loss=2.3984, val_loss=0.9561]
Training HyperFast:  12%|█▏        | 6/50 [00:00<00:03, 11.37it/s, train_loss=0.8869, val_loss=0.6679]
Training HyperFast:  16%|█▌        | 8/50 [00:00<00:03, 10.70it/s, train_loss=0.8869, val_loss=0.6679]
Training HyperFast:  16%|█▌        | 8/50 [00:00<00:03, 10.70it/s, train_loss=1.0373, val_loss=0.7661]
Training HyperFast:  16%|█▌        | 8/50 [00:00<00:03, 10.70it/s, train_loss=1.2042, val_loss=0.6969]
Training HyperFast:  20%|██        | 10/50 [00:00<00:03, 10.26it/s, train_loss=1.2042, val_loss=0.6969]
Training HyperFast:  20%|██        | 10/50 [00:01<00:03, 10.26it/s, train_loss=0.8624, val_loss=0.7205]
Training HyperFast:  20%|██        | 10/50 [00:01<00:03, 10.26it/s, train_loss=1.1310, val_loss=0.6581]
Training HyperFast:  24%|██▍       | 12/50 [00:01<00:03, 10.04it/s, train_loss=1.1310, val_loss=0.6581]
Training HyperFast:  24%|██▍       | 12/50 [00:01<00:03, 10.04it/s, train_loss=0.8255, val_loss=0.7015]
Training HyperFast:  24%|██▍       | 12/50 [00:01<00:03, 10.04it/s, train_loss=3.0795, val_loss=0.6817]
Training HyperFast:  28%|██▊       | 14/50 [00:01<00:03,  9.92it/s, train_loss=3.0795, val_loss=0.6817]
Training HyperFast:  28%|██▊       | 14/50 [00:01<00:03,  9.92it/s, train_loss=0.9717, val_loss=0.6687]
[HyperFast] Early stopping at epoch 15

Training HyperFast:  28%|██▊       | 14/50 [00:01<00:03,  9.70it/s, train_loss=0.9717, val_loss=0.6687]
   ✅ HyperFast 完成! 耗时: 1.5s | AUC: 0.5109

🚀 正在启动任务: EXP2 (Scratch)...
   -> [EXP2] 正在构建超图，请耐心等待 1-2 分钟...
   ✅ EXP2 (Scratch) 完成! 耗时: 226.3s | AUC: 0.6718

🚀 正在启动任务: EXP4 (Transfer)...
   ✅ EXP4 (Transfer) 完成! 耗时: 141.3s | AUC: 0.4773

========================================================================================================================
Model                | AUC      | Delta CATE   | PEHE     | Sens(Age)  | Status
------------------------------------------------------------------------------------------------------------------------
XGBoost              | 0.7914   | 0.0112       | 0.1112   | 0.0488     | 
MOGONET              | 0.7677   | 0.0840       | 0.1722   | 0.0248     | 
TabR                 | 0.7422   | 0.0857       | 0.2717   | 0.0485     | 
EXP2 (Scratch)       | 0.6718   | 0.0005       | 0.0180   | 0.0000     | 
HyperFast            | 0.5109   | 0.0000       | 0.0183   | 0.0000     | 
TransTEE             | 0.5019   | -0.0006       | 0.0192   | 0.0005     | 
EXP4 (Transfer)      | 0.4773   | 0.0000       | 0.0183   | 0.0000     | 👑 OURS
------------------------------------------------------------------------------------------------------------------------
